<!DOCTYPE html>
<html lang="en">
  <head>
    <meta charset="UTF-8" />
    <link rel="shortcut icon" href="data:image/png;base64,iVBORw0KGgoAAAANSUhEUgAAADAAAAAwCAYAAABXAvmHAAAABHNCSVQICAgIfAhkiAAAAAlwSFlzAAAC1QAAAtUBwMJvJQAAABl0RVh0U29mdHdhcmUAd3d3Lmlua3NjYXBlLm9yZ5vuPBoAAAf5SURBVGiB7Zp7UFT3Fcc/v3vv8kaQgA8CEmtE8ZEYiVETjS+UkUcm09FM0rE2iRPttOOjY60WbLwNQoI6I9HONNo2rbZpxmo7RkBH8Z34qJpEx2cdoxHREZ8gu+yyu9xf/4BddoFdFlzTOu33r7vnd37nnO+9v9c5vxUEGfp4PcwWpb1pSDFTQBqAhPNCig3h9fYN+n7dFkx/IpjGFucsz0WKEuB7PlSqEOQXl+X9GYQMhs+gEPhFdkGaQFkNZAbkVHJAKur84rIlpx7W90MR+FmmHhdqClkmpfwpoLrkIWEhjJs2iuEThgLw1b7THNhyFLvN7tndEEJ+oihiUdG2/OquxtAlArPT15niet15S0IhEO82JmDIS2lkz5pEbEI3rz5198xU/PVzju88iZReo6dGwAcWI7pk7Y55DY+cwJLsggwDZbWAIZ7ypP69yZ09mZS0JL/9r1+6ybb1u7h6rqp100VDioUrt+eVdSaegAksyinor0i1EOR0T3m3uCgyfjCWEZnDECIwc1LCmUPn2f7xXu7fqm0d0m4U54Li0nfPBmKrQ4/6dD3KZjX9XEqWAKEuuaqpjMoazpQfjiM0PCSgwFvD0eDgwN+PcmDLERx2p1eTEOK3Ns2+rGSrXtMlArquK9YTphlIVgA9PdvSXuhP7uzJxPWK7VLgrVF7p46dG/fz9b7TeE8P7iF473J4/99s3vxaY3t92yWwKLtorIJcAwzzlPdIjifnnQxSh/ta5h8Ol89UUra+ghuX2yxKJw3EvJXleZ+3bmhDYHF20bsglwGKSxYRHc6kN8YwOud5FMX/qLOabVRfvY3R6lUqQtAzJYHwqDC//aWUfL3vLNs/3oO5xuLZZEjQV5TnF/gksDiraA5CfuT6rWoK6RnPkjlzHJHdIvw6djnf8cd91NdZ222PiA5n6lsTAprsVouN/ZuPcOizYzgdLaNHwJwPyvPXtyGg5+oRVsNUBXQHSElLYtr8bBKSnujQmQt2m51t6yr86rwyZzIhYYFP+ttVd9lcUkblhesuUU2jIyRp1a5FFvAYJjap5bqCj03oxqyC1zsV/KNCQtITzCp4g5h498YYq5kaslw/3ASkVAa4ngePHtCpt/SoERoewuDRqe7fBmKg61lpUTOiXU9hEaH8tyE8smXyC6T7cyjtaj9GCCoB1aShqL5NKqqCatKC6ZKgWlNVhRFTnuXquSoMQ3Lr2h2gaQNUFEHKoCRUPwS7guC+DiA5NZHk1EQMQ/KPtdsBGPPqCx1ugF3FYz8HuvwFzLX1OBocPtul0XKUqLlVi/DzBUJCTUTGdLzTt4cuEThRcYpv2yYkPrF306EOdfoOTiY945lOx9JpAubaer49V4WiKv4PZhIsD+oBms5RfqaA1WzjytlrDBzxdKe/RKcJOJoT86jYSKbMeNmnnuckzvzReL+TeNdfDvLgbh12m73TBP53JrGUEqvZhtXcVFgzGg0stfVoIVqblNJqseG0txyBm/RUr+MAwP1bNVhqrdQ/sNJgtXPz6m1sVjs9+8SjKIG924AIOB1O9m46zIO7dW6ZucbCjj/tA2DQqFQGjewPwOHSE20yqp0b9wPwZL9ejM5JB+DTFVs5dfCcl97pL84DEBkTwcKPfkxEtP/kBwIcQvdv1XoF3xquEomjwdleOujG9W9uupP3iycu+9Sz1NZz8ctLgYQWGAHPNb3d9ub0UUojAFtNOkYHuk5nuzl8Gzz2k/j/BP7TaCEgFXeNr3VVoaMlzbVJBbL0uXT85Q0Amua9QJpr6z2t3Hc/uR6EYrhrkacPXfAi0b1XLPGJcT6D7zfsqSanIRpPDU5ut2wihKDv4GS0kKbAnhk7yOcBL65nDGnNyzI0HUnOHvlXi4JsidVtYe7UNaERqrkSKXsA9OgTz7R52fQZ+KS7n9PubFOw0jS1zdtsdDbS2Oi9yqiqgqqpXjK7zYHV4n3jpGmq13Gi8sJ1tnxY7k6OgOrwCEcffbNu9yIAsCR7+XSJ+JubXXO9P+vtiXTvEcN3iQf3zOxue58gpRCvrSjL2+KOsXXH5urch3hUok2hJl7MfZ5Jr7/0yMstDruTw9uOs3fTIRqsXjc6DQgxt7gs73eewnYHYV524ZBGKAEmecpj4qPJnDmB5yYMIcCrgE7h/LFLlK7bxb3qNhX1PSosKCrPP9O6wW8YzbeOq4F+nvLkAYm8MnsKyQMSHzpogBuXqyldX8GVM5Vecim5JhSWFpflb/TVt8P3ODt9nal77zs/QfIe4C4oCSF4bsIQst6eSFRsZJcCr6+zsufTLzhSdgLD+7hiEYJVYWbHBx3dKwc8EPIyC3s7NXQBs2h1I/ny90cyfvqLaCbVj4UWNDoNjm7/kopPDmKzeN3rSRBbNM1YWPjZ0muB2OrCJd/76RKjBBjjKY9PjCNz5jiGjknz2//SySuUrt9NdeVt7wbJcUUR898vyzvSmXi6PBUX5yzPFVKslZDiKX96WF9y38mgZ0qCl/6d6/co/8Nuzh9rc0y+IeDXYSMcv9d1vePjbCs81Fqi5+oRNsM0V8JSIMolVzWFkVOHM3zi0OYblzP8c8dXNDq94rNKWIOqFa7Ytth3stEBgvNXg6nFSYrqKJJSzAjEphCyzCnkvFWlv7rysL6Dupr/MqtopKHIEiSjfKicNBSxYGVp3oFg+Qz6dqTrulJ/PORVIeWbCAYBIDknkBu+iUzd6uu6tKv4N+243iwIA9v6AAAAAElFTkSuQmCC" />
    <meta name="viewport" content="width=device-width, initial-scale=1.0" />
    <title>Postgres EXPLAIN Visualizer 2 (pev2)</title>
    <script type="module" crossorigin>(function(){const e=document.createElement("link").relList;if(e&&e.supports&&e.supports("modulepreload"))return;for(const i of document.querySelectorAll('link[rel="modulepreload"]'))r(i);new MutationObserver(i=>{for(const o of i)if(o.type==="childList")for(const l of o.addedNodes)l.tagName==="LINK"&&l.rel==="modulepreload"&&r(l)}).observe(document,{childList:!0,subtree:!0});function n(i){const o={};return i.integrity&&(o.integrity=i.integrity),i.referrerPolicy&&(o.referrerPolicy=i.referrerPolicy),i.crossOrigin==="use-credentials"?o.credentials="include":i.crossOrigin==="anonymous"?o.credentials="omit":o.credentials="same-origin",o}function r(i){if(i.ep)return;i.ep=!0;const o=n(i);fetch(i.href,o)}})();/**
* @vue/shared v3.5.13
* (c) 2018-present Yuxi (Evan) You and Vue contributors
* @license MIT
**//*! #__NO_SIDE_EFFECTS__ */function L0(t){const e=Object.create(null);for(const n of t.split(","))e[n]=1;return n=>n in e}const qe={},aa=[],Ai=()=>{},Xx=()=>!1,Td=t=>t.charCodeAt(0)===111&&t.charCodeAt(1)===110&&(t.charCodeAt(2)>122||t.charCodeAt(2)<97),O0=t=>t.startsWith("onUpdate:"),Wn=Object.assign,y0=(t,e)=>{const n=t.indexOf(e);n>-1&&t.splice(n,1)},Yx=Object.prototype.hasOwnProperty,Fe=(t,e)=>Yx.call(t,e),pe=Array.isArray,la=t=>vd(t)==="[object Map]",XT=t=>vd(t)==="[object Set]",_e=t=>typeof t=="function",En=t=>typeof t=="string",ns=t=>typeof t=="symbol",an=t=>t!==null&&typeof t=="object",YT=t=>(an(t)||_e(t))&&_e(t.then)&&_e(t.catch),qT=Object.prototype.toString,vd=t=>qT.call(t),qx=t=>vd(t).slice(8,-1),jT=t=>vd(t)==="[object Object]",N0=t=>En(t)&&t!=="NaN"&&t[0]!=="-"&&""+parseInt(t,10)===t,bl=L0(",key,ref,ref_for,ref_key,onVnodeBeforeMount,onVnodeMounted,onVnodeBeforeUpdate,onVnodeUpdated,onVnodeBeforeUnmount,onVnodeUnmounted"),Sd=t=>{const e=Object.create(null);return n=>e[n]||(e[n]=t(n))},jx=/-(\w)/g,Hr=Sd(t=>t.replace(jx,(e,n)=>n?n.toUpperCase():"")),Jx=/\B([A-Z])/g,Oo=Sd(t=>t.replace(Jx,"-$1").toLowerCase()),Ad=Sd(t=>t.charAt(0).toUpperCase()+t.slice(1)),vp=Sd(t=>t?`on${Ad(t)}`:""),As=(t,e)=>!Object.is(t,e),Nu=(t,...e)=>{for(let n=0;n<t.length;n++)t[n](...e)},JT=(t,e,n,r=!1)=>{Object.defineProperty(t,e,{configurable:!0,enumerable:!1,writable:r,value:n})},Eh=t=>{const e=parseFloat(t);return isNaN(e)?t:e};let KE;const Rd=()=>KE||(KE=typeof globalThis<"u"?globalThis:typeof self<"u"?self:typeof window<"u"?window:typeof global<"u"?global:{});function Qe(t){if(pe(t)){const e={};for(let n=0;n<t.length;n++){const r=t[n],i=En(r)?ew(r):Qe(r);if(i)for(const o in i)e[o]=i[o]}return e}else if(En(t)||an(t))return t}const Qx=/;(?![^(]*\))/g,Zx=/:([^]+)/,tw=/\/\*[^]*?\*\//g;function ew(t){const e={};return t.replace(tw,"").split(Qx).forEach(n=>{if(n){const r=n.split(Zx);r.length>1&&(e[r[0].trim()]=r[1].trim())}}),e}function Pt(t){let e="";if(En(t))e=t;else if(pe(t))for(let n=0;n<t.length;n++){const r=Pt(t[n]);r&&(e+=r+" ")}else if(an(t))for(const n in t)t[n]&&(e+=n+" ");return e.trim()}const nw="itemscope,allowfullscreen,formnovalidate,ismap,nomodule,novalidate,readonly",rw=L0(nw);function QT(t){return!!t||t===""}const ZT=t=>!!(t&&t.__v_isRef===!0),vt=t=>En(t)?t:t==null?"":pe(t)||an(t)&&(t.toString===qT||!_e(t.toString))?ZT(t)?vt(t.value):JSON.stringify(t,tv,2):String(t),tv=(t,e)=>ZT(e)?tv(t,e.value):la(e)?{[`Map(${e.size})`]:[...e.entries()].reduce((n,[r,i],o)=>(n[Sp(r,o)+" =>"]=i,n),{})}:XT(e)?{[`Set(${e.size})`]:[...e.values()].map(n=>Sp(n))}:ns(e)?Sp(e):an(e)&&!pe(e)&&!jT(e)?String(e):e,Sp=(t,e="")=>{var n;return ns(t)?`Symbol(${(n=t.description)!=null?n:e})`:t};/**
* @vue/reactivity v3.5.13
* (c) 2018-present Yuxi (Evan) You and Vue contributors
* @license MIT
**/let gr;class iw{constructor(e=!1){this.detached=e,this._active=!0,this.effects=[],this.cleanups=[],this._isPaused=!1,this.parent=gr,!e&&gr&&(this.index=(gr.scopes||(gr.scopes=[])).push(this)-1)}get active(){return this._active}pause(){if(this._active){this._isPaused=!0;let e,n;if(this.scopes)for(e=0,n=this.scopes.length;e<n;e++)this.scopes[e].pause();for(e=0,n=this.effects.length;e<n;e++)this.effects[e].pause()}}resume(){if(this._active&&this._isPaused){this._isPaused=!1;let e,n;if(this.scopes)for(e=0,n=this.scopes.length;e<n;e++)this.scopes[e].resume();for(e=0,n=this.effects.length;e<n;e++)this.effects[e].resume()}}run(e){if(this._active){const n=gr;try{return gr=this,e()}finally{gr=n}}}on(){gr=this}off(){gr=this.parent}stop(e){if(this._active){this._active=!1;let n,r;for(n=0,r=this.effects.length;n<r;n++)this.effects[n].stop();for(this.effects.length=0,n=0,r=this.cleanups.length;n<r;n++)this.cleanups[n]();if(this.cleanups.length=0,this.scopes){for(n=0,r=this.scopes.length;n<r;n++)this.scopes[n].stop(!0);this.scopes.length=0}if(!this.detached&&this.parent&&!e){const i=this.parent.scopes.pop();i&&i!==this&&(this.parent.scopes[this.index]=i,i.index=this.index)}this.parent=void 0}}}function sw(){return gr}let Ze;const Ap=new WeakSet;class ev{constructor(e){this.fn=e,this.deps=void 0,this.depsTail=void 0,this.flags=5,this.next=void 0,this.cleanup=void 0,this.scheduler=void 0,gr&&gr.active&&gr.effects.push(this)}pause(){this.flags|=64}resume(){this.flags&64&&(this.flags&=-65,Ap.has(this)&&(Ap.delete(this),this.trigger()))}notify(){this.flags&2&&!(this.flags&32)||this.flags&8||rv(this)}run(){if(!(this.flags&1))return this.fn();this.flags|=2,XE(this),iv(this);const e=Ze,n=ni;Ze=this,ni=!0;try{return this.fn()}finally{sv(this),Ze=e,ni=n,this.flags&=-3}}stop(){if(this.flags&1){for(let e=this.deps;e;e=e.nextDep)w0(e);this.deps=this.depsTail=void 0,XE(this),this.onStop&&this.onStop(),this.flags&=-2}}trigger(){this.flags&64?Ap.add(this):this.scheduler?this.scheduler():this.runIfDirty()}runIfDirty(){gh(this)&&this.run()}get dirty(){return gh(this)}}let nv=0,Ll,Ol;function rv(t,e=!1){if(t.flags|=8,e){t.next=Ol,Ol=t;return}t.next=Ll,Ll=t}function C0(){nv++}function x0(){if(--nv>0)return;if(Ol){let e=Ol;for(Ol=void 0;e;){const n=e.next;e.next=void 0,e.flags&=-9,e=n}}let t;for(;Ll;){let e=Ll;for(Ll=void 0;e;){const n=e.next;if(e.next=void 0,e.flags&=-9,e.flags&1)try{e.trigger()}catch(r){t||(t=r)}e=n}}if(t)throw t}function iv(t){for(let e=t.deps;e;e=e.nextDep)e.version=-1,e.prevActiveLink=e.dep.activeLink,e.dep.activeLink=e}function sv(t){let e,n=t.depsTail,r=n;for(;r;){const i=r.prevDep;r.version===-1?(r===n&&(n=i),w0(r),ow(r)):e=r,r.dep.activeLink=r.prevActiveLink,r.prevActiveLink=void 0,r=i}t.deps=e,t.depsTail=n}function gh(t){for(let e=t.deps;e;e=e.nextDep)if(e.dep.version!==e.version||e.dep.computed&&(ov(e.dep.computed)||e.dep.version!==e.version))return!0;return!!t._dirty}function ov(t){if(t.flags&4&&!(t.flags&16)||(t.flags&=-17,t.globalVersion===Pl))return;t.globalVersion=Pl;const e=t.dep;if(t.flags|=2,e.version>0&&!t.isSSR&&t.deps&&!gh(t)){t.flags&=-3;return}const n=Ze,r=ni;Ze=t,ni=!0;try{iv(t);const i=t.fn(t._value);(e.version===0||As(i,t._value))&&(t._value=i,e.version++)}catch(i){throw e.version++,i}finally{Ze=n,ni=r,sv(t),t.flags&=-3}}function w0(t,e=!1){const{dep:n,prevSub:r,nextSub:i}=t;if(r&&(r.nextSub=i,t.prevSub=void 0),i&&(i.prevSub=r,t.nextSub=void 0),n.subs===t&&(n.subs=r,!r&&n.computed)){n.computed.flags&=-5;for(let o=n.computed.deps;o;o=o.nextDep)w0(o,!0)}!e&&!--n.sc&&n.map&&n.map.delete(n.key)}function ow(t){const{prevDep:e,nextDep:n}=t;e&&(e.nextDep=n,t.prevDep=void 0),n&&(n.prevDep=e,t.nextDep=void 0)}let ni=!0;const av=[];function ws(){av.push(ni),ni=!1}function Is(){const t=av.pop();ni=t===void 0?!0:t}function XE(t){const{cleanup:e}=t;if(t.cleanup=void 0,e){const n=Ze;Ze=void 0;try{e()}finally{Ze=n}}}let Pl=0;class aw{constructor(e,n){this.sub=e,this.dep=n,this.version=n.version,this.nextDep=this.prevDep=this.nextSub=this.prevSub=this.prevActiveLink=void 0}}class I0{constructor(e){this.computed=e,this.version=0,this.activeLink=void 0,this.subs=void 0,this.map=void 0,this.key=void 0,this.sc=0}track(e){if(!Ze||!ni||Ze===this.computed)return;let n=this.activeLink;if(n===void 0||n.sub!==Ze)n=this.activeLink=new aw(Ze,this),Ze.deps?(n.prevDep=Ze.depsTail,Ze.depsTail.nextDep=n,Ze.depsTail=n):Ze.deps=Ze.depsTail=n,lv(n);else if(n.version===-1&&(n.version=this.version,n.nextDep)){const r=n.nextDep;r.prevDep=n.prevDep,n.prevDep&&(n.prevDep.nextDep=r),n.prevDep=Ze.depsTail,n.nextDep=void 0,Ze.depsTail.nextDep=n,Ze.depsTail=n,Ze.deps===n&&(Ze.deps=r)}return n}trigger(e){this.version++,Pl++,this.notify(e)}notify(e){C0();try{for(let n=this.subs;n;n=n.prevSub)n.sub.notify()&&n.sub.dep.notify()}finally{x0()}}}function lv(t){if(t.dep.sc++,t.sub.flags&4){const e=t.dep.computed;if(e&&!t.dep.subs){e.flags|=20;for(let r=e.deps;r;r=r.nextDep)lv(r)}const n=t.dep.subs;n!==t&&(t.prevSub=n,n&&(n.nextSub=t)),t.dep.subs=t}}const Th=new WeakMap,po=Symbol(""),vh=Symbol(""),Dl=Symbol("");function Dn(t,e,n){if(ni&&Ze){let r=Th.get(t);r||Th.set(t,r=new Map);let i=r.get(n);i||(r.set(n,i=new I0),i.map=r,i.key=n),i.track()}}function Gi(t,e,n,r,i,o){const l=Th.get(t);if(!l){Pl++;return}const c=u=>{u&&u.trigger()};if(C0(),e==="clear")l.forEach(c);else{const u=pe(t),p=u&&N0(n);if(u&&n==="length"){const f=Number(r);l.forEach((E,A)=>{(A==="length"||A===Dl||!ns(A)&&A>=f)&&c(E)})}else switch((n!==void 0||l.has(void 0))&&c(l.get(n)),p&&c(l.get(Dl)),e){case"add":u?p&&c(l.get("length")):(c(l.get(po)),la(t)&&c(l.get(vh)));break;case"delete":u||(c(l.get(po)),la(t)&&c(l.get(vh)));break;case"set":la(t)&&c(l.get(po));break}}x0()}function qo(t){const e=$e(t);return e===t?e:(Dn(e,"iterate",Dl),Pr(t)?e:e.map(Mn))}function bd(t){return Dn(t=$e(t),"iterate",Dl),t}const lw={__proto__:null,[Symbol.iterator](){return Rp(this,Symbol.iterator,Mn)},concat(...t){return qo(this).concat(...t.map(e=>pe(e)?qo(e):e))},entries(){return Rp(this,"entries",t=>(t[1]=Mn(t[1]),t))},every(t,e){return Fi(this,"every",t,e,void 0,arguments)},filter(t,e){return Fi(this,"filter",t,e,n=>n.map(Mn),arguments)},find(t,e){return Fi(this,"find",t,e,Mn,arguments)},findIndex(t,e){return Fi(this,"findIndex",t,e,void 0,arguments)},findLast(t,e){return Fi(this,"findLast",t,e,Mn,arguments)},findLastIndex(t,e){return Fi(this,"findLastIndex",t,e,void 0,arguments)},forEach(t,e){return Fi(this,"forEach",t,e,void 0,arguments)},includes(...t){return bp(this,"includes",t)},indexOf(...t){return bp(this,"indexOf",t)},join(t){return qo(this).join(t)},lastIndexOf(...t){return bp(this,"lastIndexOf",t)},map(t,e){return Fi(this,"map",t,e,void 0,arguments)},pop(){return ul(this,"pop")},push(...t){return ul(this,"push",t)},reduce(t,...e){return YE(this,"reduce",t,e)},reduceRight(t,...e){return YE(this,"reduceRight",t,e)},shift(){return ul(this,"shift")},some(t,e){return Fi(this,"some",t,e,void 0,arguments)},splice(...t){return ul(this,"splice",t)},toReversed(){return qo(this).toReversed()},toSorted(t){return qo(this).toSorted(t)},toSpliced(...t){return qo(this).toSpliced(...t)},unshift(...t){return ul(this,"unshift",t)},values(){return Rp(this,"values",Mn)}};function Rp(t,e,n){const r=bd(t),i=r[e]();return r!==t&&!Pr(t)&&(i._next=i.next,i.next=()=>{const o=i._next();return o.value&&(o.value=n(o.value)),o}),i}const cw=Array.prototype;function Fi(t,e,n,r,i,o){const l=bd(t),c=l!==t&&!Pr(t),u=l[e];if(u!==cw[e]){const E=u.apply(t,o);return c?Mn(E):E}let p=n;l!==t&&(c?p=function(E,A){return n.call(this,Mn(E),A,t)}:n.length>2&&(p=function(E,A){return n.call(this,E,A,t)}));const f=u.call(l,p,r);return c&&i?i(f):f}function YE(t,e,n,r){const i=bd(t);let o=n;return i!==t&&(Pr(t)?n.length>3&&(o=function(l,c,u){return n.call(this,l,c,u,t)}):o=function(l,c,u){return n.call(this,l,Mn(c),u,t)}),i[e](o,...r)}function bp(t,e,n){const r=$e(t);Dn(r,"iterate",Dl);const i=r[e](...n);return(i===-1||i===!1)&&P0(n[0])?(n[0]=$e(n[0]),r[e](...n)):i}function ul(t,e,n=[]){ws(),C0();const r=$e(t)[e].apply(t,n);return x0(),Is(),r}const uw=L0("__proto__,__v_isRef,__isVue"),cv=new Set(Object.getOwnPropertyNames(Symbol).filter(t=>t!=="arguments"&&t!=="caller").map(t=>Symbol[t]).filter(ns));function dw(t){ns(t)||(t=String(t));const e=$e(this);return Dn(e,"has",t),e.hasOwnProperty(t)}class uv{constructor(e=!1,n=!1){this._isReadonly=e,this._isShallow=n}get(e,n,r){if(n==="__v_skip")return e.__v_skip;const i=this._isReadonly,o=this._isShallow;if(n==="__v_isReactive")return!i;if(n==="__v_isReadonly")return i;if(n==="__v_isShallow")return o;if(n==="__v_raw")return r===(i?o?Sw:hv:o?pv:fv).get(e)||Object.getPrototypeOf(e)===Object.getPrototypeOf(r)?e:void 0;const l=pe(e);if(!i){let u;if(l&&(u=lw[n]))return u;if(n==="hasOwnProperty")return dw}const c=Reflect.get(e,n,on(e)?e:r);return(ns(n)?cv.has(n):uw(n))||(i||Dn(e,"get",n),o)?c:on(c)?l&&N0(n)?c:c.value:an(c)?i?mv(c):lr(c):c}}class dv extends uv{constructor(e=!1){super(!1,e)}set(e,n,r,i){let o=e[n];if(!this._isShallow){const u=go(o);if(!Pr(r)&&!go(r)&&(o=$e(o),r=$e(r)),!pe(e)&&on(o)&&!on(r))return u?!1:(o.value=r,!0)}const l=pe(e)&&N0(n)?Number(n)<e.length:Fe(e,n),c=Reflect.set(e,n,r,on(e)?e:i);return e===$e(i)&&(l?As(r,o)&&Gi(e,"set",n,r):Gi(e,"add",n,r)),c}deleteProperty(e,n){const r=Fe(e,n);e[n];const i=Reflect.deleteProperty(e,n);return i&&r&&Gi(e,"delete",n,void 0),i}has(e,n){const r=Reflect.has(e,n);return(!ns(n)||!cv.has(n))&&Dn(e,"has",n),r}ownKeys(e){return Dn(e,"iterate",pe(e)?"length":po),Reflect.ownKeys(e)}}class fw extends uv{constructor(e=!1){super(!0,e)}set(e,n){return!0}deleteProperty(e,n){return!0}}const pw=new dv,hw=new fw,mw=new dv(!0);const Sh=t=>t,iu=t=>Reflect.getPrototypeOf(t);function _w(t,e,n){return function(...r){const i=this.__v_raw,o=$e(i),l=la(o),c=t==="entries"||t===Symbol.iterator&&l,u=t==="keys"&&l,p=i[t](...r),f=n?Sh:e?Ah:Mn;return!e&&Dn(o,"iterate",u?vh:po),{next(){const{value:E,done:A}=p.next();return A?{value:E,done:A}:{value:c?[f(E[0]),f(E[1])]:f(E),done:A}},[Symbol.iterator](){return this}}}}function su(t){return function(...e){return t==="delete"?!1:t==="clear"?void 0:this}}function Ew(t,e){const n={get(i){const o=this.__v_raw,l=$e(o),c=$e(i);t||(As(i,c)&&Dn(l,"get",i),Dn(l,"get",c));const{has:u}=iu(l),p=e?Sh:t?Ah:Mn;if(u.call(l,i))return p(o.get(i));if(u.call(l,c))return p(o.get(c));o!==l&&o.get(i)},get size(){const i=this.__v_raw;return!t&&Dn($e(i),"iterate",po),Reflect.get(i,"size",i)},has(i){const o=this.__v_raw,l=$e(o),c=$e(i);return t||(As(i,c)&&Dn(l,"has",i),Dn(l,"has",c)),i===c?o.has(i):o.has(i)||o.has(c)},forEach(i,o){const l=this,c=l.__v_raw,u=$e(c),p=e?Sh:t?Ah:Mn;return!t&&Dn(u,"iterate",po),c.forEach((f,E)=>i.call(o,p(f),p(E),l))}};return Wn(n,t?{add:su("add"),set:su("set"),delete:su("delete"),clear:su("clear")}:{add(i){!e&&!Pr(i)&&!go(i)&&(i=$e(i));const o=$e(this);return iu(o).has.call(o,i)||(o.add(i),Gi(o,"add",i,i)),this},set(i,o){!e&&!Pr(o)&&!go(o)&&(o=$e(o));const l=$e(this),{has:c,get:u}=iu(l);let p=c.call(l,i);p||(i=$e(i),p=c.call(l,i));const f=u.call(l,i);return l.set(i,o),p?As(o,f)&&Gi(l,"set",i,o):Gi(l,"add",i,o),this},delete(i){const o=$e(this),{has:l,get:c}=iu(o);let u=l.call(o,i);u||(i=$e(i),u=l.call(o,i)),c&&c.call(o,i);const p=o.delete(i);return u&&Gi(o,"delete",i,void 0),p},clear(){const i=$e(this),o=i.size!==0,l=i.clear();return o&&Gi(i,"clear",void 0,void 0),l}}),["keys","values","entries",Symbol.iterator].forEach(i=>{n[i]=_w(i,t,e)}),n}function k0(t,e){const n=Ew(t,e);return(r,i,o)=>i==="__v_isReactive"?!t:i==="__v_isReadonly"?t:i==="__v_raw"?r:Reflect.get(Fe(n,i)&&i in r?n:r,i,o)}const gw={get:k0(!1,!1)},Tw={get:k0(!1,!0)},vw={get:k0(!0,!1)};const fv=new WeakMap,pv=new WeakMap,hv=new WeakMap,Sw=new WeakMap;function Aw(t){switch(t){case"Object":case"Array":return 1;case"Map":case"Set":case"WeakMap":case"WeakSet":return 2;default:return 0}}function Rw(t){return t.__v_skip||!Object.isExtensible(t)?0:Aw(qx(t))}function lr(t){return go(t)?t:B0(t,!1,pw,gw,fv)}function bw(t){return B0(t,!1,mw,Tw,pv)}function mv(t){return B0(t,!0,hw,vw,hv)}function B0(t,e,n,r,i){if(!an(t)||t.__v_raw&&!(e&&t.__v_isReactive))return t;const o=i.get(t);if(o)return o;const l=Rw(t);if(l===0)return t;const c=new Proxy(t,l===2?r:n);return i.set(t,c),c}function Rs(t){return go(t)?Rs(t.__v_raw):!!(t&&t.__v_isReactive)}function go(t){return!!(t&&t.__v_isReadonly)}function Pr(t){return!!(t&&t.__v_isShallow)}function P0(t){return t?!!t.__v_raw:!1}function $e(t){const e=t&&t.__v_raw;return e?$e(e):t}function Lw(t){return!Fe(t,"__v_skip")&&Object.isExtensible(t)&&JT(t,"__v_skip",!0),t}const Mn=t=>an(t)?lr(t):t,Ah=t=>an(t)?mv(t):t;function on(t){return t?t.__v_isRef===!0:!1}function se(t){return _v(t,!1)}function Ow(t){return _v(t,!0)}function _v(t,e){return on(t)?t:new yw(t,e)}class yw{constructor(e,n){this.dep=new I0,this.__v_isRef=!0,this.__v_isShallow=!1,this._rawValue=n?e:$e(e),this._value=n?e:Mn(e),this.__v_isShallow=n}get value(){return this.dep.track(),this._value}set value(e){const n=this._rawValue,r=this.__v_isShallow||Pr(e)||go(e);e=r?e:$e(e),As(e,n)&&(this._rawValue=e,this._value=r?e:Mn(e),this.dep.trigger())}}function h(t){return on(t)?t.value:t}const Nw={get:(t,e,n)=>e==="__v_raw"?t:h(Reflect.get(t,e,n)),set:(t,e,n,r)=>{const i=t[e];return on(i)&&!on(n)?(i.value=n,!0):Reflect.set(t,e,n,r)}};function Ev(t){return Rs(t)?t:new Proxy(t,Nw)}class Cw{constructor(e,n,r){this.fn=e,this.setter=n,this._value=void 0,this.dep=new I0(this),this.__v_isRef=!0,this.deps=void 0,this.depsTail=void 0,this.flags=16,this.globalVersion=Pl-1,this.next=void 0,this.effect=this,this.__v_isReadonly=!n,this.isSSR=r}notify(){if(this.flags|=16,!(this.flags&8)&&Ze!==this)return rv(this,!0),!0}get value(){const e=this.dep.track();return ov(this),e&&(e.version=this.dep.version),this._value}set value(e){this.setter&&this.setter(e)}}function xw(t,e,n=!1){let r,i;return _e(t)?r=t:(r=t.get,i=t.set),new Cw(r,i,n)}const ou={},Gu=new WeakMap;let no;function ww(t,e=!1,n=no){if(n){let r=Gu.get(n);r||Gu.set(n,r=[]),r.push(t)}}function Iw(t,e,n=qe){const{immediate:r,deep:i,once:o,scheduler:l,augmentJob:c,call:u}=n,p=g=>i?g:Pr(g)||i===!1||i===0?Ki(g,1):Ki(g);let f,E,A,y,B=!1,R=!1;if(on(t)?(E=()=>t.value,B=Pr(t)):Rs(t)?(E=()=>p(t),B=!0):pe(t)?(R=!0,B=t.some(g=>Rs(g)||Pr(g)),E=()=>t.map(g=>{if(on(g))return g.value;if(Rs(g))return p(g);if(_e(g))return u?u(g,2):g()})):_e(t)?e?E=u?()=>u(t,2):t:E=()=>{if(A){ws();try{A()}finally{Is()}}const g=no;no=f;try{return u?u(t,3,[y]):t(y)}finally{no=g}}:E=Ai,e&&i){const g=E,$=i===!0?1/0:i;E=()=>Ki(g(),$)}const M=sw(),O=()=>{f.stop(),M&&M.active&&y0(M.effects,f)};if(o&&e){const g=e;e=(...$)=>{g(...$),O()}}let L=R?new Array(t.length).fill(ou):ou;const G=g=>{if(!(!(f.flags&1)||!f.dirty&&!g))if(e){const $=f.run();if(i||B||(R?$.some((I,P)=>As(I,L[P])):As($,L))){A&&A();const I=no;no=f;try{const P=[$,L===ou?void 0:R&&L[0]===ou?[]:L,y];u?u(e,3,P):e(...P),L=$}finally{no=I}}}else f.run()};return c&&c(G),f=new ev(E),f.scheduler=l?()=>l(G,!1):G,y=g=>ww(g,!1,f),A=f.onStop=()=>{const g=Gu.get(f);if(g){if(u)u(g,4);else for(const $ of g)$();Gu.delete(f)}},e?r?G(!0):L=f.run():l?l(G.bind(null,!0),!0):f.run(),O.pause=f.pause.bind(f),O.resume=f.resume.bind(f),O.stop=O,O}function Ki(t,e=1/0,n){if(e<=0||!an(t)||t.__v_skip||(n=n||new Set,n.has(t)))return t;if(n.add(t),e--,on(t))Ki(t.value,e,n);else if(pe(t))for(let r=0;r<t.length;r++)Ki(t[r],e,n);else if(XT(t)||la(t))t.forEach(r=>{Ki(r,e,n)});else if(jT(t)){for(const r in t)Ki(t[r],e,n);for(const r of Object.getOwnPropertySymbols(t))Object.prototype.propertyIsEnumerable.call(t,r)&&Ki(t[r],e,n)}return t}/**
* @vue/runtime-core v3.5.13
* (c) 2018-present Yuxi (Evan) You and Vue contributors
* @license MIT
**/function Jl(t,e,n,r){try{return r?t(...r):t()}catch(i){Ld(i,e,n)}}function Ni(t,e,n,r){if(_e(t)){const i=Jl(t,e,n,r);return i&&YT(i)&&i.catch(o=>{Ld(o,e,n)}),i}if(pe(t)){const i=[];for(let o=0;o<t.length;o++)i.push(Ni(t[o],e,n,r));return i}}function Ld(t,e,n,r=!0){const i=e?e.vnode:null,{errorHandler:o,throwUnhandledErrorInProduction:l}=e&&e.appContext.config||qe;if(e){let c=e.parent;const u=e.proxy,p=`https://vuejs.org/error-reference/#runtime-${n}`;for(;c;){const f=c.ec;if(f){for(let E=0;E<f.length;E++)if(f[E](t,u,p)===!1)return}c=c.parent}if(o){ws(),Jl(o,null,10,[t,u,p]),Is();return}}kw(t,n,i,r,l)}function kw(t,e,n,r=!0,i=!1){if(i)throw t;console.error(t)}const Xn=[];let hi=-1;const ca=[];let gs=null,Qo=0;const gv=Promise.resolve();let Ku=null;function Ml(t){const e=Ku||gv;return t?e.then(this?t.bind(this):t):e}function Bw(t){let e=hi+1,n=Xn.length;for(;e<n;){const r=e+n>>>1,i=Xn[r],o=Hl(i);o<t||o===t&&i.flags&2?e=r+1:n=r}return e}function D0(t){if(!(t.flags&1)){const e=Hl(t),n=Xn[Xn.length-1];!n||!(t.flags&2)&&e>=Hl(n)?Xn.push(t):Xn.splice(Bw(e),0,t),t.flags|=1,Tv()}}function Tv(){Ku||(Ku=gv.then(Sv))}function Pw(t){pe(t)?ca.push(...t):gs&&t.id===-1?gs.splice(Qo+1,0,t):t.flags&1||(ca.push(t),t.flags|=1),Tv()}function qE(t,e,n=hi+1){for(;n<Xn.length;n++){const r=Xn[n];if(r&&r.flags&2){if(t&&r.id!==t.uid)continue;Xn.splice(n,1),n--,r.flags&4&&(r.flags&=-2),r(),r.flags&4||(r.flags&=-2)}}}function vv(t){if(ca.length){const e=[...new Set(ca)].sort((n,r)=>Hl(n)-Hl(r));if(ca.length=0,gs){gs.push(...e);return}for(gs=e,Qo=0;Qo<gs.length;Qo++){const n=gs[Qo];n.flags&4&&(n.flags&=-2),n.flags&8||n(),n.flags&=-2}gs=null,Qo=0}}const Hl=t=>t.id==null?t.flags&2?-1:1/0:t.id;function Sv(t){try{for(hi=0;hi<Xn.length;hi++){const e=Xn[hi];e&&!(e.flags&8)&&(e.flags&4&&(e.flags&=-2),Jl(e,e.i,e.i?15:14),e.flags&4||(e.flags&=-2))}}finally{for(;hi<Xn.length;hi++){const e=Xn[hi];e&&(e.flags&=-2)}hi=-1,Xn.length=0,vv(),Ku=null,(Xn.length||ca.length)&&Sv()}}let On=null,Av=null;function Xu(t){const e=On;return On=t,Av=t&&t.type.__scopeId||null,e}function ze(t,e=On,n){if(!e||t._n)return t;const r=(...i)=>{r._d&&sg(-1);const o=Xu(e);let l;try{l=t(...i)}finally{Xu(o),r._d&&sg(1)}return l};return r._n=!0,r._c=!0,r._d=!0,r}function be(t,e){if(On===null)return t;const n=Cd(On),r=t.dirs||(t.dirs=[]);for(let i=0;i<e.length;i++){let[o,l,c,u=qe]=e[i];o&&(_e(o)&&(o={mounted:o,updated:o}),o.deep&&Ki(l),r.push({dir:o,instance:n,value:l,oldValue:void 0,arg:c,modifiers:u}))}return t}function Zs(t,e,n,r){const i=t.dirs,o=e&&e.dirs;for(let l=0;l<i.length;l++){const c=i[l];o&&(c.oldValue=o[l].value);let u=c.dir[r];u&&(ws(),Ni(u,n,8,[t.el,c,t,e]),Is())}}const Dw=Symbol("_vte"),Mw=t=>t.__isTeleport;function M0(t,e){t.shapeFlag&6&&t.component?(t.transition=e,M0(t.component.subTree,e)):t.shapeFlag&128?(t.ssContent.transition=e.clone(t.ssContent),t.ssFallback.transition=e.clone(t.ssFallback)):t.transition=e}/*! #__NO_SIDE_EFFECTS__ */function Xe(t,e){return _e(t)?Wn({name:t.name},e,{setup:t}):t}function Rv(t){t.ids=[t.ids[0]+t.ids[2]+++"-",0,0]}function Yu(t,e,n,r,i=!1){if(pe(t)){t.forEach((B,R)=>Yu(B,e&&(pe(e)?e[R]:e),n,r,i));return}if(ua(r)&&!i){r.shapeFlag&512&&r.type.__asyncResolved&&r.component.subTree.component&&Yu(t,e,n,r.component.subTree);return}const o=r.shapeFlag&4?Cd(r.component):r.el,l=i?null:o,{i:c,r:u}=t,p=e&&e.r,f=c.refs===qe?c.refs={}:c.refs,E=c.setupState,A=$e(E),y=E===qe?()=>!1:B=>Fe(A,B);if(p!=null&&p!==u&&(En(p)?(f[p]=null,y(p)&&(E[p]=null)):on(p)&&(p.value=null)),_e(u))Jl(u,c,12,[l,f]);else{const B=En(u),R=on(u);if(B||R){const M=()=>{if(t.f){const O=B?y(u)?E[u]:f[u]:u.value;i?pe(O)&&y0(O,o):pe(O)?O.includes(o)||O.push(o):B?(f[u]=[o],y(u)&&(E[u]=f[u])):(u.value=[o],t.k&&(f[t.k]=u.value))}else B?(f[u]=l,y(u)&&(E[u]=l)):R&&(u.value=l,t.k&&(f[t.k]=l))};l?(M.id=-1,Er(M,n)):M()}}}Rd().requestIdleCallback;Rd().cancelIdleCallback;const ua=t=>!!t.type.__asyncLoader,bv=t=>t.type.__isKeepAlive;function Hw(t,e){Lv(t,"a",e)}function Ww(t,e){Lv(t,"da",e)}function Lv(t,e,n=wn){const r=t.__wdc||(t.__wdc=()=>{let i=n;for(;i;){if(i.isDeactivated)return;i=i.parent}return t()});if(Od(e,r,n),n){let i=n.parent;for(;i&&i.parent;)bv(i.parent.vnode)&&Uw(r,e,n,i),i=i.parent}}function Uw(t,e,n,r){const i=Od(e,t,r,!0);H0(()=>{y0(r[e],i)},n)}function Od(t,e,n=wn,r=!1){if(n){const i=n[t]||(n[t]=[]),o=e.__weh||(e.__weh=(...l)=>{ws();const c=Ql(n),u=Ni(e,n,t,l);return c(),Is(),u});return r?i.unshift(o):i.push(o),o}}const rs=t=>(e,n=wn)=>{(!Ul||t==="sp")&&Od(t,(...r)=>e(...r),n)},ks=rs("bm"),yo=rs("m"),$w=rs("bu"),Fw=rs("u"),Ov=rs("bum"),H0=rs("um"),Vw=rs("sp"),zw=rs("rtg"),Gw=rs("rtc");function Kw(t,e=wn){Od("ec",t,e)}const Xw="components",yv=Symbol.for("v-ndc");function Yw(t){return En(t)?qw(Xw,t,!1)||t:t||yv}function qw(t,e,n=!0,r=!1){const i=On||wn;if(i){const o=i.type;{const c=M2(o,!1);if(c&&(c===e||c===Hr(e)||c===Ad(Hr(e))))return o}const l=jE(i[t]||o[t],e)||jE(i.appContext[t],e);return!l&&r?o:l}}function jE(t,e){return t&&(t[e]||t[Hr(e)]||t[Ad(Hr(e))])}function je(t,e,n,r){let i;const o=n,l=pe(t);if(l||En(t)){const c=l&&Rs(t);let u=!1;c&&(u=!Pr(t),t=bd(t)),i=new Array(t.length);for(let p=0,f=t.length;p<f;p++)i[p]=e(u?Mn(t[p]):t[p],p,void 0,o)}else if(typeof t=="number"){i=new Array(t);for(let c=0;c<t;c++)i[c]=e(c+1,c,void 0,o)}else if(an(t))if(t[Symbol.iterator])i=Array.from(t,(c,u)=>e(c,u,void 0,o));else{const c=Object.keys(t);i=new Array(c.length);for(let u=0,p=c.length;u<p;u++){const f=c[u];i[u]=e(t[f],f,u,o)}}else i=[];return i}function vs(t,e,n={},r,i){if(On.ce||On.parent&&ua(On.parent)&&On.parent.ce)return e!=="default"&&(n.name=e),k(),Be(Vt,null,[wt("slot",n,r&&r())],64);let o=t[e];o&&o._c&&(o._d=!1),k();const l=o&&Nv(o(n)),c=n.key||l&&l.key,u=Be(Vt,{key:(c&&!ns(c)?c:`_${e}`)+(!l&&r?"_fb":"")},l||(r?r():[]),l&&t._===1?64:-2);return u.scopeId&&(u.slotScopeIds=[u.scopeId+"-s"]),o&&o._c&&(o._d=!0),u}function Nv(t){return t.some(e=>_a(e)?!(e.type===bs||e.type===Vt&&!Nv(e.children)):!0)?t:null}const Rh=t=>t?qv(t)?Cd(t):Rh(t.parent):null,yl=Wn(Object.create(null),{$:t=>t,$el:t=>t.vnode.el,$data:t=>t.data,$props:t=>t.props,$attrs:t=>t.attrs,$slots:t=>t.slots,$refs:t=>t.refs,$parent:t=>Rh(t.parent),$root:t=>Rh(t.root),$host:t=>t.ce,$emit:t=>t.emit,$options:t=>xv(t),$forceUpdate:t=>t.f||(t.f=()=>{D0(t.update)}),$nextTick:t=>t.n||(t.n=Ml.bind(t.proxy)),$watch:t=>_2.bind(t)}),Lp=(t,e)=>t!==qe&&!t.__isScriptSetup&&Fe(t,e),jw={get({_:t},e){if(e==="__v_skip")return!0;const{ctx:n,setupState:r,data:i,props:o,accessCache:l,type:c,appContext:u}=t;let p;if(e[0]!=="$"){const y=l[e];if(y!==void 0)switch(y){case 1:return r[e];case 2:return i[e];case 4:return n[e];case 3:return o[e]}else{if(Lp(r,e))return l[e]=1,r[e];if(i!==qe&&Fe(i,e))return l[e]=2,i[e];if((p=t.propsOptions[0])&&Fe(p,e))return l[e]=3,o[e];if(n!==qe&&Fe(n,e))return l[e]=4,n[e];bh&&(l[e]=0)}}const f=yl[e];let E,A;if(f)return e==="$attrs"&&Dn(t.attrs,"get",""),f(t);if((E=c.__cssModules)&&(E=E[e]))return E;if(n!==qe&&Fe(n,e))return l[e]=4,n[e];if(A=u.config.globalProperties,Fe(A,e))return A[e]},set({_:t},e,n){const{data:r,setupState:i,ctx:o}=t;return Lp(i,e)?(i[e]=n,!0):r!==qe&&Fe(r,e)?(r[e]=n,!0):Fe(t.props,e)||e[0]==="$"&&e.slice(1)in t?!1:(o[e]=n,!0)},has({_:{data:t,setupState:e,accessCache:n,ctx:r,appContext:i,propsOptions:o}},l){let c;return!!n[l]||t!==qe&&Fe(t,l)||Lp(e,l)||(c=o[0])&&Fe(c,l)||Fe(r,l)||Fe(yl,l)||Fe(i.config.globalProperties,l)},defineProperty(t,e,n){return n.get!=null?t._.accessCache[e]=0:Fe(n,"value")&&this.set(t,e,n.value,null),Reflect.defineProperty(t,e,n)}};function JE(t){return pe(t)?t.reduce((e,n)=>(e[n]=null,e),{}):t}let bh=!0;function Jw(t){const e=xv(t),n=t.proxy,r=t.ctx;bh=!1,e.beforeCreate&&QE(e.beforeCreate,t,"bc");const{data:i,computed:o,methods:l,watch:c,provide:u,inject:p,created:f,beforeMount:E,mounted:A,beforeUpdate:y,updated:B,activated:R,deactivated:M,beforeDestroy:O,beforeUnmount:L,destroyed:G,unmounted:g,render:$,renderTracked:I,renderTriggered:P,errorCaptured:dt,serverPrefetch:X,expose:w,inheritAttrs:Z,components:H,directives:b,filters:K}=e;if(p&&Qw(p,r,null),l)for(const ot in l){const ft=l[ot];_e(ft)&&(r[ot]=ft.bind(n))}if(i){const ot=i.call(n,n);an(ot)&&(t.data=lr(ot))}if(bh=!0,o)for(const ot in o){const ft=o[ot],yt=_e(ft)?ft.bind(n,n):_e(ft.get)?ft.get.bind(n,n):Ai,Lt=!_e(ft)&&_e(ft.set)?ft.set.bind(n):Ai,lt=Dt({get:yt,set:Lt});Object.defineProperty(r,ot,{enumerable:!0,configurable:!0,get:()=>lt.value,set:j=>lt.value=j})}if(c)for(const ot in c)Cv(c[ot],r,n,ot);if(u){const ot=_e(u)?u.call(n):u;Reflect.ownKeys(ot).forEach(ft=>{Yn(ft,ot[ft])})}f&&QE(f,t,"c");function tt(ot,ft){pe(ft)?ft.forEach(yt=>ot(yt.bind(n))):ft&&ot(ft.bind(n))}if(tt(ks,E),tt(yo,A),tt($w,y),tt(Fw,B),tt(Hw,R),tt(Ww,M),tt(Kw,dt),tt(Gw,I),tt(zw,P),tt(Ov,L),tt(H0,g),tt(Vw,X),pe(w))if(w.length){const ot=t.exposed||(t.exposed={});w.forEach(ft=>{Object.defineProperty(ot,ft,{get:()=>n[ft],set:yt=>n[ft]=yt})})}else t.exposed||(t.exposed={});$&&t.render===Ai&&(t.render=$),Z!=null&&(t.inheritAttrs=Z),H&&(t.components=H),b&&(t.directives=b),X&&Rv(t)}function Qw(t,e,n=Ai){pe(t)&&(t=Lh(t));for(const r in t){const i=t[r];let o;an(i)?"default"in i?o=Le(i.from||r,i.default,!0):o=Le(i.from||r):o=Le(i),on(o)?Object.defineProperty(e,r,{enumerable:!0,configurable:!0,get:()=>o.value,set:l=>o.value=l}):e[r]=o}}function QE(t,e,n){Ni(pe(t)?t.map(r=>r.bind(e.proxy)):t.bind(e.proxy),e,n)}function Cv(t,e,n,r){let i=r.includes(".")?zv(n,r):()=>n[r];if(En(t)){const o=e[t];_e(o)&&Hn(i,o)}else if(_e(t))Hn(i,t.bind(n));else if(an(t))if(pe(t))t.forEach(o=>Cv(o,e,n,r));else{const o=_e(t.handler)?t.handler.bind(n):e[t.handler];_e(o)&&Hn(i,o,t)}}function xv(t){const e=t.type,{mixins:n,extends:r}=e,{mixins:i,optionsCache:o,config:{optionMergeStrategies:l}}=t.appContext,c=o.get(e);let u;return c?u=c:!i.length&&!n&&!r?u=e:(u={},i.length&&i.forEach(p=>qu(u,p,l,!0)),qu(u,e,l)),an(e)&&o.set(e,u),u}function qu(t,e,n,r=!1){const{mixins:i,extends:o}=e;o&&qu(t,o,n,!0),i&&i.forEach(l=>qu(t,l,n,!0));for(const l in e)if(!(r&&l==="expose")){const c=Zw[l]||n&&n[l];t[l]=c?c(t[l],e[l]):e[l]}return t}const Zw={data:ZE,props:tg,emits:tg,methods:Tl,computed:Tl,beforeCreate:Kn,created:Kn,beforeMount:Kn,mounted:Kn,beforeUpdate:Kn,updated:Kn,beforeDestroy:Kn,beforeUnmount:Kn,destroyed:Kn,unmounted:Kn,activated:Kn,deactivated:Kn,errorCaptured:Kn,serverPrefetch:Kn,components:Tl,directives:Tl,watch:e2,provide:ZE,inject:t2};function ZE(t,e){return e?t?function(){return Wn(_e(t)?t.call(this,this):t,_e(e)?e.call(this,this):e)}:e:t}function t2(t,e){return Tl(Lh(t),Lh(e))}function Lh(t){if(pe(t)){const e={};for(let n=0;n<t.length;n++)e[t[n]]=t[n];return e}return t}function Kn(t,e){return t?[...new Set([].concat(t,e))]:e}function Tl(t,e){return t?Wn(Object.create(null),t,e):e}function tg(t,e){return t?pe(t)&&pe(e)?[...new Set([...t,...e])]:Wn(Object.create(null),JE(t),JE(e??{})):e}function e2(t,e){if(!t)return e;if(!e)return t;const n=Wn(Object.create(null),t);for(const r in e)n[r]=Kn(t[r],e[r]);return n}function wv(){return{app:null,config:{isNativeTag:Xx,performance:!1,globalProperties:{},optionMergeStrategies:{},errorHandler:void 0,warnHandler:void 0,compilerOptions:{}},mixins:[],components:{},directives:{},provides:Object.create(null),optionsCache:new WeakMap,propsCache:new WeakMap,emitsCache:new WeakMap}}let n2=0;function r2(t,e){return function(r,i=null){_e(r)||(r=Wn({},r)),i!=null&&!an(i)&&(i=null);const o=wv(),l=new WeakSet,c=[];let u=!1;const p=o.app={_uid:n2++,_component:r,_props:i,_container:null,_context:o,_instance:null,version:W2,get config(){return o.config},set config(f){},use(f,...E){return l.has(f)||(f&&_e(f.install)?(l.add(f),f.install(p,...E)):_e(f)&&(l.add(f),f(p,...E))),p},mixin(f){return o.mixins.includes(f)||o.mixins.push(f),p},component(f,E){return E?(o.components[f]=E,p):o.components[f]},directive(f,E){return E?(o.directives[f]=E,p):o.directives[f]},mount(f,E,A){if(!u){const y=p._ceVNode||wt(r,i);return y.appContext=o,A===!0?A="svg":A===!1&&(A=void 0),t(y,f,A),u=!0,p._container=f,f.__vue_app__=p,Cd(y.component)}},onUnmount(f){c.push(f)},unmount(){u&&(Ni(c,p._instance,16),t(null,p._container),delete p._container.__vue_app__)},provide(f,E){return o.provides[f]=E,p},runWithContext(f){const E=da;da=p;try{return f()}finally{da=E}}};return p}}let da=null;function Yn(t,e){if(wn){let n=wn.provides;const r=wn.parent&&wn.parent.provides;r===n&&(n=wn.provides=Object.create(r)),n[t]=e}}function Le(t,e,n=!1){const r=wn||On;if(r||da){const i=da?da._context.provides:r?r.parent==null?r.vnode.appContext&&r.vnode.appContext.provides:r.parent.provides:void 0;if(i&&t in i)return i[t];if(arguments.length>1)return n&&_e(e)?e.call(r&&r.proxy):e}}const Iv={},kv=()=>Object.create(Iv),Bv=t=>Object.getPrototypeOf(t)===Iv;function i2(t,e,n,r=!1){const i={},o=kv();t.propsDefaults=Object.create(null),Pv(t,e,i,o);for(const l in t.propsOptions[0])l in i||(i[l]=void 0);n?t.props=r?i:bw(i):t.type.props?t.props=i:t.props=o,t.attrs=o}function s2(t,e,n,r){const{props:i,attrs:o,vnode:{patchFlag:l}}=t,c=$e(i),[u]=t.propsOptions;let p=!1;if((r||l>0)&&!(l&16)){if(l&8){const f=t.vnode.dynamicProps;for(let E=0;E<f.length;E++){let A=f[E];if(yd(t.emitsOptions,A))continue;const y=e[A];if(u)if(Fe(o,A))y!==o[A]&&(o[A]=y,p=!0);else{const B=Hr(A);i[B]=Oh(u,c,B,y,t,!1)}else y!==o[A]&&(o[A]=y,p=!0)}}}else{Pv(t,e,i,o)&&(p=!0);let f;for(const E in c)(!e||!Fe(e,E)&&((f=Oo(E))===E||!Fe(e,f)))&&(u?n&&(n[E]!==void 0||n[f]!==void 0)&&(i[E]=Oh(u,c,E,void 0,t,!0)):delete i[E]);if(o!==c)for(const E in o)(!e||!Fe(e,E))&&(delete o[E],p=!0)}p&&Gi(t.attrs,"set","")}function Pv(t,e,n,r){const[i,o]=t.propsOptions;let l=!1,c;if(e)for(let u in e){if(bl(u))continue;const p=e[u];let f;i&&Fe(i,f=Hr(u))?!o||!o.includes(f)?n[f]=p:(c||(c={}))[f]=p:yd(t.emitsOptions,u)||(!(u in r)||p!==r[u])&&(r[u]=p,l=!0)}if(o){const u=$e(n),p=c||qe;for(let f=0;f<o.length;f++){const E=o[f];n[E]=Oh(i,u,E,p[E],t,!Fe(p,E))}}return l}function Oh(t,e,n,r,i,o){const l=t[n];if(l!=null){const c=Fe(l,"default");if(c&&r===void 0){const u=l.default;if(l.type!==Function&&!l.skipFactory&&_e(u)){const{propsDefaults:p}=i;if(n in p)r=p[n];else{const f=Ql(i);r=p[n]=u.call(null,e),f()}}else r=u;i.ce&&i.ce._setProp(n,r)}l[0]&&(o&&!c?r=!1:l[1]&&(r===""||r===Oo(n))&&(r=!0))}return r}const o2=new WeakMap;function Dv(t,e,n=!1){const r=n?o2:e.propsCache,i=r.get(t);if(i)return i;const o=t.props,l={},c=[];let u=!1;if(!_e(t)){const f=E=>{u=!0;const[A,y]=Dv(E,e,!0);Wn(l,A),y&&c.push(...y)};!n&&e.mixins.length&&e.mixins.forEach(f),t.extends&&f(t.extends),t.mixins&&t.mixins.forEach(f)}if(!o&&!u)return an(t)&&r.set(t,aa),aa;if(pe(o))for(let f=0;f<o.length;f++){const E=Hr(o[f]);eg(E)&&(l[E]=qe)}else if(o)for(const f in o){const E=Hr(f);if(eg(E)){const A=o[f],y=l[E]=pe(A)||_e(A)?{type:A}:Wn({},A),B=y.type;let R=!1,M=!0;if(pe(B))for(let O=0;O<B.length;++O){const L=B[O],G=_e(L)&&L.name;if(G==="Boolean"){R=!0;break}else G==="String"&&(M=!1)}else R=_e(B)&&B.name==="Boolean";y[0]=R,y[1]=M,(R||Fe(y,"default"))&&c.push(E)}}const p=[l,c];return an(t)&&r.set(t,p),p}function eg(t){return t[0]!=="$"&&!bl(t)}const Mv=t=>t[0]==="_"||t==="$stable",W0=t=>pe(t)?t.map(mi):[mi(t)],a2=(t,e,n)=>{if(e._n)return e;const r=ze((...i)=>W0(e(...i)),n);return r._c=!1,r},Hv=(t,e,n)=>{const r=t._ctx;for(const i in t){if(Mv(i))continue;const o=t[i];if(_e(o))e[i]=a2(i,o,r);else if(o!=null){const l=W0(o);e[i]=()=>l}}},Wv=(t,e)=>{const n=W0(e);t.slots.default=()=>n},Uv=(t,e,n)=>{for(const r in e)(n||r!=="_")&&(t[r]=e[r])},l2=(t,e,n)=>{const r=t.slots=kv();if(t.vnode.shapeFlag&32){const i=e._;i?(Uv(r,e,n),n&&JT(r,"_",i,!0)):Hv(e,r)}else e&&Wv(t,e)},c2=(t,e,n)=>{const{vnode:r,slots:i}=t;let o=!0,l=qe;if(r.shapeFlag&32){const c=e._;c?n&&c===1?o=!1:Uv(i,e,n):(o=!e.$stable,Hv(e,i)),l=e}else e&&(Wv(t,e),l={default:1});if(o)for(const c in i)!Mv(c)&&l[c]==null&&delete i[c]},Er=R2;function u2(t){return d2(t)}function d2(t,e){const n=Rd();n.__VUE__=!0;const{insert:r,remove:i,patchProp:o,createElement:l,createText:c,createComment:u,setText:p,setElementText:f,parentNode:E,nextSibling:A,setScopeId:y=Ai,insertStaticContent:B}=t,R=(V,Y,st,bt=null,Tt=null,gt=null,rt=void 0,at=null,mt=!!Y.dynamicChildren)=>{if(V===Y)return;V&&!dl(V,Y)&&(bt=$t(V),j(V,Tt,gt,!0),V=null),Y.patchFlag===-2&&(mt=!1,Y.dynamicChildren=null);const{type:pt,ref:Mt,shapeFlag:xt}=Y;switch(pt){case Nd:M(V,Y,st,bt);break;case bs:O(V,Y,st,bt);break;case Cu:V==null&&L(Y,st,bt,rt);break;case Vt:H(V,Y,st,bt,Tt,gt,rt,at,mt);break;default:xt&1?$(V,Y,st,bt,Tt,gt,rt,at,mt):xt&6?b(V,Y,st,bt,Tt,gt,rt,at,mt):(xt&64||xt&128)&&pt.process(V,Y,st,bt,Tt,gt,rt,at,mt,we)}Mt!=null&&Tt&&Yu(Mt,V&&V.ref,gt,Y||V,!Y)},M=(V,Y,st,bt)=>{if(V==null)r(Y.el=c(Y.children),st,bt);else{const Tt=Y.el=V.el;Y.children!==V.children&&p(Tt,Y.children)}},O=(V,Y,st,bt)=>{V==null?r(Y.el=u(Y.children||""),st,bt):Y.el=V.el},L=(V,Y,st,bt)=>{[V.el,V.anchor]=B(V.children,Y,st,bt,V.el,V.anchor)},G=({el:V,anchor:Y},st,bt)=>{let Tt;for(;V&&V!==Y;)Tt=A(V),r(V,st,bt),V=Tt;r(Y,st,bt)},g=({el:V,anchor:Y})=>{let st;for(;V&&V!==Y;)st=A(V),i(V),V=st;i(Y)},$=(V,Y,st,bt,Tt,gt,rt,at,mt)=>{Y.type==="svg"?rt="svg":Y.type==="math"&&(rt="mathml"),V==null?I(Y,st,bt,Tt,gt,rt,at,mt):X(V,Y,Tt,gt,rt,at,mt)},I=(V,Y,st,bt,Tt,gt,rt,at)=>{let mt,pt;const{props:Mt,shapeFlag:xt,transition:Ut,dirs:Yt}=V;if(mt=V.el=l(V.type,gt,Mt&&Mt.is,Mt),xt&8?f(mt,V.children):xt&16&&dt(V.children,mt,null,bt,Tt,Op(V,gt),rt,at),Yt&&Zs(V,null,bt,"created"),P(mt,V,V.scopeId,rt,bt),Mt){for(const fe in Mt)fe!=="value"&&!bl(fe)&&o(mt,fe,null,Mt[fe],gt,bt);"value"in Mt&&o(mt,"value",null,Mt.value,gt),(pt=Mt.onVnodeBeforeMount)&&fi(pt,bt,V)}Yt&&Zs(V,null,bt,"beforeMount");const te=f2(Tt,Ut);te&&Ut.beforeEnter(mt),r(mt,Y,st),((pt=Mt&&Mt.onVnodeMounted)||te||Yt)&&Er(()=>{pt&&fi(pt,bt,V),te&&Ut.enter(mt),Yt&&Zs(V,null,bt,"mounted")},Tt)},P=(V,Y,st,bt,Tt)=>{if(st&&y(V,st),bt)for(let gt=0;gt<bt.length;gt++)y(V,bt[gt]);if(Tt){let gt=Tt.subTree;if(Y===gt||Kv(gt.type)&&(gt.ssContent===Y||gt.ssFallback===Y)){const rt=Tt.vnode;P(V,rt,rt.scopeId,rt.slotScopeIds,Tt.parent)}}},dt=(V,Y,st,bt,Tt,gt,rt,at,mt=0)=>{for(let pt=mt;pt<V.length;pt++){const Mt=V[pt]=at?Ts(V[pt]):mi(V[pt]);R(null,Mt,Y,st,bt,Tt,gt,rt,at)}},X=(V,Y,st,bt,Tt,gt,rt)=>{const at=Y.el=V.el;let{patchFlag:mt,dynamicChildren:pt,dirs:Mt}=Y;mt|=V.patchFlag&16;const xt=V.props||qe,Ut=Y.props||qe;let Yt;if(st&&to(st,!1),(Yt=Ut.onVnodeBeforeUpdate)&&fi(Yt,st,Y,V),Mt&&Zs(Y,V,st,"beforeUpdate"),st&&to(st,!0),(xt.innerHTML&&Ut.innerHTML==null||xt.textContent&&Ut.textContent==null)&&f(at,""),pt?w(V.dynamicChildren,pt,at,st,bt,Op(Y,Tt),gt):rt||ft(V,Y,at,null,st,bt,Op(Y,Tt),gt,!1),mt>0){if(mt&16)Z(at,xt,Ut,st,Tt);else if(mt&2&&xt.class!==Ut.class&&o(at,"class",null,Ut.class,Tt),mt&4&&o(at,"style",xt.style,Ut.style,Tt),mt&8){const te=Y.dynamicProps;for(let fe=0;fe<te.length;fe++){const ce=te[fe],cn=xt[ce],nn=Ut[ce];(nn!==cn||ce==="value")&&o(at,ce,cn,nn,Tt,st)}}mt&1&&V.children!==Y.children&&f(at,Y.children)}else!rt&&pt==null&&Z(at,xt,Ut,st,Tt);((Yt=Ut.onVnodeUpdated)||Mt)&&Er(()=>{Yt&&fi(Yt,st,Y,V),Mt&&Zs(Y,V,st,"updated")},bt)},w=(V,Y,st,bt,Tt,gt,rt)=>{for(let at=0;at<Y.length;at++){const mt=V[at],pt=Y[at],Mt=mt.el&&(mt.type===Vt||!dl(mt,pt)||mt.shapeFlag&70)?E(mt.el):st;R(mt,pt,Mt,null,bt,Tt,gt,rt,!0)}},Z=(V,Y,st,bt,Tt)=>{if(Y!==st){if(Y!==qe)for(const gt in Y)!bl(gt)&&!(gt in st)&&o(V,gt,Y[gt],null,Tt,bt);for(const gt in st){if(bl(gt))continue;const rt=st[gt],at=Y[gt];rt!==at&&gt!=="value"&&o(V,gt,at,rt,Tt,bt)}"value"in st&&o(V,"value",Y.value,st.value,Tt)}},H=(V,Y,st,bt,Tt,gt,rt,at,mt)=>{const pt=Y.el=V?V.el:c(""),Mt=Y.anchor=V?V.anchor:c("");let{patchFlag:xt,dynamicChildren:Ut,slotScopeIds:Yt}=Y;Yt&&(at=at?at.concat(Yt):Yt),V==null?(r(pt,st,bt),r(Mt,st,bt),dt(Y.children||[],st,Mt,Tt,gt,rt,at,mt)):xt>0&&xt&64&&Ut&&V.dynamicChildren?(w(V.dynamicChildren,Ut,st,Tt,gt,rt,at),(Y.key!=null||Tt&&Y===Tt.subTree)&&$v(V,Y,!0)):ft(V,Y,st,Mt,Tt,gt,rt,at,mt)},b=(V,Y,st,bt,Tt,gt,rt,at,mt)=>{Y.slotScopeIds=at,V==null?Y.shapeFlag&512?Tt.ctx.activate(Y,st,bt,rt,mt):K(Y,st,bt,Tt,gt,rt,mt):ht(V,Y,mt)},K=(V,Y,st,bt,Tt,gt,rt)=>{const at=V.component=w2(V,bt,Tt);if(bv(V)&&(at.ctx.renderer=we),k2(at,!1,rt),at.asyncDep){if(Tt&&Tt.registerDep(at,tt,rt),!V.el){const mt=at.subTree=wt(bs);O(null,mt,Y,st)}}else tt(at,V,Y,st,Tt,gt,rt)},ht=(V,Y,st)=>{const bt=Y.component=V.component;if(S2(V,Y,st))if(bt.asyncDep&&!bt.asyncResolved){ot(bt,Y,st);return}else bt.next=Y,bt.update();else Y.el=V.el,bt.vnode=Y},tt=(V,Y,st,bt,Tt,gt,rt)=>{const at=()=>{if(V.isMounted){let{next:xt,bu:Ut,u:Yt,parent:te,vnode:fe}=V;{const Tn=Fv(V);if(Tn){xt&&(xt.el=fe.el,ot(V,xt,rt)),Tn.asyncDep.then(()=>{V.isUnmounted||at()});return}}let ce=xt,cn;to(V,!1),xt?(xt.el=fe.el,ot(V,xt,rt)):xt=fe,Ut&&Nu(Ut),(cn=xt.props&&xt.props.onVnodeBeforeUpdate)&&fi(cn,te,xt,fe),to(V,!0);const nn=rg(V),gn=V.subTree;V.subTree=nn,R(gn,nn,E(gn.el),$t(gn),V,Tt,gt),xt.el=nn.el,ce===null&&A2(V,nn.el),Yt&&Er(Yt,Tt),(cn=xt.props&&xt.props.onVnodeUpdated)&&Er(()=>fi(cn,te,xt,fe),Tt)}else{let xt;const{el:Ut,props:Yt}=Y,{bm:te,m:fe,parent:ce,root:cn,type:nn}=V,gn=ua(Y);to(V,!1),te&&Nu(te),!gn&&(xt=Yt&&Yt.onVnodeBeforeMount)&&fi(xt,ce,Y),to(V,!0);{cn.ce&&cn.ce._injectChildStyle(nn);const Tn=V.subTree=rg(V);R(null,Tn,st,bt,V,Tt,gt),Y.el=Tn.el}if(fe&&Er(fe,Tt),!gn&&(xt=Yt&&Yt.onVnodeMounted)){const Tn=Y;Er(()=>fi(xt,ce,Tn),Tt)}(Y.shapeFlag&256||ce&&ua(ce.vnode)&&ce.vnode.shapeFlag&256)&&V.a&&Er(V.a,Tt),V.isMounted=!0,Y=st=bt=null}};V.scope.on();const mt=V.effect=new ev(at);V.scope.off();const pt=V.update=mt.run.bind(mt),Mt=V.job=mt.runIfDirty.bind(mt);Mt.i=V,Mt.id=V.uid,mt.scheduler=()=>D0(Mt),to(V,!0),pt()},ot=(V,Y,st)=>{Y.component=V;const bt=V.vnode.props;V.vnode=Y,V.next=null,s2(V,Y.props,bt,st),c2(V,Y.children,st),ws(),qE(V),Is()},ft=(V,Y,st,bt,Tt,gt,rt,at,mt=!1)=>{const pt=V&&V.children,Mt=V?V.shapeFlag:0,xt=Y.children,{patchFlag:Ut,shapeFlag:Yt}=Y;if(Ut>0){if(Ut&128){Lt(pt,xt,st,bt,Tt,gt,rt,at,mt);return}else if(Ut&256){yt(pt,xt,st,bt,Tt,gt,rt,at,mt);return}}Yt&8?(Mt&16&&At(pt,Tt,gt),xt!==pt&&f(st,xt)):Mt&16?Yt&16?Lt(pt,xt,st,bt,Tt,gt,rt,at,mt):At(pt,Tt,gt,!0):(Mt&8&&f(st,""),Yt&16&&dt(xt,st,bt,Tt,gt,rt,at,mt))},yt=(V,Y,st,bt,Tt,gt,rt,at,mt)=>{V=V||aa,Y=Y||aa;const pt=V.length,Mt=Y.length,xt=Math.min(pt,Mt);let Ut;for(Ut=0;Ut<xt;Ut++){const Yt=Y[Ut]=mt?Ts(Y[Ut]):mi(Y[Ut]);R(V[Ut],Yt,st,null,Tt,gt,rt,at,mt)}pt>Mt?At(V,Tt,gt,!0,!1,xt):dt(Y,st,bt,Tt,gt,rt,at,mt,xt)},Lt=(V,Y,st,bt,Tt,gt,rt,at,mt)=>{let pt=0;const Mt=Y.length;let xt=V.length-1,Ut=Mt-1;for(;pt<=xt&&pt<=Ut;){const Yt=V[pt],te=Y[pt]=mt?Ts(Y[pt]):mi(Y[pt]);if(dl(Yt,te))R(Yt,te,st,null,Tt,gt,rt,at,mt);else break;pt++}for(;pt<=xt&&pt<=Ut;){const Yt=V[xt],te=Y[Ut]=mt?Ts(Y[Ut]):mi(Y[Ut]);if(dl(Yt,te))R(Yt,te,st,null,Tt,gt,rt,at,mt);else break;xt--,Ut--}if(pt>xt){if(pt<=Ut){const Yt=Ut+1,te=Yt<Mt?Y[Yt].el:bt;for(;pt<=Ut;)R(null,Y[pt]=mt?Ts(Y[pt]):mi(Y[pt]),st,te,Tt,gt,rt,at,mt),pt++}}else if(pt>Ut)for(;pt<=xt;)j(V[pt],Tt,gt,!0),pt++;else{const Yt=pt,te=pt,fe=new Map;for(pt=te;pt<=Ut;pt++){const ct=Y[pt]=mt?Ts(Y[pt]):mi(Y[pt]);ct.key!=null&&fe.set(ct.key,pt)}let ce,cn=0;const nn=Ut-te+1;let gn=!1,Tn=0;const $n=new Array(nn);for(pt=0;pt<nn;pt++)$n[pt]=0;for(pt=Yt;pt<=xt;pt++){const ct=V[pt];if(cn>=nn){j(ct,Tt,gt,!0);continue}let Ot;if(ct.key!=null)Ot=fe.get(ct.key);else for(ce=te;ce<=Ut;ce++)if($n[ce-te]===0&&dl(ct,Y[ce])){Ot=ce;break}Ot===void 0?j(ct,Tt,gt,!0):($n[Ot-te]=pt+1,Ot>=Tn?Tn=Ot:gn=!0,R(ct,Y[Ot],st,null,Tt,gt,rt,at,mt),cn++)}const W=gn?p2($n):aa;for(ce=W.length-1,pt=nn-1;pt>=0;pt--){const ct=te+pt,Ot=Y[ct],Gt=ct+1<Mt?Y[ct+1].el:bt;$n[pt]===0?R(null,Ot,st,Gt,Tt,gt,rt,at,mt):gn&&(ce<0||pt!==W[ce]?lt(Ot,st,Gt,2):ce--)}}},lt=(V,Y,st,bt,Tt=null)=>{const{el:gt,type:rt,transition:at,children:mt,shapeFlag:pt}=V;if(pt&6){lt(V.component.subTree,Y,st,bt);return}if(pt&128){V.suspense.move(Y,st,bt);return}if(pt&64){rt.move(V,Y,st,we);return}if(rt===Vt){r(gt,Y,st);for(let xt=0;xt<mt.length;xt++)lt(mt[xt],Y,st,bt);r(V.anchor,Y,st);return}if(rt===Cu){G(V,Y,st);return}if(bt!==2&&pt&1&&at)if(bt===0)at.beforeEnter(gt),r(gt,Y,st),Er(()=>at.enter(gt),Tt);else{const{leave:xt,delayLeave:Ut,afterLeave:Yt}=at,te=()=>r(gt,Y,st),fe=()=>{xt(gt,()=>{te(),Yt&&Yt()})};Ut?Ut(gt,te,fe):fe()}else r(gt,Y,st)},j=(V,Y,st,bt=!1,Tt=!1)=>{const{type:gt,props:rt,ref:at,children:mt,dynamicChildren:pt,shapeFlag:Mt,patchFlag:xt,dirs:Ut,cacheIndex:Yt}=V;if(xt===-2&&(Tt=!1),at!=null&&Yu(at,null,st,V,!0),Yt!=null&&(Y.renderCache[Yt]=void 0),Mt&256){Y.ctx.deactivate(V);return}const te=Mt&1&&Ut,fe=!ua(V);let ce;if(fe&&(ce=rt&&rt.onVnodeBeforeUnmount)&&fi(ce,Y,V),Mt&6)C(V.component,st,bt);else{if(Mt&128){V.suspense.unmount(st,bt);return}te&&Zs(V,null,Y,"beforeUnmount"),Mt&64?V.type.remove(V,Y,st,we,bt):pt&&!pt.hasOnce&&(gt!==Vt||xt>0&&xt&64)?At(pt,Y,st,!1,!0):(gt===Vt&&xt&384||!Tt&&Mt&16)&&At(mt,Y,st),bt&&U(V)}(fe&&(ce=rt&&rt.onVnodeUnmounted)||te)&&Er(()=>{ce&&fi(ce,Y,V),te&&Zs(V,null,Y,"unmounted")},st)},U=V=>{const{type:Y,el:st,anchor:bt,transition:Tt}=V;if(Y===Vt){J(st,bt);return}if(Y===Cu){g(V);return}const gt=()=>{i(st),Tt&&!Tt.persisted&&Tt.afterLeave&&Tt.afterLeave()};if(V.shapeFlag&1&&Tt&&!Tt.persisted){const{leave:rt,delayLeave:at}=Tt,mt=()=>rt(st,gt);at?at(V.el,gt,mt):mt()}else gt()},J=(V,Y)=>{let st;for(;V!==Y;)st=A(V),i(V),V=st;i(Y)},C=(V,Y,st)=>{const{bum:bt,scope:Tt,job:gt,subTree:rt,um:at,m:mt,a:pt}=V;ng(mt),ng(pt),bt&&Nu(bt),Tt.stop(),gt&&(gt.flags|=8,j(rt,V,Y,st)),at&&Er(at,Y),Er(()=>{V.isUnmounted=!0},Y),Y&&Y.pendingBranch&&!Y.isUnmounted&&V.asyncDep&&!V.asyncResolved&&V.suspenseId===Y.pendingId&&(Y.deps--,Y.deps===0&&Y.resolve())},At=(V,Y,st,bt=!1,Tt=!1,gt=0)=>{for(let rt=gt;rt<V.length;rt++)j(V[rt],Y,st,bt,Tt)},$t=V=>{if(V.shapeFlag&6)return $t(V.component.subTree);if(V.shapeFlag&128)return V.suspense.next();const Y=A(V.anchor||V.el),st=Y&&Y[Dw];return st?A(st):Y};let ne=!1;const He=(V,Y,st)=>{V==null?Y._vnode&&j(Y._vnode,null,null,!0):R(Y._vnode||null,V,Y,null,null,null,st),Y._vnode=V,ne||(ne=!0,qE(),vv(),ne=!1)},we={p:R,um:j,m:lt,r:U,mt:K,mc:dt,pc:ft,pbc:w,n:$t,o:t};return{render:He,hydrate:void 0,createApp:r2(He)}}function Op({type:t,props:e},n){return n==="svg"&&t==="foreignObject"||n==="mathml"&&t==="annotation-xml"&&e&&e.encoding&&e.encoding.includes("html")?void 0:n}function to({effect:t,job:e},n){n?(t.flags|=32,e.flags|=4):(t.flags&=-33,e.flags&=-5)}function f2(t,e){return(!t||t&&!t.pendingBranch)&&e&&!e.persisted}function $v(t,e,n=!1){const r=t.children,i=e.children;if(pe(r)&&pe(i))for(let o=0;o<r.length;o++){const l=r[o];let c=i[o];c.shapeFlag&1&&!c.dynamicChildren&&((c.patchFlag<=0||c.patchFlag===32)&&(c=i[o]=Ts(i[o]),c.el=l.el),!n&&c.patchFlag!==-2&&$v(l,c)),c.type===Nd&&(c.el=l.el)}}function p2(t){const e=t.slice(),n=[0];let r,i,o,l,c;const u=t.length;for(r=0;r<u;r++){const p=t[r];if(p!==0){if(i=n[n.length-1],t[i]<p){e[r]=i,n.push(r);continue}for(o=0,l=n.length-1;o<l;)c=o+l>>1,t[n[c]]<p?o=c+1:l=c;p<t[n[o]]&&(o>0&&(e[r]=n[o-1]),n[o]=r)}}for(o=n.length,l=n[o-1];o-- >0;)n[o]=l,l=e[l];return n}function Fv(t){const e=t.subTree.component;if(e)return e.asyncDep&&!e.asyncResolved?e:Fv(e)}function ng(t){if(t)for(let e=0;e<t.length;e++)t[e].flags|=8}const h2=Symbol.for("v-scx"),m2=()=>Le(h2);function Hn(t,e,n){return Vv(t,e,n)}function Vv(t,e,n=qe){const{immediate:r,deep:i,flush:o,once:l}=n,c=Wn({},n),u=e&&r||!e&&o!=="post";let p;if(Ul){if(o==="sync"){const y=m2();p=y.__watcherHandles||(y.__watcherHandles=[])}else if(!u){const y=()=>{};return y.stop=Ai,y.resume=Ai,y.pause=Ai,y}}const f=wn;c.call=(y,B,R)=>Ni(y,f,B,R);let E=!1;o==="post"?c.scheduler=y=>{Er(y,f&&f.suspense)}:o!=="sync"&&(E=!0,c.scheduler=(y,B)=>{B?y():D0(y)}),c.augmentJob=y=>{e&&(y.flags|=4),E&&(y.flags|=2,f&&(y.id=f.uid,y.i=f))};const A=Iw(t,e,c);return Ul&&(p?p.push(A):u&&A()),A}function _2(t,e,n){const r=this.proxy,i=En(t)?t.includes(".")?zv(r,t):()=>r[t]:t.bind(r,r);let o;_e(e)?o=e:(o=e.handler,n=e);const l=Ql(this),c=Vv(i,o.bind(r),n);return l(),c}function zv(t,e){const n=e.split(".");return()=>{let r=t;for(let i=0;i<n.length&&r;i++)r=r[n[i]];return r}}const E2=(t,e)=>e==="modelValue"||e==="model-value"?t.modelModifiers:t[`${e}Modifiers`]||t[`${Hr(e)}Modifiers`]||t[`${Oo(e)}Modifiers`];function g2(t,e,...n){if(t.isUnmounted)return;const r=t.vnode.props||qe;let i=n;const o=e.startsWith("update:"),l=o&&E2(r,e.slice(7));l&&(l.trim&&(i=n.map(f=>En(f)?f.trim():f)),l.number&&(i=n.map(Eh)));let c,u=r[c=vp(e)]||r[c=vp(Hr(e))];!u&&o&&(u=r[c=vp(Oo(e))]),u&&Ni(u,t,6,i);const p=r[c+"Once"];if(p){if(!t.emitted)t.emitted={};else if(t.emitted[c])return;t.emitted[c]=!0,Ni(p,t,6,i)}}function Gv(t,e,n=!1){const r=e.emitsCache,i=r.get(t);if(i!==void 0)return i;const o=t.emits;let l={},c=!1;if(!_e(t)){const u=p=>{const f=Gv(p,e,!0);f&&(c=!0,Wn(l,f))};!n&&e.mixins.length&&e.mixins.forEach(u),t.extends&&u(t.extends),t.mixins&&t.mixins.forEach(u)}return!o&&!c?(an(t)&&r.set(t,null),null):(pe(o)?o.forEach(u=>l[u]=null):Wn(l,o),an(t)&&r.set(t,l),l)}function yd(t,e){return!t||!Td(e)?!1:(e=e.slice(2).replace(/Once$/,""),Fe(t,e[0].toLowerCase()+e.slice(1))||Fe(t,Oo(e))||Fe(t,e))}function rg(t){const{type:e,vnode:n,proxy:r,withProxy:i,propsOptions:[o],slots:l,attrs:c,emit:u,render:p,renderCache:f,props:E,data:A,setupState:y,ctx:B,inheritAttrs:R}=t,M=Xu(t);let O,L;try{if(n.shapeFlag&4){const g=i||r,$=g;O=mi(p.call($,g,f,E,y,A,B)),L=c}else{const g=e;O=mi(g.length>1?g(E,{attrs:c,slots:l,emit:u}):g(E,null)),L=e.props?c:T2(c)}}catch(g){Nl.length=0,Ld(g,t,1),O=wt(bs)}let G=O;if(L&&R!==!1){const g=Object.keys(L),{shapeFlag:$}=G;g.length&&$&7&&(o&&g.some(O0)&&(L=v2(L,o)),G=Ea(G,L,!1,!0))}return n.dirs&&(G=Ea(G,null,!1,!0),G.dirs=G.dirs?G.dirs.concat(n.dirs):n.dirs),n.transition&&M0(G,n.transition),O=G,Xu(M),O}const T2=t=>{let e;for(const n in t)(n==="class"||n==="style"||Td(n))&&((e||(e={}))[n]=t[n]);return e},v2=(t,e)=>{const n={};for(const r in t)(!O0(r)||!(r.slice(9)in e))&&(n[r]=t[r]);return n};function S2(t,e,n){const{props:r,children:i,component:o}=t,{props:l,children:c,patchFlag:u}=e,p=o.emitsOptions;if(e.dirs||e.transition)return!0;if(n&&u>=0){if(u&1024)return!0;if(u&16)return r?ig(r,l,p):!!l;if(u&8){const f=e.dynamicProps;for(let E=0;E<f.length;E++){const A=f[E];if(l[A]!==r[A]&&!yd(p,A))return!0}}}else return(i||c)&&(!c||!c.$stable)?!0:r===l?!1:r?l?ig(r,l,p):!0:!!l;return!1}function ig(t,e,n){const r=Object.keys(e);if(r.length!==Object.keys(t).length)return!0;for(let i=0;i<r.length;i++){const o=r[i];if(e[o]!==t[o]&&!yd(n,o))return!0}return!1}function A2({vnode:t,parent:e},n){for(;e;){const r=e.subTree;if(r.suspense&&r.suspense.activeBranch===t&&(r.el=t.el),r===t)(t=e.vnode).el=n,e=e.parent;else break}}const Kv=t=>t.__isSuspense;function R2(t,e){e&&e.pendingBranch?pe(t)?e.effects.push(...t):e.effects.push(t):Pw(t)}const Vt=Symbol.for("v-fgt"),Nd=Symbol.for("v-txt"),bs=Symbol.for("v-cmt"),Cu=Symbol.for("v-stc"),Nl=[];let vr=null;function k(t=!1){Nl.push(vr=t?null:[])}function b2(){Nl.pop(),vr=Nl[Nl.length-1]||null}let Wl=1;function sg(t,e=!1){Wl+=t,t<0&&vr&&e&&(vr.hasOnce=!0)}function Xv(t){return t.dynamicChildren=Wl>0?vr||aa:null,b2(),Wl>0&&vr&&vr.push(t),t}function D(t,e,n,r,i,o){return Xv(v(t,e,n,r,i,o,!0))}function Be(t,e,n,r,i){return Xv(wt(t,e,n,r,i,!0))}function _a(t){return t?t.__v_isVNode===!0:!1}function dl(t,e){return t.type===e.type&&t.key===e.key}const Yv=({key:t})=>t??null,xu=({ref:t,ref_key:e,ref_for:n})=>(typeof t=="number"&&(t=""+t),t!=null?En(t)||on(t)||_e(t)?{i:On,r:t,k:e,f:!!n}:t:null);function v(t,e=null,n=null,r=0,i=null,o=t===Vt?0:1,l=!1,c=!1){const u={__v_isVNode:!0,__v_skip:!0,type:t,props:e,key:e&&Yv(e),ref:e&&xu(e),scopeId:Av,slotScopeIds:null,children:n,component:null,suspense:null,ssContent:null,ssFallback:null,dirs:null,transition:null,el:null,anchor:null,target:null,targetStart:null,targetAnchor:null,staticCount:0,shapeFlag:o,patchFlag:r,dynamicProps:i,dynamicChildren:null,appContext:null,ctx:On};return c?(U0(u,n),o&128&&t.normalize(u)):n&&(u.shapeFlag|=En(n)?8:16),Wl>0&&!l&&vr&&(u.patchFlag>0||o&6)&&u.patchFlag!==32&&vr.push(u),u}const wt=L2;function L2(t,e=null,n=null,r=0,i=null,o=!1){if((!t||t===yv)&&(t=bs),_a(t)){const c=Ea(t,e,!0);return n&&U0(c,n),Wl>0&&!o&&vr&&(c.shapeFlag&6?vr[vr.indexOf(t)]=c:vr.push(c)),c.patchFlag=-2,c}if(H2(t)&&(t=t.__vccOpts),e){e=O2(e);let{class:c,style:u}=e;c&&!En(c)&&(e.class=Pt(c)),an(u)&&(P0(u)&&!pe(u)&&(u=Wn({},u)),e.style=Qe(u))}const l=En(t)?1:Kv(t)?128:Mw(t)?64:an(t)?4:_e(t)?2:0;return v(t,e,n,r,i,l,o,!0)}function O2(t){return t?P0(t)||Bv(t)?Wn({},t):t:null}function Ea(t,e,n=!1,r=!1){const{props:i,ref:o,patchFlag:l,children:c,transition:u}=t,p=e?N2(i||{},e):i,f={__v_isVNode:!0,__v_skip:!0,type:t.type,props:p,key:p&&Yv(p),ref:e&&e.ref?n&&o?pe(o)?o.concat(xu(e)):[o,xu(e)]:xu(e):o,scopeId:t.scopeId,slotScopeIds:t.slotScopeIds,children:c,target:t.target,targetStart:t.targetStart,targetAnchor:t.targetAnchor,staticCount:t.staticCount,shapeFlag:t.shapeFlag,patchFlag:e&&t.type!==Vt?l===-1?16:l|16:l,dynamicProps:t.dynamicProps,dynamicChildren:t.dynamicChildren,appContext:t.appContext,dirs:t.dirs,transition:u,component:t.component,suspense:t.suspense,ssContent:t.ssContent&&Ea(t.ssContent),ssFallback:t.ssFallback&&Ea(t.ssFallback),el:t.el,anchor:t.anchor,ctx:t.ctx,ce:t.ce};return u&&r&&M0(f,u.clone(f)),f}function T(t=" ",e=0){return wt(Nd,null,t,e)}function y2(t,e){const n=wt(Cu,null,t);return n.staticCount=e,n}function it(t="",e=!1){return e?(k(),Be(bs,null,t)):wt(bs,null,t)}function mi(t){return t==null||typeof t=="boolean"?wt(bs):pe(t)?wt(Vt,null,t.slice()):_a(t)?Ts(t):wt(Nd,null,String(t))}function Ts(t){return t.el===null&&t.patchFlag!==-1||t.memo?t:Ea(t)}function U0(t,e){let n=0;const{shapeFlag:r}=t;if(e==null)e=null;else if(pe(e))n=16;else if(typeof e=="object")if(r&65){const i=e.default;i&&(i._c&&(i._d=!1),U0(t,i()),i._c&&(i._d=!0));return}else{n=32;const i=e._;!i&&!Bv(e)?e._ctx=On:i===3&&On&&(On.slots._===1?e._=1:(e._=2,t.patchFlag|=1024))}else _e(e)?(e={default:e,_ctx:On},n=32):(e=String(e),r&64?(n=16,e=[T(e)]):n=8);t.children=e,t.shapeFlag|=n}function N2(...t){const e={};for(let n=0;n<t.length;n++){const r=t[n];for(const i in r)if(i==="class")e.class!==r.class&&(e.class=Pt([e.class,r.class]));else if(i==="style")e.style=Qe([e.style,r.style]);else if(Td(i)){const o=e[i],l=r[i];l&&o!==l&&!(pe(o)&&o.includes(l))&&(e[i]=o?[].concat(o,l):l)}else i!==""&&(e[i]=r[i])}return e}function fi(t,e,n,r=null){Ni(t,e,7,[n,r])}const C2=wv();let x2=0;function w2(t,e,n){const r=t.type,i=(e?e.appContext:t.appContext)||C2,o={uid:x2++,vnode:t,type:r,parent:e,appContext:i,root:null,next:null,subTree:null,effect:null,update:null,job:null,scope:new iw(!0),render:null,proxy:null,exposed:null,exposeProxy:null,withProxy:null,provides:e?e.provides:Object.create(i.provides),ids:e?e.ids:["",0,0],accessCache:null,renderCache:[],components:null,directives:null,propsOptions:Dv(r,i),emitsOptions:Gv(r,i),emit:null,emitted:null,propsDefaults:qe,inheritAttrs:r.inheritAttrs,ctx:qe,data:qe,props:qe,attrs:qe,slots:qe,refs:qe,setupState:qe,setupContext:null,suspense:n,suspenseId:n?n.pendingId:0,asyncDep:null,asyncResolved:!1,isMounted:!1,isUnmounted:!1,isDeactivated:!1,bc:null,c:null,bm:null,m:null,bu:null,u:null,um:null,bum:null,da:null,a:null,rtg:null,rtc:null,ec:null,sp:null};return o.ctx={_:o},o.root=e?e.root:o,o.emit=g2.bind(null,o),t.ce&&t.ce(o),o}let wn=null;const I2=()=>wn||On;let ju,yh;{const t=Rd(),e=(n,r)=>{let i;return(i=t[n])||(i=t[n]=[]),i.push(r),o=>{i.length>1?i.forEach(l=>l(o)):i[0](o)}};ju=e("__VUE_INSTANCE_SETTERS__",n=>wn=n),yh=e("__VUE_SSR_SETTERS__",n=>Ul=n)}const Ql=t=>{const e=wn;return ju(t),t.scope.on(),()=>{t.scope.off(),ju(e)}},og=()=>{wn&&wn.scope.off(),ju(null)};function qv(t){return t.vnode.shapeFlag&4}let Ul=!1;function k2(t,e=!1,n=!1){e&&yh(e);const{props:r,children:i}=t.vnode,o=qv(t);i2(t,r,o,e),l2(t,i,n);const l=o?B2(t,e):void 0;return e&&yh(!1),l}function B2(t,e){const n=t.type;t.accessCache=Object.create(null),t.proxy=new Proxy(t.ctx,jw);const{setup:r}=n;if(r){ws();const i=t.setupContext=r.length>1?D2(t):null,o=Ql(t),l=Jl(r,t,0,[t.props,i]),c=YT(l);if(Is(),o(),(c||t.sp)&&!ua(t)&&Rv(t),c){if(l.then(og,og),e)return l.then(u=>{ag(t,u)}).catch(u=>{Ld(u,t,0)});t.asyncDep=l}else ag(t,l)}else jv(t)}function ag(t,e,n){_e(e)?t.type.__ssrInlineRender?t.ssrRender=e:t.render=e:an(e)&&(t.setupState=Ev(e)),jv(t)}function jv(t,e,n){const r=t.type;t.render||(t.render=r.render||Ai);{const i=Ql(t);ws();try{Jw(t)}finally{Is(),i()}}}const P2={get(t,e){return Dn(t,"get",""),t[e]}};function D2(t){const e=n=>{t.exposed=n||{}};return{attrs:new Proxy(t.attrs,P2),slots:t.slots,emit:t.emit,expose:e}}function Cd(t){return t.exposed?t.exposeProxy||(t.exposeProxy=new Proxy(Ev(Lw(t.exposed)),{get(e,n){if(n in e)return e[n];if(n in yl)return yl[n](t)},has(e,n){return n in e||n in yl}})):t.proxy}function M2(t,e=!0){return _e(t)?t.displayName||t.name:t.name||e&&t.__name}function H2(t){return _e(t)&&"__vccOpts"in t}const Dt=(t,e)=>xw(t,e,Ul);function $0(t,e,n){const r=arguments.length;return r===2?an(e)&&!pe(e)?_a(e)?wt(t,null,[e]):wt(t,e):wt(t,null,e):(r>3?n=Array.prototype.slice.call(arguments,2):r===3&&_a(n)&&(n=[n]),wt(t,e,n))}const W2="3.5.13";/**
* @vue/runtime-dom v3.5.13
* (c) 2018-present Yuxi (Evan) You and Vue contributors
* @license MIT
**/let Nh;const lg=typeof window<"u"&&window.trustedTypes;if(lg)try{Nh=lg.createPolicy("vue",{createHTML:t=>t})}catch{}const Jv=Nh?t=>Nh.createHTML(t):t=>t,U2="http://www.w3.org/2000/svg",$2="http://www.w3.org/1998/Math/MathML",zi=typeof document<"u"?document:null,cg=zi&&zi.createElement("template"),F2={insert:(t,e,n)=>{e.insertBefore(t,n||null)},remove:t=>{const e=t.parentNode;e&&e.removeChild(t)},createElement:(t,e,n,r)=>{const i=e==="svg"?zi.createElementNS(U2,t):e==="mathml"?zi.createElementNS($2,t):n?zi.createElement(t,{is:n}):zi.createElement(t);return t==="select"&&r&&r.multiple!=null&&i.setAttribute("multiple",r.multiple),i},createText:t=>zi.createTextNode(t),createComment:t=>zi.createComment(t),setText:(t,e)=>{t.nodeValue=e},setElementText:(t,e)=>{t.textContent=e},parentNode:t=>t.parentNode,nextSibling:t=>t.nextSibling,querySelector:t=>zi.querySelector(t),setScopeId(t,e){t.setAttribute(e,"")},insertStaticContent(t,e,n,r,i,o){const l=n?n.previousSibling:e.lastChild;if(i&&(i===o||i.nextSibling))for(;e.insertBefore(i.cloneNode(!0),n),!(i===o||!(i=i.nextSibling)););else{cg.innerHTML=Jv(r==="svg"?`<svg>${t}</svg>`:r==="mathml"?`<math>${t}</math>`:t);const c=cg.content;if(r==="svg"||r==="mathml"){const u=c.firstChild;for(;u.firstChild;)c.appendChild(u.firstChild);c.removeChild(u)}e.insertBefore(c,n)}return[l?l.nextSibling:e.firstChild,n?n.previousSibling:e.lastChild]}},V2=Symbol("_vtc");function z2(t,e,n){const r=t[V2];r&&(e=(e?[e,...r]:[...r]).join(" ")),e==null?t.removeAttribute("class"):n?t.setAttribute("class",e):t.className=e}const ug=Symbol("_vod"),G2=Symbol("_vsh"),K2=Symbol(""),X2=/(^|;)\s*display\s*:/;function Y2(t,e,n){const r=t.style,i=En(n);let o=!1;if(n&&!i){if(e)if(En(e))for(const l of e.split(";")){const c=l.slice(0,l.indexOf(":")).trim();n[c]==null&&wu(r,c,"")}else for(const l in e)n[l]==null&&wu(r,l,"");for(const l in n)l==="display"&&(o=!0),wu(r,l,n[l])}else if(i){if(e!==n){const l=r[K2];l&&(n+=";"+l),r.cssText=n,o=X2.test(n)}}else e&&t.removeAttribute("style");ug in t&&(t[ug]=o?r.display:"",t[G2]&&(r.display="none"))}const dg=/\s*!important$/;function wu(t,e,n){if(pe(n))n.forEach(r=>wu(t,e,r));else if(n==null&&(n=""),e.startsWith("--"))t.setProperty(e,n);else{const r=q2(t,e);dg.test(n)?t.setProperty(Oo(r),n.replace(dg,""),"important"):t[r]=n}}const fg=["Webkit","Moz","ms"],yp={};function q2(t,e){const n=yp[e];if(n)return n;let r=Hr(e);if(r!=="filter"&&r in t)return yp[e]=r;r=Ad(r);for(let i=0;i<fg.length;i++){const o=fg[i]+r;if(o in t)return yp[e]=o}return e}const pg="http://www.w3.org/1999/xlink";function hg(t,e,n,r,i,o=rw(e)){r&&e.startsWith("xlink:")?n==null?t.removeAttributeNS(pg,e.slice(6,e.length)):t.setAttributeNS(pg,e,n):n==null||o&&!QT(n)?t.removeAttribute(e):t.setAttribute(e,o?"":ns(n)?String(n):n)}function mg(t,e,n,r,i){if(e==="innerHTML"||e==="textContent"){n!=null&&(t[e]=e==="innerHTML"?Jv(n):n);return}const o=t.tagName;if(e==="value"&&o!=="PROGRESS"&&!o.includes("-")){const c=o==="OPTION"?t.getAttribute("value")||"":t.value,u=n==null?t.type==="checkbox"?"on":"":String(n);(c!==u||!("_value"in t))&&(t.value=u),n==null&&t.removeAttribute(e),t._value=n;return}let l=!1;if(n===""||n==null){const c=typeof t[e];c==="boolean"?n=QT(n):n==null&&c==="string"?(n="",l=!0):c==="number"&&(n=0,l=!0)}try{t[e]=n}catch{}l&&t.removeAttribute(i||e)}function Zo(t,e,n,r){t.addEventListener(e,n,r)}function j2(t,e,n,r){t.removeEventListener(e,n,r)}const _g=Symbol("_vei");function J2(t,e,n,r,i=null){const o=t[_g]||(t[_g]={}),l=o[e];if(r&&l)l.value=r;else{const[c,u]=Q2(e);if(r){const p=o[e]=eI(r,i);Zo(t,c,p,u)}else l&&(j2(t,c,l,u),o[e]=void 0)}}const Eg=/(?:Once|Passive|Capture)$/;function Q2(t){let e;if(Eg.test(t)){e={};let r;for(;r=t.match(Eg);)t=t.slice(0,t.length-r[0].length),e[r[0].toLowerCase()]=!0}return[t[2]===":"?t.slice(3):Oo(t.slice(2)),e]}let Np=0;const Z2=Promise.resolve(),tI=()=>Np||(Z2.then(()=>Np=0),Np=Date.now());function eI(t,e){const n=r=>{if(!r._vts)r._vts=Date.now();else if(r._vts<=n.attached)return;Ni(nI(r,n.value),e,5,[r])};return n.value=t,n.attached=tI(),n}function nI(t,e){if(pe(e)){const n=t.stopImmediatePropagation;return t.stopImmediatePropagation=()=>{n.call(t),t._stopped=!0},e.map(r=>i=>!i._stopped&&r&&r(i))}else return e}const gg=t=>t.charCodeAt(0)===111&&t.charCodeAt(1)===110&&t.charCodeAt(2)>96&&t.charCodeAt(2)<123,rI=(t,e,n,r,i,o)=>{const l=i==="svg";e==="class"?z2(t,r,l):e==="style"?Y2(t,n,r):Td(e)?O0(e)||J2(t,e,n,r,o):(e[0]==="."?(e=e.slice(1),!0):e[0]==="^"?(e=e.slice(1),!1):iI(t,e,r,l))?(mg(t,e,r),!t.tagName.includes("-")&&(e==="value"||e==="checked"||e==="selected")&&hg(t,e,r,l,o,e!=="value")):t._isVueCE&&(/[A-Z]/.test(e)||!En(r))?mg(t,Hr(e),r,o,e):(e==="true-value"?t._trueValue=r:e==="false-value"&&(t._falseValue=r),hg(t,e,r,l))};function iI(t,e,n,r){if(r)return!!(e==="innerHTML"||e==="textContent"||e in t&&gg(e)&&_e(n));if(e==="spellcheck"||e==="draggable"||e==="translate"||e==="form"||e==="list"&&t.tagName==="INPUT"||e==="type"&&t.tagName==="TEXTAREA")return!1;if(e==="width"||e==="height"){const i=t.tagName;if(i==="IMG"||i==="VIDEO"||i==="CANVAS"||i==="SOURCE")return!1}return gg(e)&&En(n)?!1:e in t}const Tg=t=>{const e=t.props["onUpdate:modelValue"]||!1;return pe(e)?n=>Nu(e,n):e};function sI(t){t.target.composing=!0}function vg(t){const e=t.target;e.composing&&(e.composing=!1,e.dispatchEvent(new Event("input")))}const Cp=Symbol("_assign"),xp={created(t,{modifiers:{lazy:e,trim:n,number:r}},i){t[Cp]=Tg(i);const o=r||i.props&&i.props.type==="number";Zo(t,e?"change":"input",l=>{if(l.target.composing)return;let c=t.value;n&&(c=c.trim()),o&&(c=Eh(c)),t[Cp](c)}),n&&Zo(t,"change",()=>{t.value=t.value.trim()}),e||(Zo(t,"compositionstart",sI),Zo(t,"compositionend",vg),Zo(t,"change",vg))},mounted(t,{value:e}){t.value=e??""},beforeUpdate(t,{value:e,oldValue:n,modifiers:{lazy:r,trim:i,number:o}},l){if(t[Cp]=Tg(l),t.composing)return;const c=(o||t.type==="number")&&!/^0\d/.test(t.value)?Eh(t.value):t.value,u=e??"";c!==u&&(document.activeElement===t&&t.type!=="range"&&(r&&e===n||i&&t.value.trim()===u)||(t.value=u))}},oI=["ctrl","shift","alt","meta"],aI={stop:t=>t.stopPropagation(),prevent:t=>t.preventDefault(),self:t=>t.target!==t.currentTarget,ctrl:t=>!t.ctrlKey,shift:t=>!t.shiftKey,alt:t=>!t.altKey,meta:t=>!t.metaKey,left:t=>"button"in t&&t.button!==0,middle:t=>"button"in t&&t.button!==1,right:t=>"button"in t&&t.button!==2,exact:(t,e)=>oI.some(n=>t[`${n}Key`]&&!e.includes(n))},Me=(t,e)=>{const n=t._withMods||(t._withMods={}),r=e.join(".");return n[r]||(n[r]=(i,...o)=>{for(let l=0;l<e.length;l++){const c=aI[e[l]];if(c&&c(i,e))return}return t(i,...o)})},lI=Wn({patchProp:rI},F2);let Sg;function cI(){return Sg||(Sg=u2(lI))}const $l=(...t)=>{const e=cI().createApp(...t),{mount:n}=e;return e.mount=r=>{const i=dI(r);if(!i)return;const o=e._component;!_e(o)&&!o.render&&!o.template&&(o.template=i.innerHTML),i.nodeType===1&&(i.textContent="");const l=n(i,!1,uI(i));return i instanceof Element&&(i.removeAttribute("v-cloak"),i.setAttribute("data-v-app","")),l},e};function uI(t){if(t instanceof SVGElement)return"svg";if(typeof MathMLElement=="function"&&t instanceof MathMLElement)return"mathml"}function dI(t){return En(t)?document.querySelector(t):t}var qn="top",Sr="bottom",Ar="right",jn="left",xd="auto",Pa=[qn,Sr,Ar,jn],To="start",ga="end",Qv="clippingParents",F0="viewport",ta="popper",Zv="reference",Ch=Pa.reduce(function(t,e){return t.concat([e+"-"+To,e+"-"+ga])},[]),V0=[].concat(Pa,[xd]).reduce(function(t,e){return t.concat([e,e+"-"+To,e+"-"+ga])},[]),tS="beforeRead",eS="read",nS="afterRead",rS="beforeMain",iS="main",sS="afterMain",oS="beforeWrite",aS="write",lS="afterWrite",cS=[tS,eS,nS,rS,iS,sS,oS,aS,lS];function Ci(t){return t?(t.nodeName||"").toLowerCase():null}function Rr(t){if(t==null)return window;if(t.toString()!=="[object Window]"){var e=t.ownerDocument;return e&&e.defaultView||window}return t}function vo(t){var e=Rr(t).Element;return t instanceof e||t instanceof Element}function Dr(t){var e=Rr(t).HTMLElement;return t instanceof e||t instanceof HTMLElement}function z0(t){if(typeof ShadowRoot>"u")return!1;var e=Rr(t).ShadowRoot;return t instanceof e||t instanceof ShadowRoot}function fI(t){var e=t.state;Object.keys(e.elements).forEach(function(n){var r=e.styles[n]||{},i=e.attributes[n]||{},o=e.elements[n];!Dr(o)||!Ci(o)||(Object.assign(o.style,r),Object.keys(i).forEach(function(l){var c=i[l];c===!1?o.removeAttribute(l):o.setAttribute(l,c===!0?"":c)}))})}function pI(t){var e=t.state,n={popper:{position:e.options.strategy,left:"0",top:"0",margin:"0"},arrow:{position:"absolute"},reference:{}};return Object.assign(e.elements.popper.style,n.popper),e.styles=n,e.elements.arrow&&Object.assign(e.elements.arrow.style,n.arrow),function(){Object.keys(e.elements).forEach(function(r){var i=e.elements[r],o=e.attributes[r]||{},l=Object.keys(e.styles.hasOwnProperty(r)?e.styles[r]:n[r]),c=l.reduce(function(u,p){return u[p]="",u},{});!Dr(i)||!Ci(i)||(Object.assign(i.style,c),Object.keys(o).forEach(function(u){i.removeAttribute(u)}))})}}const wd={name:"applyStyles",enabled:!0,phase:"write",fn:fI,effect:pI,requires:["computeStyles"]};function Ri(t){return t.split("-")[0]}var ho=Math.max,Ju=Math.min,Ta=Math.round;function xh(){var t=navigator.userAgentData;return t!=null&&t.brands&&Array.isArray(t.brands)?t.brands.map(function(e){return e.brand+"/"+e.version}).join(" "):navigator.userAgent}function uS(){return!/^((?!chrome|android).)*safari/i.test(xh())}function va(t,e,n){e===void 0&&(e=!1),n===void 0&&(n=!1);var r=t.getBoundingClientRect(),i=1,o=1;e&&Dr(t)&&(i=t.offsetWidth>0&&Ta(r.width)/t.offsetWidth||1,o=t.offsetHeight>0&&Ta(r.height)/t.offsetHeight||1);var l=vo(t)?Rr(t):window,c=l.visualViewport,u=!uS()&&n,p=(r.left+(u&&c?c.offsetLeft:0))/i,f=(r.top+(u&&c?c.offsetTop:0))/o,E=r.width/i,A=r.height/o;return{width:E,height:A,top:f,right:p+E,bottom:f+A,left:p,x:p,y:f}}function G0(t){var e=va(t),n=t.offsetWidth,r=t.offsetHeight;return Math.abs(e.width-n)<=1&&(n=e.width),Math.abs(e.height-r)<=1&&(r=e.height),{x:t.offsetLeft,y:t.offsetTop,width:n,height:r}}function dS(t,e){var n=e.getRootNode&&e.getRootNode();if(t.contains(e))return!0;if(n&&z0(n)){var r=e;do{if(r&&t.isSameNode(r))return!0;r=r.parentNode||r.host}while(r)}return!1}function Qi(t){return Rr(t).getComputedStyle(t)}function hI(t){return["table","td","th"].indexOf(Ci(t))>=0}function Bs(t){return((vo(t)?t.ownerDocument:t.document)||window.document).documentElement}function Id(t){return Ci(t)==="html"?t:t.assignedSlot||t.parentNode||(z0(t)?t.host:null)||Bs(t)}function Ag(t){return!Dr(t)||Qi(t).position==="fixed"?null:t.offsetParent}function mI(t){var e=/firefox/i.test(xh()),n=/Trident/i.test(xh());if(n&&Dr(t)){var r=Qi(t);if(r.position==="fixed")return null}var i=Id(t);for(z0(i)&&(i=i.host);Dr(i)&&["html","body"].indexOf(Ci(i))<0;){var o=Qi(i);if(o.transform!=="none"||o.perspective!=="none"||o.contain==="paint"||["transform","perspective"].indexOf(o.willChange)!==-1||e&&o.willChange==="filter"||e&&o.filter&&o.filter!=="none")return i;i=i.parentNode}return null}function Zl(t){for(var e=Rr(t),n=Ag(t);n&&hI(n)&&Qi(n).position==="static";)n=Ag(n);return n&&(Ci(n)==="html"||Ci(n)==="body"&&Qi(n).position==="static")?e:n||mI(t)||e}function K0(t){return["top","bottom"].indexOf(t)>=0?"x":"y"}function Cl(t,e,n){return ho(t,Ju(e,n))}function _I(t,e,n){var r=Cl(t,e,n);return r>n?n:r}function fS(){return{top:0,right:0,bottom:0,left:0}}function pS(t){return Object.assign({},fS(),t)}function hS(t,e){return e.reduce(function(n,r){return n[r]=t,n},{})}var EI=function(e,n){return e=typeof e=="function"?e(Object.assign({},n.rects,{placement:n.placement})):e,pS(typeof e!="number"?e:hS(e,Pa))};function gI(t){var e,n=t.state,r=t.name,i=t.options,o=n.elements.arrow,l=n.modifiersData.popperOffsets,c=Ri(n.placement),u=K0(c),p=[jn,Ar].indexOf(c)>=0,f=p?"height":"width";if(!(!o||!l)){var E=EI(i.padding,n),A=G0(o),y=u==="y"?qn:jn,B=u==="y"?Sr:Ar,R=n.rects.reference[f]+n.rects.reference[u]-l[u]-n.rects.popper[f],M=l[u]-n.rects.reference[u],O=Zl(o),L=O?u==="y"?O.clientHeight||0:O.clientWidth||0:0,G=R/2-M/2,g=E[y],$=L-A[f]-E[B],I=L/2-A[f]/2+G,P=Cl(g,I,$),dt=u;n.modifiersData[r]=(e={},e[dt]=P,e.centerOffset=P-I,e)}}function TI(t){var e=t.state,n=t.options,r=n.element,i=r===void 0?"[data-popper-arrow]":r;i!=null&&(typeof i=="string"&&(i=e.elements.popper.querySelector(i),!i)||dS(e.elements.popper,i)&&(e.elements.arrow=i))}const mS={name:"arrow",enabled:!0,phase:"main",fn:gI,effect:TI,requires:["popperOffsets"],requiresIfExists:["preventOverflow"]};function Sa(t){return t.split("-")[1]}var vI={top:"auto",right:"auto",bottom:"auto",left:"auto"};function SI(t,e){var n=t.x,r=t.y,i=e.devicePixelRatio||1;return{x:Ta(n*i)/i||0,y:Ta(r*i)/i||0}}function Rg(t){var e,n=t.popper,r=t.popperRect,i=t.placement,o=t.variation,l=t.offsets,c=t.position,u=t.gpuAcceleration,p=t.adaptive,f=t.roundOffsets,E=t.isFixed,A=l.x,y=A===void 0?0:A,B=l.y,R=B===void 0?0:B,M=typeof f=="function"?f({x:y,y:R}):{x:y,y:R};y=M.x,R=M.y;var O=l.hasOwnProperty("x"),L=l.hasOwnProperty("y"),G=jn,g=qn,$=window;if(p){var I=Zl(n),P="clientHeight",dt="clientWidth";if(I===Rr(n)&&(I=Bs(n),Qi(I).position!=="static"&&c==="absolute"&&(P="scrollHeight",dt="scrollWidth")),I=I,i===qn||(i===jn||i===Ar)&&o===ga){g=Sr;var X=E&&I===$&&$.visualViewport?$.visualViewport.height:I[P];R-=X-r.height,R*=u?1:-1}if(i===jn||(i===qn||i===Sr)&&o===ga){G=Ar;var w=E&&I===$&&$.visualViewport?$.visualViewport.width:I[dt];y-=w-r.width,y*=u?1:-1}}var Z=Object.assign({position:c},p&&vI),H=f===!0?SI({x:y,y:R},Rr(n)):{x:y,y:R};if(y=H.x,R=H.y,u){var b;return Object.assign({},Z,(b={},b[g]=L?"0":"",b[G]=O?"0":"",b.transform=($.devicePixelRatio||1)<=1?"translate("+y+"px, "+R+"px)":"translate3d("+y+"px, "+R+"px, 0)",b))}return Object.assign({},Z,(e={},e[g]=L?R+"px":"",e[G]=O?y+"px":"",e.transform="",e))}function AI(t){var e=t.state,n=t.options,r=n.gpuAcceleration,i=r===void 0?!0:r,o=n.adaptive,l=o===void 0?!0:o,c=n.roundOffsets,u=c===void 0?!0:c,p={placement:Ri(e.placement),variation:Sa(e.placement),popper:e.elements.popper,popperRect:e.rects.popper,gpuAcceleration:i,isFixed:e.options.strategy==="fixed"};e.modifiersData.popperOffsets!=null&&(e.styles.popper=Object.assign({},e.styles.popper,Rg(Object.assign({},p,{offsets:e.modifiersData.popperOffsets,position:e.options.strategy,adaptive:l,roundOffsets:u})))),e.modifiersData.arrow!=null&&(e.styles.arrow=Object.assign({},e.styles.arrow,Rg(Object.assign({},p,{offsets:e.modifiersData.arrow,position:"absolute",adaptive:!1,roundOffsets:u})))),e.attributes.popper=Object.assign({},e.attributes.popper,{"data-popper-placement":e.placement})}const X0={name:"computeStyles",enabled:!0,phase:"beforeWrite",fn:AI,data:{}};var au={passive:!0};function RI(t){var e=t.state,n=t.instance,r=t.options,i=r.scroll,o=i===void 0?!0:i,l=r.resize,c=l===void 0?!0:l,u=Rr(e.elements.popper),p=[].concat(e.scrollParents.reference,e.scrollParents.popper);return o&&p.forEach(function(f){f.addEventListener("scroll",n.update,au)}),c&&u.addEventListener("resize",n.update,au),function(){o&&p.forEach(function(f){f.removeEventListener("scroll",n.update,au)}),c&&u.removeEventListener("resize",n.update,au)}}const Y0={name:"eventListeners",enabled:!0,phase:"write",fn:function(){},effect:RI,data:{}};var bI={left:"right",right:"left",bottom:"top",top:"bottom"};function Iu(t){return t.replace(/left|right|bottom|top/g,function(e){return bI[e]})}var LI={start:"end",end:"start"};function bg(t){return t.replace(/start|end/g,function(e){return LI[e]})}function q0(t){var e=Rr(t),n=e.pageXOffset,r=e.pageYOffset;return{scrollLeft:n,scrollTop:r}}function j0(t){return va(Bs(t)).left+q0(t).scrollLeft}function OI(t,e){var n=Rr(t),r=Bs(t),i=n.visualViewport,o=r.clientWidth,l=r.clientHeight,c=0,u=0;if(i){o=i.width,l=i.height;var p=uS();(p||!p&&e==="fixed")&&(c=i.offsetLeft,u=i.offsetTop)}return{width:o,height:l,x:c+j0(t),y:u}}function yI(t){var e,n=Bs(t),r=q0(t),i=(e=t.ownerDocument)==null?void 0:e.body,o=ho(n.scrollWidth,n.clientWidth,i?i.scrollWidth:0,i?i.clientWidth:0),l=ho(n.scrollHeight,n.clientHeight,i?i.scrollHeight:0,i?i.clientHeight:0),c=-r.scrollLeft+j0(t),u=-r.scrollTop;return Qi(i||n).direction==="rtl"&&(c+=ho(n.clientWidth,i?i.clientWidth:0)-o),{width:o,height:l,x:c,y:u}}function J0(t){var e=Qi(t),n=e.overflow,r=e.overflowX,i=e.overflowY;return/auto|scroll|overlay|hidden/.test(n+i+r)}function _S(t){return["html","body","#document"].indexOf(Ci(t))>=0?t.ownerDocument.body:Dr(t)&&J0(t)?t:_S(Id(t))}function xl(t,e){var n;e===void 0&&(e=[]);var r=_S(t),i=r===((n=t.ownerDocument)==null?void 0:n.body),o=Rr(r),l=i?[o].concat(o.visualViewport||[],J0(r)?r:[]):r,c=e.concat(l);return i?c:c.concat(xl(Id(l)))}function wh(t){return Object.assign({},t,{left:t.x,top:t.y,right:t.x+t.width,bottom:t.y+t.height})}function NI(t,e){var n=va(t,!1,e==="fixed");return n.top=n.top+t.clientTop,n.left=n.left+t.clientLeft,n.bottom=n.top+t.clientHeight,n.right=n.left+t.clientWidth,n.width=t.clientWidth,n.height=t.clientHeight,n.x=n.left,n.y=n.top,n}function Lg(t,e,n){return e===F0?wh(OI(t,n)):vo(e)?NI(e,n):wh(yI(Bs(t)))}function CI(t){var e=xl(Id(t)),n=["absolute","fixed"].indexOf(Qi(t).position)>=0,r=n&&Dr(t)?Zl(t):t;return vo(r)?e.filter(function(i){return vo(i)&&dS(i,r)&&Ci(i)!=="body"}):[]}function xI(t,e,n,r){var i=e==="clippingParents"?CI(t):[].concat(e),o=[].concat(i,[n]),l=o[0],c=o.reduce(function(u,p){var f=Lg(t,p,r);return u.top=ho(f.top,u.top),u.right=Ju(f.right,u.right),u.bottom=Ju(f.bottom,u.bottom),u.left=ho(f.left,u.left),u},Lg(t,l,r));return c.width=c.right-c.left,c.height=c.bottom-c.top,c.x=c.left,c.y=c.top,c}function ES(t){var e=t.reference,n=t.element,r=t.placement,i=r?Ri(r):null,o=r?Sa(r):null,l=e.x+e.width/2-n.width/2,c=e.y+e.height/2-n.height/2,u;switch(i){case qn:u={x:l,y:e.y-n.height};break;case Sr:u={x:l,y:e.y+e.height};break;case Ar:u={x:e.x+e.width,y:c};break;case jn:u={x:e.x-n.width,y:c};break;default:u={x:e.x,y:e.y}}var p=i?K0(i):null;if(p!=null){var f=p==="y"?"height":"width";switch(o){case To:u[p]=u[p]-(e[f]/2-n[f]/2);break;case ga:u[p]=u[p]+(e[f]/2-n[f]/2);break}}return u}function Aa(t,e){e===void 0&&(e={});var n=e,r=n.placement,i=r===void 0?t.placement:r,o=n.strategy,l=o===void 0?t.strategy:o,c=n.boundary,u=c===void 0?Qv:c,p=n.rootBoundary,f=p===void 0?F0:p,E=n.elementContext,A=E===void 0?ta:E,y=n.altBoundary,B=y===void 0?!1:y,R=n.padding,M=R===void 0?0:R,O=pS(typeof M!="number"?M:hS(M,Pa)),L=A===ta?Zv:ta,G=t.rects.popper,g=t.elements[B?L:A],$=xI(vo(g)?g:g.contextElement||Bs(t.elements.popper),u,f,l),I=va(t.elements.reference),P=ES({reference:I,element:G,placement:i}),dt=wh(Object.assign({},G,P)),X=A===ta?dt:I,w={top:$.top-X.top+O.top,bottom:X.bottom-$.bottom+O.bottom,left:$.left-X.left+O.left,right:X.right-$.right+O.right},Z=t.modifiersData.offset;if(A===ta&&Z){var H=Z[i];Object.keys(w).forEach(function(b){var K=[Ar,Sr].indexOf(b)>=0?1:-1,ht=[qn,Sr].indexOf(b)>=0?"y":"x";w[b]+=H[ht]*K})}return w}function wI(t,e){e===void 0&&(e={});var n=e,r=n.placement,i=n.boundary,o=n.rootBoundary,l=n.padding,c=n.flipVariations,u=n.allowedAutoPlacements,p=u===void 0?V0:u,f=Sa(r),E=f?c?Ch:Ch.filter(function(B){return Sa(B)===f}):Pa,A=E.filter(function(B){return p.indexOf(B)>=0});A.length===0&&(A=E);var y=A.reduce(function(B,R){return B[R]=Aa(t,{placement:R,boundary:i,rootBoundary:o,padding:l})[Ri(R)],B},{});return Object.keys(y).sort(function(B,R){return y[B]-y[R]})}function II(t){if(Ri(t)===xd)return[];var e=Iu(t);return[bg(t),e,bg(e)]}function kI(t){var e=t.state,n=t.options,r=t.name;if(!e.modifiersData[r]._skip){for(var i=n.mainAxis,o=i===void 0?!0:i,l=n.altAxis,c=l===void 0?!0:l,u=n.fallbackPlacements,p=n.padding,f=n.boundary,E=n.rootBoundary,A=n.altBoundary,y=n.flipVariations,B=y===void 0?!0:y,R=n.allowedAutoPlacements,M=e.options.placement,O=Ri(M),L=O===M,G=u||(L||!B?[Iu(M)]:II(M)),g=[M].concat(G).reduce(function(J,C){return J.concat(Ri(C)===xd?wI(e,{placement:C,boundary:f,rootBoundary:E,padding:p,flipVariations:B,allowedAutoPlacements:R}):C)},[]),$=e.rects.reference,I=e.rects.popper,P=new Map,dt=!0,X=g[0],w=0;w<g.length;w++){var Z=g[w],H=Ri(Z),b=Sa(Z)===To,K=[qn,Sr].indexOf(H)>=0,ht=K?"width":"height",tt=Aa(e,{placement:Z,boundary:f,rootBoundary:E,altBoundary:A,padding:p}),ot=K?b?Ar:jn:b?Sr:qn;$[ht]>I[ht]&&(ot=Iu(ot));var ft=Iu(ot),yt=[];if(o&&yt.push(tt[H]<=0),c&&yt.push(tt[ot]<=0,tt[ft]<=0),yt.every(function(J){return J})){X=Z,dt=!1;break}P.set(Z,yt)}if(dt)for(var Lt=B?3:1,lt=function(C){var At=g.find(function($t){var ne=P.get($t);if(ne)return ne.slice(0,C).every(function(He){return He})});if(At)return X=At,"break"},j=Lt;j>0;j--){var U=lt(j);if(U==="break")break}e.placement!==X&&(e.modifiersData[r]._skip=!0,e.placement=X,e.reset=!0)}}const gS={name:"flip",enabled:!0,phase:"main",fn:kI,requiresIfExists:["offset"],data:{_skip:!1}};function Og(t,e,n){return n===void 0&&(n={x:0,y:0}),{top:t.top-e.height-n.y,right:t.right-e.width+n.x,bottom:t.bottom-e.height+n.y,left:t.left-e.width-n.x}}function yg(t){return[qn,Ar,Sr,jn].some(function(e){return t[e]>=0})}function BI(t){var e=t.state,n=t.name,r=e.rects.reference,i=e.rects.popper,o=e.modifiersData.preventOverflow,l=Aa(e,{elementContext:"reference"}),c=Aa(e,{altBoundary:!0}),u=Og(l,r),p=Og(c,i,o),f=yg(u),E=yg(p);e.modifiersData[n]={referenceClippingOffsets:u,popperEscapeOffsets:p,isReferenceHidden:f,hasPopperEscaped:E},e.attributes.popper=Object.assign({},e.attributes.popper,{"data-popper-reference-hidden":f,"data-popper-escaped":E})}const TS={name:"hide",enabled:!0,phase:"main",requiresIfExists:["preventOverflow"],fn:BI};function PI(t,e,n){var r=Ri(t),i=[jn,qn].indexOf(r)>=0?-1:1,o=typeof n=="function"?n(Object.assign({},e,{placement:t})):n,l=o[0],c=o[1];return l=l||0,c=(c||0)*i,[jn,Ar].indexOf(r)>=0?{x:c,y:l}:{x:l,y:c}}function DI(t){var e=t.state,n=t.options,r=t.name,i=n.offset,o=i===void 0?[0,0]:i,l=V0.reduce(function(f,E){return f[E]=PI(E,e.rects,o),f},{}),c=l[e.placement],u=c.x,p=c.y;e.modifiersData.popperOffsets!=null&&(e.modifiersData.popperOffsets.x+=u,e.modifiersData.popperOffsets.y+=p),e.modifiersData[r]=l}const vS={name:"offset",enabled:!0,phase:"main",requires:["popperOffsets"],fn:DI};function MI(t){var e=t.state,n=t.name;e.modifiersData[n]=ES({reference:e.rects.reference,element:e.rects.popper,placement:e.placement})}const Q0={name:"popperOffsets",enabled:!0,phase:"read",fn:MI,data:{}};function HI(t){return t==="x"?"y":"x"}function WI(t){var e=t.state,n=t.options,r=t.name,i=n.mainAxis,o=i===void 0?!0:i,l=n.altAxis,c=l===void 0?!1:l,u=n.boundary,p=n.rootBoundary,f=n.altBoundary,E=n.padding,A=n.tether,y=A===void 0?!0:A,B=n.tetherOffset,R=B===void 0?0:B,M=Aa(e,{boundary:u,rootBoundary:p,padding:E,altBoundary:f}),O=Ri(e.placement),L=Sa(e.placement),G=!L,g=K0(O),$=HI(g),I=e.modifiersData.popperOffsets,P=e.rects.reference,dt=e.rects.popper,X=typeof R=="function"?R(Object.assign({},e.rects,{placement:e.placement})):R,w=typeof X=="number"?{mainAxis:X,altAxis:X}:Object.assign({mainAxis:0,altAxis:0},X),Z=e.modifiersData.offset?e.modifiersData.offset[e.placement]:null,H={x:0,y:0};if(I){if(o){var b,K=g==="y"?qn:jn,ht=g==="y"?Sr:Ar,tt=g==="y"?"height":"width",ot=I[g],ft=ot+M[K],yt=ot-M[ht],Lt=y?-dt[tt]/2:0,lt=L===To?P[tt]:dt[tt],j=L===To?-dt[tt]:-P[tt],U=e.elements.arrow,J=y&&U?G0(U):{width:0,height:0},C=e.modifiersData["arrow#persistent"]?e.modifiersData["arrow#persistent"].padding:fS(),At=C[K],$t=C[ht],ne=Cl(0,P[tt],J[tt]),He=G?P[tt]/2-Lt-ne-At-w.mainAxis:lt-ne-At-w.mainAxis,we=G?-P[tt]/2+Lt+ne+$t+w.mainAxis:j+ne+$t+w.mainAxis,ln=e.elements.arrow&&Zl(e.elements.arrow),V=ln?g==="y"?ln.clientTop||0:ln.clientLeft||0:0,Y=(b=Z?.[g])!=null?b:0,st=ot+He-Y-V,bt=ot+we-Y,Tt=Cl(y?Ju(ft,st):ft,ot,y?ho(yt,bt):yt);I[g]=Tt,H[g]=Tt-ot}if(c){var gt,rt=g==="x"?qn:jn,at=g==="x"?Sr:Ar,mt=I[$],pt=$==="y"?"height":"width",Mt=mt+M[rt],xt=mt-M[at],Ut=[qn,jn].indexOf(O)!==-1,Yt=(gt=Z?.[$])!=null?gt:0,te=Ut?Mt:mt-P[pt]-dt[pt]-Yt+w.altAxis,fe=Ut?mt+P[pt]+dt[pt]-Yt-w.altAxis:xt,ce=y&&Ut?_I(te,mt,fe):Cl(y?te:Mt,mt,y?fe:xt);I[$]=ce,H[$]=ce-mt}e.modifiersData[r]=H}}const SS={name:"preventOverflow",enabled:!0,phase:"main",fn:WI,requiresIfExists:["offset"]};function UI(t){return{scrollLeft:t.scrollLeft,scrollTop:t.scrollTop}}function $I(t){return t===Rr(t)||!Dr(t)?q0(t):UI(t)}function FI(t){var e=t.getBoundingClientRect(),n=Ta(e.width)/t.offsetWidth||1,r=Ta(e.height)/t.offsetHeight||1;return n!==1||r!==1}function VI(t,e,n){n===void 0&&(n=!1);var r=Dr(e),i=Dr(e)&&FI(e),o=Bs(e),l=va(t,i,n),c={scrollLeft:0,scrollTop:0},u={x:0,y:0};return(r||!r&&!n)&&((Ci(e)!=="body"||J0(o))&&(c=$I(e)),Dr(e)?(u=va(e,!0),u.x+=e.clientLeft,u.y+=e.clientTop):o&&(u.x=j0(o))),{x:l.left+c.scrollLeft-u.x,y:l.top+c.scrollTop-u.y,width:l.width,height:l.height}}function zI(t){var e=new Map,n=new Set,r=[];t.forEach(function(o){e.set(o.name,o)});function i(o){n.add(o.name);var l=[].concat(o.requires||[],o.requiresIfExists||[]);l.forEach(function(c){if(!n.has(c)){var u=e.get(c);u&&i(u)}}),r.push(o)}return t.forEach(function(o){n.has(o.name)||i(o)}),r}function GI(t){var e=zI(t);return cS.reduce(function(n,r){return n.concat(e.filter(function(i){return i.phase===r}))},[])}function KI(t){var e;return function(){return e||(e=new Promise(function(n){Promise.resolve().then(function(){e=void 0,n(t())})})),e}}function XI(t){var e=t.reduce(function(n,r){var i=n[r.name];return n[r.name]=i?Object.assign({},i,r,{options:Object.assign({},i.options,r.options),data:Object.assign({},i.data,r.data)}):r,n},{});return Object.keys(e).map(function(n){return e[n]})}var Ng={placement:"bottom",modifiers:[],strategy:"absolute"};function Cg(){for(var t=arguments.length,e=new Array(t),n=0;n<t;n++)e[n]=arguments[n];return!e.some(function(r){return!(r&&typeof r.getBoundingClientRect=="function")})}function kd(t){t===void 0&&(t={});var e=t,n=e.defaultModifiers,r=n===void 0?[]:n,i=e.defaultOptions,o=i===void 0?Ng:i;return function(c,u,p){p===void 0&&(p=o);var f={placement:"bottom",orderedModifiers:[],options:Object.assign({},Ng,o),modifiersData:{},elements:{reference:c,popper:u},attributes:{},styles:{}},E=[],A=!1,y={state:f,setOptions:function(O){var L=typeof O=="function"?O(f.options):O;R(),f.options=Object.assign({},o,f.options,L),f.scrollParents={reference:vo(c)?xl(c):c.contextElement?xl(c.contextElement):[],popper:xl(u)};var G=GI(XI([].concat(r,f.options.modifiers)));return f.orderedModifiers=G.filter(function(g){return g.enabled}),B(),y.update()},forceUpdate:function(){if(!A){var O=f.elements,L=O.reference,G=O.popper;if(Cg(L,G)){f.rects={reference:VI(L,Zl(G),f.options.strategy==="fixed"),popper:G0(G)},f.reset=!1,f.placement=f.options.placement,f.orderedModifiers.forEach(function(w){return f.modifiersData[w.name]=Object.assign({},w.data)});for(var g=0;g<f.orderedModifiers.length;g++){if(f.reset===!0){f.reset=!1,g=-1;continue}var $=f.orderedModifiers[g],I=$.fn,P=$.options,dt=P===void 0?{}:P,X=$.name;typeof I=="function"&&(f=I({state:f,options:dt,name:X,instance:y})||f)}}}},update:KI(function(){return new Promise(function(M){y.forceUpdate(),M(f)})}),destroy:function(){R(),A=!0}};if(!Cg(c,u))return y;y.setOptions(p).then(function(M){!A&&p.onFirstUpdate&&p.onFirstUpdate(M)});function B(){f.orderedModifiers.forEach(function(M){var O=M.name,L=M.options,G=L===void 0?{}:L,g=M.effect;if(typeof g=="function"){var $=g({state:f,name:O,instance:y,options:G}),I=function(){};E.push($||I)}})}function R(){E.forEach(function(M){return M()}),E=[]}return y}}var YI=kd(),qI=[Y0,Q0,X0,wd],jI=kd({defaultModifiers:qI}),JI=[Y0,Q0,X0,wd,vS,gS,SS,mS,TS],Bd=kd({defaultModifiers:JI});const AS=Object.freeze(Object.defineProperty({__proto__:null,afterMain:sS,afterRead:nS,afterWrite:lS,applyStyles:wd,arrow:mS,auto:xd,basePlacements:Pa,beforeMain:rS,beforeRead:tS,beforeWrite:oS,bottom:Sr,clippingParents:Qv,computeStyles:X0,createPopper:Bd,createPopperBase:YI,createPopperLite:jI,detectOverflow:Aa,end:ga,eventListeners:Y0,flip:gS,hide:TS,left:jn,main:iS,modifierPhases:cS,offset:vS,placements:V0,popper:ta,popperGenerator:kd,popperOffsets:Q0,preventOverflow:SS,read:eS,reference:Zv,right:Ar,start:To,top:qn,variationPlacements:Ch,viewport:F0,write:aS},Symbol.toStringTag,{value:"Module"}));/*!
  * Bootstrap v5.3.3 (https://getbootstrap.com/)
  * Copyright 2011-2024 The Bootstrap Authors (https://github.com/twbs/bootstrap/graphs/contributors)
  * Licensed under MIT (https://github.com/twbs/bootstrap/blob/main/LICENSE)
  */const _s=new Map,wp={set(t,e,n){_s.has(t)||_s.set(t,new Map);const r=_s.get(t);if(!r.has(e)&&r.size!==0){console.error(`Bootstrap doesn't allow more than one instance per element. Bound instance: ${Array.from(r.keys())[0]}.`);return}r.set(e,n)},get(t,e){return _s.has(t)&&_s.get(t).get(e)||null},remove(t,e){if(!_s.has(t))return;const n=_s.get(t);n.delete(e),n.size===0&&_s.delete(t)}},QI=1e6,ZI=1e3,Ih="transitionend",RS=t=>(t&&window.CSS&&window.CSS.escape&&(t=t.replace(/#([^\s"#']+)/g,(e,n)=>`#${CSS.escape(n)}`)),t),tk=t=>t==null?`${t}`:Object.prototype.toString.call(t).match(/\s([a-z]+)/i)[1].toLowerCase(),ek=t=>{do t+=Math.floor(Math.random()*QI);while(document.getElementById(t));return t},nk=t=>{if(!t)return 0;let{transitionDuration:e,transitionDelay:n}=window.getComputedStyle(t);const r=Number.parseFloat(e),i=Number.parseFloat(n);return!r&&!i?0:(e=e.split(",")[0],n=n.split(",")[0],(Number.parseFloat(e)+Number.parseFloat(n))*ZI)},bS=t=>{t.dispatchEvent(new Event(Ih))},ji=t=>!t||typeof t!="object"?!1:(typeof t.jquery<"u"&&(t=t[0]),typeof t.nodeType<"u"),Ls=t=>ji(t)?t.jquery?t[0]:t:typeof t=="string"&&t.length>0?document.querySelector(RS(t)):null,Da=t=>{if(!ji(t)||t.getClientRects().length===0)return!1;const e=getComputedStyle(t).getPropertyValue("visibility")==="visible",n=t.closest("details:not([open])");if(!n)return e;if(n!==t){const r=t.closest("summary");if(r&&r.parentNode!==n||r===null)return!1}return e},Os=t=>!t||t.nodeType!==Node.ELEMENT_NODE||t.classList.contains("disabled")?!0:typeof t.disabled<"u"?t.disabled:t.hasAttribute("disabled")&&t.getAttribute("disabled")!=="false",LS=t=>{if(!document.documentElement.attachShadow)return null;if(typeof t.getRootNode=="function"){const e=t.getRootNode();return e instanceof ShadowRoot?e:null}return t instanceof ShadowRoot?t:t.parentNode?LS(t.parentNode):null},Qu=()=>{},tc=t=>{t.offsetHeight},OS=()=>window.jQuery&&!document.body.hasAttribute("data-bs-no-jquery")?window.jQuery:null,Ip=[],rk=t=>{document.readyState==="loading"?(Ip.length||document.addEventListener("DOMContentLoaded",()=>{for(const e of Ip)e()}),Ip.push(t)):t()},Wr=()=>document.documentElement.dir==="rtl",Vr=t=>{rk(()=>{const e=OS();if(e){const n=t.NAME,r=e.fn[n];e.fn[n]=t.jQueryInterface,e.fn[n].Constructor=t,e.fn[n].noConflict=()=>(e.fn[n]=r,t.jQueryInterface)}})},rr=(t,e=[],n=t)=>typeof t=="function"?t(...e):n,yS=(t,e,n=!0)=>{if(!n){rr(t);return}const i=nk(e)+5;let o=!1;const l=({target:c})=>{c===e&&(o=!0,e.removeEventListener(Ih,l),rr(t))};e.addEventListener(Ih,l),setTimeout(()=>{o||bS(e)},i)},Z0=(t,e,n,r)=>{const i=t.length;let o=t.indexOf(e);return o===-1?!n&&r?t[i-1]:t[0]:(o+=n?1:-1,r&&(o=(o+i)%i),t[Math.max(0,Math.min(o,i-1))])},ik=/[^.]*(?=\..*)\.|.*/,sk=/\..*/,ok=/::\d+$/,kp={};let xg=1;const NS={mouseenter:"mouseover",mouseleave:"mouseout"},ak=new Set(["click","dblclick","mouseup","mousedown","contextmenu","mousewheel","DOMMouseScroll","mouseover","mouseout","mousemove","selectstart","selectend","keydown","keypress","keyup","orientationchange","touchstart","touchmove","touchend","touchcancel","pointerdown","pointermove","pointerup","pointerleave","pointercancel","gesturestart","gesturechange","gestureend","focus","blur","change","reset","select","submit","focusin","focusout","load","unload","beforeunload","resize","move","DOMContentLoaded","readystatechange","error","abort","scroll"]);function CS(t,e){return e&&`${e}::${xg++}`||t.uidEvent||xg++}function xS(t){const e=CS(t);return t.uidEvent=e,kp[e]=kp[e]||{},kp[e]}function lk(t,e){return function n(r){return tm(r,{delegateTarget:t}),n.oneOff&&Ct.off(t,r.type,e),e.apply(t,[r])}}function ck(t,e,n){return function r(i){const o=t.querySelectorAll(e);for(let{target:l}=i;l&&l!==this;l=l.parentNode)for(const c of o)if(c===l)return tm(i,{delegateTarget:l}),r.oneOff&&Ct.off(t,i.type,e,n),n.apply(l,[i])}}function wS(t,e,n=null){return Object.values(t).find(r=>r.callable===e&&r.delegationSelector===n)}function IS(t,e,n){const r=typeof e=="string",i=r?n:e||n;let o=kS(t);return ak.has(o)||(o=t),[r,i,o]}function wg(t,e,n,r,i){if(typeof e!="string"||!t)return;let[o,l,c]=IS(e,n,r);e in NS&&(l=(B=>function(R){if(!R.relatedTarget||R.relatedTarget!==R.delegateTarget&&!R.delegateTarget.contains(R.relatedTarget))return B.call(this,R)})(l));const u=xS(t),p=u[c]||(u[c]={}),f=wS(p,l,o?n:null);if(f){f.oneOff=f.oneOff&&i;return}const E=CS(l,e.replace(ik,"")),A=o?ck(t,n,l):lk(t,l);A.delegationSelector=o?n:null,A.callable=l,A.oneOff=i,A.uidEvent=E,p[E]=A,t.addEventListener(c,A,o)}function kh(t,e,n,r,i){const o=wS(e[n],r,i);o&&(t.removeEventListener(n,o,!!i),delete e[n][o.uidEvent])}function uk(t,e,n,r){const i=e[n]||{};for(const[o,l]of Object.entries(i))o.includes(r)&&kh(t,e,n,l.callable,l.delegationSelector)}function kS(t){return t=t.replace(sk,""),NS[t]||t}const Ct={on(t,e,n,r){wg(t,e,n,r,!1)},one(t,e,n,r){wg(t,e,n,r,!0)},off(t,e,n,r){if(typeof e!="string"||!t)return;const[i,o,l]=IS(e,n,r),c=l!==e,u=xS(t),p=u[l]||{},f=e.startsWith(".");if(typeof o<"u"){if(!Object.keys(p).length)return;kh(t,u,l,o,i?n:null);return}if(f)for(const E of Object.keys(u))uk(t,u,E,e.slice(1));for(const[E,A]of Object.entries(p)){const y=E.replace(ok,"");(!c||e.includes(y))&&kh(t,u,l,A.callable,A.delegationSelector)}},trigger(t,e,n){if(typeof e!="string"||!t)return null;const r=OS(),i=kS(e),o=e!==i;let l=null,c=!0,u=!0,p=!1;o&&r&&(l=r.Event(e,n),r(t).trigger(l),c=!l.isPropagationStopped(),u=!l.isImmediatePropagationStopped(),p=l.isDefaultPrevented());const f=tm(new Event(e,{bubbles:c,cancelable:!0}),n);return p&&f.preventDefault(),u&&t.dispatchEvent(f),f.defaultPrevented&&l&&l.preventDefault(),f}};function tm(t,e={}){for(const[n,r]of Object.entries(e))try{t[n]=r}catch{Object.defineProperty(t,n,{configurable:!0,get(){return r}})}return t}function Ig(t){if(t==="true")return!0;if(t==="false")return!1;if(t===Number(t).toString())return Number(t);if(t===""||t==="null")return null;if(typeof t!="string")return t;try{return JSON.parse(decodeURIComponent(t))}catch{return t}}function Bp(t){return t.replace(/[A-Z]/g,e=>`-${e.toLowerCase()}`)}const Ji={setDataAttribute(t,e,n){t.setAttribute(`data-bs-${Bp(e)}`,n)},removeDataAttribute(t,e){t.removeAttribute(`data-bs-${Bp(e)}`)},getDataAttributes(t){if(!t)return{};const e={},n=Object.keys(t.dataset).filter(r=>r.startsWith("bs")&&!r.startsWith("bsConfig"));for(const r of n){let i=r.replace(/^bs/,"");i=i.charAt(0).toLowerCase()+i.slice(1,i.length),e[i]=Ig(t.dataset[r])}return e},getDataAttribute(t,e){return Ig(t.getAttribute(`data-bs-${Bp(e)}`))}};class ec{static get Default(){return{}}static get DefaultType(){return{}}static get NAME(){throw new Error('You have to implement the static method "NAME", for each component!')}_getConfig(e){return e=this._mergeConfigObj(e),e=this._configAfterMerge(e),this._typeCheckConfig(e),e}_configAfterMerge(e){return e}_mergeConfigObj(e,n){const r=ji(n)?Ji.getDataAttribute(n,"config"):{};return{...this.constructor.Default,...typeof r=="object"?r:{},...ji(n)?Ji.getDataAttributes(n):{},...typeof e=="object"?e:{}}}_typeCheckConfig(e,n=this.constructor.DefaultType){for(const[r,i]of Object.entries(n)){const o=e[r],l=ji(o)?"element":tk(o);if(!new RegExp(i).test(l))throw new TypeError(`${this.constructor.NAME.toUpperCase()}: Option "${r}" provided type "${l}" but expected type "${i}".`)}}}const dk="5.3.3";class ri extends ec{constructor(e,n){super(),e=Ls(e),e&&(this._element=e,this._config=this._getConfig(n),wp.set(this._element,this.constructor.DATA_KEY,this))}dispose(){wp.remove(this._element,this.constructor.DATA_KEY),Ct.off(this._element,this.constructor.EVENT_KEY);for(const e of Object.getOwnPropertyNames(this))this[e]=null}_queueCallback(e,n,r=!0){yS(e,n,r)}_getConfig(e){return e=this._mergeConfigObj(e,this._element),e=this._configAfterMerge(e),this._typeCheckConfig(e),e}static getInstance(e){return wp.get(Ls(e),this.DATA_KEY)}static getOrCreateInstance(e,n={}){return this.getInstance(e)||new this(e,typeof n=="object"?n:null)}static get VERSION(){return dk}static get DATA_KEY(){return`bs.${this.NAME}`}static get EVENT_KEY(){return`.${this.DATA_KEY}`}static eventName(e){return`${e}${this.EVENT_KEY}`}}const Pp=t=>{let e=t.getAttribute("data-bs-target");if(!e||e==="#"){let n=t.getAttribute("href");if(!n||!n.includes("#")&&!n.startsWith("."))return null;n.includes("#")&&!n.startsWith("#")&&(n=`#${n.split("#")[1]}`),e=n&&n!=="#"?n.trim():null}return e?e.split(",").map(n=>RS(n)).join(","):null},ee={find(t,e=document.documentElement){return[].concat(...Element.prototype.querySelectorAll.call(e,t))},findOne(t,e=document.documentElement){return Element.prototype.querySelector.call(e,t)},children(t,e){return[].concat(...t.children).filter(n=>n.matches(e))},parents(t,e){const n=[];let r=t.parentNode.closest(e);for(;r;)n.push(r),r=r.parentNode.closest(e);return n},prev(t,e){let n=t.previousElementSibling;for(;n;){if(n.matches(e))return[n];n=n.previousElementSibling}return[]},next(t,e){let n=t.nextElementSibling;for(;n;){if(n.matches(e))return[n];n=n.nextElementSibling}return[]},focusableChildren(t){const e=["a","button","input","textarea","select","details","[tabindex]",'[contenteditable="true"]'].map(n=>`${n}:not([tabindex^="-"])`).join(",");return this.find(e,t).filter(n=>!Os(n)&&Da(n))},getSelectorFromElement(t){const e=Pp(t);return e&&ee.findOne(e)?e:null},getElementFromSelector(t){const e=Pp(t);return e?ee.findOne(e):null},getMultipleElementsFromSelector(t){const e=Pp(t);return e?ee.find(e):[]}},Pd=(t,e="hide")=>{const n=`click.dismiss${t.EVENT_KEY}`,r=t.NAME;Ct.on(document,n,`[data-bs-dismiss="${r}"]`,function(i){if(["A","AREA"].includes(this.tagName)&&i.preventDefault(),Os(this))return;const o=ee.getElementFromSelector(this)||this.closest(`.${r}`);t.getOrCreateInstance(o)[e]()})},fk="alert",pk="bs.alert",BS=`.${pk}`,hk=`close${BS}`,mk=`closed${BS}`,_k="fade",Ek="show";class Dd extends ri{static get NAME(){return fk}close(){if(Ct.trigger(this._element,hk).defaultPrevented)return;this._element.classList.remove(Ek);const n=this._element.classList.contains(_k);this._queueCallback(()=>this._destroyElement(),this._element,n)}_destroyElement(){this._element.remove(),Ct.trigger(this._element,mk),this.dispose()}static jQueryInterface(e){return this.each(function(){const n=Dd.getOrCreateInstance(this);if(typeof e=="string"){if(n[e]===void 0||e.startsWith("_")||e==="constructor")throw new TypeError(`No method named "${e}"`);n[e](this)}})}}Pd(Dd,"close");Vr(Dd);const gk="button",Tk="bs.button",vk=`.${Tk}`,Sk=".data-api",Ak="active",kg='[data-bs-toggle="button"]',Rk=`click${vk}${Sk}`;class Md extends ri{static get NAME(){return gk}toggle(){this._element.setAttribute("aria-pressed",this._element.classList.toggle(Ak))}static jQueryInterface(e){return this.each(function(){const n=Md.getOrCreateInstance(this);e==="toggle"&&n[e]()})}}Ct.on(document,Rk,kg,t=>{t.preventDefault();const e=t.target.closest(kg);Md.getOrCreateInstance(e).toggle()});Vr(Md);const bk="swipe",Ma=".bs.swipe",Lk=`touchstart${Ma}`,Ok=`touchmove${Ma}`,yk=`touchend${Ma}`,Nk=`pointerdown${Ma}`,Ck=`pointerup${Ma}`,xk="touch",wk="pen",Ik="pointer-event",kk=40,Bk={endCallback:null,leftCallback:null,rightCallback:null},Pk={endCallback:"(function|null)",leftCallback:"(function|null)",rightCallback:"(function|null)"};class Zu extends ec{constructor(e,n){super(),this._element=e,!(!e||!Zu.isSupported())&&(this._config=this._getConfig(n),this._deltaX=0,this._supportPointerEvents=!!window.PointerEvent,this._initEvents())}static get Default(){return Bk}static get DefaultType(){return Pk}static get NAME(){return bk}dispose(){Ct.off(this._element,Ma)}_start(e){if(!this._supportPointerEvents){this._deltaX=e.touches[0].clientX;return}this._eventIsPointerPenTouch(e)&&(this._deltaX=e.clientX)}_end(e){this._eventIsPointerPenTouch(e)&&(this._deltaX=e.clientX-this._deltaX),this._handleSwipe(),rr(this._config.endCallback)}_move(e){this._deltaX=e.touches&&e.touches.length>1?0:e.touches[0].clientX-this._deltaX}_handleSwipe(){const e=Math.abs(this._deltaX);if(e<=kk)return;const n=e/this._deltaX;this._deltaX=0,n&&rr(n>0?this._config.rightCallback:this._config.leftCallback)}_initEvents(){this._supportPointerEvents?(Ct.on(this._element,Nk,e=>this._start(e)),Ct.on(this._element,Ck,e=>this._end(e)),this._element.classList.add(Ik)):(Ct.on(this._element,Lk,e=>this._start(e)),Ct.on(this._element,Ok,e=>this._move(e)),Ct.on(this._element,yk,e=>this._end(e)))}_eventIsPointerPenTouch(e){return this._supportPointerEvents&&(e.pointerType===wk||e.pointerType===xk)}static isSupported(){return"ontouchstart"in document.documentElement||navigator.maxTouchPoints>0}}const Dk="carousel",Mk="bs.carousel",Ps=`.${Mk}`,PS=".data-api",Hk="ArrowLeft",Wk="ArrowRight",Uk=500,fl="next",jo="prev",ea="left",ku="right",$k=`slide${Ps}`,Dp=`slid${Ps}`,Fk=`keydown${Ps}`,Vk=`mouseenter${Ps}`,zk=`mouseleave${Ps}`,Gk=`dragstart${Ps}`,Kk=`load${Ps}${PS}`,Xk=`click${Ps}${PS}`,DS="carousel",lu="active",Yk="slide",qk="carousel-item-end",jk="carousel-item-start",Jk="carousel-item-next",Qk="carousel-item-prev",MS=".active",HS=".carousel-item",Zk=MS+HS,tB=".carousel-item img",eB=".carousel-indicators",nB="[data-bs-slide], [data-bs-slide-to]",rB='[data-bs-ride="carousel"]',iB={[Hk]:ku,[Wk]:ea},sB={interval:5e3,keyboard:!0,pause:"hover",ride:!1,touch:!0,wrap:!0},oB={interval:"(number|boolean)",keyboard:"boolean",pause:"(string|boolean)",ride:"(boolean|string)",touch:"boolean",wrap:"boolean"};class nc extends ri{constructor(e,n){super(e,n),this._interval=null,this._activeElement=null,this._isSliding=!1,this.touchTimeout=null,this._swipeHelper=null,this._indicatorsElement=ee.findOne(eB,this._element),this._addEventListeners(),this._config.ride===DS&&this.cycle()}static get Default(){return sB}static get DefaultType(){return oB}static get NAME(){return Dk}next(){this._slide(fl)}nextWhenVisible(){!document.hidden&&Da(this._element)&&this.next()}prev(){this._slide(jo)}pause(){this._isSliding&&bS(this._element),this._clearInterval()}cycle(){this._clearInterval(),this._updateInterval(),this._interval=setInterval(()=>this.nextWhenVisible(),this._config.interval)}_maybeEnableCycle(){if(this._config.ride){if(this._isSliding){Ct.one(this._element,Dp,()=>this.cycle());return}this.cycle()}}to(e){const n=this._getItems();if(e>n.length-1||e<0)return;if(this._isSliding){Ct.one(this._element,Dp,()=>this.to(e));return}const r=this._getItemIndex(this._getActive());if(r===e)return;const i=e>r?fl:jo;this._slide(i,n[e])}dispose(){this._swipeHelper&&this._swipeHelper.dispose(),super.dispose()}_configAfterMerge(e){return e.defaultInterval=e.interval,e}_addEventListeners(){this._config.keyboard&&Ct.on(this._element,Fk,e=>this._keydown(e)),this._config.pause==="hover"&&(Ct.on(this._element,Vk,()=>this.pause()),Ct.on(this._element,zk,()=>this._maybeEnableCycle())),this._config.touch&&Zu.isSupported()&&this._addTouchEventListeners()}_addTouchEventListeners(){for(const r of ee.find(tB,this._element))Ct.on(r,Gk,i=>i.preventDefault());const n={leftCallback:()=>this._slide(this._directionToOrder(ea)),rightCallback:()=>this._slide(this._directionToOrder(ku)),endCallback:()=>{this._config.pause==="hover"&&(this.pause(),this.touchTimeout&&clearTimeout(this.touchTimeout),this.touchTimeout=setTimeout(()=>this._maybeEnableCycle(),Uk+this._config.interval))}};this._swipeHelper=new Zu(this._element,n)}_keydown(e){if(/input|textarea/i.test(e.target.tagName))return;const n=iB[e.key];n&&(e.preventDefault(),this._slide(this._directionToOrder(n)))}_getItemIndex(e){return this._getItems().indexOf(e)}_setActiveIndicatorElement(e){if(!this._indicatorsElement)return;const n=ee.findOne(MS,this._indicatorsElement);n.classList.remove(lu),n.removeAttribute("aria-current");const r=ee.findOne(`[data-bs-slide-to="${e}"]`,this._indicatorsElement);r&&(r.classList.add(lu),r.setAttribute("aria-current","true"))}_updateInterval(){const e=this._activeElement||this._getActive();if(!e)return;const n=Number.parseInt(e.getAttribute("data-bs-interval"),10);this._config.interval=n||this._config.defaultInterval}_slide(e,n=null){if(this._isSliding)return;const r=this._getActive(),i=e===fl,o=n||Z0(this._getItems(),r,i,this._config.wrap);if(o===r)return;const l=this._getItemIndex(o),c=y=>Ct.trigger(this._element,y,{relatedTarget:o,direction:this._orderToDirection(e),from:this._getItemIndex(r),to:l});if(c($k).defaultPrevented||!r||!o)return;const p=!!this._interval;this.pause(),this._isSliding=!0,this._setActiveIndicatorElement(l),this._activeElement=o;const f=i?jk:qk,E=i?Jk:Qk;o.classList.add(E),tc(o),r.classList.add(f),o.classList.add(f);const A=()=>{o.classList.remove(f,E),o.classList.add(lu),r.classList.remove(lu,E,f),this._isSliding=!1,c(Dp)};this._queueCallback(A,r,this._isAnimated()),p&&this.cycle()}_isAnimated(){return this._element.classList.contains(Yk)}_getActive(){return ee.findOne(Zk,this._element)}_getItems(){return ee.find(HS,this._element)}_clearInterval(){this._interval&&(clearInterval(this._interval),this._interval=null)}_directionToOrder(e){return Wr()?e===ea?jo:fl:e===ea?fl:jo}_orderToDirection(e){return Wr()?e===jo?ea:ku:e===jo?ku:ea}static jQueryInterface(e){return this.each(function(){const n=nc.getOrCreateInstance(this,e);if(typeof e=="number"){n.to(e);return}if(typeof e=="string"){if(n[e]===void 0||e.startsWith("_")||e==="constructor")throw new TypeError(`No method named "${e}"`);n[e]()}})}}Ct.on(document,Xk,nB,function(t){const e=ee.getElementFromSelector(this);if(!e||!e.classList.contains(DS))return;t.preventDefault();const n=nc.getOrCreateInstance(e),r=this.getAttribute("data-bs-slide-to");if(r){n.to(r),n._maybeEnableCycle();return}if(Ji.getDataAttribute(this,"slide")==="next"){n.next(),n._maybeEnableCycle();return}n.prev(),n._maybeEnableCycle()});Ct.on(window,Kk,()=>{const t=ee.find(rB);for(const e of t)nc.getOrCreateInstance(e)});Vr(nc);const aB="collapse",lB="bs.collapse",rc=`.${lB}`,cB=".data-api",uB=`show${rc}`,dB=`shown${rc}`,fB=`hide${rc}`,pB=`hidden${rc}`,hB=`click${rc}${cB}`,Mp="show",ia="collapse",cu="collapsing",mB="collapsed",_B=`:scope .${ia} .${ia}`,EB="collapse-horizontal",gB="width",TB="height",vB=".collapse.show, .collapse.collapsing",Bh='[data-bs-toggle="collapse"]',SB={parent:null,toggle:!0},AB={parent:"(null|element)",toggle:"boolean"};class Fl extends ri{constructor(e,n){super(e,n),this._isTransitioning=!1,this._triggerArray=[];const r=ee.find(Bh);for(const i of r){const o=ee.getSelectorFromElement(i),l=ee.find(o).filter(c=>c===this._element);o!==null&&l.length&&this._triggerArray.push(i)}this._initializeChildren(),this._config.parent||this._addAriaAndCollapsedClass(this._triggerArray,this._isShown()),this._config.toggle&&this.toggle()}static get Default(){return SB}static get DefaultType(){return AB}static get NAME(){return aB}toggle(){this._isShown()?this.hide():this.show()}show(){if(this._isTransitioning||this._isShown())return;let e=[];if(this._config.parent&&(e=this._getFirstLevelChildren(vB).filter(c=>c!==this._element).map(c=>Fl.getOrCreateInstance(c,{toggle:!1}))),e.length&&e[0]._isTransitioning||Ct.trigger(this._element,uB).defaultPrevented)return;for(const c of e)c.hide();const r=this._getDimension();this._element.classList.remove(ia),this._element.classList.add(cu),this._element.style[r]=0,this._addAriaAndCollapsedClass(this._triggerArray,!0),this._isTransitioning=!0;const i=()=>{this._isTransitioning=!1,this._element.classList.remove(cu),this._element.classList.add(ia,Mp),this._element.style[r]="",Ct.trigger(this._element,dB)},l=`scroll${r[0].toUpperCase()+r.slice(1)}`;this._queueCallback(i,this._element,!0),this._element.style[r]=`${this._element[l]}px`}hide(){if(this._isTransitioning||!this._isShown()||Ct.trigger(this._element,fB).defaultPrevented)return;const n=this._getDimension();this._element.style[n]=`${this._element.getBoundingClientRect()[n]}px`,tc(this._element),this._element.classList.add(cu),this._element.classList.remove(ia,Mp);for(const i of this._triggerArray){const o=ee.getElementFromSelector(i);o&&!this._isShown(o)&&this._addAriaAndCollapsedClass([i],!1)}this._isTransitioning=!0;const r=()=>{this._isTransitioning=!1,this._element.classList.remove(cu),this._element.classList.add(ia),Ct.trigger(this._element,pB)};this._element.style[n]="",this._queueCallback(r,this._element,!0)}_isShown(e=this._element){return e.classList.contains(Mp)}_configAfterMerge(e){return e.toggle=!!e.toggle,e.parent=Ls(e.parent),e}_getDimension(){return this._element.classList.contains(EB)?gB:TB}_initializeChildren(){if(!this._config.parent)return;const e=this._getFirstLevelChildren(Bh);for(const n of e){const r=ee.getElementFromSelector(n);r&&this._addAriaAndCollapsedClass([n],this._isShown(r))}}_getFirstLevelChildren(e){const n=ee.find(_B,this._config.parent);return ee.find(e,this._config.parent).filter(r=>!n.includes(r))}_addAriaAndCollapsedClass(e,n){if(e.length)for(const r of e)r.classList.toggle(mB,!n),r.setAttribute("aria-expanded",n)}static jQueryInterface(e){const n={};return typeof e=="string"&&/show|hide/.test(e)&&(n.toggle=!1),this.each(function(){const r=Fl.getOrCreateInstance(this,n);if(typeof e=="string"){if(typeof r[e]>"u")throw new TypeError(`No method named "${e}"`);r[e]()}})}}Ct.on(document,hB,Bh,function(t){(t.target.tagName==="A"||t.delegateTarget&&t.delegateTarget.tagName==="A")&&t.preventDefault();for(const e of ee.getMultipleElementsFromSelector(this))Fl.getOrCreateInstance(e,{toggle:!1}).toggle()});Vr(Fl);const Bg="dropdown",RB="bs.dropdown",No=`.${RB}`,em=".data-api",bB="Escape",Pg="Tab",LB="ArrowUp",Dg="ArrowDown",OB=2,yB=`hide${No}`,NB=`hidden${No}`,CB=`show${No}`,xB=`shown${No}`,WS=`click${No}${em}`,US=`keydown${No}${em}`,wB=`keyup${No}${em}`,na="show",IB="dropup",kB="dropend",BB="dropstart",PB="dropup-center",DB="dropdown-center",lo='[data-bs-toggle="dropdown"]:not(.disabled):not(:disabled)',MB=`${lo}.${na}`,Bu=".dropdown-menu",HB=".navbar",WB=".navbar-nav",UB=".dropdown-menu .dropdown-item:not(.disabled):not(:disabled)",$B=Wr()?"top-end":"top-start",FB=Wr()?"top-start":"top-end",VB=Wr()?"bottom-end":"bottom-start",zB=Wr()?"bottom-start":"bottom-end",GB=Wr()?"left-start":"right-start",KB=Wr()?"right-start":"left-start",XB="top",YB="bottom",qB={autoClose:!0,boundary:"clippingParents",display:"dynamic",offset:[0,2],popperConfig:null,reference:"toggle"},jB={autoClose:"(boolean|string)",boundary:"(string|element)",display:"string",offset:"(array|string|function)",popperConfig:"(null|object|function)",reference:"(string|element|object)"};class bi extends ri{constructor(e,n){super(e,n),this._popper=null,this._parent=this._element.parentNode,this._menu=ee.next(this._element,Bu)[0]||ee.prev(this._element,Bu)[0]||ee.findOne(Bu,this._parent),this._inNavbar=this._detectNavbar()}static get Default(){return qB}static get DefaultType(){return jB}static get NAME(){return Bg}toggle(){return this._isShown()?this.hide():this.show()}show(){if(Os(this._element)||this._isShown())return;const e={relatedTarget:this._element};if(!Ct.trigger(this._element,CB,e).defaultPrevented){if(this._createPopper(),"ontouchstart"in document.documentElement&&!this._parent.closest(WB))for(const r of[].concat(...document.body.children))Ct.on(r,"mouseover",Qu);this._element.focus(),this._element.setAttribute("aria-expanded",!0),this._menu.classList.add(na),this._element.classList.add(na),Ct.trigger(this._element,xB,e)}}hide(){if(Os(this._element)||!this._isShown())return;const e={relatedTarget:this._element};this._completeHide(e)}dispose(){this._popper&&this._popper.destroy(),super.dispose()}update(){this._inNavbar=this._detectNavbar(),this._popper&&this._popper.update()}_completeHide(e){if(!Ct.trigger(this._element,yB,e).defaultPrevented){if("ontouchstart"in document.documentElement)for(const r of[].concat(...document.body.children))Ct.off(r,"mouseover",Qu);this._popper&&this._popper.destroy(),this._menu.classList.remove(na),this._element.classList.remove(na),this._element.setAttribute("aria-expanded","false"),Ji.removeDataAttribute(this._menu,"popper"),Ct.trigger(this._element,NB,e)}}_getConfig(e){if(e=super._getConfig(e),typeof e.reference=="object"&&!ji(e.reference)&&typeof e.reference.getBoundingClientRect!="function")throw new TypeError(`${Bg.toUpperCase()}: Option "reference" provided type "object" without a required "getBoundingClientRect" method.`);return e}_createPopper(){if(typeof AS>"u")throw new TypeError("Bootstrap's dropdowns require Popper (https://popper.js.org)");let e=this._element;this._config.reference==="parent"?e=this._parent:ji(this._config.reference)?e=Ls(this._config.reference):typeof this._config.reference=="object"&&(e=this._config.reference);const n=this._getPopperConfig();this._popper=Bd(e,this._menu,n)}_isShown(){return this._menu.classList.contains(na)}_getPlacement(){const e=this._parent;if(e.classList.contains(kB))return GB;if(e.classList.contains(BB))return KB;if(e.classList.contains(PB))return XB;if(e.classList.contains(DB))return YB;const n=getComputedStyle(this._menu).getPropertyValue("--bs-position").trim()==="end";return e.classList.contains(IB)?n?FB:$B:n?zB:VB}_detectNavbar(){return this._element.closest(HB)!==null}_getOffset(){const{offset:e}=this._config;return typeof e=="string"?e.split(",").map(n=>Number.parseInt(n,10)):typeof e=="function"?n=>e(n,this._element):e}_getPopperConfig(){const e={placement:this._getPlacement(),modifiers:[{name:"preventOverflow",options:{boundary:this._config.boundary}},{name:"offset",options:{offset:this._getOffset()}}]};return(this._inNavbar||this._config.display==="static")&&(Ji.setDataAttribute(this._menu,"popper","static"),e.modifiers=[{name:"applyStyles",enabled:!1}]),{...e,...rr(this._config.popperConfig,[e])}}_selectMenuItem({key:e,target:n}){const r=ee.find(UB,this._menu).filter(i=>Da(i));r.length&&Z0(r,n,e===Dg,!r.includes(n)).focus()}static jQueryInterface(e){return this.each(function(){const n=bi.getOrCreateInstance(this,e);if(typeof e=="string"){if(typeof n[e]>"u")throw new TypeError(`No method named "${e}"`);n[e]()}})}static clearMenus(e){if(e.button===OB||e.type==="keyup"&&e.key!==Pg)return;const n=ee.find(MB);for(const r of n){const i=bi.getInstance(r);if(!i||i._config.autoClose===!1)continue;const o=e.composedPath(),l=o.includes(i._menu);if(o.includes(i._element)||i._config.autoClose==="inside"&&!l||i._config.autoClose==="outside"&&l||i._menu.contains(e.target)&&(e.type==="keyup"&&e.key===Pg||/input|select|option|textarea|form/i.test(e.target.tagName)))continue;const c={relatedTarget:i._element};e.type==="click"&&(c.clickEvent=e),i._completeHide(c)}}static dataApiKeydownHandler(e){const n=/input|textarea/i.test(e.target.tagName),r=e.key===bB,i=[LB,Dg].includes(e.key);if(!i&&!r||n&&!r)return;e.preventDefault();const o=this.matches(lo)?this:ee.prev(this,lo)[0]||ee.next(this,lo)[0]||ee.findOne(lo,e.delegateTarget.parentNode),l=bi.getOrCreateInstance(o);if(i){e.stopPropagation(),l.show(),l._selectMenuItem(e);return}l._isShown()&&(e.stopPropagation(),l.hide(),o.focus())}}Ct.on(document,US,lo,bi.dataApiKeydownHandler);Ct.on(document,US,Bu,bi.dataApiKeydownHandler);Ct.on(document,WS,bi.clearMenus);Ct.on(document,wB,bi.clearMenus);Ct.on(document,WS,lo,function(t){t.preventDefault(),bi.getOrCreateInstance(this).toggle()});Vr(bi);const $S="backdrop",JB="fade",Mg="show",Hg=`mousedown.bs.${$S}`,QB={className:"modal-backdrop",clickCallback:null,isAnimated:!1,isVisible:!0,rootElement:"body"},ZB={className:"string",clickCallback:"(function|null)",isAnimated:"boolean",isVisible:"boolean",rootElement:"(element|string)"};class FS extends ec{constructor(e){super(),this._config=this._getConfig(e),this._isAppended=!1,this._element=null}static get Default(){return QB}static get DefaultType(){return ZB}static get NAME(){return $S}show(e){if(!this._config.isVisible){rr(e);return}this._append();const n=this._getElement();this._config.isAnimated&&tc(n),n.classList.add(Mg),this._emulateAnimation(()=>{rr(e)})}hide(e){if(!this._config.isVisible){rr(e);return}this._getElement().classList.remove(Mg),this._emulateAnimation(()=>{this.dispose(),rr(e)})}dispose(){this._isAppended&&(Ct.off(this._element,Hg),this._element.remove(),this._isAppended=!1)}_getElement(){if(!this._element){const e=document.createElement("div");e.className=this._config.className,this._config.isAnimated&&e.classList.add(JB),this._element=e}return this._element}_configAfterMerge(e){return e.rootElement=Ls(e.rootElement),e}_append(){if(this._isAppended)return;const e=this._getElement();this._config.rootElement.append(e),Ct.on(e,Hg,()=>{rr(this._config.clickCallback)}),this._isAppended=!0}_emulateAnimation(e){yS(e,this._getElement(),this._config.isAnimated)}}const tP="focustrap",eP="bs.focustrap",td=`.${eP}`,nP=`focusin${td}`,rP=`keydown.tab${td}`,iP="Tab",sP="forward",Wg="backward",oP={autofocus:!0,trapElement:null},aP={autofocus:"boolean",trapElement:"element"};class VS extends ec{constructor(e){super(),this._config=this._getConfig(e),this._isActive=!1,this._lastTabNavDirection=null}static get Default(){return oP}static get DefaultType(){return aP}static get NAME(){return tP}activate(){this._isActive||(this._config.autofocus&&this._config.trapElement.focus(),Ct.off(document,td),Ct.on(document,nP,e=>this._handleFocusin(e)),Ct.on(document,rP,e=>this._handleKeydown(e)),this._isActive=!0)}deactivate(){this._isActive&&(this._isActive=!1,Ct.off(document,td))}_handleFocusin(e){const{trapElement:n}=this._config;if(e.target===document||e.target===n||n.contains(e.target))return;const r=ee.focusableChildren(n);r.length===0?n.focus():this._lastTabNavDirection===Wg?r[r.length-1].focus():r[0].focus()}_handleKeydown(e){e.key===iP&&(this._lastTabNavDirection=e.shiftKey?Wg:sP)}}const Ug=".fixed-top, .fixed-bottom, .is-fixed, .sticky-top",$g=".sticky-top",uu="padding-right",Fg="margin-right";class Ph{constructor(){this._element=document.body}getWidth(){const e=document.documentElement.clientWidth;return Math.abs(window.innerWidth-e)}hide(){const e=this.getWidth();this._disableOverFlow(),this._setElementAttributes(this._element,uu,n=>n+e),this._setElementAttributes(Ug,uu,n=>n+e),this._setElementAttributes($g,Fg,n=>n-e)}reset(){this._resetElementAttributes(this._element,"overflow"),this._resetElementAttributes(this._element,uu),this._resetElementAttributes(Ug,uu),this._resetElementAttributes($g,Fg)}isOverflowing(){return this.getWidth()>0}_disableOverFlow(){this._saveInitialAttribute(this._element,"overflow"),this._element.style.overflow="hidden"}_setElementAttributes(e,n,r){const i=this.getWidth(),o=l=>{if(l!==this._element&&window.innerWidth>l.clientWidth+i)return;this._saveInitialAttribute(l,n);const c=window.getComputedStyle(l).getPropertyValue(n);l.style.setProperty(n,`${r(Number.parseFloat(c))}px`)};this._applyManipulationCallback(e,o)}_saveInitialAttribute(e,n){const r=e.style.getPropertyValue(n);r&&Ji.setDataAttribute(e,n,r)}_resetElementAttributes(e,n){const r=i=>{const o=Ji.getDataAttribute(i,n);if(o===null){i.style.removeProperty(n);return}Ji.removeDataAttribute(i,n),i.style.setProperty(n,o)};this._applyManipulationCallback(e,r)}_applyManipulationCallback(e,n){if(ji(e)){n(e);return}for(const r of ee.find(e,this._element))n(r)}}const lP="modal",cP="bs.modal",Ur=`.${cP}`,uP=".data-api",dP="Escape",fP=`hide${Ur}`,pP=`hidePrevented${Ur}`,zS=`hidden${Ur}`,GS=`show${Ur}`,hP=`shown${Ur}`,mP=`resize${Ur}`,_P=`click.dismiss${Ur}`,EP=`mousedown.dismiss${Ur}`,gP=`keydown.dismiss${Ur}`,TP=`click${Ur}${uP}`,Vg="modal-open",vP="fade",zg="show",Hp="modal-static",SP=".modal.show",AP=".modal-dialog",RP=".modal-body",bP='[data-bs-toggle="modal"]',LP={backdrop:!0,focus:!0,keyboard:!0},OP={backdrop:"(boolean|string)",focus:"boolean",keyboard:"boolean"};class Ra extends ri{constructor(e,n){super(e,n),this._dialog=ee.findOne(AP,this._element),this._backdrop=this._initializeBackDrop(),this._focustrap=this._initializeFocusTrap(),this._isShown=!1,this._isTransitioning=!1,this._scrollBar=new Ph,this._addEventListeners()}static get Default(){return LP}static get DefaultType(){return OP}static get NAME(){return lP}toggle(e){return this._isShown?this.hide():this.show(e)}show(e){this._isShown||this._isTransitioning||Ct.trigger(this._element,GS,{relatedTarget:e}).defaultPrevented||(this._isShown=!0,this._isTransitioning=!0,this._scrollBar.hide(),document.body.classList.add(Vg),this._adjustDialog(),this._backdrop.show(()=>this._showElement(e)))}hide(){!this._isShown||this._isTransitioning||Ct.trigger(this._element,fP).defaultPrevented||(this._isShown=!1,this._isTransitioning=!0,this._focustrap.deactivate(),this._element.classList.remove(zg),this._queueCallback(()=>this._hideModal(),this._element,this._isAnimated()))}dispose(){Ct.off(window,Ur),Ct.off(this._dialog,Ur),this._backdrop.dispose(),this._focustrap.deactivate(),super.dispose()}handleUpdate(){this._adjustDialog()}_initializeBackDrop(){return new FS({isVisible:!!this._config.backdrop,isAnimated:this._isAnimated()})}_initializeFocusTrap(){return new VS({trapElement:this._element})}_showElement(e){document.body.contains(this._element)||document.body.append(this._element),this._element.style.display="block",this._element.removeAttribute("aria-hidden"),this._element.setAttribute("aria-modal",!0),this._element.setAttribute("role","dialog"),this._element.scrollTop=0;const n=ee.findOne(RP,this._dialog);n&&(n.scrollTop=0),tc(this._element),this._element.classList.add(zg);const r=()=>{this._config.focus&&this._focustrap.activate(),this._isTransitioning=!1,Ct.trigger(this._element,hP,{relatedTarget:e})};this._queueCallback(r,this._dialog,this._isAnimated())}_addEventListeners(){Ct.on(this._element,gP,e=>{if(e.key===dP){if(this._config.keyboard){this.hide();return}this._triggerBackdropTransition()}}),Ct.on(window,mP,()=>{this._isShown&&!this._isTransitioning&&this._adjustDialog()}),Ct.on(this._element,EP,e=>{Ct.one(this._element,_P,n=>{if(!(this._element!==e.target||this._element!==n.target)){if(this._config.backdrop==="static"){this._triggerBackdropTransition();return}this._config.backdrop&&this.hide()}})})}_hideModal(){this._element.style.display="none",this._element.setAttribute("aria-hidden",!0),this._element.removeAttribute("aria-modal"),this._element.removeAttribute("role"),this._isTransitioning=!1,this._backdrop.hide(()=>{document.body.classList.remove(Vg),this._resetAdjustments(),this._scrollBar.reset(),Ct.trigger(this._element,zS)})}_isAnimated(){return this._element.classList.contains(vP)}_triggerBackdropTransition(){if(Ct.trigger(this._element,pP).defaultPrevented)return;const n=this._element.scrollHeight>document.documentElement.clientHeight,r=this._element.style.overflowY;r==="hidden"||this._element.classList.contains(Hp)||(n||(this._element.style.overflowY="hidden"),this._element.classList.add(Hp),this._queueCallback(()=>{this._element.classList.remove(Hp),this._queueCallback(()=>{this._element.style.overflowY=r},this._dialog)},this._dialog),this._element.focus())}_adjustDialog(){const e=this._element.scrollHeight>document.documentElement.clientHeight,n=this._scrollBar.getWidth(),r=n>0;if(r&&!e){const i=Wr()?"paddingLeft":"paddingRight";this._element.style[i]=`${n}px`}if(!r&&e){const i=Wr()?"paddingRight":"paddingLeft";this._element.style[i]=`${n}px`}}_resetAdjustments(){this._element.style.paddingLeft="",this._element.style.paddingRight=""}static jQueryInterface(e,n){return this.each(function(){const r=Ra.getOrCreateInstance(this,e);if(typeof e=="string"){if(typeof r[e]>"u")throw new TypeError(`No method named "${e}"`);r[e](n)}})}}Ct.on(document,TP,bP,function(t){const e=ee.getElementFromSelector(this);["A","AREA"].includes(this.tagName)&&t.preventDefault(),Ct.one(e,GS,i=>{i.defaultPrevented||Ct.one(e,zS,()=>{Da(this)&&this.focus()})});const n=ee.findOne(SP);n&&Ra.getInstance(n).hide(),Ra.getOrCreateInstance(e).toggle(this)});Pd(Ra);Vr(Ra);const yP="offcanvas",NP="bs.offcanvas",is=`.${NP}`,KS=".data-api",CP=`load${is}${KS}`,xP="Escape",Gg="show",Kg="showing",Xg="hiding",wP="offcanvas-backdrop",XS=".offcanvas.show",IP=`show${is}`,kP=`shown${is}`,BP=`hide${is}`,Yg=`hidePrevented${is}`,YS=`hidden${is}`,PP=`resize${is}`,DP=`click${is}${KS}`,MP=`keydown.dismiss${is}`,HP='[data-bs-toggle="offcanvas"]',WP={backdrop:!0,keyboard:!0,scroll:!1},UP={backdrop:"(boolean|string)",keyboard:"boolean",scroll:"boolean"};class ys extends ri{constructor(e,n){super(e,n),this._isShown=!1,this._backdrop=this._initializeBackDrop(),this._focustrap=this._initializeFocusTrap(),this._addEventListeners()}static get Default(){return WP}static get DefaultType(){return UP}static get NAME(){return yP}toggle(e){return this._isShown?this.hide():this.show(e)}show(e){if(this._isShown||Ct.trigger(this._element,IP,{relatedTarget:e}).defaultPrevented)return;this._isShown=!0,this._backdrop.show(),this._config.scroll||new Ph().hide(),this._element.setAttribute("aria-modal",!0),this._element.setAttribute("role","dialog"),this._element.classList.add(Kg);const r=()=>{(!this._config.scroll||this._config.backdrop)&&this._focustrap.activate(),this._element.classList.add(Gg),this._element.classList.remove(Kg),Ct.trigger(this._element,kP,{relatedTarget:e})};this._queueCallback(r,this._element,!0)}hide(){if(!this._isShown||Ct.trigger(this._element,BP).defaultPrevented)return;this._focustrap.deactivate(),this._element.blur(),this._isShown=!1,this._element.classList.add(Xg),this._backdrop.hide();const n=()=>{this._element.classList.remove(Gg,Xg),this._element.removeAttribute("aria-modal"),this._element.removeAttribute("role"),this._config.scroll||new Ph().reset(),Ct.trigger(this._element,YS)};this._queueCallback(n,this._element,!0)}dispose(){this._backdrop.dispose(),this._focustrap.deactivate(),super.dispose()}_initializeBackDrop(){const e=()=>{if(this._config.backdrop==="static"){Ct.trigger(this._element,Yg);return}this.hide()},n=!!this._config.backdrop;return new FS({className:wP,isVisible:n,isAnimated:!0,rootElement:this._element.parentNode,clickCallback:n?e:null})}_initializeFocusTrap(){return new VS({trapElement:this._element})}_addEventListeners(){Ct.on(this._element,MP,e=>{if(e.key===xP){if(this._config.keyboard){this.hide();return}Ct.trigger(this._element,Yg)}})}static jQueryInterface(e){return this.each(function(){const n=ys.getOrCreateInstance(this,e);if(typeof e=="string"){if(n[e]===void 0||e.startsWith("_")||e==="constructor")throw new TypeError(`No method named "${e}"`);n[e](this)}})}}Ct.on(document,DP,HP,function(t){const e=ee.getElementFromSelector(this);if(["A","AREA"].includes(this.tagName)&&t.preventDefault(),Os(this))return;Ct.one(e,YS,()=>{Da(this)&&this.focus()});const n=ee.findOne(XS);n&&n!==e&&ys.getInstance(n).hide(),ys.getOrCreateInstance(e).toggle(this)});Ct.on(window,CP,()=>{for(const t of ee.find(XS))ys.getOrCreateInstance(t).show()});Ct.on(window,PP,()=>{for(const t of ee.find("[aria-modal][class*=show][class*=offcanvas-]"))getComputedStyle(t).position!=="fixed"&&ys.getOrCreateInstance(t).hide()});Pd(ys);Vr(ys);const $P=/^aria-[\w-]*$/i,qS={"*":["class","dir","id","lang","role",$P],a:["target","href","title","rel"],area:[],b:[],br:[],col:[],code:[],dd:[],div:[],dl:[],dt:[],em:[],hr:[],h1:[],h2:[],h3:[],h4:[],h5:[],h6:[],i:[],img:["src","srcset","alt","title","width","height"],li:[],ol:[],p:[],pre:[],s:[],small:[],span:[],sub:[],sup:[],strong:[],u:[],ul:[]},FP=new Set(["background","cite","href","itemtype","longdesc","poster","src","xlink:href"]),VP=/^(?!javascript:)(?:[a-z0-9+.-]+:|[^&:/?#]*(?:[/?#]|$))/i,zP=(t,e)=>{const n=t.nodeName.toLowerCase();return e.includes(n)?FP.has(n)?!!VP.test(t.nodeValue):!0:e.filter(r=>r instanceof RegExp).some(r=>r.test(n))};function GP(t,e,n){if(!t.length)return t;if(n&&typeof n=="function")return n(t);const i=new window.DOMParser().parseFromString(t,"text/html"),o=[].concat(...i.body.querySelectorAll("*"));for(const l of o){const c=l.nodeName.toLowerCase();if(!Object.keys(e).includes(c)){l.remove();continue}const u=[].concat(...l.attributes),p=[].concat(e["*"]||[],e[c]||[]);for(const f of u)zP(f,p)||l.removeAttribute(f.nodeName)}return i.body.innerHTML}const KP="TemplateFactory",XP={allowList:qS,content:{},extraClass:"",html:!1,sanitize:!0,sanitizeFn:null,template:"<div></div>"},YP={allowList:"object",content:"object",extraClass:"(string|function)",html:"boolean",sanitize:"boolean",sanitizeFn:"(null|function)",template:"string"},qP={entry:"(string|element|function|null)",selector:"(string|element)"};class jP extends ec{constructor(e){super(),this._config=this._getConfig(e)}static get Default(){return XP}static get DefaultType(){return YP}static get NAME(){return KP}getContent(){return Object.values(this._config.content).map(e=>this._resolvePossibleFunction(e)).filter(Boolean)}hasContent(){return this.getContent().length>0}changeContent(e){return this._checkContent(e),this._config.content={...this._config.content,...e},this}toHtml(){const e=document.createElement("div");e.innerHTML=this._maybeSanitize(this._config.template);for(const[i,o]of Object.entries(this._config.content))this._setContent(e,o,i);const n=e.children[0],r=this._resolvePossibleFunction(this._config.extraClass);return r&&n.classList.add(...r.split(" ")),n}_typeCheckConfig(e){super._typeCheckConfig(e),this._checkContent(e.content)}_checkContent(e){for(const[n,r]of Object.entries(e))super._typeCheckConfig({selector:n,entry:r},qP)}_setContent(e,n,r){const i=ee.findOne(r,e);if(i){if(n=this._resolvePossibleFunction(n),!n){i.remove();return}if(ji(n)){this._putElementInTemplate(Ls(n),i);return}if(this._config.html){i.innerHTML=this._maybeSanitize(n);return}i.textContent=n}}_maybeSanitize(e){return this._config.sanitize?GP(e,this._config.allowList,this._config.sanitizeFn):e}_resolvePossibleFunction(e){return rr(e,[this])}_putElementInTemplate(e,n){if(this._config.html){n.innerHTML="",n.append(e);return}n.textContent=e.textContent}}const JP="tooltip",QP=new Set(["sanitize","allowList","sanitizeFn"]),Wp="fade",ZP="modal",du="show",tD=".tooltip-inner",qg=`.${ZP}`,jg="hide.bs.modal",pl="hover",Up="focus",eD="click",nD="manual",rD="hide",iD="hidden",sD="show",oD="shown",aD="inserted",lD="click",cD="focusin",uD="focusout",dD="mouseenter",fD="mouseleave",pD={AUTO:"auto",TOP:"top",RIGHT:Wr()?"left":"right",BOTTOM:"bottom",LEFT:Wr()?"right":"left"},hD={allowList:qS,animation:!0,boundary:"clippingParents",container:!1,customClass:"",delay:0,fallbackPlacements:["top","right","bottom","left"],html:!1,offset:[0,6],placement:"top",popperConfig:null,sanitize:!0,sanitizeFn:null,selector:!1,template:'<div class="tooltip" role="tooltip"><div class="tooltip-arrow"></div><div class="tooltip-inner"></div></div>',title:"",trigger:"hover focus"},mD={allowList:"object",animation:"boolean",boundary:"(string|element)",container:"(string|element|boolean)",customClass:"(string|function)",delay:"(number|object)",fallbackPlacements:"array",html:"boolean",offset:"(array|string|function)",placement:"(string|function)",popperConfig:"(null|object|function)",sanitize:"boolean",sanitizeFn:"(null|function)",selector:"(string|boolean)",template:"string",title:"(string|element|function)",trigger:"string"};class Ha extends ri{constructor(e,n){if(typeof AS>"u")throw new TypeError("Bootstrap's tooltips require Popper (https://popper.js.org)");super(e,n),this._isEnabled=!0,this._timeout=0,this._isHovered=null,this._activeTrigger={},this._popper=null,this._templateFactory=null,this._newContent=null,this.tip=null,this._setListeners(),this._config.selector||this._fixTitle()}static get Default(){return hD}static get DefaultType(){return mD}static get NAME(){return JP}enable(){this._isEnabled=!0}disable(){this._isEnabled=!1}toggleEnabled(){this._isEnabled=!this._isEnabled}toggle(){if(this._isEnabled){if(this._activeTrigger.click=!this._activeTrigger.click,this._isShown()){this._leave();return}this._enter()}}dispose(){clearTimeout(this._timeout),Ct.off(this._element.closest(qg),jg,this._hideModalHandler),this._element.getAttribute("data-bs-original-title")&&this._element.setAttribute("title",this._element.getAttribute("data-bs-original-title")),this._disposePopper(),super.dispose()}show(){if(this._element.style.display==="none")throw new Error("Please use show on visible elements");if(!(this._isWithContent()&&this._isEnabled))return;const e=Ct.trigger(this._element,this.constructor.eventName(sD)),r=(LS(this._element)||this._element.ownerDocument.documentElement).contains(this._element);if(e.defaultPrevented||!r)return;this._disposePopper();const i=this._getTipElement();this._element.setAttribute("aria-describedby",i.getAttribute("id"));const{container:o}=this._config;if(this._element.ownerDocument.documentElement.contains(this.tip)||(o.append(i),Ct.trigger(this._element,this.constructor.eventName(aD))),this._popper=this._createPopper(i),i.classList.add(du),"ontouchstart"in document.documentElement)for(const c of[].concat(...document.body.children))Ct.on(c,"mouseover",Qu);const l=()=>{Ct.trigger(this._element,this.constructor.eventName(oD)),this._isHovered===!1&&this._leave(),this._isHovered=!1};this._queueCallback(l,this.tip,this._isAnimated())}hide(){if(!this._isShown()||Ct.trigger(this._element,this.constructor.eventName(rD)).defaultPrevented)return;if(this._getTipElement().classList.remove(du),"ontouchstart"in document.documentElement)for(const i of[].concat(...document.body.children))Ct.off(i,"mouseover",Qu);this._activeTrigger[eD]=!1,this._activeTrigger[Up]=!1,this._activeTrigger[pl]=!1,this._isHovered=null;const r=()=>{this._isWithActiveTrigger()||(this._isHovered||this._disposePopper(),this._element.removeAttribute("aria-describedby"),Ct.trigger(this._element,this.constructor.eventName(iD)))};this._queueCallback(r,this.tip,this._isAnimated())}update(){this._popper&&this._popper.update()}_isWithContent(){return!!this._getTitle()}_getTipElement(){return this.tip||(this.tip=this._createTipElement(this._newContent||this._getContentForTemplate())),this.tip}_createTipElement(e){const n=this._getTemplateFactory(e).toHtml();if(!n)return null;n.classList.remove(Wp,du),n.classList.add(`bs-${this.constructor.NAME}-auto`);const r=ek(this.constructor.NAME).toString();return n.setAttribute("id",r),this._isAnimated()&&n.classList.add(Wp),n}setContent(e){this._newContent=e,this._isShown()&&(this._disposePopper(),this.show())}_getTemplateFactory(e){return this._templateFactory?this._templateFactory.changeContent(e):this._templateFactory=new jP({...this._config,content:e,extraClass:this._resolvePossibleFunction(this._config.customClass)}),this._templateFactory}_getContentForTemplate(){return{[tD]:this._getTitle()}}_getTitle(){return this._resolvePossibleFunction(this._config.title)||this._element.getAttribute("data-bs-original-title")}_initializeOnDelegatedTarget(e){return this.constructor.getOrCreateInstance(e.delegateTarget,this._getDelegateConfig())}_isAnimated(){return this._config.animation||this.tip&&this.tip.classList.contains(Wp)}_isShown(){return this.tip&&this.tip.classList.contains(du)}_createPopper(e){const n=rr(this._config.placement,[this,e,this._element]),r=pD[n.toUpperCase()];return Bd(this._element,e,this._getPopperConfig(r))}_getOffset(){const{offset:e}=this._config;return typeof e=="string"?e.split(",").map(n=>Number.parseInt(n,10)):typeof e=="function"?n=>e(n,this._element):e}_resolvePossibleFunction(e){return rr(e,[this._element])}_getPopperConfig(e){const n={placement:e,modifiers:[{name:"flip",options:{fallbackPlacements:this._config.fallbackPlacements}},{name:"offset",options:{offset:this._getOffset()}},{name:"preventOverflow",options:{boundary:this._config.boundary}},{name:"arrow",options:{element:`.${this.constructor.NAME}-arrow`}},{name:"preSetPlacement",enabled:!0,phase:"beforeMain",fn:r=>{this._getTipElement().setAttribute("data-popper-placement",r.state.placement)}}]};return{...n,...rr(this._config.popperConfig,[n])}}_setListeners(){const e=this._config.trigger.split(" ");for(const n of e)if(n==="click")Ct.on(this._element,this.constructor.eventName(lD),this._config.selector,r=>{this._initializeOnDelegatedTarget(r).toggle()});else if(n!==nD){const r=n===pl?this.constructor.eventName(dD):this.constructor.eventName(cD),i=n===pl?this.constructor.eventName(fD):this.constructor.eventName(uD);Ct.on(this._element,r,this._config.selector,o=>{const l=this._initializeOnDelegatedTarget(o);l._activeTrigger[o.type==="focusin"?Up:pl]=!0,l._enter()}),Ct.on(this._element,i,this._config.selector,o=>{const l=this._initializeOnDelegatedTarget(o);l._activeTrigger[o.type==="focusout"?Up:pl]=l._element.contains(o.relatedTarget),l._leave()})}this._hideModalHandler=()=>{this._element&&this.hide()},Ct.on(this._element.closest(qg),jg,this._hideModalHandler)}_fixTitle(){const e=this._element.getAttribute("title");e&&(!this._element.getAttribute("aria-label")&&!this._element.textContent.trim()&&this._element.setAttribute("aria-label",e),this._element.setAttribute("data-bs-original-title",e),this._element.removeAttribute("title"))}_enter(){if(this._isShown()||this._isHovered){this._isHovered=!0;return}this._isHovered=!0,this._setTimeout(()=>{this._isHovered&&this.show()},this._config.delay.show)}_leave(){this._isWithActiveTrigger()||(this._isHovered=!1,this._setTimeout(()=>{this._isHovered||this.hide()},this._config.delay.hide))}_setTimeout(e,n){clearTimeout(this._timeout),this._timeout=setTimeout(e,n)}_isWithActiveTrigger(){return Object.values(this._activeTrigger).includes(!0)}_getConfig(e){const n=Ji.getDataAttributes(this._element);for(const r of Object.keys(n))QP.has(r)&&delete n[r];return e={...n,...typeof e=="object"&&e?e:{}},e=this._mergeConfigObj(e),e=this._configAfterMerge(e),this._typeCheckConfig(e),e}_configAfterMerge(e){return e.container=e.container===!1?document.body:Ls(e.container),typeof e.delay=="number"&&(e.delay={show:e.delay,hide:e.delay}),typeof e.title=="number"&&(e.title=e.title.toString()),typeof e.content=="number"&&(e.content=e.content.toString()),e}_getDelegateConfig(){const e={};for(const[n,r]of Object.entries(this._config))this.constructor.Default[n]!==r&&(e[n]=r);return e.selector=!1,e.trigger="manual",e}_disposePopper(){this._popper&&(this._popper.destroy(),this._popper=null),this.tip&&(this.tip.remove(),this.tip=null)}static jQueryInterface(e){return this.each(function(){const n=Ha.getOrCreateInstance(this,e);if(typeof e=="string"){if(typeof n[e]>"u")throw new TypeError(`No method named "${e}"`);n[e]()}})}}Vr(Ha);const _D="popover",ED=".popover-header",gD=".popover-body",TD={...Ha.Default,content:"",offset:[0,8],placement:"right",template:'<div class="popover" role="tooltip"><div class="popover-arrow"></div><h3 class="popover-header"></h3><div class="popover-body"></div></div>',trigger:"click"},vD={...Ha.DefaultType,content:"(null|string|element|function)"};class nm extends Ha{static get Default(){return TD}static get DefaultType(){return vD}static get NAME(){return _D}_isWithContent(){return this._getTitle()||this._getContent()}_getContentForTemplate(){return{[ED]:this._getTitle(),[gD]:this._getContent()}}_getContent(){return this._resolvePossibleFunction(this._config.content)}static jQueryInterface(e){return this.each(function(){const n=nm.getOrCreateInstance(this,e);if(typeof e=="string"){if(typeof n[e]>"u")throw new TypeError(`No method named "${e}"`);n[e]()}})}}Vr(nm);const SD="scrollspy",AD="bs.scrollspy",rm=`.${AD}`,RD=".data-api",bD=`activate${rm}`,Jg=`click${rm}`,LD=`load${rm}${RD}`,OD="dropdown-item",Jo="active",yD='[data-bs-spy="scroll"]',$p="[href]",ND=".nav, .list-group",Qg=".nav-link",CD=".nav-item",xD=".list-group-item",wD=`${Qg}, ${CD} > ${Qg}, ${xD}`,ID=".dropdown",kD=".dropdown-toggle",BD={offset:null,rootMargin:"0px 0px -25%",smoothScroll:!1,target:null,threshold:[.1,.5,1]},PD={offset:"(number|null)",rootMargin:"string",smoothScroll:"boolean",target:"element",threshold:"array"};class Hd extends ri{constructor(e,n){super(e,n),this._targetLinks=new Map,this._observableSections=new Map,this._rootElement=getComputedStyle(this._element).overflowY==="visible"?null:this._element,this._activeTarget=null,this._observer=null,this._previousScrollData={visibleEntryTop:0,parentScrollTop:0},this.refresh()}static get Default(){return BD}static get DefaultType(){return PD}static get NAME(){return SD}refresh(){this._initializeTargetsAndObservables(),this._maybeEnableSmoothScroll(),this._observer?this._observer.disconnect():this._observer=this._getNewObserver();for(const e of this._observableSections.values())this._observer.observe(e)}dispose(){this._observer.disconnect(),super.dispose()}_configAfterMerge(e){return e.target=Ls(e.target)||document.body,e.rootMargin=e.offset?`${e.offset}px 0px -30%`:e.rootMargin,typeof e.threshold=="string"&&(e.threshold=e.threshold.split(",").map(n=>Number.parseFloat(n))),e}_maybeEnableSmoothScroll(){this._config.smoothScroll&&(Ct.off(this._config.target,Jg),Ct.on(this._config.target,Jg,$p,e=>{const n=this._observableSections.get(e.target.hash);if(n){e.preventDefault();const r=this._rootElement||window,i=n.offsetTop-this._element.offsetTop;if(r.scrollTo){r.scrollTo({top:i,behavior:"smooth"});return}r.scrollTop=i}}))}_getNewObserver(){const e={root:this._rootElement,threshold:this._config.threshold,rootMargin:this._config.rootMargin};return new IntersectionObserver(n=>this._observerCallback(n),e)}_observerCallback(e){const n=l=>this._targetLinks.get(`#${l.target.id}`),r=l=>{this._previousScrollData.visibleEntryTop=l.target.offsetTop,this._process(n(l))},i=(this._rootElement||document.documentElement).scrollTop,o=i>=this._previousScrollData.parentScrollTop;this._previousScrollData.parentScrollTop=i;for(const l of e){if(!l.isIntersecting){this._activeTarget=null,this._clearActiveClass(n(l));continue}const c=l.target.offsetTop>=this._previousScrollData.visibleEntryTop;if(o&&c){if(r(l),!i)return;continue}!o&&!c&&r(l)}}_initializeTargetsAndObservables(){this._targetLinks=new Map,this._observableSections=new Map;const e=ee.find($p,this._config.target);for(const n of e){if(!n.hash||Os(n))continue;const r=ee.findOne(decodeURI(n.hash),this._element);Da(r)&&(this._targetLinks.set(decodeURI(n.hash),n),this._observableSections.set(n.hash,r))}}_process(e){this._activeTarget!==e&&(this._clearActiveClass(this._config.target),this._activeTarget=e,e.classList.add(Jo),this._activateParents(e),Ct.trigger(this._element,bD,{relatedTarget:e}))}_activateParents(e){if(e.classList.contains(OD)){ee.findOne(kD,e.closest(ID)).classList.add(Jo);return}for(const n of ee.parents(e,ND))for(const r of ee.prev(n,wD))r.classList.add(Jo)}_clearActiveClass(e){e.classList.remove(Jo);const n=ee.find(`${$p}.${Jo}`,e);for(const r of n)r.classList.remove(Jo)}static jQueryInterface(e){return this.each(function(){const n=Hd.getOrCreateInstance(this,e);if(typeof e=="string"){if(n[e]===void 0||e.startsWith("_")||e==="constructor")throw new TypeError(`No method named "${e}"`);n[e]()}})}}Ct.on(window,LD,()=>{for(const t of ee.find(yD))Hd.getOrCreateInstance(t)});Vr(Hd);const DD="tab",MD="bs.tab",Co=`.${MD}`,HD=`hide${Co}`,WD=`hidden${Co}`,UD=`show${Co}`,$D=`shown${Co}`,FD=`click${Co}`,VD=`keydown${Co}`,zD=`load${Co}`,GD="ArrowLeft",Zg="ArrowRight",KD="ArrowUp",t1="ArrowDown",Fp="Home",e1="End",co="active",n1="fade",Vp="show",XD="dropdown",jS=".dropdown-toggle",YD=".dropdown-menu",zp=`:not(${jS})`,qD='.list-group, .nav, [role="tablist"]',jD=".nav-item, .list-group-item",JD=`.nav-link${zp}, .list-group-item${zp}, [role="tab"]${zp}`,JS='[data-bs-toggle="tab"], [data-bs-toggle="pill"], [data-bs-toggle="list"]',Gp=`${JD}, ${JS}`,QD=`.${co}[data-bs-toggle="tab"], .${co}[data-bs-toggle="pill"], .${co}[data-bs-toggle="list"]`;class ba extends ri{constructor(e){super(e),this._parent=this._element.closest(qD),this._parent&&(this._setInitialAttributes(this._parent,this._getChildren()),Ct.on(this._element,VD,n=>this._keydown(n)))}static get NAME(){return DD}show(){const e=this._element;if(this._elemIsActive(e))return;const n=this._getActiveElem(),r=n?Ct.trigger(n,HD,{relatedTarget:e}):null;Ct.trigger(e,UD,{relatedTarget:n}).defaultPrevented||r&&r.defaultPrevented||(this._deactivate(n,e),this._activate(e,n))}_activate(e,n){if(!e)return;e.classList.add(co),this._activate(ee.getElementFromSelector(e));const r=()=>{if(e.getAttribute("role")!=="tab"){e.classList.add(Vp);return}e.removeAttribute("tabindex"),e.setAttribute("aria-selected",!0),this._toggleDropDown(e,!0),Ct.trigger(e,$D,{relatedTarget:n})};this._queueCallback(r,e,e.classList.contains(n1))}_deactivate(e,n){if(!e)return;e.classList.remove(co),e.blur(),this._deactivate(ee.getElementFromSelector(e));const r=()=>{if(e.getAttribute("role")!=="tab"){e.classList.remove(Vp);return}e.setAttribute("aria-selected",!1),e.setAttribute("tabindex","-1"),this._toggleDropDown(e,!1),Ct.trigger(e,WD,{relatedTarget:n})};this._queueCallback(r,e,e.classList.contains(n1))}_keydown(e){if(![GD,Zg,KD,t1,Fp,e1].includes(e.key))return;e.stopPropagation(),e.preventDefault();const n=this._getChildren().filter(i=>!Os(i));let r;if([Fp,e1].includes(e.key))r=n[e.key===Fp?0:n.length-1];else{const i=[Zg,t1].includes(e.key);r=Z0(n,e.target,i,!0)}r&&(r.focus({preventScroll:!0}),ba.getOrCreateInstance(r).show())}_getChildren(){return ee.find(Gp,this._parent)}_getActiveElem(){return this._getChildren().find(e=>this._elemIsActive(e))||null}_setInitialAttributes(e,n){this._setAttributeIfNotExists(e,"role","tablist");for(const r of n)this._setInitialAttributesOnChild(r)}_setInitialAttributesOnChild(e){e=this._getInnerElement(e);const n=this._elemIsActive(e),r=this._getOuterElement(e);e.setAttribute("aria-selected",n),r!==e&&this._setAttributeIfNotExists(r,"role","presentation"),n||e.setAttribute("tabindex","-1"),this._setAttributeIfNotExists(e,"role","tab"),this._setInitialAttributesOnTargetPanel(e)}_setInitialAttributesOnTargetPanel(e){const n=ee.getElementFromSelector(e);n&&(this._setAttributeIfNotExists(n,"role","tabpanel"),e.id&&this._setAttributeIfNotExists(n,"aria-labelledby",`${e.id}`))}_toggleDropDown(e,n){const r=this._getOuterElement(e);if(!r.classList.contains(XD))return;const i=(o,l)=>{const c=ee.findOne(o,r);c&&c.classList.toggle(l,n)};i(jS,co),i(YD,Vp),r.setAttribute("aria-expanded",n)}_setAttributeIfNotExists(e,n,r){e.hasAttribute(n)||e.setAttribute(n,r)}_elemIsActive(e){return e.classList.contains(co)}_getInnerElement(e){return e.matches(Gp)?e:ee.findOne(Gp,e)}_getOuterElement(e){return e.closest(jD)||e}static jQueryInterface(e){return this.each(function(){const n=ba.getOrCreateInstance(this);if(typeof e=="string"){if(n[e]===void 0||e.startsWith("_")||e==="constructor")throw new TypeError(`No method named "${e}"`);n[e]()}})}}Ct.on(document,FD,JS,function(t){["A","AREA"].includes(this.tagName)&&t.preventDefault(),!Os(this)&&ba.getOrCreateInstance(this).show()});Ct.on(window,zD,()=>{for(const t of ee.find(QD))ba.getOrCreateInstance(t)});Vr(ba);const ZD="toast",t3="bs.toast",Ds=`.${t3}`,e3=`mouseover${Ds}`,n3=`mouseout${Ds}`,r3=`focusin${Ds}`,i3=`focusout${Ds}`,s3=`hide${Ds}`,o3=`hidden${Ds}`,a3=`show${Ds}`,l3=`shown${Ds}`,c3="fade",r1="hide",fu="show",pu="showing",u3={animation:"boolean",autohide:"boolean",delay:"number"},d3={animation:!0,autohide:!0,delay:5e3};class Wd extends ri{constructor(e,n){super(e,n),this._timeout=null,this._hasMouseInteraction=!1,this._hasKeyboardInteraction=!1,this._setListeners()}static get Default(){return d3}static get DefaultType(){return u3}static get NAME(){return ZD}show(){if(Ct.trigger(this._element,a3).defaultPrevented)return;this._clearTimeout(),this._config.animation&&this._element.classList.add(c3);const n=()=>{this._element.classList.remove(pu),Ct.trigger(this._element,l3),this._maybeScheduleHide()};this._element.classList.remove(r1),tc(this._element),this._element.classList.add(fu,pu),this._queueCallback(n,this._element,this._config.animation)}hide(){if(!this.isShown()||Ct.trigger(this._element,s3).defaultPrevented)return;const n=()=>{this._element.classList.add(r1),this._element.classList.remove(pu,fu),Ct.trigger(this._element,o3)};this._element.classList.add(pu),this._queueCallback(n,this._element,this._config.animation)}dispose(){this._clearTimeout(),this.isShown()&&this._element.classList.remove(fu),super.dispose()}isShown(){return this._element.classList.contains(fu)}_maybeScheduleHide(){this._config.autohide&&(this._hasMouseInteraction||this._hasKeyboardInteraction||(this._timeout=setTimeout(()=>{this.hide()},this._config.delay)))}_onInteraction(e,n){switch(e.type){case"mouseover":case"mouseout":{this._hasMouseInteraction=n;break}case"focusin":case"focusout":{this._hasKeyboardInteraction=n;break}}if(n){this._clearTimeout();return}const r=e.relatedTarget;this._element===r||this._element.contains(r)||this._maybeScheduleHide()}_setListeners(){Ct.on(this._element,e3,e=>this._onInteraction(e,!0)),Ct.on(this._element,n3,e=>this._onInteraction(e,!1)),Ct.on(this._element,r3,e=>this._onInteraction(e,!0)),Ct.on(this._element,i3,e=>this._onInteraction(e,!1))}_clearTimeout(){clearTimeout(this._timeout),this._timeout=null}static jQueryInterface(e){return this.each(function(){const n=Wd.getOrCreateInstance(this,e);if(typeof e=="string"){if(typeof n[e]>"u")throw new TypeError(`No method named "${e}"`);n[e](this)}})}}Pd(Wd);Vr(Wd);const f3=["to"],i1=Xe({__name:"VLink",props:{to:{type:String,required:!0}},setup(t){const e=t,n=Le("currentPath"),r=i=>{i.preventDefault(),n.value=e.to};return(i,o)=>(k(),D("a",{to:t.to,onClick:r,href:""},[vs(i.$slots,"default")],8,f3))}}),p3={class:"d-flex flex-column vh-100"},h3={class:"navbar container"},m3={key:0,class:"text-center ms-auto"},im=Xe({__name:"MainLayout",props:{title:{}},setup(t){const e=t;return(n,r)=>(k(),D("div",p3,[v("div",h3,[e?.title?(k(),D("div",m3,vt(e?.title),1)):it("",!0),r[2]||(r[2]=T()),wt(i1,{class:"btn btn-secondary ms-auto",to:"/"},{default:ze(()=>r[0]||(r[0]=[T("New Plan")])),_:1}),r[3]||(r[3]=T()),wt(i1,{class:"btn btn-link",to:"/about"},{default:ze(()=>r[1]||(r[1]=[T("About")])),_:1})]),r[4]||(r[4]=T()),vs(n.$slots,"default")]))}}),_3=Xe({__name:"AboutView",setup(t){return(e,n)=>(k(),Be(im,null,{default:ze(()=>n[0]||(n[0]=[v("div",{class:"container"},[v("h2",null,"Disclaimer"),T(),v("p",null,[T(`
        This project is a rewrite of the excellent
        `),v("a",{href:"https://github.com/AlexTatiyants/pev"},"Postgres Explain Visualizer (pev)"),T(`. Kudos go to Alex Tatiyants.
      `)]),T(),v("p",null,[T(`
        The pev project was initialy written in early 2016 but seem to be
        abandonned since then. There was no activity at all for more than
        `),v("a",{href:"https://github.com/AlexTatiyants/pev/issues/42"},"3 years and counting"),T(`
        though there are
        `),v("a",{href:"https://github.com/AlexTatiyants/pev/issues"},"several issues open"),T(`
        and relevant pull requests pending.
      `)]),T(),v("h2",null,"Usage tips"),T(),v("p",null,[T(`
        To get the most out of it, we recommend generating a query plan using
        the following line:
        `),v("code",null,"EXPLAIN (ANALYZE, COSTS, VERBOSE, BUFFERS, FORMAT JSON)"),T(`. It
        is recommend submitting a (decently formatted) SQL query that generated
        the plan.
      `)]),T(),v("p",null,`
        PEV2 can also parse text although the JSON format usually has better
        support.
      `),T(),v("h2",null,"Help improve PEV2"),T(),v("p",null,"You can help us."),T(),v("p",null,[T(`
        Report issues or contribute to the code on
        `),v("a",{href:"https://github.com/dalibo/pev2"},"Github"),T(`.
      `)]),T(),v("hr"),T(),v("div",{class:"text-center text-secondary"},[v("b",null,"pev2"),T(` is brought to you by
        `),v("a",{href:"https://dalibo.com"},"Dalibo")])],-1)])),_:1}))}});/*!
 * Font Awesome Free 6.7.2 by @fontawesome - https://fontawesome.com
 * License - https://fontawesome.com/license/free (Icons: CC BY 4.0, Fonts: SIL OFL 1.1, Code: MIT License)
 * Copyright 2024 Fonticons, Inc.
 */function E3(t,e,n){return(e=T3(e))in t?Object.defineProperty(t,e,{value:n,enumerable:!0,configurable:!0,writable:!0}):t[e]=n,t}function s1(t,e){var n=Object.keys(t);if(Object.getOwnPropertySymbols){var r=Object.getOwnPropertySymbols(t);e&&(r=r.filter(function(i){return Object.getOwnPropertyDescriptor(t,i).enumerable})),n.push.apply(n,r)}return n}function It(t){for(var e=1;e<arguments.length;e++){var n=arguments[e]!=null?arguments[e]:{};e%2?s1(Object(n),!0).forEach(function(r){E3(t,r,n[r])}):Object.getOwnPropertyDescriptors?Object.defineProperties(t,Object.getOwnPropertyDescriptors(n)):s1(Object(n)).forEach(function(r){Object.defineProperty(t,r,Object.getOwnPropertyDescriptor(n,r))})}return t}function g3(t,e){if(typeof t!="object"||!t)return t;var n=t[Symbol.toPrimitive];if(n!==void 0){var r=n.call(t,e);if(typeof r!="object")return r;throw new TypeError("@@toPrimitive must return a primitive value.")}return(e==="string"?String:Number)(t)}function T3(t){var e=g3(t,"string");return typeof e=="symbol"?e:e+""}const o1=()=>{};let sm={},QS={},ZS=null,tA={mark:o1,measure:o1};try{typeof window<"u"&&(sm=window),typeof document<"u"&&(QS=document),typeof MutationObserver<"u"&&(ZS=MutationObserver),typeof performance<"u"&&(tA=performance)}catch{}const{userAgent:a1=""}=sm.navigator||{},Ns=sm,en=QS,l1=ZS,hu=tA;Ns.document;const ss=!!en.documentElement&&!!en.head&&typeof en.addEventListener=="function"&&typeof en.createElement=="function",eA=~a1.indexOf("MSIE")||~a1.indexOf("Trident/");var v3=/fa(s|r|l|t|d|dr|dl|dt|b|k|kd|ss|sr|sl|st|sds|sdr|sdl|sdt)?[\-\ ]/,S3=/Font ?Awesome ?([56 ]*)(Solid|Regular|Light|Thin|Duotone|Brands|Free|Pro|Sharp Duotone|Sharp|Kit)?.*/i,nA={classic:{fa:"solid",fas:"solid","fa-solid":"solid",far:"regular","fa-regular":"regular",fal:"light","fa-light":"light",fat:"thin","fa-thin":"thin",fab:"brands","fa-brands":"brands"},duotone:{fa:"solid",fad:"solid","fa-solid":"solid","fa-duotone":"solid",fadr:"regular","fa-regular":"regular",fadl:"light","fa-light":"light",fadt:"thin","fa-thin":"thin"},sharp:{fa:"solid",fass:"solid","fa-solid":"solid",fasr:"regular","fa-regular":"regular",fasl:"light","fa-light":"light",fast:"thin","fa-thin":"thin"},"sharp-duotone":{fa:"solid",fasds:"solid","fa-solid":"solid",fasdr:"regular","fa-regular":"regular",fasdl:"light","fa-light":"light",fasdt:"thin","fa-thin":"thin"}},A3={GROUP:"duotone-group",PRIMARY:"primary",SECONDARY:"secondary"},rA=["fa-classic","fa-duotone","fa-sharp","fa-sharp-duotone"],Un="classic",Ud="duotone",R3="sharp",b3="sharp-duotone",iA=[Un,Ud,R3,b3],L3={classic:{900:"fas",400:"far",normal:"far",300:"fal",100:"fat"},duotone:{900:"fad",400:"fadr",300:"fadl",100:"fadt"},sharp:{900:"fass",400:"fasr",300:"fasl",100:"fast"},"sharp-duotone":{900:"fasds",400:"fasdr",300:"fasdl",100:"fasdt"}},O3={"Font Awesome 6 Free":{900:"fas",400:"far"},"Font Awesome 6 Pro":{900:"fas",400:"far",normal:"far",300:"fal",100:"fat"},"Font Awesome 6 Brands":{400:"fab",normal:"fab"},"Font Awesome 6 Duotone":{900:"fad",400:"fadr",normal:"fadr",300:"fadl",100:"fadt"},"Font Awesome 6 Sharp":{900:"fass",400:"fasr",normal:"fasr",300:"fasl",100:"fast"},"Font Awesome 6 Sharp Duotone":{900:"fasds",400:"fasdr",normal:"fasdr",300:"fasdl",100:"fasdt"}},y3=new Map([["classic",{defaultShortPrefixId:"fas",defaultStyleId:"solid",styleIds:["solid","regular","light","thin","brands"],futureStyleIds:[],defaultFontWeight:900}],["sharp",{defaultShortPrefixId:"fass",defaultStyleId:"solid",styleIds:["solid","regular","light","thin"],futureStyleIds:[],defaultFontWeight:900}],["duotone",{defaultShortPrefixId:"fad",defaultStyleId:"solid",styleIds:["solid","regular","light","thin"],futureStyleIds:[],defaultFontWeight:900}],["sharp-duotone",{defaultShortPrefixId:"fasds",defaultStyleId:"solid",styleIds:["solid","regular","light","thin"],futureStyleIds:[],defaultFontWeight:900}]]),N3={classic:{solid:"fas",regular:"far",light:"fal",thin:"fat",brands:"fab"},duotone:{solid:"fad",regular:"fadr",light:"fadl",thin:"fadt"},sharp:{solid:"fass",regular:"fasr",light:"fasl",thin:"fast"},"sharp-duotone":{solid:"fasds",regular:"fasdr",light:"fasdl",thin:"fasdt"}},C3=["fak","fa-kit","fakd","fa-kit-duotone"],c1={kit:{fak:"kit","fa-kit":"kit"},"kit-duotone":{fakd:"kit-duotone","fa-kit-duotone":"kit-duotone"}},x3=["kit"],w3={kit:{"fa-kit":"fak"}},I3=["fak","fakd"],k3={kit:{fak:"fa-kit"}},u1={kit:{kit:"fak"},"kit-duotone":{"kit-duotone":"fakd"}},mu={GROUP:"duotone-group",SWAP_OPACITY:"swap-opacity",PRIMARY:"primary",SECONDARY:"secondary"},B3=["fa-classic","fa-duotone","fa-sharp","fa-sharp-duotone"],P3=["fak","fa-kit","fakd","fa-kit-duotone"],D3={"Font Awesome Kit":{400:"fak",normal:"fak"},"Font Awesome Kit Duotone":{400:"fakd",normal:"fakd"}},M3={classic:{"fa-brands":"fab","fa-duotone":"fad","fa-light":"fal","fa-regular":"far","fa-solid":"fas","fa-thin":"fat"},duotone:{"fa-regular":"fadr","fa-light":"fadl","fa-thin":"fadt"},sharp:{"fa-solid":"fass","fa-regular":"fasr","fa-light":"fasl","fa-thin":"fast"},"sharp-duotone":{"fa-solid":"fasds","fa-regular":"fasdr","fa-light":"fasdl","fa-thin":"fasdt"}},H3={classic:["fas","far","fal","fat","fad"],duotone:["fadr","fadl","fadt"],sharp:["fass","fasr","fasl","fast"],"sharp-duotone":["fasds","fasdr","fasdl","fasdt"]},Dh={classic:{fab:"fa-brands",fad:"fa-duotone",fal:"fa-light",far:"fa-regular",fas:"fa-solid",fat:"fa-thin"},duotone:{fadr:"fa-regular",fadl:"fa-light",fadt:"fa-thin"},sharp:{fass:"fa-solid",fasr:"fa-regular",fasl:"fa-light",fast:"fa-thin"},"sharp-duotone":{fasds:"fa-solid",fasdr:"fa-regular",fasdl:"fa-light",fasdt:"fa-thin"}},W3=["fa-solid","fa-regular","fa-light","fa-thin","fa-duotone","fa-brands"],Mh=["fa","fas","far","fal","fat","fad","fadr","fadl","fadt","fab","fass","fasr","fasl","fast","fasds","fasdr","fasdl","fasdt",...B3,...W3],U3=["solid","regular","light","thin","duotone","brands"],sA=[1,2,3,4,5,6,7,8,9,10],$3=sA.concat([11,12,13,14,15,16,17,18,19,20]),F3=[...Object.keys(H3),...U3,"2xs","xs","sm","lg","xl","2xl","beat","border","fade","beat-fade","bounce","flip-both","flip-horizontal","flip-vertical","flip","fw","inverse","layers-counter","layers-text","layers","li","pull-left","pull-right","pulse","rotate-180","rotate-270","rotate-90","rotate-by","shake","spin-pulse","spin-reverse","spin","stack-1x","stack-2x","stack","ul",mu.GROUP,mu.SWAP_OPACITY,mu.PRIMARY,mu.SECONDARY].concat(sA.map(t=>"".concat(t,"x"))).concat($3.map(t=>"w-".concat(t))),V3={"Font Awesome 5 Free":{900:"fas",400:"far"},"Font Awesome 5 Pro":{900:"fas",400:"far",normal:"far",300:"fal"},"Font Awesome 5 Brands":{400:"fab",normal:"fab"},"Font Awesome 5 Duotone":{900:"fad"}};const Zi="___FONT_AWESOME___",Hh=16,oA="fa",aA="svg-inline--fa",So="data-fa-i2svg",Wh="data-fa-pseudo-element",z3="data-fa-pseudo-element-pending",om="data-prefix",am="data-icon",d1="fontawesome-i2svg",G3="async",K3=["HTML","HEAD","STYLE","SCRIPT"],lA=(()=>{try{return!0}catch{return!1}})();function ic(t){return new Proxy(t,{get(e,n){return n in e?e[n]:e[Un]}})}const cA=It({},nA);cA[Un]=It(It(It(It({},{"fa-duotone":"duotone"}),nA[Un]),c1.kit),c1["kit-duotone"]);const X3=ic(cA),Uh=It({},N3);Uh[Un]=It(It(It(It({},{duotone:"fad"}),Uh[Un]),u1.kit),u1["kit-duotone"]);const f1=ic(Uh),$h=It({},Dh);$h[Un]=It(It({},$h[Un]),k3.kit);const lm=ic($h),Fh=It({},M3);Fh[Un]=It(It({},Fh[Un]),w3.kit);ic(Fh);const Y3=v3,uA="fa-layers-text",q3=S3,j3=It({},L3);ic(j3);const J3=["class","data-prefix","data-icon","data-fa-transform","data-fa-mask"],Kp=A3,Q3=[...x3,...F3],wl=Ns.FontAwesomeConfig||{};function Z3(t){var e=en.querySelector("script["+t+"]");if(e)return e.getAttribute(t)}function t4(t){return t===""?!0:t==="false"?!1:t==="true"?!0:t}en&&typeof en.querySelector=="function"&&[["data-family-prefix","familyPrefix"],["data-css-prefix","cssPrefix"],["data-family-default","familyDefault"],["data-style-default","styleDefault"],["data-replacement-class","replacementClass"],["data-auto-replace-svg","autoReplaceSvg"],["data-auto-add-css","autoAddCss"],["data-auto-a11y","autoA11y"],["data-search-pseudo-elements","searchPseudoElements"],["data-observe-mutations","observeMutations"],["data-mutate-approach","mutateApproach"],["data-keep-original-source","keepOriginalSource"],["data-measure-performance","measurePerformance"],["data-show-missing-icons","showMissingIcons"]].forEach(e=>{let[n,r]=e;const i=t4(Z3(n));i!=null&&(wl[r]=i)});const dA={styleDefault:"solid",familyDefault:Un,cssPrefix:oA,replacementClass:aA,autoReplaceSvg:!0,autoAddCss:!0,autoA11y:!0,searchPseudoElements:!1,observeMutations:!0,mutateApproach:"async",keepOriginalSource:!0,measurePerformance:!1,showMissingIcons:!0};wl.familyPrefix&&(wl.cssPrefix=wl.familyPrefix);const La=It(It({},dA),wl);La.autoReplaceSvg||(La.observeMutations=!1);const Qt={};Object.keys(dA).forEach(t=>{Object.defineProperty(Qt,t,{enumerable:!0,set:function(e){La[t]=e,Il.forEach(n=>n(Qt))},get:function(){return La[t]}})});Object.defineProperty(Qt,"familyPrefix",{enumerable:!0,set:function(t){La.cssPrefix=t,Il.forEach(e=>e(Qt))},get:function(){return La.cssPrefix}});Ns.FontAwesomeConfig=Qt;const Il=[];function e4(t){return Il.push(t),()=>{Il.splice(Il.indexOf(t),1)}}const Es=Hh,Ti={size:16,x:0,y:0,rotate:0,flipX:!1,flipY:!1};function n4(t){if(!t||!ss)return;const e=en.createElement("style");e.setAttribute("type","text/css"),e.innerHTML=t;const n=en.head.childNodes;let r=null;for(let i=n.length-1;i>-1;i--){const o=n[i],l=(o.tagName||"").toUpperCase();["STYLE","LINK"].indexOf(l)>-1&&(r=o)}return en.head.insertBefore(e,r),t}const r4="0123456789abcdefghijklmnopqrstuvwxyzABCDEFGHIJKLMNOPQRSTUVWXYZ";function Vl(){let t=12,e="";for(;t-- >0;)e+=r4[Math.random()*62|0];return e}function Wa(t){const e=[];for(let n=(t||[]).length>>>0;n--;)e[n]=t[n];return e}function cm(t){return t.classList?Wa(t.classList):(t.getAttribute("class")||"").split(" ").filter(e=>e)}function fA(t){return"".concat(t).replace(/&/g,"&amp;").replace(/"/g,"&quot;").replace(/'/g,"&#39;").replace(/</g,"&lt;").replace(/>/g,"&gt;")}function i4(t){return Object.keys(t||{}).reduce((e,n)=>e+"".concat(n,'="').concat(fA(t[n]),'" '),"").trim()}function $d(t){return Object.keys(t||{}).reduce((e,n)=>e+"".concat(n,": ").concat(t[n].trim(),";"),"")}function um(t){return t.size!==Ti.size||t.x!==Ti.x||t.y!==Ti.y||t.rotate!==Ti.rotate||t.flipX||t.flipY}function s4(t){let{transform:e,containerWidth:n,iconWidth:r}=t;const i={transform:"translate(".concat(n/2," 256)")},o="translate(".concat(e.x*32,", ").concat(e.y*32,") "),l="scale(".concat(e.size/16*(e.flipX?-1:1),", ").concat(e.size/16*(e.flipY?-1:1),") "),c="rotate(".concat(e.rotate," 0 0)"),u={transform:"".concat(o," ").concat(l," ").concat(c)},p={transform:"translate(".concat(r/2*-1," -256)")};return{outer:i,inner:u,path:p}}function o4(t){let{transform:e,width:n=Hh,height:r=Hh,startCentered:i=!1}=t,o="";return i&&eA?o+="translate(".concat(e.x/Es-n/2,"em, ").concat(e.y/Es-r/2,"em) "):i?o+="translate(calc(-50% + ".concat(e.x/Es,"em), calc(-50% + ").concat(e.y/Es,"em)) "):o+="translate(".concat(e.x/Es,"em, ").concat(e.y/Es,"em) "),o+="scale(".concat(e.size/Es*(e.flipX?-1:1),", ").concat(e.size/Es*(e.flipY?-1:1),") "),o+="rotate(".concat(e.rotate,"deg) "),o}var a4=`:root, :host {
  --fa-font-solid: normal 900 1em/1 "Font Awesome 6 Free";
  --fa-font-regular: normal 400 1em/1 "Font Awesome 6 Free";
  --fa-font-light: normal 300 1em/1 "Font Awesome 6 Pro";
  --fa-font-thin: normal 100 1em/1 "Font Awesome 6 Pro";
  --fa-font-duotone: normal 900 1em/1 "Font Awesome 6 Duotone";
  --fa-font-duotone-regular: normal 400 1em/1 "Font Awesome 6 Duotone";
  --fa-font-duotone-light: normal 300 1em/1 "Font Awesome 6 Duotone";
  --fa-font-duotone-thin: normal 100 1em/1 "Font Awesome 6 Duotone";
  --fa-font-brands: normal 400 1em/1 "Font Awesome 6 Brands";
  --fa-font-sharp-solid: normal 900 1em/1 "Font Awesome 6 Sharp";
  --fa-font-sharp-regular: normal 400 1em/1 "Font Awesome 6 Sharp";
  --fa-font-sharp-light: normal 300 1em/1 "Font Awesome 6 Sharp";
  --fa-font-sharp-thin: normal 100 1em/1 "Font Awesome 6 Sharp";
  --fa-font-sharp-duotone-solid: normal 900 1em/1 "Font Awesome 6 Sharp Duotone";
  --fa-font-sharp-duotone-regular: normal 400 1em/1 "Font Awesome 6 Sharp Duotone";
  --fa-font-sharp-duotone-light: normal 300 1em/1 "Font Awesome 6 Sharp Duotone";
  --fa-font-sharp-duotone-thin: normal 100 1em/1 "Font Awesome 6 Sharp Duotone";
}

svg:not(:root).svg-inline--fa, svg:not(:host).svg-inline--fa {
  overflow: visible;
  box-sizing: content-box;
}

.svg-inline--fa {
  display: var(--fa-display, inline-block);
  height: 1em;
  overflow: visible;
  vertical-align: -0.125em;
}
.svg-inline--fa.fa-2xs {
  vertical-align: 0.1em;
}
.svg-inline--fa.fa-xs {
  vertical-align: 0em;
}
.svg-inline--fa.fa-sm {
  vertical-align: -0.0714285705em;
}
.svg-inline--fa.fa-lg {
  vertical-align: -0.2em;
}
.svg-inline--fa.fa-xl {
  vertical-align: -0.25em;
}
.svg-inline--fa.fa-2xl {
  vertical-align: -0.3125em;
}
.svg-inline--fa.fa-pull-left {
  margin-right: var(--fa-pull-margin, 0.3em);
  width: auto;
}
.svg-inline--fa.fa-pull-right {
  margin-left: var(--fa-pull-margin, 0.3em);
  width: auto;
}
.svg-inline--fa.fa-li {
  width: var(--fa-li-width, 2em);
  top: 0.25em;
}
.svg-inline--fa.fa-fw {
  width: var(--fa-fw-width, 1.25em);
}

.fa-layers svg.svg-inline--fa {
  bottom: 0;
  left: 0;
  margin: auto;
  position: absolute;
  right: 0;
  top: 0;
}

.fa-layers-counter, .fa-layers-text {
  display: inline-block;
  position: absolute;
  text-align: center;
}

.fa-layers {
  display: inline-block;
  height: 1em;
  position: relative;
  text-align: center;
  vertical-align: -0.125em;
  width: 1em;
}
.fa-layers svg.svg-inline--fa {
  transform-origin: center center;
}

.fa-layers-text {
  left: 50%;
  top: 50%;
  transform: translate(-50%, -50%);
  transform-origin: center center;
}

.fa-layers-counter {
  background-color: var(--fa-counter-background-color, #ff253a);
  border-radius: var(--fa-counter-border-radius, 1em);
  box-sizing: border-box;
  color: var(--fa-inverse, #fff);
  line-height: var(--fa-counter-line-height, 1);
  max-width: var(--fa-counter-max-width, 5em);
  min-width: var(--fa-counter-min-width, 1.5em);
  overflow: hidden;
  padding: var(--fa-counter-padding, 0.25em 0.5em);
  right: var(--fa-right, 0);
  text-overflow: ellipsis;
  top: var(--fa-top, 0);
  transform: scale(var(--fa-counter-scale, 0.25));
  transform-origin: top right;
}

.fa-layers-bottom-right {
  bottom: var(--fa-bottom, 0);
  right: var(--fa-right, 0);
  top: auto;
  transform: scale(var(--fa-layers-scale, 0.25));
  transform-origin: bottom right;
}

.fa-layers-bottom-left {
  bottom: var(--fa-bottom, 0);
  left: var(--fa-left, 0);
  right: auto;
  top: auto;
  transform: scale(var(--fa-layers-scale, 0.25));
  transform-origin: bottom left;
}

.fa-layers-top-right {
  top: var(--fa-top, 0);
  right: var(--fa-right, 0);
  transform: scale(var(--fa-layers-scale, 0.25));
  transform-origin: top right;
}

.fa-layers-top-left {
  left: var(--fa-left, 0);
  right: auto;
  top: var(--fa-top, 0);
  transform: scale(var(--fa-layers-scale, 0.25));
  transform-origin: top left;
}

.fa-1x {
  font-size: 1em;
}

.fa-2x {
  font-size: 2em;
}

.fa-3x {
  font-size: 3em;
}

.fa-4x {
  font-size: 4em;
}

.fa-5x {
  font-size: 5em;
}

.fa-6x {
  font-size: 6em;
}

.fa-7x {
  font-size: 7em;
}

.fa-8x {
  font-size: 8em;
}

.fa-9x {
  font-size: 9em;
}

.fa-10x {
  font-size: 10em;
}

.fa-2xs {
  font-size: 0.625em;
  line-height: 0.1em;
  vertical-align: 0.225em;
}

.fa-xs {
  font-size: 0.75em;
  line-height: 0.0833333337em;
  vertical-align: 0.125em;
}

.fa-sm {
  font-size: 0.875em;
  line-height: 0.0714285718em;
  vertical-align: 0.0535714295em;
}

.fa-lg {
  font-size: 1.25em;
  line-height: 0.05em;
  vertical-align: -0.075em;
}

.fa-xl {
  font-size: 1.5em;
  line-height: 0.0416666682em;
  vertical-align: -0.125em;
}

.fa-2xl {
  font-size: 2em;
  line-height: 0.03125em;
  vertical-align: -0.1875em;
}

.fa-fw {
  text-align: center;
  width: 1.25em;
}

.fa-ul {
  list-style-type: none;
  margin-left: var(--fa-li-margin, 2.5em);
  padding-left: 0;
}
.fa-ul > li {
  position: relative;
}

.fa-li {
  left: calc(-1 * var(--fa-li-width, 2em));
  position: absolute;
  text-align: center;
  width: var(--fa-li-width, 2em);
  line-height: inherit;
}

.fa-border {
  border-color: var(--fa-border-color, #eee);
  border-radius: var(--fa-border-radius, 0.1em);
  border-style: var(--fa-border-style, solid);
  border-width: var(--fa-border-width, 0.08em);
  padding: var(--fa-border-padding, 0.2em 0.25em 0.15em);
}

.fa-pull-left {
  float: left;
  margin-right: var(--fa-pull-margin, 0.3em);
}

.fa-pull-right {
  float: right;
  margin-left: var(--fa-pull-margin, 0.3em);
}

.fa-beat {
  animation-name: fa-beat;
  animation-delay: var(--fa-animation-delay, 0s);
  animation-direction: var(--fa-animation-direction, normal);
  animation-duration: var(--fa-animation-duration, 1s);
  animation-iteration-count: var(--fa-animation-iteration-count, infinite);
  animation-timing-function: var(--fa-animation-timing, ease-in-out);
}

.fa-bounce {
  animation-name: fa-bounce;
  animation-delay: var(--fa-animation-delay, 0s);
  animation-direction: var(--fa-animation-direction, normal);
  animation-duration: var(--fa-animation-duration, 1s);
  animation-iteration-count: var(--fa-animation-iteration-count, infinite);
  animation-timing-function: var(--fa-animation-timing, cubic-bezier(0.28, 0.84, 0.42, 1));
}

.fa-fade {
  animation-name: fa-fade;
  animation-delay: var(--fa-animation-delay, 0s);
  animation-direction: var(--fa-animation-direction, normal);
  animation-duration: var(--fa-animation-duration, 1s);
  animation-iteration-count: var(--fa-animation-iteration-count, infinite);
  animation-timing-function: var(--fa-animation-timing, cubic-bezier(0.4, 0, 0.6, 1));
}

.fa-beat-fade {
  animation-name: fa-beat-fade;
  animation-delay: var(--fa-animation-delay, 0s);
  animation-direction: var(--fa-animation-direction, normal);
  animation-duration: var(--fa-animation-duration, 1s);
  animation-iteration-count: var(--fa-animation-iteration-count, infinite);
  animation-timing-function: var(--fa-animation-timing, cubic-bezier(0.4, 0, 0.6, 1));
}

.fa-flip {
  animation-name: fa-flip;
  animation-delay: var(--fa-animation-delay, 0s);
  animation-direction: var(--fa-animation-direction, normal);
  animation-duration: var(--fa-animation-duration, 1s);
  animation-iteration-count: var(--fa-animation-iteration-count, infinite);
  animation-timing-function: var(--fa-animation-timing, ease-in-out);
}

.fa-shake {
  animation-name: fa-shake;
  animation-delay: var(--fa-animation-delay, 0s);
  animation-direction: var(--fa-animation-direction, normal);
  animation-duration: var(--fa-animation-duration, 1s);
  animation-iteration-count: var(--fa-animation-iteration-count, infinite);
  animation-timing-function: var(--fa-animation-timing, linear);
}

.fa-spin {
  animation-name: fa-spin;
  animation-delay: var(--fa-animation-delay, 0s);
  animation-direction: var(--fa-animation-direction, normal);
  animation-duration: var(--fa-animation-duration, 2s);
  animation-iteration-count: var(--fa-animation-iteration-count, infinite);
  animation-timing-function: var(--fa-animation-timing, linear);
}

.fa-spin-reverse {
  --fa-animation-direction: reverse;
}

.fa-pulse,
.fa-spin-pulse {
  animation-name: fa-spin;
  animation-direction: var(--fa-animation-direction, normal);
  animation-duration: var(--fa-animation-duration, 1s);
  animation-iteration-count: var(--fa-animation-iteration-count, infinite);
  animation-timing-function: var(--fa-animation-timing, steps(8));
}

@media (prefers-reduced-motion: reduce) {
  .fa-beat,
.fa-bounce,
.fa-fade,
.fa-beat-fade,
.fa-flip,
.fa-pulse,
.fa-shake,
.fa-spin,
.fa-spin-pulse {
    animation-delay: -1ms;
    animation-duration: 1ms;
    animation-iteration-count: 1;
    transition-delay: 0s;
    transition-duration: 0s;
  }
}
@keyframes fa-beat {
  0%, 90% {
    transform: scale(1);
  }
  45% {
    transform: scale(var(--fa-beat-scale, 1.25));
  }
}
@keyframes fa-bounce {
  0% {
    transform: scale(1, 1) translateY(0);
  }
  10% {
    transform: scale(var(--fa-bounce-start-scale-x, 1.1), var(--fa-bounce-start-scale-y, 0.9)) translateY(0);
  }
  30% {
    transform: scale(var(--fa-bounce-jump-scale-x, 0.9), var(--fa-bounce-jump-scale-y, 1.1)) translateY(var(--fa-bounce-height, -0.5em));
  }
  50% {
    transform: scale(var(--fa-bounce-land-scale-x, 1.05), var(--fa-bounce-land-scale-y, 0.95)) translateY(0);
  }
  57% {
    transform: scale(1, 1) translateY(var(--fa-bounce-rebound, -0.125em));
  }
  64% {
    transform: scale(1, 1) translateY(0);
  }
  100% {
    transform: scale(1, 1) translateY(0);
  }
}
@keyframes fa-fade {
  50% {
    opacity: var(--fa-fade-opacity, 0.4);
  }
}
@keyframes fa-beat-fade {
  0%, 100% {
    opacity: var(--fa-beat-fade-opacity, 0.4);
    transform: scale(1);
  }
  50% {
    opacity: 1;
    transform: scale(var(--fa-beat-fade-scale, 1.125));
  }
}
@keyframes fa-flip {
  50% {
    transform: rotate3d(var(--fa-flip-x, 0), var(--fa-flip-y, 1), var(--fa-flip-z, 0), var(--fa-flip-angle, -180deg));
  }
}
@keyframes fa-shake {
  0% {
    transform: rotate(-15deg);
  }
  4% {
    transform: rotate(15deg);
  }
  8%, 24% {
    transform: rotate(-18deg);
  }
  12%, 28% {
    transform: rotate(18deg);
  }
  16% {
    transform: rotate(-22deg);
  }
  20% {
    transform: rotate(22deg);
  }
  32% {
    transform: rotate(-12deg);
  }
  36% {
    transform: rotate(12deg);
  }
  40%, 100% {
    transform: rotate(0deg);
  }
}
@keyframes fa-spin {
  0% {
    transform: rotate(0deg);
  }
  100% {
    transform: rotate(360deg);
  }
}
.fa-rotate-90 {
  transform: rotate(90deg);
}

.fa-rotate-180 {
  transform: rotate(180deg);
}

.fa-rotate-270 {
  transform: rotate(270deg);
}

.fa-flip-horizontal {
  transform: scale(-1, 1);
}

.fa-flip-vertical {
  transform: scale(1, -1);
}

.fa-flip-both,
.fa-flip-horizontal.fa-flip-vertical {
  transform: scale(-1, -1);
}

.fa-rotate-by {
  transform: rotate(var(--fa-rotate-angle, 0));
}

.fa-stack {
  display: inline-block;
  vertical-align: middle;
  height: 2em;
  position: relative;
  width: 2.5em;
}

.fa-stack-1x,
.fa-stack-2x {
  bottom: 0;
  left: 0;
  margin: auto;
  position: absolute;
  right: 0;
  top: 0;
  z-index: var(--fa-stack-z-index, auto);
}

.svg-inline--fa.fa-stack-1x {
  height: 1em;
  width: 1.25em;
}
.svg-inline--fa.fa-stack-2x {
  height: 2em;
  width: 2.5em;
}

.fa-inverse {
  color: var(--fa-inverse, #fff);
}

.sr-only,
.fa-sr-only {
  position: absolute;
  width: 1px;
  height: 1px;
  padding: 0;
  margin: -1px;
  overflow: hidden;
  clip: rect(0, 0, 0, 0);
  white-space: nowrap;
  border-width: 0;
}

.sr-only-focusable:not(:focus),
.fa-sr-only-focusable:not(:focus) {
  position: absolute;
  width: 1px;
  height: 1px;
  padding: 0;
  margin: -1px;
  overflow: hidden;
  clip: rect(0, 0, 0, 0);
  white-space: nowrap;
  border-width: 0;
}

.svg-inline--fa .fa-primary {
  fill: var(--fa-primary-color, currentColor);
  opacity: var(--fa-primary-opacity, 1);
}

.svg-inline--fa .fa-secondary {
  fill: var(--fa-secondary-color, currentColor);
  opacity: var(--fa-secondary-opacity, 0.4);
}

.svg-inline--fa.fa-swap-opacity .fa-primary {
  opacity: var(--fa-secondary-opacity, 0.4);
}

.svg-inline--fa.fa-swap-opacity .fa-secondary {
  opacity: var(--fa-primary-opacity, 1);
}

.svg-inline--fa mask .fa-primary,
.svg-inline--fa mask .fa-secondary {
  fill: black;
}`;function pA(){const t=oA,e=aA,n=Qt.cssPrefix,r=Qt.replacementClass;let i=a4;if(n!==t||r!==e){const o=new RegExp("\\.".concat(t,"\\-"),"g"),l=new RegExp("\\--".concat(t,"\\-"),"g"),c=new RegExp("\\.".concat(e),"g");i=i.replace(o,".".concat(n,"-")).replace(l,"--".concat(n,"-")).replace(c,".".concat(r))}return i}let p1=!1;function Xp(){Qt.autoAddCss&&!p1&&(n4(pA()),p1=!0)}var l4={mixout(){return{dom:{css:pA,insertCss:Xp}}},hooks(){return{beforeDOMElementCreation(){Xp()},beforeI2svg(){Xp()}}}};const ts=Ns||{};ts[Zi]||(ts[Zi]={});ts[Zi].styles||(ts[Zi].styles={});ts[Zi].hooks||(ts[Zi].hooks={});ts[Zi].shims||(ts[Zi].shims=[]);var vi=ts[Zi];const hA=[],mA=function(){en.removeEventListener("DOMContentLoaded",mA),ed=1,hA.map(t=>t())};let ed=!1;ss&&(ed=(en.documentElement.doScroll?/^loaded|^c/:/^loaded|^i|^c/).test(en.readyState),ed||en.addEventListener("DOMContentLoaded",mA));function c4(t){ss&&(ed?setTimeout(t,0):hA.push(t))}function sc(t){const{tag:e,attributes:n={},children:r=[]}=t;return typeof t=="string"?fA(t):"<".concat(e," ").concat(i4(n),">").concat(r.map(sc).join(""),"</").concat(e,">")}function h1(t,e,n){if(t&&t[e]&&t[e][n])return{prefix:e,iconName:n,icon:t[e][n]}}var Yp=function(e,n,r,i){var o=Object.keys(e),l=o.length,c=n,u,p,f;for(r===void 0?(u=1,f=e[o[0]]):(u=0,f=r);u<l;u++)p=o[u],f=c(f,e[p],p,e);return f};function u4(t){const e=[];let n=0;const r=t.length;for(;n<r;){const i=t.charCodeAt(n++);if(i>=55296&&i<=56319&&n<r){const o=t.charCodeAt(n++);(o&64512)==56320?e.push(((i&1023)<<10)+(o&1023)+65536):(e.push(i),n--)}else e.push(i)}return e}function Vh(t){const e=u4(t);return e.length===1?e[0].toString(16):null}function d4(t,e){const n=t.length;let r=t.charCodeAt(e),i;return r>=55296&&r<=56319&&n>e+1&&(i=t.charCodeAt(e+1),i>=56320&&i<=57343)?(r-55296)*1024+i-56320+65536:r}function m1(t){return Object.keys(t).reduce((e,n)=>{const r=t[n];return!!r.icon?e[r.iconName]=r.icon:e[n]=r,e},{})}function zh(t,e){let n=arguments.length>2&&arguments[2]!==void 0?arguments[2]:{};const{skipHooks:r=!1}=n,i=m1(e);typeof vi.hooks.addPack=="function"&&!r?vi.hooks.addPack(t,m1(e)):vi.styles[t]=It(It({},vi.styles[t]||{}),i),t==="fas"&&zh("fa",e)}const{styles:zl,shims:f4}=vi,_A=Object.keys(lm),p4=_A.reduce((t,e)=>(t[e]=Object.keys(lm[e]),t),{});let dm=null,EA={},gA={},TA={},vA={},SA={};function h4(t){return~Q3.indexOf(t)}function m4(t,e){const n=e.split("-"),r=n[0],i=n.slice(1).join("-");return r===t&&i!==""&&!h4(i)?i:null}const AA=()=>{const t=r=>Yp(zl,(i,o,l)=>(i[l]=Yp(o,r,{}),i),{});EA=t((r,i,o)=>(i[3]&&(r[i[3]]=o),i[2]&&i[2].filter(c=>typeof c=="number").forEach(c=>{r[c.toString(16)]=o}),r)),gA=t((r,i,o)=>(r[o]=o,i[2]&&i[2].filter(c=>typeof c=="string").forEach(c=>{r[c]=o}),r)),SA=t((r,i,o)=>{const l=i[2];return r[o]=o,l.forEach(c=>{r[c]=o}),r});const e="far"in zl||Qt.autoFetchSvg,n=Yp(f4,(r,i)=>{const o=i[0];let l=i[1];const c=i[2];return l==="far"&&!e&&(l="fas"),typeof o=="string"&&(r.names[o]={prefix:l,iconName:c}),typeof o=="number"&&(r.unicodes[o.toString(16)]={prefix:l,iconName:c}),r},{names:{},unicodes:{}});TA=n.names,vA=n.unicodes,dm=Fd(Qt.styleDefault,{family:Qt.familyDefault})};e4(t=>{dm=Fd(t.styleDefault,{family:Qt.familyDefault})});AA();function fm(t,e){return(EA[t]||{})[e]}function _4(t,e){return(gA[t]||{})[e]}function uo(t,e){return(SA[t]||{})[e]}function RA(t){return TA[t]||{prefix:null,iconName:null}}function E4(t){const e=vA[t],n=fm("fas",t);return e||(n?{prefix:"fas",iconName:n}:null)||{prefix:null,iconName:null}}function Cs(){return dm}const bA=()=>({prefix:null,iconName:null,rest:[]});function g4(t){let e=Un;const n=_A.reduce((r,i)=>(r[i]="".concat(Qt.cssPrefix,"-").concat(i),r),{});return iA.forEach(r=>{(t.includes(n[r])||t.some(i=>p4[r].includes(i)))&&(e=r)}),e}function Fd(t){let e=arguments.length>1&&arguments[1]!==void 0?arguments[1]:{};const{family:n=Un}=e,r=X3[n][t];if(n===Ud&&!t)return"fad";const i=f1[n][t]||f1[n][r],o=t in vi.styles?t:null;return i||o||null}function T4(t){let e=[],n=null;return t.forEach(r=>{const i=m4(Qt.cssPrefix,r);i?n=i:r&&e.push(r)}),{iconName:n,rest:e}}function _1(t){return t.sort().filter((e,n,r)=>r.indexOf(e)===n)}function Vd(t){let e=arguments.length>1&&arguments[1]!==void 0?arguments[1]:{};const{skipLookups:n=!1}=e;let r=null;const i=Mh.concat(P3),o=_1(t.filter(E=>i.includes(E))),l=_1(t.filter(E=>!Mh.includes(E))),c=o.filter(E=>(r=E,!rA.includes(E))),[u=null]=c,p=g4(o),f=It(It({},T4(l)),{},{prefix:Fd(u,{family:p})});return It(It(It({},f),R4({values:t,family:p,styles:zl,config:Qt,canonical:f,givenPrefix:r})),v4(n,r,f))}function v4(t,e,n){let{prefix:r,iconName:i}=n;if(t||!r||!i)return{prefix:r,iconName:i};const o=e==="fa"?RA(i):{},l=uo(r,i);return i=o.iconName||l||i,r=o.prefix||r,r==="far"&&!zl.far&&zl.fas&&!Qt.autoFetchSvg&&(r="fas"),{prefix:r,iconName:i}}const S4=iA.filter(t=>t!==Un||t!==Ud),A4=Object.keys(Dh).filter(t=>t!==Un).map(t=>Object.keys(Dh[t])).flat();function R4(t){const{values:e,family:n,canonical:r,givenPrefix:i="",styles:o={},config:l={}}=t,c=n===Ud,u=e.includes("fa-duotone")||e.includes("fad"),p=l.familyDefault==="duotone",f=r.prefix==="fad"||r.prefix==="fa-duotone";if(!c&&(u||p||f)&&(r.prefix="fad"),(e.includes("fa-brands")||e.includes("fab"))&&(r.prefix="fab"),!r.prefix&&S4.includes(n)&&(Object.keys(o).find(A=>A4.includes(A))||l.autoFetchSvg)){const A=y3.get(n).defaultShortPrefixId;r.prefix=A,r.iconName=uo(r.prefix,r.iconName)||r.iconName}return(r.prefix==="fa"||i==="fa")&&(r.prefix=Cs()||"fas"),r}class b4{constructor(){this.definitions={}}add(){for(var e=arguments.length,n=new Array(e),r=0;r<e;r++)n[r]=arguments[r];const i=n.reduce(this._pullDefinitions,{});Object.keys(i).forEach(o=>{this.definitions[o]=It(It({},this.definitions[o]||{}),i[o]),zh(o,i[o]);const l=lm[Un][o];l&&zh(l,i[o]),AA()})}reset(){this.definitions={}}_pullDefinitions(e,n){const r=n.prefix&&n.iconName&&n.icon?{0:n}:n;return Object.keys(r).map(i=>{const{prefix:o,iconName:l,icon:c}=r[i],u=c[2];e[o]||(e[o]={}),u.length>0&&u.forEach(p=>{typeof p=="string"&&(e[o][p]=c)}),e[o][l]=c}),e}}let E1=[],sa={};const fa={},L4=Object.keys(fa);function O4(t,e){let{mixoutsTo:n}=e;return E1=t,sa={},Object.keys(fa).forEach(r=>{L4.indexOf(r)===-1&&delete fa[r]}),E1.forEach(r=>{const i=r.mixout?r.mixout():{};if(Object.keys(i).forEach(o=>{typeof i[o]=="function"&&(n[o]=i[o]),typeof i[o]=="object"&&Object.keys(i[o]).forEach(l=>{n[o]||(n[o]={}),n[o][l]=i[o][l]})}),r.hooks){const o=r.hooks();Object.keys(o).forEach(l=>{sa[l]||(sa[l]=[]),sa[l].push(o[l])})}r.provides&&r.provides(fa)}),n}function Gh(t,e){for(var n=arguments.length,r=new Array(n>2?n-2:0),i=2;i<n;i++)r[i-2]=arguments[i];return(sa[t]||[]).forEach(l=>{e=l.apply(null,[e,...r])}),e}function Ao(t){for(var e=arguments.length,n=new Array(e>1?e-1:0),r=1;r<e;r++)n[r-1]=arguments[r];(sa[t]||[]).forEach(o=>{o.apply(null,n)})}function xs(){const t=arguments[0],e=Array.prototype.slice.call(arguments,1);return fa[t]?fa[t].apply(null,e):void 0}function Kh(t){t.prefix==="fa"&&(t.prefix="fas");let{iconName:e}=t;const n=t.prefix||Cs();if(e)return e=uo(n,e)||e,h1(LA.definitions,n,e)||h1(vi.styles,n,e)}const LA=new b4,y4=()=>{Qt.autoReplaceSvg=!1,Qt.observeMutations=!1,Ao("noAuto")},N4={i2svg:function(){let t=arguments.length>0&&arguments[0]!==void 0?arguments[0]:{};return ss?(Ao("beforeI2svg",t),xs("pseudoElements2svg",t),xs("i2svg",t)):Promise.reject(new Error("Operation requires a DOM of some kind."))},watch:function(){let t=arguments.length>0&&arguments[0]!==void 0?arguments[0]:{};const{autoReplaceSvgRoot:e}=t;Qt.autoReplaceSvg===!1&&(Qt.autoReplaceSvg=!0),Qt.observeMutations=!0,c4(()=>{x4({autoReplaceSvgRoot:e}),Ao("watch",t)})}},C4={icon:t=>{if(t===null)return null;if(typeof t=="object"&&t.prefix&&t.iconName)return{prefix:t.prefix,iconName:uo(t.prefix,t.iconName)||t.iconName};if(Array.isArray(t)&&t.length===2){const e=t[1].indexOf("fa-")===0?t[1].slice(3):t[1],n=Fd(t[0]);return{prefix:n,iconName:uo(n,e)||e}}if(typeof t=="string"&&(t.indexOf("".concat(Qt.cssPrefix,"-"))>-1||t.match(Y3))){const e=Vd(t.split(" "),{skipLookups:!0});return{prefix:e.prefix||Cs(),iconName:uo(e.prefix,e.iconName)||e.iconName}}if(typeof t=="string"){const e=Cs();return{prefix:e,iconName:uo(e,t)||t}}}},Lr={noAuto:y4,config:Qt,dom:N4,parse:C4,library:LA,findIconDefinition:Kh,toHtml:sc},x4=function(){let t=arguments.length>0&&arguments[0]!==void 0?arguments[0]:{};const{autoReplaceSvgRoot:e=en}=t;(Object.keys(vi.styles).length>0||Qt.autoFetchSvg)&&ss&&Qt.autoReplaceSvg&&Lr.dom.i2svg({node:e})};function zd(t,e){return Object.defineProperty(t,"abstract",{get:e}),Object.defineProperty(t,"html",{get:function(){return t.abstract.map(n=>sc(n))}}),Object.defineProperty(t,"node",{get:function(){if(!ss)return;const n=en.createElement("div");return n.innerHTML=t.html,n.children}}),t}function w4(t){let{children:e,main:n,mask:r,attributes:i,styles:o,transform:l}=t;if(um(l)&&n.found&&!r.found){const{width:c,height:u}=n,p={x:c/u/2,y:.5};i.style=$d(It(It({},o),{},{"transform-origin":"".concat(p.x+l.x/16,"em ").concat(p.y+l.y/16,"em")}))}return[{tag:"svg",attributes:i,children:e}]}function I4(t){let{prefix:e,iconName:n,children:r,attributes:i,symbol:o}=t;const l=o===!0?"".concat(e,"-").concat(Qt.cssPrefix,"-").concat(n):o;return[{tag:"svg",attributes:{style:"display: none;"},children:[{tag:"symbol",attributes:It(It({},i),{},{id:l}),children:r}]}]}function pm(t){const{icons:{main:e,mask:n},prefix:r,iconName:i,transform:o,symbol:l,title:c,maskId:u,titleId:p,extra:f,watchable:E=!1}=t,{width:A,height:y}=n.found?n:e,B=I3.includes(r),R=[Qt.replacementClass,i?"".concat(Qt.cssPrefix,"-").concat(i):""].filter($=>f.classes.indexOf($)===-1).filter($=>$!==""||!!$).concat(f.classes).join(" ");let M={children:[],attributes:It(It({},f.attributes),{},{"data-prefix":r,"data-icon":i,class:R,role:f.attributes.role||"img",xmlns:"http://www.w3.org/2000/svg",viewBox:"0 0 ".concat(A," ").concat(y)})};const O=B&&!~f.classes.indexOf("fa-fw")?{width:"".concat(A/y*16*.0625,"em")}:{};E&&(M.attributes[So]=""),c&&(M.children.push({tag:"title",attributes:{id:M.attributes["aria-labelledby"]||"title-".concat(p||Vl())},children:[c]}),delete M.attributes.title);const L=It(It({},M),{},{prefix:r,iconName:i,main:e,mask:n,maskId:u,transform:o,symbol:l,styles:It(It({},O),f.styles)}),{children:G,attributes:g}=n.found&&e.found?xs("generateAbstractMask",L)||{children:[],attributes:{}}:xs("generateAbstractIcon",L)||{children:[],attributes:{}};return L.children=G,L.attributes=g,l?I4(L):w4(L)}function g1(t){const{content:e,width:n,height:r,transform:i,title:o,extra:l,watchable:c=!1}=t,u=It(It(It({},l.attributes),o?{title:o}:{}),{},{class:l.classes.join(" ")});c&&(u[So]="");const p=It({},l.styles);um(i)&&(p.transform=o4({transform:i,startCentered:!0,width:n,height:r}),p["-webkit-transform"]=p.transform);const f=$d(p);f.length>0&&(u.style=f);const E=[];return E.push({tag:"span",attributes:u,children:[e]}),o&&E.push({tag:"span",attributes:{class:"sr-only"},children:[o]}),E}function k4(t){const{content:e,title:n,extra:r}=t,i=It(It(It({},r.attributes),n?{title:n}:{}),{},{class:r.classes.join(" ")}),o=$d(r.styles);o.length>0&&(i.style=o);const l=[];return l.push({tag:"span",attributes:i,children:[e]}),n&&l.push({tag:"span",attributes:{class:"sr-only"},children:[n]}),l}const{styles:qp}=vi;function Xh(t){const e=t[0],n=t[1],[r]=t.slice(4);let i=null;return Array.isArray(r)?i={tag:"g",attributes:{class:"".concat(Qt.cssPrefix,"-").concat(Kp.GROUP)},children:[{tag:"path",attributes:{class:"".concat(Qt.cssPrefix,"-").concat(Kp.SECONDARY),fill:"currentColor",d:r[0]}},{tag:"path",attributes:{class:"".concat(Qt.cssPrefix,"-").concat(Kp.PRIMARY),fill:"currentColor",d:r[1]}}]}:i={tag:"path",attributes:{fill:"currentColor",d:r}},{found:!0,width:e,height:n,icon:i}}const B4={found:!1,width:512,height:512};function P4(t,e){!lA&&!Qt.showMissingIcons&&t&&console.error('Icon with name "'.concat(t,'" and prefix "').concat(e,'" is missing.'))}function Yh(t,e){let n=e;return e==="fa"&&Qt.styleDefault!==null&&(e=Cs()),new Promise((r,i)=>{if(n==="fa"){const o=RA(t)||{};t=o.iconName||t,e=o.prefix||e}if(t&&e&&qp[e]&&qp[e][t]){const o=qp[e][t];return r(Xh(o))}P4(t,e),r(It(It({},B4),{},{icon:Qt.showMissingIcons&&t?xs("missingIconAbstract")||{}:{}}))})}const T1=()=>{},qh=Qt.measurePerformance&&hu&&hu.mark&&hu.measure?hu:{mark:T1,measure:T1},vl='FA "6.7.2"',D4=t=>(qh.mark("".concat(vl," ").concat(t," begins")),()=>OA(t)),OA=t=>{qh.mark("".concat(vl," ").concat(t," ends")),qh.measure("".concat(vl," ").concat(t),"".concat(vl," ").concat(t," begins"),"".concat(vl," ").concat(t," ends"))};var hm={begin:D4,end:OA};const Pu=()=>{};function v1(t){return typeof(t.getAttribute?t.getAttribute(So):null)=="string"}function M4(t){const e=t.getAttribute?t.getAttribute(om):null,n=t.getAttribute?t.getAttribute(am):null;return e&&n}function H4(t){return t&&t.classList&&t.classList.contains&&t.classList.contains(Qt.replacementClass)}function W4(){return Qt.autoReplaceSvg===!0?Du.replace:Du[Qt.autoReplaceSvg]||Du.replace}function U4(t){return en.createElementNS("http://www.w3.org/2000/svg",t)}function $4(t){return en.createElement(t)}function yA(t){let e=arguments.length>1&&arguments[1]!==void 0?arguments[1]:{};const{ceFn:n=t.tag==="svg"?U4:$4}=e;if(typeof t=="string")return en.createTextNode(t);const r=n(t.tag);return Object.keys(t.attributes||[]).forEach(function(o){r.setAttribute(o,t.attributes[o])}),(t.children||[]).forEach(function(o){r.appendChild(yA(o,{ceFn:n}))}),r}function F4(t){let e=" ".concat(t.outerHTML," ");return e="".concat(e,"Font Awesome fontawesome.com "),e}const Du={replace:function(t){const e=t[0];if(e.parentNode)if(t[1].forEach(n=>{e.parentNode.insertBefore(yA(n),e)}),e.getAttribute(So)===null&&Qt.keepOriginalSource){let n=en.createComment(F4(e));e.parentNode.replaceChild(n,e)}else e.remove()},nest:function(t){const e=t[0],n=t[1];if(~cm(e).indexOf(Qt.replacementClass))return Du.replace(t);const r=new RegExp("".concat(Qt.cssPrefix,"-.*"));if(delete n[0].attributes.id,n[0].attributes.class){const o=n[0].attributes.class.split(" ").reduce((l,c)=>(c===Qt.replacementClass||c.match(r)?l.toSvg.push(c):l.toNode.push(c),l),{toNode:[],toSvg:[]});n[0].attributes.class=o.toSvg.join(" "),o.toNode.length===0?e.removeAttribute("class"):e.setAttribute("class",o.toNode.join(" "))}const i=n.map(o=>sc(o)).join(`
`);e.setAttribute(So,""),e.innerHTML=i}};function S1(t){t()}function NA(t,e){const n=typeof e=="function"?e:Pu;if(t.length===0)n();else{let r=S1;Qt.mutateApproach===G3&&(r=Ns.requestAnimationFrame||S1),r(()=>{const i=W4(),o=hm.begin("mutate");t.map(i),o(),n()})}}let mm=!1;function CA(){mm=!0}function jh(){mm=!1}let nd=null;function A1(t){if(!l1||!Qt.observeMutations)return;const{treeCallback:e=Pu,nodeCallback:n=Pu,pseudoElementsCallback:r=Pu,observeMutationsRoot:i=en}=t;nd=new l1(o=>{if(mm)return;const l=Cs();Wa(o).forEach(c=>{if(c.type==="childList"&&c.addedNodes.length>0&&!v1(c.addedNodes[0])&&(Qt.searchPseudoElements&&r(c.target),e(c.target)),c.type==="attributes"&&c.target.parentNode&&Qt.searchPseudoElements&&r(c.target.parentNode),c.type==="attributes"&&v1(c.target)&&~J3.indexOf(c.attributeName))if(c.attributeName==="class"&&M4(c.target)){const{prefix:u,iconName:p}=Vd(cm(c.target));c.target.setAttribute(om,u||l),p&&c.target.setAttribute(am,p)}else H4(c.target)&&n(c.target)})}),ss&&nd.observe(i,{childList:!0,attributes:!0,characterData:!0,subtree:!0})}function V4(){nd&&nd.disconnect()}function z4(t){const e=t.getAttribute("style");let n=[];return e&&(n=e.split(";").reduce((r,i)=>{const o=i.split(":"),l=o[0],c=o.slice(1);return l&&c.length>0&&(r[l]=c.join(":").trim()),r},{})),n}function G4(t){const e=t.getAttribute("data-prefix"),n=t.getAttribute("data-icon"),r=t.innerText!==void 0?t.innerText.trim():"";let i=Vd(cm(t));return i.prefix||(i.prefix=Cs()),e&&n&&(i.prefix=e,i.iconName=n),i.iconName&&i.prefix||(i.prefix&&r.length>0&&(i.iconName=_4(i.prefix,t.innerText)||fm(i.prefix,Vh(t.innerText))),!i.iconName&&Qt.autoFetchSvg&&t.firstChild&&t.firstChild.nodeType===Node.TEXT_NODE&&(i.iconName=t.firstChild.data)),i}function K4(t){const e=Wa(t.attributes).reduce((i,o)=>(i.name!=="class"&&i.name!=="style"&&(i[o.name]=o.value),i),{}),n=t.getAttribute("title"),r=t.getAttribute("data-fa-title-id");return Qt.autoA11y&&(n?e["aria-labelledby"]="".concat(Qt.replacementClass,"-title-").concat(r||Vl()):(e["aria-hidden"]="true",e.focusable="false")),e}function X4(){return{iconName:null,title:null,titleId:null,prefix:null,transform:Ti,symbol:!1,mask:{iconName:null,prefix:null,rest:[]},maskId:null,extra:{classes:[],styles:{},attributes:{}}}}function R1(t){let e=arguments.length>1&&arguments[1]!==void 0?arguments[1]:{styleParser:!0};const{iconName:n,prefix:r,rest:i}=G4(t),o=K4(t),l=Gh("parseNodeAttributes",{},t);let c=e.styleParser?z4(t):[];return It({iconName:n,title:t.getAttribute("title"),titleId:t.getAttribute("data-fa-title-id"),prefix:r,transform:Ti,mask:{iconName:null,prefix:null,rest:[]},maskId:null,symbol:!1,extra:{classes:i,styles:c,attributes:o}},l)}const{styles:Y4}=vi;function xA(t){const e=Qt.autoReplaceSvg==="nest"?R1(t,{styleParser:!1}):R1(t);return~e.extra.classes.indexOf(uA)?xs("generateLayersText",t,e):xs("generateSvgReplacementMutation",t,e)}function q4(){return[...C3,...Mh]}function b1(t){let e=arguments.length>1&&arguments[1]!==void 0?arguments[1]:null;if(!ss)return Promise.resolve();const n=en.documentElement.classList,r=f=>n.add("".concat(d1,"-").concat(f)),i=f=>n.remove("".concat(d1,"-").concat(f)),o=Qt.autoFetchSvg?q4():rA.concat(Object.keys(Y4));o.includes("fa")||o.push("fa");const l=[".".concat(uA,":not([").concat(So,"])")].concat(o.map(f=>".".concat(f,":not([").concat(So,"])"))).join(", ");if(l.length===0)return Promise.resolve();let c=[];try{c=Wa(t.querySelectorAll(l))}catch{}if(c.length>0)r("pending"),i("complete");else return Promise.resolve();const u=hm.begin("onTree"),p=c.reduce((f,E)=>{try{const A=xA(E);A&&f.push(A)}catch(A){lA||A.name==="MissingIcon"&&console.error(A)}return f},[]);return new Promise((f,E)=>{Promise.all(p).then(A=>{NA(A,()=>{r("active"),r("complete"),i("pending"),typeof e=="function"&&e(),u(),f()})}).catch(A=>{u(),E(A)})})}function j4(t){let e=arguments.length>1&&arguments[1]!==void 0?arguments[1]:null;xA(t).then(n=>{n&&NA([n],e)})}function J4(t){return function(e){let n=arguments.length>1&&arguments[1]!==void 0?arguments[1]:{};const r=(e||{}).icon?e:Kh(e||{});let{mask:i}=n;return i&&(i=(i||{}).icon?i:Kh(i||{})),t(r,It(It({},n),{},{mask:i}))}}const Q4=function(t){let e=arguments.length>1&&arguments[1]!==void 0?arguments[1]:{};const{transform:n=Ti,symbol:r=!1,mask:i=null,maskId:o=null,title:l=null,titleId:c=null,classes:u=[],attributes:p={},styles:f={}}=e;if(!t)return;const{prefix:E,iconName:A,icon:y}=t;return zd(It({type:"icon"},t),()=>(Ao("beforeDOMElementCreation",{iconDefinition:t,params:e}),Qt.autoA11y&&(l?p["aria-labelledby"]="".concat(Qt.replacementClass,"-title-").concat(c||Vl()):(p["aria-hidden"]="true",p.focusable="false")),pm({icons:{main:Xh(y),mask:i?Xh(i.icon):{found:!1,width:null,height:null,icon:{}}},prefix:E,iconName:A,transform:It(It({},Ti),n),symbol:r,title:l,maskId:o,titleId:c,extra:{attributes:p,styles:f,classes:u}})))};var Z4={mixout(){return{icon:J4(Q4)}},hooks(){return{mutationObserverCallbacks(t){return t.treeCallback=b1,t.nodeCallback=j4,t}}},provides(t){t.i2svg=function(e){const{node:n=en,callback:r=()=>{}}=e;return b1(n,r)},t.generateSvgReplacementMutation=function(e,n){const{iconName:r,title:i,titleId:o,prefix:l,transform:c,symbol:u,mask:p,maskId:f,extra:E}=n;return new Promise((A,y)=>{Promise.all([Yh(r,l),p.iconName?Yh(p.iconName,p.prefix):Promise.resolve({found:!1,width:512,height:512,icon:{}})]).then(B=>{let[R,M]=B;A([e,pm({icons:{main:R,mask:M},prefix:l,iconName:r,transform:c,symbol:u,maskId:f,title:i,titleId:o,extra:E,watchable:!0})])}).catch(y)})},t.generateAbstractIcon=function(e){let{children:n,attributes:r,main:i,transform:o,styles:l}=e;const c=$d(l);c.length>0&&(r.style=c);let u;return um(o)&&(u=xs("generateAbstractTransformGrouping",{main:i,transform:o,containerWidth:i.width,iconWidth:i.width})),n.push(u||i.icon),{children:n,attributes:r}}}},t6={mixout(){return{layer(t){let e=arguments.length>1&&arguments[1]!==void 0?arguments[1]:{};const{classes:n=[]}=e;return zd({type:"layer"},()=>{Ao("beforeDOMElementCreation",{assembler:t,params:e});let r=[];return t(i=>{Array.isArray(i)?i.map(o=>{r=r.concat(o.abstract)}):r=r.concat(i.abstract)}),[{tag:"span",attributes:{class:["".concat(Qt.cssPrefix,"-layers"),...n].join(" ")},children:r}]})}}}},e6={mixout(){return{counter(t){let e=arguments.length>1&&arguments[1]!==void 0?arguments[1]:{};const{title:n=null,classes:r=[],attributes:i={},styles:o={}}=e;return zd({type:"counter",content:t},()=>(Ao("beforeDOMElementCreation",{content:t,params:e}),k4({content:t.toString(),title:n,extra:{attributes:i,styles:o,classes:["".concat(Qt.cssPrefix,"-layers-counter"),...r]}})))}}}},n6={mixout(){return{text(t){let e=arguments.length>1&&arguments[1]!==void 0?arguments[1]:{};const{transform:n=Ti,title:r=null,classes:i=[],attributes:o={},styles:l={}}=e;return zd({type:"text",content:t},()=>(Ao("beforeDOMElementCreation",{content:t,params:e}),g1({content:t,transform:It(It({},Ti),n),title:r,extra:{attributes:o,styles:l,classes:["".concat(Qt.cssPrefix,"-layers-text"),...i]}})))}}},provides(t){t.generateLayersText=function(e,n){const{title:r,transform:i,extra:o}=n;let l=null,c=null;if(eA){const u=parseInt(getComputedStyle(e).fontSize,10),p=e.getBoundingClientRect();l=p.width/u,c=p.height/u}return Qt.autoA11y&&!r&&(o.attributes["aria-hidden"]="true"),Promise.resolve([e,g1({content:e.innerHTML,width:l,height:c,transform:i,title:r,extra:o,watchable:!0})])}}};const r6=new RegExp('"',"ug"),L1=[1105920,1112319],O1=It(It(It(It({},{FontAwesome:{normal:"fas",400:"fas"}}),O3),V3),D3),Jh=Object.keys(O1).reduce((t,e)=>(t[e.toLowerCase()]=O1[e],t),{}),i6=Object.keys(Jh).reduce((t,e)=>{const n=Jh[e];return t[e]=n[900]||[...Object.entries(n)][0][1],t},{});function s6(t){const e=t.replace(r6,""),n=d4(e,0),r=n>=L1[0]&&n<=L1[1],i=e.length===2?e[0]===e[1]:!1;return{value:Vh(i?e[0]:e),isSecondary:r||i}}function o6(t,e){const n=t.replace(/^['"]|['"]$/g,"").toLowerCase(),r=parseInt(e),i=isNaN(r)?"normal":r;return(Jh[n]||{})[i]||i6[n]}function y1(t,e){const n="".concat(z3).concat(e.replace(":","-"));return new Promise((r,i)=>{if(t.getAttribute(n)!==null)return r();const l=Wa(t.children).filter(A=>A.getAttribute(Wh)===e)[0],c=Ns.getComputedStyle(t,e),u=c.getPropertyValue("font-family"),p=u.match(q3),f=c.getPropertyValue("font-weight"),E=c.getPropertyValue("content");if(l&&!p)return t.removeChild(l),r();if(p&&E!=="none"&&E!==""){const A=c.getPropertyValue("content");let y=o6(u,f);const{value:B,isSecondary:R}=s6(A),M=p[0].startsWith("FontAwesome");let O=fm(y,B),L=O;if(M){const G=E4(B);G.iconName&&G.prefix&&(O=G.iconName,y=G.prefix)}if(O&&!R&&(!l||l.getAttribute(om)!==y||l.getAttribute(am)!==L)){t.setAttribute(n,L),l&&t.removeChild(l);const G=X4(),{extra:g}=G;g.attributes[Wh]=e,Yh(O,y).then($=>{const I=pm(It(It({},G),{},{icons:{main:$,mask:bA()},prefix:y,iconName:L,extra:g,watchable:!0})),P=en.createElementNS("http://www.w3.org/2000/svg","svg");e==="::before"?t.insertBefore(P,t.firstChild):t.appendChild(P),P.outerHTML=I.map(dt=>sc(dt)).join(`
`),t.removeAttribute(n),r()}).catch(i)}else r()}else r()})}function a6(t){return Promise.all([y1(t,"::before"),y1(t,"::after")])}function l6(t){return t.parentNode!==document.head&&!~K3.indexOf(t.tagName.toUpperCase())&&!t.getAttribute(Wh)&&(!t.parentNode||t.parentNode.tagName!=="svg")}function N1(t){if(ss)return new Promise((e,n)=>{const r=Wa(t.querySelectorAll("*")).filter(l6).map(a6),i=hm.begin("searchPseudoElements");CA(),Promise.all(r).then(()=>{i(),jh(),e()}).catch(()=>{i(),jh(),n()})})}var c6={hooks(){return{mutationObserverCallbacks(t){return t.pseudoElementsCallback=N1,t}}},provides(t){t.pseudoElements2svg=function(e){const{node:n=en}=e;Qt.searchPseudoElements&&N1(n)}}};let C1=!1;var u6={mixout(){return{dom:{unwatch(){CA(),C1=!0}}}},hooks(){return{bootstrap(){A1(Gh("mutationObserverCallbacks",{}))},noAuto(){V4()},watch(t){const{observeMutationsRoot:e}=t;C1?jh():A1(Gh("mutationObserverCallbacks",{observeMutationsRoot:e}))}}}};const x1=t=>{let e={size:16,x:0,y:0,flipX:!1,flipY:!1,rotate:0};return t.toLowerCase().split(" ").reduce((n,r)=>{const i=r.toLowerCase().split("-"),o=i[0];let l=i.slice(1).join("-");if(o&&l==="h")return n.flipX=!0,n;if(o&&l==="v")return n.flipY=!0,n;if(l=parseFloat(l),isNaN(l))return n;switch(o){case"grow":n.size=n.size+l;break;case"shrink":n.size=n.size-l;break;case"left":n.x=n.x-l;break;case"right":n.x=n.x+l;break;case"up":n.y=n.y-l;break;case"down":n.y=n.y+l;break;case"rotate":n.rotate=n.rotate+l;break}return n},e)};var d6={mixout(){return{parse:{transform:t=>x1(t)}}},hooks(){return{parseNodeAttributes(t,e){const n=e.getAttribute("data-fa-transform");return n&&(t.transform=x1(n)),t}}},provides(t){t.generateAbstractTransformGrouping=function(e){let{main:n,transform:r,containerWidth:i,iconWidth:o}=e;const l={transform:"translate(".concat(i/2," 256)")},c="translate(".concat(r.x*32,", ").concat(r.y*32,") "),u="scale(".concat(r.size/16*(r.flipX?-1:1),", ").concat(r.size/16*(r.flipY?-1:1),") "),p="rotate(".concat(r.rotate," 0 0)"),f={transform:"".concat(c," ").concat(u," ").concat(p)},E={transform:"translate(".concat(o/2*-1," -256)")},A={outer:l,inner:f,path:E};return{tag:"g",attributes:It({},A.outer),children:[{tag:"g",attributes:It({},A.inner),children:[{tag:n.icon.tag,children:n.icon.children,attributes:It(It({},n.icon.attributes),A.path)}]}]}}}};const jp={x:0,y:0,width:"100%",height:"100%"};function w1(t){let e=arguments.length>1&&arguments[1]!==void 0?arguments[1]:!0;return t.attributes&&(t.attributes.fill||e)&&(t.attributes.fill="black"),t}function f6(t){return t.tag==="g"?t.children:[t]}var p6={hooks(){return{parseNodeAttributes(t,e){const n=e.getAttribute("data-fa-mask"),r=n?Vd(n.split(" ").map(i=>i.trim())):bA();return r.prefix||(r.prefix=Cs()),t.mask=r,t.maskId=e.getAttribute("data-fa-mask-id"),t}}},provides(t){t.generateAbstractMask=function(e){let{children:n,attributes:r,main:i,mask:o,maskId:l,transform:c}=e;const{width:u,icon:p}=i,{width:f,icon:E}=o,A=s4({transform:c,containerWidth:f,iconWidth:u}),y={tag:"rect",attributes:It(It({},jp),{},{fill:"white"})},B=p.children?{children:p.children.map(w1)}:{},R={tag:"g",attributes:It({},A.inner),children:[w1(It({tag:p.tag,attributes:It(It({},p.attributes),A.path)},B))]},M={tag:"g",attributes:It({},A.outer),children:[R]},O="mask-".concat(l||Vl()),L="clip-".concat(l||Vl()),G={tag:"mask",attributes:It(It({},jp),{},{id:O,maskUnits:"userSpaceOnUse",maskContentUnits:"userSpaceOnUse"}),children:[y,M]},g={tag:"defs",children:[{tag:"clipPath",attributes:{id:L},children:f6(E)},G]};return n.push(g,{tag:"rect",attributes:It({fill:"currentColor","clip-path":"url(#".concat(L,")"),mask:"url(#".concat(O,")")},jp)}),{children:n,attributes:r}}}},h6={provides(t){let e=!1;Ns.matchMedia&&(e=Ns.matchMedia("(prefers-reduced-motion: reduce)").matches),t.missingIconAbstract=function(){const n=[],r={fill:"currentColor"},i={attributeType:"XML",repeatCount:"indefinite",dur:"2s"};n.push({tag:"path",attributes:It(It({},r),{},{d:"M156.5,447.7l-12.6,29.5c-18.7-9.5-35.9-21.2-51.5-34.9l22.7-22.7C127.6,430.5,141.5,440,156.5,447.7z M40.6,272H8.5 c1.4,21.2,5.4,41.7,11.7,61.1L50,321.2C45.1,305.5,41.8,289,40.6,272z M40.6,240c1.4-18.8,5.2-37,11.1-54.1l-29.5-12.6 C14.7,194.3,10,216.7,8.5,240H40.6z M64.3,156.5c7.8-14.9,17.2-28.8,28.1-41.5L69.7,92.3c-13.7,15.6-25.5,32.8-34.9,51.5 L64.3,156.5z M397,419.6c-13.9,12-29.4,22.3-46.1,30.4l11.9,29.8c20.7-9.9,39.8-22.6,56.9-37.6L397,419.6z M115,92.4 c13.9-12,29.4-22.3,46.1-30.4l-11.9-29.8c-20.7,9.9-39.8,22.6-56.8,37.6L115,92.4z M447.7,355.5c-7.8,14.9-17.2,28.8-28.1,41.5 l22.7,22.7c13.7-15.6,25.5-32.9,34.9-51.5L447.7,355.5z M471.4,272c-1.4,18.8-5.2,37-11.1,54.1l29.5,12.6 c7.5-21.1,12.2-43.5,13.6-66.8H471.4z M321.2,462c-15.7,5-32.2,8.2-49.2,9.4v32.1c21.2-1.4,41.7-5.4,61.1-11.7L321.2,462z M240,471.4c-18.8-1.4-37-5.2-54.1-11.1l-12.6,29.5c21.1,7.5,43.5,12.2,66.8,13.6V471.4z M462,190.8c5,15.7,8.2,32.2,9.4,49.2h32.1 c-1.4-21.2-5.4-41.7-11.7-61.1L462,190.8z M92.4,397c-12-13.9-22.3-29.4-30.4-46.1l-29.8,11.9c9.9,20.7,22.6,39.8,37.6,56.9 L92.4,397z M272,40.6c18.8,1.4,36.9,5.2,54.1,11.1l12.6-29.5C317.7,14.7,295.3,10,272,8.5V40.6z M190.8,50 c15.7-5,32.2-8.2,49.2-9.4V8.5c-21.2,1.4-41.7,5.4-61.1,11.7L190.8,50z M442.3,92.3L419.6,115c12,13.9,22.3,29.4,30.5,46.1 l29.8-11.9C470,128.5,457.3,109.4,442.3,92.3z M397,92.4l22.7-22.7c-15.6-13.7-32.8-25.5-51.5-34.9l-12.6,29.5 C370.4,72.1,384.4,81.5,397,92.4z"})});const o=It(It({},i),{},{attributeName:"opacity"}),l={tag:"circle",attributes:It(It({},r),{},{cx:"256",cy:"364",r:"28"}),children:[]};return e||l.children.push({tag:"animate",attributes:It(It({},i),{},{attributeName:"r",values:"28;14;28;28;14;28;"})},{tag:"animate",attributes:It(It({},o),{},{values:"1;0;1;1;0;1;"})}),n.push(l),n.push({tag:"path",attributes:It(It({},r),{},{opacity:"1",d:"M263.7,312h-16c-6.6,0-12-5.4-12-12c0-71,77.4-63.9,77.4-107.8c0-20-17.8-40.2-57.4-40.2c-29.1,0-44.3,9.6-59.2,28.7 c-3.9,5-11.1,6-16.2,2.4l-13.1-9.2c-5.6-3.9-6.9-11.8-2.6-17.2c21.2-27.2,46.4-44.7,91.2-44.7c52.3,0,97.4,29.8,97.4,80.2 c0,67.6-77.4,63.5-77.4,107.8C275.7,306.6,270.3,312,263.7,312z"}),children:e?[]:[{tag:"animate",attributes:It(It({},o),{},{values:"1;0;0;0;0;1;"})}]}),e||n.push({tag:"path",attributes:It(It({},r),{},{opacity:"0",d:"M232.5,134.5l7,168c0.3,6.4,5.6,11.5,12,11.5h9c6.4,0,11.7-5.1,12-11.5l7-168c0.3-6.8-5.2-12.5-12-12.5h-23 C237.7,122,232.2,127.7,232.5,134.5z"}),children:[{tag:"animate",attributes:It(It({},o),{},{values:"0;0;1;1;0;0;"})}]}),{tag:"g",attributes:{class:"missing"},children:n}}}},m6={hooks(){return{parseNodeAttributes(t,e){const n=e.getAttribute("data-fa-symbol"),r=n===null?!1:n===""?!0:n;return t.symbol=r,t}}}},_6=[l4,Z4,t6,e6,n6,c6,u6,d6,p6,h6,m6];O4(_6,{mixoutsTo:Lr});Lr.noAuto;Lr.config;Lr.library;Lr.dom;const Qh=Lr.parse;Lr.findIconDefinition;Lr.toHtml;const E6=Lr.icon;Lr.layer;Lr.text;Lr.counter;function I1(t,e){var n=Object.keys(t);if(Object.getOwnPropertySymbols){var r=Object.getOwnPropertySymbols(t);e&&(r=r.filter(function(i){return Object.getOwnPropertyDescriptor(t,i).enumerable})),n.push.apply(n,r)}return n}function Xi(t){for(var e=1;e<arguments.length;e++){var n=arguments[e]!=null?arguments[e]:{};e%2?I1(Object(n),!0).forEach(function(r){nr(t,r,n[r])}):Object.getOwnPropertyDescriptors?Object.defineProperties(t,Object.getOwnPropertyDescriptors(n)):I1(Object(n)).forEach(function(r){Object.defineProperty(t,r,Object.getOwnPropertyDescriptor(n,r))})}return t}function g6(t,e){if(typeof t!="object"||!t)return t;var n=t[Symbol.toPrimitive];if(n!==void 0){var r=n.call(t,e);if(typeof r!="object")return r;throw new TypeError("@@toPrimitive must return a primitive value.")}return(e==="string"?String:Number)(t)}function T6(t){var e=g6(t,"string");return typeof e=="symbol"?e:e+""}function rd(t){"@babel/helpers - typeof";return rd=typeof Symbol=="function"&&typeof Symbol.iterator=="symbol"?function(e){return typeof e}:function(e){return e&&typeof Symbol=="function"&&e.constructor===Symbol&&e!==Symbol.prototype?"symbol":typeof e},rd(t)}function nr(t,e,n){return e=T6(e),e in t?Object.defineProperty(t,e,{value:n,enumerable:!0,configurable:!0,writable:!0}):t[e]=n,t}function v6(t,e){if(t==null)return{};var n={};for(var r in t)if(Object.prototype.hasOwnProperty.call(t,r)){if(e.indexOf(r)>=0)continue;n[r]=t[r]}return n}function S6(t,e){if(t==null)return{};var n=v6(t,e),r,i;if(Object.getOwnPropertySymbols){var o=Object.getOwnPropertySymbols(t);for(i=0;i<o.length;i++)r=o[i],!(e.indexOf(r)>=0)&&Object.prototype.propertyIsEnumerable.call(t,r)&&(n[r]=t[r])}return n}var A6=typeof globalThis<"u"?globalThis:typeof window<"u"?window:typeof global<"u"?global:typeof self<"u"?self:{},wA={exports:{}};(function(t){(function(e){var n=function(O,L,G){if(!p(L)||E(L)||A(L)||y(L)||u(L))return L;var g,$=0,I=0;if(f(L))for(g=[],I=L.length;$<I;$++)g.push(n(O,L[$],G));else{g={};for(var P in L)Object.prototype.hasOwnProperty.call(L,P)&&(g[O(P,G)]=n(O,L[P],G))}return g},r=function(O,L){L=L||{};var G=L.separator||"_",g=L.split||/(?=[A-Z])/;return O.split(g).join(G)},i=function(O){return B(O)?O:(O=O.replace(/[\-_\s]+(.)?/g,function(L,G){return G?G.toUpperCase():""}),O.substr(0,1).toLowerCase()+O.substr(1))},o=function(O){var L=i(O);return L.substr(0,1).toUpperCase()+L.substr(1)},l=function(O,L){return r(O,L).toLowerCase()},c=Object.prototype.toString,u=function(O){return typeof O=="function"},p=function(O){return O===Object(O)},f=function(O){return c.call(O)=="[object Array]"},E=function(O){return c.call(O)=="[object Date]"},A=function(O){return c.call(O)=="[object RegExp]"},y=function(O){return c.call(O)=="[object Boolean]"},B=function(O){return O=O-0,O===O},R=function(O,L){var G=L&&"process"in L?L.process:L;return typeof G!="function"?O:function(g,$){return G(g,O,$)}},M={camelize:i,decamelize:l,pascalize:o,depascalize:l,camelizeKeys:function(O,L){return n(R(i,L),O)},decamelizeKeys:function(O,L){return n(R(l,L),O,L)},pascalizeKeys:function(O,L){return n(R(o,L),O)},depascalizeKeys:function(){return this.decamelizeKeys.apply(this,arguments)}};t.exports?t.exports=M:e.humps=M})(A6)})(wA);var R6=wA.exports,b6=["class","style"];function L6(t){return t.split(";").map(function(e){return e.trim()}).filter(function(e){return e}).reduce(function(e,n){var r=n.indexOf(":"),i=R6.camelize(n.slice(0,r)),o=n.slice(r+1).trim();return e[i]=o,e},{})}function O6(t){return t.split(/\s+/).reduce(function(e,n){return e[n]=!0,e},{})}function IA(t){var e=arguments.length>1&&arguments[1]!==void 0?arguments[1]:{},n=arguments.length>2&&arguments[2]!==void 0?arguments[2]:{};if(typeof t=="string")return t;var r=(t.children||[]).map(function(u){return IA(u)}),i=Object.keys(t.attributes||{}).reduce(function(u,p){var f=t.attributes[p];switch(p){case"class":u.class=O6(f);break;case"style":u.style=L6(f);break;default:u.attrs[p]=f}return u},{attrs:{},class:{},style:{}});n.class;var o=n.style,l=o===void 0?{}:o,c=S6(n,b6);return $0(t.tag,Xi(Xi(Xi({},e),{},{class:i.class,style:Xi(Xi({},i.style),l)},i.attrs),c),r)}var kA=!1;try{kA=!0}catch{}function y6(){if(!kA&&console&&typeof console.error=="function"){var t;(t=console).error.apply(t,arguments)}}function Jp(t,e){return Array.isArray(e)&&e.length>0||!Array.isArray(e)&&e?nr({},t,e):{}}function N6(t){var e,n=(e={"fa-spin":t.spin,"fa-pulse":t.pulse,"fa-fw":t.fixedWidth,"fa-border":t.border,"fa-li":t.listItem,"fa-inverse":t.inverse,"fa-flip":t.flip===!0,"fa-flip-horizontal":t.flip==="horizontal"||t.flip==="both","fa-flip-vertical":t.flip==="vertical"||t.flip==="both"},nr(nr(nr(nr(nr(nr(nr(nr(nr(nr(e,"fa-".concat(t.size),t.size!==null),"fa-rotate-".concat(t.rotation),t.rotation!==null),"fa-pull-".concat(t.pull),t.pull!==null),"fa-swap-opacity",t.swapOpacity),"fa-bounce",t.bounce),"fa-shake",t.shake),"fa-beat",t.beat),"fa-fade",t.fade),"fa-beat-fade",t.beatFade),"fa-flash",t.flash),nr(nr(e,"fa-spin-pulse",t.spinPulse),"fa-spin-reverse",t.spinReverse));return Object.keys(n).map(function(r){return n[r]?r:null}).filter(function(r){return r})}function k1(t){if(t&&rd(t)==="object"&&t.prefix&&t.iconName&&t.icon)return t;if(Qh.icon)return Qh.icon(t);if(t===null)return null;if(rd(t)==="object"&&t.prefix&&t.iconName)return t;if(Array.isArray(t)&&t.length===2)return{prefix:t[0],iconName:t[1]};if(typeof t=="string")return{prefix:"fas",iconName:t}}var Se=Xe({name:"FontAwesomeIcon",props:{border:{type:Boolean,default:!1},fixedWidth:{type:Boolean,default:!1},flip:{type:[Boolean,String],default:!1,validator:function(e){return[!0,!1,"horizontal","vertical","both"].indexOf(e)>-1}},icon:{type:[Object,Array,String],required:!0},mask:{type:[Object,Array,String],default:null},maskId:{type:String,default:null},listItem:{type:Boolean,default:!1},pull:{type:String,default:null,validator:function(e){return["right","left"].indexOf(e)>-1}},pulse:{type:Boolean,default:!1},rotation:{type:[String,Number],default:null,validator:function(e){return[90,180,270].indexOf(Number.parseInt(e,10))>-1}},swapOpacity:{type:Boolean,default:!1},size:{type:String,default:null,validator:function(e){return["2xs","xs","sm","lg","xl","2xl","1x","2x","3x","4x","5x","6x","7x","8x","9x","10x"].indexOf(e)>-1}},spin:{type:Boolean,default:!1},transform:{type:[String,Object],default:null},symbol:{type:[Boolean,String],default:!1},title:{type:String,default:null},titleId:{type:String,default:null},inverse:{type:Boolean,default:!1},bounce:{type:Boolean,default:!1},shake:{type:Boolean,default:!1},beat:{type:Boolean,default:!1},fade:{type:Boolean,default:!1},beatFade:{type:Boolean,default:!1},flash:{type:Boolean,default:!1},spinPulse:{type:Boolean,default:!1},spinReverse:{type:Boolean,default:!1}},setup:function(e,n){var r=n.attrs,i=Dt(function(){return k1(e.icon)}),o=Dt(function(){return Jp("classes",N6(e))}),l=Dt(function(){return Jp("transform",typeof e.transform=="string"?Qh.transform(e.transform):e.transform)}),c=Dt(function(){return Jp("mask",k1(e.mask))}),u=Dt(function(){return E6(i.value,Xi(Xi(Xi(Xi({},o.value),l.value),c.value),{},{symbol:e.symbol,title:e.title,titleId:e.titleId,maskId:e.maskId}))});Hn(u,function(f){if(!f)return y6("Could not find one or more icon(s)",i.value,c.value)},{immediate:!0});var p=Dt(function(){return u.value?IA(u.value.abstract[0],{},r):null});return function(){return p.value}}});function C6(t){switch(typeof t){case"number":break;case"string":t=+new Date(t);break;case"object":t.constructor===Date&&(t=t.getTime());break;default:t=+new Date}const e=[[2,"1 second ago","1 second from now"],[60,"seconds",1],[120,"1 minute ago","1 minute from now"],[3600,"minutes",60],[7200,"1 hour ago","1 hour from now"],[86400,"hours",3600],[172800,"Yesterday","Tomorrow"],[604800,"days",86400],[1209600,"Last week","Next week"],[2419200,"weeks",604800],[4838400,"Last month","Next month"],[29030400,"months",2419200],[58060800,"Last year","Next year"],[290304e4,"years",29030400]];let n=(+new Date-t)/1e3,r="ago",i=1;if(n==0)return"Just now";n<0&&(n=Math.abs(n),r="from now",i=2);let o=0,l;for(;l=e[o++];)if(n<l[0])return typeof l[2]=="string"?l[i]:Math.floor(n/l[2])+" "+l[1]+" "+r;return t}var _u=typeof globalThis<"u"?globalThis:typeof window<"u"?window:typeof global<"u"?global:typeof self<"u"?self:{};function Gd(t){return t&&t.__esModule&&Object.prototype.hasOwnProperty.call(t,"default")?t.default:t}var Sl={exports:{}};/**
 * @license
 * Lodash <https://lodash.com/>
 * Copyright OpenJS Foundation and other contributors <https://openjsf.org/>
 * Released under MIT license <https://lodash.com/license>
 * Based on Underscore.js 1.8.3 <http://underscorejs.org/LICENSE>
 * Copyright Jeremy Ashkenas, DocumentCloud and Investigative Reporters & Editors
 */var x6=Sl.exports,B1;function w6(){return B1||(B1=1,function(t,e){(function(){var n,r="4.17.21",i=200,o="Unsupported core-js use. Try https://npms.io/search?q=ponyfill.",l="Expected a function",c="Invalid `variable` option passed into `_.template`",u="__lodash_hash_undefined__",p=500,f="__lodash_placeholder__",E=1,A=2,y=4,B=1,R=2,M=1,O=2,L=4,G=8,g=16,$=32,I=64,P=128,dt=256,X=512,w=30,Z="...",H=800,b=16,K=1,ht=2,tt=3,ot=1/0,ft=9007199254740991,yt=17976931348623157e292,Lt=NaN,lt=4294967295,j=lt-1,U=lt>>>1,J=[["ary",P],["bind",M],["bindKey",O],["curry",G],["curryRight",g],["flip",X],["partial",$],["partialRight",I],["rearg",dt]],C="[object Arguments]",At="[object Array]",$t="[object AsyncFunction]",ne="[object Boolean]",He="[object Date]",we="[object DOMException]",ln="[object Error]",V="[object Function]",Y="[object GeneratorFunction]",st="[object Map]",bt="[object Number]",Tt="[object Null]",gt="[object Object]",rt="[object Promise]",at="[object Proxy]",mt="[object RegExp]",pt="[object Set]",Mt="[object String]",xt="[object Symbol]",Ut="[object Undefined]",Yt="[object WeakMap]",te="[object WeakSet]",fe="[object ArrayBuffer]",ce="[object DataView]",cn="[object Float32Array]",nn="[object Float64Array]",gn="[object Int8Array]",Tn="[object Int16Array]",$n="[object Int32Array]",W="[object Uint8Array]",ct="[object Uint8ClampedArray]",Ot="[object Uint16Array]",Gt="[object Uint32Array]",Ft=/\b__p \+= '';/g,Oe=/\b(__p \+=) '' \+/g,We=/(__e\(.*?\)|\b__t\)) \+\n'';/g,Rn=/&(?:amp|lt|gt|quot|#39);/g,zr=/[&<>"']/g,rn=RegExp(Rn.source),z=RegExp(zr.source),_t=/<%-([\s\S]+?)%>/g,kt=/<%([\s\S]+?)%>/g,re=/<%=([\s\S]+?)%>/g,Pe=/\.|\[(?:[^[\]]*|(["'])(?:(?!\1)[^\\]|\\.)*?\1)\]/,xe=/^\w*$/,qt=/[^.[\]]+|\[(?:(-?\d+(?:\.\d+)?)|(["'])((?:(?!\2)[^\\]|\\.)*?)\2)\]|(?=(?:\.|\[\])(?:\.|\[\]|$))/g,zt=/[\\^$.*+?()[\]{}|]/g,ue=RegExp(zt.source),dn=/^\s+/,fn=/\s/,Hs=/\{(?:\n\/\* \[wrapped with .+\] \*\/)?\n?/,Va=/\{\n\/\* \[wrapped with (.+)\] \*/,za=/,? & /,nf=/[^\x00-\x2f\x3a-\x40\x5b-\x60\x7b-\x7f]+/g,Ga=/[()=,{}\[\]\/\s]/,rf=/\\(\\)?/g,sf=/\$\{([^\\}]*(?:\\.[^\\}]*)*)\}/g,uc=/\w*$/,dc=/^[-+]0x[0-9a-f]+$/i,wo=/^0b[01]+$/i,of=/^\[object .+?Constructor\]$/,af=/^0o[0-7]+$/i,lf=/^(?:0|[1-9]\d*)$/,ai=/[\xc0-\xd6\xd8-\xf6\xf8-\xff\u0100-\u017f]/g,Ws=/($^)/,fc=/['\n\r\u2028\u2029\\]/g,Io="\\ud800-\\udfff",cf="\\u0300-\\u036f",uf="\\ufe20-\\ufe2f",ko="\\u20d0-\\u20ff",pc=cf+uf+ko,Bt="\\u2700-\\u27bf",Zt="a-z\\xdf-\\xf6\\xf8-\\xff",Ae="\\xac\\xb1\\xd7\\xf7",Ge="\\x00-\\x2f\\x3a-\\x40\\x5b-\\x60\\x7b-\\xbf",hn="\\u2000-\\u206f",cr=" \\t\\x0b\\f\\xa0\\ufeff\\n\\r\\u2028\\u2029\\u1680\\u180e\\u2000\\u2001\\u2002\\u2003\\u2004\\u2005\\u2006\\u2007\\u2008\\u2009\\u200a\\u202f\\u205f\\u3000",Gr="A-Z\\xc0-\\xd6\\xd8-\\xde",Us="\\ufe0e\\ufe0f",In=Ae+Ge+hn+cr,Jn="['’]",hc="["+Io+"]",Ka="["+In+"]",$s="["+pc+"]",mc="\\d+",df="["+Bt+"]",_c="["+Zt+"]",Ec="[^"+Io+In+mc+Bt+Zt+Gr+"]",os="\\ud83c[\\udffb-\\udfff]",gc="(?:"+$s+"|"+os+")",ur="[^"+Io+"]",Xa="(?:\\ud83c[\\udde6-\\uddff]){2}",Fs="[\\ud800-\\udbff][\\udc00-\\udfff]",oe="["+Gr+"]",Ya="\\u200d",vn="(?:"+_c+"|"+Ec+")",Ke="(?:"+oe+"|"+Ec+")",Vs="(?:"+Jn+"(?:d|ll|m|re|s|t|ve))?",li="(?:"+Jn+"(?:D|LL|M|RE|S|T|VE))?",Bo=gc+"?",Po="["+Us+"]?",Ht="(?:"+Ya+"(?:"+[ur,Xa,Fs].join("|")+")"+Po+Bo+")*",Jt="\\d*(?:1st|2nd|3rd|(?![123])\\dth)(?=\\b|[A-Z_])",Ee="\\d*(?:1ST|2ND|3RD|(?![123])\\dTH)(?=\\b|[a-z_])",Ie=Po+Bo+Ht,bn="(?:"+[df,Xa,Fs].join("|")+")"+Ie,Kr="(?:"+[ur+$s+"?",$s,Xa,Fs,hc].join("|")+")",ff=RegExp(Jn,"g"),pf=RegExp($s,"g"),hf=RegExp(os+"(?="+os+")|"+Kr+Ie,"g"),ib=RegExp([oe+"?"+_c+"+"+Vs+"(?="+[Ka,oe,"$"].join("|")+")",Ke+"+"+li+"(?="+[Ka,oe+vn,"$"].join("|")+")",oe+"?"+vn+"+"+Vs,oe+"+"+li,Ee,Jt,mc,bn].join("|"),"g"),sb=RegExp("["+Ya+Io+pc+Us+"]"),ob=/[a-z][A-Z]|[A-Z]{2}[a-z]|[0-9][a-zA-Z]|[a-zA-Z][0-9]|[^a-zA-Z0-9 ]/,ab=["Array","Buffer","DataView","Date","Error","Float32Array","Float64Array","Function","Int8Array","Int16Array","Int32Array","Map","Math","Object","Promise","RegExp","Set","String","Symbol","TypeError","Uint8Array","Uint8ClampedArray","Uint16Array","Uint32Array","WeakMap","_","clearTimeout","isFinite","parseInt","setTimeout"],lb=-1,tn={};tn[cn]=tn[nn]=tn[gn]=tn[Tn]=tn[$n]=tn[W]=tn[ct]=tn[Ot]=tn[Gt]=!0,tn[C]=tn[At]=tn[fe]=tn[ne]=tn[ce]=tn[He]=tn[ln]=tn[V]=tn[st]=tn[bt]=tn[gt]=tn[mt]=tn[pt]=tn[Mt]=tn[Yt]=!1;var Je={};Je[C]=Je[At]=Je[fe]=Je[ce]=Je[ne]=Je[He]=Je[cn]=Je[nn]=Je[gn]=Je[Tn]=Je[$n]=Je[st]=Je[bt]=Je[gt]=Je[mt]=Je[pt]=Je[Mt]=Je[xt]=Je[W]=Je[ct]=Je[Ot]=Je[Gt]=!0,Je[ln]=Je[V]=Je[Yt]=!1;var cb={À:"A",Á:"A",Â:"A",Ã:"A",Ä:"A",Å:"A",à:"a",á:"a",â:"a",ã:"a",ä:"a",å:"a",Ç:"C",ç:"c",Ð:"D",ð:"d",È:"E",É:"E",Ê:"E",Ë:"E",è:"e",é:"e",ê:"e",ë:"e",Ì:"I",Í:"I",Î:"I",Ï:"I",ì:"i",í:"i",î:"i",ï:"i",Ñ:"N",ñ:"n",Ò:"O",Ó:"O",Ô:"O",Õ:"O",Ö:"O",Ø:"O",ò:"o",ó:"o",ô:"o",õ:"o",ö:"o",ø:"o",Ù:"U",Ú:"U",Û:"U",Ü:"U",ù:"u",ú:"u",û:"u",ü:"u",Ý:"Y",ý:"y",ÿ:"y",Æ:"Ae",æ:"ae",Þ:"Th",þ:"th",ß:"ss",Ā:"A",Ă:"A",Ą:"A",ā:"a",ă:"a",ą:"a",Ć:"C",Ĉ:"C",Ċ:"C",Č:"C",ć:"c",ĉ:"c",ċ:"c",č:"c",Ď:"D",Đ:"D",ď:"d",đ:"d",Ē:"E",Ĕ:"E",Ė:"E",Ę:"E",Ě:"E",ē:"e",ĕ:"e",ė:"e",ę:"e",ě:"e",Ĝ:"G",Ğ:"G",Ġ:"G",Ģ:"G",ĝ:"g",ğ:"g",ġ:"g",ģ:"g",Ĥ:"H",Ħ:"H",ĥ:"h",ħ:"h",Ĩ:"I",Ī:"I",Ĭ:"I",Į:"I",İ:"I",ĩ:"i",ī:"i",ĭ:"i",į:"i",ı:"i",Ĵ:"J",ĵ:"j",Ķ:"K",ķ:"k",ĸ:"k",Ĺ:"L",Ļ:"L",Ľ:"L",Ŀ:"L",Ł:"L",ĺ:"l",ļ:"l",ľ:"l",ŀ:"l",ł:"l",Ń:"N",Ņ:"N",Ň:"N",Ŋ:"N",ń:"n",ņ:"n",ň:"n",ŋ:"n",Ō:"O",Ŏ:"O",Ő:"O",ō:"o",ŏ:"o",ő:"o",Ŕ:"R",Ŗ:"R",Ř:"R",ŕ:"r",ŗ:"r",ř:"r",Ś:"S",Ŝ:"S",Ş:"S",Š:"S",ś:"s",ŝ:"s",ş:"s",š:"s",Ţ:"T",Ť:"T",Ŧ:"T",ţ:"t",ť:"t",ŧ:"t",Ũ:"U",Ū:"U",Ŭ:"U",Ů:"U",Ű:"U",Ų:"U",ũ:"u",ū:"u",ŭ:"u",ů:"u",ű:"u",ų:"u",Ŵ:"W",ŵ:"w",Ŷ:"Y",ŷ:"y",Ÿ:"Y",Ź:"Z",Ż:"Z",Ž:"Z",ź:"z",ż:"z",ž:"z",Ĳ:"IJ",ĳ:"ij",Œ:"Oe",œ:"oe",ŉ:"'n",ſ:"s"},ub={"&":"&amp;","<":"&lt;",">":"&gt;",'"':"&quot;","'":"&#39;"},db={"&amp;":"&","&lt;":"<","&gt;":">","&quot;":'"',"&#39;":"'"},fb={"\\":"\\","'":"'","\n":"n","\r":"r","\u2028":"u2028","\u2029":"u2029"},pb=parseFloat,hb=parseInt,Wm=typeof _u=="object"&&_u&&_u.Object===Object&&_u,mb=typeof self=="object"&&self&&self.Object===Object&&self,Nn=Wm||mb||Function("return this")(),mf=e&&!e.nodeType&&e,zs=mf&&!0&&t&&!t.nodeType&&t,Um=zs&&zs.exports===mf,_f=Um&&Wm.process,Or=function(){try{var et=zs&&zs.require&&zs.require("util").types;return et||_f&&_f.binding&&_f.binding("util")}catch{}}(),$m=Or&&Or.isArrayBuffer,Fm=Or&&Or.isDate,Vm=Or&&Or.isMap,zm=Or&&Or.isRegExp,Gm=Or&&Or.isSet,Km=Or&&Or.isTypedArray;function dr(et,Et,ut){switch(ut.length){case 0:return et.call(Et);case 1:return et.call(Et,ut[0]);case 2:return et.call(Et,ut[0],ut[1]);case 3:return et.call(Et,ut[0],ut[1],ut[2])}return et.apply(Et,ut)}function _b(et,Et,ut,Kt){for(var he=-1,De=et==null?0:et.length;++he<De;){var Sn=et[he];Et(Kt,Sn,ut(Sn),et)}return Kt}function yr(et,Et){for(var ut=-1,Kt=et==null?0:et.length;++ut<Kt&&Et(et[ut],ut,et)!==!1;);return et}function Eb(et,Et){for(var ut=et==null?0:et.length;ut--&&Et(et[ut],ut,et)!==!1;);return et}function Xm(et,Et){for(var ut=-1,Kt=et==null?0:et.length;++ut<Kt;)if(!Et(et[ut],ut,et))return!1;return!0}function as(et,Et){for(var ut=-1,Kt=et==null?0:et.length,he=0,De=[];++ut<Kt;){var Sn=et[ut];Et(Sn,ut,et)&&(De[he++]=Sn)}return De}function Tc(et,Et){var ut=et==null?0:et.length;return!!ut&&Do(et,Et,0)>-1}function Ef(et,Et,ut){for(var Kt=-1,he=et==null?0:et.length;++Kt<he;)if(ut(Et,et[Kt]))return!0;return!1}function sn(et,Et){for(var ut=-1,Kt=et==null?0:et.length,he=Array(Kt);++ut<Kt;)he[ut]=Et(et[ut],ut,et);return he}function ls(et,Et){for(var ut=-1,Kt=Et.length,he=et.length;++ut<Kt;)et[he+ut]=Et[ut];return et}function gf(et,Et,ut,Kt){var he=-1,De=et==null?0:et.length;for(Kt&&De&&(ut=et[++he]);++he<De;)ut=Et(ut,et[he],he,et);return ut}function gb(et,Et,ut,Kt){var he=et==null?0:et.length;for(Kt&&he&&(ut=et[--he]);he--;)ut=Et(ut,et[he],he,et);return ut}function Tf(et,Et){for(var ut=-1,Kt=et==null?0:et.length;++ut<Kt;)if(Et(et[ut],ut,et))return!0;return!1}var Tb=vf("length");function vb(et){return et.split("")}function Sb(et){return et.match(nf)||[]}function Ym(et,Et,ut){var Kt;return ut(et,function(he,De,Sn){if(Et(he,De,Sn))return Kt=De,!1}),Kt}function vc(et,Et,ut,Kt){for(var he=et.length,De=ut+(Kt?1:-1);Kt?De--:++De<he;)if(Et(et[De],De,et))return De;return-1}function Do(et,Et,ut){return Et===Et?kb(et,Et,ut):vc(et,qm,ut)}function Ab(et,Et,ut,Kt){for(var he=ut-1,De=et.length;++he<De;)if(Kt(et[he],Et))return he;return-1}function qm(et){return et!==et}function jm(et,Et){var ut=et==null?0:et.length;return ut?Af(et,Et)/ut:Lt}function vf(et){return function(Et){return Et==null?n:Et[et]}}function Sf(et){return function(Et){return et==null?n:et[Et]}}function Jm(et,Et,ut,Kt,he){return he(et,function(De,Sn,Ye){ut=Kt?(Kt=!1,De):Et(ut,De,Sn,Ye)}),ut}function Rb(et,Et){var ut=et.length;for(et.sort(Et);ut--;)et[ut]=et[ut].value;return et}function Af(et,Et){for(var ut,Kt=-1,he=et.length;++Kt<he;){var De=Et(et[Kt]);De!==n&&(ut=ut===n?De:ut+De)}return ut}function Rf(et,Et){for(var ut=-1,Kt=Array(et);++ut<et;)Kt[ut]=Et(ut);return Kt}function bb(et,Et){return sn(Et,function(ut){return[ut,et[ut]]})}function Qm(et){return et&&et.slice(0,n_(et)+1).replace(dn,"")}function fr(et){return function(Et){return et(Et)}}function bf(et,Et){return sn(Et,function(ut){return et[ut]})}function qa(et,Et){return et.has(Et)}function Zm(et,Et){for(var ut=-1,Kt=et.length;++ut<Kt&&Do(Et,et[ut],0)>-1;);return ut}function t_(et,Et){for(var ut=et.length;ut--&&Do(Et,et[ut],0)>-1;);return ut}function Lb(et,Et){for(var ut=et.length,Kt=0;ut--;)et[ut]===Et&&++Kt;return Kt}var Ob=Sf(cb),yb=Sf(ub);function Nb(et){return"\\"+fb[et]}function Cb(et,Et){return et==null?n:et[Et]}function Mo(et){return sb.test(et)}function xb(et){return ob.test(et)}function wb(et){for(var Et,ut=[];!(Et=et.next()).done;)ut.push(Et.value);return ut}function Lf(et){var Et=-1,ut=Array(et.size);return et.forEach(function(Kt,he){ut[++Et]=[he,Kt]}),ut}function e_(et,Et){return function(ut){return et(Et(ut))}}function cs(et,Et){for(var ut=-1,Kt=et.length,he=0,De=[];++ut<Kt;){var Sn=et[ut];(Sn===Et||Sn===f)&&(et[ut]=f,De[he++]=ut)}return De}function Sc(et){var Et=-1,ut=Array(et.size);return et.forEach(function(Kt){ut[++Et]=Kt}),ut}function Ib(et){var Et=-1,ut=Array(et.size);return et.forEach(function(Kt){ut[++Et]=[Kt,Kt]}),ut}function kb(et,Et,ut){for(var Kt=ut-1,he=et.length;++Kt<he;)if(et[Kt]===Et)return Kt;return-1}function Bb(et,Et,ut){for(var Kt=ut+1;Kt--;)if(et[Kt]===Et)return Kt;return Kt}function Ho(et){return Mo(et)?Db(et):Tb(et)}function Xr(et){return Mo(et)?Mb(et):vb(et)}function n_(et){for(var Et=et.length;Et--&&fn.test(et.charAt(Et)););return Et}var Pb=Sf(db);function Db(et){for(var Et=hf.lastIndex=0;hf.test(et);)++Et;return Et}function Mb(et){return et.match(hf)||[]}function Hb(et){return et.match(ib)||[]}var Wb=function et(Et){Et=Et==null?Nn:Wo.defaults(Nn.Object(),Et,Wo.pick(Nn,ab));var ut=Et.Array,Kt=Et.Date,he=Et.Error,De=Et.Function,Sn=Et.Math,Ye=Et.Object,Of=Et.RegExp,Ub=Et.String,Nr=Et.TypeError,Ac=ut.prototype,$b=De.prototype,Uo=Ye.prototype,Rc=Et["__core-js_shared__"],bc=$b.toString,Ve=Uo.hasOwnProperty,Fb=0,r_=function(){var s=/[^.]+$/.exec(Rc&&Rc.keys&&Rc.keys.IE_PROTO||"");return s?"Symbol(src)_1."+s:""}(),Lc=Uo.toString,Vb=bc.call(Ye),zb=Nn._,Gb=Of("^"+bc.call(Ve).replace(zt,"\\$&").replace(/hasOwnProperty|(function).*?(?=\\\()| for .+?(?=\\\])/g,"$1.*?")+"$"),Oc=Um?Et.Buffer:n,us=Et.Symbol,yc=Et.Uint8Array,i_=Oc?Oc.allocUnsafe:n,Nc=e_(Ye.getPrototypeOf,Ye),s_=Ye.create,o_=Uo.propertyIsEnumerable,Cc=Ac.splice,a_=us?us.isConcatSpreadable:n,ja=us?us.iterator:n,Gs=us?us.toStringTag:n,xc=function(){try{var s=js(Ye,"defineProperty");return s({},"",{}),s}catch{}}(),Kb=Et.clearTimeout!==Nn.clearTimeout&&Et.clearTimeout,Xb=Kt&&Kt.now!==Nn.Date.now&&Kt.now,Yb=Et.setTimeout!==Nn.setTimeout&&Et.setTimeout,wc=Sn.ceil,Ic=Sn.floor,yf=Ye.getOwnPropertySymbols,qb=Oc?Oc.isBuffer:n,l_=Et.isFinite,jb=Ac.join,Jb=e_(Ye.keys,Ye),An=Sn.max,kn=Sn.min,Qb=Kt.now,Zb=Et.parseInt,c_=Sn.random,tL=Ac.reverse,Nf=js(Et,"DataView"),Ja=js(Et,"Map"),Cf=js(Et,"Promise"),$o=js(Et,"Set"),Qa=js(Et,"WeakMap"),Za=js(Ye,"create"),kc=Qa&&new Qa,Fo={},eL=Js(Nf),nL=Js(Ja),rL=Js(Cf),iL=Js($o),sL=Js(Qa),Bc=us?us.prototype:n,tl=Bc?Bc.valueOf:n,u_=Bc?Bc.toString:n;function N(s){if(pn(s)&&!me(s)&&!(s instanceof ye)){if(s instanceof Cr)return s;if(Ve.call(s,"__wrapped__"))return dE(s)}return new Cr(s)}var Vo=function(){function s(){}return function(a){if(!un(a))return{};if(s_)return s_(a);s.prototype=a;var d=new s;return s.prototype=n,d}}();function Pc(){}function Cr(s,a){this.__wrapped__=s,this.__actions__=[],this.__chain__=!!a,this.__index__=0,this.__values__=n}N.templateSettings={escape:_t,evaluate:kt,interpolate:re,variable:"",imports:{_:N}},N.prototype=Pc.prototype,N.prototype.constructor=N,Cr.prototype=Vo(Pc.prototype),Cr.prototype.constructor=Cr;function ye(s){this.__wrapped__=s,this.__actions__=[],this.__dir__=1,this.__filtered__=!1,this.__iteratees__=[],this.__takeCount__=lt,this.__views__=[]}function oL(){var s=new ye(this.__wrapped__);return s.__actions__=Qn(this.__actions__),s.__dir__=this.__dir__,s.__filtered__=this.__filtered__,s.__iteratees__=Qn(this.__iteratees__),s.__takeCount__=this.__takeCount__,s.__views__=Qn(this.__views__),s}function aL(){if(this.__filtered__){var s=new ye(this);s.__dir__=-1,s.__filtered__=!0}else s=this.clone(),s.__dir__*=-1;return s}function lL(){var s=this.__wrapped__.value(),a=this.__dir__,d=me(s),m=a<0,S=d?s.length:0,x=vO(0,S,this.__views__),F=x.start,q=x.end,nt=q-F,St=m?q:F-1,Rt=this.__iteratees__,Nt=Rt.length,Wt=0,jt=kn(nt,this.__takeCount__);if(!d||!m&&S==nt&&jt==nt)return B_(s,this.__actions__);var ae=[];t:for(;nt--&&Wt<jt;){St+=a;for(var Te=-1,le=s[St];++Te<Nt;){var Re=Rt[Te],Ne=Re.iteratee,mr=Re.type,zn=Ne(le);if(mr==ht)le=zn;else if(!zn){if(mr==K)continue t;break t}}ae[Wt++]=le}return ae}ye.prototype=Vo(Pc.prototype),ye.prototype.constructor=ye;function Ks(s){var a=-1,d=s==null?0:s.length;for(this.clear();++a<d;){var m=s[a];this.set(m[0],m[1])}}function cL(){this.__data__=Za?Za(null):{},this.size=0}function uL(s){var a=this.has(s)&&delete this.__data__[s];return this.size-=a?1:0,a}function dL(s){var a=this.__data__;if(Za){var d=a[s];return d===u?n:d}return Ve.call(a,s)?a[s]:n}function fL(s){var a=this.__data__;return Za?a[s]!==n:Ve.call(a,s)}function pL(s,a){var d=this.__data__;return this.size+=this.has(s)?0:1,d[s]=Za&&a===n?u:a,this}Ks.prototype.clear=cL,Ks.prototype.delete=uL,Ks.prototype.get=dL,Ks.prototype.has=fL,Ks.prototype.set=pL;function ki(s){var a=-1,d=s==null?0:s.length;for(this.clear();++a<d;){var m=s[a];this.set(m[0],m[1])}}function hL(){this.__data__=[],this.size=0}function mL(s){var a=this.__data__,d=Dc(a,s);if(d<0)return!1;var m=a.length-1;return d==m?a.pop():Cc.call(a,d,1),--this.size,!0}function _L(s){var a=this.__data__,d=Dc(a,s);return d<0?n:a[d][1]}function EL(s){return Dc(this.__data__,s)>-1}function gL(s,a){var d=this.__data__,m=Dc(d,s);return m<0?(++this.size,d.push([s,a])):d[m][1]=a,this}ki.prototype.clear=hL,ki.prototype.delete=mL,ki.prototype.get=_L,ki.prototype.has=EL,ki.prototype.set=gL;function Bi(s){var a=-1,d=s==null?0:s.length;for(this.clear();++a<d;){var m=s[a];this.set(m[0],m[1])}}function TL(){this.size=0,this.__data__={hash:new Ks,map:new(Ja||ki),string:new Ks}}function vL(s){var a=Yc(this,s).delete(s);return this.size-=a?1:0,a}function SL(s){return Yc(this,s).get(s)}function AL(s){return Yc(this,s).has(s)}function RL(s,a){var d=Yc(this,s),m=d.size;return d.set(s,a),this.size+=d.size==m?0:1,this}Bi.prototype.clear=TL,Bi.prototype.delete=vL,Bi.prototype.get=SL,Bi.prototype.has=AL,Bi.prototype.set=RL;function Xs(s){var a=-1,d=s==null?0:s.length;for(this.__data__=new Bi;++a<d;)this.add(s[a])}function bL(s){return this.__data__.set(s,u),this}function LL(s){return this.__data__.has(s)}Xs.prototype.add=Xs.prototype.push=bL,Xs.prototype.has=LL;function Yr(s){var a=this.__data__=new ki(s);this.size=a.size}function OL(){this.__data__=new ki,this.size=0}function yL(s){var a=this.__data__,d=a.delete(s);return this.size=a.size,d}function NL(s){return this.__data__.get(s)}function CL(s){return this.__data__.has(s)}function xL(s,a){var d=this.__data__;if(d instanceof ki){var m=d.__data__;if(!Ja||m.length<i-1)return m.push([s,a]),this.size=++d.size,this;d=this.__data__=new Bi(m)}return d.set(s,a),this.size=d.size,this}Yr.prototype.clear=OL,Yr.prototype.delete=yL,Yr.prototype.get=NL,Yr.prototype.has=CL,Yr.prototype.set=xL;function d_(s,a){var d=me(s),m=!d&&Qs(s),S=!d&&!m&&ms(s),x=!d&&!m&&!S&&Xo(s),F=d||m||S||x,q=F?Rf(s.length,Ub):[],nt=q.length;for(var St in s)(a||Ve.call(s,St))&&!(F&&(St=="length"||S&&(St=="offset"||St=="parent")||x&&(St=="buffer"||St=="byteLength"||St=="byteOffset")||Hi(St,nt)))&&q.push(St);return q}function f_(s){var a=s.length;return a?s[Uf(0,a-1)]:n}function wL(s,a){return qc(Qn(s),Ys(a,0,s.length))}function IL(s){return qc(Qn(s))}function xf(s,a,d){(d!==n&&!qr(s[a],d)||d===n&&!(a in s))&&Pi(s,a,d)}function el(s,a,d){var m=s[a];(!(Ve.call(s,a)&&qr(m,d))||d===n&&!(a in s))&&Pi(s,a,d)}function Dc(s,a){for(var d=s.length;d--;)if(qr(s[d][0],a))return d;return-1}function kL(s,a,d,m){return ds(s,function(S,x,F){a(m,S,d(S),F)}),m}function p_(s,a){return s&&ui(a,Ln(a),s)}function BL(s,a){return s&&ui(a,tr(a),s)}function Pi(s,a,d){a=="__proto__"&&xc?xc(s,a,{configurable:!0,enumerable:!0,value:d,writable:!0}):s[a]=d}function wf(s,a){for(var d=-1,m=a.length,S=ut(m),x=s==null;++d<m;)S[d]=x?n:dp(s,a[d]);return S}function Ys(s,a,d){return s===s&&(d!==n&&(s=s<=d?s:d),a!==n&&(s=s>=a?s:a)),s}function xr(s,a,d,m,S,x){var F,q=a&E,nt=a&A,St=a&y;if(d&&(F=S?d(s,m,S,x):d(s)),F!==n)return F;if(!un(s))return s;var Rt=me(s);if(Rt){if(F=AO(s),!q)return Qn(s,F)}else{var Nt=Bn(s),Wt=Nt==V||Nt==Y;if(ms(s))return M_(s,q);if(Nt==gt||Nt==C||Wt&&!S){if(F=nt||Wt?{}:nE(s),!q)return nt?dO(s,BL(F,s)):uO(s,p_(F,s))}else{if(!Je[Nt])return S?s:{};F=RO(s,Nt,q)}}x||(x=new Yr);var jt=x.get(s);if(jt)return jt;x.set(s,F),wE(s)?s.forEach(function(le){F.add(xr(le,a,d,le,s,x))}):CE(s)&&s.forEach(function(le,Re){F.set(Re,xr(le,a,d,Re,s,x))});var ae=St?nt?Jf:jf:nt?tr:Ln,Te=Rt?n:ae(s);return yr(Te||s,function(le,Re){Te&&(Re=le,le=s[Re]),el(F,Re,xr(le,a,d,Re,s,x))}),F}function PL(s){var a=Ln(s);return function(d){return h_(d,s,a)}}function h_(s,a,d){var m=d.length;if(s==null)return!m;for(s=Ye(s);m--;){var S=d[m],x=a[S],F=s[S];if(F===n&&!(S in s)||!x(F))return!1}return!0}function m_(s,a,d){if(typeof s!="function")throw new Nr(l);return ll(function(){s.apply(n,d)},a)}function nl(s,a,d,m){var S=-1,x=Tc,F=!0,q=s.length,nt=[],St=a.length;if(!q)return nt;d&&(a=sn(a,fr(d))),m?(x=Ef,F=!1):a.length>=i&&(x=qa,F=!1,a=new Xs(a));t:for(;++S<q;){var Rt=s[S],Nt=d==null?Rt:d(Rt);if(Rt=m||Rt!==0?Rt:0,F&&Nt===Nt){for(var Wt=St;Wt--;)if(a[Wt]===Nt)continue t;nt.push(Rt)}else x(a,Nt,m)||nt.push(Rt)}return nt}var ds=F_(ci),__=F_(kf,!0);function DL(s,a){var d=!0;return ds(s,function(m,S,x){return d=!!a(m,S,x),d}),d}function Mc(s,a,d){for(var m=-1,S=s.length;++m<S;){var x=s[m],F=a(x);if(F!=null&&(q===n?F===F&&!hr(F):d(F,q)))var q=F,nt=x}return nt}function ML(s,a,d,m){var S=s.length;for(d=ge(d),d<0&&(d=-d>S?0:S+d),m=m===n||m>S?S:ge(m),m<0&&(m+=S),m=d>m?0:kE(m);d<m;)s[d++]=a;return s}function E_(s,a){var d=[];return ds(s,function(m,S,x){a(m,S,x)&&d.push(m)}),d}function Cn(s,a,d,m,S){var x=-1,F=s.length;for(d||(d=LO),S||(S=[]);++x<F;){var q=s[x];a>0&&d(q)?a>1?Cn(q,a-1,d,m,S):ls(S,q):m||(S[S.length]=q)}return S}var If=V_(),g_=V_(!0);function ci(s,a){return s&&If(s,a,Ln)}function kf(s,a){return s&&g_(s,a,Ln)}function Hc(s,a){return as(a,function(d){return Wi(s[d])})}function qs(s,a){a=ps(a,s);for(var d=0,m=a.length;s!=null&&d<m;)s=s[di(a[d++])];return d&&d==m?s:n}function T_(s,a,d){var m=a(s);return me(s)?m:ls(m,d(s))}function Fn(s){return s==null?s===n?Ut:Tt:Gs&&Gs in Ye(s)?TO(s):IO(s)}function Bf(s,a){return s>a}function HL(s,a){return s!=null&&Ve.call(s,a)}function WL(s,a){return s!=null&&a in Ye(s)}function UL(s,a,d){return s>=kn(a,d)&&s<An(a,d)}function Pf(s,a,d){for(var m=d?Ef:Tc,S=s[0].length,x=s.length,F=x,q=ut(x),nt=1/0,St=[];F--;){var Rt=s[F];F&&a&&(Rt=sn(Rt,fr(a))),nt=kn(Rt.length,nt),q[F]=!d&&(a||S>=120&&Rt.length>=120)?new Xs(F&&Rt):n}Rt=s[0];var Nt=-1,Wt=q[0];t:for(;++Nt<S&&St.length<nt;){var jt=Rt[Nt],ae=a?a(jt):jt;if(jt=d||jt!==0?jt:0,!(Wt?qa(Wt,ae):m(St,ae,d))){for(F=x;--F;){var Te=q[F];if(!(Te?qa(Te,ae):m(s[F],ae,d)))continue t}Wt&&Wt.push(ae),St.push(jt)}}return St}function $L(s,a,d,m){return ci(s,function(S,x,F){a(m,d(S),x,F)}),m}function rl(s,a,d){a=ps(a,s),s=oE(s,a);var m=s==null?s:s[di(Ir(a))];return m==null?n:dr(m,s,d)}function v_(s){return pn(s)&&Fn(s)==C}function FL(s){return pn(s)&&Fn(s)==fe}function VL(s){return pn(s)&&Fn(s)==He}function il(s,a,d,m,S){return s===a?!0:s==null||a==null||!pn(s)&&!pn(a)?s!==s&&a!==a:zL(s,a,d,m,il,S)}function zL(s,a,d,m,S,x){var F=me(s),q=me(a),nt=F?At:Bn(s),St=q?At:Bn(a);nt=nt==C?gt:nt,St=St==C?gt:St;var Rt=nt==gt,Nt=St==gt,Wt=nt==St;if(Wt&&ms(s)){if(!ms(a))return!1;F=!0,Rt=!1}if(Wt&&!Rt)return x||(x=new Yr),F||Xo(s)?Z_(s,a,d,m,S,x):EO(s,a,nt,d,m,S,x);if(!(d&B)){var jt=Rt&&Ve.call(s,"__wrapped__"),ae=Nt&&Ve.call(a,"__wrapped__");if(jt||ae){var Te=jt?s.value():s,le=ae?a.value():a;return x||(x=new Yr),S(Te,le,d,m,x)}}return Wt?(x||(x=new Yr),gO(s,a,d,m,S,x)):!1}function GL(s){return pn(s)&&Bn(s)==st}function Df(s,a,d,m){var S=d.length,x=S,F=!m;if(s==null)return!x;for(s=Ye(s);S--;){var q=d[S];if(F&&q[2]?q[1]!==s[q[0]]:!(q[0]in s))return!1}for(;++S<x;){q=d[S];var nt=q[0],St=s[nt],Rt=q[1];if(F&&q[2]){if(St===n&&!(nt in s))return!1}else{var Nt=new Yr;if(m)var Wt=m(St,Rt,nt,s,a,Nt);if(!(Wt===n?il(Rt,St,B|R,m,Nt):Wt))return!1}}return!0}function S_(s){if(!un(s)||yO(s))return!1;var a=Wi(s)?Gb:of;return a.test(Js(s))}function KL(s){return pn(s)&&Fn(s)==mt}function XL(s){return pn(s)&&Bn(s)==pt}function YL(s){return pn(s)&&eu(s.length)&&!!tn[Fn(s)]}function A_(s){return typeof s=="function"?s:s==null?er:typeof s=="object"?me(s)?L_(s[0],s[1]):b_(s):zE(s)}function Mf(s){if(!al(s))return Jb(s);var a=[];for(var d in Ye(s))Ve.call(s,d)&&d!="constructor"&&a.push(d);return a}function qL(s){if(!un(s))return wO(s);var a=al(s),d=[];for(var m in s)m=="constructor"&&(a||!Ve.call(s,m))||d.push(m);return d}function Hf(s,a){return s<a}function R_(s,a){var d=-1,m=Zn(s)?ut(s.length):[];return ds(s,function(S,x,F){m[++d]=a(S,x,F)}),m}function b_(s){var a=Zf(s);return a.length==1&&a[0][2]?iE(a[0][0],a[0][1]):function(d){return d===s||Df(d,s,a)}}function L_(s,a){return ep(s)&&rE(a)?iE(di(s),a):function(d){var m=dp(d,s);return m===n&&m===a?fp(d,s):il(a,m,B|R)}}function Wc(s,a,d,m,S){s!==a&&If(a,function(x,F){if(S||(S=new Yr),un(x))jL(s,a,F,d,Wc,m,S);else{var q=m?m(rp(s,F),x,F+"",s,a,S):n;q===n&&(q=x),xf(s,F,q)}},tr)}function jL(s,a,d,m,S,x,F){var q=rp(s,d),nt=rp(a,d),St=F.get(nt);if(St){xf(s,d,St);return}var Rt=x?x(q,nt,d+"",s,a,F):n,Nt=Rt===n;if(Nt){var Wt=me(nt),jt=!Wt&&ms(nt),ae=!Wt&&!jt&&Xo(nt);Rt=nt,Wt||jt||ae?me(q)?Rt=q:mn(q)?Rt=Qn(q):jt?(Nt=!1,Rt=M_(nt,!0)):ae?(Nt=!1,Rt=H_(nt,!0)):Rt=[]:cl(nt)||Qs(nt)?(Rt=q,Qs(q)?Rt=BE(q):(!un(q)||Wi(q))&&(Rt=nE(nt))):Nt=!1}Nt&&(F.set(nt,Rt),S(Rt,nt,m,x,F),F.delete(nt)),xf(s,d,Rt)}function O_(s,a){var d=s.length;if(d)return a+=a<0?d:0,Hi(a,d)?s[a]:n}function y_(s,a,d){a.length?a=sn(a,function(x){return me(x)?function(F){return qs(F,x.length===1?x[0]:x)}:x}):a=[er];var m=-1;a=sn(a,fr(ie()));var S=R_(s,function(x,F,q){var nt=sn(a,function(St){return St(x)});return{criteria:nt,index:++m,value:x}});return Rb(S,function(x,F){return cO(x,F,d)})}function JL(s,a){return N_(s,a,function(d,m){return fp(s,m)})}function N_(s,a,d){for(var m=-1,S=a.length,x={};++m<S;){var F=a[m],q=qs(s,F);d(q,F)&&sl(x,ps(F,s),q)}return x}function QL(s){return function(a){return qs(a,s)}}function Wf(s,a,d,m){var S=m?Ab:Do,x=-1,F=a.length,q=s;for(s===a&&(a=Qn(a)),d&&(q=sn(s,fr(d)));++x<F;)for(var nt=0,St=a[x],Rt=d?d(St):St;(nt=S(q,Rt,nt,m))>-1;)q!==s&&Cc.call(q,nt,1),Cc.call(s,nt,1);return s}function C_(s,a){for(var d=s?a.length:0,m=d-1;d--;){var S=a[d];if(d==m||S!==x){var x=S;Hi(S)?Cc.call(s,S,1):Vf(s,S)}}return s}function Uf(s,a){return s+Ic(c_()*(a-s+1))}function ZL(s,a,d,m){for(var S=-1,x=An(wc((a-s)/(d||1)),0),F=ut(x);x--;)F[m?x:++S]=s,s+=d;return F}function $f(s,a){var d="";if(!s||a<1||a>ft)return d;do a%2&&(d+=s),a=Ic(a/2),a&&(s+=s);while(a);return d}function ve(s,a){return ip(sE(s,a,er),s+"")}function tO(s){return f_(Yo(s))}function eO(s,a){var d=Yo(s);return qc(d,Ys(a,0,d.length))}function sl(s,a,d,m){if(!un(s))return s;a=ps(a,s);for(var S=-1,x=a.length,F=x-1,q=s;q!=null&&++S<x;){var nt=di(a[S]),St=d;if(nt==="__proto__"||nt==="constructor"||nt==="prototype")return s;if(S!=F){var Rt=q[nt];St=m?m(Rt,nt,q):n,St===n&&(St=un(Rt)?Rt:Hi(a[S+1])?[]:{})}el(q,nt,St),q=q[nt]}return s}var x_=kc?function(s,a){return kc.set(s,a),s}:er,nO=xc?function(s,a){return xc(s,"toString",{configurable:!0,enumerable:!1,value:hp(a),writable:!0})}:er;function rO(s){return qc(Yo(s))}function wr(s,a,d){var m=-1,S=s.length;a<0&&(a=-a>S?0:S+a),d=d>S?S:d,d<0&&(d+=S),S=a>d?0:d-a>>>0,a>>>=0;for(var x=ut(S);++m<S;)x[m]=s[m+a];return x}function iO(s,a){var d;return ds(s,function(m,S,x){return d=a(m,S,x),!d}),!!d}function Uc(s,a,d){var m=0,S=s==null?m:s.length;if(typeof a=="number"&&a===a&&S<=U){for(;m<S;){var x=m+S>>>1,F=s[x];F!==null&&!hr(F)&&(d?F<=a:F<a)?m=x+1:S=x}return S}return Ff(s,a,er,d)}function Ff(s,a,d,m){var S=0,x=s==null?0:s.length;if(x===0)return 0;a=d(a);for(var F=a!==a,q=a===null,nt=hr(a),St=a===n;S<x;){var Rt=Ic((S+x)/2),Nt=d(s[Rt]),Wt=Nt!==n,jt=Nt===null,ae=Nt===Nt,Te=hr(Nt);if(F)var le=m||ae;else St?le=ae&&(m||Wt):q?le=ae&&Wt&&(m||!jt):nt?le=ae&&Wt&&!jt&&(m||!Te):jt||Te?le=!1:le=m?Nt<=a:Nt<a;le?S=Rt+1:x=Rt}return kn(x,j)}function w_(s,a){for(var d=-1,m=s.length,S=0,x=[];++d<m;){var F=s[d],q=a?a(F):F;if(!d||!qr(q,nt)){var nt=q;x[S++]=F===0?0:F}}return x}function I_(s){return typeof s=="number"?s:hr(s)?Lt:+s}function pr(s){if(typeof s=="string")return s;if(me(s))return sn(s,pr)+"";if(hr(s))return u_?u_.call(s):"";var a=s+"";return a=="0"&&1/s==-1/0?"-0":a}function fs(s,a,d){var m=-1,S=Tc,x=s.length,F=!0,q=[],nt=q;if(d)F=!1,S=Ef;else if(x>=i){var St=a?null:mO(s);if(St)return Sc(St);F=!1,S=qa,nt=new Xs}else nt=a?[]:q;t:for(;++m<x;){var Rt=s[m],Nt=a?a(Rt):Rt;if(Rt=d||Rt!==0?Rt:0,F&&Nt===Nt){for(var Wt=nt.length;Wt--;)if(nt[Wt]===Nt)continue t;a&&nt.push(Nt),q.push(Rt)}else S(nt,Nt,d)||(nt!==q&&nt.push(Nt),q.push(Rt))}return q}function Vf(s,a){return a=ps(a,s),s=oE(s,a),s==null||delete s[di(Ir(a))]}function k_(s,a,d,m){return sl(s,a,d(qs(s,a)),m)}function $c(s,a,d,m){for(var S=s.length,x=m?S:-1;(m?x--:++x<S)&&a(s[x],x,s););return d?wr(s,m?0:x,m?x+1:S):wr(s,m?x+1:0,m?S:x)}function B_(s,a){var d=s;return d instanceof ye&&(d=d.value()),gf(a,function(m,S){return S.func.apply(S.thisArg,ls([m],S.args))},d)}function zf(s,a,d){var m=s.length;if(m<2)return m?fs(s[0]):[];for(var S=-1,x=ut(m);++S<m;)for(var F=s[S],q=-1;++q<m;)q!=S&&(x[S]=nl(x[S]||F,s[q],a,d));return fs(Cn(x,1),a,d)}function P_(s,a,d){for(var m=-1,S=s.length,x=a.length,F={};++m<S;){var q=m<x?a[m]:n;d(F,s[m],q)}return F}function Gf(s){return mn(s)?s:[]}function Kf(s){return typeof s=="function"?s:er}function ps(s,a){return me(s)?s:ep(s,a)?[s]:uE(Ue(s))}var sO=ve;function hs(s,a,d){var m=s.length;return d=d===n?m:d,!a&&d>=m?s:wr(s,a,d)}var D_=Kb||function(s){return Nn.clearTimeout(s)};function M_(s,a){if(a)return s.slice();var d=s.length,m=i_?i_(d):new s.constructor(d);return s.copy(m),m}function Xf(s){var a=new s.constructor(s.byteLength);return new yc(a).set(new yc(s)),a}function oO(s,a){var d=a?Xf(s.buffer):s.buffer;return new s.constructor(d,s.byteOffset,s.byteLength)}function aO(s){var a=new s.constructor(s.source,uc.exec(s));return a.lastIndex=s.lastIndex,a}function lO(s){return tl?Ye(tl.call(s)):{}}function H_(s,a){var d=a?Xf(s.buffer):s.buffer;return new s.constructor(d,s.byteOffset,s.length)}function W_(s,a){if(s!==a){var d=s!==n,m=s===null,S=s===s,x=hr(s),F=a!==n,q=a===null,nt=a===a,St=hr(a);if(!q&&!St&&!x&&s>a||x&&F&&nt&&!q&&!St||m&&F&&nt||!d&&nt||!S)return 1;if(!m&&!x&&!St&&s<a||St&&d&&S&&!m&&!x||q&&d&&S||!F&&S||!nt)return-1}return 0}function cO(s,a,d){for(var m=-1,S=s.criteria,x=a.criteria,F=S.length,q=d.length;++m<F;){var nt=W_(S[m],x[m]);if(nt){if(m>=q)return nt;var St=d[m];return nt*(St=="desc"?-1:1)}}return s.index-a.index}function U_(s,a,d,m){for(var S=-1,x=s.length,F=d.length,q=-1,nt=a.length,St=An(x-F,0),Rt=ut(nt+St),Nt=!m;++q<nt;)Rt[q]=a[q];for(;++S<F;)(Nt||S<x)&&(Rt[d[S]]=s[S]);for(;St--;)Rt[q++]=s[S++];return Rt}function $_(s,a,d,m){for(var S=-1,x=s.length,F=-1,q=d.length,nt=-1,St=a.length,Rt=An(x-q,0),Nt=ut(Rt+St),Wt=!m;++S<Rt;)Nt[S]=s[S];for(var jt=S;++nt<St;)Nt[jt+nt]=a[nt];for(;++F<q;)(Wt||S<x)&&(Nt[jt+d[F]]=s[S++]);return Nt}function Qn(s,a){var d=-1,m=s.length;for(a||(a=ut(m));++d<m;)a[d]=s[d];return a}function ui(s,a,d,m){var S=!d;d||(d={});for(var x=-1,F=a.length;++x<F;){var q=a[x],nt=m?m(d[q],s[q],q,d,s):n;nt===n&&(nt=s[q]),S?Pi(d,q,nt):el(d,q,nt)}return d}function uO(s,a){return ui(s,tp(s),a)}function dO(s,a){return ui(s,tE(s),a)}function Fc(s,a){return function(d,m){var S=me(d)?_b:kL,x=a?a():{};return S(d,s,ie(m,2),x)}}function zo(s){return ve(function(a,d){var m=-1,S=d.length,x=S>1?d[S-1]:n,F=S>2?d[2]:n;for(x=s.length>3&&typeof x=="function"?(S--,x):n,F&&Vn(d[0],d[1],F)&&(x=S<3?n:x,S=1),a=Ye(a);++m<S;){var q=d[m];q&&s(a,q,m,x)}return a})}function F_(s,a){return function(d,m){if(d==null)return d;if(!Zn(d))return s(d,m);for(var S=d.length,x=a?S:-1,F=Ye(d);(a?x--:++x<S)&&m(F[x],x,F)!==!1;);return d}}function V_(s){return function(a,d,m){for(var S=-1,x=Ye(a),F=m(a),q=F.length;q--;){var nt=F[s?q:++S];if(d(x[nt],nt,x)===!1)break}return a}}function fO(s,a,d){var m=a&M,S=ol(s);function x(){var F=this&&this!==Nn&&this instanceof x?S:s;return F.apply(m?d:this,arguments)}return x}function z_(s){return function(a){a=Ue(a);var d=Mo(a)?Xr(a):n,m=d?d[0]:a.charAt(0),S=d?hs(d,1).join(""):a.slice(1);return m[s]()+S}}function Go(s){return function(a){return gf(FE($E(a).replace(ff,"")),s,"")}}function ol(s){return function(){var a=arguments;switch(a.length){case 0:return new s;case 1:return new s(a[0]);case 2:return new s(a[0],a[1]);case 3:return new s(a[0],a[1],a[2]);case 4:return new s(a[0],a[1],a[2],a[3]);case 5:return new s(a[0],a[1],a[2],a[3],a[4]);case 6:return new s(a[0],a[1],a[2],a[3],a[4],a[5]);case 7:return new s(a[0],a[1],a[2],a[3],a[4],a[5],a[6])}var d=Vo(s.prototype),m=s.apply(d,a);return un(m)?m:d}}function pO(s,a,d){var m=ol(s);function S(){for(var x=arguments.length,F=ut(x),q=x,nt=Ko(S);q--;)F[q]=arguments[q];var St=x<3&&F[0]!==nt&&F[x-1]!==nt?[]:cs(F,nt);if(x-=St.length,x<d)return q_(s,a,Vc,S.placeholder,n,F,St,n,n,d-x);var Rt=this&&this!==Nn&&this instanceof S?m:s;return dr(Rt,this,F)}return S}function G_(s){return function(a,d,m){var S=Ye(a);if(!Zn(a)){var x=ie(d,3);a=Ln(a),d=function(q){return x(S[q],q,S)}}var F=s(a,d,m);return F>-1?S[x?a[F]:F]:n}}function K_(s){return Mi(function(a){var d=a.length,m=d,S=Cr.prototype.thru;for(s&&a.reverse();m--;){var x=a[m];if(typeof x!="function")throw new Nr(l);if(S&&!F&&Xc(x)=="wrapper")var F=new Cr([],!0)}for(m=F?m:d;++m<d;){x=a[m];var q=Xc(x),nt=q=="wrapper"?Qf(x):n;nt&&np(nt[0])&&nt[1]==(P|G|$|dt)&&!nt[4].length&&nt[9]==1?F=F[Xc(nt[0])].apply(F,nt[3]):F=x.length==1&&np(x)?F[q]():F.thru(x)}return function(){var St=arguments,Rt=St[0];if(F&&St.length==1&&me(Rt))return F.plant(Rt).value();for(var Nt=0,Wt=d?a[Nt].apply(this,St):Rt;++Nt<d;)Wt=a[Nt].call(this,Wt);return Wt}})}function Vc(s,a,d,m,S,x,F,q,nt,St){var Rt=a&P,Nt=a&M,Wt=a&O,jt=a&(G|g),ae=a&X,Te=Wt?n:ol(s);function le(){for(var Re=arguments.length,Ne=ut(Re),mr=Re;mr--;)Ne[mr]=arguments[mr];if(jt)var zn=Ko(le),_r=Lb(Ne,zn);if(m&&(Ne=U_(Ne,m,S,jt)),x&&(Ne=$_(Ne,x,F,jt)),Re-=_r,jt&&Re<St){var _n=cs(Ne,zn);return q_(s,a,Vc,le.placeholder,d,Ne,_n,q,nt,St-Re)}var jr=Nt?d:this,$i=Wt?jr[s]:s;return Re=Ne.length,q?Ne=kO(Ne,q):ae&&Re>1&&Ne.reverse(),Rt&&nt<Re&&(Ne.length=nt),this&&this!==Nn&&this instanceof le&&($i=Te||ol($i)),$i.apply(jr,Ne)}return le}function X_(s,a){return function(d,m){return $L(d,s,a(m),{})}}function zc(s,a){return function(d,m){var S;if(d===n&&m===n)return a;if(d!==n&&(S=d),m!==n){if(S===n)return m;typeof d=="string"||typeof m=="string"?(d=pr(d),m=pr(m)):(d=I_(d),m=I_(m)),S=s(d,m)}return S}}function Yf(s){return Mi(function(a){return a=sn(a,fr(ie())),ve(function(d){var m=this;return s(a,function(S){return dr(S,m,d)})})})}function Gc(s,a){a=a===n?" ":pr(a);var d=a.length;if(d<2)return d?$f(a,s):a;var m=$f(a,wc(s/Ho(a)));return Mo(a)?hs(Xr(m),0,s).join(""):m.slice(0,s)}function hO(s,a,d,m){var S=a&M,x=ol(s);function F(){for(var q=-1,nt=arguments.length,St=-1,Rt=m.length,Nt=ut(Rt+nt),Wt=this&&this!==Nn&&this instanceof F?x:s;++St<Rt;)Nt[St]=m[St];for(;nt--;)Nt[St++]=arguments[++q];return dr(Wt,S?d:this,Nt)}return F}function Y_(s){return function(a,d,m){return m&&typeof m!="number"&&Vn(a,d,m)&&(d=m=n),a=Ui(a),d===n?(d=a,a=0):d=Ui(d),m=m===n?a<d?1:-1:Ui(m),ZL(a,d,m,s)}}function Kc(s){return function(a,d){return typeof a=="string"&&typeof d=="string"||(a=kr(a),d=kr(d)),s(a,d)}}function q_(s,a,d,m,S,x,F,q,nt,St){var Rt=a&G,Nt=Rt?F:n,Wt=Rt?n:F,jt=Rt?x:n,ae=Rt?n:x;a|=Rt?$:I,a&=~(Rt?I:$),a&L||(a&=-4);var Te=[s,a,S,jt,Nt,ae,Wt,q,nt,St],le=d.apply(n,Te);return np(s)&&aE(le,Te),le.placeholder=m,lE(le,s,a)}function qf(s){var a=Sn[s];return function(d,m){if(d=kr(d),m=m==null?0:kn(ge(m),292),m&&l_(d)){var S=(Ue(d)+"e").split("e"),x=a(S[0]+"e"+(+S[1]+m));return S=(Ue(x)+"e").split("e"),+(S[0]+"e"+(+S[1]-m))}return a(d)}}var mO=$o&&1/Sc(new $o([,-0]))[1]==ot?function(s){return new $o(s)}:Ep;function j_(s){return function(a){var d=Bn(a);return d==st?Lf(a):d==pt?Ib(a):bb(a,s(a))}}function Di(s,a,d,m,S,x,F,q){var nt=a&O;if(!nt&&typeof s!="function")throw new Nr(l);var St=m?m.length:0;if(St||(a&=-97,m=S=n),F=F===n?F:An(ge(F),0),q=q===n?q:ge(q),St-=S?S.length:0,a&I){var Rt=m,Nt=S;m=S=n}var Wt=nt?n:Qf(s),jt=[s,a,d,m,S,Rt,Nt,x,F,q];if(Wt&&xO(jt,Wt),s=jt[0],a=jt[1],d=jt[2],m=jt[3],S=jt[4],q=jt[9]=jt[9]===n?nt?0:s.length:An(jt[9]-St,0),!q&&a&(G|g)&&(a&=-25),!a||a==M)var ae=fO(s,a,d);else a==G||a==g?ae=pO(s,a,q):(a==$||a==(M|$))&&!S.length?ae=hO(s,a,d,m):ae=Vc.apply(n,jt);var Te=Wt?x_:aE;return lE(Te(ae,jt),s,a)}function J_(s,a,d,m){return s===n||qr(s,Uo[d])&&!Ve.call(m,d)?a:s}function Q_(s,a,d,m,S,x){return un(s)&&un(a)&&(x.set(a,s),Wc(s,a,n,Q_,x),x.delete(a)),s}function _O(s){return cl(s)?n:s}function Z_(s,a,d,m,S,x){var F=d&B,q=s.length,nt=a.length;if(q!=nt&&!(F&&nt>q))return!1;var St=x.get(s),Rt=x.get(a);if(St&&Rt)return St==a&&Rt==s;var Nt=-1,Wt=!0,jt=d&R?new Xs:n;for(x.set(s,a),x.set(a,s);++Nt<q;){var ae=s[Nt],Te=a[Nt];if(m)var le=F?m(Te,ae,Nt,a,s,x):m(ae,Te,Nt,s,a,x);if(le!==n){if(le)continue;Wt=!1;break}if(jt){if(!Tf(a,function(Re,Ne){if(!qa(jt,Ne)&&(ae===Re||S(ae,Re,d,m,x)))return jt.push(Ne)})){Wt=!1;break}}else if(!(ae===Te||S(ae,Te,d,m,x))){Wt=!1;break}}return x.delete(s),x.delete(a),Wt}function EO(s,a,d,m,S,x,F){switch(d){case ce:if(s.byteLength!=a.byteLength||s.byteOffset!=a.byteOffset)return!1;s=s.buffer,a=a.buffer;case fe:return!(s.byteLength!=a.byteLength||!x(new yc(s),new yc(a)));case ne:case He:case bt:return qr(+s,+a);case ln:return s.name==a.name&&s.message==a.message;case mt:case Mt:return s==a+"";case st:var q=Lf;case pt:var nt=m&B;if(q||(q=Sc),s.size!=a.size&&!nt)return!1;var St=F.get(s);if(St)return St==a;m|=R,F.set(s,a);var Rt=Z_(q(s),q(a),m,S,x,F);return F.delete(s),Rt;case xt:if(tl)return tl.call(s)==tl.call(a)}return!1}function gO(s,a,d,m,S,x){var F=d&B,q=jf(s),nt=q.length,St=jf(a),Rt=St.length;if(nt!=Rt&&!F)return!1;for(var Nt=nt;Nt--;){var Wt=q[Nt];if(!(F?Wt in a:Ve.call(a,Wt)))return!1}var jt=x.get(s),ae=x.get(a);if(jt&&ae)return jt==a&&ae==s;var Te=!0;x.set(s,a),x.set(a,s);for(var le=F;++Nt<nt;){Wt=q[Nt];var Re=s[Wt],Ne=a[Wt];if(m)var mr=F?m(Ne,Re,Wt,a,s,x):m(Re,Ne,Wt,s,a,x);if(!(mr===n?Re===Ne||S(Re,Ne,d,m,x):mr)){Te=!1;break}le||(le=Wt=="constructor")}if(Te&&!le){var zn=s.constructor,_r=a.constructor;zn!=_r&&"constructor"in s&&"constructor"in a&&!(typeof zn=="function"&&zn instanceof zn&&typeof _r=="function"&&_r instanceof _r)&&(Te=!1)}return x.delete(s),x.delete(a),Te}function Mi(s){return ip(sE(s,n,hE),s+"")}function jf(s){return T_(s,Ln,tp)}function Jf(s){return T_(s,tr,tE)}var Qf=kc?function(s){return kc.get(s)}:Ep;function Xc(s){for(var a=s.name+"",d=Fo[a],m=Ve.call(Fo,a)?d.length:0;m--;){var S=d[m],x=S.func;if(x==null||x==s)return S.name}return a}function Ko(s){var a=Ve.call(N,"placeholder")?N:s;return a.placeholder}function ie(){var s=N.iteratee||mp;return s=s===mp?A_:s,arguments.length?s(arguments[0],arguments[1]):s}function Yc(s,a){var d=s.__data__;return OO(a)?d[typeof a=="string"?"string":"hash"]:d.map}function Zf(s){for(var a=Ln(s),d=a.length;d--;){var m=a[d],S=s[m];a[d]=[m,S,rE(S)]}return a}function js(s,a){var d=Cb(s,a);return S_(d)?d:n}function TO(s){var a=Ve.call(s,Gs),d=s[Gs];try{s[Gs]=n;var m=!0}catch{}var S=Lc.call(s);return m&&(a?s[Gs]=d:delete s[Gs]),S}var tp=yf?function(s){return s==null?[]:(s=Ye(s),as(yf(s),function(a){return o_.call(s,a)}))}:gp,tE=yf?function(s){for(var a=[];s;)ls(a,tp(s)),s=Nc(s);return a}:gp,Bn=Fn;(Nf&&Bn(new Nf(new ArrayBuffer(1)))!=ce||Ja&&Bn(new Ja)!=st||Cf&&Bn(Cf.resolve())!=rt||$o&&Bn(new $o)!=pt||Qa&&Bn(new Qa)!=Yt)&&(Bn=function(s){var a=Fn(s),d=a==gt?s.constructor:n,m=d?Js(d):"";if(m)switch(m){case eL:return ce;case nL:return st;case rL:return rt;case iL:return pt;case sL:return Yt}return a});function vO(s,a,d){for(var m=-1,S=d.length;++m<S;){var x=d[m],F=x.size;switch(x.type){case"drop":s+=F;break;case"dropRight":a-=F;break;case"take":a=kn(a,s+F);break;case"takeRight":s=An(s,a-F);break}}return{start:s,end:a}}function SO(s){var a=s.match(Va);return a?a[1].split(za):[]}function eE(s,a,d){a=ps(a,s);for(var m=-1,S=a.length,x=!1;++m<S;){var F=di(a[m]);if(!(x=s!=null&&d(s,F)))break;s=s[F]}return x||++m!=S?x:(S=s==null?0:s.length,!!S&&eu(S)&&Hi(F,S)&&(me(s)||Qs(s)))}function AO(s){var a=s.length,d=new s.constructor(a);return a&&typeof s[0]=="string"&&Ve.call(s,"index")&&(d.index=s.index,d.input=s.input),d}function nE(s){return typeof s.constructor=="function"&&!al(s)?Vo(Nc(s)):{}}function RO(s,a,d){var m=s.constructor;switch(a){case fe:return Xf(s);case ne:case He:return new m(+s);case ce:return oO(s,d);case cn:case nn:case gn:case Tn:case $n:case W:case ct:case Ot:case Gt:return H_(s,d);case st:return new m;case bt:case Mt:return new m(s);case mt:return aO(s);case pt:return new m;case xt:return lO(s)}}function bO(s,a){var d=a.length;if(!d)return s;var m=d-1;return a[m]=(d>1?"& ":"")+a[m],a=a.join(d>2?", ":" "),s.replace(Hs,`{
/* [wrapped with `+a+`] */
`)}function LO(s){return me(s)||Qs(s)||!!(a_&&s&&s[a_])}function Hi(s,a){var d=typeof s;return a=a??ft,!!a&&(d=="number"||d!="symbol"&&lf.test(s))&&s>-1&&s%1==0&&s<a}function Vn(s,a,d){if(!un(d))return!1;var m=typeof a;return(m=="number"?Zn(d)&&Hi(a,d.length):m=="string"&&a in d)?qr(d[a],s):!1}function ep(s,a){if(me(s))return!1;var d=typeof s;return d=="number"||d=="symbol"||d=="boolean"||s==null||hr(s)?!0:xe.test(s)||!Pe.test(s)||a!=null&&s in Ye(a)}function OO(s){var a=typeof s;return a=="string"||a=="number"||a=="symbol"||a=="boolean"?s!=="__proto__":s===null}function np(s){var a=Xc(s),d=N[a];if(typeof d!="function"||!(a in ye.prototype))return!1;if(s===d)return!0;var m=Qf(d);return!!m&&s===m[0]}function yO(s){return!!r_&&r_ in s}var NO=Rc?Wi:Tp;function al(s){var a=s&&s.constructor,d=typeof a=="function"&&a.prototype||Uo;return s===d}function rE(s){return s===s&&!un(s)}function iE(s,a){return function(d){return d==null?!1:d[s]===a&&(a!==n||s in Ye(d))}}function CO(s){var a=Zc(s,function(m){return d.size===p&&d.clear(),m}),d=a.cache;return a}function xO(s,a){var d=s[1],m=a[1],S=d|m,x=S<(M|O|P),F=m==P&&d==G||m==P&&d==dt&&s[7].length<=a[8]||m==(P|dt)&&a[7].length<=a[8]&&d==G;if(!(x||F))return s;m&M&&(s[2]=a[2],S|=d&M?0:L);var q=a[3];if(q){var nt=s[3];s[3]=nt?U_(nt,q,a[4]):q,s[4]=nt?cs(s[3],f):a[4]}return q=a[5],q&&(nt=s[5],s[5]=nt?$_(nt,q,a[6]):q,s[6]=nt?cs(s[5],f):a[6]),q=a[7],q&&(s[7]=q),m&P&&(s[8]=s[8]==null?a[8]:kn(s[8],a[8])),s[9]==null&&(s[9]=a[9]),s[0]=a[0],s[1]=S,s}function wO(s){var a=[];if(s!=null)for(var d in Ye(s))a.push(d);return a}function IO(s){return Lc.call(s)}function sE(s,a,d){return a=An(a===n?s.length-1:a,0),function(){for(var m=arguments,S=-1,x=An(m.length-a,0),F=ut(x);++S<x;)F[S]=m[a+S];S=-1;for(var q=ut(a+1);++S<a;)q[S]=m[S];return q[a]=d(F),dr(s,this,q)}}function oE(s,a){return a.length<2?s:qs(s,wr(a,0,-1))}function kO(s,a){for(var d=s.length,m=kn(a.length,d),S=Qn(s);m--;){var x=a[m];s[m]=Hi(x,d)?S[x]:n}return s}function rp(s,a){if(!(a==="constructor"&&typeof s[a]=="function")&&a!="__proto__")return s[a]}var aE=cE(x_),ll=Yb||function(s,a){return Nn.setTimeout(s,a)},ip=cE(nO);function lE(s,a,d){var m=a+"";return ip(s,bO(m,BO(SO(m),d)))}function cE(s){var a=0,d=0;return function(){var m=Qb(),S=b-(m-d);if(d=m,S>0){if(++a>=H)return arguments[0]}else a=0;return s.apply(n,arguments)}}function qc(s,a){var d=-1,m=s.length,S=m-1;for(a=a===n?m:a;++d<a;){var x=Uf(d,S),F=s[x];s[x]=s[d],s[d]=F}return s.length=a,s}var uE=CO(function(s){var a=[];return s.charCodeAt(0)===46&&a.push(""),s.replace(qt,function(d,m,S,x){a.push(S?x.replace(rf,"$1"):m||d)}),a});function di(s){if(typeof s=="string"||hr(s))return s;var a=s+"";return a=="0"&&1/s==-1/0?"-0":a}function Js(s){if(s!=null){try{return bc.call(s)}catch{}try{return s+""}catch{}}return""}function BO(s,a){return yr(J,function(d){var m="_."+d[0];a&d[1]&&!Tc(s,m)&&s.push(m)}),s.sort()}function dE(s){if(s instanceof ye)return s.clone();var a=new Cr(s.__wrapped__,s.__chain__);return a.__actions__=Qn(s.__actions__),a.__index__=s.__index__,a.__values__=s.__values__,a}function PO(s,a,d){(d?Vn(s,a,d):a===n)?a=1:a=An(ge(a),0);var m=s==null?0:s.length;if(!m||a<1)return[];for(var S=0,x=0,F=ut(wc(m/a));S<m;)F[x++]=wr(s,S,S+=a);return F}function DO(s){for(var a=-1,d=s==null?0:s.length,m=0,S=[];++a<d;){var x=s[a];x&&(S[m++]=x)}return S}function MO(){var s=arguments.length;if(!s)return[];for(var a=ut(s-1),d=arguments[0],m=s;m--;)a[m-1]=arguments[m];return ls(me(d)?Qn(d):[d],Cn(a,1))}var HO=ve(function(s,a){return mn(s)?nl(s,Cn(a,1,mn,!0)):[]}),WO=ve(function(s,a){var d=Ir(a);return mn(d)&&(d=n),mn(s)?nl(s,Cn(a,1,mn,!0),ie(d,2)):[]}),UO=ve(function(s,a){var d=Ir(a);return mn(d)&&(d=n),mn(s)?nl(s,Cn(a,1,mn,!0),n,d):[]});function $O(s,a,d){var m=s==null?0:s.length;return m?(a=d||a===n?1:ge(a),wr(s,a<0?0:a,m)):[]}function FO(s,a,d){var m=s==null?0:s.length;return m?(a=d||a===n?1:ge(a),a=m-a,wr(s,0,a<0?0:a)):[]}function VO(s,a){return s&&s.length?$c(s,ie(a,3),!0,!0):[]}function zO(s,a){return s&&s.length?$c(s,ie(a,3),!0):[]}function GO(s,a,d,m){var S=s==null?0:s.length;return S?(d&&typeof d!="number"&&Vn(s,a,d)&&(d=0,m=S),ML(s,a,d,m)):[]}function fE(s,a,d){var m=s==null?0:s.length;if(!m)return-1;var S=d==null?0:ge(d);return S<0&&(S=An(m+S,0)),vc(s,ie(a,3),S)}function pE(s,a,d){var m=s==null?0:s.length;if(!m)return-1;var S=m-1;return d!==n&&(S=ge(d),S=d<0?An(m+S,0):kn(S,m-1)),vc(s,ie(a,3),S,!0)}function hE(s){var a=s==null?0:s.length;return a?Cn(s,1):[]}function KO(s){var a=s==null?0:s.length;return a?Cn(s,ot):[]}function XO(s,a){var d=s==null?0:s.length;return d?(a=a===n?1:ge(a),Cn(s,a)):[]}function YO(s){for(var a=-1,d=s==null?0:s.length,m={};++a<d;){var S=s[a];m[S[0]]=S[1]}return m}function mE(s){return s&&s.length?s[0]:n}function qO(s,a,d){var m=s==null?0:s.length;if(!m)return-1;var S=d==null?0:ge(d);return S<0&&(S=An(m+S,0)),Do(s,a,S)}function jO(s){var a=s==null?0:s.length;return a?wr(s,0,-1):[]}var JO=ve(function(s){var a=sn(s,Gf);return a.length&&a[0]===s[0]?Pf(a):[]}),QO=ve(function(s){var a=Ir(s),d=sn(s,Gf);return a===Ir(d)?a=n:d.pop(),d.length&&d[0]===s[0]?Pf(d,ie(a,2)):[]}),ZO=ve(function(s){var a=Ir(s),d=sn(s,Gf);return a=typeof a=="function"?a:n,a&&d.pop(),d.length&&d[0]===s[0]?Pf(d,n,a):[]});function ty(s,a){return s==null?"":jb.call(s,a)}function Ir(s){var a=s==null?0:s.length;return a?s[a-1]:n}function ey(s,a,d){var m=s==null?0:s.length;if(!m)return-1;var S=m;return d!==n&&(S=ge(d),S=S<0?An(m+S,0):kn(S,m-1)),a===a?Bb(s,a,S):vc(s,qm,S,!0)}function ny(s,a){return s&&s.length?O_(s,ge(a)):n}var ry=ve(_E);function _E(s,a){return s&&s.length&&a&&a.length?Wf(s,a):s}function iy(s,a,d){return s&&s.length&&a&&a.length?Wf(s,a,ie(d,2)):s}function sy(s,a,d){return s&&s.length&&a&&a.length?Wf(s,a,n,d):s}var oy=Mi(function(s,a){var d=s==null?0:s.length,m=wf(s,a);return C_(s,sn(a,function(S){return Hi(S,d)?+S:S}).sort(W_)),m});function ay(s,a){var d=[];if(!(s&&s.length))return d;var m=-1,S=[],x=s.length;for(a=ie(a,3);++m<x;){var F=s[m];a(F,m,s)&&(d.push(F),S.push(m))}return C_(s,S),d}function sp(s){return s==null?s:tL.call(s)}function ly(s,a,d){var m=s==null?0:s.length;return m?(d&&typeof d!="number"&&Vn(s,a,d)?(a=0,d=m):(a=a==null?0:ge(a),d=d===n?m:ge(d)),wr(s,a,d)):[]}function cy(s,a){return Uc(s,a)}function uy(s,a,d){return Ff(s,a,ie(d,2))}function dy(s,a){var d=s==null?0:s.length;if(d){var m=Uc(s,a);if(m<d&&qr(s[m],a))return m}return-1}function fy(s,a){return Uc(s,a,!0)}function py(s,a,d){return Ff(s,a,ie(d,2),!0)}function hy(s,a){var d=s==null?0:s.length;if(d){var m=Uc(s,a,!0)-1;if(qr(s[m],a))return m}return-1}function my(s){return s&&s.length?w_(s):[]}function _y(s,a){return s&&s.length?w_(s,ie(a,2)):[]}function Ey(s){var a=s==null?0:s.length;return a?wr(s,1,a):[]}function gy(s,a,d){return s&&s.length?(a=d||a===n?1:ge(a),wr(s,0,a<0?0:a)):[]}function Ty(s,a,d){var m=s==null?0:s.length;return m?(a=d||a===n?1:ge(a),a=m-a,wr(s,a<0?0:a,m)):[]}function vy(s,a){return s&&s.length?$c(s,ie(a,3),!1,!0):[]}function Sy(s,a){return s&&s.length?$c(s,ie(a,3)):[]}var Ay=ve(function(s){return fs(Cn(s,1,mn,!0))}),Ry=ve(function(s){var a=Ir(s);return mn(a)&&(a=n),fs(Cn(s,1,mn,!0),ie(a,2))}),by=ve(function(s){var a=Ir(s);return a=typeof a=="function"?a:n,fs(Cn(s,1,mn,!0),n,a)});function Ly(s){return s&&s.length?fs(s):[]}function Oy(s,a){return s&&s.length?fs(s,ie(a,2)):[]}function yy(s,a){return a=typeof a=="function"?a:n,s&&s.length?fs(s,n,a):[]}function op(s){if(!(s&&s.length))return[];var a=0;return s=as(s,function(d){if(mn(d))return a=An(d.length,a),!0}),Rf(a,function(d){return sn(s,vf(d))})}function EE(s,a){if(!(s&&s.length))return[];var d=op(s);return a==null?d:sn(d,function(m){return dr(a,n,m)})}var Ny=ve(function(s,a){return mn(s)?nl(s,a):[]}),Cy=ve(function(s){return zf(as(s,mn))}),xy=ve(function(s){var a=Ir(s);return mn(a)&&(a=n),zf(as(s,mn),ie(a,2))}),wy=ve(function(s){var a=Ir(s);return a=typeof a=="function"?a:n,zf(as(s,mn),n,a)}),Iy=ve(op);function ky(s,a){return P_(s||[],a||[],el)}function By(s,a){return P_(s||[],a||[],sl)}var Py=ve(function(s){var a=s.length,d=a>1?s[a-1]:n;return d=typeof d=="function"?(s.pop(),d):n,EE(s,d)});function gE(s){var a=N(s);return a.__chain__=!0,a}function Dy(s,a){return a(s),s}function jc(s,a){return a(s)}var My=Mi(function(s){var a=s.length,d=a?s[0]:0,m=this.__wrapped__,S=function(x){return wf(x,s)};return a>1||this.__actions__.length||!(m instanceof ye)||!Hi(d)?this.thru(S):(m=m.slice(d,+d+(a?1:0)),m.__actions__.push({func:jc,args:[S],thisArg:n}),new Cr(m,this.__chain__).thru(function(x){return a&&!x.length&&x.push(n),x}))});function Hy(){return gE(this)}function Wy(){return new Cr(this.value(),this.__chain__)}function Uy(){this.__values__===n&&(this.__values__=IE(this.value()));var s=this.__index__>=this.__values__.length,a=s?n:this.__values__[this.__index__++];return{done:s,value:a}}function $y(){return this}function Fy(s){for(var a,d=this;d instanceof Pc;){var m=dE(d);m.__index__=0,m.__values__=n,a?S.__wrapped__=m:a=m;var S=m;d=d.__wrapped__}return S.__wrapped__=s,a}function Vy(){var s=this.__wrapped__;if(s instanceof ye){var a=s;return this.__actions__.length&&(a=new ye(this)),a=a.reverse(),a.__actions__.push({func:jc,args:[sp],thisArg:n}),new Cr(a,this.__chain__)}return this.thru(sp)}function zy(){return B_(this.__wrapped__,this.__actions__)}var Gy=Fc(function(s,a,d){Ve.call(s,d)?++s[d]:Pi(s,d,1)});function Ky(s,a,d){var m=me(s)?Xm:DL;return d&&Vn(s,a,d)&&(a=n),m(s,ie(a,3))}function Xy(s,a){var d=me(s)?as:E_;return d(s,ie(a,3))}var Yy=G_(fE),qy=G_(pE);function jy(s,a){return Cn(Jc(s,a),1)}function Jy(s,a){return Cn(Jc(s,a),ot)}function Qy(s,a,d){return d=d===n?1:ge(d),Cn(Jc(s,a),d)}function TE(s,a){var d=me(s)?yr:ds;return d(s,ie(a,3))}function vE(s,a){var d=me(s)?Eb:__;return d(s,ie(a,3))}var Zy=Fc(function(s,a,d){Ve.call(s,d)?s[d].push(a):Pi(s,d,[a])});function tN(s,a,d,m){s=Zn(s)?s:Yo(s),d=d&&!m?ge(d):0;var S=s.length;return d<0&&(d=An(S+d,0)),nu(s)?d<=S&&s.indexOf(a,d)>-1:!!S&&Do(s,a,d)>-1}var eN=ve(function(s,a,d){var m=-1,S=typeof a=="function",x=Zn(s)?ut(s.length):[];return ds(s,function(F){x[++m]=S?dr(a,F,d):rl(F,a,d)}),x}),nN=Fc(function(s,a,d){Pi(s,d,a)});function Jc(s,a){var d=me(s)?sn:R_;return d(s,ie(a,3))}function rN(s,a,d,m){return s==null?[]:(me(a)||(a=a==null?[]:[a]),d=m?n:d,me(d)||(d=d==null?[]:[d]),y_(s,a,d))}var iN=Fc(function(s,a,d){s[d?0:1].push(a)},function(){return[[],[]]});function sN(s,a,d){var m=me(s)?gf:Jm,S=arguments.length<3;return m(s,ie(a,4),d,S,ds)}function oN(s,a,d){var m=me(s)?gb:Jm,S=arguments.length<3;return m(s,ie(a,4),d,S,__)}function aN(s,a){var d=me(s)?as:E_;return d(s,tu(ie(a,3)))}function lN(s){var a=me(s)?f_:tO;return a(s)}function cN(s,a,d){(d?Vn(s,a,d):a===n)?a=1:a=ge(a);var m=me(s)?wL:eO;return m(s,a)}function uN(s){var a=me(s)?IL:rO;return a(s)}function dN(s){if(s==null)return 0;if(Zn(s))return nu(s)?Ho(s):s.length;var a=Bn(s);return a==st||a==pt?s.size:Mf(s).length}function fN(s,a,d){var m=me(s)?Tf:iO;return d&&Vn(s,a,d)&&(a=n),m(s,ie(a,3))}var pN=ve(function(s,a){if(s==null)return[];var d=a.length;return d>1&&Vn(s,a[0],a[1])?a=[]:d>2&&Vn(a[0],a[1],a[2])&&(a=[a[0]]),y_(s,Cn(a,1),[])}),Qc=Xb||function(){return Nn.Date.now()};function hN(s,a){if(typeof a!="function")throw new Nr(l);return s=ge(s),function(){if(--s<1)return a.apply(this,arguments)}}function SE(s,a,d){return a=d?n:a,a=s&&a==null?s.length:a,Di(s,P,n,n,n,n,a)}function AE(s,a){var d;if(typeof a!="function")throw new Nr(l);return s=ge(s),function(){return--s>0&&(d=a.apply(this,arguments)),s<=1&&(a=n),d}}var ap=ve(function(s,a,d){var m=M;if(d.length){var S=cs(d,Ko(ap));m|=$}return Di(s,m,a,d,S)}),RE=ve(function(s,a,d){var m=M|O;if(d.length){var S=cs(d,Ko(RE));m|=$}return Di(a,m,s,d,S)});function bE(s,a,d){a=d?n:a;var m=Di(s,G,n,n,n,n,n,a);return m.placeholder=bE.placeholder,m}function LE(s,a,d){a=d?n:a;var m=Di(s,g,n,n,n,n,n,a);return m.placeholder=LE.placeholder,m}function OE(s,a,d){var m,S,x,F,q,nt,St=0,Rt=!1,Nt=!1,Wt=!0;if(typeof s!="function")throw new Nr(l);a=kr(a)||0,un(d)&&(Rt=!!d.leading,Nt="maxWait"in d,x=Nt?An(kr(d.maxWait)||0,a):x,Wt="trailing"in d?!!d.trailing:Wt);function jt(_n){var jr=m,$i=S;return m=S=n,St=_n,F=s.apply($i,jr),F}function ae(_n){return St=_n,q=ll(Re,a),Rt?jt(_n):F}function Te(_n){var jr=_n-nt,$i=_n-St,GE=a-jr;return Nt?kn(GE,x-$i):GE}function le(_n){var jr=_n-nt,$i=_n-St;return nt===n||jr>=a||jr<0||Nt&&$i>=x}function Re(){var _n=Qc();if(le(_n))return Ne(_n);q=ll(Re,Te(_n))}function Ne(_n){return q=n,Wt&&m?jt(_n):(m=S=n,F)}function mr(){q!==n&&D_(q),St=0,m=nt=S=q=n}function zn(){return q===n?F:Ne(Qc())}function _r(){var _n=Qc(),jr=le(_n);if(m=arguments,S=this,nt=_n,jr){if(q===n)return ae(nt);if(Nt)return D_(q),q=ll(Re,a),jt(nt)}return q===n&&(q=ll(Re,a)),F}return _r.cancel=mr,_r.flush=zn,_r}var mN=ve(function(s,a){return m_(s,1,a)}),_N=ve(function(s,a,d){return m_(s,kr(a)||0,d)});function EN(s){return Di(s,X)}function Zc(s,a){if(typeof s!="function"||a!=null&&typeof a!="function")throw new Nr(l);var d=function(){var m=arguments,S=a?a.apply(this,m):m[0],x=d.cache;if(x.has(S))return x.get(S);var F=s.apply(this,m);return d.cache=x.set(S,F)||x,F};return d.cache=new(Zc.Cache||Bi),d}Zc.Cache=Bi;function tu(s){if(typeof s!="function")throw new Nr(l);return function(){var a=arguments;switch(a.length){case 0:return!s.call(this);case 1:return!s.call(this,a[0]);case 2:return!s.call(this,a[0],a[1]);case 3:return!s.call(this,a[0],a[1],a[2])}return!s.apply(this,a)}}function gN(s){return AE(2,s)}var TN=sO(function(s,a){a=a.length==1&&me(a[0])?sn(a[0],fr(ie())):sn(Cn(a,1),fr(ie()));var d=a.length;return ve(function(m){for(var S=-1,x=kn(m.length,d);++S<x;)m[S]=a[S].call(this,m[S]);return dr(s,this,m)})}),lp=ve(function(s,a){var d=cs(a,Ko(lp));return Di(s,$,n,a,d)}),yE=ve(function(s,a){var d=cs(a,Ko(yE));return Di(s,I,n,a,d)}),vN=Mi(function(s,a){return Di(s,dt,n,n,n,a)});function SN(s,a){if(typeof s!="function")throw new Nr(l);return a=a===n?a:ge(a),ve(s,a)}function AN(s,a){if(typeof s!="function")throw new Nr(l);return a=a==null?0:An(ge(a),0),ve(function(d){var m=d[a],S=hs(d,0,a);return m&&ls(S,m),dr(s,this,S)})}function RN(s,a,d){var m=!0,S=!0;if(typeof s!="function")throw new Nr(l);return un(d)&&(m="leading"in d?!!d.leading:m,S="trailing"in d?!!d.trailing:S),OE(s,a,{leading:m,maxWait:a,trailing:S})}function bN(s){return SE(s,1)}function LN(s,a){return lp(Kf(a),s)}function ON(){if(!arguments.length)return[];var s=arguments[0];return me(s)?s:[s]}function yN(s){return xr(s,y)}function NN(s,a){return a=typeof a=="function"?a:n,xr(s,y,a)}function CN(s){return xr(s,E|y)}function xN(s,a){return a=typeof a=="function"?a:n,xr(s,E|y,a)}function wN(s,a){return a==null||h_(s,a,Ln(a))}function qr(s,a){return s===a||s!==s&&a!==a}var IN=Kc(Bf),kN=Kc(function(s,a){return s>=a}),Qs=v_(function(){return arguments}())?v_:function(s){return pn(s)&&Ve.call(s,"callee")&&!o_.call(s,"callee")},me=ut.isArray,BN=$m?fr($m):FL;function Zn(s){return s!=null&&eu(s.length)&&!Wi(s)}function mn(s){return pn(s)&&Zn(s)}function PN(s){return s===!0||s===!1||pn(s)&&Fn(s)==ne}var ms=qb||Tp,DN=Fm?fr(Fm):VL;function MN(s){return pn(s)&&s.nodeType===1&&!cl(s)}function HN(s){if(s==null)return!0;if(Zn(s)&&(me(s)||typeof s=="string"||typeof s.splice=="function"||ms(s)||Xo(s)||Qs(s)))return!s.length;var a=Bn(s);if(a==st||a==pt)return!s.size;if(al(s))return!Mf(s).length;for(var d in s)if(Ve.call(s,d))return!1;return!0}function WN(s,a){return il(s,a)}function UN(s,a,d){d=typeof d=="function"?d:n;var m=d?d(s,a):n;return m===n?il(s,a,n,d):!!m}function cp(s){if(!pn(s))return!1;var a=Fn(s);return a==ln||a==we||typeof s.message=="string"&&typeof s.name=="string"&&!cl(s)}function $N(s){return typeof s=="number"&&l_(s)}function Wi(s){if(!un(s))return!1;var a=Fn(s);return a==V||a==Y||a==$t||a==at}function NE(s){return typeof s=="number"&&s==ge(s)}function eu(s){return typeof s=="number"&&s>-1&&s%1==0&&s<=ft}function un(s){var a=typeof s;return s!=null&&(a=="object"||a=="function")}function pn(s){return s!=null&&typeof s=="object"}var CE=Vm?fr(Vm):GL;function FN(s,a){return s===a||Df(s,a,Zf(a))}function VN(s,a,d){return d=typeof d=="function"?d:n,Df(s,a,Zf(a),d)}function zN(s){return xE(s)&&s!=+s}function GN(s){if(NO(s))throw new he(o);return S_(s)}function KN(s){return s===null}function XN(s){return s==null}function xE(s){return typeof s=="number"||pn(s)&&Fn(s)==bt}function cl(s){if(!pn(s)||Fn(s)!=gt)return!1;var a=Nc(s);if(a===null)return!0;var d=Ve.call(a,"constructor")&&a.constructor;return typeof d=="function"&&d instanceof d&&bc.call(d)==Vb}var up=zm?fr(zm):KL;function YN(s){return NE(s)&&s>=-9007199254740991&&s<=ft}var wE=Gm?fr(Gm):XL;function nu(s){return typeof s=="string"||!me(s)&&pn(s)&&Fn(s)==Mt}function hr(s){return typeof s=="symbol"||pn(s)&&Fn(s)==xt}var Xo=Km?fr(Km):YL;function qN(s){return s===n}function jN(s){return pn(s)&&Bn(s)==Yt}function JN(s){return pn(s)&&Fn(s)==te}var QN=Kc(Hf),ZN=Kc(function(s,a){return s<=a});function IE(s){if(!s)return[];if(Zn(s))return nu(s)?Xr(s):Qn(s);if(ja&&s[ja])return wb(s[ja]());var a=Bn(s),d=a==st?Lf:a==pt?Sc:Yo;return d(s)}function Ui(s){if(!s)return s===0?s:0;if(s=kr(s),s===ot||s===-1/0){var a=s<0?-1:1;return a*yt}return s===s?s:0}function ge(s){var a=Ui(s),d=a%1;return a===a?d?a-d:a:0}function kE(s){return s?Ys(ge(s),0,lt):0}function kr(s){if(typeof s=="number")return s;if(hr(s))return Lt;if(un(s)){var a=typeof s.valueOf=="function"?s.valueOf():s;s=un(a)?a+"":a}if(typeof s!="string")return s===0?s:+s;s=Qm(s);var d=wo.test(s);return d||af.test(s)?hb(s.slice(2),d?2:8):dc.test(s)?Lt:+s}function BE(s){return ui(s,tr(s))}function tC(s){return s?Ys(ge(s),-9007199254740991,ft):s===0?s:0}function Ue(s){return s==null?"":pr(s)}var eC=zo(function(s,a){if(al(a)||Zn(a)){ui(a,Ln(a),s);return}for(var d in a)Ve.call(a,d)&&el(s,d,a[d])}),PE=zo(function(s,a){ui(a,tr(a),s)}),ru=zo(function(s,a,d,m){ui(a,tr(a),s,m)}),nC=zo(function(s,a,d,m){ui(a,Ln(a),s,m)}),rC=Mi(wf);function iC(s,a){var d=Vo(s);return a==null?d:p_(d,a)}var sC=ve(function(s,a){s=Ye(s);var d=-1,m=a.length,S=m>2?a[2]:n;for(S&&Vn(a[0],a[1],S)&&(m=1);++d<m;)for(var x=a[d],F=tr(x),q=-1,nt=F.length;++q<nt;){var St=F[q],Rt=s[St];(Rt===n||qr(Rt,Uo[St])&&!Ve.call(s,St))&&(s[St]=x[St])}return s}),oC=ve(function(s){return s.push(n,Q_),dr(DE,n,s)});function aC(s,a){return Ym(s,ie(a,3),ci)}function lC(s,a){return Ym(s,ie(a,3),kf)}function cC(s,a){return s==null?s:If(s,ie(a,3),tr)}function uC(s,a){return s==null?s:g_(s,ie(a,3),tr)}function dC(s,a){return s&&ci(s,ie(a,3))}function fC(s,a){return s&&kf(s,ie(a,3))}function pC(s){return s==null?[]:Hc(s,Ln(s))}function hC(s){return s==null?[]:Hc(s,tr(s))}function dp(s,a,d){var m=s==null?n:qs(s,a);return m===n?d:m}function mC(s,a){return s!=null&&eE(s,a,HL)}function fp(s,a){return s!=null&&eE(s,a,WL)}var _C=X_(function(s,a,d){a!=null&&typeof a.toString!="function"&&(a=Lc.call(a)),s[a]=d},hp(er)),EC=X_(function(s,a,d){a!=null&&typeof a.toString!="function"&&(a=Lc.call(a)),Ve.call(s,a)?s[a].push(d):s[a]=[d]},ie),gC=ve(rl);function Ln(s){return Zn(s)?d_(s):Mf(s)}function tr(s){return Zn(s)?d_(s,!0):qL(s)}function TC(s,a){var d={};return a=ie(a,3),ci(s,function(m,S,x){Pi(d,a(m,S,x),m)}),d}function vC(s,a){var d={};return a=ie(a,3),ci(s,function(m,S,x){Pi(d,S,a(m,S,x))}),d}var SC=zo(function(s,a,d){Wc(s,a,d)}),DE=zo(function(s,a,d,m){Wc(s,a,d,m)}),AC=Mi(function(s,a){var d={};if(s==null)return d;var m=!1;a=sn(a,function(x){return x=ps(x,s),m||(m=x.length>1),x}),ui(s,Jf(s),d),m&&(d=xr(d,E|A|y,_O));for(var S=a.length;S--;)Vf(d,a[S]);return d});function RC(s,a){return ME(s,tu(ie(a)))}var bC=Mi(function(s,a){return s==null?{}:JL(s,a)});function ME(s,a){if(s==null)return{};var d=sn(Jf(s),function(m){return[m]});return a=ie(a),N_(s,d,function(m,S){return a(m,S[0])})}function LC(s,a,d){a=ps(a,s);var m=-1,S=a.length;for(S||(S=1,s=n);++m<S;){var x=s==null?n:s[di(a[m])];x===n&&(m=S,x=d),s=Wi(x)?x.call(s):x}return s}function OC(s,a,d){return s==null?s:sl(s,a,d)}function yC(s,a,d,m){return m=typeof m=="function"?m:n,s==null?s:sl(s,a,d,m)}var HE=j_(Ln),WE=j_(tr);function NC(s,a,d){var m=me(s),S=m||ms(s)||Xo(s);if(a=ie(a,4),d==null){var x=s&&s.constructor;S?d=m?new x:[]:un(s)?d=Wi(x)?Vo(Nc(s)):{}:d={}}return(S?yr:ci)(s,function(F,q,nt){return a(d,F,q,nt)}),d}function CC(s,a){return s==null?!0:Vf(s,a)}function xC(s,a,d){return s==null?s:k_(s,a,Kf(d))}function wC(s,a,d,m){return m=typeof m=="function"?m:n,s==null?s:k_(s,a,Kf(d),m)}function Yo(s){return s==null?[]:bf(s,Ln(s))}function IC(s){return s==null?[]:bf(s,tr(s))}function kC(s,a,d){return d===n&&(d=a,a=n),d!==n&&(d=kr(d),d=d===d?d:0),a!==n&&(a=kr(a),a=a===a?a:0),Ys(kr(s),a,d)}function BC(s,a,d){return a=Ui(a),d===n?(d=a,a=0):d=Ui(d),s=kr(s),UL(s,a,d)}function PC(s,a,d){if(d&&typeof d!="boolean"&&Vn(s,a,d)&&(a=d=n),d===n&&(typeof a=="boolean"?(d=a,a=n):typeof s=="boolean"&&(d=s,s=n)),s===n&&a===n?(s=0,a=1):(s=Ui(s),a===n?(a=s,s=0):a=Ui(a)),s>a){var m=s;s=a,a=m}if(d||s%1||a%1){var S=c_();return kn(s+S*(a-s+pb("1e-"+((S+"").length-1))),a)}return Uf(s,a)}var DC=Go(function(s,a,d){return a=a.toLowerCase(),s+(d?UE(a):a)});function UE(s){return pp(Ue(s).toLowerCase())}function $E(s){return s=Ue(s),s&&s.replace(ai,Ob).replace(pf,"")}function MC(s,a,d){s=Ue(s),a=pr(a);var m=s.length;d=d===n?m:Ys(ge(d),0,m);var S=d;return d-=a.length,d>=0&&s.slice(d,S)==a}function HC(s){return s=Ue(s),s&&z.test(s)?s.replace(zr,yb):s}function WC(s){return s=Ue(s),s&&ue.test(s)?s.replace(zt,"\\$&"):s}var UC=Go(function(s,a,d){return s+(d?"-":"")+a.toLowerCase()}),$C=Go(function(s,a,d){return s+(d?" ":"")+a.toLowerCase()}),FC=z_("toLowerCase");function VC(s,a,d){s=Ue(s),a=ge(a);var m=a?Ho(s):0;if(!a||m>=a)return s;var S=(a-m)/2;return Gc(Ic(S),d)+s+Gc(wc(S),d)}function zC(s,a,d){s=Ue(s),a=ge(a);var m=a?Ho(s):0;return a&&m<a?s+Gc(a-m,d):s}function GC(s,a,d){s=Ue(s),a=ge(a);var m=a?Ho(s):0;return a&&m<a?Gc(a-m,d)+s:s}function KC(s,a,d){return d||a==null?a=0:a&&(a=+a),Zb(Ue(s).replace(dn,""),a||0)}function XC(s,a,d){return(d?Vn(s,a,d):a===n)?a=1:a=ge(a),$f(Ue(s),a)}function YC(){var s=arguments,a=Ue(s[0]);return s.length<3?a:a.replace(s[1],s[2])}var qC=Go(function(s,a,d){return s+(d?"_":"")+a.toLowerCase()});function jC(s,a,d){return d&&typeof d!="number"&&Vn(s,a,d)&&(a=d=n),d=d===n?lt:d>>>0,d?(s=Ue(s),s&&(typeof a=="string"||a!=null&&!up(a))&&(a=pr(a),!a&&Mo(s))?hs(Xr(s),0,d):s.split(a,d)):[]}var JC=Go(function(s,a,d){return s+(d?" ":"")+pp(a)});function QC(s,a,d){return s=Ue(s),d=d==null?0:Ys(ge(d),0,s.length),a=pr(a),s.slice(d,d+a.length)==a}function ZC(s,a,d){var m=N.templateSettings;d&&Vn(s,a,d)&&(a=n),s=Ue(s),a=ru({},a,m,J_);var S=ru({},a.imports,m.imports,J_),x=Ln(S),F=bf(S,x),q,nt,St=0,Rt=a.interpolate||Ws,Nt="__p += '",Wt=Of((a.escape||Ws).source+"|"+Rt.source+"|"+(Rt===re?sf:Ws).source+"|"+(a.evaluate||Ws).source+"|$","g"),jt="//# sourceURL="+(Ve.call(a,"sourceURL")?(a.sourceURL+"").replace(/\s/g," "):"lodash.templateSources["+ ++lb+"]")+`
`;s.replace(Wt,function(le,Re,Ne,mr,zn,_r){return Ne||(Ne=mr),Nt+=s.slice(St,_r).replace(fc,Nb),Re&&(q=!0,Nt+=`' +
__e(`+Re+`) +
'`),zn&&(nt=!0,Nt+=`';
`+zn+`;
__p += '`),Ne&&(Nt+=`' +
((__t = (`+Ne+`)) == null ? '' : __t) +
'`),St=_r+le.length,le}),Nt+=`';
`;var ae=Ve.call(a,"variable")&&a.variable;if(!ae)Nt=`with (obj) {
`+Nt+`
}
`;else if(Ga.test(ae))throw new he(c);Nt=(nt?Nt.replace(Ft,""):Nt).replace(Oe,"$1").replace(We,"$1;"),Nt="function("+(ae||"obj")+`) {
`+(ae?"":`obj || (obj = {});
`)+"var __t, __p = ''"+(q?", __e = _.escape":"")+(nt?`, __j = Array.prototype.join;
function print() { __p += __j.call(arguments, '') }
`:`;
`)+Nt+`return __p
}`;var Te=VE(function(){return De(x,jt+"return "+Nt).apply(n,F)});if(Te.source=Nt,cp(Te))throw Te;return Te}function tx(s){return Ue(s).toLowerCase()}function ex(s){return Ue(s).toUpperCase()}function nx(s,a,d){if(s=Ue(s),s&&(d||a===n))return Qm(s);if(!s||!(a=pr(a)))return s;var m=Xr(s),S=Xr(a),x=Zm(m,S),F=t_(m,S)+1;return hs(m,x,F).join("")}function rx(s,a,d){if(s=Ue(s),s&&(d||a===n))return s.slice(0,n_(s)+1);if(!s||!(a=pr(a)))return s;var m=Xr(s),S=t_(m,Xr(a))+1;return hs(m,0,S).join("")}function ix(s,a,d){if(s=Ue(s),s&&(d||a===n))return s.replace(dn,"");if(!s||!(a=pr(a)))return s;var m=Xr(s),S=Zm(m,Xr(a));return hs(m,S).join("")}function sx(s,a){var d=w,m=Z;if(un(a)){var S="separator"in a?a.separator:S;d="length"in a?ge(a.length):d,m="omission"in a?pr(a.omission):m}s=Ue(s);var x=s.length;if(Mo(s)){var F=Xr(s);x=F.length}if(d>=x)return s;var q=d-Ho(m);if(q<1)return m;var nt=F?hs(F,0,q).join(""):s.slice(0,q);if(S===n)return nt+m;if(F&&(q+=nt.length-q),up(S)){if(s.slice(q).search(S)){var St,Rt=nt;for(S.global||(S=Of(S.source,Ue(uc.exec(S))+"g")),S.lastIndex=0;St=S.exec(Rt);)var Nt=St.index;nt=nt.slice(0,Nt===n?q:Nt)}}else if(s.indexOf(pr(S),q)!=q){var Wt=nt.lastIndexOf(S);Wt>-1&&(nt=nt.slice(0,Wt))}return nt+m}function ox(s){return s=Ue(s),s&&rn.test(s)?s.replace(Rn,Pb):s}var ax=Go(function(s,a,d){return s+(d?" ":"")+a.toUpperCase()}),pp=z_("toUpperCase");function FE(s,a,d){return s=Ue(s),a=d?n:a,a===n?xb(s)?Hb(s):Sb(s):s.match(a)||[]}var VE=ve(function(s,a){try{return dr(s,n,a)}catch(d){return cp(d)?d:new he(d)}}),lx=Mi(function(s,a){return yr(a,function(d){d=di(d),Pi(s,d,ap(s[d],s))}),s});function cx(s){var a=s==null?0:s.length,d=ie();return s=a?sn(s,function(m){if(typeof m[1]!="function")throw new Nr(l);return[d(m[0]),m[1]]}):[],ve(function(m){for(var S=-1;++S<a;){var x=s[S];if(dr(x[0],this,m))return dr(x[1],this,m)}})}function ux(s){return PL(xr(s,E))}function hp(s){return function(){return s}}function dx(s,a){return s==null||s!==s?a:s}var fx=K_(),px=K_(!0);function er(s){return s}function mp(s){return A_(typeof s=="function"?s:xr(s,E))}function hx(s){return b_(xr(s,E))}function mx(s,a){return L_(s,xr(a,E))}var _x=ve(function(s,a){return function(d){return rl(d,s,a)}}),Ex=ve(function(s,a){return function(d){return rl(s,d,a)}});function _p(s,a,d){var m=Ln(a),S=Hc(a,m);d==null&&!(un(a)&&(S.length||!m.length))&&(d=a,a=s,s=this,S=Hc(a,Ln(a)));var x=!(un(d)&&"chain"in d)||!!d.chain,F=Wi(s);return yr(S,function(q){var nt=a[q];s[q]=nt,F&&(s.prototype[q]=function(){var St=this.__chain__;if(x||St){var Rt=s(this.__wrapped__),Nt=Rt.__actions__=Qn(this.__actions__);return Nt.push({func:nt,args:arguments,thisArg:s}),Rt.__chain__=St,Rt}return nt.apply(s,ls([this.value()],arguments))})}),s}function gx(){return Nn._===this&&(Nn._=zb),this}function Ep(){}function Tx(s){return s=ge(s),ve(function(a){return O_(a,s)})}var vx=Yf(sn),Sx=Yf(Xm),Ax=Yf(Tf);function zE(s){return ep(s)?vf(di(s)):QL(s)}function Rx(s){return function(a){return s==null?n:qs(s,a)}}var bx=Y_(),Lx=Y_(!0);function gp(){return[]}function Tp(){return!1}function Ox(){return{}}function yx(){return""}function Nx(){return!0}function Cx(s,a){if(s=ge(s),s<1||s>ft)return[];var d=lt,m=kn(s,lt);a=ie(a),s-=lt;for(var S=Rf(m,a);++d<s;)a(d);return S}function xx(s){return me(s)?sn(s,di):hr(s)?[s]:Qn(uE(Ue(s)))}function wx(s){var a=++Fb;return Ue(s)+a}var Ix=zc(function(s,a){return s+a},0),kx=qf("ceil"),Bx=zc(function(s,a){return s/a},1),Px=qf("floor");function Dx(s){return s&&s.length?Mc(s,er,Bf):n}function Mx(s,a){return s&&s.length?Mc(s,ie(a,2),Bf):n}function Hx(s){return jm(s,er)}function Wx(s,a){return jm(s,ie(a,2))}function Ux(s){return s&&s.length?Mc(s,er,Hf):n}function $x(s,a){return s&&s.length?Mc(s,ie(a,2),Hf):n}var Fx=zc(function(s,a){return s*a},1),Vx=qf("round"),zx=zc(function(s,a){return s-a},0);function Gx(s){return s&&s.length?Af(s,er):0}function Kx(s,a){return s&&s.length?Af(s,ie(a,2)):0}return N.after=hN,N.ary=SE,N.assign=eC,N.assignIn=PE,N.assignInWith=ru,N.assignWith=nC,N.at=rC,N.before=AE,N.bind=ap,N.bindAll=lx,N.bindKey=RE,N.castArray=ON,N.chain=gE,N.chunk=PO,N.compact=DO,N.concat=MO,N.cond=cx,N.conforms=ux,N.constant=hp,N.countBy=Gy,N.create=iC,N.curry=bE,N.curryRight=LE,N.debounce=OE,N.defaults=sC,N.defaultsDeep=oC,N.defer=mN,N.delay=_N,N.difference=HO,N.differenceBy=WO,N.differenceWith=UO,N.drop=$O,N.dropRight=FO,N.dropRightWhile=VO,N.dropWhile=zO,N.fill=GO,N.filter=Xy,N.flatMap=jy,N.flatMapDeep=Jy,N.flatMapDepth=Qy,N.flatten=hE,N.flattenDeep=KO,N.flattenDepth=XO,N.flip=EN,N.flow=fx,N.flowRight=px,N.fromPairs=YO,N.functions=pC,N.functionsIn=hC,N.groupBy=Zy,N.initial=jO,N.intersection=JO,N.intersectionBy=QO,N.intersectionWith=ZO,N.invert=_C,N.invertBy=EC,N.invokeMap=eN,N.iteratee=mp,N.keyBy=nN,N.keys=Ln,N.keysIn=tr,N.map=Jc,N.mapKeys=TC,N.mapValues=vC,N.matches=hx,N.matchesProperty=mx,N.memoize=Zc,N.merge=SC,N.mergeWith=DE,N.method=_x,N.methodOf=Ex,N.mixin=_p,N.negate=tu,N.nthArg=Tx,N.omit=AC,N.omitBy=RC,N.once=gN,N.orderBy=rN,N.over=vx,N.overArgs=TN,N.overEvery=Sx,N.overSome=Ax,N.partial=lp,N.partialRight=yE,N.partition=iN,N.pick=bC,N.pickBy=ME,N.property=zE,N.propertyOf=Rx,N.pull=ry,N.pullAll=_E,N.pullAllBy=iy,N.pullAllWith=sy,N.pullAt=oy,N.range=bx,N.rangeRight=Lx,N.rearg=vN,N.reject=aN,N.remove=ay,N.rest=SN,N.reverse=sp,N.sampleSize=cN,N.set=OC,N.setWith=yC,N.shuffle=uN,N.slice=ly,N.sortBy=pN,N.sortedUniq=my,N.sortedUniqBy=_y,N.split=jC,N.spread=AN,N.tail=Ey,N.take=gy,N.takeRight=Ty,N.takeRightWhile=vy,N.takeWhile=Sy,N.tap=Dy,N.throttle=RN,N.thru=jc,N.toArray=IE,N.toPairs=HE,N.toPairsIn=WE,N.toPath=xx,N.toPlainObject=BE,N.transform=NC,N.unary=bN,N.union=Ay,N.unionBy=Ry,N.unionWith=by,N.uniq=Ly,N.uniqBy=Oy,N.uniqWith=yy,N.unset=CC,N.unzip=op,N.unzipWith=EE,N.update=xC,N.updateWith=wC,N.values=Yo,N.valuesIn=IC,N.without=Ny,N.words=FE,N.wrap=LN,N.xor=Cy,N.xorBy=xy,N.xorWith=wy,N.zip=Iy,N.zipObject=ky,N.zipObjectDeep=By,N.zipWith=Py,N.entries=HE,N.entriesIn=WE,N.extend=PE,N.extendWith=ru,_p(N,N),N.add=Ix,N.attempt=VE,N.camelCase=DC,N.capitalize=UE,N.ceil=kx,N.clamp=kC,N.clone=yN,N.cloneDeep=CN,N.cloneDeepWith=xN,N.cloneWith=NN,N.conformsTo=wN,N.deburr=$E,N.defaultTo=dx,N.divide=Bx,N.endsWith=MC,N.eq=qr,N.escape=HC,N.escapeRegExp=WC,N.every=Ky,N.find=Yy,N.findIndex=fE,N.findKey=aC,N.findLast=qy,N.findLastIndex=pE,N.findLastKey=lC,N.floor=Px,N.forEach=TE,N.forEachRight=vE,N.forIn=cC,N.forInRight=uC,N.forOwn=dC,N.forOwnRight=fC,N.get=dp,N.gt=IN,N.gte=kN,N.has=mC,N.hasIn=fp,N.head=mE,N.identity=er,N.includes=tN,N.indexOf=qO,N.inRange=BC,N.invoke=gC,N.isArguments=Qs,N.isArray=me,N.isArrayBuffer=BN,N.isArrayLike=Zn,N.isArrayLikeObject=mn,N.isBoolean=PN,N.isBuffer=ms,N.isDate=DN,N.isElement=MN,N.isEmpty=HN,N.isEqual=WN,N.isEqualWith=UN,N.isError=cp,N.isFinite=$N,N.isFunction=Wi,N.isInteger=NE,N.isLength=eu,N.isMap=CE,N.isMatch=FN,N.isMatchWith=VN,N.isNaN=zN,N.isNative=GN,N.isNil=XN,N.isNull=KN,N.isNumber=xE,N.isObject=un,N.isObjectLike=pn,N.isPlainObject=cl,N.isRegExp=up,N.isSafeInteger=YN,N.isSet=wE,N.isString=nu,N.isSymbol=hr,N.isTypedArray=Xo,N.isUndefined=qN,N.isWeakMap=jN,N.isWeakSet=JN,N.join=ty,N.kebabCase=UC,N.last=Ir,N.lastIndexOf=ey,N.lowerCase=$C,N.lowerFirst=FC,N.lt=QN,N.lte=ZN,N.max=Dx,N.maxBy=Mx,N.mean=Hx,N.meanBy=Wx,N.min=Ux,N.minBy=$x,N.stubArray=gp,N.stubFalse=Tp,N.stubObject=Ox,N.stubString=yx,N.stubTrue=Nx,N.multiply=Fx,N.nth=ny,N.noConflict=gx,N.noop=Ep,N.now=Qc,N.pad=VC,N.padEnd=zC,N.padStart=GC,N.parseInt=KC,N.random=PC,N.reduce=sN,N.reduceRight=oN,N.repeat=XC,N.replace=YC,N.result=LC,N.round=Vx,N.runInContext=et,N.sample=lN,N.size=dN,N.snakeCase=qC,N.some=fN,N.sortedIndex=cy,N.sortedIndexBy=uy,N.sortedIndexOf=dy,N.sortedLastIndex=fy,N.sortedLastIndexBy=py,N.sortedLastIndexOf=hy,N.startCase=JC,N.startsWith=QC,N.subtract=zx,N.sum=Gx,N.sumBy=Kx,N.template=ZC,N.times=Cx,N.toFinite=Ui,N.toInteger=ge,N.toLength=kE,N.toLower=tx,N.toNumber=kr,N.toSafeInteger=tC,N.toString=Ue,N.toUpper=ex,N.trim=nx,N.trimEnd=rx,N.trimStart=ix,N.truncate=sx,N.unescape=ox,N.uniqueId=wx,N.upperCase=ax,N.upperFirst=pp,N.each=TE,N.eachRight=vE,N.first=mE,_p(N,function(){var s={};return ci(N,function(a,d){Ve.call(N.prototype,d)||(s[d]=a)}),s}(),{chain:!1}),N.VERSION=r,yr(["bind","bindKey","curry","curryRight","partial","partialRight"],function(s){N[s].placeholder=N}),yr(["drop","take"],function(s,a){ye.prototype[s]=function(d){d=d===n?1:An(ge(d),0);var m=this.__filtered__&&!a?new ye(this):this.clone();return m.__filtered__?m.__takeCount__=kn(d,m.__takeCount__):m.__views__.push({size:kn(d,lt),type:s+(m.__dir__<0?"Right":"")}),m},ye.prototype[s+"Right"]=function(d){return this.reverse()[s](d).reverse()}}),yr(["filter","map","takeWhile"],function(s,a){var d=a+1,m=d==K||d==tt;ye.prototype[s]=function(S){var x=this.clone();return x.__iteratees__.push({iteratee:ie(S,3),type:d}),x.__filtered__=x.__filtered__||m,x}}),yr(["head","last"],function(s,a){var d="take"+(a?"Right":"");ye.prototype[s]=function(){return this[d](1).value()[0]}}),yr(["initial","tail"],function(s,a){var d="drop"+(a?"":"Right");ye.prototype[s]=function(){return this.__filtered__?new ye(this):this[d](1)}}),ye.prototype.compact=function(){return this.filter(er)},ye.prototype.find=function(s){return this.filter(s).head()},ye.prototype.findLast=function(s){return this.reverse().find(s)},ye.prototype.invokeMap=ve(function(s,a){return typeof s=="function"?new ye(this):this.map(function(d){return rl(d,s,a)})}),ye.prototype.reject=function(s){return this.filter(tu(ie(s)))},ye.prototype.slice=function(s,a){s=ge(s);var d=this;return d.__filtered__&&(s>0||a<0)?new ye(d):(s<0?d=d.takeRight(-s):s&&(d=d.drop(s)),a!==n&&(a=ge(a),d=a<0?d.dropRight(-a):d.take(a-s)),d)},ye.prototype.takeRightWhile=function(s){return this.reverse().takeWhile(s).reverse()},ye.prototype.toArray=function(){return this.take(lt)},ci(ye.prototype,function(s,a){var d=/^(?:filter|find|map|reject)|While$/.test(a),m=/^(?:head|last)$/.test(a),S=N[m?"take"+(a=="last"?"Right":""):a],x=m||/^find/.test(a);S&&(N.prototype[a]=function(){var F=this.__wrapped__,q=m?[1]:arguments,nt=F instanceof ye,St=q[0],Rt=nt||me(F),Nt=function(Re){var Ne=S.apply(N,ls([Re],q));return m&&Wt?Ne[0]:Ne};Rt&&d&&typeof St=="function"&&St.length!=1&&(nt=Rt=!1);var Wt=this.__chain__,jt=!!this.__actions__.length,ae=x&&!Wt,Te=nt&&!jt;if(!x&&Rt){F=Te?F:new ye(this);var le=s.apply(F,q);return le.__actions__.push({func:jc,args:[Nt],thisArg:n}),new Cr(le,Wt)}return ae&&Te?s.apply(this,q):(le=this.thru(Nt),ae?m?le.value()[0]:le.value():le)})}),yr(["pop","push","shift","sort","splice","unshift"],function(s){var a=Ac[s],d=/^(?:push|sort|unshift)$/.test(s)?"tap":"thru",m=/^(?:pop|shift)$/.test(s);N.prototype[s]=function(){var S=arguments;if(m&&!this.__chain__){var x=this.value();return a.apply(me(x)?x:[],S)}return this[d](function(F){return a.apply(me(F)?F:[],S)})}}),ci(ye.prototype,function(s,a){var d=N[a];if(d){var m=d.name+"";Ve.call(Fo,m)||(Fo[m]=[]),Fo[m].push({name:a,func:d})}}),Fo[Vc(n,O).name]=[{name:"wrapper",func:n}],ye.prototype.clone=oL,ye.prototype.reverse=aL,ye.prototype.value=lL,N.prototype.at=My,N.prototype.chain=Hy,N.prototype.commit=Wy,N.prototype.next=Uy,N.prototype.plant=Fy,N.prototype.reverse=Vy,N.prototype.toJSON=N.prototype.valueOf=N.prototype.value=zy,N.prototype.first=N.prototype.head,ja&&(N.prototype[ja]=$y),N},Wo=Wb();zs?((zs.exports=Wo)._=Wo,mf._=Wo):Nn._=Wo}).call(x6)}(Sl,Sl.exports)),Sl.exports}var I6=w6();const Q=Gd(I6),k6={name:"splitpanes",emits:["ready","resize","resized","pane-click","pane-maximize","pane-add","pane-remove","splitter-click"],props:{horizontal:{type:Boolean},pushOtherPanes:{type:Boolean,default:!0},dblClickSplitter:{type:Boolean,default:!0},rtl:{type:Boolean,default:!1},firstSplitter:{type:Boolean}},provide(){return{requestUpdate:this.requestUpdate,onPaneAdd:this.onPaneAdd,onPaneRemove:this.onPaneRemove,onPaneClick:this.onPaneClick}},data:()=>({container:null,ready:!1,panes:[],touch:{mouseDown:!1,dragging:!1,activeSplitter:null},splitterTaps:{splitter:null,timeoutId:null}}),computed:{panesCount(){return this.panes.length},indexedPanes(){return this.panes.reduce((t,e)=>(t[e.id]=e)&&t,{})}},methods:{updatePaneComponents(){this.panes.forEach(t=>{t.update&&t.update({[this.horizontal?"height":"width"]:`${this.indexedPanes[t.id].size}%`})})},bindEvents(){document.addEventListener("mousemove",this.onMouseMove,{passive:!1}),document.addEventListener("mouseup",this.onMouseUp),"ontouchstart"in window&&(document.addEventListener("touchmove",this.onMouseMove,{passive:!1}),document.addEventListener("touchend",this.onMouseUp))},unbindEvents(){document.removeEventListener("mousemove",this.onMouseMove,{passive:!1}),document.removeEventListener("mouseup",this.onMouseUp),"ontouchstart"in window&&(document.removeEventListener("touchmove",this.onMouseMove,{passive:!1}),document.removeEventListener("touchend",this.onMouseUp))},onMouseDown(t,e){this.bindEvents(),this.touch.mouseDown=!0,this.touch.activeSplitter=e},onMouseMove(t){this.touch.mouseDown&&(t.preventDefault(),this.touch.dragging=!0,this.calculatePanesSize(this.getCurrentMouseDrag(t)),this.$emit("resize",this.panes.map(e=>({min:e.min,max:e.max,size:e.size}))))},onMouseUp(){this.touch.dragging&&this.$emit("resized",this.panes.map(t=>({min:t.min,max:t.max,size:t.size}))),this.touch.mouseDown=!1,setTimeout(()=>{this.touch.dragging=!1,this.unbindEvents()},100)},onSplitterClick(t,e){"ontouchstart"in window&&(t.preventDefault(),this.dblClickSplitter&&(this.splitterTaps.splitter===e?(clearTimeout(this.splitterTaps.timeoutId),this.splitterTaps.timeoutId=null,this.onSplitterDblClick(t,e),this.splitterTaps.splitter=null):(this.splitterTaps.splitter=e,this.splitterTaps.timeoutId=setTimeout(()=>{this.splitterTaps.splitter=null},500)))),this.touch.dragging||this.$emit("splitter-click",this.panes[e])},onSplitterDblClick(t,e){let n=0;this.panes=this.panes.map((r,i)=>(r.size=i===e?r.max:r.min,i!==e&&(n+=r.min),r)),this.panes[e].size-=n,this.$emit("pane-maximize",this.panes[e]),this.$emit("resized",this.panes.map(r=>({min:r.min,max:r.max,size:r.size})))},onPaneClick(t,e){this.$emit("pane-click",this.indexedPanes[e])},getCurrentMouseDrag(t){const e=this.container.getBoundingClientRect(),{clientX:n,clientY:r}="ontouchstart"in window&&t.touches?t.touches[0]:t;return{x:n-e.left,y:r-e.top}},getCurrentDragPercentage(t){t=t[this.horizontal?"y":"x"];const e=this.container[this.horizontal?"clientHeight":"clientWidth"];return this.rtl&&!this.horizontal&&(t=e-t),t*100/e},calculatePanesSize(t){const e=this.touch.activeSplitter;let n={prevPanesSize:this.sumPrevPanesSize(e),nextPanesSize:this.sumNextPanesSize(e),prevReachedMinPanes:0,nextReachedMinPanes:0};const r=0+(this.pushOtherPanes?0:n.prevPanesSize),i=100-(this.pushOtherPanes?0:n.nextPanesSize),o=Math.max(Math.min(this.getCurrentDragPercentage(t),i),r);let l=[e,e+1],c=this.panes[l[0]]||null,u=this.panes[l[1]]||null;const p=c.max<100&&o>=c.max+n.prevPanesSize,f=u.max<100&&o<=100-(u.max+this.sumNextPanesSize(e+1));if(p||f){p?(c.size=c.max,u.size=Math.max(100-c.max-n.prevPanesSize-n.nextPanesSize,0)):(c.size=Math.max(100-u.max-n.prevPanesSize-this.sumNextPanesSize(e+1),0),u.size=u.max);return}if(this.pushOtherPanes){const E=this.doPushOtherPanes(n,o);if(!E)return;({sums:n,panesToResize:l}=E),c=this.panes[l[0]]||null,u=this.panes[l[1]]||null}c!==null&&(c.size=Math.min(Math.max(o-n.prevPanesSize-n.prevReachedMinPanes,c.min),c.max)),u!==null&&(u.size=Math.min(Math.max(100-o-n.nextPanesSize-n.nextReachedMinPanes,u.min),u.max))},doPushOtherPanes(t,e){const n=this.touch.activeSplitter,r=[n,n+1];return e<t.prevPanesSize+this.panes[r[0]].min&&(r[0]=this.findPrevExpandedPane(n).index,t.prevReachedMinPanes=0,r[0]<n&&this.panes.forEach((i,o)=>{o>r[0]&&o<=n&&(i.size=i.min,t.prevReachedMinPanes+=i.min)}),t.prevPanesSize=this.sumPrevPanesSize(r[0]),r[0]===void 0)?(t.prevReachedMinPanes=0,this.panes[0].size=this.panes[0].min,this.panes.forEach((i,o)=>{o>0&&o<=n&&(i.size=i.min,t.prevReachedMinPanes+=i.min)}),this.panes[r[1]].size=100-t.prevReachedMinPanes-this.panes[0].min-t.prevPanesSize-t.nextPanesSize,null):e>100-t.nextPanesSize-this.panes[r[1]].min&&(r[1]=this.findNextExpandedPane(n).index,t.nextReachedMinPanes=0,r[1]>n+1&&this.panes.forEach((i,o)=>{o>n&&o<r[1]&&(i.size=i.min,t.nextReachedMinPanes+=i.min)}),t.nextPanesSize=this.sumNextPanesSize(r[1]-1),r[1]===void 0)?(t.nextReachedMinPanes=0,this.panes[this.panesCount-1].size=this.panes[this.panesCount-1].min,this.panes.forEach((i,o)=>{o<this.panesCount-1&&o>=n+1&&(i.size=i.min,t.nextReachedMinPanes+=i.min)}),this.panes[r[0]].size=100-t.prevPanesSize-t.nextReachedMinPanes-this.panes[this.panesCount-1].min-t.nextPanesSize,null):{sums:t,panesToResize:r}},sumPrevPanesSize(t){return this.panes.reduce((e,n,r)=>e+(r<t?n.size:0),0)},sumNextPanesSize(t){return this.panes.reduce((e,n,r)=>e+(r>t+1?n.size:0),0)},findPrevExpandedPane(t){return[...this.panes].reverse().find(e=>e.index<t&&e.size>e.min)||{}},findNextExpandedPane(t){return this.panes.find(e=>e.index>t+1&&e.size>e.min)||{}},checkSplitpanesNodes(){Array.from(this.container.children).forEach(t=>{const e=t.classList.contains("splitpanes__pane"),n=t.classList.contains("splitpanes__splitter");!e&&!n&&(t.parentNode.removeChild(t),console.warn("Splitpanes: Only <pane> elements are allowed at the root of <splitpanes>. One of your DOM nodes was removed."))})},addSplitter(t,e,n=!1){const r=t-1,i=document.createElement("div");i.classList.add("splitpanes__splitter"),n||(i.onmousedown=o=>this.onMouseDown(o,r),typeof window<"u"&&"ontouchstart"in window&&(i.ontouchstart=o=>this.onMouseDown(o,r)),i.onclick=o=>this.onSplitterClick(o,r+1)),this.dblClickSplitter&&(i.ondblclick=o=>this.onSplitterDblClick(o,r+1)),e.parentNode.insertBefore(i,e)},removeSplitter(t){t.onmousedown=void 0,t.onclick=void 0,t.ondblclick=void 0,t.parentNode.removeChild(t)},redoSplitters(){const t=Array.from(this.container.children);t.forEach(n=>{n.className.includes("splitpanes__splitter")&&this.removeSplitter(n)});let e=0;t.forEach(n=>{n.className.includes("splitpanes__pane")&&(!e&&this.firstSplitter?this.addSplitter(e,n,!0):e&&this.addSplitter(e,n),e++)})},requestUpdate({target:t,...e}){const n=this.indexedPanes[t._.uid];Object.entries(e).forEach(([r,i])=>n[r]=i)},onPaneAdd(t){let e=-1;Array.from(t.$el.parentNode.children).some(i=>(i.className.includes("splitpanes__pane")&&e++,i===t.$el));const n=parseFloat(t.minSize),r=parseFloat(t.maxSize);this.panes.splice(e,0,{id:t._.uid,index:e,min:isNaN(n)?0:n,max:isNaN(r)?100:r,size:t.size===null?null:parseFloat(t.size),givenSize:t.size,update:t.update}),this.panes.forEach((i,o)=>i.index=o),this.ready&&this.$nextTick(()=>{this.redoSplitters(),this.resetPaneSizes({addedPane:this.panes[e]}),this.$emit("pane-add",{index:e,panes:this.panes.map(i=>({min:i.min,max:i.max,size:i.size}))})})},onPaneRemove(t){const e=this.panes.findIndex(r=>r.id===t._.uid),n=this.panes.splice(e,1)[0];this.panes.forEach((r,i)=>r.index=i),this.$nextTick(()=>{this.redoSplitters(),this.resetPaneSizes({removedPane:{...n,index:e}}),this.$emit("pane-remove",{removed:n,panes:this.panes.map(r=>({min:r.min,max:r.max,size:r.size}))})})},resetPaneSizes(t={}){!t.addedPane&&!t.removedPane?this.initialPanesSizing():this.panes.some(e=>e.givenSize!==null||e.min||e.max<100)?this.equalizeAfterAddOrRemove(t):this.equalize(),this.ready&&this.$emit("resized",this.panes.map(e=>({min:e.min,max:e.max,size:e.size})))},equalize(){const t=100/this.panesCount;let e=0;const n=[],r=[];this.panes.forEach(i=>{i.size=Math.max(Math.min(t,i.max),i.min),e-=i.size,i.size>=i.max&&n.push(i.id),i.size<=i.min&&r.push(i.id)}),e>.1&&this.readjustSizes(e,n,r)},initialPanesSizing(){let t=100;const e=[],n=[];let r=0;this.panes.forEach(o=>{t-=o.size,o.size!==null&&r++,o.size>=o.max&&e.push(o.id),o.size<=o.min&&n.push(o.id)});let i=100;t>.1&&(this.panes.forEach(o=>{o.size===null&&(o.size=Math.max(Math.min(t/(this.panesCount-r),o.max),o.min)),i-=o.size}),i>.1&&this.readjustSizes(t,e,n))},equalizeAfterAddOrRemove({addedPane:t,removedPane:e}={}){let n=100/this.panesCount,r=0;const i=[],o=[];t&&t.givenSize!==null&&(n=(100-t.givenSize)/(this.panesCount-1)),this.panes.forEach(l=>{r-=l.size,l.size>=l.max&&i.push(l.id),l.size<=l.min&&o.push(l.id)}),!(Math.abs(r)<.1)&&(this.panes.forEach(l=>{t&&t.givenSize!==null&&t.id===l.id||(l.size=Math.max(Math.min(n,l.max),l.min)),r-=l.size,l.size>=l.max&&i.push(l.id),l.size<=l.min&&o.push(l.id)}),r>.1&&this.readjustSizes(r,i,o))},readjustSizes(t,e,n){let r;t>0?r=t/(this.panesCount-e.length):r=t/(this.panesCount-n.length),this.panes.forEach((i,o)=>{if(t>0&&!e.includes(i.id)){const l=Math.max(Math.min(i.size+r,i.max),i.min),c=l-i.size;t-=c,i.size=l}else if(!n.includes(i.id)){const l=Math.max(Math.min(i.size+r,i.max),i.min),c=l-i.size;t-=c,i.size=l}i.update({[this.horizontal?"height":"width"]:`${this.indexedPanes[i.id].size}%`})}),Math.abs(t)>.1&&this.$nextTick(()=>{this.ready&&console.warn("Splitpanes: Could not resize panes correctly due to their constraints.")})}},watch:{panes:{deep:!0,immediate:!1,handler(){this.updatePaneComponents()}},horizontal(){this.updatePaneComponents()},firstSplitter(){this.redoSplitters()},dblClickSplitter(t){[...this.container.querySelectorAll(".splitpanes__splitter")].forEach((e,n)=>{e.ondblclick=t?r=>this.onSplitterDblClick(r,n):void 0})}},beforeUnmount(){this.ready=!1},mounted(){this.container=this.$refs.container,this.checkSplitpanesNodes(),this.redoSplitters(),this.resetPaneSizes(),this.$emit("ready"),this.ready=!0},render(){return $0("div",{ref:"container",class:["splitpanes",`splitpanes--${this.horizontal?"horizontal":"vertical"}`,{"splitpanes--dragging":this.touch.dragging}]},this.$slots.default())}},B6=(t,e)=>{const n=t.__vccOpts||t;for(const[r,i]of e)n[r]=i;return n},P6={name:"pane",inject:["requestUpdate","onPaneAdd","onPaneRemove","onPaneClick"],props:{size:{type:[Number,String],default:null},minSize:{type:[Number,String],default:0},maxSize:{type:[Number,String],default:100}},data:()=>({style:{}}),mounted(){this.onPaneAdd(this)},beforeUnmount(){this.onPaneRemove(this)},methods:{update(t){this.style=t}},computed:{sizeNumber(){return this.size||this.size===0?parseFloat(this.size):null},minSizeNumber(){return parseFloat(this.minSize)},maxSizeNumber(){return parseFloat(this.maxSize)}},watch:{sizeNumber(t){this.requestUpdate({target:this,size:t})},minSizeNumber(t){this.requestUpdate({target:this,min:t})},maxSizeNumber(t){this.requestUpdate({target:this,max:t})}}};function D6(t,e,n,r,i,o){return k(),D("div",{class:"splitpanes__pane",onClick:e[0]||(e[0]=l=>o.onPaneClick(l,t._.uid)),style:Qe(t.style)},[vs(t.$slots,"default")],4)}const P1=B6(P6,[["render",D6]]),id=Symbol("selectedNodeId"),Kd=Symbol("highlightedNodeId"),Ro=Symbol("selectNode"),xo=Symbol("viewOptions"),ii=Symbol("plan");var Mu={exports:{}};/*!
 * clipboard.js v2.0.10
 * https://clipboardjs.com/
 *
 * Licensed MIT © Zeno Rocha
 */var M6=Mu.exports,D1;function H6(){return D1||(D1=1,function(t,e){(function(r,i){t.exports=i()})(M6,function(){return function(){var n={686:function(o,l,c){c.d(l,{default:function(){return Lt}});var u=c(279),p=c.n(u),f=c(370),E=c.n(f),A=c(817),y=c.n(A);function B(lt){try{return document.execCommand(lt)}catch{return!1}}var R=function(j){var U=y()(j);return B("cut"),U},M=R;function O(lt){var j=document.documentElement.getAttribute("dir")==="rtl",U=document.createElement("textarea");U.style.fontSize="12pt",U.style.border="0",U.style.padding="0",U.style.margin="0",U.style.position="absolute",U.style[j?"right":"left"]="-9999px";var J=window.pageYOffset||document.documentElement.scrollTop;return U.style.top="".concat(J,"px"),U.setAttribute("readonly",""),U.value=lt,U}var L=function(j){var U=arguments.length>1&&arguments[1]!==void 0?arguments[1]:{container:document.body},J="";if(typeof j=="string"){var C=O(j);U.container.appendChild(C),J=y()(C),B("copy"),C.remove()}else J=y()(j),B("copy");return J},G=L;function g(lt){"@babel/helpers - typeof";return typeof Symbol=="function"&&typeof Symbol.iterator=="symbol"?g=function(U){return typeof U}:g=function(U){return U&&typeof Symbol=="function"&&U.constructor===Symbol&&U!==Symbol.prototype?"symbol":typeof U},g(lt)}var $=function(){var j=arguments.length>0&&arguments[0]!==void 0?arguments[0]:{},U=j.action,J=U===void 0?"copy":U,C=j.container,At=j.target,$t=j.text;if(J!=="copy"&&J!=="cut")throw new Error('Invalid "action" value, use either "copy" or "cut"');if(At!==void 0)if(At&&g(At)==="object"&&At.nodeType===1){if(J==="copy"&&At.hasAttribute("disabled"))throw new Error('Invalid "target" attribute. Please use "readonly" instead of "disabled" attribute');if(J==="cut"&&(At.hasAttribute("readonly")||At.hasAttribute("disabled")))throw new Error(`Invalid "target" attribute. You can't cut text from elements with "readonly" or "disabled" attributes`)}else throw new Error('Invalid "target" value, use a valid Element');if($t)return G($t,{container:C});if(At)return J==="cut"?M(At):G(At,{container:C})},I=$;function P(lt){"@babel/helpers - typeof";return typeof Symbol=="function"&&typeof Symbol.iterator=="symbol"?P=function(U){return typeof U}:P=function(U){return U&&typeof Symbol=="function"&&U.constructor===Symbol&&U!==Symbol.prototype?"symbol":typeof U},P(lt)}function dt(lt,j){if(!(lt instanceof j))throw new TypeError("Cannot call a class as a function")}function X(lt,j){for(var U=0;U<j.length;U++){var J=j[U];J.enumerable=J.enumerable||!1,J.configurable=!0,"value"in J&&(J.writable=!0),Object.defineProperty(lt,J.key,J)}}function w(lt,j,U){return j&&X(lt.prototype,j),U&&X(lt,U),lt}function Z(lt,j){if(typeof j!="function"&&j!==null)throw new TypeError("Super expression must either be null or a function");lt.prototype=Object.create(j&&j.prototype,{constructor:{value:lt,writable:!0,configurable:!0}}),j&&H(lt,j)}function H(lt,j){return H=Object.setPrototypeOf||function(J,C){return J.__proto__=C,J},H(lt,j)}function b(lt){var j=tt();return function(){var J=ot(lt),C;if(j){var At=ot(this).constructor;C=Reflect.construct(J,arguments,At)}else C=J.apply(this,arguments);return K(this,C)}}function K(lt,j){return j&&(P(j)==="object"||typeof j=="function")?j:ht(lt)}function ht(lt){if(lt===void 0)throw new ReferenceError("this hasn't been initialised - super() hasn't been called");return lt}function tt(){if(typeof Reflect>"u"||!Reflect.construct||Reflect.construct.sham)return!1;if(typeof Proxy=="function")return!0;try{return Date.prototype.toString.call(Reflect.construct(Date,[],function(){})),!0}catch{return!1}}function ot(lt){return ot=Object.setPrototypeOf?Object.getPrototypeOf:function(U){return U.__proto__||Object.getPrototypeOf(U)},ot(lt)}function ft(lt,j){var U="data-clipboard-".concat(lt);if(j.hasAttribute(U))return j.getAttribute(U)}var yt=function(lt){Z(U,lt);var j=b(U);function U(J,C){var At;return dt(this,U),At=j.call(this),At.resolveOptions(C),At.listenClick(J),At}return w(U,[{key:"resolveOptions",value:function(){var C=arguments.length>0&&arguments[0]!==void 0?arguments[0]:{};this.action=typeof C.action=="function"?C.action:this.defaultAction,this.target=typeof C.target=="function"?C.target:this.defaultTarget,this.text=typeof C.text=="function"?C.text:this.defaultText,this.container=P(C.container)==="object"?C.container:document.body}},{key:"listenClick",value:function(C){var At=this;this.listener=E()(C,"click",function($t){return At.onClick($t)})}},{key:"onClick",value:function(C){var At=C.delegateTarget||C.currentTarget,$t=this.action(At)||"copy",ne=I({action:$t,container:this.container,target:this.target(At),text:this.text(At)});this.emit(ne?"success":"error",{action:$t,text:ne,trigger:At,clearSelection:function(){At&&At.focus(),document.activeElement.blur(),window.getSelection().removeAllRanges()}})}},{key:"defaultAction",value:function(C){return ft("action",C)}},{key:"defaultTarget",value:function(C){var At=ft("target",C);if(At)return document.querySelector(At)}},{key:"defaultText",value:function(C){return ft("text",C)}},{key:"destroy",value:function(){this.listener.destroy()}}],[{key:"copy",value:function(C){var At=arguments.length>1&&arguments[1]!==void 0?arguments[1]:{container:document.body};return G(C,At)}},{key:"cut",value:function(C){return M(C)}},{key:"isSupported",value:function(){var C=arguments.length>0&&arguments[0]!==void 0?arguments[0]:["copy","cut"],At=typeof C=="string"?[C]:C,$t=!!document.queryCommandSupported;return At.forEach(function(ne){$t=$t&&!!document.queryCommandSupported(ne)}),$t}}]),U}(p()),Lt=yt},828:function(o){var l=9;if(typeof Element<"u"&&!Element.prototype.matches){var c=Element.prototype;c.matches=c.matchesSelector||c.mozMatchesSelector||c.msMatchesSelector||c.oMatchesSelector||c.webkitMatchesSelector}function u(p,f){for(;p&&p.nodeType!==l;){if(typeof p.matches=="function"&&p.matches(f))return p;p=p.parentNode}}o.exports=u},438:function(o,l,c){var u=c(828);function p(A,y,B,R,M){var O=E.apply(this,arguments);return A.addEventListener(B,O,M),{destroy:function(){A.removeEventListener(B,O,M)}}}function f(A,y,B,R,M){return typeof A.addEventListener=="function"?p.apply(null,arguments):typeof B=="function"?p.bind(null,document).apply(null,arguments):(typeof A=="string"&&(A=document.querySelectorAll(A)),Array.prototype.map.call(A,function(O){return p(O,y,B,R,M)}))}function E(A,y,B,R){return function(M){M.delegateTarget=u(M.target,y),M.delegateTarget&&R.call(A,M)}}o.exports=f},879:function(o,l){l.node=function(c){return c!==void 0&&c instanceof HTMLElement&&c.nodeType===1},l.nodeList=function(c){var u=Object.prototype.toString.call(c);return c!==void 0&&(u==="[object NodeList]"||u==="[object HTMLCollection]")&&"length"in c&&(c.length===0||l.node(c[0]))},l.string=function(c){return typeof c=="string"||c instanceof String},l.fn=function(c){var u=Object.prototype.toString.call(c);return u==="[object Function]"}},370:function(o,l,c){var u=c(879),p=c(438);function f(B,R,M){if(!B&&!R&&!M)throw new Error("Missing required arguments");if(!u.string(R))throw new TypeError("Second argument must be a String");if(!u.fn(M))throw new TypeError("Third argument must be a Function");if(u.node(B))return E(B,R,M);if(u.nodeList(B))return A(B,R,M);if(u.string(B))return y(B,R,M);throw new TypeError("First argument must be a String, HTMLElement, HTMLCollection, or NodeList")}function E(B,R,M){return B.addEventListener(R,M),{destroy:function(){B.removeEventListener(R,M)}}}function A(B,R,M){return Array.prototype.forEach.call(B,function(O){O.addEventListener(R,M)}),{destroy:function(){Array.prototype.forEach.call(B,function(O){O.removeEventListener(R,M)})}}}function y(B,R,M){return p(document.body,B,R,M)}o.exports=f},817:function(o){function l(c){var u;if(c.nodeName==="SELECT")c.focus(),u=c.value;else if(c.nodeName==="INPUT"||c.nodeName==="TEXTAREA"){var p=c.hasAttribute("readonly");p||c.setAttribute("readonly",""),c.select(),c.setSelectionRange(0,c.value.length),p||c.removeAttribute("readonly"),u=c.value}else{c.hasAttribute("contenteditable")&&c.focus();var f=window.getSelection(),E=document.createRange();E.selectNodeContents(c),f.removeAllRanges(),f.addRange(E),u=f.toString()}return u}o.exports=l},279:function(o){function l(){}l.prototype={on:function(c,u,p){var f=this.e||(this.e={});return(f[c]||(f[c]=[])).push({fn:u,ctx:p}),this},once:function(c,u,p){var f=this;function E(){f.off(c,E),u.apply(p,arguments)}return E._=u,this.on(c,E,p)},emit:function(c){var u=[].slice.call(arguments,1),p=((this.e||(this.e={}))[c]||[]).slice(),f=0,E=p.length;for(f;f<E;f++)p[f].fn.apply(p[f].ctx,u);return this},off:function(c,u){var p=this.e||(this.e={}),f=p[c],E=[];if(f&&u)for(var A=0,y=f.length;A<y;A++)f[A].fn!==u&&f[A].fn._!==u&&E.push(f[A]);return E.length?p[c]=E:delete p[c],this}},o.exports=l,o.exports.TinyEmitter=l}},r={};function i(o){if(r[o])return r[o].exports;var l=r[o]={exports:{}};return n[o](l,l.exports,i),l.exports}return function(){i.n=function(o){var l=o&&o.__esModule?function(){return o.default}:function(){return o};return i.d(l,{a:l}),l}}(),function(){i.d=function(o,l){for(var c in l)i.o(l,c)&&!i.o(o,c)&&Object.defineProperty(o,c,{enumerable:!0,get:l[c]})}}(),function(){i.o=function(o,l){return Object.prototype.hasOwnProperty.call(o,l)}}(),i(686)}().default})}(Mu)),Mu.exports}var W6=H6();const U6=Gd(W6),$6=t=>({toClipboard(e,n){return new Promise((r,i)=>{const o=document.createElement("button"),l=new U6(o,{text:()=>e,action:()=>"copy",container:n!==void 0?n:document.body});l.on("success",c=>{l.destroy(),r(c)}),l.on("error",c=>{l.destroy(),i(c)}),document.body.appendChild(o),o.click(),document.body.removeChild(o)})}});/*!
  * vue-tippy v6.6.0
  * (c) 2024 
  * @license MIT
  */var or="top",$r="bottom",Fr="right",ar="left",_m="auto",oc=[or,$r,Fr,ar],Oa="start",Gl="end",F6="clippingParents",BA="viewport",hl="popper",V6="reference",M1=oc.reduce(function(t,e){return t.concat([e+"-"+Oa,e+"-"+Gl])},[]),PA=[].concat(oc,[_m]).reduce(function(t,e){return t.concat([e,e+"-"+Oa,e+"-"+Gl])},[]),z6="beforeRead",G6="read",K6="afterRead",X6="beforeMain",Y6="main",q6="afterMain",j6="beforeWrite",J6="write",Q6="afterWrite",Z6=[z6,G6,K6,X6,Y6,q6,j6,J6,Q6];function xi(t){return t?(t.nodeName||"").toLowerCase():null}function si(t){if(t==null)return window;if(t.toString()!=="[object Window]"){var e=t.ownerDocument;return e&&e.defaultView||window}return t}function ya(t){var e=si(t).Element;return t instanceof e||t instanceof Element}function Mr(t){var e=si(t).HTMLElement;return t instanceof e||t instanceof HTMLElement}function DA(t){if(typeof ShadowRoot>"u")return!1;var e=si(t).ShadowRoot;return t instanceof e||t instanceof ShadowRoot}function tM(t){var e=t.state;Object.keys(e.elements).forEach(function(n){var r=e.styles[n]||{},i=e.attributes[n]||{},o=e.elements[n];!Mr(o)||!xi(o)||(Object.assign(o.style,r),Object.keys(i).forEach(function(l){var c=i[l];c===!1?o.removeAttribute(l):o.setAttribute(l,c===!0?"":c)}))})}function eM(t){var e=t.state,n={popper:{position:e.options.strategy,left:"0",top:"0",margin:"0"},arrow:{position:"absolute"},reference:{}};return Object.assign(e.elements.popper.style,n.popper),e.styles=n,e.elements.arrow&&Object.assign(e.elements.arrow.style,n.arrow),function(){Object.keys(e.elements).forEach(function(r){var i=e.elements[r],o=e.attributes[r]||{},l=Object.keys(e.styles.hasOwnProperty(r)?e.styles[r]:n[r]),c=l.reduce(function(u,p){return u[p]="",u},{});!Mr(i)||!xi(i)||(Object.assign(i.style,c),Object.keys(o).forEach(function(u){i.removeAttribute(u)}))})}}var MA={name:"applyStyles",enabled:!0,phase:"write",fn:tM,effect:eM,requires:["computeStyles"]};function Li(t){return t.split("-")[0]}var mo=Math.max,sd=Math.min,Na=Math.round;function Ca(t,e){e===void 0&&(e=!1);var n=t.getBoundingClientRect(),r=1,i=1;if(Mr(t)&&e){var o=t.offsetHeight,l=t.offsetWidth;l>0&&(r=Na(n.width)/l||1),o>0&&(i=Na(n.height)/o||1)}return{width:n.width/r,height:n.height/i,top:n.top/i,right:n.right/r,bottom:n.bottom/i,left:n.left/r,x:n.left/r,y:n.top/i}}function Em(t){var e=Ca(t),n=t.offsetWidth,r=t.offsetHeight;return Math.abs(e.width-n)<=1&&(n=e.width),Math.abs(e.height-r)<=1&&(r=e.height),{x:t.offsetLeft,y:t.offsetTop,width:n,height:r}}function HA(t,e){var n=e.getRootNode&&e.getRootNode();if(t.contains(e))return!0;if(n&&DA(n)){var r=e;do{if(r&&t.isSameNode(r))return!0;r=r.parentNode||r.host}while(r)}return!1}function wi(t){return si(t).getComputedStyle(t)}function nM(t){return["table","td","th"].indexOf(xi(t))>=0}function Ms(t){return((ya(t)?t.ownerDocument:t.document)||window.document).documentElement}function Xd(t){return xi(t)==="html"?t:t.assignedSlot||t.parentNode||(DA(t)?t.host:null)||Ms(t)}function H1(t){return!Mr(t)||wi(t).position==="fixed"?null:t.offsetParent}function rM(t){var e=navigator.userAgent.toLowerCase().indexOf("firefox")!==-1,n=navigator.userAgent.indexOf("Trident")!==-1;if(n&&Mr(t)){var r=wi(t);if(r.position==="fixed")return null}for(var i=Xd(t);Mr(i)&&["html","body"].indexOf(xi(i))<0;){var o=wi(i);if(o.transform!=="none"||o.perspective!=="none"||o.contain==="paint"||["transform","perspective"].indexOf(o.willChange)!==-1||e&&o.willChange==="filter"||e&&o.filter&&o.filter!=="none")return i;i=i.parentNode}return null}function ac(t){for(var e=si(t),n=H1(t);n&&nM(n)&&wi(n).position==="static";)n=H1(n);return n&&(xi(n)==="html"||xi(n)==="body"&&wi(n).position==="static")?e:n||rM(t)||e}function gm(t){return["top","bottom"].indexOf(t)>=0?"x":"y"}function kl(t,e,n){return mo(t,sd(e,n))}function iM(t,e,n){var r=kl(t,e,n);return r>n?n:r}function WA(){return{top:0,right:0,bottom:0,left:0}}function UA(t){return Object.assign({},WA(),t)}function $A(t,e){return e.reduce(function(n,r){return n[r]=t,n},{})}var sM=function(e,n){return e=typeof e=="function"?e(Object.assign({},n.rects,{placement:n.placement})):e,UA(typeof e!="number"?e:$A(e,oc))};function oM(t){var e,n=t.state,r=t.name,i=t.options,o=n.elements.arrow,l=n.modifiersData.popperOffsets,c=Li(n.placement),u=gm(c),p=[ar,Fr].indexOf(c)>=0,f=p?"height":"width";if(!(!o||!l)){var E=sM(i.padding,n),A=Em(o),y=u==="y"?or:ar,B=u==="y"?$r:Fr,R=n.rects.reference[f]+n.rects.reference[u]-l[u]-n.rects.popper[f],M=l[u]-n.rects.reference[u],O=ac(o),L=O?u==="y"?O.clientHeight||0:O.clientWidth||0:0,G=R/2-M/2,g=E[y],$=L-A[f]-E[B],I=L/2-A[f]/2+G,P=kl(g,I,$),dt=u;n.modifiersData[r]=(e={},e[dt]=P,e.centerOffset=P-I,e)}}function aM(t){var e=t.state,n=t.options,r=n.element,i=r===void 0?"[data-popper-arrow]":r;i!=null&&(typeof i=="string"&&(i=e.elements.popper.querySelector(i),!i)||HA(e.elements.popper,i)&&(e.elements.arrow=i))}var lM={name:"arrow",enabled:!0,phase:"main",fn:oM,effect:aM,requires:["popperOffsets"],requiresIfExists:["preventOverflow"]};function xa(t){return t.split("-")[1]}var cM={top:"auto",right:"auto",bottom:"auto",left:"auto"};function uM(t){var e=t.x,n=t.y,r=window,i=r.devicePixelRatio||1;return{x:Na(e*i)/i||0,y:Na(n*i)/i||0}}function W1(t){var e,n=t.popper,r=t.popperRect,i=t.placement,o=t.variation,l=t.offsets,c=t.position,u=t.gpuAcceleration,p=t.adaptive,f=t.roundOffsets,E=t.isFixed,A=f===!0?uM(l):typeof f=="function"?f(l):l,y=A.x,B=y===void 0?0:y,R=A.y,M=R===void 0?0:R,O=l.hasOwnProperty("x"),L=l.hasOwnProperty("y"),G=ar,g=or,$=window;if(p){var I=ac(n),P="clientHeight",dt="clientWidth";if(I===si(n)&&(I=Ms(n),wi(I).position!=="static"&&c==="absolute"&&(P="scrollHeight",dt="scrollWidth")),I=I,i===or||(i===ar||i===Fr)&&o===Gl){g=$r;var X=E&&$.visualViewport?$.visualViewport.height:I[P];M-=X-r.height,M*=u?1:-1}if(i===ar||(i===or||i===$r)&&o===Gl){G=Fr;var w=E&&$.visualViewport?$.visualViewport.width:I[dt];B-=w-r.width,B*=u?1:-1}}var Z=Object.assign({position:c},p&&cM);if(u){var H;return Object.assign({},Z,(H={},H[g]=L?"0":"",H[G]=O?"0":"",H.transform=($.devicePixelRatio||1)<=1?"translate("+B+"px, "+M+"px)":"translate3d("+B+"px, "+M+"px, 0)",H))}return Object.assign({},Z,(e={},e[g]=L?M+"px":"",e[G]=O?B+"px":"",e.transform="",e))}function dM(t){var e=t.state,n=t.options,r=n.gpuAcceleration,i=r===void 0?!0:r,o=n.adaptive,l=o===void 0?!0:o,c=n.roundOffsets,u=c===void 0?!0:c,p={placement:Li(e.placement),variation:xa(e.placement),popper:e.elements.popper,popperRect:e.rects.popper,gpuAcceleration:i,isFixed:e.options.strategy==="fixed"};e.modifiersData.popperOffsets!=null&&(e.styles.popper=Object.assign({},e.styles.popper,W1(Object.assign({},p,{offsets:e.modifiersData.popperOffsets,position:e.options.strategy,adaptive:l,roundOffsets:u})))),e.modifiersData.arrow!=null&&(e.styles.arrow=Object.assign({},e.styles.arrow,W1(Object.assign({},p,{offsets:e.modifiersData.arrow,position:"absolute",adaptive:!1,roundOffsets:u})))),e.attributes.popper=Object.assign({},e.attributes.popper,{"data-popper-placement":e.placement})}var fM={name:"computeStyles",enabled:!0,phase:"beforeWrite",fn:dM,data:{}},Eu={passive:!0};function pM(t){var e=t.state,n=t.instance,r=t.options,i=r.scroll,o=i===void 0?!0:i,l=r.resize,c=l===void 0?!0:l,u=si(e.elements.popper),p=[].concat(e.scrollParents.reference,e.scrollParents.popper);return o&&p.forEach(function(f){f.addEventListener("scroll",n.update,Eu)}),c&&u.addEventListener("resize",n.update,Eu),function(){o&&p.forEach(function(f){f.removeEventListener("scroll",n.update,Eu)}),c&&u.removeEventListener("resize",n.update,Eu)}}var hM={name:"eventListeners",enabled:!0,phase:"write",fn:function(){},effect:pM,data:{}},mM={left:"right",right:"left",bottom:"top",top:"bottom"};function Hu(t){return t.replace(/left|right|bottom|top/g,function(e){return mM[e]})}var _M={start:"end",end:"start"};function U1(t){return t.replace(/start|end/g,function(e){return _M[e]})}function Tm(t){var e=si(t),n=e.pageXOffset,r=e.pageYOffset;return{scrollLeft:n,scrollTop:r}}function vm(t){return Ca(Ms(t)).left+Tm(t).scrollLeft}function EM(t){var e=si(t),n=Ms(t),r=e.visualViewport,i=n.clientWidth,o=n.clientHeight,l=0,c=0;return r&&(i=r.width,o=r.height,/^((?!chrome|android).)*safari/i.test(navigator.userAgent)||(l=r.offsetLeft,c=r.offsetTop)),{width:i,height:o,x:l+vm(t),y:c}}function gM(t){var e,n=Ms(t),r=Tm(t),i=(e=t.ownerDocument)==null?void 0:e.body,o=mo(n.scrollWidth,n.clientWidth,i?i.scrollWidth:0,i?i.clientWidth:0),l=mo(n.scrollHeight,n.clientHeight,i?i.scrollHeight:0,i?i.clientHeight:0),c=-r.scrollLeft+vm(t),u=-r.scrollTop;return wi(i||n).direction==="rtl"&&(c+=mo(n.clientWidth,i?i.clientWidth:0)-o),{width:o,height:l,x:c,y:u}}function Sm(t){var e=wi(t),n=e.overflow,r=e.overflowX,i=e.overflowY;return/auto|scroll|overlay|hidden/.test(n+i+r)}function FA(t){return["html","body","#document"].indexOf(xi(t))>=0?t.ownerDocument.body:Mr(t)&&Sm(t)?t:FA(Xd(t))}function Bl(t,e){var n;e===void 0&&(e=[]);var r=FA(t),i=r===((n=t.ownerDocument)==null?void 0:n.body),o=si(r),l=i?[o].concat(o.visualViewport||[],Sm(r)?r:[]):r,c=e.concat(l);return i?c:c.concat(Bl(Xd(l)))}function Zh(t){return Object.assign({},t,{left:t.x,top:t.y,right:t.x+t.width,bottom:t.y+t.height})}function TM(t){var e=Ca(t);return e.top=e.top+t.clientTop,e.left=e.left+t.clientLeft,e.bottom=e.top+t.clientHeight,e.right=e.left+t.clientWidth,e.width=t.clientWidth,e.height=t.clientHeight,e.x=e.left,e.y=e.top,e}function $1(t,e){return e===BA?Zh(EM(t)):ya(e)?TM(e):Zh(gM(Ms(t)))}function vM(t){var e=Bl(Xd(t)),n=["absolute","fixed"].indexOf(wi(t).position)>=0,r=n&&Mr(t)?ac(t):t;return ya(r)?e.filter(function(i){return ya(i)&&HA(i,r)&&xi(i)!=="body"&&(n?wi(i).position!=="static":!0)}):[]}function SM(t,e,n){var r=e==="clippingParents"?vM(t):[].concat(e),i=[].concat(r,[n]),o=i[0],l=i.reduce(function(c,u){var p=$1(t,u);return c.top=mo(p.top,c.top),c.right=sd(p.right,c.right),c.bottom=sd(p.bottom,c.bottom),c.left=mo(p.left,c.left),c},$1(t,o));return l.width=l.right-l.left,l.height=l.bottom-l.top,l.x=l.left,l.y=l.top,l}function VA(t){var e=t.reference,n=t.element,r=t.placement,i=r?Li(r):null,o=r?xa(r):null,l=e.x+e.width/2-n.width/2,c=e.y+e.height/2-n.height/2,u;switch(i){case or:u={x:l,y:e.y-n.height};break;case $r:u={x:l,y:e.y+e.height};break;case Fr:u={x:e.x+e.width,y:c};break;case ar:u={x:e.x-n.width,y:c};break;default:u={x:e.x,y:e.y}}var p=i?gm(i):null;if(p!=null){var f=p==="y"?"height":"width";switch(o){case Oa:u[p]=u[p]-(e[f]/2-n[f]/2);break;case Gl:u[p]=u[p]+(e[f]/2-n[f]/2);break}}return u}function Kl(t,e){e===void 0&&(e={});var n=e,r=n.placement,i=r===void 0?t.placement:r,o=n.boundary,l=o===void 0?F6:o,c=n.rootBoundary,u=c===void 0?BA:c,p=n.elementContext,f=p===void 0?hl:p,E=n.altBoundary,A=E===void 0?!1:E,y=n.padding,B=y===void 0?0:y,R=UA(typeof B!="number"?B:$A(B,oc)),M=f===hl?V6:hl,O=t.rects.popper,L=t.elements[A?M:f],G=SM(ya(L)?L:L.contextElement||Ms(t.elements.popper),l,u),g=Ca(t.elements.reference),$=VA({reference:g,element:O,placement:i}),I=Zh(Object.assign({},O,$)),P=f===hl?I:g,dt={top:G.top-P.top+R.top,bottom:P.bottom-G.bottom+R.bottom,left:G.left-P.left+R.left,right:P.right-G.right+R.right},X=t.modifiersData.offset;if(f===hl&&X){var w=X[i];Object.keys(dt).forEach(function(Z){var H=[Fr,$r].indexOf(Z)>=0?1:-1,b=[or,$r].indexOf(Z)>=0?"y":"x";dt[Z]+=w[b]*H})}return dt}function AM(t,e){e===void 0&&(e={});var n=e,r=n.placement,i=n.boundary,o=n.rootBoundary,l=n.padding,c=n.flipVariations,u=n.allowedAutoPlacements,p=u===void 0?PA:u,f=xa(r),E=f?c?M1:M1.filter(function(B){return xa(B)===f}):oc,A=E.filter(function(B){return p.indexOf(B)>=0});A.length===0&&(A=E);var y=A.reduce(function(B,R){return B[R]=Kl(t,{placement:R,boundary:i,rootBoundary:o,padding:l})[Li(R)],B},{});return Object.keys(y).sort(function(B,R){return y[B]-y[R]})}function RM(t){if(Li(t)===_m)return[];var e=Hu(t);return[U1(t),e,U1(e)]}function bM(t){var e=t.state,n=t.options,r=t.name;if(!e.modifiersData[r]._skip){for(var i=n.mainAxis,o=i===void 0?!0:i,l=n.altAxis,c=l===void 0?!0:l,u=n.fallbackPlacements,p=n.padding,f=n.boundary,E=n.rootBoundary,A=n.altBoundary,y=n.flipVariations,B=y===void 0?!0:y,R=n.allowedAutoPlacements,M=e.options.placement,O=Li(M),L=O===M,G=u||(L||!B?[Hu(M)]:RM(M)),g=[M].concat(G).reduce(function(J,C){return J.concat(Li(C)===_m?AM(e,{placement:C,boundary:f,rootBoundary:E,padding:p,flipVariations:B,allowedAutoPlacements:R}):C)},[]),$=e.rects.reference,I=e.rects.popper,P=new Map,dt=!0,X=g[0],w=0;w<g.length;w++){var Z=g[w],H=Li(Z),b=xa(Z)===Oa,K=[or,$r].indexOf(H)>=0,ht=K?"width":"height",tt=Kl(e,{placement:Z,boundary:f,rootBoundary:E,altBoundary:A,padding:p}),ot=K?b?Fr:ar:b?$r:or;$[ht]>I[ht]&&(ot=Hu(ot));var ft=Hu(ot),yt=[];if(o&&yt.push(tt[H]<=0),c&&yt.push(tt[ot]<=0,tt[ft]<=0),yt.every(function(J){return J})){X=Z,dt=!1;break}P.set(Z,yt)}if(dt)for(var Lt=B?3:1,lt=function(C){var At=g.find(function($t){var ne=P.get($t);if(ne)return ne.slice(0,C).every(function(He){return He})});if(At)return X=At,"break"},j=Lt;j>0;j--){var U=lt(j);if(U==="break")break}e.placement!==X&&(e.modifiersData[r]._skip=!0,e.placement=X,e.reset=!0)}}var LM={name:"flip",enabled:!0,phase:"main",fn:bM,requiresIfExists:["offset"],data:{_skip:!1}};function F1(t,e,n){return n===void 0&&(n={x:0,y:0}),{top:t.top-e.height-n.y,right:t.right-e.width+n.x,bottom:t.bottom-e.height+n.y,left:t.left-e.width-n.x}}function V1(t){return[or,Fr,$r,ar].some(function(e){return t[e]>=0})}function OM(t){var e=t.state,n=t.name,r=e.rects.reference,i=e.rects.popper,o=e.modifiersData.preventOverflow,l=Kl(e,{elementContext:"reference"}),c=Kl(e,{altBoundary:!0}),u=F1(l,r),p=F1(c,i,o),f=V1(u),E=V1(p);e.modifiersData[n]={referenceClippingOffsets:u,popperEscapeOffsets:p,isReferenceHidden:f,hasPopperEscaped:E},e.attributes.popper=Object.assign({},e.attributes.popper,{"data-popper-reference-hidden":f,"data-popper-escaped":E})}var yM={name:"hide",enabled:!0,phase:"main",requiresIfExists:["preventOverflow"],fn:OM};function NM(t,e,n){var r=Li(t),i=[ar,or].indexOf(r)>=0?-1:1,o=typeof n=="function"?n(Object.assign({},e,{placement:t})):n,l=o[0],c=o[1];return l=l||0,c=(c||0)*i,[ar,Fr].indexOf(r)>=0?{x:c,y:l}:{x:l,y:c}}function CM(t){var e=t.state,n=t.options,r=t.name,i=n.offset,o=i===void 0?[0,0]:i,l=PA.reduce(function(f,E){return f[E]=NM(E,e.rects,o),f},{}),c=l[e.placement],u=c.x,p=c.y;e.modifiersData.popperOffsets!=null&&(e.modifiersData.popperOffsets.x+=u,e.modifiersData.popperOffsets.y+=p),e.modifiersData[r]=l}var xM={name:"offset",enabled:!0,phase:"main",requires:["popperOffsets"],fn:CM};function wM(t){var e=t.state,n=t.name;e.modifiersData[n]=VA({reference:e.rects.reference,element:e.rects.popper,placement:e.placement})}var IM={name:"popperOffsets",enabled:!0,phase:"read",fn:wM,data:{}};function kM(t){return t==="x"?"y":"x"}function BM(t){var e=t.state,n=t.options,r=t.name,i=n.mainAxis,o=i===void 0?!0:i,l=n.altAxis,c=l===void 0?!1:l,u=n.boundary,p=n.rootBoundary,f=n.altBoundary,E=n.padding,A=n.tether,y=A===void 0?!0:A,B=n.tetherOffset,R=B===void 0?0:B,M=Kl(e,{boundary:u,rootBoundary:p,padding:E,altBoundary:f}),O=Li(e.placement),L=xa(e.placement),G=!L,g=gm(O),$=kM(g),I=e.modifiersData.popperOffsets,P=e.rects.reference,dt=e.rects.popper,X=typeof R=="function"?R(Object.assign({},e.rects,{placement:e.placement})):R,w=typeof X=="number"?{mainAxis:X,altAxis:X}:Object.assign({mainAxis:0,altAxis:0},X),Z=e.modifiersData.offset?e.modifiersData.offset[e.placement]:null,H={x:0,y:0};if(I){if(o){var b,K=g==="y"?or:ar,ht=g==="y"?$r:Fr,tt=g==="y"?"height":"width",ot=I[g],ft=ot+M[K],yt=ot-M[ht],Lt=y?-dt[tt]/2:0,lt=L===Oa?P[tt]:dt[tt],j=L===Oa?-dt[tt]:-P[tt],U=e.elements.arrow,J=y&&U?Em(U):{width:0,height:0},C=e.modifiersData["arrow#persistent"]?e.modifiersData["arrow#persistent"].padding:WA(),At=C[K],$t=C[ht],ne=kl(0,P[tt],J[tt]),He=G?P[tt]/2-Lt-ne-At-w.mainAxis:lt-ne-At-w.mainAxis,we=G?-P[tt]/2+Lt+ne+$t+w.mainAxis:j+ne+$t+w.mainAxis,ln=e.elements.arrow&&ac(e.elements.arrow),V=ln?g==="y"?ln.clientTop||0:ln.clientLeft||0:0,Y=(b=Z?.[g])!=null?b:0,st=ot+He-Y-V,bt=ot+we-Y,Tt=kl(y?sd(ft,st):ft,ot,y?mo(yt,bt):yt);I[g]=Tt,H[g]=Tt-ot}if(c){var gt,rt=g==="x"?or:ar,at=g==="x"?$r:Fr,mt=I[$],pt=$==="y"?"height":"width",Mt=mt+M[rt],xt=mt-M[at],Ut=[or,ar].indexOf(O)!==-1,Yt=(gt=Z?.[$])!=null?gt:0,te=Ut?Mt:mt-P[pt]-dt[pt]-Yt+w.altAxis,fe=Ut?mt+P[pt]+dt[pt]-Yt-w.altAxis:xt,ce=y&&Ut?iM(te,mt,fe):kl(y?te:Mt,mt,y?fe:xt);I[$]=ce,H[$]=ce-mt}e.modifiersData[r]=H}}var PM={name:"preventOverflow",enabled:!0,phase:"main",fn:BM,requiresIfExists:["offset"]};function DM(t){return{scrollLeft:t.scrollLeft,scrollTop:t.scrollTop}}function MM(t){return t===si(t)||!Mr(t)?Tm(t):DM(t)}function HM(t){var e=t.getBoundingClientRect(),n=Na(e.width)/t.offsetWidth||1,r=Na(e.height)/t.offsetHeight||1;return n!==1||r!==1}function WM(t,e,n){n===void 0&&(n=!1);var r=Mr(e),i=Mr(e)&&HM(e),o=Ms(e),l=Ca(t,i),c={scrollLeft:0,scrollTop:0},u={x:0,y:0};return(r||!r&&!n)&&((xi(e)!=="body"||Sm(o))&&(c=MM(e)),Mr(e)?(u=Ca(e,!0),u.x+=e.clientLeft,u.y+=e.clientTop):o&&(u.x=vm(o))),{x:l.left+c.scrollLeft-u.x,y:l.top+c.scrollTop-u.y,width:l.width,height:l.height}}function UM(t){var e=new Map,n=new Set,r=[];t.forEach(function(o){e.set(o.name,o)});function i(o){n.add(o.name);var l=[].concat(o.requires||[],o.requiresIfExists||[]);l.forEach(function(c){if(!n.has(c)){var u=e.get(c);u&&i(u)}}),r.push(o)}return t.forEach(function(o){n.has(o.name)||i(o)}),r}function $M(t){var e=UM(t);return Z6.reduce(function(n,r){return n.concat(e.filter(function(i){return i.phase===r}))},[])}function FM(t){var e;return function(){return e||(e=new Promise(function(n){Promise.resolve().then(function(){e=void 0,n(t())})})),e}}function VM(t){var e=t.reduce(function(n,r){var i=n[r.name];return n[r.name]=i?Object.assign({},i,r,{options:Object.assign({},i.options,r.options),data:Object.assign({},i.data,r.data)}):r,n},{});return Object.keys(e).map(function(n){return e[n]})}var z1={placement:"bottom",modifiers:[],strategy:"absolute"};function G1(){for(var t=arguments.length,e=new Array(t),n=0;n<t;n++)e[n]=arguments[n];return!e.some(function(r){return!(r&&typeof r.getBoundingClientRect=="function")})}function zM(t){t===void 0&&(t={});var e=t,n=e.defaultModifiers,r=n===void 0?[]:n,i=e.defaultOptions,o=i===void 0?z1:i;return function(c,u,p){p===void 0&&(p=o);var f={placement:"bottom",orderedModifiers:[],options:Object.assign({},z1,o),modifiersData:{},elements:{reference:c,popper:u},attributes:{},styles:{}},E=[],A=!1,y={state:f,setOptions:function(O){var L=typeof O=="function"?O(f.options):O;R(),f.options=Object.assign({},o,f.options,L),f.scrollParents={reference:ya(c)?Bl(c):c.contextElement?Bl(c.contextElement):[],popper:Bl(u)};var G=$M(VM([].concat(r,f.options.modifiers)));return f.orderedModifiers=G.filter(function(g){return g.enabled}),B(),y.update()},forceUpdate:function(){if(!A){var O=f.elements,L=O.reference,G=O.popper;if(G1(L,G)){f.rects={reference:WM(L,ac(G),f.options.strategy==="fixed"),popper:Em(G)},f.reset=!1,f.placement=f.options.placement,f.orderedModifiers.forEach(function(w){return f.modifiersData[w.name]=Object.assign({},w.data)});for(var g=0;g<f.orderedModifiers.length;g++){if(f.reset===!0){f.reset=!1,g=-1;continue}var $=f.orderedModifiers[g],I=$.fn,P=$.options,dt=P===void 0?{}:P,X=$.name;typeof I=="function"&&(f=I({state:f,options:dt,name:X,instance:y})||f)}}}},update:FM(function(){return new Promise(function(M){y.forceUpdate(),M(f)})}),destroy:function(){R(),A=!0}};if(!G1(c,u))return y;y.setOptions(p).then(function(M){!A&&p.onFirstUpdate&&p.onFirstUpdate(M)});function B(){f.orderedModifiers.forEach(function(M){var O=M.name,L=M.options,G=L===void 0?{}:L,g=M.effect;if(typeof g=="function"){var $=g({state:f,name:O,instance:y,options:G}),I=function(){};E.push($||I)}})}function R(){E.forEach(function(M){return M()}),E=[]}return y}}var GM=[hM,IM,fM,MA,xM,LM,PM,lM,yM],KM=zM({defaultModifiers:GM}),XM="tippy-box",zA="tippy-content",GA="tippy-backdrop",KA="tippy-arrow",XA="tippy-svg-arrow",ro={passive:!0,capture:!0},YA=function(){return document.body};function Qp(t,e,n){if(Array.isArray(t)){var r=t[e];return r??(Array.isArray(n)?n[e]:n)}return t}function Am(t,e){var n={}.toString.call(t);return n.indexOf("[object")===0&&n.indexOf(e+"]")>-1}function qA(t,e){return typeof t=="function"?t.apply(void 0,e):t}function K1(t,e){if(e===0)return t;var n;return function(r){clearTimeout(n),n=setTimeout(function(){t(r)},e)}}function YM(t){return t.split(/\s+/).filter(Boolean)}function ra(t){return[].concat(t)}function X1(t,e){t.indexOf(e)===-1&&t.push(e)}function qM(t){return t.filter(function(e,n){return t.indexOf(e)===n})}function jA(t){return t.split("-")[0]}function wa(t){return[].slice.call(t)}function Y1(t){return Object.keys(t).reduce(function(e,n){return t[n]!==void 0&&(e[n]=t[n]),e},{})}function pa(){return document.createElement("div")}function Yd(t){return["Element","Fragment"].some(function(e){return Am(t,e)})}function jM(t){return Am(t,"NodeList")}function Rm(t){return Am(t,"MouseEvent")}function JM(t){return!!(t&&t._tippy&&t._tippy.reference===t)}function QM(t){return Yd(t)?[t]:jM(t)?wa(t):Array.isArray(t)?t:wa(document.querySelectorAll(t))}function Zp(t,e){t.forEach(function(n){n&&(n.style.transitionDuration=e+"ms")})}function Xl(t,e){t.forEach(function(n){n&&n.setAttribute("data-state",e)})}function JA(t){var e,n=ra(t),r=n[0];return r!=null&&(e=r.ownerDocument)!=null&&e.body?r.ownerDocument:document}function ZM(t,e){var n=e.clientX,r=e.clientY;return t.every(function(i){var o=i.popperRect,l=i.popperState,c=i.props,u=c.interactiveBorder,p=jA(l.placement),f=l.modifiersData.offset;if(!f)return!0;var E=p==="bottom"?f.top.y:0,A=p==="top"?f.bottom.y:0,y=p==="right"?f.left.x:0,B=p==="left"?f.right.x:0,R=o.top-r+E>u,M=r-o.bottom-A>u,O=o.left-n+y>u,L=n-o.right-B>u;return R||M||O||L})}function th(t,e,n){var r=e+"EventListener";["transitionend","webkitTransitionEnd"].forEach(function(i){t[r](i,n)})}function q1(t,e){for(var n=e;n;){var r;if(t.contains(n))return!0;n=n.getRootNode==null||(r=n.getRootNode())==null?void 0:r.host}return!1}var _i={isTouch:!1},j1=0;function tH(){_i.isTouch||(_i.isTouch=!0,window.performance&&document.addEventListener("mousemove",QA))}function QA(){var t=performance.now();t-j1<20&&(_i.isTouch=!1,document.removeEventListener("mousemove",QA)),j1=t}function eH(){var t=document.activeElement;if(JM(t)){var e=t._tippy;t.blur&&!e.state.isVisible&&t.blur()}}function nH(){document.addEventListener("touchstart",tH,ro),window.addEventListener("blur",eH)}var rH=typeof window<"u"&&typeof document<"u",iH=rH?!!window.msCrypto:!1,sH={animateFill:!1,followCursor:!1,inlinePositioning:!1,sticky:!1},oH={allowHTML:!1,animation:"fade",arrow:!0,content:"",inertia:!1,maxWidth:350,role:"tooltip",theme:"",zIndex:9999},ti=Object.assign({appendTo:YA,aria:{content:"auto",expanded:"auto"},delay:0,duration:[300,250],getReferenceClientRect:null,hideOnClick:!0,ignoreAttributes:!1,interactive:!1,interactiveBorder:2,interactiveDebounce:0,moveTransition:"",offset:[0,10],onAfterUpdate:function(){},onBeforeUpdate:function(){},onCreate:function(){},onDestroy:function(){},onHidden:function(){},onHide:function(){},onMount:function(){},onShow:function(){},onShown:function(){},onTrigger:function(){},onUntrigger:function(){},onClickOutside:function(){},placement:"top",plugins:[],popperOptions:{},render:null,showOnCreate:!1,touch:!0,trigger:"mouseenter focus",triggerTarget:null},sH,oH),aH=Object.keys(ti),lH=function(e){var n=Object.keys(e);n.forEach(function(r){ti[r]=e[r]})};function ZA(t){var e=t.plugins||[],n=e.reduce(function(r,i){var o=i.name,l=i.defaultValue;if(o){var c;r[o]=t[o]!==void 0?t[o]:(c=ti[o])!=null?c:l}return r},{});return Object.assign({},t,n)}function cH(t,e){var n=e?Object.keys(ZA(Object.assign({},ti,{plugins:e}))):aH,r=n.reduce(function(i,o){var l=(t.getAttribute("data-tippy-"+o)||"").trim();if(!l)return i;if(o==="content")i[o]=l;else try{i[o]=JSON.parse(l)}catch{i[o]=l}return i},{});return r}function J1(t,e){var n=Object.assign({},e,{content:qA(e.content,[t])},e.ignoreAttributes?{}:cH(t,e.plugins));return n.aria=Object.assign({},ti.aria,n.aria),n.aria={expanded:n.aria.expanded==="auto"?e.interactive:n.aria.expanded,content:n.aria.content==="auto"?e.interactive?null:"describedby":n.aria.content},n}var uH=function(){return"innerHTML"};function t0(t,e){t[uH()]=e}function Q1(t){var e=pa();return t===!0?e.className=KA:(e.className=XA,Yd(t)?e.appendChild(t):t0(e,t)),e}function Z1(t,e){Yd(e.content)?(t0(t,""),t.appendChild(e.content)):typeof e.content!="function"&&(e.allowHTML?t0(t,e.content):t.textContent=e.content)}function od(t){var e=t.firstElementChild,n=wa(e.children);return{box:e,content:n.find(function(r){return r.classList.contains(zA)}),arrow:n.find(function(r){return r.classList.contains(KA)||r.classList.contains(XA)}),backdrop:n.find(function(r){return r.classList.contains(GA)})}}function tR(t){var e=pa(),n=pa();n.className=XM,n.setAttribute("data-state","hidden"),n.setAttribute("tabindex","-1");var r=pa();r.className=zA,r.setAttribute("data-state","hidden"),Z1(r,t.props),e.appendChild(n),n.appendChild(r),i(t.props,t.props);function i(o,l){var c=od(e),u=c.box,p=c.content,f=c.arrow;l.theme?u.setAttribute("data-theme",l.theme):u.removeAttribute("data-theme"),typeof l.animation=="string"?u.setAttribute("data-animation",l.animation):u.removeAttribute("data-animation"),l.inertia?u.setAttribute("data-inertia",""):u.removeAttribute("data-inertia"),u.style.maxWidth=typeof l.maxWidth=="number"?l.maxWidth+"px":l.maxWidth,l.role?u.setAttribute("role",l.role):u.removeAttribute("role"),(o.content!==l.content||o.allowHTML!==l.allowHTML)&&Z1(p,t.props),l.arrow?f?o.arrow!==l.arrow&&(u.removeChild(f),u.appendChild(Q1(l.arrow))):u.appendChild(Q1(l.arrow)):f&&u.removeChild(f)}return{popper:e,onUpdate:i}}tR.$$tippy=!0;var dH=1,gu=[],eh=[];function fH(t,e){var n=J1(t,Object.assign({},ti,ZA(Y1(e)))),r,i,o,l=!1,c=!1,u=!1,p=!1,f,E,A,y=[],B=K1(st,n.interactiveDebounce),R,M=dH++,O=null,L=qM(n.plugins),G={isEnabled:!0,isVisible:!1,isDestroyed:!1,isMounted:!1,isShown:!1},g={id:M,reference:t,popper:pa(),popperInstance:O,props:n,state:G,plugins:L,clearDelayTimeouts:te,setProps:fe,setContent:ce,show:cn,hide:nn,hideWithInteractivity:gn,enable:Ut,disable:Yt,unmount:Tn,destroy:$n};if(!n.render)return g;var $=n.render(g),I=$.popper,P=$.onUpdate;I.setAttribute("data-tippy-root",""),I.id="tippy-"+g.id,g.popper=I,t._tippy=g,I._tippy=g;var dt=L.map(function(W){return W.fn(g)}),X=t.hasAttribute("aria-expanded");return ln(),Lt(),ot(),ft("onCreate",[g]),n.showOnCreate&&Mt(),I.addEventListener("mouseenter",function(){g.props.interactive&&g.state.isVisible&&g.clearDelayTimeouts()}),I.addEventListener("mouseleave",function(){g.props.interactive&&g.props.trigger.indexOf("mouseenter")>=0&&K().addEventListener("mousemove",B)}),g;function w(){var W=g.props.touch;return Array.isArray(W)?W:[W,0]}function Z(){return w()[0]==="hold"}function H(){var W;return!!((W=g.props.render)!=null&&W.$$tippy)}function b(){return R||t}function K(){var W=b().parentNode;return W?JA(W):document}function ht(){return od(I)}function tt(W){return g.state.isMounted&&!g.state.isVisible||_i.isTouch||f&&f.type==="focus"?0:Qp(g.props.delay,W?0:1,ti.delay)}function ot(W){W===void 0&&(W=!1),I.style.pointerEvents=g.props.interactive&&!W?"":"none",I.style.zIndex=""+g.props.zIndex}function ft(W,ct,Ot){if(Ot===void 0&&(Ot=!0),dt.forEach(function(Ft){Ft[W]&&Ft[W].apply(Ft,ct)}),Ot){var Gt;(Gt=g.props)[W].apply(Gt,ct)}}function yt(){var W=g.props.aria;if(W.content){var ct="aria-"+W.content,Ot=I.id,Gt=ra(g.props.triggerTarget||t);Gt.forEach(function(Ft){var Oe=Ft.getAttribute(ct);if(g.state.isVisible)Ft.setAttribute(ct,Oe?Oe+" "+Ot:Ot);else{var We=Oe&&Oe.replace(Ot,"").trim();We?Ft.setAttribute(ct,We):Ft.removeAttribute(ct)}})}}function Lt(){if(!(X||!g.props.aria.expanded)){var W=ra(g.props.triggerTarget||t);W.forEach(function(ct){g.props.interactive?ct.setAttribute("aria-expanded",g.state.isVisible&&ct===b()?"true":"false"):ct.removeAttribute("aria-expanded")})}}function lt(){K().removeEventListener("mousemove",B),gu=gu.filter(function(W){return W!==B})}function j(W){if(!(_i.isTouch&&(u||W.type==="mousedown"))){var ct=W.composedPath&&W.composedPath()[0]||W.target;if(!(g.props.interactive&&q1(I,ct))){if(ra(g.props.triggerTarget||t).some(function(Ot){return q1(Ot,ct)})){if(_i.isTouch||g.state.isVisible&&g.props.trigger.indexOf("click")>=0)return}else ft("onClickOutside",[g,W]);g.props.hideOnClick===!0&&(g.clearDelayTimeouts(),g.hide(),c=!0,setTimeout(function(){c=!1}),g.state.isMounted||At())}}}function U(){u=!0}function J(){u=!1}function C(){var W=K();W.addEventListener("mousedown",j,!0),W.addEventListener("touchend",j,ro),W.addEventListener("touchstart",J,ro),W.addEventListener("touchmove",U,ro)}function At(){var W=K();W.removeEventListener("mousedown",j,!0),W.removeEventListener("touchend",j,ro),W.removeEventListener("touchstart",J,ro),W.removeEventListener("touchmove",U,ro)}function $t(W,ct){He(W,function(){!g.state.isVisible&&I.parentNode&&I.parentNode.contains(I)&&ct()})}function ne(W,ct){He(W,ct)}function He(W,ct){var Ot=ht().box;function Gt(Ft){Ft.target===Ot&&(th(Ot,"remove",Gt),ct())}if(W===0)return ct();th(Ot,"remove",E),th(Ot,"add",Gt),E=Gt}function we(W,ct,Ot){Ot===void 0&&(Ot=!1);var Gt=ra(g.props.triggerTarget||t);Gt.forEach(function(Ft){Ft.addEventListener(W,ct,Ot),y.push({node:Ft,eventType:W,handler:ct,options:Ot})})}function ln(){Z()&&(we("touchstart",Y,{passive:!0}),we("touchend",bt,{passive:!0})),YM(g.props.trigger).forEach(function(W){if(W!=="manual")switch(we(W,Y),W){case"mouseenter":we("mouseleave",bt);break;case"focus":we(iH?"focusout":"blur",Tt);break;case"focusin":we("focusout",Tt);break}})}function V(){y.forEach(function(W){var ct=W.node,Ot=W.eventType,Gt=W.handler,Ft=W.options;ct.removeEventListener(Ot,Gt,Ft)}),y=[]}function Y(W){var ct,Ot=!1;if(!(!g.state.isEnabled||gt(W)||c)){var Gt=((ct=f)==null?void 0:ct.type)==="focus";f=W,R=W.currentTarget,Lt(),!g.state.isVisible&&Rm(W)&&gu.forEach(function(Ft){return Ft(W)}),W.type==="click"&&(g.props.trigger.indexOf("mouseenter")<0||l)&&g.props.hideOnClick!==!1&&g.state.isVisible?Ot=!0:Mt(W),W.type==="click"&&(l=!Ot),Ot&&!Gt&&xt(W)}}function st(W){var ct=W.target,Ot=b().contains(ct)||I.contains(ct);if(!(W.type==="mousemove"&&Ot)){var Gt=pt().concat(I).map(function(Ft){var Oe,We=Ft._tippy,Rn=(Oe=We.popperInstance)==null?void 0:Oe.state;return Rn?{popperRect:Ft.getBoundingClientRect(),popperState:Rn,props:n}:null}).filter(Boolean);ZM(Gt,W)&&(lt(),xt(W))}}function bt(W){var ct=gt(W)||g.props.trigger.indexOf("click")>=0&&l;if(!ct){if(g.props.interactive){g.hideWithInteractivity(W);return}xt(W)}}function Tt(W){g.props.trigger.indexOf("focusin")<0&&W.target!==b()||g.props.interactive&&W.relatedTarget&&I.contains(W.relatedTarget)||xt(W)}function gt(W){return _i.isTouch?Z()!==W.type.indexOf("touch")>=0:!1}function rt(){at();var W=g.props,ct=W.popperOptions,Ot=W.placement,Gt=W.offset,Ft=W.getReferenceClientRect,Oe=W.moveTransition,We=H()?od(I).arrow:null,Rn=Ft?{getBoundingClientRect:Ft,contextElement:Ft.contextElement||b()}:t,zr={name:"$$tippy",enabled:!0,phase:"beforeWrite",requires:["computeStyles"],fn:function(_t){var kt=_t.state;if(H()){var re=ht(),Pe=re.box;["placement","reference-hidden","escaped"].forEach(function(xe){xe==="placement"?Pe.setAttribute("data-placement",kt.placement):kt.attributes.popper["data-popper-"+xe]?Pe.setAttribute("data-"+xe,""):Pe.removeAttribute("data-"+xe)}),kt.attributes.popper={}}}},rn=[{name:"offset",options:{offset:Gt}},{name:"preventOverflow",options:{padding:{top:2,bottom:2,left:5,right:5}}},{name:"flip",options:{padding:5}},{name:"computeStyles",options:{adaptive:!Oe}},zr];H()&&We&&rn.push({name:"arrow",options:{element:We,padding:3}}),rn.push.apply(rn,ct?.modifiers||[]),g.popperInstance=KM(Rn,I,Object.assign({},ct,{placement:Ot,onFirstUpdate:A,modifiers:rn}))}function at(){g.popperInstance&&(g.popperInstance.destroy(),g.popperInstance=null)}function mt(){var W=g.props.appendTo,ct,Ot=b();g.props.interactive&&W===YA||W==="parent"?ct=Ot.parentNode:ct=qA(W,[Ot]),ct.contains(I)||ct.appendChild(I),g.state.isMounted=!0,rt()}function pt(){return wa(I.querySelectorAll("[data-tippy-root]"))}function Mt(W){g.clearDelayTimeouts(),W&&ft("onTrigger",[g,W]),C();var ct=tt(!0),Ot=w(),Gt=Ot[0],Ft=Ot[1];_i.isTouch&&Gt==="hold"&&Ft&&(ct=Ft),ct?r=setTimeout(function(){g.show()},ct):g.show()}function xt(W){if(g.clearDelayTimeouts(),ft("onUntrigger",[g,W]),!g.state.isVisible){At();return}if(!(g.props.trigger.indexOf("mouseenter")>=0&&g.props.trigger.indexOf("click")>=0&&["mouseleave","mousemove"].indexOf(W.type)>=0&&l)){var ct=tt(!1);ct?i=setTimeout(function(){g.state.isVisible&&g.hide()},ct):o=requestAnimationFrame(function(){g.hide()})}}function Ut(){g.state.isEnabled=!0}function Yt(){g.hide(),g.state.isEnabled=!1}function te(){clearTimeout(r),clearTimeout(i),cancelAnimationFrame(o)}function fe(W){if(!g.state.isDestroyed){ft("onBeforeUpdate",[g,W]),V();var ct=g.props,Ot=J1(t,Object.assign({},ct,Y1(W),{ignoreAttributes:!0}));g.props=Ot,ln(),ct.interactiveDebounce!==Ot.interactiveDebounce&&(lt(),B=K1(st,Ot.interactiveDebounce)),ct.triggerTarget&&!Ot.triggerTarget?ra(ct.triggerTarget).forEach(function(Gt){Gt.removeAttribute("aria-expanded")}):Ot.triggerTarget&&t.removeAttribute("aria-expanded"),Lt(),ot(),P&&P(ct,Ot),g.popperInstance&&(rt(),pt().forEach(function(Gt){requestAnimationFrame(Gt._tippy.popperInstance.forceUpdate)})),ft("onAfterUpdate",[g,W])}}function ce(W){g.setProps({content:W})}function cn(){var W=g.state.isVisible,ct=g.state.isDestroyed,Ot=!g.state.isEnabled,Gt=_i.isTouch&&!g.props.touch,Ft=Qp(g.props.duration,0,ti.duration);if(!(W||ct||Ot||Gt)&&!b().hasAttribute("disabled")&&(ft("onShow",[g],!1),g.props.onShow(g)!==!1)){if(g.state.isVisible=!0,H()&&(I.style.visibility="visible"),ot(),C(),g.state.isMounted||(I.style.transition="none"),H()){var Oe=ht(),We=Oe.box,Rn=Oe.content;Zp([We,Rn],0)}A=function(){var rn;if(!(!g.state.isVisible||p)){if(p=!0,I.offsetHeight,I.style.transition=g.props.moveTransition,H()&&g.props.animation){var z=ht(),_t=z.box,kt=z.content;Zp([_t,kt],Ft),Xl([_t,kt],"visible")}yt(),Lt(),X1(eh,g),(rn=g.popperInstance)==null||rn.forceUpdate(),ft("onMount",[g]),g.props.animation&&H()&&ne(Ft,function(){g.state.isShown=!0,ft("onShown",[g])})}},mt()}}function nn(){var W=!g.state.isVisible,ct=g.state.isDestroyed,Ot=!g.state.isEnabled,Gt=Qp(g.props.duration,1,ti.duration);if(!(W||ct||Ot)&&(ft("onHide",[g],!1),g.props.onHide(g)!==!1)){if(g.state.isVisible=!1,g.state.isShown=!1,p=!1,l=!1,H()&&(I.style.visibility="hidden"),lt(),At(),ot(!0),H()){var Ft=ht(),Oe=Ft.box,We=Ft.content;g.props.animation&&(Zp([Oe,We],Gt),Xl([Oe,We],"hidden"))}yt(),Lt(),g.props.animation?H()&&$t(Gt,g.unmount):g.unmount()}}function gn(W){K().addEventListener("mousemove",B),X1(gu,B),B(W)}function Tn(){g.state.isVisible&&g.hide(),g.state.isMounted&&(at(),pt().forEach(function(W){W._tippy.unmount()}),I.parentNode&&I.parentNode.removeChild(I),eh=eh.filter(function(W){return W!==g}),g.state.isMounted=!1,ft("onHidden",[g]))}function $n(){g.state.isDestroyed||(g.clearDelayTimeouts(),g.unmount(),V(),delete t._tippy,g.state.isDestroyed=!0,ft("onDestroy",[g]))}}function Oi(t,e){e===void 0&&(e={});var n=ti.plugins.concat(e.plugins||[]);nH();var r=Object.assign({},e,{plugins:n}),i=QM(t),o=i.reduce(function(l,c){var u=c&&fH(c,r);return u&&l.push(u),l},[]);return Yd(t)?o[0]:o}Oi.defaultProps=ti;Oi.setDefaultProps=lH;Oi.currentInput=_i;Object.assign({},MA,{effect:function(e){var n=e.state,r={popper:{position:n.options.strategy,left:"0",top:"0",margin:"0"},arrow:{position:"absolute"},reference:{}};Object.assign(n.elements.popper.style,r.popper),n.styles=r,n.elements.arrow&&Object.assign(n.elements.arrow.style,r.arrow)}});var pH={name:"animateFill",defaultValue:!1,fn:function(e){var n;if(!((n=e.props.render)!=null&&n.$$tippy))return{};var r=od(e.popper),i=r.box,o=r.content,l=e.props.animateFill?hH():null;return{onCreate:function(){l&&(i.insertBefore(l,i.firstElementChild),i.setAttribute("data-animatefill",""),i.style.overflow="hidden",e.setProps({arrow:!1,animation:"shift-away"}))},onMount:function(){if(l){var u=i.style.transitionDuration,p=Number(u.replace("ms",""));o.style.transitionDelay=Math.round(p/10)+"ms",l.style.transitionDuration=u,Xl([l],"visible")}},onShow:function(){l&&(l.style.transitionDuration="0ms")},onHide:function(){l&&Xl([l],"hidden")}}}};function hH(){var t=pa();return t.className=GA,Xl([t],"hidden"),t}var e0={clientX:0,clientY:0},Tu=[];function eR(t){var e=t.clientX,n=t.clientY;e0={clientX:e,clientY:n}}function mH(t){t.addEventListener("mousemove",eR)}function _H(t){t.removeEventListener("mousemove",eR)}var EH={name:"followCursor",defaultValue:!1,fn:function(e){var n=e.reference,r=JA(e.props.triggerTarget||n),i=!1,o=!1,l=!0,c=e.props;function u(){return e.props.followCursor==="initial"&&e.state.isVisible}function p(){r.addEventListener("mousemove",A)}function f(){r.removeEventListener("mousemove",A)}function E(){i=!0,e.setProps({getReferenceClientRect:null}),i=!1}function A(R){var M=R.target?n.contains(R.target):!0,O=e.props.followCursor,L=R.clientX,G=R.clientY,g=n.getBoundingClientRect(),$=L-g.left,I=G-g.top;(M||!e.props.interactive)&&e.setProps({getReferenceClientRect:function(){var dt=n.getBoundingClientRect(),X=L,w=G;O==="initial"&&(X=dt.left+$,w=dt.top+I);var Z=O==="horizontal"?dt.top:w,H=O==="vertical"?dt.right:X,b=O==="horizontal"?dt.bottom:w,K=O==="vertical"?dt.left:X;return{width:H-K,height:b-Z,top:Z,right:H,bottom:b,left:K}}})}function y(){e.props.followCursor&&(Tu.push({instance:e,doc:r}),mH(r))}function B(){Tu=Tu.filter(function(R){return R.instance!==e}),Tu.filter(function(R){return R.doc===r}).length===0&&_H(r)}return{onCreate:y,onDestroy:B,onBeforeUpdate:function(){c=e.props},onAfterUpdate:function(M,O){var L=O.followCursor;i||L!==void 0&&c.followCursor!==L&&(B(),L?(y(),e.state.isMounted&&!o&&!u()&&p()):(f(),E()))},onMount:function(){e.props.followCursor&&!o&&(l&&(A(e0),l=!1),u()||p())},onTrigger:function(M,O){Rm(O)&&(e0={clientX:O.clientX,clientY:O.clientY}),o=O.type==="focus"},onHidden:function(){e.props.followCursor&&(E(),f(),l=!0)}}}};function gH(t,e){var n;return{popperOptions:Object.assign({},t.popperOptions,{modifiers:[].concat((((n=t.popperOptions)==null?void 0:n.modifiers)||[]).filter(function(r){var i=r.name;return i!==e.name}),[e])})}}var TH={name:"inlinePositioning",defaultValue:!1,fn:function(e){var n=e.reference;function r(){return!!e.props.inlinePositioning}var i,o=-1,l=!1,c=[],u={name:"tippyInlinePositioning",enabled:!0,phase:"afterWrite",fn:function(y){var B=y.state;r()&&(c.indexOf(B.placement)!==-1&&(c=[]),i!==B.placement&&c.indexOf(B.placement)===-1&&(c.push(B.placement),e.setProps({getReferenceClientRect:function(){return p(B.placement)}})),i=B.placement)}};function p(A){return vH(jA(A),n.getBoundingClientRect(),wa(n.getClientRects()),o)}function f(A){l=!0,e.setProps(A),l=!1}function E(){l||f(gH(e.props,u))}return{onCreate:E,onAfterUpdate:E,onTrigger:function(y,B){if(Rm(B)){var R=wa(e.reference.getClientRects()),M=R.find(function(L){return L.left-2<=B.clientX&&L.right+2>=B.clientX&&L.top-2<=B.clientY&&L.bottom+2>=B.clientY}),O=R.indexOf(M);o=O>-1?O:o}},onHidden:function(){o=-1}}}};function vH(t,e,n,r){if(n.length<2||t===null)return e;if(n.length===2&&r>=0&&n[0].left>n[1].right)return n[r]||e;switch(t){case"top":case"bottom":{var i=n[0],o=n[n.length-1],l=t==="top",c=i.top,u=o.bottom,p=l?i.left:o.left,f=l?i.right:o.right,E=f-p,A=u-c;return{top:c,bottom:u,left:p,right:f,width:E,height:A}}case"left":case"right":{var y=Math.min.apply(Math,n.map(function(I){return I.left})),B=Math.max.apply(Math,n.map(function(I){return I.right})),R=n.filter(function(I){return t==="left"?I.left===y:I.right===B}),M=R[0].top,O=R[R.length-1].bottom,L=y,G=B,g=G-L,$=O-M;return{top:M,bottom:O,left:L,right:G,width:g,height:$}}default:return e}}var SH={name:"sticky",defaultValue:!1,fn:function(e){var n=e.reference,r=e.popper;function i(){return e.popperInstance?e.popperInstance.state.elements.reference:n}function o(p){return e.props.sticky===!0||e.props.sticky===p}var l=null,c=null;function u(){var p=o("reference")?i().getBoundingClientRect():null,f=o("popper")?r.getBoundingClientRect():null;(p&&tT(l,p)||f&&tT(c,f))&&e.popperInstance&&e.popperInstance.update(),l=p,c=f,e.state.isMounted&&requestAnimationFrame(u)}return{onMount:function(){e.props.sticky&&u()}}}};function tT(t,e){return t&&e?t.top!==e.top||t.right!==e.right||t.bottom!==e.bottom||t.left!==e.left:!0}Oi.setDefaultProps({render:tR});Oi.setDefaultProps({onShow:t=>{if(!t.props.content)return!1}});function AH(t,e={},n={mount:!0,appName:"Tippy"}){n=Object.assign({mount:!0,appName:"Tippy"},n);const r=I2(),i=se(),o=se({isEnabled:!1,isVisible:!1,isDestroyed:!1,isMounted:!1,isShown:!1}),l=Ow();let c=null;const u=()=>c||(c=document.createDocumentFragment(),c),p=P=>{let dt,X=on(P)?P.value:P;return _a(X)?(l.value||(l.value=$l({name:n.appName,setup:()=>()=>on(P)?P.value:P}),r&&Object.assign(l.value._context,r.appContext),l.value.mount(u())),dt=()=>u()):typeof X=="object"?(l.value||(l.value=$l({name:n.appName,setup:()=>()=>$0(on(P)?P.value:P)}),r&&Object.assign(l.value._context,r.appContext),l.value.mount(u())),dt=()=>u()):dt=X,dt},f=P=>{let dt={};return on(P)?dt=P.value||{}:Rs(P)?dt={...P}:dt={...P},dt.content&&(dt.content=p(dt.content)),dt.triggerTarget&&(dt.triggerTarget=on(dt.triggerTarget)?dt.triggerTarget.value:dt.triggerTarget),(!dt.plugins||!Array.isArray(dt.plugins))&&(dt.plugins=[]),dt.plugins=dt.plugins.filter(X=>X.name!=="vueTippyReactiveState"),dt.plugins.push({name:"vueTippyReactiveState",fn:()=>({onCreate(){o.value.isEnabled=!0},onMount(){o.value.isMounted=!0},onShow(){o.value.isMounted=!0,o.value.isVisible=!0},onShown(){o.value.isShown=!0},onHide(){o.value.isMounted=!1,o.value.isVisible=!1},onHidden(){o.value.isShown=!1},onUnmounted(){o.value.isMounted=!1},onDestroy(){o.value.isDestroyed=!0}})}),dt},E=()=>{i.value&&i.value.setProps(f(e))},A=()=>{!i.value||!e.content||i.value.setContent(p(e.content))},y=P=>{var dt;(dt=i.value)===null||dt===void 0||dt.setContent(p(P))},B=P=>{var dt;(dt=i.value)===null||dt===void 0||dt.setProps(f(P))},R=()=>{var P;i.value&&(i.value.destroy(),i.value=void 0),c=null,(P=l.value)===null||P===void 0||P.unmount(),l.value=void 0},M=()=>{var P;(P=i.value)===null||P===void 0||P.show()},O=()=>{var P;(P=i.value)===null||P===void 0||P.hide()},L=()=>{var P;(P=i.value)===null||P===void 0||P.disable(),o.value.isEnabled=!1},G=()=>{var P;(P=i.value)===null||P===void 0||P.enable(),o.value.isEnabled=!0},g=()=>{var P;(P=i.value)===null||P===void 0||P.unmount()},$=()=>{if(!t)return;let P=on(t)?t.value:t;typeof P=="function"&&(P=P()),P&&(i.value=Oi(P,f(e)),P.$tippy=I)},I={tippy:i,refresh:E,refreshContent:A,setContent:y,setProps:B,destroy:R,hide:O,show:M,disable:L,enable:G,unmount:g,mount:$,state:o};return n.mount&&(r?r.isMounted?$():yo($):$()),r&&H0(()=>{R()}),on(e)||Rs(e)?Hn(e,E,{immediate:!1}):on(e.content)&&Hn(e.content,A,{immediate:!1}),I}const RH=["a11y","allowHTML","arrow","flip","flipOnUpdate","hideOnClick","ignoreAttributes","inertia","interactive","lazy","multiple","showOnInit","touch","touchHold"];let eT={};Object.keys(Oi.defaultProps).forEach(t=>{RH.includes(t)?eT[t]={type:Boolean,default:function(){return Oi.defaultProps[t]}}:eT[t]={default:function(){return Oi.defaultProps[t]}}});const Ce={mounted(t,e,n){const r=typeof e.value=="string"?{content:e.value}:e.value||{},i=Object.keys(e.modifiers||{}),o=i.find(c=>c!=="arrow"),l=i.findIndex(c=>c==="arrow")!==-1;o&&(r.placement=r.placement||o),l&&(r.arrow=r.arrow!==void 0?r.arrow:!0),n.props&&n.props.onTippyShow&&(r.onShow=function(...c){var u;return(u=n.props)===null||u===void 0?void 0:u.onTippyShow(...c)}),n.props&&n.props.onTippyShown&&(r.onShown=function(...c){var u;return(u=n.props)===null||u===void 0?void 0:u.onTippyShown(...c)}),n.props&&n.props.onTippyHidden&&(r.onHidden=function(...c){var u;return(u=n.props)===null||u===void 0?void 0:u.onTippyHidden(...c)}),n.props&&n.props.onTippyHide&&(r.onHide=function(...c){var u;return(u=n.props)===null||u===void 0?void 0:u.onTippyHide(...c)}),n.props&&n.props.onTippyMount&&(r.onMount=function(...c){var u;return(u=n.props)===null||u===void 0?void 0:u.onTippyMount(...c)}),t.getAttribute("title")&&!r.content&&(r.content=t.getAttribute("title"),t.removeAttribute("title")),t.getAttribute("content")&&!r.content&&(r.content=t.getAttribute("content")),AH(t,r)},unmounted(t){t.$tippy?t.$tippy.destroy():t._tippy&&t._tippy.destroy()},updated(t,e){const n=typeof e.value=="string"?{content:e.value}:e.value||{};t.getAttribute("title")&&!n.content&&(n.content=t.getAttribute("title"),t.removeAttribute("title")),t.getAttribute("content")&&!n.content&&(n.content=t.getAttribute("content")),t.$tippy?t.$tippy.setProps(n||{}):t._tippy&&t._tippy.setProps(n||{})}},bH=Oi.setDefaultProps;bH({ignoreAttributes:!0,plugins:[SH,TH,EH,pH]});/*!
 * Font Awesome Free 6.7.2 by @fontawesome - https://fontawesome.com
 * License - https://fontawesome.com/license/free (Icons: CC BY 4.0, Fonts: SIL OFL 1.1, Code: MIT License)
 * Copyright 2024 Fonticons, Inc.
 */const LH={prefix:"fas",iconName:"pen-to-square",icon:[512,512,["edit"],"f044","M471.6 21.7c-21.9-21.9-57.3-21.9-79.2 0L362.3 51.7l97.9 97.9 30.1-30.1c21.9-21.9 21.9-57.3 0-79.2L471.6 21.7zm-299.2 220c-6.1 6.1-10.8 13.6-13.5 21.9l-29.6 88.8c-2.9 8.6-.6 18.1 5.8 24.6s15.9 8.7 24.6 5.8l88.8-29.6c8.2-2.7 15.7-7.4 21.9-13.5L437.7 172.3 339.7 74.3 172.4 241.7zM96 64C43 64 0 107 0 160L0 416c0 53 43 96 96 96l256 0c53 0 96-43 96-96l0-96c0-17.7-14.3-32-32-32s-32 14.3-32 32l0 96c0 17.7-14.3 32-32 32L96 448c-17.7 0-32-14.3-32-32l0-256c0-17.7 14.3-32 32-32l96 0c17.7 0 32-14.3 32-32s-14.3-32-32-32L96 64z"]},OH=LH,yH={prefix:"fas",iconName:"chevron-up",icon:[512,512,[],"f077","M233.4 105.4c12.5-12.5 32.8-12.5 45.3 0l192 192c12.5 12.5 12.5 32.8 0 45.3s-32.8 12.5-45.3 0L256 173.3 86.6 342.6c-12.5 12.5-32.8 12.5-45.3 0s-12.5-32.8 0-45.3l192-192z"]},NH={prefix:"fas",iconName:"align-justify",icon:[448,512,[],"f039","M448 64c0-17.7-14.3-32-32-32L32 32C14.3 32 0 46.3 0 64S14.3 96 32 96l384 0c17.7 0 32-14.3 32-32zm0 256c0-17.7-14.3-32-32-32L32 288c-17.7 0-32 14.3-32 32s14.3 32 32 32l384 0c17.7 0 32-14.3 32-32zM0 192c0 17.7 14.3 32 32 32l384 0c17.7 0 32-14.3 32-32s-14.3-32-32-32L32 160c-17.7 0-32 14.3-32 32zM448 448c0-17.7-14.3-32-32-32L32 416c-17.7 0-32 14.3-32 32s14.3 32 32 32l384 0c17.7 0 32-14.3 32-32z"]},CH={prefix:"fas",iconName:"clipboard",icon:[384,512,[128203],"f328","M192 0c-41.8 0-77.4 26.7-90.5 64L64 64C28.7 64 0 92.7 0 128L0 448c0 35.3 28.7 64 64 64l256 0c35.3 0 64-28.7 64-64l0-320c0-35.3-28.7-64-64-64l-37.5 0C269.4 26.7 233.8 0 192 0zm0 64a32 32 0 1 1 0 64 32 32 0 1 1 0-64zM112 192l160 0c8.8 0 16 7.2 16 16s-7.2 16-16 16l-160 0c-8.8 0-16-7.2-16-16s7.2-16 16-16z"]},xH={prefix:"fas",iconName:"arrow-down-wide-short",icon:[576,512,["sort-amount-asc","sort-amount-down"],"f160","M151.6 469.6C145.5 476.2 137 480 128 480s-17.5-3.8-23.6-10.4l-88-96c-11.9-13-11.1-33.3 2-45.2s33.3-11.1 45.2 2L96 365.7 96 64c0-17.7 14.3-32 32-32s32 14.3 32 32l0 301.7 32.4-35.4c11.9-13 32.2-13.9 45.2-2s13.9 32.2 2 45.2l-88 96zM320 480c-17.7 0-32-14.3-32-32s14.3-32 32-32l32 0c17.7 0 32 14.3 32 32s-14.3 32-32 32l-32 0zm0-128c-17.7 0-32-14.3-32-32s14.3-32 32-32l96 0c17.7 0 32 14.3 32 32s-14.3 32-32 32l-96 0zm0-128c-17.7 0-32-14.3-32-32s14.3-32 32-32l160 0c17.7 0 32 14.3 32 32s-14.3 32-32 32l-160 0zm0-128c-17.7 0-32-14.3-32-32s14.3-32 32-32l224 0c17.7 0 32 14.3 32 32s-14.3 32-32 32L320 96z"]},n0={prefix:"fas",iconName:"filter",icon:[512,512,[],"f0b0","M3.9 54.9C10.5 40.9 24.5 32 40 32l432 0c15.5 0 29.5 8.9 36.1 22.9s4.6 30.5-5.2 42.5L320 320.9 320 448c0 12.1-6.8 23.2-17.7 28.6s-23.8 4.3-33.5-3l-64-48c-8.1-6-12.8-15.5-12.8-25.6l0-79.1L9 97.3C-.7 85.4-2.8 68.8 3.9 54.9z"]},wH={prefix:"fas",iconName:"trash",icon:[448,512,[],"f1f8","M135.2 17.7L128 32 32 32C14.3 32 0 46.3 0 64S14.3 96 32 96l384 0c17.7 0 32-14.3 32-32s-14.3-32-32-32l-96 0-7.2-14.3C307.4 6.8 296.3 0 284.2 0L163.8 0c-12.1 0-23.2 6.8-28.6 17.7zM416 128L32 128 53.2 467c1.6 25.3 22.6 45 47.9 45l245.8 0c25.3 0 46.3-19.7 47.9-45L416 128z"]},IH={prefix:"fas",iconName:"circle-info",icon:[512,512,["info-circle"],"f05a","M256 512A256 256 0 1 0 256 0a256 256 0 1 0 0 512zM216 336l24 0 0-64-24 0c-13.3 0-24-10.7-24-24s10.7-24 24-24l48 0c13.3 0 24 10.7 24 24l0 88 8 0c13.3 0 24 10.7 24 24s-10.7 24-24 24l-80 0c-13.3 0-24-10.7-24-24s10.7-24 24-24zm40-208a32 32 0 1 1 0 64 32 32 0 1 1 0-64z"]},_o=IH,kH={prefix:"fas",iconName:"arrow-rotate-left",icon:[512,512,[8634,"arrow-left-rotate","arrow-rotate-back","arrow-rotate-backward","undo"],"f0e2","M125.7 160l50.3 0c17.7 0 32 14.3 32 32s-14.3 32-32 32L48 224c-17.7 0-32-14.3-32-32L16 64c0-17.7 14.3-32 32-32s32 14.3 32 32l0 51.2L97.6 97.6c87.5-87.5 229.3-87.5 316.8 0s87.5 229.3 0 316.8s-229.3 87.5-316.8 0c-12.5-12.5-12.5-32.8 0-45.3s32.8-12.5 45.3 0c62.5 62.5 163.8 62.5 226.3 0s62.5-163.8 0-226.3s-163.8-62.5-226.3 0L125.7 160z"]},BH=kH,nR={prefix:"fas",iconName:"clock",icon:[512,512,[128339,"clock-four"],"f017","M256 0a256 256 0 1 1 0 512A256 256 0 1 1 256 0zM232 120l0 136c0 8 4 15.5 10.7 20l96 64c11 7.4 25.9 4.4 33.3-6.7s4.4-25.9-6.7-33.3L280 243.2 280 120c0-13.3-10.7-24-24-24s-24 10.7-24 24z"]},nh={prefix:"fas",iconName:"caret-down",icon:[320,512,[],"f0d7","M137.4 374.6c12.5 12.5 32.8 12.5 45.3 0l128-128c9.2-9.2 11.9-22.9 6.9-34.9s-16.6-19.8-29.6-19.8L32 192c-12.9 0-24.6 7.8-29.6 19.8s-2.2 25.7 6.9 34.9l128 128z"]},PH={prefix:"fas",iconName:"arrow-down-short-wide",icon:[576,512,["sort-amount-desc","sort-amount-down-alt"],"f884","M151.6 469.6C145.5 476.2 137 480 128 480s-17.5-3.8-23.6-10.4l-88-96c-11.9-13-11.1-33.3 2-45.2s33.3-11.1 45.2 2L96 365.7 96 64c0-17.7 14.3-32 32-32s32 14.3 32 32l0 301.7 32.4-35.4c11.9-13 32.2-13.9 45.2-2s13.9 32.2 2 45.2l-88 96zM320 32l32 0c17.7 0 32 14.3 32 32s-14.3 32-32 32l-32 0c-17.7 0-32-14.3-32-32s14.3-32 32-32zm0 128l96 0c17.7 0 32 14.3 32 32s-14.3 32-32 32l-96 0c-17.7 0-32-14.3-32-32s14.3-32 32-32zm0 128l160 0c17.7 0 32 14.3 32 32s-14.3 32-32 32l-160 0c-17.7 0-32-14.3-32-32s14.3-32 32-32zm0 128l224 0c17.7 0 32 14.3 32 32s-14.3 32-32 32l-224 0c-17.7 0-32-14.3-32-32s14.3-32 32-32z"]},DH={prefix:"fas",iconName:"thumbs-down",icon:[512,512,[128078,61576],"f165","M313.4 479.1c26-5.2 42.9-30.5 37.7-56.5l-2.3-11.4c-5.3-26.7-15.1-52.1-28.8-75.2l144 0c26.5 0 48-21.5 48-48c0-18.5-10.5-34.6-25.9-42.6C497 236.6 504 223.1 504 208c0-23.4-16.8-42.9-38.9-47.1c4.4-7.3 6.9-15.8 6.9-24.9c0-21.3-13.9-39.4-33.1-45.6c.7-3.3 1.1-6.8 1.1-10.4c0-26.5-21.5-48-48-48l-97.5 0c-19 0-37.5 5.6-53.3 16.1L202.7 73.8C176 91.6 160 121.6 160 153.7l0 38.3 0 48 0 24.9c0 29.2 13.3 56.7 36 75l7.4 5.9c26.5 21.2 44.6 51 51.2 84.2l2.3 11.4c5.2 26 30.5 42.9 56.5 37.7zM32 384l64 0c17.7 0 32-14.3 32-32l0-224c0-17.7-14.3-32-32-32L32 96C14.3 96 0 110.3 0 128L0 352c0 17.7 14.3 32 32 32z"]},rR={prefix:"fas",iconName:"arrow-down",icon:[384,512,[8595],"f063","M169.4 470.6c12.5 12.5 32.8 12.5 45.3 0l160-160c12.5-12.5 12.5-32.8 0-45.3s-32.8-12.5-45.3 0L224 370.8 224 64c0-17.7-14.3-32-32-32s-32 14.3-32 32l0 306.7L54.6 265.4c-12.5-12.5-32.8-12.5-45.3 0s-12.5 32.8 0 45.3l160 160z"]},MH={prefix:"fas",iconName:"magnifying-glass",icon:[512,512,[128269,"search"],"f002","M416 208c0 45.9-14.9 88.3-40 122.7L502.6 457.4c12.5 12.5 12.5 32.8 0 45.3s-32.8 12.5-45.3 0L330.7 376c-34.4 25.2-76.8 40-122.7 40C93.1 416 0 322.9 0 208S93.1 0 208 0S416 93.1 416 208zM208 352a144 144 0 1 0 0-288 144 144 0 1 0 0 288z"]},HH=MH,iR={prefix:"fas",iconName:"chevron-down",icon:[512,512,[],"f078","M233.4 406.6c12.5 12.5 32.8 12.5 45.3 0l192-192c12.5-12.5 12.5-32.8 0-45.3s-32.8-12.5-45.3 0L256 338.7 86.6 169.4c-12.5-12.5-32.8-12.5-45.3 0s-12.5 32.8 0 45.3l192 192z"]},sR={prefix:"fas",iconName:"arrow-up",icon:[384,512,[8593],"f062","M214.6 41.4c-12.5-12.5-32.8-12.5-45.3 0l-160 160c-12.5 12.5-12.5 32.8 0 45.3s32.8 12.5 45.3 0L160 141.2 160 448c0 17.7 14.3 32 32 32s32-14.3 32-32l0-306.7L329.4 246.6c12.5 12.5 32.8 12.5 45.3 0s12.5-32.8 0-45.3l-160-160z"]},WH={prefix:"fas",iconName:"chevron-right",icon:[320,512,[9002],"f054","M310.6 233.4c12.5 12.5 12.5 32.8 0 45.3l-192 192c-12.5 12.5-32.8 12.5-45.3 0s-12.5-32.8 0-45.3L242.7 256 73.4 86.6c-12.5-12.5-12.5-32.8 0-45.3s32.8-12.5 45.3 0l192 192z"]},UH={prefix:"fas",iconName:"check",icon:[448,512,[10003,10004],"f00c","M438.6 105.4c12.5 12.5 12.5 32.8 0 45.3l-256 256c-12.5 12.5-32.8 12.5-45.3 0l-128-128c-12.5-12.5-12.5-32.8 0-45.3s32.8-12.5 45.3 0L160 338.7 393.4 105.4c12.5-12.5 32.8-12.5 45.3 0z"]},$H={prefix:"fas",iconName:"triangle-exclamation",icon:[512,512,[9888,"exclamation-triangle","warning"],"f071","M256 32c14.2 0 27.3 7.5 34.5 19.8l216 368c7.3 12.4 7.3 27.7 .2 40.1S486.3 480 472 480L40 480c-14.3 0-27.6-7.7-34.7-20.1s-7-27.8 .2-40.1l216-368C228.7 39.5 241.8 32 256 32zm0 128c-13.3 0-24 10.7-24 24l0 112c0 13.3 10.7 24 24 24s24-10.7 24-24l0-112c0-13.3-10.7-24-24-24zm32 224a32 32 0 1 0 -64 0 32 32 0 1 0 64 0z"]},nT=$H,FH={prefix:"fas",iconName:"right-left",icon:[512,512,["exchange-alt"],"f362","M32 96l320 0 0-64c0-12.9 7.8-24.6 19.8-29.6s25.7-2.2 34.9 6.9l96 96c6 6 9.4 14.1 9.4 22.6s-3.4 16.6-9.4 22.6l-96 96c-9.2 9.2-22.9 11.9-34.9 6.9s-19.8-16.6-19.8-29.6l0-64L32 160c-17.7 0-32-14.3-32-32s14.3-32 32-32zM480 352c17.7 0 32 14.3 32 32s-14.3 32-32 32l-320 0 0 64c0 12.9-7.8 24.6-19.8 29.6s-25.7 2.2-34.9-6.9l-96-96c-6-6-9.4-14.1-9.4-22.6s3.4-16.6 9.4-22.6l96-96c9.2-9.2 22.9-11.9 34.9-6.9s19.8 16.6 19.8 29.6l0 64 320 0z"]},oR=FH,aR={prefix:"fas",iconName:"dollar-sign",icon:[320,512,[128178,61781,"dollar","usd"],"24","M160 0c17.7 0 32 14.3 32 32l0 35.7c1.6 .2 3.1 .4 4.7 .7c.4 .1 .7 .1 1.1 .2l48 8.8c17.4 3.2 28.9 19.9 25.7 37.2s-19.9 28.9-37.2 25.7l-47.5-8.7c-31.3-4.6-58.9-1.5-78.3 6.2s-27.2 18.3-29 28.1c-2 10.7-.5 16.7 1.2 20.4c1.8 3.9 5.5 8.3 12.8 13.2c16.3 10.7 41.3 17.7 73.7 26.3l2.9 .8c28.6 7.6 63.6 16.8 89.6 33.8c14.2 9.3 27.6 21.9 35.9 39.5c8.5 17.9 10.3 37.9 6.4 59.2c-6.9 38-33.1 63.4-65.6 76.7c-13.7 5.6-28.6 9.2-44.4 11l0 33.4c0 17.7-14.3 32-32 32s-32-14.3-32-32l0-34.9c-.4-.1-.9-.1-1.3-.2l-.2 0s0 0 0 0c-24.4-3.8-64.5-14.3-91.5-26.3c-16.1-7.2-23.4-26.1-16.2-42.2s26.1-23.4 42.2-16.2c20.9 9.3 55.3 18.5 75.2 21.6c31.9 4.7 58.2 2 76-5.3c16.9-6.9 24.6-16.9 26.8-28.9c1.9-10.6 .4-16.7-1.3-20.4c-1.9-4-5.6-8.4-13-13.3c-16.4-10.7-41.5-17.7-74-26.3l-2.8-.7s0 0 0 0C119.4 279.3 84.4 270 58.4 253c-14.2-9.3-27.5-22-35.8-39.6c-8.4-17.9-10.1-37.9-6.1-59.2C23.7 116 52.3 91.2 84.8 78.3c13.3-5.3 27.9-8.9 43.2-11L128 32c0-17.7 14.3-32 32-32z"]},VH={class:"copy position-absolute",style:{top:"0",right:"0"}},rh=Xe({__name:"Copy",props:{content:{}},setup(t){const e=t,n=se(!1);function r(){const{toClipboard:i}=$6();i(e.content),n.value=!0,window.setTimeout(()=>{n.value=!1},2e3)}return(i,o)=>(k(),D("div",VH,[v("button",{name:"copyRawButton",class:Pt(["btn btn-outline-secondary bg-light btn-sm m-2",n.value?"d-none":"d-block"]),onClick:r},[wt(h(Se),{"fixed-width":"",icon:h(CH)},null,8,["icon"])],2),o[0]||(o[0]=T()),be((k(),D("button",{class:Pt(["btn btn-outline-secondary bg-light btn-sm m-2",n.value?"d-block":"d-none"]),onClick:r},[wt(h(Se),{"fixed-width":"",icon:h(UH),class:"text-success"},null,8,["icon"])],2)),[[h(Ce),{placement:"left",arrow:!0,content:"copied"}]])]))}});var ke=(t=>(t[t.time=0]="time",t[t.rows=1]="rows",t[t.cost=2]="cost",t[t.buffers=3]="buffers",t[t.estimate_factor=4]="estimate_factor",t[t.io=5]="io",t))(ke||{}),de=(t=>(t.shared="Shared",t.temp="Temp",t.local="Local",t))(de||{});class Tr{static NONE="none";static DURATION="duration";static ROWS="rows";static COST="cost"}var Si=(t=>(t.asc="asc",t.desc="desc",t))(Si||{}),yn=(t=>(t[t.over=1]="over",t[t.under=2]="under",t[t.none=3]="none",t))(yn||{}),_=(t=>(t.NODE_TYPE="Node Type",t.ACTUAL_ROWS="Actual Rows",t.PLAN_ROWS="Plan Rows",t.PLAN_WIDTH="Plan Width",t.ROWS_REMOVED_BY_FILTER="Rows Removed by Filter",t.ROWS_REMOVED_BY_JOIN_FILTER="Rows Removed by Join Filter",t.ACTUAL_STARTUP_TIME="Actual Startup Time",t.ACTUAL_TOTAL_TIME="Actual Total Time",t.ACTUAL_LOOPS="Actual Loops",t.STARTUP_COST="Startup Cost",t.TOTAL_COST="Total Cost",t.PLANS="Plans",t.RELATION_NAME="Relation Name",t.SCHEMA="Schema",t.ALIAS="Alias",t.GROUP_KEY="Group Key",t.SORT_KEY="Sort Key",t.SORT_METHOD="Sort Method",t.SORT_SPACE_TYPE="Sort Space Type",t.SORT_SPACE_USED="Sort Space Used",t.JOIN_TYPE="Join Type",t.INDEX_NAME="Index Name",t.HASH_CONDITION="Hash Cond",t.PARENT_RELATIONSHIP="Parent Relationship",t.SUBPLAN_NAME="Subplan Name",t.PARALLEL_AWARE="Parallel Aware",t.WORKERS="Workers",t.WORKERS_PLANNED="Workers Planned",t.WORKERS_LAUNCHED="Workers Launched",t.SHARED_HIT_BLOCKS="Shared Hit Blocks",t.SHARED_READ_BLOCKS="Shared Read Blocks",t.SHARED_DIRTIED_BLOCKS="Shared Dirtied Blocks",t.SHARED_WRITTEN_BLOCKS="Shared Written Blocks",t.TEMP_READ_BLOCKS="Temp Read Blocks",t.TEMP_WRITTEN_BLOCKS="Temp Written Blocks",t.LOCAL_HIT_BLOCKS="Local Hit Blocks",t.LOCAL_READ_BLOCKS="Local Read Blocks",t.LOCAL_DIRTIED_BLOCKS="Local Dirtied Blocks",t.LOCAL_WRITTEN_BLOCKS="Local Written Blocks",t.IO_READ_TIME="I/O Read Time",t.IO_WRITE_TIME="I/O Write Time",t.OUTPUT="Output",t.HEAP_FETCHES="Heap Fetches",t.WAL_RECORDS="WAL Records",t.WAL_BYTES="WAL Bytes",t.WAL_FPI="WAL FPI",t.FULL_SORT_GROUPS="Full-sort Groups",t.PRE_SORTED_GROUPS="Pre-sorted Groups",t.PRESORTED_KEY="Presorted Key",t.FILTER="Filter",t.STRATEGY="Strategy",t.NODE_ID="nodeId",t.EXCLUSIVE_DURATION="*Duration (exclusive)",t.EXCLUSIVE_COST="*Cost (exclusive)",t.ACTUAL_ROWS_REVISED="*Actual Rows Revised",t.ACTUAL_ROWS_FRACTIONAL="*Actual Rows Is Fractional",t.PLAN_ROWS_REVISED="*Plan Rows Revised",t.ROWS_REMOVED_BY_FILTER_REVISED="*Rows Removed by Filter",t.ROWS_REMOVED_BY_JOIN_FILTER_REVISED="*Rows Removed by Join Filter",t.PLANNER_ESTIMATE_FACTOR="*Planner Row Estimate Factor",t.PLANNER_ESTIMATE_DIRECTION="*Planner Row Estimate Direction",t.EXCLUSIVE_SHARED_HIT_BLOCKS="*Shared Hit Blocks (exclusive)",t.EXCLUSIVE_SHARED_READ_BLOCKS="*Shared Read Blocks (exclusive)",t.EXCLUSIVE_SHARED_DIRTIED_BLOCKS="*Shared Dirtied Blocks (exclusive)",t.EXCLUSIVE_SHARED_WRITTEN_BLOCKS="*Shared Written Blocks (exclusive)",t.EXCLUSIVE_TEMP_READ_BLOCKS="*Temp Read Blocks (exclusive)",t.EXCLUSIVE_TEMP_WRITTEN_BLOCKS="*Temp Written Blocks (exclusive)",t.EXCLUSIVE_LOCAL_HIT_BLOCKS="*Local Hit Blocks (exclusive)",t.EXCLUSIVE_LOCAL_READ_BLOCKS="*Local Read Blocks (exclusive)",t.EXCLUSIVE_LOCAL_DIRTIED_BLOCKS="*Local Dirtied Blocks (exclusive)",t.EXCLUSIVE_LOCAL_WRITTEN_BLOCKS="*Local Written Blocks (exclusive)",t.EXCLUSIVE_IO_READ_TIME="*I/O Read Time (exclusive)",t.EXCLUSIVE_IO_WRITE_TIME="*I/O Write Time (exclusive)",t.AVERAGE_IO_READ_TIME="*I/O Read Speed (exclusive)",t.AVERAGE_IO_WRITE_TIME="*I/O Write Speed (exclusive)",t.WORKERS_PLANNED_BY_GATHER="*Workers Planned By Gather",t.WORKERS_LAUNCHED_BY_GATHER="*Workers Launched By Gather",t.CTE_SCAN="CTE Scan",t.CTE_NAME="CTE Name",t.FUNCTION_NAME="Function Name",t.ARRAY_INDEX_KEY="arrayIndex",t.PEV_PLAN_TAG="plan_",t.JIT="JIT",t))(_||{}),xn=(t=>(t[t.blocks=0]="blocks",t[t.boolean=1]="boolean",t[t.bytes=2]="bytes",t[t.cost=3]="cost",t[t.duration=4]="duration",t[t.estimateDirection=5]="estimateDirection",t[t.factor=6]="factor",t[t.increment=7]="increment",t[t.json=8]="json",t[t.kilobytes=9]="kilobytes",t[t.list=10]="list",t[t.loops=11]="loops",t[t.rows=12]="rows",t[t.sortGroups=13]="sortGroups",t[t.transferRate=14]="transferRate",t[t.jit=15]="jit",t))(xn||{});const Xt={};Xt["Actual Rows"]=12;Xt["Actual Loops"]=11;Xt["Plan Rows"]=12;Xt["Plan Width"]=2;Xt["*Actual Rows Revised"]=12;Xt["*Actual Rows Is Fractional"]=1;Xt["*Plan Rows Revised"]=12;Xt["Actual Total Time"]=4;Xt["Actual Startup Time"]=4;Xt["Startup Cost"]=3;Xt["Total Cost"]=3;Xt["Parallel Aware"]=1;Xt.Workers=8;Xt["Sort Space Used"]=9;Xt["Rows Removed by Filter"]=12;Xt["Rows Removed by Join Filter"]=12;Xt["*Rows Removed by Filter"]=12;Xt["*Rows Removed by Join Filter"]=12;Xt["Heap Fetches"]=12;Xt.Output=10;Xt["Sort Key"]=10;Xt["Presorted Key"]=10;Xt["WAL Records"]=12;Xt["WAL Bytes"]=2;Xt["WAL FPI"]=12;Xt["*Duration (exclusive)"]=4;Xt["*Cost (exclusive)"]=3;Xt["*Planner Row Estimate Factor"]=6;Xt["*Planner Row Estimate Direction"]=5;Xt["I/O Read Time"]=4;Xt["I/O Write Time"]=4;Xt["*I/O Read Time (exclusive)"]=4;Xt["*I/O Write Time (exclusive)"]=4;Xt["*I/O Read Speed (exclusive)"]=14;Xt["*I/O Write Speed (exclusive)"]=14;Xt["*Shared Hit Blocks (exclusive)"]=0;Xt["*Shared Read Blocks (exclusive)"]=0;Xt["*Shared Dirtied Blocks (exclusive)"]=0;Xt["*Shared Written Blocks (exclusive)"]=0;Xt["*Temp Read Blocks (exclusive)"]=0;Xt["*Temp Written Blocks (exclusive)"]=0;Xt["*Local Hit Blocks (exclusive)"]=0;Xt["*Local Read Blocks (exclusive)"]=0;Xt["*Local Dirtied Blocks (exclusive)"]=0;Xt["*Local Written Blocks (exclusive)"]=0;Xt["Full-sort Groups"]=13;Xt["Pre-sorted Groups"]=13;Xt.JIT=15;class qd{static WORKER_NUMBER="Worker Number"}Xt[qd.WORKER_NUMBER]=7;var Wu=(t=>(t.GROUP_COUNT="Group Count",t.SORT_METHODS_USED="Sort Methods Used",t.SORT_SPACE_MEMORY="Sort Space Memory",t))(Wu||{}),r0=(t=>(t.AVERAGE_SORT_SPACE_USED="Average Sort Space Used",t.PEAK_SORT_SPACE_USED="Peak Sort Space Used",t))(r0||{});class Ua{nodeId=0;getNodeTypeDescription(e){return zH[e.toUpperCase()]}getHelpMessage(e){return GH[e.toUpperCase()]}}const zH={LIMIT:"returns a specified number of rows from a record set.",SORT:"sorts a record set based on the specified sort key.","NESTED LOOP":`merges two record sets by looping through every record in the first set and
   trying to find a match in the second set. All matching records are returned.`,"MERGE JOIN":"merges two record sets by first sorting them on a <strong>join key</strong>.",HASH:`generates a hash table from the records in the input recordset. Hash is used by
   <strong>Hash Join</strong>.`,"HASH JOIN":"joins two record sets by hashing one of them (using a <strong>Hash Scan</strong>).",AGGREGATE:"groups records together based on a GROUP BY or aggregate function (like <code>sum()</code>).",HASHAGGREGATE:`groups records together based on a GROUP BY or aggregate function (like sum()). Hash Aggregate uses
   a hash to first organize the records by a key.`,"SEQ SCAN":`finds relevant records by sequentially scanning the input record set. When reading from a table,
   Seq Scans (unlike Index Scans) perform a single read operation (only the table is read).`,"INDEX SCAN":`finds relevant records based on an <strong>Index</strong>.
    Index Scans perform 2 read operations: one to
    read the index and another to read the actual value from the table.`,"INDEX ONLY SCAN":`finds relevant records based on an <strong>Index</strong>.
    Index Only Scans perform a single read operation
    from the index and do not read from the corresponding table.`,"BITMAP HEAP SCAN":`searches through the pages returned by the <strong>Bitmap Index Scan</strong>
    for relevant rows.`,"BITMAP INDEX SCAN":`uses a <strong>Bitmap Index</strong> (index which uses 1 bit per page)
    to find all relevant pages.
    Results of this node are fed to the <strong>Bitmap Heap Scan</strong>.`,"CTE SCAN":`performs a sequential scan of <strong>Common Table Expression (CTE) query</strong> results. Note that
    results of a CTE are materialized (calculated and temporarily stored).`,MEMOIZE:"is used to cache the results of the inner side of a nested loop. It avoids executing underlying nodes when the results for the current parameters are already in the cache.",GATHER:"reads the results of the parallel workers, in an undefined order.","GATHER MERGE":"reads the results of the parallel workers, preserving any ordering."},GH={"MISSING EXECUTION TIME":`Execution time (or Total runtime) not available for this plan. Make sure you
    use EXPLAIN ANALYZE.`,"MISSING PLANNING TIME":"Planning time not available for this plan.","WORKERS PLANNED NOT LAUNCHED":`Less workers than planned were launched.
Consider modifying max_parallel_workers or max_parallel_workers_per_gather.`,"WORKERS DETAILED INFO MISSING":"Consider using EXPLAIN (ANALYZE, VERBOSE)","FUZZY NEEDS VERBOSE":"Information may not be accurate. Use EXPLAIN VERBOSE mode.","HINT TRACK_IO_TIMING":"HINT: activate <em><b>track_io_timing</b></em> to have details on time spent outside the PG cache.","IO TIMINGS PARALLEL":"Distributed among parallel workers"};function KH(t,e,n,r){if(!e)return;const i=t.getBoundingClientRect(),o=e.getBoundingClientRect();let l=t.scrollLeft;const c=o.left>=i.left&&o.left<=i.right&&o.right<=i.right;let u=t.scrollTop;const p=o.top>=i.top&&o.top<=i.bottom&&o.bottom<=i.bottom;(!c||!p)&&(l=o.left+t.scrollLeft-i.left-i.width/2+o.width/2,u=o.top+t.scrollTop-i.top-i.height/2+o.height/2,XH({element:t,to:{scrollTop:u,scrollLeft:l},duration:400,done:r}))}const rT=({currentTime:t,start:e,change:n,duration:r})=>{let i=t;return i/=r/2,i<1?n/2*i*i+e:(i-=1,-n/2*(i*(i-2)-1)+e)};function XH({duration:t,element:e,to:n,done:r}){const i=e.scrollTop,o=e.scrollLeft,l=n.scrollTop-i,c=n.scrollLeft-o,u=new Date().getTime(),p=()=>{const E=new Date().getTime()-u;e.scrollTop=rT({currentTime:E,start:i,change:l,duration:t}),e.scrollLeft=rT({currentTime:E,start:o,change:c,duration:t}),E<t?requestAnimationFrame(p):(e.scrollTop=n.scrollTop,e.scrollLeft=n.scrollLeft)};p()}function iT(t,e){const n="([\\s\\S]*?)(e)?(?:(o)|(c)|(t)|(sp)|$)".replace("sp",e).replace("o","[\\(\\{\\[]").replace("c","[\\)\\}\\]]").replace("t",`['"]`).replace("e","[\\\\]"),r=new RegExp(n,"gi"),i=[];let o=[];const l=[];return t.replace(r,(c,u,p,f,E,A,y)=>{if(p)return o.push(u,y||f||E||A),"";if(f)i.push(f);else if(E)i.pop();else if(A)i[i.length-1]!==A?i.push(A):i.pop();else if(y?!i.length:!u)return o.push(u),l.push(o.join("")),o=[],"";return o.push(c),""}),l}function YH(t,e){let n;const r=t.content.Plan;return r.nodeId==e?r:(r&&r.Plans&&(r.Plans.some(function i(o){return o.nodeId===e?(n=o,!0):o.Plans&&o.Plans.some(i)}),!n&&t.ctes&&Q.each(t.ctes,i=>{if(i.nodeId==e)return n=i,!1;if(i.Plans&&(i.Plans.some(function o(l){return l.nodeId===e?(n=l,!0):l.Plans&&l.Plans.some(o)}),n))return!1})),n)}function qH(t,e){let n;return t.ctes&&Q.each(t.ctes,r=>{if(r[_.SUBPLAN_NAME]=="CTE "+e)return n=r,!1}),n}const jH=[_.NODE_TYPE,_.CTE_NAME,_.EXCLUSIVE_DURATION,_.EXCLUSIVE_COST,_.TOTAL_COST,_.PLAN_ROWS,_.ACTUAL_ROWS,_.ACTUAL_LOOPS,_.OUTPUT,_.WORKERS,_.WORKERS_PLANNED,_.WORKERS_LAUNCHED,_.EXCLUSIVE_SHARED_HIT_BLOCKS,_.EXCLUSIVE_SHARED_READ_BLOCKS,_.EXCLUSIVE_SHARED_DIRTIED_BLOCKS,_.EXCLUSIVE_SHARED_WRITTEN_BLOCKS,_.EXCLUSIVE_TEMP_READ_BLOCKS,_.EXCLUSIVE_TEMP_WRITTEN_BLOCKS,_.EXCLUSIVE_LOCAL_HIT_BLOCKS,_.EXCLUSIVE_LOCAL_READ_BLOCKS,_.EXCLUSIVE_LOCAL_DIRTIED_BLOCKS,_.EXCLUSIVE_LOCAL_WRITTEN_BLOCKS,_.SHARED_HIT_BLOCKS,_.SHARED_READ_BLOCKS,_.SHARED_DIRTIED_BLOCKS,_.SHARED_WRITTEN_BLOCKS,_.TEMP_READ_BLOCKS,_.TEMP_WRITTEN_BLOCKS,_.LOCAL_HIT_BLOCKS,_.LOCAL_READ_BLOCKS,_.LOCAL_DIRTIED_BLOCKS,_.LOCAL_WRITTEN_BLOCKS,_.PLANNER_ESTIMATE_FACTOR,_.PLANNER_ESTIMATE_DIRECTION,_.SUBPLAN_NAME,_.GROUP_KEY,_.HASH_CONDITION,_.JOIN_TYPE,_.INDEX_NAME,_.HASH_CONDITION,_.EXCLUSIVE_IO_READ_TIME,_.EXCLUSIVE_IO_WRITE_TIME,_.AVERAGE_IO_READ_TIME,_.AVERAGE_IO_WRITE_TIME,_.IO_READ_TIME,_.IO_WRITE_TIME,_.HEAP_FETCHES,_.WAL_RECORDS,_.WAL_BYTES,_.WAL_FPI,_.NODE_ID,_.ROWS_REMOVED_BY_FILTER,_.ROWS_REMOVED_BY_JOIN_FILTER,_.ACTUAL_ROWS_REVISED,_.PLAN_ROWS_REVISED,_.ROWS_REMOVED_BY_FILTER_REVISED,_.ROWS_REMOVED_BY_JOIN_FILTER_REVISED,"size",_.RELATION_NAME,_.ALIAS,_.FUNCTION_NAME,_.STRATEGY];function lR(t,e){return(!!e||Xt[t]===xn.increment||t===_.ACTUAL_ROWS)&&jH.indexOf(t)===-1}const JH={class:"tree-lines"},bm=Xe({__name:"LevelDivider",props:{level:{},isSubplan:{type:Boolean},isNode:{type:Boolean},isLastChild:{type:Boolean},branches:{},index:{},dense:{type:Boolean,default:!1}},setup(t){const n=t.dense?"":" ";return(r,i)=>(k(),D("span",JH,[(k(!0),D(Vt,null,je(h(Q).range(r.level),o=>(k(),D(Vt,null,[h(Q).indexOf(r.branches,o)!=-1?(k(),D(Vt,{key:0},[T(vt(h(n))+"│",1)],64)):o!==0?(k(),D(Vt,{key:1},[T(vt(h(n))+" ",1)],64)):it("",!0)],64))),256)),r.index!==0?(k(),D(Vt,{key:0},[r.isSubplan&&r.isNode?(k(),D(Vt,{key:1},[r.isLastChild?(k(),D(Vt,{key:1},[T(vt(h(n))+" ",1)],64)):(k(),D(Vt,{key:0},[T(vt(h(n))+"│",1)],64))],64)):(k(),D(Vt,{key:0},[T(vt(h(n))+vt(r.isLastChild?"└":"├"),1)],64))],64)):it("",!0)]))}}),QH={class:"table-borderless"},ZH={class:"text-nowrap p-0"},tW={class:"p-0 ps-1"},eW={class:"table-borderless"},nW={class:"p-0 ps-1"},rW=Xe({__name:"SortGroup",props:{sortGroup:{}},setup(t){return(e,n)=>(k(),D("div",null,[T(`
    Count: `+vt(e.sortGroup["Group Count"])+" ",1),n[6]||(n[6]=v("br",null,null,-1)),n[7]||(n[7]=T()),v("table",QH,[v("tbody",null,[v("tr",null,[v("td",ZH,[n[0]||(n[0]=T(`
            Sort Method`)),e.sortGroup["Sort Methods Used"].length>1?(k(),D(Vt,{key:0},[T("s")],64)):it("",!0),n[1]||(n[1]=T(`:
          `))]),n[2]||(n[2]=T()),v("td",tW,vt(h(Yi)(e.sortGroup["Sort Methods Used"])),1)])])]),n[8]||(n[8]=T()),v("table",eW,[v("tbody",null,[v("tr",null,[n[4]||(n[4]=v("td",{class:"p-0"},"Memory:",-1)),n[5]||(n[5]=T()),v("td",nW,[T(`
            Average:
            `+vt(h(i0)(e.sortGroup["Sort Space Memory"]["Average Sort Space Used"]))+" ",1),n[3]||(n[3]=v("br",null,null,-1)),T(`
            Peak:
            `+vt(h(i0)(e.sortGroup["Sort Space Memory"]["Peak Sort Space Used"])),1)])])])])]))}}),iW={class:"table table-sm table-borderless"},sW={class:"text-end"},oW={class:"text-end"},aW={class:"text-end"},cR=Xe({__name:"JitDetails",props:{jit:{}},setup(t){const e=t;return(n,r)=>(k(),D("table",iW,[v("tbody",null,[v("tr",null,[r[0]||(r[0]=v("th",null,"Functions",-1)),r[1]||(r[1]=T()),v("td",sW,vt(e.jit.Functions),1)]),r[4]||(r[4]=T()),r[5]||(r[5]=v("tr",null,[v("th",{colspan:"2"},"Options")],-1)),r[6]||(r[6]=T()),(k(!0),D(Vt,null,je(e.jit.Options,(i,o)=>(k(),D("tr",{key:o},[v("td",null,"  "+vt(o),1),r[2]||(r[2]=T()),v("td",oW,[T(vt(i?"✓":"✗")+" ",1),v("small",null,"("+vt(i)+")",1)])]))),128)),r[7]||(r[7]=T()),r[8]||(r[8]=v("tr",null,[v("th",{colspan:"2"},"Timing")],-1)),r[9]||(r[9]=T()),(k(!0),D(Vt,null,je(e.jit.Timing,(i,o)=>(k(),D("tr",{key:o},[v("td",null,"  "+vt(o),1),r[3]||(r[3]=T()),v("td",aW,vt(i)+" ms",1)]))),128))])]))}});var ih,sT;function lW(){if(sT)return ih;sT=1;function t(z){return z instanceof Map?z.clear=z.delete=z.set=function(){throw new Error("map is read-only")}:z instanceof Set&&(z.add=z.clear=z.delete=function(){throw new Error("set is read-only")}),Object.freeze(z),Object.getOwnPropertyNames(z).forEach(_t=>{const kt=z[_t],re=typeof kt;(re==="object"||re==="function")&&!Object.isFrozen(kt)&&t(kt)}),z}class e{constructor(_t){_t.data===void 0&&(_t.data={}),this.data=_t.data,this.isMatchIgnored=!1}ignoreMatch(){this.isMatchIgnored=!0}}function n(z){return z.replace(/&/g,"&amp;").replace(/</g,"&lt;").replace(/>/g,"&gt;").replace(/"/g,"&quot;").replace(/'/g,"&#x27;")}function r(z,..._t){const kt=Object.create(null);for(const re in z)kt[re]=z[re];return _t.forEach(function(re){for(const Pe in re)kt[Pe]=re[Pe]}),kt}const i="</span>",o=z=>!!z.scope,l=(z,{prefix:_t})=>{if(z.startsWith("language:"))return z.replace("language:","language-");if(z.includes(".")){const kt=z.split(".");return[`${_t}${kt.shift()}`,...kt.map((re,Pe)=>`${re}${"_".repeat(Pe+1)}`)].join(" ")}return`${_t}${z}`};class c{constructor(_t,kt){this.buffer="",this.classPrefix=kt.classPrefix,_t.walk(this)}addText(_t){this.buffer+=n(_t)}openNode(_t){if(!o(_t))return;const kt=l(_t.scope,{prefix:this.classPrefix});this.span(kt)}closeNode(_t){o(_t)&&(this.buffer+=i)}value(){return this.buffer}span(_t){this.buffer+=`<span class="${_t}">`}}const u=(z={})=>{const _t={children:[]};return Object.assign(_t,z),_t};class p{constructor(){this.rootNode=u(),this.stack=[this.rootNode]}get top(){return this.stack[this.stack.length-1]}get root(){return this.rootNode}add(_t){this.top.children.push(_t)}openNode(_t){const kt=u({scope:_t});this.add(kt),this.stack.push(kt)}closeNode(){if(this.stack.length>1)return this.stack.pop()}closeAllNodes(){for(;this.closeNode(););}toJSON(){return JSON.stringify(this.rootNode,null,4)}walk(_t){return this.constructor._walk(_t,this.rootNode)}static _walk(_t,kt){return typeof kt=="string"?_t.addText(kt):kt.children&&(_t.openNode(kt),kt.children.forEach(re=>this._walk(_t,re)),_t.closeNode(kt)),_t}static _collapse(_t){typeof _t!="string"&&_t.children&&(_t.children.every(kt=>typeof kt=="string")?_t.children=[_t.children.join("")]:_t.children.forEach(kt=>{p._collapse(kt)}))}}class f extends p{constructor(_t){super(),this.options=_t}addText(_t){_t!==""&&this.add(_t)}startScope(_t){this.openNode(_t)}endScope(){this.closeNode()}__addSublanguage(_t,kt){const re=_t.root;kt&&(re.scope=`language:${kt}`),this.add(re)}toHTML(){return new c(this,this.options).value()}finalize(){return this.closeAllNodes(),!0}}function E(z){return z?typeof z=="string"?z:z.source:null}function A(z){return R("(?=",z,")")}function y(z){return R("(?:",z,")*")}function B(z){return R("(?:",z,")?")}function R(...z){return z.map(kt=>E(kt)).join("")}function M(z){const _t=z[z.length-1];return typeof _t=="object"&&_t.constructor===Object?(z.splice(z.length-1,1),_t):{}}function O(...z){return"("+(M(z).capture?"":"?:")+z.map(re=>E(re)).join("|")+")"}function L(z){return new RegExp(z.toString()+"|").exec("").length-1}function G(z,_t){const kt=z&&z.exec(_t);return kt&&kt.index===0}const g=/\[(?:[^\\\]]|\\.)*\]|\(\??|\\([1-9][0-9]*)|\\./;function $(z,{joinWith:_t}){let kt=0;return z.map(re=>{kt+=1;const Pe=kt;let xe=E(re),qt="";for(;xe.length>0;){const zt=g.exec(xe);if(!zt){qt+=xe;break}qt+=xe.substring(0,zt.index),xe=xe.substring(zt.index+zt[0].length),zt[0][0]==="\\"&&zt[1]?qt+="\\"+String(Number(zt[1])+Pe):(qt+=zt[0],zt[0]==="("&&kt++)}return qt}).map(re=>`(${re})`).join(_t)}const I=/\b\B/,P="[a-zA-Z]\\w*",dt="[a-zA-Z_]\\w*",X="\\b\\d+(\\.\\d+)?",w="(-?)(\\b0[xX][a-fA-F0-9]+|(\\b\\d+(\\.\\d*)?|\\.\\d+)([eE][-+]?\\d+)?)",Z="\\b(0b[01]+)",H="!|!=|!==|%|%=|&|&&|&=|\\*|\\*=|\\+|\\+=|,|-|-=|/=|/|:|;|<<|<<=|<=|<|===|==|=|>>>=|>>=|>=|>>>|>>|>|\\?|\\[|\\{|\\(|\\^|\\^=|\\||\\|=|\\|\\||~",b=(z={})=>{const _t=/^#![ ]*\//;return z.binary&&(z.begin=R(_t,/.*\b/,z.binary,/\b.*/)),r({scope:"meta",begin:_t,end:/$/,relevance:0,"on:begin":(kt,re)=>{kt.index!==0&&re.ignoreMatch()}},z)},K={begin:"\\\\[\\s\\S]",relevance:0},ht={scope:"string",begin:"'",end:"'",illegal:"\\n",contains:[K]},tt={scope:"string",begin:'"',end:'"',illegal:"\\n",contains:[K]},ot={begin:/\b(a|an|the|are|I'm|isn't|don't|doesn't|won't|but|just|should|pretty|simply|enough|gonna|going|wtf|so|such|will|you|your|they|like|more)\b/},ft=function(z,_t,kt={}){const re=r({scope:"comment",begin:z,end:_t,contains:[]},kt);re.contains.push({scope:"doctag",begin:"[ ]*(?=(TODO|FIXME|NOTE|BUG|OPTIMIZE|HACK|XXX):)",end:/(TODO|FIXME|NOTE|BUG|OPTIMIZE|HACK|XXX):/,excludeBegin:!0,relevance:0});const Pe=O("I","a","is","so","us","to","at","if","in","it","on",/[A-Za-z]+['](d|ve|re|ll|t|s|n)/,/[A-Za-z]+[-][a-z]+/,/[A-Za-z][a-z]{2,}/);return re.contains.push({begin:R(/[ ]+/,"(",Pe,/[.]?[:]?([.][ ]|[ ])/,"){3}")}),re},yt=ft("//","$"),Lt=ft("/\\*","\\*/"),lt=ft("#","$"),j={scope:"number",begin:X,relevance:0},U={scope:"number",begin:w,relevance:0},J={scope:"number",begin:Z,relevance:0},C={scope:"regexp",begin:/\/(?=[^/\n]*\/)/,end:/\/[gimuy]*/,contains:[K,{begin:/\[/,end:/\]/,relevance:0,contains:[K]}]},At={scope:"title",begin:P,relevance:0},$t={scope:"title",begin:dt,relevance:0},ne={begin:"\\.\\s*"+dt,relevance:0};var we=Object.freeze({__proto__:null,APOS_STRING_MODE:ht,BACKSLASH_ESCAPE:K,BINARY_NUMBER_MODE:J,BINARY_NUMBER_RE:Z,COMMENT:ft,C_BLOCK_COMMENT_MODE:Lt,C_LINE_COMMENT_MODE:yt,C_NUMBER_MODE:U,C_NUMBER_RE:w,END_SAME_AS_BEGIN:function(z){return Object.assign(z,{"on:begin":(_t,kt)=>{kt.data._beginMatch=_t[1]},"on:end":(_t,kt)=>{kt.data._beginMatch!==_t[1]&&kt.ignoreMatch()}})},HASH_COMMENT_MODE:lt,IDENT_RE:P,MATCH_NOTHING_RE:I,METHOD_GUARD:ne,NUMBER_MODE:j,NUMBER_RE:X,PHRASAL_WORDS_MODE:ot,QUOTE_STRING_MODE:tt,REGEXP_MODE:C,RE_STARTERS_RE:H,SHEBANG:b,TITLE_MODE:At,UNDERSCORE_IDENT_RE:dt,UNDERSCORE_TITLE_MODE:$t});function ln(z,_t){z.input[z.index-1]==="."&&_t.ignoreMatch()}function V(z,_t){z.className!==void 0&&(z.scope=z.className,delete z.className)}function Y(z,_t){_t&&z.beginKeywords&&(z.begin="\\b("+z.beginKeywords.split(" ").join("|")+")(?!\\.)(?=\\b|\\s)",z.__beforeBegin=ln,z.keywords=z.keywords||z.beginKeywords,delete z.beginKeywords,z.relevance===void 0&&(z.relevance=0))}function st(z,_t){Array.isArray(z.illegal)&&(z.illegal=O(...z.illegal))}function bt(z,_t){if(z.match){if(z.begin||z.end)throw new Error("begin & end are not supported with match");z.begin=z.match,delete z.match}}function Tt(z,_t){z.relevance===void 0&&(z.relevance=1)}const gt=(z,_t)=>{if(!z.beforeMatch)return;if(z.starts)throw new Error("beforeMatch cannot be used with starts");const kt=Object.assign({},z);Object.keys(z).forEach(re=>{delete z[re]}),z.keywords=kt.keywords,z.begin=R(kt.beforeMatch,A(kt.begin)),z.starts={relevance:0,contains:[Object.assign(kt,{endsParent:!0})]},z.relevance=0,delete kt.beforeMatch},rt=["of","and","for","in","not","or","if","then","parent","list","value"],at="keyword";function mt(z,_t,kt=at){const re=Object.create(null);return typeof z=="string"?Pe(kt,z.split(" ")):Array.isArray(z)?Pe(kt,z):Object.keys(z).forEach(function(xe){Object.assign(re,mt(z[xe],_t,xe))}),re;function Pe(xe,qt){_t&&(qt=qt.map(zt=>zt.toLowerCase())),qt.forEach(function(zt){const ue=zt.split("|");re[ue[0]]=[xe,pt(ue[0],ue[1])]})}}function pt(z,_t){return _t?Number(_t):Mt(z)?0:1}function Mt(z){return rt.includes(z.toLowerCase())}const xt={},Ut=z=>{console.error(z)},Yt=(z,..._t)=>{console.log(`WARN: ${z}`,..._t)},te=(z,_t)=>{xt[`${z}/${_t}`]||(console.log(`Deprecated as of ${z}. ${_t}`),xt[`${z}/${_t}`]=!0)},fe=new Error;function ce(z,_t,{key:kt}){let re=0;const Pe=z[kt],xe={},qt={};for(let zt=1;zt<=_t.length;zt++)qt[zt+re]=Pe[zt],xe[zt+re]=!0,re+=L(_t[zt-1]);z[kt]=qt,z[kt]._emit=xe,z[kt]._multi=!0}function cn(z){if(Array.isArray(z.begin)){if(z.skip||z.excludeBegin||z.returnBegin)throw Ut("skip, excludeBegin, returnBegin not compatible with beginScope: {}"),fe;if(typeof z.beginScope!="object"||z.beginScope===null)throw Ut("beginScope must be object"),fe;ce(z,z.begin,{key:"beginScope"}),z.begin=$(z.begin,{joinWith:""})}}function nn(z){if(Array.isArray(z.end)){if(z.skip||z.excludeEnd||z.returnEnd)throw Ut("skip, excludeEnd, returnEnd not compatible with endScope: {}"),fe;if(typeof z.endScope!="object"||z.endScope===null)throw Ut("endScope must be object"),fe;ce(z,z.end,{key:"endScope"}),z.end=$(z.end,{joinWith:""})}}function gn(z){z.scope&&typeof z.scope=="object"&&z.scope!==null&&(z.beginScope=z.scope,delete z.scope)}function Tn(z){gn(z),typeof z.beginScope=="string"&&(z.beginScope={_wrap:z.beginScope}),typeof z.endScope=="string"&&(z.endScope={_wrap:z.endScope}),cn(z),nn(z)}function $n(z){function _t(qt,zt){return new RegExp(E(qt),"m"+(z.case_insensitive?"i":"")+(z.unicodeRegex?"u":"")+(zt?"g":""))}class kt{constructor(){this.matchIndexes={},this.regexes=[],this.matchAt=1,this.position=0}addRule(zt,ue){ue.position=this.position++,this.matchIndexes[this.matchAt]=ue,this.regexes.push([ue,zt]),this.matchAt+=L(zt)+1}compile(){this.regexes.length===0&&(this.exec=()=>null);const zt=this.regexes.map(ue=>ue[1]);this.matcherRe=_t($(zt,{joinWith:"|"}),!0),this.lastIndex=0}exec(zt){this.matcherRe.lastIndex=this.lastIndex;const ue=this.matcherRe.exec(zt);if(!ue)return null;const dn=ue.findIndex((Hs,Va)=>Va>0&&Hs!==void 0),fn=this.matchIndexes[dn];return ue.splice(0,dn),Object.assign(ue,fn)}}class re{constructor(){this.rules=[],this.multiRegexes=[],this.count=0,this.lastIndex=0,this.regexIndex=0}getMatcher(zt){if(this.multiRegexes[zt])return this.multiRegexes[zt];const ue=new kt;return this.rules.slice(zt).forEach(([dn,fn])=>ue.addRule(dn,fn)),ue.compile(),this.multiRegexes[zt]=ue,ue}resumingScanAtSamePosition(){return this.regexIndex!==0}considerAll(){this.regexIndex=0}addRule(zt,ue){this.rules.push([zt,ue]),ue.type==="begin"&&this.count++}exec(zt){const ue=this.getMatcher(this.regexIndex);ue.lastIndex=this.lastIndex;let dn=ue.exec(zt);if(this.resumingScanAtSamePosition()&&!(dn&&dn.index===this.lastIndex)){const fn=this.getMatcher(0);fn.lastIndex=this.lastIndex+1,dn=fn.exec(zt)}return dn&&(this.regexIndex+=dn.position+1,this.regexIndex===this.count&&this.considerAll()),dn}}function Pe(qt){const zt=new re;return qt.contains.forEach(ue=>zt.addRule(ue.begin,{rule:ue,type:"begin"})),qt.terminatorEnd&&zt.addRule(qt.terminatorEnd,{type:"end"}),qt.illegal&&zt.addRule(qt.illegal,{type:"illegal"}),zt}function xe(qt,zt){const ue=qt;if(qt.isCompiled)return ue;[V,bt,Tn,gt].forEach(fn=>fn(qt,zt)),z.compilerExtensions.forEach(fn=>fn(qt,zt)),qt.__beforeBegin=null,[Y,st,Tt].forEach(fn=>fn(qt,zt)),qt.isCompiled=!0;let dn=null;return typeof qt.keywords=="object"&&qt.keywords.$pattern&&(qt.keywords=Object.assign({},qt.keywords),dn=qt.keywords.$pattern,delete qt.keywords.$pattern),dn=dn||/\w+/,qt.keywords&&(qt.keywords=mt(qt.keywords,z.case_insensitive)),ue.keywordPatternRe=_t(dn,!0),zt&&(qt.begin||(qt.begin=/\B|\b/),ue.beginRe=_t(ue.begin),!qt.end&&!qt.endsWithParent&&(qt.end=/\B|\b/),qt.end&&(ue.endRe=_t(ue.end)),ue.terminatorEnd=E(ue.end)||"",qt.endsWithParent&&zt.terminatorEnd&&(ue.terminatorEnd+=(qt.end?"|":"")+zt.terminatorEnd)),qt.illegal&&(ue.illegalRe=_t(qt.illegal)),qt.contains||(qt.contains=[]),qt.contains=[].concat(...qt.contains.map(function(fn){return ct(fn==="self"?qt:fn)})),qt.contains.forEach(function(fn){xe(fn,ue)}),qt.starts&&xe(qt.starts,zt),ue.matcher=Pe(ue),ue}if(z.compilerExtensions||(z.compilerExtensions=[]),z.contains&&z.contains.includes("self"))throw new Error("ERR: contains `self` is not supported at the top-level of a language.  See documentation.");return z.classNameAliases=r(z.classNameAliases||{}),xe(z)}function W(z){return z?z.endsWithParent||W(z.starts):!1}function ct(z){return z.variants&&!z.cachedVariants&&(z.cachedVariants=z.variants.map(function(_t){return r(z,{variants:null},_t)})),z.cachedVariants?z.cachedVariants:W(z)?r(z,{starts:z.starts?r(z.starts):null}):Object.isFrozen(z)?r(z):z}var Ot="11.11.1";class Gt extends Error{constructor(_t,kt){super(_t),this.name="HTMLInjectionError",this.html=kt}}const Ft=n,Oe=r,We=Symbol("nomatch"),Rn=7,zr=function(z){const _t=Object.create(null),kt=Object.create(null),re=[];let Pe=!0;const xe="Could not find the language '{}', did you forget to load/include a language module?",qt={disableAutodetect:!0,name:"Plain text",contains:[]};let zt={ignoreUnescapedHTML:!1,throwUnescapedHTML:!1,noHighlightRe:/^(no-?highlight)$/i,languageDetectRe:/\blang(?:uage)?-([\w-]+)\b/i,classPrefix:"hljs-",cssSelector:"pre code",languages:null,__emitter:f};function ue(Bt){return zt.noHighlightRe.test(Bt)}function dn(Bt){let Zt=Bt.className+" ";Zt+=Bt.parentNode?Bt.parentNode.className:"";const Ae=zt.languageDetectRe.exec(Zt);if(Ae){const Ge=ai(Ae[1]);return Ge||(Yt(xe.replace("{}",Ae[1])),Yt("Falling back to no-highlight mode for this block.",Bt)),Ge?Ae[1]:"no-highlight"}return Zt.split(/\s+/).find(Ge=>ue(Ge)||ai(Ge))}function fn(Bt,Zt,Ae){let Ge="",hn="";typeof Zt=="object"?(Ge=Bt,Ae=Zt.ignoreIllegals,hn=Zt.language):(te("10.7.0","highlight(lang, code, ...args) has been deprecated."),te("10.7.0",`Please use highlight(code, options) instead.
https://github.com/highlightjs/highlight.js/issues/2277`),hn=Bt,Ge=Zt),Ae===void 0&&(Ae=!0);const cr={code:Ge,language:hn};ko("before:highlight",cr);const Gr=cr.result?cr.result:Hs(cr.language,cr.code,Ae);return Gr.code=cr.code,ko("after:highlight",Gr),Gr}function Hs(Bt,Zt,Ae,Ge){const hn=Object.create(null);function cr(Ht,Jt){return Ht.keywords[Jt]}function Gr(){if(!oe.keywords){vn.addText(Ke);return}let Ht=0;oe.keywordPatternRe.lastIndex=0;let Jt=oe.keywordPatternRe.exec(Ke),Ee="";for(;Jt;){Ee+=Ke.substring(Ht,Jt.index);const Ie=ur.case_insensitive?Jt[0].toLowerCase():Jt[0],bn=cr(oe,Ie);if(bn){const[Kr,ff]=bn;if(vn.addText(Ee),Ee="",hn[Ie]=(hn[Ie]||0)+1,hn[Ie]<=Rn&&(Vs+=ff),Kr.startsWith("_"))Ee+=Jt[0];else{const pf=ur.classNameAliases[Kr]||Kr;Jn(Jt[0],pf)}}else Ee+=Jt[0];Ht=oe.keywordPatternRe.lastIndex,Jt=oe.keywordPatternRe.exec(Ke)}Ee+=Ke.substring(Ht),vn.addText(Ee)}function Us(){if(Ke==="")return;let Ht=null;if(typeof oe.subLanguage=="string"){if(!_t[oe.subLanguage]){vn.addText(Ke);return}Ht=Hs(oe.subLanguage,Ke,!0,Ya[oe.subLanguage]),Ya[oe.subLanguage]=Ht._top}else Ht=za(Ke,oe.subLanguage.length?oe.subLanguage:null);oe.relevance>0&&(Vs+=Ht.relevance),vn.__addSublanguage(Ht._emitter,Ht.language)}function In(){oe.subLanguage!=null?Us():Gr(),Ke=""}function Jn(Ht,Jt){Ht!==""&&(vn.startScope(Jt),vn.addText(Ht),vn.endScope())}function hc(Ht,Jt){let Ee=1;const Ie=Jt.length-1;for(;Ee<=Ie;){if(!Ht._emit[Ee]){Ee++;continue}const bn=ur.classNameAliases[Ht[Ee]]||Ht[Ee],Kr=Jt[Ee];bn?Jn(Kr,bn):(Ke=Kr,Gr(),Ke=""),Ee++}}function Ka(Ht,Jt){return Ht.scope&&typeof Ht.scope=="string"&&vn.openNode(ur.classNameAliases[Ht.scope]||Ht.scope),Ht.beginScope&&(Ht.beginScope._wrap?(Jn(Ke,ur.classNameAliases[Ht.beginScope._wrap]||Ht.beginScope._wrap),Ke=""):Ht.beginScope._multi&&(hc(Ht.beginScope,Jt),Ke="")),oe=Object.create(Ht,{parent:{value:oe}}),oe}function $s(Ht,Jt,Ee){let Ie=G(Ht.endRe,Ee);if(Ie){if(Ht["on:end"]){const bn=new e(Ht);Ht["on:end"](Jt,bn),bn.isMatchIgnored&&(Ie=!1)}if(Ie){for(;Ht.endsParent&&Ht.parent;)Ht=Ht.parent;return Ht}}if(Ht.endsWithParent)return $s(Ht.parent,Jt,Ee)}function mc(Ht){return oe.matcher.regexIndex===0?(Ke+=Ht[0],1):(Po=!0,0)}function df(Ht){const Jt=Ht[0],Ee=Ht.rule,Ie=new e(Ee),bn=[Ee.__beforeBegin,Ee["on:begin"]];for(const Kr of bn)if(Kr&&(Kr(Ht,Ie),Ie.isMatchIgnored))return mc(Jt);return Ee.skip?Ke+=Jt:(Ee.excludeBegin&&(Ke+=Jt),In(),!Ee.returnBegin&&!Ee.excludeBegin&&(Ke=Jt)),Ka(Ee,Ht),Ee.returnBegin?0:Jt.length}function _c(Ht){const Jt=Ht[0],Ee=Zt.substring(Ht.index),Ie=$s(oe,Ht,Ee);if(!Ie)return We;const bn=oe;oe.endScope&&oe.endScope._wrap?(In(),Jn(Jt,oe.endScope._wrap)):oe.endScope&&oe.endScope._multi?(In(),hc(oe.endScope,Ht)):bn.skip?Ke+=Jt:(bn.returnEnd||bn.excludeEnd||(Ke+=Jt),In(),bn.excludeEnd&&(Ke=Jt));do oe.scope&&vn.closeNode(),!oe.skip&&!oe.subLanguage&&(Vs+=oe.relevance),oe=oe.parent;while(oe!==Ie.parent);return Ie.starts&&Ka(Ie.starts,Ht),bn.returnEnd?0:Jt.length}function Ec(){const Ht=[];for(let Jt=oe;Jt!==ur;Jt=Jt.parent)Jt.scope&&Ht.unshift(Jt.scope);Ht.forEach(Jt=>vn.openNode(Jt))}let os={};function gc(Ht,Jt){const Ee=Jt&&Jt[0];if(Ke+=Ht,Ee==null)return In(),0;if(os.type==="begin"&&Jt.type==="end"&&os.index===Jt.index&&Ee===""){if(Ke+=Zt.slice(Jt.index,Jt.index+1),!Pe){const Ie=new Error(`0 width match regex (${Bt})`);throw Ie.languageName=Bt,Ie.badRule=os.rule,Ie}return 1}if(os=Jt,Jt.type==="begin")return df(Jt);if(Jt.type==="illegal"&&!Ae){const Ie=new Error('Illegal lexeme "'+Ee+'" for mode "'+(oe.scope||"<unnamed>")+'"');throw Ie.mode=oe,Ie}else if(Jt.type==="end"){const Ie=_c(Jt);if(Ie!==We)return Ie}if(Jt.type==="illegal"&&Ee==="")return Ke+=`
`,1;if(Bo>1e5&&Bo>Jt.index*3)throw new Error("potential infinite loop, way more iterations than matches");return Ke+=Ee,Ee.length}const ur=ai(Bt);if(!ur)throw Ut(xe.replace("{}",Bt)),new Error('Unknown language: "'+Bt+'"');const Xa=$n(ur);let Fs="",oe=Ge||Xa;const Ya={},vn=new zt.__emitter(zt);Ec();let Ke="",Vs=0,li=0,Bo=0,Po=!1;try{if(ur.__emitTokens)ur.__emitTokens(Zt,vn);else{for(oe.matcher.considerAll();;){Bo++,Po?Po=!1:oe.matcher.considerAll(),oe.matcher.lastIndex=li;const Ht=oe.matcher.exec(Zt);if(!Ht)break;const Jt=Zt.substring(li,Ht.index),Ee=gc(Jt,Ht);li=Ht.index+Ee}gc(Zt.substring(li))}return vn.finalize(),Fs=vn.toHTML(),{language:Bt,value:Fs,relevance:Vs,illegal:!1,_emitter:vn,_top:oe}}catch(Ht){if(Ht.message&&Ht.message.includes("Illegal"))return{language:Bt,value:Ft(Zt),illegal:!0,relevance:0,_illegalBy:{message:Ht.message,index:li,context:Zt.slice(li-100,li+100),mode:Ht.mode,resultSoFar:Fs},_emitter:vn};if(Pe)return{language:Bt,value:Ft(Zt),illegal:!1,relevance:0,errorRaised:Ht,_emitter:vn,_top:oe};throw Ht}}function Va(Bt){const Zt={value:Ft(Bt),illegal:!1,relevance:0,_top:qt,_emitter:new zt.__emitter(zt)};return Zt._emitter.addText(Bt),Zt}function za(Bt,Zt){Zt=Zt||zt.languages||Object.keys(_t);const Ae=Va(Bt),Ge=Zt.filter(ai).filter(fc).map(In=>Hs(In,Bt,!1));Ge.unshift(Ae);const hn=Ge.sort((In,Jn)=>{if(In.relevance!==Jn.relevance)return Jn.relevance-In.relevance;if(In.language&&Jn.language){if(ai(In.language).supersetOf===Jn.language)return 1;if(ai(Jn.language).supersetOf===In.language)return-1}return 0}),[cr,Gr]=hn,Us=cr;return Us.secondBest=Gr,Us}function nf(Bt,Zt,Ae){const Ge=Zt&&kt[Zt]||Ae;Bt.classList.add("hljs"),Bt.classList.add(`language-${Ge}`)}function Ga(Bt){let Zt=null;const Ae=dn(Bt);if(ue(Ae))return;if(ko("before:highlightElement",{el:Bt,language:Ae}),Bt.dataset.highlighted){console.log("Element previously highlighted. To highlight again, first unset `dataset.highlighted`.",Bt);return}if(Bt.children.length>0&&(zt.ignoreUnescapedHTML||(console.warn("One of your code blocks includes unescaped HTML. This is a potentially serious security risk."),console.warn("https://github.com/highlightjs/highlight.js/wiki/security"),console.warn("The element with unescaped HTML:"),console.warn(Bt)),zt.throwUnescapedHTML))throw new Gt("One of your code blocks includes unescaped HTML.",Bt.innerHTML);Zt=Bt;const Ge=Zt.textContent,hn=Ae?fn(Ge,{language:Ae,ignoreIllegals:!0}):za(Ge);Bt.innerHTML=hn.value,Bt.dataset.highlighted="yes",nf(Bt,Ae,hn.language),Bt.result={language:hn.language,re:hn.relevance,relevance:hn.relevance},hn.secondBest&&(Bt.secondBest={language:hn.secondBest.language,relevance:hn.secondBest.relevance}),ko("after:highlightElement",{el:Bt,result:hn,text:Ge})}function rf(Bt){zt=Oe(zt,Bt)}const sf=()=>{wo(),te("10.6.0","initHighlighting() deprecated.  Use highlightAll() now.")};function uc(){wo(),te("10.6.0","initHighlightingOnLoad() deprecated.  Use highlightAll() now.")}let dc=!1;function wo(){function Bt(){wo()}if(document.readyState==="loading"){dc||window.addEventListener("DOMContentLoaded",Bt,!1),dc=!0;return}document.querySelectorAll(zt.cssSelector).forEach(Ga)}function of(Bt,Zt){let Ae=null;try{Ae=Zt(z)}catch(Ge){if(Ut("Language definition for '{}' could not be registered.".replace("{}",Bt)),Pe)Ut(Ge);else throw Ge;Ae=qt}Ae.name||(Ae.name=Bt),_t[Bt]=Ae,Ae.rawDefinition=Zt.bind(null,z),Ae.aliases&&Ws(Ae.aliases,{languageName:Bt})}function af(Bt){delete _t[Bt];for(const Zt of Object.keys(kt))kt[Zt]===Bt&&delete kt[Zt]}function lf(){return Object.keys(_t)}function ai(Bt){return Bt=(Bt||"").toLowerCase(),_t[Bt]||_t[kt[Bt]]}function Ws(Bt,{languageName:Zt}){typeof Bt=="string"&&(Bt=[Bt]),Bt.forEach(Ae=>{kt[Ae.toLowerCase()]=Zt})}function fc(Bt){const Zt=ai(Bt);return Zt&&!Zt.disableAutodetect}function Io(Bt){Bt["before:highlightBlock"]&&!Bt["before:highlightElement"]&&(Bt["before:highlightElement"]=Zt=>{Bt["before:highlightBlock"](Object.assign({block:Zt.el},Zt))}),Bt["after:highlightBlock"]&&!Bt["after:highlightElement"]&&(Bt["after:highlightElement"]=Zt=>{Bt["after:highlightBlock"](Object.assign({block:Zt.el},Zt))})}function cf(Bt){Io(Bt),re.push(Bt)}function uf(Bt){const Zt=re.indexOf(Bt);Zt!==-1&&re.splice(Zt,1)}function ko(Bt,Zt){const Ae=Bt;re.forEach(function(Ge){Ge[Ae]&&Ge[Ae](Zt)})}function pc(Bt){return te("10.7.0","highlightBlock will be removed entirely in v12.0"),te("10.7.0","Please use highlightElement now."),Ga(Bt)}Object.assign(z,{highlight:fn,highlightAuto:za,highlightAll:wo,highlightElement:Ga,highlightBlock:pc,configure:rf,initHighlighting:sf,initHighlightingOnLoad:uc,registerLanguage:of,unregisterLanguage:af,listLanguages:lf,getLanguage:ai,registerAliases:Ws,autoDetection:fc,inherit:Oe,addPlugin:cf,removePlugin:uf}),z.debugMode=function(){Pe=!1},z.safeMode=function(){Pe=!0},z.versionString=Ot,z.regex={concat:R,lookahead:A,either:O,optional:B,anyNumberOfTimes:y};for(const Bt in we)typeof we[Bt]=="object"&&t(we[Bt]);return Object.assign(z,we),z},rn=zr({});return rn.newInstance=()=>zr({}),ih=rn,rn.HighlightJS=rn,rn.default=rn,ih}var cW=lW();const jd=Gd(cW);function uW(t){const e=t.COMMENT("--","$"),n="[a-zA-Z_][a-zA-Z_0-9$]*",r="\\$([a-zA-Z_]?|[a-zA-Z_][a-zA-Z_0-9]*)\\$",i="<<\\s*"+n+"\\s*>>",o="ABORT ALTER ANALYZE BEGIN CALL CHECKPOINT|10 CLOSE CLUSTER COMMENT COMMIT COPY CREATE DEALLOCATE DECLARE DELETE DISCARD DO DROP END EXECUTE EXPLAIN FETCH GRANT IMPORT INSERT LISTEN LOAD LOCK MOVE NOTIFY PREPARE REASSIGN|10 REFRESH REINDEX RELEASE RESET REVOKE ROLLBACK SAVEPOINT SECURITY SELECT SET SHOW START TRUNCATE UNLISTEN|10 UPDATE VACUUM|10 VALUES AGGREGATE COLLATION CONVERSION|10 DATABASE DEFAULT PRIVILEGES DOMAIN TRIGGER EXTENSION FOREIGN WRAPPER|10 TABLE FUNCTION GROUP LANGUAGE LARGE OBJECT MATERIALIZED VIEW OPERATOR CLASS FAMILY POLICY PUBLICATION|10 ROLE RULE SCHEMA SEQUENCE SERVER STATISTICS SUBSCRIPTION SYSTEM TABLESPACE CONFIGURATION DICTIONARY PARSER TEMPLATE TYPE USER MAPPING PREPARED ACCESS METHOD CAST AS TRANSFORM TRANSACTION OWNED TO INTO SESSION AUTHORIZATION INDEX PROCEDURE ASSERTION ALL ANALYSE AND ANY ARRAY ASC ASYMMETRIC|10 BOTH CASE CHECK COLLATE COLUMN CONCURRENTLY|10 CONSTRAINT CROSS DEFERRABLE RANGE DESC DISTINCT ELSE EXCEPT FOR FREEZE|10 FROM FULL HAVING ILIKE IN INITIALLY INNER INTERSECT IS ISNULL JOIN LATERAL LEADING LIKE LIMIT NATURAL NOT NOTNULL NULL OFFSET ON ONLY OR ORDER OUTER OVERLAPS PLACING PRIMARY REFERENCES RETURNING SIMILAR SOME SYMMETRIC TABLESAMPLE THEN TRAILING UNION UNIQUE USING VARIADIC|10 VERBOSE WHEN WHERE WINDOW WITH BY RETURNS INOUT OUT SETOF|10 IF STRICT CURRENT CONTINUE OWNER LOCATION OVER PARTITION WITHIN BETWEEN ESCAPE EXTERNAL INVOKER DEFINER WORK RENAME VERSION CONNECTION CONNECT TABLES TEMP TEMPORARY FUNCTIONS SEQUENCES TYPES SCHEMAS OPTION CASCADE RESTRICT ADD ADMIN EXISTS VALID VALIDATE ENABLE DISABLE REPLICA|10 ALWAYS PASSING COLUMNS PATH REF VALUE OVERRIDING IMMUTABLE STABLE VOLATILE BEFORE AFTER EACH ROW PROCEDURAL ROUTINE NO HANDLER VALIDATOR OPTIONS STORAGE OIDS|10 WITHOUT INHERIT DEPENDS CALLED INPUT LEAKPROOF|10 COST ROWS NOWAIT SEARCH UNTIL ENCRYPTED|10 PASSWORD CONFLICT|10 INSTEAD INHERITS CHARACTERISTICS WRITE CURSOR ALSO STATEMENT SHARE EXCLUSIVE INLINE ISOLATION REPEATABLE READ COMMITTED SERIALIZABLE UNCOMMITTED LOCAL GLOBAL SQL PROCEDURES RECURSIVE SNAPSHOT ROLLUP CUBE TRUSTED|10 INCLUDE FOLLOWING PRECEDING UNBOUNDED RANGE GROUPS UNENCRYPTED|10 SYSID FORMAT DELIMITER HEADER QUOTE ENCODING FILTER OFF FORCE_QUOTE FORCE_NOT_NULL FORCE_NULL COSTS BUFFERS TIMING SUMMARY DISABLE_PAGE_SKIPPING RESTART CYCLE GENERATED IDENTITY DEFERRED IMMEDIATE LEVEL LOGGED UNLOGGED OF NOTHING NONE EXCLUDE ATTRIBUTE USAGE ROUTINES TRUE FALSE NAN INFINITY ",l="SUPERUSER NOSUPERUSER CREATEDB NOCREATEDB CREATEROLE NOCREATEROLE INHERIT NOINHERIT LOGIN NOLOGIN REPLICATION NOREPLICATION BYPASSRLS NOBYPASSRLS ",c="ALIAS BEGIN CONSTANT DECLARE END EXCEPTION RETURN PERFORM|10 RAISE GET DIAGNOSTICS STACKED|10 FOREACH LOOP ELSIF EXIT WHILE REVERSE SLICE DEBUG LOG INFO NOTICE WARNING ASSERT OPEN ",u="BIGINT INT8 BIGSERIAL SERIAL8 BIT VARYING VARBIT BOOLEAN BOOL BOX BYTEA CHARACTER CHAR VARCHAR CIDR CIRCLE DATE DOUBLE PRECISION FLOAT8 FLOAT INET INTEGER INT INT4 INTERVAL JSON JSONB LINE LSEG|10 MACADDR MACADDR8 MONEY NUMERIC DEC DECIMAL PATH POINT POLYGON REAL FLOAT4 SMALLINT INT2 SMALLSERIAL|10 SERIAL2|10 SERIAL|10 SERIAL4|10 TEXT TIME ZONE TIMETZ|10 TIMESTAMP TIMESTAMPTZ|10 TSQUERY|10 TSVECTOR|10 TXID_SNAPSHOT|10 UUID XML NATIONAL NCHAR INT4RANGE|10 INT8RANGE|10 NUMRANGE|10 TSRANGE|10 TSTZRANGE|10 DATERANGE|10 ANYELEMENT ANYARRAY ANYNONARRAY ANYENUM ANYRANGE CSTRING INTERNAL RECORD PG_DDL_COMMAND VOID UNKNOWN OPAQUE REFCURSOR NAME OID REGPROC|10 REGPROCEDURE|10 REGOPER|10 REGOPERATOR|10 REGCLASS|10 REGTYPE|10 REGROLE|10 REGNAMESPACE|10 REGCONFIG|10 REGDICTIONARY|10 ",p=u.trim().split(" ").map(function(R){return R.split("|")[0]}).join("|"),f="CURRENT_TIME CURRENT_TIMESTAMP CURRENT_USER CURRENT_CATALOG|10 CURRENT_DATE LOCALTIME LOCALTIMESTAMP CURRENT_ROLE|10 CURRENT_SCHEMA|10 SESSION_USER PUBLIC ",E="FOUND NEW OLD TG_NAME|10 TG_WHEN|10 TG_LEVEL|10 TG_OP|10 TG_RELID|10 TG_RELNAME|10 TG_TABLE_NAME|10 TG_TABLE_SCHEMA|10 TG_NARGS|10 TG_ARGV|10 TG_EVENT|10 TG_TAG|10 ROW_COUNT RESULT_OID|10 PG_CONTEXT|10 RETURNED_SQLSTATE COLUMN_NAME CONSTRAINT_NAME PG_DATATYPE_NAME|10 MESSAGE_TEXT TABLE_NAME SCHEMA_NAME PG_EXCEPTION_DETAIL|10 PG_EXCEPTION_HINT|10 PG_EXCEPTION_CONTEXT|10 ",A="SQLSTATE SQLERRM|10 SUCCESSFUL_COMPLETION WARNING DYNAMIC_RESULT_SETS_RETURNED IMPLICIT_ZERO_BIT_PADDING NULL_VALUE_ELIMINATED_IN_SET_FUNCTION PRIVILEGE_NOT_GRANTED PRIVILEGE_NOT_REVOKED STRING_DATA_RIGHT_TRUNCATION DEPRECATED_FEATURE NO_DATA NO_ADDITIONAL_DYNAMIC_RESULT_SETS_RETURNED SQL_STATEMENT_NOT_YET_COMPLETE CONNECTION_EXCEPTION CONNECTION_DOES_NOT_EXIST CONNECTION_FAILURE SQLCLIENT_UNABLE_TO_ESTABLISH_SQLCONNECTION SQLSERVER_REJECTED_ESTABLISHMENT_OF_SQLCONNECTION TRANSACTION_RESOLUTION_UNKNOWN PROTOCOL_VIOLATION TRIGGERED_ACTION_EXCEPTION FEATURE_NOT_SUPPORTED INVALID_TRANSACTION_INITIATION LOCATOR_EXCEPTION INVALID_LOCATOR_SPECIFICATION INVALID_GRANTOR INVALID_GRANT_OPERATION INVALID_ROLE_SPECIFICATION DIAGNOSTICS_EXCEPTION STACKED_DIAGNOSTICS_ACCESSED_WITHOUT_ACTIVE_HANDLER CASE_NOT_FOUND CARDINALITY_VIOLATION DATA_EXCEPTION ARRAY_SUBSCRIPT_ERROR CHARACTER_NOT_IN_REPERTOIRE DATETIME_FIELD_OVERFLOW DIVISION_BY_ZERO ERROR_IN_ASSIGNMENT ESCAPE_CHARACTER_CONFLICT INDICATOR_OVERFLOW INTERVAL_FIELD_OVERFLOW INVALID_ARGUMENT_FOR_LOGARITHM INVALID_ARGUMENT_FOR_NTILE_FUNCTION INVALID_ARGUMENT_FOR_NTH_VALUE_FUNCTION INVALID_ARGUMENT_FOR_POWER_FUNCTION INVALID_ARGUMENT_FOR_WIDTH_BUCKET_FUNCTION INVALID_CHARACTER_VALUE_FOR_CAST INVALID_DATETIME_FORMAT INVALID_ESCAPE_CHARACTER INVALID_ESCAPE_OCTET INVALID_ESCAPE_SEQUENCE NONSTANDARD_USE_OF_ESCAPE_CHARACTER INVALID_INDICATOR_PARAMETER_VALUE INVALID_PARAMETER_VALUE INVALID_REGULAR_EXPRESSION INVALID_ROW_COUNT_IN_LIMIT_CLAUSE INVALID_ROW_COUNT_IN_RESULT_OFFSET_CLAUSE INVALID_TABLESAMPLE_ARGUMENT INVALID_TABLESAMPLE_REPEAT INVALID_TIME_ZONE_DISPLACEMENT_VALUE INVALID_USE_OF_ESCAPE_CHARACTER MOST_SPECIFIC_TYPE_MISMATCH NULL_VALUE_NOT_ALLOWED NULL_VALUE_NO_INDICATOR_PARAMETER NUMERIC_VALUE_OUT_OF_RANGE SEQUENCE_GENERATOR_LIMIT_EXCEEDED STRING_DATA_LENGTH_MISMATCH STRING_DATA_RIGHT_TRUNCATION SUBSTRING_ERROR TRIM_ERROR UNTERMINATED_C_STRING ZERO_LENGTH_CHARACTER_STRING FLOATING_POINT_EXCEPTION INVALID_TEXT_REPRESENTATION INVALID_BINARY_REPRESENTATION BAD_COPY_FILE_FORMAT UNTRANSLATABLE_CHARACTER NOT_AN_XML_DOCUMENT INVALID_XML_DOCUMENT INVALID_XML_CONTENT INVALID_XML_COMMENT INVALID_XML_PROCESSING_INSTRUCTION INTEGRITY_CONSTRAINT_VIOLATION RESTRICT_VIOLATION NOT_NULL_VIOLATION FOREIGN_KEY_VIOLATION UNIQUE_VIOLATION CHECK_VIOLATION EXCLUSION_VIOLATION INVALID_CURSOR_STATE INVALID_TRANSACTION_STATE ACTIVE_SQL_TRANSACTION BRANCH_TRANSACTION_ALREADY_ACTIVE HELD_CURSOR_REQUIRES_SAME_ISOLATION_LEVEL INAPPROPRIATE_ACCESS_MODE_FOR_BRANCH_TRANSACTION INAPPROPRIATE_ISOLATION_LEVEL_FOR_BRANCH_TRANSACTION NO_ACTIVE_SQL_TRANSACTION_FOR_BRANCH_TRANSACTION READ_ONLY_SQL_TRANSACTION SCHEMA_AND_DATA_STATEMENT_MIXING_NOT_SUPPORTED NO_ACTIVE_SQL_TRANSACTION IN_FAILED_SQL_TRANSACTION IDLE_IN_TRANSACTION_SESSION_TIMEOUT INVALID_SQL_STATEMENT_NAME TRIGGERED_DATA_CHANGE_VIOLATION INVALID_AUTHORIZATION_SPECIFICATION INVALID_PASSWORD DEPENDENT_PRIVILEGE_DESCRIPTORS_STILL_EXIST DEPENDENT_OBJECTS_STILL_EXIST INVALID_TRANSACTION_TERMINATION SQL_ROUTINE_EXCEPTION FUNCTION_EXECUTED_NO_RETURN_STATEMENT MODIFYING_SQL_DATA_NOT_PERMITTED PROHIBITED_SQL_STATEMENT_ATTEMPTED READING_SQL_DATA_NOT_PERMITTED INVALID_CURSOR_NAME EXTERNAL_ROUTINE_EXCEPTION CONTAINING_SQL_NOT_PERMITTED MODIFYING_SQL_DATA_NOT_PERMITTED PROHIBITED_SQL_STATEMENT_ATTEMPTED READING_SQL_DATA_NOT_PERMITTED EXTERNAL_ROUTINE_INVOCATION_EXCEPTION INVALID_SQLSTATE_RETURNED NULL_VALUE_NOT_ALLOWED TRIGGER_PROTOCOL_VIOLATED SRF_PROTOCOL_VIOLATED EVENT_TRIGGER_PROTOCOL_VIOLATED SAVEPOINT_EXCEPTION INVALID_SAVEPOINT_SPECIFICATION INVALID_CATALOG_NAME INVALID_SCHEMA_NAME TRANSACTION_ROLLBACK TRANSACTION_INTEGRITY_CONSTRAINT_VIOLATION SERIALIZATION_FAILURE STATEMENT_COMPLETION_UNKNOWN DEADLOCK_DETECTED SYNTAX_ERROR_OR_ACCESS_RULE_VIOLATION SYNTAX_ERROR INSUFFICIENT_PRIVILEGE CANNOT_COERCE GROUPING_ERROR WINDOWING_ERROR INVALID_RECURSION INVALID_FOREIGN_KEY INVALID_NAME NAME_TOO_LONG RESERVED_NAME DATATYPE_MISMATCH INDETERMINATE_DATATYPE COLLATION_MISMATCH INDETERMINATE_COLLATION WRONG_OBJECT_TYPE GENERATED_ALWAYS UNDEFINED_COLUMN UNDEFINED_FUNCTION UNDEFINED_TABLE UNDEFINED_PARAMETER UNDEFINED_OBJECT DUPLICATE_COLUMN DUPLICATE_CURSOR DUPLICATE_DATABASE DUPLICATE_FUNCTION DUPLICATE_PREPARED_STATEMENT DUPLICATE_SCHEMA DUPLICATE_TABLE DUPLICATE_ALIAS DUPLICATE_OBJECT AMBIGUOUS_COLUMN AMBIGUOUS_FUNCTION AMBIGUOUS_PARAMETER AMBIGUOUS_ALIAS INVALID_COLUMN_REFERENCE INVALID_COLUMN_DEFINITION INVALID_CURSOR_DEFINITION INVALID_DATABASE_DEFINITION INVALID_FUNCTION_DEFINITION INVALID_PREPARED_STATEMENT_DEFINITION INVALID_SCHEMA_DEFINITION INVALID_TABLE_DEFINITION INVALID_OBJECT_DEFINITION WITH_CHECK_OPTION_VIOLATION INSUFFICIENT_RESOURCES DISK_FULL OUT_OF_MEMORY TOO_MANY_CONNECTIONS CONFIGURATION_LIMIT_EXCEEDED PROGRAM_LIMIT_EXCEEDED STATEMENT_TOO_COMPLEX TOO_MANY_COLUMNS TOO_MANY_ARGUMENTS OBJECT_NOT_IN_PREREQUISITE_STATE OBJECT_IN_USE CANT_CHANGE_RUNTIME_PARAM LOCK_NOT_AVAILABLE OPERATOR_INTERVENTION QUERY_CANCELED ADMIN_SHUTDOWN CRASH_SHUTDOWN CANNOT_CONNECT_NOW DATABASE_DROPPED SYSTEM_ERROR IO_ERROR UNDEFINED_FILE DUPLICATE_FILE SNAPSHOT_TOO_OLD CONFIG_FILE_ERROR LOCK_FILE_EXISTS FDW_ERROR FDW_COLUMN_NAME_NOT_FOUND FDW_DYNAMIC_PARAMETER_VALUE_NEEDED FDW_FUNCTION_SEQUENCE_ERROR FDW_INCONSISTENT_DESCRIPTOR_INFORMATION FDW_INVALID_ATTRIBUTE_VALUE FDW_INVALID_COLUMN_NAME FDW_INVALID_COLUMN_NUMBER FDW_INVALID_DATA_TYPE FDW_INVALID_DATA_TYPE_DESCRIPTORS FDW_INVALID_DESCRIPTOR_FIELD_IDENTIFIER FDW_INVALID_HANDLE FDW_INVALID_OPTION_INDEX FDW_INVALID_OPTION_NAME FDW_INVALID_STRING_LENGTH_OR_BUFFER_LENGTH FDW_INVALID_STRING_FORMAT FDW_INVALID_USE_OF_NULL_POINTER FDW_TOO_MANY_HANDLES FDW_OUT_OF_MEMORY FDW_NO_SCHEMAS FDW_OPTION_NAME_NOT_FOUND FDW_REPLY_HANDLE FDW_SCHEMA_NOT_FOUND FDW_TABLE_NOT_FOUND FDW_UNABLE_TO_CREATE_EXECUTION FDW_UNABLE_TO_CREATE_REPLY FDW_UNABLE_TO_ESTABLISH_CONNECTION PLPGSQL_ERROR RAISE_EXCEPTION NO_DATA_FOUND TOO_MANY_ROWS ASSERT_FAILURE INTERNAL_ERROR DATA_CORRUPTED INDEX_CORRUPTED ",B="ARRAY_AGG AVG BIT_AND BIT_OR BOOL_AND BOOL_OR COUNT EVERY JSON_AGG JSONB_AGG JSON_OBJECT_AGG JSONB_OBJECT_AGG MAX MIN MODE STRING_AGG SUM XMLAGG CORR COVAR_POP COVAR_SAMP REGR_AVGX REGR_AVGY REGR_COUNT REGR_INTERCEPT REGR_R2 REGR_SLOPE REGR_SXX REGR_SXY REGR_SYY STDDEV STDDEV_POP STDDEV_SAMP VARIANCE VAR_POP VAR_SAMP PERCENTILE_CONT PERCENTILE_DISC ROW_NUMBER RANK DENSE_RANK PERCENT_RANK CUME_DIST NTILE LAG LEAD FIRST_VALUE LAST_VALUE NTH_VALUE NUM_NONNULLS NUM_NULLS ABS CBRT CEIL CEILING DEGREES DIV EXP FLOOR LN LOG MOD PI POWER RADIANS ROUND SCALE SIGN SQRT TRUNC WIDTH_BUCKET RANDOM SETSEED ACOS ACOSD ASIN ASIND ATAN ATAND ATAN2 ATAN2D COS COSD COT COTD SIN SIND TAN TAND BIT_LENGTH CHAR_LENGTH CHARACTER_LENGTH LOWER OCTET_LENGTH OVERLAY POSITION SUBSTRING TREAT TRIM UPPER ASCII BTRIM CHR CONCAT CONCAT_WS CONVERT CONVERT_FROM CONVERT_TO DECODE ENCODE INITCAP LEFT LENGTH LPAD LTRIM MD5 PARSE_IDENT PG_CLIENT_ENCODING QUOTE_IDENT|10 QUOTE_LITERAL|10 QUOTE_NULLABLE|10 REGEXP_MATCH REGEXP_MATCHES REGEXP_REPLACE REGEXP_SPLIT_TO_ARRAY REGEXP_SPLIT_TO_TABLE REPEAT REPLACE REVERSE RIGHT RPAD RTRIM SPLIT_PART STRPOS SUBSTR TO_ASCII TO_HEX TRANSLATE OCTET_LENGTH GET_BIT GET_BYTE SET_BIT SET_BYTE TO_CHAR TO_DATE TO_NUMBER TO_TIMESTAMP AGE CLOCK_TIMESTAMP|10 DATE_PART DATE_TRUNC ISFINITE JUSTIFY_DAYS JUSTIFY_HOURS JUSTIFY_INTERVAL MAKE_DATE MAKE_INTERVAL|10 MAKE_TIME MAKE_TIMESTAMP|10 MAKE_TIMESTAMPTZ|10 NOW STATEMENT_TIMESTAMP|10 TIMEOFDAY TRANSACTION_TIMESTAMP|10 ENUM_FIRST ENUM_LAST ENUM_RANGE AREA CENTER DIAMETER HEIGHT ISCLOSED ISOPEN NPOINTS PCLOSE POPEN RADIUS WIDTH BOX BOUND_BOX CIRCLE LINE LSEG PATH POLYGON ABBREV BROADCAST HOST HOSTMASK MASKLEN NETMASK NETWORK SET_MASKLEN TEXT INET_SAME_FAMILY INET_MERGE MACADDR8_SET7BIT ARRAY_TO_TSVECTOR GET_CURRENT_TS_CONFIG NUMNODE PLAINTO_TSQUERY PHRASETO_TSQUERY WEBSEARCH_TO_TSQUERY QUERYTREE SETWEIGHT STRIP TO_TSQUERY TO_TSVECTOR JSON_TO_TSVECTOR JSONB_TO_TSVECTOR TS_DELETE TS_FILTER TS_HEADLINE TS_RANK TS_RANK_CD TS_REWRITE TSQUERY_PHRASE TSVECTOR_TO_ARRAY TSVECTOR_UPDATE_TRIGGER TSVECTOR_UPDATE_TRIGGER_COLUMN XMLCOMMENT XMLCONCAT XMLELEMENT XMLFOREST XMLPI XMLROOT XMLEXISTS XML_IS_WELL_FORMED XML_IS_WELL_FORMED_DOCUMENT XML_IS_WELL_FORMED_CONTENT XPATH XPATH_EXISTS XMLTABLE XMLNAMESPACES TABLE_TO_XML TABLE_TO_XMLSCHEMA TABLE_TO_XML_AND_XMLSCHEMA QUERY_TO_XML QUERY_TO_XMLSCHEMA QUERY_TO_XML_AND_XMLSCHEMA CURSOR_TO_XML CURSOR_TO_XMLSCHEMA SCHEMA_TO_XML SCHEMA_TO_XMLSCHEMA SCHEMA_TO_XML_AND_XMLSCHEMA DATABASE_TO_XML DATABASE_TO_XMLSCHEMA DATABASE_TO_XML_AND_XMLSCHEMA XMLATTRIBUTES TO_JSON TO_JSONB ARRAY_TO_JSON ROW_TO_JSON JSON_BUILD_ARRAY JSONB_BUILD_ARRAY JSON_BUILD_OBJECT JSONB_BUILD_OBJECT JSON_OBJECT JSONB_OBJECT JSON_ARRAY_LENGTH JSONB_ARRAY_LENGTH JSON_EACH JSONB_EACH JSON_EACH_TEXT JSONB_EACH_TEXT JSON_EXTRACT_PATH JSONB_EXTRACT_PATH JSON_OBJECT_KEYS JSONB_OBJECT_KEYS JSON_POPULATE_RECORD JSONB_POPULATE_RECORD JSON_POPULATE_RECORDSET JSONB_POPULATE_RECORDSET JSON_ARRAY_ELEMENTS JSONB_ARRAY_ELEMENTS JSON_ARRAY_ELEMENTS_TEXT JSONB_ARRAY_ELEMENTS_TEXT JSON_TYPEOF JSONB_TYPEOF JSON_TO_RECORD JSONB_TO_RECORD JSON_TO_RECORDSET JSONB_TO_RECORDSET JSON_STRIP_NULLS JSONB_STRIP_NULLS JSONB_SET JSONB_INSERT JSONB_PRETTY CURRVAL LASTVAL NEXTVAL SETVAL COALESCE NULLIF GREATEST LEAST ARRAY_APPEND ARRAY_CAT ARRAY_NDIMS ARRAY_DIMS ARRAY_FILL ARRAY_LENGTH ARRAY_LOWER ARRAY_POSITION ARRAY_POSITIONS ARRAY_PREPEND ARRAY_REMOVE ARRAY_REPLACE ARRAY_TO_STRING ARRAY_UPPER CARDINALITY STRING_TO_ARRAY UNNEST ISEMPTY LOWER_INC UPPER_INC LOWER_INF UPPER_INF RANGE_MERGE GENERATE_SERIES GENERATE_SUBSCRIPTS CURRENT_DATABASE CURRENT_QUERY CURRENT_SCHEMA|10 CURRENT_SCHEMAS|10 INET_CLIENT_ADDR INET_CLIENT_PORT INET_SERVER_ADDR INET_SERVER_PORT ROW_SECURITY_ACTIVE FORMAT_TYPE TO_REGCLASS TO_REGPROC TO_REGPROCEDURE TO_REGOPER TO_REGOPERATOR TO_REGTYPE TO_REGNAMESPACE TO_REGROLE COL_DESCRIPTION OBJ_DESCRIPTION SHOBJ_DESCRIPTION TXID_CURRENT TXID_CURRENT_IF_ASSIGNED TXID_CURRENT_SNAPSHOT TXID_SNAPSHOT_XIP TXID_SNAPSHOT_XMAX TXID_SNAPSHOT_XMIN TXID_VISIBLE_IN_SNAPSHOT TXID_STATUS CURRENT_SETTING SET_CONFIG BRIN_SUMMARIZE_NEW_VALUES BRIN_SUMMARIZE_RANGE BRIN_DESUMMARIZE_RANGE GIN_CLEAN_PENDING_LIST SUPPRESS_REDUNDANT_UPDATES_TRIGGER LO_FROM_BYTEA LO_PUT LO_GET LO_CREAT LO_CREATE LO_UNLINK LO_IMPORT LO_EXPORT LOREAD LOWRITE GROUPING CAST ".trim().split(" ").map(function(R){return R.split("|")[0]}).join("|");return{name:"PostgreSQL",aliases:["postgres","postgresql"],supersetOf:"sql",case_insensitive:!0,keywords:{keyword:o+c+l,built_in:f+E+A},illegal:/:==|\W\s*\(\*|(^|\s)\$[a-z]|\{\{|[a-z]:\s*$|\.\.\.|TO:|DO:/,contains:[{className:"keyword",variants:[{begin:/\bTEXT\s*SEARCH\b/},{begin:/\b(PRIMARY|FOREIGN|FOR(\s+NO)?)\s+KEY\b/},{begin:/\bPARALLEL\s+(UNSAFE|RESTRICTED|SAFE)\b/},{begin:/\bSTORAGE\s+(PLAIN|EXTERNAL|EXTENDED|MAIN)\b/},{begin:/\bMATCH\s+(FULL|PARTIAL|SIMPLE)\b/},{begin:/\bNULLS\s+(FIRST|LAST)\b/},{begin:/\bEVENT\s+TRIGGER\b/},{begin:/\b(MAPPING|OR)\s+REPLACE\b/},{begin:/\b(FROM|TO)\s+(PROGRAM|STDIN|STDOUT)\b/},{begin:/\b(SHARE|EXCLUSIVE)\s+MODE\b/},{begin:/\b(LEFT|RIGHT)\s+(OUTER\s+)?JOIN\b/},{begin:/\b(FETCH|MOVE)\s+(NEXT|PRIOR|FIRST|LAST|ABSOLUTE|RELATIVE|FORWARD|BACKWARD)\b/},{begin:/\bPRESERVE\s+ROWS\b/},{begin:/\bDISCARD\s+PLANS\b/},{begin:/\bREFERENCING\s+(OLD|NEW)\b/},{begin:/\bSKIP\s+LOCKED\b/},{begin:/\bGROUPING\s+SETS\b/},{begin:/\b(BINARY|INSENSITIVE|SCROLL|NO\s+SCROLL)\s+(CURSOR|FOR)\b/},{begin:/\b(WITH|WITHOUT)\s+HOLD\b/},{begin:/\bWITH\s+(CASCADED|LOCAL)\s+CHECK\s+OPTION\b/},{begin:/\bEXCLUDE\s+(TIES|NO\s+OTHERS)\b/},{begin:/\bFORMAT\s+(TEXT|XML|JSON|YAML)\b/},{begin:/\bSET\s+((SESSION|LOCAL)\s+)?NAMES\b/},{begin:/\bIS\s+(NOT\s+)?UNKNOWN\b/},{begin:/\bSECURITY\s+LABEL\b/},{begin:/\bSTANDALONE\s+(YES|NO|NO\s+VALUE)\b/},{begin:/\bWITH\s+(NO\s+)?DATA\b/},{begin:/\b(FOREIGN|SET)\s+DATA\b/},{begin:/\bSET\s+(CATALOG|CONSTRAINTS)\b/},{begin:/\b(WITH|FOR)\s+ORDINALITY\b/},{begin:/\bIS\s+(NOT\s+)?DOCUMENT\b/},{begin:/\bXML\s+OPTION\s+(DOCUMENT|CONTENT)\b/},{begin:/\b(STRIP|PRESERVE)\s+WHITESPACE\b/},{begin:/\bNO\s+(ACTION|MAXVALUE|MINVALUE)\b/},{begin:/\bPARTITION\s+BY\s+(RANGE|LIST|HASH)\b/},{begin:/\bAT\s+TIME\s+ZONE\b/},{begin:/\bGRANTED\s+BY\b/},{begin:/\bRETURN\s+(QUERY|NEXT)\b/},{begin:/\b(ATTACH|DETACH)\s+PARTITION\b/},{begin:/\bFORCE\s+ROW\s+LEVEL\s+SECURITY\b/},{begin:/\b(INCLUDING|EXCLUDING)\s+(COMMENTS|CONSTRAINTS|DEFAULTS|IDENTITY|INDEXES|STATISTICS|STORAGE|ALL)\b/},{begin:/\bAS\s+(ASSIGNMENT|IMPLICIT|PERMISSIVE|RESTRICTIVE|ENUM|RANGE)\b/}]},{begin:/\b(FORMAT|FAMILY|VERSION)\s*\(/},{begin:/\bINCLUDE\s*\(/,keywords:"INCLUDE"},{begin:/\bRANGE(?!\s*(BETWEEN|UNBOUNDED|CURRENT|[-0-9]+))/},{begin:/\b(VERSION|OWNER|TEMPLATE|TABLESPACE|CONNECTION\s+LIMIT|PROCEDURE|RESTRICT|JOIN|PARSER|COPY|START|END|COLLATION|INPUT|ANALYZE|STORAGE|LIKE|DEFAULT|DELIMITER|ENCODING|COLUMN|CONSTRAINT|TABLE|SCHEMA)\s*=/},{begin:/\b(PG_\w+?|HAS_[A-Z_]+_PRIVILEGE)\b/,relevance:10},{begin:/\bEXTRACT\s*\(/,end:/\bFROM\b/,returnEnd:!0,keywords:{type:"CENTURY DAY DECADE DOW DOY EPOCH HOUR ISODOW ISOYEAR MICROSECONDS MILLENNIUM MILLISECONDS MINUTE MONTH QUARTER SECOND TIMEZONE TIMEZONE_HOUR TIMEZONE_MINUTE WEEK YEAR"}},{begin:/\b(XMLELEMENT|XMLPI)\s*\(\s*NAME/,keywords:{keyword:"NAME"}},{begin:/\b(XMLPARSE|XMLSERIALIZE)\s*\(\s*(DOCUMENT|CONTENT)/,keywords:{keyword:"DOCUMENT CONTENT"}},{beginKeywords:"CACHE INCREMENT MAXVALUE MINVALUE",end:t.C_NUMBER_RE,returnEnd:!0,keywords:"BY CACHE INCREMENT MAXVALUE MINVALUE"},{className:"type",begin:/\b(WITH|WITHOUT)\s+TIME\s+ZONE\b/},{className:"type",begin:/\bINTERVAL\s+(YEAR|MONTH|DAY|HOUR|MINUTE|SECOND)(\s+TO\s+(MONTH|HOUR|MINUTE|SECOND))?\b/},{begin:/\bRETURNS\s+(LANGUAGE_HANDLER|TRIGGER|EVENT_TRIGGER|FDW_HANDLER|INDEX_AM_HANDLER|TSM_HANDLER)\b/,keywords:{keyword:"RETURNS",type:"LANGUAGE_HANDLER TRIGGER EVENT_TRIGGER FDW_HANDLER INDEX_AM_HANDLER TSM_HANDLER"}},{begin:"\\b("+B+")\\s*\\("},{begin:"\\.("+p+")\\b"},{begin:"\\b("+p+")\\s+PATH\\b",keywords:{keyword:"PATH",type:u.replace("PATH ","")}},{className:"type",begin:"\\b("+p+")\\b"},{className:"string",begin:"'",end:"'",contains:[{begin:"''"}]},{className:"string",begin:"(e|E|u&|U&)'",end:"'",contains:[{begin:"\\\\."}],relevance:10},t.END_SAME_AS_BEGIN({begin:r,end:r,contains:[{subLanguage:["pgsql","perl","python","tcl","r","lua","java","php","ruby","bash","scheme","xml","json"],endsWithParent:!0}]}),{begin:'"',end:'"',contains:[{begin:'""'}]},t.C_NUMBER_MODE,t.C_BLOCK_COMMENT_MODE,e,{className:"meta",variants:[{begin:"%(ROW)?TYPE",relevance:10},{begin:"\\$\\d+"},{begin:"^#\\w",end:"$"}]},{className:"symbol",begin:i,relevance:10}]}}function dW(t){const e={className:"attr",begin:/"(\\.|[^\\"\r\n])*"(?=\s*:)/,relevance:1.01},n={match:/[{}[\],:]/,className:"punctuation",relevance:0},r=["true","false","null"],i={scope:"literal",beginKeywords:r.join(" ")};return{name:"JSON",aliases:["jsonc"],keywords:{literal:r},contains:[e,n,t.QUOTE_STRING_MODE,i,t.C_NUMBER_MODE,t.C_LINE_COMMENT_MODE,t.C_BLOCK_COMMENT_MODE],illegal:"\\S"}}jd.registerLanguage("pgsql",uW);jd.registerLanguage("json",dW);function ir(t){if(t===void 0)return"N/A";const e=[];let n=1e3*60*60*24;const r=Math.floor(t/n);r&&e.push(r+"d");let i=t%n;n/=24;const o=Math.floor(i/n);o&&e.push(o+"h"),i=i%n,n/=60;const l=Math.floor(i/n);l&&e.push(l+"m"),i=i%n,n/=60;const c=Math.floor(i/n);c&&e.push(c+"s"),i=i%n;const u=parseFloat(i.toPrecision(3));return e.push(u.toLocaleString()+"ms"),e.slice(0,2).join(" ")}function Lm(t){return t===void 0?"N/A":(t=parseFloat(t.toPrecision(3)),t.toLocaleString())}function io(t){return t===void 0?"N/A":t.toLocaleString()}function fW(t){return t===void 0?"N/A":t.toLocaleString()}function Om(t){const e=parseFloat(t.toPrecision(2)).toLocaleString();return Q.template("${f}&nbsp;&times;")({f:e})}function Yi(t){return t instanceof Array||(t=[t]),t=Q.map(t,e=>Q.escape(e.replace(/(^\(|\)$)/g,""))),t.join(", ")}function uR(t,e){return Q.map(t,n=>{let r=Q.escape(n);return e&&(r+=e.indexOf(n)!==-1?'&nbsp;<span class="text-secondary">(presort)</span>':""),r}).join(", ")}function i0(t){return Jd(t*1024)}function pW(t){return Jd(t)}function Jd(t,e=2){const r=e<0?0:e,i=["Bytes","kB","MB","GB","TB","PB","EB","ZB","YB"],o=Math.floor(Math.log(t)/Math.log(1024)),l=Q.template("${value} ${unit}"),c=parseFloat((t/Math.pow(1024,o)).toPrecision(r)).toLocaleString();return l({value:c,unit:i[o]})}function Jr(t){return t?Jd(t*8*1024):""}function Pn(t,e=!1){if(e=!!e,!t)return"";let n=t.toLocaleString();return e&&(n+=`<br><small>${Jr(t)}</small>`),n}function oT(t){return isNaN(t)?"-":Q.round(t*100)+"%"}function hW(t){return typeof t=="string"&&(t=t.split(/\s*,\s*/)),'<ul class="list-unstyled mb-0">'+Q.template("<% _.forEach(lines, function(line) { %><li><%= line %></li><% }); %>")({lines:t})+"</ul>"}function mW(t){return $l(rW,{sortGroup:t}).mount(document.createElement("div")).$el.outerHTML}function s0(t){return t?Jd(t*8*1024)+"/s":""}function _W(t){return $l(cR,{jit:t}).mount(document.createElement("div")).$el.outerHTML}function Ss(t,e){if(Q.has(Xt,t)){if(Xt[t]===xn.duration)return ir(e);if(Xt[t]===xn.boolean)return e?"yes":"no";if(Xt[t]===xn.cost)return Lm(e);if(Xt[t]===xn.rows)return io(e);if(Xt[t]===xn.loops)return fW(e);if(Xt[t]===xn.factor)return Om(e);if(Xt[t]===xn.estimateDirection)switch(e){case yn.over:return'<i class="fa fa-arrow-up"></i> over';case yn.under:return'<i class="fa fa-arrow-down"></i> under';default:return"-"}else{if(Xt[t]===xn.json)return JSON.stringify(e,null,2);if(Xt[t]===xn.bytes)return pW(e);if(Xt[t]===xn.kilobytes)return i0(e);if(Xt[t]===xn.blocks)return Pn(e,!0);if(Xt[t]===xn.list)return hW(e);if(Xt[t]===xn.sortGroups)return mW(e);if(Xt[t]===xn.transferRate)return s0(e);if(Xt[t]===xn.jit)return _W(e)}}return Q.escape(e)}function o0(t){let e;return t>90?e=4:t>40?e=3:t>10&&(e=2),e?"c-"+e:""}function EW(t){return jd.highlight(t,{language:"pgsql"}).value}function gW(t){return jd.highlight(t,{language:"json"}).value}function TW(t,e,n){let r,i,o;{const l=n*(1+e),c=2*n-l;r=sh(c,l,t+1/3),i=sh(c,l,t),o=sh(c,l,t-1/3)}return[Math.floor(r*255),Math.floor(i*255),Math.floor(o*255)]}function vW(t){const e=(100-t)*1.2/360,n=TW(e,.9,.4);return"rgb("+n[0]+","+n[1]+","+n[2]+")"}function sh(t,e,n){return n<0&&(n+=1),n>1&&(n-=1),n<1/6?t+(e-t)*6*n:n<1/2?e:n<2/3?t+(e-t)*(2/3-n)*6:t}function $a(t,e,n){const r=se(NaN),i=se(NaN),o=se(0),l=se(null),c=se(),u=se(),p=se(NaN),f=se(NaN),E=se();ks(()=>{A(),R(),M(),L(),u.value=e[_.PLANNER_ESTIMATE_DIRECTION],c.value=e[_.PLANNER_ESTIMATE_FACTOR]}),Hn(()=>n.highlightType,A);function A(){let rt;switch(n.highlightType){case Tr.DURATION:if(rt=e[_.EXCLUSIVE_DURATION],rt===void 0){l.value=null;break}o.value=Math.round(rt/t.value.planStats.maxDuration*100),l.value=ir(rt);break;case Tr.ROWS:if(rt=e[_.ACTUAL_ROWS_REVISED],rt===void 0){l.value=null;break}o.value=Math.round(rt/t.value.planStats.maxRows*100)||0,l.value=io(rt);break;case Tr.COST:if(rt=e[_.EXCLUSIVE_COST],rt===void 0){l.value=null;break}o.value=Math.round(rt/t.value.planStats.maxCost*100),l.value=Lm(rt);break}}const y=Dt(()=>vW(o.value)),B=Dt(()=>{let rt=Z.value?"Parallel ":"";return rt+=e[_.NODE_TYPE],rt});function R(){const rt=t.value.planStats.executionTime||t.value.content?.Plan?.[_.ACTUAL_TOTAL_TIME],at=e[_.EXCLUSIVE_DURATION];r.value=Q.round(at/rt*100)}function M(){const rt=t.value.content.maxTotalCost,at=e[_.EXCLUSIVE_COST];i.value=Q.round(at/rt*100)}const O=Dt(()=>{const rt=Object.keys(e).find(at=>at===_.ROWS_REMOVED_BY_FILTER_REVISED||at===_.ROWS_REMOVED_BY_JOIN_FILTER_REVISED);return Object.keys(_).find(at=>_[at]===rt)});function L(){if(O.value){const rt=e[_[O.value]];p.value=rt;const at=e[_.ACTUAL_ROWS_REVISED];f.value=Q.floor(rt/(rt+at)*100),f.value===100?E.value=">99":f.value===0?E.value="<1":E.value=f.value.toString()}}const G=Dt(()=>{let rt;const at=r.value;return at>90?rt=4:at>40?rt=3:at>10&&(rt=2),rt?"c-"+rt:!1}),g=Dt(()=>{let rt;const at=e[_.PLANNER_ESTIMATE_FACTOR];return at>1e3?rt=4:at>100?rt=3:at>10&&(rt=2),rt?"c-"+rt:!1}),$=Dt(()=>{let rt;const at=i.value;return at>90?rt=4:at>40?rt=3:at>10&&(rt=2),rt?"c-"+rt:!1}),I=Dt(()=>{let rt;const at=f.value*r.value;return at>2e3?rt=4:at>500&&(rt=3),rt?"c-"+rt:!1}),P=Dt(()=>{let rt;const at=e[_.HEAP_FETCHES]/(e[_.ACTUAL_ROWS]+(e[_.ROWS_REMOVED_BY_FILTER]||0)+(e[_.ROWS_REMOVED_BY_JOIN_FILTER]||0))*100;return at>90?rt=4:at>40?rt=3:at>0&&(rt=2),rt?"c-"+rt:!1}),dt=Dt(()=>E.value+"% of rows removed by filter"),X=Dt(()=>`Filter used:<br><pre class="mb-0" style="white-space: pre-wrap;"><code>${e[_.FILTER]}</code></pre>`),w=Dt(()=>!!t.value.planStats.executionTime&&!e[_.ACTUAL_LOOPS]),Z=Dt(()=>e[_.PARALLEL_AWARE]),H=Dt(()=>{if(console.warn("Make sure it works for workers that are not array"),e[_.WORKERS_LAUNCHED])return e[_.WORKERS_LAUNCHED];if(e[_.WORKERS_LAUNCHED_BY_GATHER])return e[_.WORKERS_LAUNCHED_BY_GATHER];const rt=e[_.WORKERS];return rt?rt.length:NaN}),b=Dt(()=>e[_.WORKERS_LAUNCHED]||e[_.WORKERS_PLANNED_BY_GATHER]),K=Dt(()=>{const rt=e[_.WORKERS_PLANNED_BY_GATHER];return[...Array(rt).keys()].slice().reverse()}),ht=Dt(()=>{switch(e[_.PLANNER_ESTIMATE_FACTOR]){case 1/0:return 100;case 1:return 0;default:return(e[_.PLANNER_ESTIMATE_FACTOR]||0)/t.value.planStats.maxEstimateFactor*100}}),tt=Dt(()=>e[_.EXCLUSIVE_SHARED_HIT_BLOCKS]/t.value.planStats.maxBlocks?.[de.shared]*100),ot=Dt(()=>e[_.EXCLUSIVE_SHARED_READ_BLOCKS]/t.value.planStats.maxBlocks?.[de.shared]*100),ft=Dt(()=>e[_.EXCLUSIVE_SHARED_DIRTIED_BLOCKS]/t.value.planStats.maxBlocks?.[de.shared]*100),yt=Dt(()=>e[_.EXCLUSIVE_SHARED_WRITTEN_BLOCKS]/t.value.planStats.maxBlocks?.[de.shared]*100),Lt=Dt(()=>e[_.EXCLUSIVE_TEMP_READ_BLOCKS]/t.value.planStats.maxBlocks?.[de.temp]*100),lt=Dt(()=>e[_.EXCLUSIVE_TEMP_WRITTEN_BLOCKS]/t.value.planStats.maxBlocks?.[de.temp]*100),j=Dt(()=>e[_.EXCLUSIVE_LOCAL_HIT_BLOCKS]/t.value.planStats.maxBlocks?.[de.local]*100),U=Dt(()=>e[_.EXCLUSIVE_LOCAL_READ_BLOCKS]/t.value.planStats.maxBlocks?.[de.local]*100),J=Dt(()=>e[_.EXCLUSIVE_LOCAL_DIRTIED_BLOCKS]/t.value.planStats.maxBlocks?.[de.local]*100),C=Dt(()=>e[_.EXCLUSIVE_LOCAL_WRITTEN_BLOCKS]/t.value.planStats.maxBlocks?.[de.local]*100),At=Dt(()=>["Duration: <br>Exclusive: ",ir(e[_.EXCLUSIVE_DURATION]),", Total: ",ir(e[_.ACTUAL_TOTAL_TIME])].join("")),$t=Dt(()=>["Rows: ",io(e[_.ACTUAL_ROWS_REVISED])].join("")),ne=Dt(()=>{const rt=e[_.PLANNER_ESTIMATE_FACTOR],at=e[_.PLANNER_ESTIMATE_DIRECTION];let mt="";if(rt===void 0||at===void 0)return"N/A";switch(at){case yn.over:mt+="Over";break;case yn.under:mt+="Under";break;default:mt+="Correctly"}return mt+=" estimated",mt+=rt!==1?" by <b>"+Om(rt)+"</b>":"",mt+="<br>",mt+=`Rows: ${io(e[_.ACTUAL_ROWS_REVISED])} `,mt+=`(${io(e[_.PLAN_ROWS_REVISED])} planned)`,mt}),He=Dt(()=>["Cost: ",io(e[_.EXCLUSIVE_COST])].join("")),we=Dt(()=>["Rows removed by filter: ",Y.value,io(p.value)].join("")),ln=Dt(()=>!!e[_.ACTUAL_ROWS_FRACTIONAL]),V=Dt(()=>e[_.ACTUAL_LOOPS]>1),Y=Dt(()=>!ln.value&&V.value?"~":""),st=Dt(()=>rt=>{let at="",mt,pt,Mt,xt;switch(rt){case de.shared:mt=e[_.EXCLUSIVE_SHARED_HIT_BLOCKS],pt=e[_.EXCLUSIVE_SHARED_READ_BLOCKS],xt=e[_.EXCLUSIVE_SHARED_DIRTIED_BLOCKS],Mt=e[_.EXCLUSIVE_SHARED_WRITTEN_BLOCKS];break;case de.temp:pt=e[_.EXCLUSIVE_TEMP_READ_BLOCKS],Mt=e[_.EXCLUSIVE_TEMP_WRITTEN_BLOCKS];break;case de.local:mt=e[_.EXCLUSIVE_LOCAL_HIT_BLOCKS],pt=e[_.EXCLUSIVE_LOCAL_READ_BLOCKS],xt=e[_.EXCLUSIVE_LOCAL_DIRTIED_BLOCKS],Mt=e[_.EXCLUSIVE_LOCAL_WRITTEN_BLOCKS];break}switch(at+='<table class="table table-dark table-sm table-borderless mb-0">',at+=mt?'<tr><td>Hit:</td><td class="text-end">'+Pn(mt,!0)+"</td></tr>":"",at+=pt?'<tr><td>Read:</td><td class="text-end">'+Pn(pt,!0)+"</td></tr>":"",at+=xt?'<tr><td>Dirtied:</td><td class="text-end">'+Pn(xt,!0)+"</td></tr>":"",at+=Mt?'<tr><td>Written:</td><td class="text-end">'+Pn(Mt,!0)+"</td></tr>":"",at+="</table>",!mt&&!pt&&!xt&&!Mt&&(at=" N/A"),rt){case de.shared:at="Shared Blocks:"+at;break;case de.temp:at="Temp Blocks:"+at;break;case de.local:at="Local Blocks:"+at;break}return at}),bt=Dt(()=>rt=>{let at='<table class="table table-dark table-sm table-borderless mb-0">';return at+=`<tr><td>${rt}:</td><td class="text-end">`,e[rt]&&(at+=`${Pn(e[rt],!0)}</td></tr>`),at}),Tt=Dt(()=>{let rt="";const at=e[_.EXCLUSIVE_IO_READ_TIME],mt=e[_.AVERAGE_IO_READ_TIME],pt=e[_.EXCLUSIVE_IO_WRITE_TIME],Mt=e[_.AVERAGE_IO_WRITE_TIME];return rt+='<table class="table table-dark table-sm table-borderless mb-0">',rt+=at?'<tr><td>Read:</td><td class="text-end">'+ir(at)+"<br><small>~"+s0(mt)+"</small></td></tr>":"",rt+=pt?'<tr><td>Write:</td><td class="text-end">'+ir(pt)+"<br><small>~"+s0(Mt)+"</small></td></tr>":"","IO "+rt}),gt=Dt(()=>`Heap Fetches: ${e[_.HEAP_FETCHES]?.toLocaleString()}`);return{barColor:y,barWidth:o,buffersByLocationTooltip:st,buffersByMetricTooltip:bt,costClass:$,costTooltip:He,durationClass:G,estimateFactorPercent:ht,estimateFactorTooltip:ne,estimationClass:g,executionTimePercent:r,filterTooltip:dt,filterDetailTooltip:X,heapFetchesClass:P,heapFetchesTooltip:gt,highlightValue:l,ioTooltip:Tt,isNeverExecuted:w,isParallelAware:Z,localDirtiedPercent:J,localHitPercent:j,localReadPercent:U,localWrittenPercent:C,nodeName:B,plannerRowEstimateDirection:u,plannerRowEstimateValue:c,rowsRemoved:p,rowsRemovedClass:I,rowsRemovedPercent:f,rowsRemovedPercentString:E,rowsRemovedProp:O,rowsRemovedTooltip:we,rowsTooltip:$t,sharedDirtiedPercent:ft,sharedHitPercent:tt,sharedReadPercent:ot,sharedWrittenPercent:yt,tempReadPercent:Lt,tempWrittenPercent:lt,tilde:Y,timeTooltip:At,workersLaunchedCount:H,workersPlannedCount:b,workersPlannedCountReversed:K}}const SW=["data-tippy-content"],AW={class:"node-index"},RW={class:"fw-normal small"},bW={class:"node-type pe-2"},LW={key:0,class:"progress rounded-0 align-items-center bg-transparent",style:{height:"5px"}},OW={key:1,class:"progress rounded-0 align-items-center bg-transparent",style:{height:"5px"}},yW={key:2,class:"progress rounded-0 align-items-center bg-transparent justify-content-center",style:{height:"10px"}},NW={class:"text-secondary small"},CW={key:1,class:"fa fa-fw d-inline-block"},xW={class:"text-secondary small"},wW={key:1,class:"fa fa-fw d-inline-block"},IW={key:3,class:"progress rounded-0 align-items-center bg-transparent",style:{height:"5px"}},kW={key:4,class:"progress rounded-0 align-items-center bg-transparent",style:{height:"5px"}},BW={key:5,class:"progress rounded-0 align-items-center bg-transparent",style:{height:"5px"}},PW={key:6,class:"progress rounded-0 align-items-center bg-transparent",style:{height:"5px"}},DW={key:7,class:"progress rounded-0 align-items-center bg-transparent",style:{height:"5px"}},MW=Xe({__name:"DiagramRow",props:{node:{},level:{},isSubplan:{type:Boolean},isLastChild:{type:Boolean},branches:{},index:{},viewOptions:{}},setup(t){const e=t,n=lr(e.node),r=lr(e.viewOptions),i=se(null),o=Le(ii),l=Le(id),c=Le(Ro);if(!c)throw new Error(`Could not resolve ${Ro.description}`);const u=Le(Kd),f=new Ua().getHelpMessage,E=Le(xo),{buffersByLocationTooltip:A,costTooltip:y,estimateFactorPercent:B,estimateFactorTooltip:R,ioTooltip:M,nodeName:O,rowsTooltip:L,timeTooltip:G}=$a(o,n,E);function g(I){let P="";switch(r.metric){case ke.time:P+=G.value;break;case ke.rows:P+=L.value;break;case ke.estimate_factor:P+=R.value;break;case ke.cost:P+=y.value;break;case ke.buffers:P+=A.value(r.buffersMetric);break;case ke.io:P+=M.value,(I[_.WORKERS_PLANNED]||I[_.WORKERS_PLANNED_BY_GATHER])&&(P+=`<br><small>${f("io timings parallel")}</small>`);break}return I[_.CTE_NAME]&&(P+="<br><em>CTE "+I[_.CTE_NAME]+"</em>"),P}const $=Le("scrollTo");return Hn(()=>l?.value,I=>{I==n.nodeId&&i.value&&$?.(i.value)}),(I,P)=>(k(),D("tr",{class:Pt(["no-focus-outline node",{selected:n.nodeId===h(l),highlight:n.nodeId===h(u)}]),"data-tippy-content":g(n),onMouseenter:P[0]||(P[0]=dt=>u.value=n.nodeId),onMouseleave:P[1]||(P[1]=dt=>u.value=void 0),onClick:P[2]||(P[2]=Me(dt=>h(c)(n.nodeId,!0),["prevent"])),ref_key:"rootEl",ref:i},[v("td",AW,[v("span",RW,"#"+vt(n.nodeId),1)]),P[17]||(P[17]=T()),v("td",bW,[wt(bm,{isSubplan:!!n[h(_).SUBPLAN_NAME],isLastChild:!!I.isLastChild,level:I.level,branches:I.branches,index:I.index,dense:""},null,8,["isSubplan","isLastChild","level","branches","index"]),T(" "+vt(h(O)),1)]),P[18]||(P[18]=T()),v("td",null,[r.metric==h(ke).time?(k(),D("div",LW,[v("div",{class:Pt(["progress-bar border-secondary bg-secondary",{"border-start":n[h(_).EXCLUSIVE_DURATION]>0}]),role:"progressbar",style:Qe([{height:"5px"},{width:n[h(_).EXCLUSIVE_DURATION]/(h(o).planStats.executionTime||h(o).content.Plan[h(_).ACTUAL_TOTAL_TIME])*100+"%"}]),"aria-valuenow":"15","aria-valuemin":"0","aria-valuemax":"100"},null,6),P[3]||(P[3]=T()),v("div",{class:"progress-bar bg-secondary-light",role:"progressbar",style:Qe([{height:"5px"},{width:(n[h(_).ACTUAL_TOTAL_TIME]-n[h(_).EXCLUSIVE_DURATION])/(h(o).planStats.executionTime||h(o).content.Plan[h(_).ACTUAL_TOTAL_TIME])*100+"%"}]),"aria-valuenow":"15","aria-valuemin":"0","aria-valuemax":"100"},null,4)])):r.metric==h(ke).rows?(k(),D("div",OW,[v("div",{class:"bg-secondary",role:"progressbar",style:Qe([{height:"5px"},{width:Math.round(n[h(_).ACTUAL_ROWS_REVISED]/h(o).planStats.maxRows*100)+"%"}]),"aria-valuenow":"15","aria-valuemin":"0","aria-valuemax":"100"},null,4)])):r.metric==h(ke).estimate_factor?(k(),D("div",yW,[v("span",NW,[n[h(_).PLANNER_ESTIMATE_DIRECTION]===h(yn).under?(k(),Be(h(Se),{key:0,"fixed-width":"",icon:h(rR)},null,8,["icon"])):(k(),D("i",CW))]),P[4]||(P[4]=T()),v("div",{class:Pt(["progress-bar",[n[h(_).PLANNER_ESTIMATE_DIRECTION]===h(yn).under?"bg-secondary":"bg-transparent"]]),role:"progressbar",style:Qe([{height:"5px"},{width:h(B)+"%"}]),"aria-valuenow":"15","aria-valuemin":"0","aria-valuemax":"100"},null,6),P[5]||(P[5]=T()),P[6]||(P[6]=v("div",{class:"progress-bar border-start bg-secondary",role:"progressbar",style:{width:"1px",height:"5px"},"aria-valuenow":"15","aria-valuemin":"0","aria-valuemax":"100"},null,-1)),P[7]||(P[7]=T()),v("div",{class:Pt(["progress-bar",[n[h(_).PLANNER_ESTIMATE_DIRECTION]===h(yn).over?"bg-secondary":"bg-transparent"]]),role:"progressbar",style:Qe([{height:"5px"},{width:h(B)+"%"}]),"aria-valuenow":"15","aria-valuemin":"0","aria-valuemax":"100"},null,6),P[8]||(P[8]=T()),v("span",xW,[n[h(_).PLANNER_ESTIMATE_DIRECTION]===h(yn).over?(k(),Be(h(Se),{key:0,"fixed-width":"",icon:h(sR)},null,8,["icon"])):(k(),D("i",wW))])])):r.metric==h(ke).cost?(k(),D("div",IW,[v("div",{class:Pt(["bg-secondary",{"border-secondary border-start":n[h(_).EXCLUSIVE_COST]>0}]),role:"progressbar",style:Qe([{height:"5px"},{width:Math.round(n[h(_).EXCLUSIVE_COST]/h(o).planStats.maxCost*100)+"%"}]),"aria-valuenow":"15","aria-valuemin":"0","aria-valuemax":"100"},null,6)])):r.metric==h(ke).buffers&&r.buffersMetric==h(de).shared&&h(o).planStats.maxBlocks?.[h(de).shared]?(k(),D("div",kW,[v("div",{class:Pt(["bg-hit",{"border-start border-hit":n[h(_).EXCLUSIVE_SHARED_HIT_BLOCKS]>0}]),role:"progressbar",style:Qe([{height:"5px"},{width:(Math.round(n[h(_).EXCLUSIVE_SHARED_HIT_BLOCKS]/h(o).planStats.maxBlocks?.[h(de).shared]*100)||0)+"%"}]),"aria-valuenow":"15","aria-valuemin":"0","aria-valuemax":"100"},null,6),P[9]||(P[9]=T()),v("div",{class:Pt(["bg-read",{"border-start border-read":n[h(_).EXCLUSIVE_SHARED_READ_BLOCKS]>0}]),role:"progressbar",style:Qe([{height:"5px"},{width:(Math.round(n[h(_).EXCLUSIVE_SHARED_READ_BLOCKS]/h(o).planStats.maxBlocks?.[h(de).shared]*100)||0)+"%"}]),"aria-valuenow":"15","aria-valuemin":"0","aria-valuemax":"100"},null,6),P[10]||(P[10]=T()),v("div",{class:Pt(["bg-dirtied",{"border-start border-dirtied":n[h(_).EXCLUSIVE_SHARED_DIRTIED_BLOCKS]>0}]),role:"progressbar",style:Qe([{height:"5px"},{width:(Math.round(n[h(_).EXCLUSIVE_SHARED_DIRTIED_BLOCKS]/h(o).planStats.maxBlocks?.[h(de).shared]*100)||0)+"%"}]),"aria-valuenow":"15","aria-valuemin":"0","aria-valuemax":"100"},null,6),P[11]||(P[11]=T()),v("div",{class:Pt(["bg-written",{"border-start border-written":n[h(_).EXCLUSIVE_SHARED_WRITTEN_BLOCKS]>0}]),role:"progressbar",style:Qe([{height:"5px"},{width:(Math.round(n[h(_).EXCLUSIVE_SHARED_WRITTEN_BLOCKS]/h(o).planStats.maxBlocks?.[h(de).shared]*100)||0)+"%"}]),"aria-valuenow":"15","aria-valuemin":"0","aria-valuemax":"100"},null,6)])):r.metric==h(ke).buffers&&r.buffersMetric==h(de).temp&&h(o).planStats.maxBlocks?.[h(de).temp]?(k(),D("div",BW,[v("div",{class:"bg-read",role:"progressbar",style:Qe([{height:"5px"},{width:(Math.round(n[h(_).EXCLUSIVE_TEMP_READ_BLOCKS]/h(o).planStats.maxBlocks?.[h(de).temp]*100)||0)+"%"}]),"aria-valuenow":"15","aria-valuemin":"0","aria-valuemax":"100"},null,4),P[12]||(P[12]=T()),v("div",{class:"bg-written",role:"progressbar",style:Qe([{width:(Math.round(n[h(_).EXCLUSIVE_TEMP_WRITTEN_BLOCKS]/h(o).planStats.maxBlocks?.[h(de).temp]*100)||0)+"%"},{height:"5px"}]),"aria-valuenow":"15","aria-valuemin":"0","aria-valuemax":"100"},null,4)])):r.metric==h(ke).buffers&&r.buffersMetric==h(de).local&&h(o).planStats.maxBlocks?.[h(de).local]?(k(),D("div",PW,[v("div",{class:"bg-hit",role:"progressbar",style:Qe([{height:"5px"},{width:(Math.round(n[h(_).EXCLUSIVE_LOCAL_HIT_BLOCKS]/h(o).planStats.maxBlocks?.[h(de).local]*100)||0)+"%"}]),"aria-valuenow":"15","aria-valuemin":"0","aria-valuemax":"100"},null,4),P[13]||(P[13]=T()),v("div",{class:"bg-read",role:"progressbar",style:Qe([{width:(Math.round(n[h(_).EXCLUSIVE_LOCAL_READ_BLOCKS]/h(o).planStats.maxBlocks?.[h(de).local]*100)||0)+"%"},{height:"5px"}]),"aria-valuenow":"15","aria-valuemin":"0","aria-valuemax":"100"},null,4),P[14]||(P[14]=T()),v("div",{class:"bg-dirtied",role:"progressbar",style:Qe([{height:"5px"},{width:(Math.round(n[h(_).EXCLUSIVE_LOCAL_DIRTIED_BLOCKS]/h(o).planStats.maxBlocks?.[h(de).local]*100)||0)+"%"}]),"aria-valuenow":"15","aria-valuemin":"0","aria-valuemax":"100"},null,4),P[15]||(P[15]=T()),v("div",{class:"bg-written",role:"progressbar",style:Qe([{height:"5px"},{width:(Math.round(n[h(_).EXCLUSIVE_LOCAL_WRITTEN_BLOCKS]/h(o).planStats?.maxBlocks?.[h(de).local]*100)||0)+"%"}]),"aria-valuenow":"15","aria-valuemin":"0","aria-valuemax":"100"},null,4)])):r.metric==h(ke).io&&(h(o).content.Plan[h(_).IO_READ_TIME]||h(o).content.Plan[h(_).IO_WRITE_TIME])?(k(),D("div",DW,[v("div",{class:"bg-read",role:"progressbar",style:Qe([{height:"5px"},{width:(Math.round(n[h(_).EXCLUSIVE_IO_READ_TIME]/h(o).planStats?.maxIo*100)||0)+"%"}]),"aria-valuenow":"15","aria-valuemin":"0","aria-valuemax":"100"},null,4),P[16]||(P[16]=T()),v("div",{class:"bg-written",role:"progressbar",style:Qe([{height:"5px"},{width:(Math.round(n[h(_).EXCLUSIVE_IO_WRITE_TIME]/h(o).planStats?.maxIo*100)||0)+"%"}]),"aria-valuenow":"15","aria-valuemin":"0","aria-valuemax":"100"},null,4)])):it("",!0)])],42,SW))}});var HW="tippy-box",dR="tippy-content",WW="tippy-backdrop",fR="tippy-arrow",pR="tippy-svg-arrow",so={passive:!0,capture:!0},hR=function(){return document.body};function oh(t,e,n){if(Array.isArray(t)){var r=t[e];return r??(Array.isArray(n)?n[e]:n)}return t}function ym(t,e){var n={}.toString.call(t);return n.indexOf("[object")===0&&n.indexOf(e+"]")>-1}function mR(t,e){return typeof t=="function"?t.apply(void 0,e):t}function aT(t,e){if(e===0)return t;var n;return function(r){clearTimeout(n),n=setTimeout(function(){t(r)},e)}}function UW(t,e){var n=Object.assign({},t);return e.forEach(function(r){delete n[r]}),n}function $W(t){return t.split(/\s+/).filter(Boolean)}function ao(t){return[].concat(t)}function lT(t,e){t.indexOf(e)===-1&&t.push(e)}function FW(t){return t.filter(function(e,n){return t.indexOf(e)===n})}function VW(t){return t.split("-")[0]}function ad(t){return[].slice.call(t)}function cT(t){return Object.keys(t).reduce(function(e,n){return t[n]!==void 0&&(e[n]=t[n]),e},{})}function ha(){return document.createElement("div")}function Qd(t){return["Element","Fragment"].some(function(e){return ym(t,e)})}function zW(t){return ym(t,"NodeList")}function GW(t){return ym(t,"MouseEvent")}function KW(t){return!!(t&&t._tippy&&t._tippy.reference===t)}function XW(t){return Qd(t)?[t]:zW(t)?ad(t):Array.isArray(t)?t:ad(document.querySelectorAll(t))}function ah(t,e){t.forEach(function(n){n&&(n.style.transitionDuration=e+"ms")})}function uT(t,e){t.forEach(function(n){n&&n.setAttribute("data-state",e)})}function YW(t){var e,n=ao(t),r=n[0];return r!=null&&(e=r.ownerDocument)!=null&&e.body?r.ownerDocument:document}function qW(t,e){var n=e.clientX,r=e.clientY;return t.every(function(i){var o=i.popperRect,l=i.popperState,c=i.props,u=c.interactiveBorder,p=VW(l.placement),f=l.modifiersData.offset;if(!f)return!0;var E=p==="bottom"?f.top.y:0,A=p==="top"?f.bottom.y:0,y=p==="right"?f.left.x:0,B=p==="left"?f.right.x:0,R=o.top-r+E>u,M=r-o.bottom-A>u,O=o.left-n+y>u,L=n-o.right-B>u;return R||M||O||L})}function lh(t,e,n){var r=e+"EventListener";["transitionend","webkitTransitionEnd"].forEach(function(i){t[r](i,n)})}function dT(t,e){for(var n=e;n;){var r;if(t.contains(n))return!0;n=n.getRootNode==null||(r=n.getRootNode())==null?void 0:r.host}return!1}var Ei={isTouch:!1},fT=0;function jW(){Ei.isTouch||(Ei.isTouch=!0,window.performance&&document.addEventListener("mousemove",_R))}function _R(){var t=performance.now();t-fT<20&&(Ei.isTouch=!1,document.removeEventListener("mousemove",_R)),fT=t}function JW(){var t=document.activeElement;if(KW(t)){var e=t._tippy;t.blur&&!e.state.isVisible&&t.blur()}}function QW(){document.addEventListener("touchstart",jW,so),window.addEventListener("blur",JW)}var ZW=typeof window<"u"&&typeof document<"u",t5=ZW?!!window.msCrypto:!1,e5={animateFill:!1,followCursor:!1,inlinePositioning:!1,sticky:!1},n5={allowHTML:!1,animation:"fade",arrow:!0,content:"",inertia:!1,maxWidth:350,role:"tooltip",theme:"",zIndex:9999},ei=Object.assign({appendTo:hR,aria:{content:"auto",expanded:"auto"},delay:0,duration:[300,250],getReferenceClientRect:null,hideOnClick:!0,ignoreAttributes:!1,interactive:!1,interactiveBorder:2,interactiveDebounce:0,moveTransition:"",offset:[0,10],onAfterUpdate:function(){},onBeforeUpdate:function(){},onCreate:function(){},onDestroy:function(){},onHidden:function(){},onHide:function(){},onMount:function(){},onShow:function(){},onShown:function(){},onTrigger:function(){},onUntrigger:function(){},onClickOutside:function(){},placement:"top",plugins:[],popperOptions:{},render:null,showOnCreate:!1,touch:!0,trigger:"mouseenter focus",triggerTarget:null},e5,n5),r5=Object.keys(ei),i5=function(e){var n=Object.keys(e);n.forEach(function(r){ei[r]=e[r]})};function ER(t){var e=t.plugins||[],n=e.reduce(function(r,i){var o=i.name,l=i.defaultValue;if(o){var c;r[o]=t[o]!==void 0?t[o]:(c=ei[o])!=null?c:l}return r},{});return Object.assign({},t,n)}function s5(t,e){var n=e?Object.keys(ER(Object.assign({},ei,{plugins:e}))):r5,r=n.reduce(function(i,o){var l=(t.getAttribute("data-tippy-"+o)||"").trim();if(!l)return i;if(o==="content")i[o]=l;else try{i[o]=JSON.parse(l)}catch{i[o]=l}return i},{});return r}function pT(t,e){var n=Object.assign({},e,{content:mR(e.content,[t])},e.ignoreAttributes?{}:s5(t,e.plugins));return n.aria=Object.assign({},ei.aria,n.aria),n.aria={expanded:n.aria.expanded==="auto"?e.interactive:n.aria.expanded,content:n.aria.content==="auto"?e.interactive?null:"describedby":n.aria.content},n}var o5=function(){return"innerHTML"};function a0(t,e){t[o5()]=e}function hT(t){var e=ha();return t===!0?e.className=fR:(e.className=pR,Qd(t)?e.appendChild(t):a0(e,t)),e}function mT(t,e){Qd(e.content)?(a0(t,""),t.appendChild(e.content)):typeof e.content!="function"&&(e.allowHTML?a0(t,e.content):t.textContent=e.content)}function l0(t){var e=t.firstElementChild,n=ad(e.children);return{box:e,content:n.find(function(r){return r.classList.contains(dR)}),arrow:n.find(function(r){return r.classList.contains(fR)||r.classList.contains(pR)}),backdrop:n.find(function(r){return r.classList.contains(WW)})}}function gR(t){var e=ha(),n=ha();n.className=HW,n.setAttribute("data-state","hidden"),n.setAttribute("tabindex","-1");var r=ha();r.className=dR,r.setAttribute("data-state","hidden"),mT(r,t.props),e.appendChild(n),n.appendChild(r),i(t.props,t.props);function i(o,l){var c=l0(e),u=c.box,p=c.content,f=c.arrow;l.theme?u.setAttribute("data-theme",l.theme):u.removeAttribute("data-theme"),typeof l.animation=="string"?u.setAttribute("data-animation",l.animation):u.removeAttribute("data-animation"),l.inertia?u.setAttribute("data-inertia",""):u.removeAttribute("data-inertia"),u.style.maxWidth=typeof l.maxWidth=="number"?l.maxWidth+"px":l.maxWidth,l.role?u.setAttribute("role",l.role):u.removeAttribute("role"),(o.content!==l.content||o.allowHTML!==l.allowHTML)&&mT(p,t.props),l.arrow?f?o.arrow!==l.arrow&&(u.removeChild(f),u.appendChild(hT(l.arrow))):u.appendChild(hT(l.arrow)):f&&u.removeChild(f)}return{popper:e,onUpdate:i}}gR.$$tippy=!0;var a5=1,vu=[],ch=[];function l5(t,e){var n=pT(t,Object.assign({},ei,ER(cT(e)))),r,i,o,l=!1,c=!1,u=!1,p=!1,f,E,A,y=[],B=aT(st,n.interactiveDebounce),R,M=a5++,O=null,L=FW(n.plugins),G={isEnabled:!0,isVisible:!1,isDestroyed:!1,isMounted:!1,isShown:!1},g={id:M,reference:t,popper:ha(),popperInstance:O,props:n,state:G,plugins:L,clearDelayTimeouts:te,setProps:fe,setContent:ce,show:cn,hide:nn,hideWithInteractivity:gn,enable:Ut,disable:Yt,unmount:Tn,destroy:$n};if(!n.render)return g;var $=n.render(g),I=$.popper,P=$.onUpdate;I.setAttribute("data-tippy-root",""),I.id="tippy-"+g.id,g.popper=I,t._tippy=g,I._tippy=g;var dt=L.map(function(W){return W.fn(g)}),X=t.hasAttribute("aria-expanded");return ln(),Lt(),ot(),ft("onCreate",[g]),n.showOnCreate&&Mt(),I.addEventListener("mouseenter",function(){g.props.interactive&&g.state.isVisible&&g.clearDelayTimeouts()}),I.addEventListener("mouseleave",function(){g.props.interactive&&g.props.trigger.indexOf("mouseenter")>=0&&K().addEventListener("mousemove",B)}),g;function w(){var W=g.props.touch;return Array.isArray(W)?W:[W,0]}function Z(){return w()[0]==="hold"}function H(){var W;return!!((W=g.props.render)!=null&&W.$$tippy)}function b(){return R||t}function K(){var W=b().parentNode;return W?YW(W):document}function ht(){return l0(I)}function tt(W){return g.state.isMounted&&!g.state.isVisible||Ei.isTouch||f&&f.type==="focus"?0:oh(g.props.delay,W?0:1,ei.delay)}function ot(W){W===void 0&&(W=!1),I.style.pointerEvents=g.props.interactive&&!W?"":"none",I.style.zIndex=""+g.props.zIndex}function ft(W,ct,Ot){if(Ot===void 0&&(Ot=!0),dt.forEach(function(Ft){Ft[W]&&Ft[W].apply(Ft,ct)}),Ot){var Gt;(Gt=g.props)[W].apply(Gt,ct)}}function yt(){var W=g.props.aria;if(W.content){var ct="aria-"+W.content,Ot=I.id,Gt=ao(g.props.triggerTarget||t);Gt.forEach(function(Ft){var Oe=Ft.getAttribute(ct);if(g.state.isVisible)Ft.setAttribute(ct,Oe?Oe+" "+Ot:Ot);else{var We=Oe&&Oe.replace(Ot,"").trim();We?Ft.setAttribute(ct,We):Ft.removeAttribute(ct)}})}}function Lt(){if(!(X||!g.props.aria.expanded)){var W=ao(g.props.triggerTarget||t);W.forEach(function(ct){g.props.interactive?ct.setAttribute("aria-expanded",g.state.isVisible&&ct===b()?"true":"false"):ct.removeAttribute("aria-expanded")})}}function lt(){K().removeEventListener("mousemove",B),vu=vu.filter(function(W){return W!==B})}function j(W){if(!(Ei.isTouch&&(u||W.type==="mousedown"))){var ct=W.composedPath&&W.composedPath()[0]||W.target;if(!(g.props.interactive&&dT(I,ct))){if(ao(g.props.triggerTarget||t).some(function(Ot){return dT(Ot,ct)})){if(Ei.isTouch||g.state.isVisible&&g.props.trigger.indexOf("click")>=0)return}else ft("onClickOutside",[g,W]);g.props.hideOnClick===!0&&(g.clearDelayTimeouts(),g.hide(),c=!0,setTimeout(function(){c=!1}),g.state.isMounted||At())}}}function U(){u=!0}function J(){u=!1}function C(){var W=K();W.addEventListener("mousedown",j,!0),W.addEventListener("touchend",j,so),W.addEventListener("touchstart",J,so),W.addEventListener("touchmove",U,so)}function At(){var W=K();W.removeEventListener("mousedown",j,!0),W.removeEventListener("touchend",j,so),W.removeEventListener("touchstart",J,so),W.removeEventListener("touchmove",U,so)}function $t(W,ct){He(W,function(){!g.state.isVisible&&I.parentNode&&I.parentNode.contains(I)&&ct()})}function ne(W,ct){He(W,ct)}function He(W,ct){var Ot=ht().box;function Gt(Ft){Ft.target===Ot&&(lh(Ot,"remove",Gt),ct())}if(W===0)return ct();lh(Ot,"remove",E),lh(Ot,"add",Gt),E=Gt}function we(W,ct,Ot){Ot===void 0&&(Ot=!1);var Gt=ao(g.props.triggerTarget||t);Gt.forEach(function(Ft){Ft.addEventListener(W,ct,Ot),y.push({node:Ft,eventType:W,handler:ct,options:Ot})})}function ln(){Z()&&(we("touchstart",Y,{passive:!0}),we("touchend",bt,{passive:!0})),$W(g.props.trigger).forEach(function(W){if(W!=="manual")switch(we(W,Y),W){case"mouseenter":we("mouseleave",bt);break;case"focus":we(t5?"focusout":"blur",Tt);break;case"focusin":we("focusout",Tt);break}})}function V(){y.forEach(function(W){var ct=W.node,Ot=W.eventType,Gt=W.handler,Ft=W.options;ct.removeEventListener(Ot,Gt,Ft)}),y=[]}function Y(W){var ct,Ot=!1;if(!(!g.state.isEnabled||gt(W)||c)){var Gt=((ct=f)==null?void 0:ct.type)==="focus";f=W,R=W.currentTarget,Lt(),!g.state.isVisible&&GW(W)&&vu.forEach(function(Ft){return Ft(W)}),W.type==="click"&&(g.props.trigger.indexOf("mouseenter")<0||l)&&g.props.hideOnClick!==!1&&g.state.isVisible?Ot=!0:Mt(W),W.type==="click"&&(l=!Ot),Ot&&!Gt&&xt(W)}}function st(W){var ct=W.target,Ot=b().contains(ct)||I.contains(ct);if(!(W.type==="mousemove"&&Ot)){var Gt=pt().concat(I).map(function(Ft){var Oe,We=Ft._tippy,Rn=(Oe=We.popperInstance)==null?void 0:Oe.state;return Rn?{popperRect:Ft.getBoundingClientRect(),popperState:Rn,props:n}:null}).filter(Boolean);qW(Gt,W)&&(lt(),xt(W))}}function bt(W){var ct=gt(W)||g.props.trigger.indexOf("click")>=0&&l;if(!ct){if(g.props.interactive){g.hideWithInteractivity(W);return}xt(W)}}function Tt(W){g.props.trigger.indexOf("focusin")<0&&W.target!==b()||g.props.interactive&&W.relatedTarget&&I.contains(W.relatedTarget)||xt(W)}function gt(W){return Ei.isTouch?Z()!==W.type.indexOf("touch")>=0:!1}function rt(){at();var W=g.props,ct=W.popperOptions,Ot=W.placement,Gt=W.offset,Ft=W.getReferenceClientRect,Oe=W.moveTransition,We=H()?l0(I).arrow:null,Rn=Ft?{getBoundingClientRect:Ft,contextElement:Ft.contextElement||b()}:t,zr={name:"$$tippy",enabled:!0,phase:"beforeWrite",requires:["computeStyles"],fn:function(_t){var kt=_t.state;if(H()){var re=ht(),Pe=re.box;["placement","reference-hidden","escaped"].forEach(function(xe){xe==="placement"?Pe.setAttribute("data-placement",kt.placement):kt.attributes.popper["data-popper-"+xe]?Pe.setAttribute("data-"+xe,""):Pe.removeAttribute("data-"+xe)}),kt.attributes.popper={}}}},rn=[{name:"offset",options:{offset:Gt}},{name:"preventOverflow",options:{padding:{top:2,bottom:2,left:5,right:5}}},{name:"flip",options:{padding:5}},{name:"computeStyles",options:{adaptive:!Oe}},zr];H()&&We&&rn.push({name:"arrow",options:{element:We,padding:3}}),rn.push.apply(rn,ct?.modifiers||[]),g.popperInstance=Bd(Rn,I,Object.assign({},ct,{placement:Ot,onFirstUpdate:A,modifiers:rn}))}function at(){g.popperInstance&&(g.popperInstance.destroy(),g.popperInstance=null)}function mt(){var W=g.props.appendTo,ct,Ot=b();g.props.interactive&&W===hR||W==="parent"?ct=Ot.parentNode:ct=mR(W,[Ot]),ct.contains(I)||ct.appendChild(I),g.state.isMounted=!0,rt()}function pt(){return ad(I.querySelectorAll("[data-tippy-root]"))}function Mt(W){g.clearDelayTimeouts(),W&&ft("onTrigger",[g,W]),C();var ct=tt(!0),Ot=w(),Gt=Ot[0],Ft=Ot[1];Ei.isTouch&&Gt==="hold"&&Ft&&(ct=Ft),ct?r=setTimeout(function(){g.show()},ct):g.show()}function xt(W){if(g.clearDelayTimeouts(),ft("onUntrigger",[g,W]),!g.state.isVisible){At();return}if(!(g.props.trigger.indexOf("mouseenter")>=0&&g.props.trigger.indexOf("click")>=0&&["mouseleave","mousemove"].indexOf(W.type)>=0&&l)){var ct=tt(!1);ct?i=setTimeout(function(){g.state.isVisible&&g.hide()},ct):o=requestAnimationFrame(function(){g.hide()})}}function Ut(){g.state.isEnabled=!0}function Yt(){g.hide(),g.state.isEnabled=!1}function te(){clearTimeout(r),clearTimeout(i),cancelAnimationFrame(o)}function fe(W){if(!g.state.isDestroyed){ft("onBeforeUpdate",[g,W]),V();var ct=g.props,Ot=pT(t,Object.assign({},ct,cT(W),{ignoreAttributes:!0}));g.props=Ot,ln(),ct.interactiveDebounce!==Ot.interactiveDebounce&&(lt(),B=aT(st,Ot.interactiveDebounce)),ct.triggerTarget&&!Ot.triggerTarget?ao(ct.triggerTarget).forEach(function(Gt){Gt.removeAttribute("aria-expanded")}):Ot.triggerTarget&&t.removeAttribute("aria-expanded"),Lt(),ot(),P&&P(ct,Ot),g.popperInstance&&(rt(),pt().forEach(function(Gt){requestAnimationFrame(Gt._tippy.popperInstance.forceUpdate)})),ft("onAfterUpdate",[g,W])}}function ce(W){g.setProps({content:W})}function cn(){var W=g.state.isVisible,ct=g.state.isDestroyed,Ot=!g.state.isEnabled,Gt=Ei.isTouch&&!g.props.touch,Ft=oh(g.props.duration,0,ei.duration);if(!(W||ct||Ot||Gt)&&!b().hasAttribute("disabled")&&(ft("onShow",[g],!1),g.props.onShow(g)!==!1)){if(g.state.isVisible=!0,H()&&(I.style.visibility="visible"),ot(),C(),g.state.isMounted||(I.style.transition="none"),H()){var Oe=ht(),We=Oe.box,Rn=Oe.content;ah([We,Rn],0)}A=function(){var rn;if(!(!g.state.isVisible||p)){if(p=!0,I.offsetHeight,I.style.transition=g.props.moveTransition,H()&&g.props.animation){var z=ht(),_t=z.box,kt=z.content;ah([_t,kt],Ft),uT([_t,kt],"visible")}yt(),Lt(),lT(ch,g),(rn=g.popperInstance)==null||rn.forceUpdate(),ft("onMount",[g]),g.props.animation&&H()&&ne(Ft,function(){g.state.isShown=!0,ft("onShown",[g])})}},mt()}}function nn(){var W=!g.state.isVisible,ct=g.state.isDestroyed,Ot=!g.state.isEnabled,Gt=oh(g.props.duration,1,ei.duration);if(!(W||ct||Ot)&&(ft("onHide",[g],!1),g.props.onHide(g)!==!1)){if(g.state.isVisible=!1,g.state.isShown=!1,p=!1,l=!1,H()&&(I.style.visibility="hidden"),lt(),At(),ot(!0),H()){var Ft=ht(),Oe=Ft.box,We=Ft.content;g.props.animation&&(ah([Oe,We],Gt),uT([Oe,We],"hidden"))}yt(),Lt(),g.props.animation?H()&&$t(Gt,g.unmount):g.unmount()}}function gn(W){K().addEventListener("mousemove",B),lT(vu,B),B(W)}function Tn(){g.state.isVisible&&g.hide(),g.state.isMounted&&(at(),pt().forEach(function(W){W._tippy.unmount()}),I.parentNode&&I.parentNode.removeChild(I),ch=ch.filter(function(W){return W!==g}),g.state.isMounted=!1,ft("onHidden",[g]))}function $n(){g.state.isDestroyed||(g.clearDelayTimeouts(),g.unmount(),V(),delete t._tippy,g.state.isDestroyed=!0,ft("onDestroy",[g]))}}function Fa(t,e){e===void 0&&(e={});var n=ei.plugins.concat(e.plugins||[]);QW();var r=Object.assign({},e,{plugins:n}),i=XW(t),o=i.reduce(function(l,c){var u=c&&l5(c,r);return u&&l.push(u),l},[]);return Qd(t)?o[0]:o}Fa.defaultProps=ei;Fa.setDefaultProps=i5;Fa.currentInput=Ei;var c5=Object.assign({},wd,{effect:function(e){var n=e.state,r={popper:{position:n.options.strategy,left:"0",top:"0",margin:"0"},arrow:{position:"absolute"},reference:{}};Object.assign(n.elements.popper.style,r.popper),n.styles=r,n.elements.arrow&&Object.assign(n.elements.arrow.style,r.arrow)}}),u5=function(e,n){var r;n===void 0&&(n={});var i=e,o=[],l=[],c,u=n.overrides,p=[],f=!1;function E(){l=i.map(function(g){return ao(g.props.triggerTarget||g.reference)}).reduce(function(g,$){return g.concat($)},[])}function A(){o=i.map(function(g){return g.reference})}function y(g){i.forEach(function($){g?$.enable():$.disable()})}function B(g){return i.map(function($){var I=$.setProps;return $.setProps=function(P){I(P),$.reference===c&&g.setProps(P)},function(){$.setProps=I}})}function R(g,$){var I=l.indexOf($);if($!==c){c=$;var P=(u||[]).concat("content").reduce(function(dt,X){return dt[X]=i[I].props[X],dt},{});g.setProps(Object.assign({},P,{getReferenceClientRect:typeof P.getReferenceClientRect=="function"?P.getReferenceClientRect:function(){var dt;return(dt=o[I])==null?void 0:dt.getBoundingClientRect()}}))}}y(!1),A(),E();var M={fn:function(){return{onDestroy:function(){y(!0)},onHidden:function(){c=null},onClickOutside:function(I){I.props.showOnCreate&&!f&&(f=!0,c=null)},onShow:function(I){I.props.showOnCreate&&!f&&(f=!0,R(I,o[0]))},onTrigger:function(I,P){R(I,P.currentTarget)}}}},O=Fa(ha(),Object.assign({},UW(n,["overrides"]),{plugins:[M].concat(n.plugins||[]),triggerTarget:l,popperOptions:Object.assign({},n.popperOptions,{modifiers:[].concat(((r=n.popperOptions)==null?void 0:r.modifiers)||[],[c5])})})),L=O.show;O.show=function(g){if(L(),!c&&g==null)return R(O,o[0]);if(!(c&&g==null)){if(typeof g=="number")return o[g]&&R(O,o[g]);if(i.indexOf(g)>=0){var $=g.reference;return R(O,$)}if(o.indexOf(g)>=0)return R(O,g)}},O.showNext=function(){var g=o[0];if(!c)return O.show(0);var $=o.indexOf(c);O.show(o[$+1]||g)},O.showPrevious=function(){var g=o[o.length-1];if(!c)return O.show(g);var $=o.indexOf(c),I=o[$-1]||g;O.show(I)};var G=O.setProps;return O.setProps=function(g){u=g.overrides||u,G(g)},O.setInstances=function(g){y(!0),p.forEach(function($){return $()}),i=g,y(!1),A(),E(),p=B(O),O.setProps({triggerTarget:l})},p=B(O),O};Fa.setDefaultProps({render:gR});const d5={class:"diagram"},f5={class:"flex-shrink-0"},p5={class:"text-center my-1"},h5={class:"btn-group btn-group-xs"},m5={key:0,class:"text-center my-1"},_5={class:"btn-group btn-group-xs"},E5=["disabled"],g5=["disabled"],T5=["disabled"],v5={class:"legend text-center"},S5={key:0,class:"list-unstyled list-inline mb-0"},A5={key:0,class:"list-inline-item"},R5={key:1,class:"list-inline-item"},b5={key:0},L5={key:0},O5=["colspan"],y5={class:"tree-lines"},N5=["onClick"],C5={key:1,class:"p-2 text-center text-secondary"},x5=Xe({__name:"Diagram",setup(t){const n=new Ua().getHelpMessage,r=Le(ii),i=se(null),o=Le(Ro);if(!o)throw new Error(`Could not resolve ${Ro.description}`);const l=Le(Kd),c=[[]];let u=[],p;const f=lr({metric:ke.time,buffersMetric:de.shared});ks(()=>{const O=localStorage.getItem("diagramViewOptions");O&&Q.assignIn(f,JSON.parse(O)),y(c[0],0,r.value.content.Plan,!0,[]),Q.each(r.value.ctes,G=>{const g=[];y(g,0,G,!0,[]),c.push(g)});const L=Q.keys(r.value.planStats.maxBlocks);Q.indexOf(L,f.buffersMetric)===-1&&(f.buffersMetric=Q.min(L))}),yo(()=>{A()}),Hn(f,E);function E(){localStorage.setItem("diagramViewOptions",JSON.stringify(f)),Ml(A)}function A(){p&&p.destroy(),Q.each(u,O=>{O.destroy()}),u=Fa(".diagram tr.node"),p=u5(u,{delay:100,allowHTML:!0})}function y(O,L,G,g,$){O.push([L,G,g,Q.concat([],$)]),g||$.push(L),Q.each(G.Plans,I=>{y(O,L+1,I,I===Q.last(G.Plans),$)}),g||$.pop()}const B=Dt(()=>f.metric===ke.buffers?!!f.buffersMetric:!0);function R(O){return Q.startsWith(O[_.SUBPLAN_NAME],"CTE")}function M(O){i.value&&KH(i.value,O)}return Yn("scrollTo",M),(O,L)=>(k(),D("div",d5,[v("div",f5,[v("div",p5,[v("div",h5,[v("button",{class:Pt(["btn btn-outline-secondary",{active:f.metric===h(ke).time}]),onClick:L[0]||(L[0]=G=>f.metric=h(ke).time)},`
            time
          `,2),L[9]||(L[9]=T()),v("button",{class:Pt(["btn btn-outline-secondary",{active:f.metric===h(ke).rows}]),onClick:L[1]||(L[1]=G=>f.metric=h(ke).rows)},`
            rows
          `,2),L[10]||(L[10]=T()),v("button",{class:Pt(["btn btn-outline-secondary",{active:f.metric===h(ke).estimate_factor}]),onClick:L[2]||(L[2]=G=>f.metric=h(ke).estimate_factor)},`
            estimation
          `,2),L[11]||(L[11]=T()),v("button",{class:Pt(["btn btn-outline-secondary",{active:f.metric===h(ke).cost}]),onClick:L[3]||(L[3]=G=>f.metric=h(ke).cost)},`
            cost
          `,2),L[12]||(L[12]=T()),v("button",{class:Pt(["btn btn-outline-secondary",{active:f.metric===h(ke).buffers}]),onClick:L[4]||(L[4]=G=>f.metric=h(ke).buffers)},`
            buffers
          `,2),L[13]||(L[13]=T()),v("button",{class:Pt(["btn btn-outline-secondary",{active:f.metric===h(ke).io}]),onClick:L[5]||(L[5]=G=>f.metric=h(ke).io)},`
            IO
          `,2)])]),L[25]||(L[25]=T()),f.metric==h(ke).buffers?(k(),D("div",m5,[v("div",_5,[v("button",{class:Pt(["btn btn-outline-secondary",{active:f.buffersMetric===h(de).shared}]),onClick:L[6]||(L[6]=G=>f.buffersMetric=h(de).shared),disabled:!h(r).planStats.maxBlocks?.[h(de).shared]},`
            shared
          `,10,E5),L[14]||(L[14]=T()),v("button",{class:Pt(["btn btn-outline-secondary",{active:f.buffersMetric===h(de).temp}]),onClick:L[7]||(L[7]=G=>f.buffersMetric=h(de).temp),disabled:!h(r).planStats.maxBlocks?.[h(de).temp]},`
            temp
          `,10,g5),L[15]||(L[15]=T()),v("button",{class:Pt(["btn btn-outline-secondary",{active:f.buffersMetric===h(de).local}]),onClick:L[8]||(L[8]=G=>f.buffersMetric=h(de).local),disabled:!h(r).planStats.maxBlocks?.[h(de).local]},`
            local
          `,10,T5)])])):it("",!0),L[26]||(L[26]=T()),v("div",v5,[f.metric==h(ke).buffers?(k(),D("ul",S5,[f.buffersMetric!=h(de).temp?(k(),D("li",A5,L[16]||(L[16]=[v("span",{class:"bg-hit rounded"},null,-1),T(`
            Hit
          `)]))):it("",!0),L[18]||(L[18]=T()),L[19]||(L[19]=v("li",{class:"list-inline-item"},[v("span",{class:"bg-read"}),T(`
            Read
          `)],-1)),L[20]||(L[20]=T()),f.buffersMetric!=h(de).temp?(k(),D("li",R5,L[17]||(L[17]=[v("span",{class:"bg-dirtied"},null,-1),T(`
            Dirtied
          `)]))):it("",!0),L[21]||(L[21]=T()),L[22]||(L[22]=v("li",{class:"list-inline-item"},[v("span",{class:"bg-written"}),T(`
            Written
          `)],-1))])):it("",!0),L[24]||(L[24]=T()),f.metric==h(ke).io?(k(),D(Vt,{key:1},[L[23]||(L[23]=y2(`<ul class="list-unstyled list-inline mb-0 d-inline-block"><li class="list-inline-item"><span class="bg-read"></span>
              Read
            </li> <li class="list-inline-item"><span class="bg-written"></span>
              Write
            </li></ul> `,2)),be(wt(h(Se),{icon:h(_o),class:"cursor-help d-inline-block text-secondary"},null,8,["icon"]),[[h(Ce),{content:h(n)("hint track_io_timing"),allowHTML:!0}]])],64)):it("",!0)])]),L[34]||(L[34]=T()),v("div",{class:"overflow-auto flex-grow-1",ref_key:"container",ref:i},[B.value?(k(),D("table",{key:0,class:Pt(["m-1",{highlight:!!h(l)}])},[(k(),D(Vt,null,je(c,(G,g)=>v("tbody",{key:g},[g===0&&c.length>1?(k(),D("tr",b5,L[27]||(L[27]=[v("th",{colspan:"3",class:"subplan"},"Main Query Plan",-1)]))):it("",!0),L[32]||(L[32]=T()),(k(!0),D(Vt,null,je(G,($,I)=>(k(),D(Vt,{key:I},[$[1][h(_).SUBPLAN_NAME]?(k(),D("tr",L5,[L[29]||(L[29]=v("td",null,null,-1)),L[30]||(L[30]=T()),v("td",{class:Pt(["subplan pe-2",{"fw-bold":R($[1])}]),colspan:R($[1])?3:2},[v("span",y5,[(k(!0),D(Vt,null,je(h(Q).range($[0]),P=>(k(),D(Vt,null,[h(Q).indexOf($[3],P)!=-1?(k(),D(Vt,{key:0},[T("│")],64)):P!==0?(k(),D(Vt,{key:1},[T(" ")],64)):it("",!0)],64))),256)),I!==0?(k(),D(Vt,{key:0},[T(vt($[2]?"└":"├"),1)],64)):it("",!0)]),L[28]||(L[28]=T()),v("a",{class:"fst-italic text-reset",href:"",onClick:Me(P=>h(o)($[1].nodeId,!0),["prevent"])},vt($[1][h(_).SUBPLAN_NAME]),9,N5)],10,O5)])):it("",!0),L[31]||(L[31]=T()),wt(MW,{node:$[1],isSubplan:!!$[1][h(_).SUBPLAN_NAME],isLastChild:!!$[2],level:$[0],branches:$[3],index:I,viewOptions:f},null,8,["node","isSubplan","isLastChild","level","branches","index","viewOptions"])],64))),128))])),64))],2)):(k(),D("div",C5,L[33]||(L[33]=[v("em",null," No data available ",-1)])))],512)]))}}),w5={class:"grid-progress progress rounded-0 bg-transparent"},Gn=Xe({__name:"GridProgressBar",props:{percentage:{},percentage2:{}},setup(t){return(e,n)=>(k(),D("div",w5,[v("div",{class:Pt(["bg-secondary border-secondary opacity-50",{"border-start":e.percentage>0}]),style:Qe({width:e.percentage+"%"})},null,6),n[0]||(n[0]=T()),e.percentage2?(k(),D("div",{key:0,class:Pt(["bg-secondary border-secondary opacity-20",{"border-start":e.percentage2>0}]),style:Qe({width:e.percentage2+"%"})},null,6)):it("",!0)]))}}),I5={class:"px-1"},k5={key:0,class:"text-warning"},B5={class:"px-1"},P5={key:0,class:"text-warning"},D5={class:"card-header"},M5={class:"list-group list-group-flush"},H5={key:0,class:"list-group-item d-flex flex-row"},W5={class:"col-6"},U5=["innerHTML"],TR=Xe({__name:"WorkersDetail",props:{node:{}},setup(t){const n=lr(t.node),r=Le(ii),i=Le(xo),l=new Ua().getHelpMessage,{workersLaunchedCount:c,workersPlannedCount:u}=$a(r,n,i);return(p,f)=>(k(),D(Vt,null,[v("div",null,[f[1]||(f[1]=v("b",null,"Workers planned: ",-1)),f[2]||(f[2]=T()),v("span",I5,vt(h(u)),1),f[3]||(f[3]=T()),!n[h(_).WORKERS_PLANNED]&&!n[h(_).WORKERS]&&(!h(r).isVerbose||!h(r).isAnalyze)?(k(),D("em",k5,[be(wt(h(Se),{icon:h(nT),class:"cursor-help"},null,8,["icon"]),[[h(Ce),h(l)("fuzzy needs verbose")]])])):it("",!0)]),f[9]||(f[9]=T()),v("div",null,[f[4]||(f[4]=v("b",null,"Workers launched: ",-1)),f[5]||(f[5]=T()),v("span",B5,vt(h(c)),1),f[6]||(f[6]=T()),!n[h(_).WORKERS_LAUNCHED]&&!n[h(_).WORKERS]&&(!h(r).isVerbose||!h(r).isAnalyze)?(k(),D("em",P5,[be(wt(h(Se),{icon:h(nT),class:"cursor-help"},null,8,["icon"]),[[h(Ce),h(l)("fuzzy needs verbose")]])])):it("",!0)]),f[10]||(f[10]=T()),h(Q).isArray(n[h(_).WORKERS])?(k(),D("div",{key:0,class:"overflow-auto",style:{"max-height":"300px"},onWheel:f[0]||(f[0]=Me(()=>{},["stop"]))},[(k(!0),D(Vt,null,je(n[h(_).WORKERS],(E,A)=>(k(),D("div",{key:A,class:"card mt-2"},[v("div",D5,[v("b",null,"Worker "+vt(E[h(qd).WORKER_NUMBER]),1)]),f[8]||(f[8]=T()),v("ul",M5,[(k(!0),D(Vt,null,je(E,(y,B)=>(k(),D(Vt,{key:B},[h(lR)(B,y)?(k(),D("li",H5,[v("div",W5,vt(B),1),f[7]||(f[7]=T()),v("div",{class:"col-6",innerHTML:h(Ss)(B,y)},null,8,U5)])):it("",!0)],64))),128))])]))),128))],32)):it("",!0)],64))}}),$5={class:"table table-sm prop-list mb-0"},F5={key:0},V5={width:"40%"},z5=["innerHTML"],vR=Xe({__name:"MiscDetail",props:{node:{}},setup(t){const e=se(),r=lr(t.node);ks(()=>{i()});function i(){e.value=Q.chain(r).omit(_.PLANS).omit(_.WORKERS).map((o,l)=>({key:l,value:o})).value()}return(o,l)=>(k(),D(Vt,null,[v("table",$5,[(k(!0),D(Vt,null,je(e.value,(c,u)=>(k(),D(Vt,{key:u},[h(lR)(c.key,c.value)?(k(),D("tr",F5,[v("td",V5,vt(c.key),1),l[0]||(l[0]=T()),v("td",{innerHTML:h(Ss)(c.key,c.value)},null,8,z5)])):it("",!0)],64))),128))]),l[1]||(l[1]=T()),l[2]||(l[2]=v("div",{class:"text-secondary text-end"},[v("em",null,"* Calculated value")],-1))],64))}}),G5={height:"1em",width:"1em",viewBox:"0 0 20 20",class:"me-1",style:{"margin-left":"-8px"}},ml=Xe({__name:"SeverityBullet",props:["severity"],setup(t){return(e,n)=>(k(),D("svg",G5,[v("circle",{r:"7",cx:"10",cy:"10",class:Pt(t.severity),stroke:"white","stroke-width":"1"},null,2)]))}}),K5={class:"node-index text-secondary"},X5=["href"],Y5={class:"font-weight-normal small"},q5={key:0,class:"text-end grid-progress-cell text-nowrap"},j5={class:"position-relative d-flex"},J5={class:"flex-grow-1"},Q5={key:0,class:"small text-body-secondary"},Z5={key:1,class:"text-end grid-progress-cell text-nowrap"},t8={class:"position-relative"},e8={key:2,class:"text-end grid-progress-cell text-nowrap"},n8={key:0},r8={key:0,class:"position-relative d-flex"},i8={class:"flex-grow-1"},s8=["innerHTML"],o8={key:0},a8={key:1},l8={key:1,class:"small text-body-secondary"},c8={key:3,class:"text-end grid-progress-cell text-nowrap"},u8={class:"position-relative d-flex"},d8={class:"flex-grow-1"},f8={key:4,class:"text-end text-nowrap"},p8={key:0},h8={key:5,class:"text-end grid-progress-cell text-nowrap"},m8={class:"position-relative d-flex"},_8={class:"flex-grow-1"},E8={key:0,class:"small text-body-secondary"},g8={key:6,class:"text-end grid-progress-cell text-nowrap"},T8={class:"position-relative d-flex"},v8={class:"flex-grow-1"},S8={class:"d-inline"},A8={class:"border border-secondary px-1 bg-light",style:{"--bs-border-opacity":"0.5"}},R8={class:"text-body-secondary"},b8={key:0},L8={key:1},O8=["innerHTML"],y8=["innerHTML"],N8=["innerHTML"],C8=["innerHTML"],x8=["innerHTML"],w8={key:7,class:"text-reset"},I8={class:"text-wrap"},k8={key:0,class:"node-description mt-1"},B8={class:"node-type"},P8=["innerHTML"],D8={class:"nav nav-tabs mt-1"},M8={class:"nav-item"},H8={class:"nav-item"},W8={class:"nav-item"},U8={class:"tab-content bg-white"},$8=["innerHTML"],F8={key:7,class:"text-end text-nowrap grid-progress-cell"},V8={class:"position-relative"},z8={key:0,class:"small text-body-secondary"},G8={key:8,class:"text-end text-nowrap grid-progress-cell"},K8={class:"position-relative"},X8={key:0,class:"small text-body-secondary"},Y8={key:9,class:"text-end text-nowrap grid-progress-cell"},q8={class:"position-relative"},j8={key:0,class:"small text-body-secondary"},J8={key:10,class:"text-end text-nowrap grid-progress-cell"},Q8={class:"position-relative"},Z8={key:0,class:"small text-body-secondary"},tU={key:11,class:"text-end text-nowrap grid-progress-cell"},eU={class:"position-relative"},nU={key:0,class:"small text-body-secondary"},rU={key:12,class:"text-end text-nowrap grid-progress-cell"},iU={class:"position-relative"},sU={key:0,class:"small text-body-secondary"},oU={key:13,class:"text-end text-nowrap grid-progress-cell"},aU={class:"position-relative"},lU={key:0,class:"small text-body-secondary"},cU={key:14,class:"text-end text-nowrap grid-progress-cell"},uU={class:"position-relative"},dU={key:0,class:"small text-body-secondary"},fU={key:15,class:"text-end text-nowrap grid-progress-cell"},pU={class:"position-relative"},hU={key:0,class:"small text-body-secondary"},mU={key:16,class:"text-end text-nowrap grid-progress-cell"},_U={class:"position-relative"},EU={key:0,class:"small text-body-secondary"},gU=Xe({__name:"GridRow",props:{node:{},level:{},isSubplan:{type:Boolean},isLastChild:{type:Boolean},branches:{},index:{},columns:{}},setup(t){const n=new Ua().getNodeTypeDescription,i=lr(t.node),o=Le(ii),l=Le(xo),c=se("misc"),{buffersByMetricTooltip:u,costClass:p,costTooltip:f,durationClass:E,estimationClass:A,estimateFactorPercent:y,estimateFactorTooltip:B,executionTimePercent:R,heapFetchesClass:M,heapFetchesTooltip:O,localDirtiedPercent:L,localHitPercent:G,localReadPercent:g,localWrittenPercent:$,nodeName:I,rowsRemoved:P,rowsRemovedClass:dt,rowsRemovedPercent:X,rowsRemovedPercentString:w,rowsRemovedProp:Z,rowsRemovedTooltip:H,rowsTooltip:b,sharedDirtiedPercent:K,sharedHitPercent:ht,sharedReadPercent:tt,sharedWrittenPercent:ot,tempReadPercent:ft,tempWrittenPercent:yt,timeTooltip:Lt,tilde:lt}=$a(o,i,l),j=se(!1);function U(J){const C=_[J],At=i[C];return Ss(C,At)}return(J,C)=>(k(),D("tr",{onClick:C[6]||(C[6]=At=>j.value=!j.value),class:"node"},[v("td",K5,[v("a",{href:`#plan/node/${i.nodeId}`,onClick:C[0]||(C[0]=Me(()=>{},["stop"]))},[v("span",Y5,"#"+vt(i.nodeId),1)],8,X5)]),C[79]||(C[79]=T()),J.columns.includes("time")?(k(),D("td",q5,[wt(Gn,{percentage:i[h(_).EXCLUSIVE_DURATION]/(h(o).planStats.executionTime||h(o).content.Plan[h(_).ACTUAL_TOTAL_TIME])*100,percentage2:(i[h(_).ACTUAL_TOTAL_TIME]-i[h(_).EXCLUSIVE_DURATION])/(h(o).planStats.executionTime||h(o).content.Plan[h(_).ACTUAL_TOTAL_TIME])*100},null,8,["percentage","percentage2"]),C[10]||(C[10]=T()),be((k(),D("div",j5,[h(E)?(k(),Be(ml,{key:0,severity:h(E)},null,8,["severity"])):it("",!0),C[7]||(C[7]=T()),v("span",J5,vt(Math.round(i[h(_).EXCLUSIVE_DURATION]).toLocaleString()),1)])),[[h(Ce),{content:h(Lt),allowHTML:!0}]]),C[11]||(C[11]=T()),j.value?(k(),D("div",Q5,[T(vt(h(ir)(i[h(_).EXCLUSIVE_DURATION]))+" ",1),C[8]||(C[8]=v("br",null,null,-1)),C[9]||(C[9]=T()),h(R)!==1/0?(k(),D(Vt,{key:0},[T(vt(h(R))+`%
        `,1)],64)):it("",!0)])):it("",!0)])):it("",!0),C[80]||(C[80]=T()),J.columns.includes("rows")?(k(),D("td",Z5,[wt(Gn,{percentage:i[h(_).ACTUAL_ROWS_REVISED]/h(o).planStats.maxRows*100},null,8,["percentage"]),C[12]||(C[12]=T()),be((k(),D("div",t8,[T(vt(h(lt)+i[h(_).ACTUAL_ROWS_REVISED]?.toLocaleString()),1)])),[[h(Ce),{content:h(b),allowHTML:!0}]])])):it("",!0),C[81]||(C[81]=T()),J.columns.includes("estimation")?(k(),D("td",e8,[wt(Gn,{percentage:h(y)},null,8,["percentage"]),C[19]||(C[19]=T()),i[h(_).PLANNER_ESTIMATE_FACTOR]!=null?be((k(),D("div",n8,[i[h(_).PLANNER_ESTIMATE_FACTOR]!=1?(k(),D("div",r8,[h(A)?(k(),Be(ml,{key:0,severity:h(A)},null,8,["severity"])):it("",!0),C[15]||(C[15]=T()),v("span",i8,[v("span",{innerHTML:h(Om)(i[h(_).PLANNER_ESTIMATE_FACTOR]||0)},null,8,s8),C[13]||(C[13]=T()),i[h(_).PLANNER_ESTIMATE_DIRECTION]===h(yn).under?(k(),D("span",o8,`
              ▾
            `)):it("",!0),C[14]||(C[14]=T()),i[h(_).PLANNER_ESTIMATE_DIRECTION]===h(yn).over?(k(),D("span",a8,`
              ▴
            `)):it("",!0)])])):it("",!0),C[18]||(C[18]=T()),j.value&&i[h(_).PLANNER_ESTIMATE_FACTOR]!=1?(k(),D("div",l8,[C[16]||(C[16]=T(`
          Planned:`)),C[17]||(C[17]=v("br",null,null,-1)),T(" "+vt(i[h(_).PLAN_ROWS_REVISED]?.toLocaleString()),1)])):it("",!0)])),[[h(Ce),{content:h(B),allowHTML:!0}]]):it("",!0)])):it("",!0),C[82]||(C[82]=T()),J.columns.includes("cost")?(k(),D("td",c8,[wt(Gn,{percentage:Math.round(i[h(_).EXCLUSIVE_COST]/h(o).planStats.maxCost*100)},null,8,["percentage"]),C[21]||(C[21]=T()),be((k(),D("div",u8,[h(p)?(k(),Be(ml,{key:0,severity:h(p)},null,8,["severity"])):it("",!0),C[20]||(C[20]=T()),v("span",d8,vt(h(Lm)(i[h(_).EXCLUSIVE_COST])),1)])),[[h(Ce),{content:h(f),allowHTML:!0}]])])):it("",!0),C[83]||(C[83]=T()),J.columns.includes("loops")?(k(),D("td",f8,[i[h(_).ACTUAL_LOOPS]!=1?(k(),D("span",p8,vt(i[h(_).ACTUAL_LOOPS].toLocaleString()),1)):it("",!0)])):it("",!0),C[84]||(C[84]=T()),J.columns.includes("filter")?(k(),D("td",h8,[h(P)?(k(),D(Vt,{key:0},[wt(Gn,{percentage:h(X)},null,8,["percentage"]),C[23]||(C[23]=T()),be((k(),D("div",m8,[h(dt)?(k(),Be(ml,{key:0,severity:h(dt)},null,8,["severity"])):it("",!0),C[22]||(C[22]=T()),v("span",_8,vt(h(w))+"% ",1)])),[[h(Ce),{content:h(H),allowHTML:!0}]]),C[24]||(C[24]=T()),j.value?(k(),D("div",E8,vt(h(lt)+U(h(Z))),1)):it("",!0)],64)):it("",!0)])):it("",!0),C[85]||(C[85]=T()),J.columns.includes("heapfetches")?(k(),D("td",g8,[be((k(),D("div",T8,[h(M)?(k(),Be(ml,{key:0,severity:h(M)},null,8,["severity"])):it("",!0),C[25]||(C[25]=T()),v("span",v8,vt(i[h(_).HEAP_FETCHES]?.toLocaleString()),1)])),[[h(Ce),{content:h(O),allowHTML:!0}]])])):it("",!0),C[86]||(C[86]=T()),v("td",{class:Pt(["node-type",j.value?"":"text-nowrap text-truncate overflow-hidden"]),style:{"max-width":"0"}},[wt(bm,{isSubplan:J.isSubplan,isNode:"",isLastChild:J.isLastChild,level:J.level,branches:J.branches,index:J.index},null,8,["isSubplan","isLastChild","level","branches","index"]),C[55]||(C[55]=T()),v("div",S8,[v("b",A8,vt(h(I)),1),C[47]||(C[47]=T()),v("span",R8,[i[h(_).RELATION_NAME]||i[h(_).FUNCTION_NAME]?(k(),D(Vt,{key:0},[C[27]||(C[27]=v("span",{class:"text-secondary"},"on",-1)),C[28]||(C[28]=T()),i[h(_).SCHEMA]?(k(),D("span",b8,vt(i[h(_).SCHEMA])+".",1)):it("",!0),T(vt(i[h(_).RELATION_NAME])+vt(i[h(_).FUNCTION_NAME])+" ",1),i[h(_).ALIAS]?(k(),D("span",L8,[C[26]||(C[26]=v("span",{class:"text-secondary"},"as",-1)),T(" "+vt(i[h(_).ALIAS]),1)])):it("",!0)],64)):i[h(_).ALIAS]?(k(),D(Vt,{key:1},[C[29]||(C[29]=v("span",{class:"text-secondary"},"on",-1)),C[30]||(C[30]=T()),v("span",{innerHTML:h(Yi)(i[h(_).ALIAS])},null,8,O8)],64)):it("",!0),C[41]||(C[41]=T()),i[h(_).GROUP_KEY]?(k(),D(Vt,{key:2},[C[31]||(C[31]=v("span",{class:"text-secondary"},"by",-1)),C[32]||(C[32]=T()),v("span",{innerHTML:h(Yi)(i[h(_).GROUP_KEY])},null,8,y8)],64)):it("",!0),C[42]||(C[42]=T()),i[h(_).SORT_KEY]?(k(),D(Vt,{key:3},[C[33]||(C[33]=v("span",{class:"text-secondary"},"by",-1)),C[34]||(C[34]=T()),v("span",{innerHTML:h(uR)(i[h(_).SORT_KEY],i[h(_).PRESORTED_KEY])},null,8,N8)],64)):it("",!0),C[43]||(C[43]=T()),i[h(_).JOIN_TYPE]?(k(),D(Vt,{key:4},[T(vt(i[h(_).JOIN_TYPE])+" ",1),C[35]||(C[35]=v("span",{class:"text-secondary"},"join",-1))],64)):it("",!0),C[44]||(C[44]=T()),i[h(_).INDEX_NAME]?(k(),D(Vt,{key:5},[C[36]||(C[36]=v("span",{class:"text-secondary"},"using",-1)),C[37]||(C[37]=T()),v("span",{innerHTML:h(Yi)(i[h(_).INDEX_NAME])},null,8,C8)],64)):it("",!0),C[45]||(C[45]=T()),i[h(_).HASH_CONDITION]?(k(),D(Vt,{key:6},[C[38]||(C[38]=v("span",{class:"text-secondary"},"on",-1)),C[39]||(C[39]=T()),v("span",{innerHTML:h(Yi)(i[h(_).HASH_CONDITION])},null,8,x8)],64)):it("",!0),C[46]||(C[46]=T()),i[h(_).CTE_NAME]?(k(),D("span",w8,[C[40]||(C[40]=v("span",{class:"text-secondary"},"CTE",-1)),T(" "+vt(i[h(_).CTE_NAME]),1)])):it("",!0)])]),C[56]||(C[56]=T()),C[57]||(C[57]=v("br",null,null,-1)),C[58]||(C[58]=T()),j.value?(k(),D("div",{key:0,class:"plan-node position-relative detailed",style:{width:"100%"},onClick:C[5]||(C[5]=Me(()=>{},["stop"]))},[v("div",I8,[h(n)(i[h(_).NODE_TYPE])?(k(),D("div",k8,[v("span",B8,vt(i[h(_).NODE_TYPE])+" Node",1),C[48]||(C[48]=T()),v("span",{innerHTML:h(n)(i[h(_).NODE_TYPE])},null,8,P8)])):it("",!0),C[53]||(C[53]=T()),v("ul",D8,[v("li",M8,[v("a",{class:Pt(["nav-link px-2 py-1",{active:c.value==="misc"}]),onClick:C[1]||(C[1]=Me(At=>c.value="misc",["prevent","stop"])),href:""},"Misc",2)]),C[49]||(C[49]=T()),v("li",H8,[v("a",{class:Pt(["nav-link px-2 py-1",{active:c.value==="output",disabled:!i[h(_).OUTPUT]}]),onClick:C[2]||(C[2]=Me(At=>c.value="output",["prevent","stop"])),href:""},"Output",2)]),C[50]||(C[50]=T()),v("li",W8,[v("a",{class:Pt(["nav-link px-2 py-1",{active:c.value==="workers",disabled:!(i[h(_).WORKERS_PLANNED]||i[h(_).WORKERS_PLANNED_BY_GATHER])}]),onClick:C[3]||(C[3]=Me(At=>c.value="workers",["prevent","stop"])),href:""},"Workers",2)])]),C[54]||(C[54]=T()),v("div",U8,[v("div",{class:Pt(["tab-pane p-1 border border-top-0",{"show active":c.value==="misc"}])},[wt(vR,{node:i},null,8,["node"])],2),C[51]||(C[51]=T()),v("div",{class:Pt(["tab-pane p-1 border border-top-0 overflow-auto font-monospace",{"show active":c.value==="output"}]),innerHTML:U("OUTPUT"),style:{"max-height":"200px"},onMousewheel:C[4]||(C[4]=Me(()=>{},["stop"]))},null,42,$8),C[52]||(C[52]=T()),v("div",{class:Pt(["tab-pane p-1 border border-top-0 rounded rounded-top-start-0",{"show active":c.value==="workers"}])},[wt(TR,{node:i},null,8,["node"])],2)])])])):it("",!0)],2),C[87]||(C[87]=T()),J.columns.includes("shared.hit")?(k(),D("td",F8,[wt(Gn,{percentage:h(ht)},null,8,["percentage"]),C[59]||(C[59]=T()),be((k(),D("div",V8,[T(vt(h(Pn)(i[h(_).EXCLUSIVE_SHARED_HIT_BLOCKS])),1)])),[[h(Ce),{content:h(u)(h(_).EXCLUSIVE_SHARED_HIT_BLOCKS),allowHTML:!0}]]),C[60]||(C[60]=T()),j.value?(k(),D("div",z8,vt(h(Jr)(i[h(_).EXCLUSIVE_SHARED_HIT_BLOCKS])),1)):it("",!0)])):it("",!0),C[88]||(C[88]=T()),J.columns.includes("shared.read")?(k(),D("td",G8,[wt(Gn,{percentage:h(tt)},null,8,["percentage"]),C[61]||(C[61]=T()),be((k(),D("div",K8,[T(vt(h(Pn)(i[h(_).EXCLUSIVE_SHARED_READ_BLOCKS])),1)])),[[h(Ce),{content:h(u)(h(_).EXCLUSIVE_SHARED_READ_BLOCKS),allowHTML:!0}]]),C[62]||(C[62]=T()),j.value?(k(),D("div",X8,vt(h(Jr)(i[h(_).EXCLUSIVE_SHARED_READ_BLOCKS])),1)):it("",!0)])):it("",!0),C[89]||(C[89]=T()),J.columns.includes("shared.dirtied")?(k(),D("td",Y8,[wt(Gn,{percentage:h(K)},null,8,["percentage"]),C[63]||(C[63]=T()),be((k(),D("div",q8,[T(vt(h(Pn)(i[h(_).EXCLUSIVE_SHARED_DIRTIED_BLOCKS])),1)])),[[h(Ce),{content:h(u)(h(_).EXCLUSIVE_SHARED_DIRTIED_BLOCKS),allowHTML:!0}]]),C[64]||(C[64]=T()),j.value?(k(),D("div",j8,vt(h(Jr)(i[h(_).EXCLUSIVE_SHARED_DIRTIED_BLOCKS])),1)):it("",!0)])):it("",!0),C[90]||(C[90]=T()),J.columns.includes("shared.written")?(k(),D("td",J8,[wt(Gn,{percentage:h(ot)},null,8,["percentage"]),C[65]||(C[65]=T()),be((k(),D("div",Q8,[T(vt(h(Pn)(i[h(_).EXCLUSIVE_SHARED_WRITTEN_BLOCKS])),1)])),[[h(Ce),{content:h(u)(h(_).EXCLUSIVE_SHARED_WRITTEN_BLOCKS),allowHTML:!0}]]),C[66]||(C[66]=T()),j.value?(k(),D("div",Z8,vt(h(Jr)(i[h(_).EXCLUSIVE_SHARED_WRITTEN_BLOCKS])),1)):it("",!0)])):it("",!0),C[91]||(C[91]=T()),J.columns.includes("temp.read")?(k(),D("td",tU,[wt(Gn,{percentage:h(ft)},null,8,["percentage"]),C[67]||(C[67]=T()),be((k(),D("div",eU,[T(vt(h(Pn)(i[h(_).EXCLUSIVE_TEMP_READ_BLOCKS])),1)])),[[h(Ce),{content:h(u)(h(_).EXCLUSIVE_TEMP_READ_BLOCKS),allowHTML:!0}]]),C[68]||(C[68]=T()),j.value?(k(),D("div",nU,vt(h(Jr)(i[h(_).EXCLUSIVE_TEMP_READ_BLOCKS])),1)):it("",!0)])):it("",!0),C[92]||(C[92]=T()),J.columns.includes("temp.written")?(k(),D("td",rU,[wt(Gn,{percentage:h(yt)},null,8,["percentage"]),C[69]||(C[69]=T()),be((k(),D("div",iU,[T(vt(h(Pn)(i[h(_).EXCLUSIVE_TEMP_WRITTEN_BLOCKS])),1)])),[[h(Ce),{content:h(u)(h(_).EXCLUSIVE_TEMP_WRITTEN_BLOCKS),allowHTML:!0}]]),C[70]||(C[70]=T()),j.value?(k(),D("div",sU,vt(h(Jr)(i[h(_).EXCLUSIVE_TEMP_WRITTEN_BLOCKS])),1)):it("",!0)])):it("",!0),C[93]||(C[93]=T()),J.columns.includes("local.hit")?(k(),D("td",oU,[wt(Gn,{percentage:h(G)},null,8,["percentage"]),C[71]||(C[71]=T()),be((k(),D("div",aU,[T(vt(h(Pn)(i[h(_).EXCLUSIVE_LOCAL_HIT_BLOCKS])),1)])),[[h(Ce),{content:h(u)(h(_).EXCLUSIVE_LOCAL_HIT_BLOCKS),allowHTML:!0}]]),C[72]||(C[72]=T()),j.value?(k(),D("div",lU,vt(h(Jr)(i[h(_).EXCLUSIVE_LOCAL_HIT_BLOCKS])),1)):it("",!0)])):it("",!0),C[94]||(C[94]=T()),J.columns.includes("local.read")?(k(),D("td",cU,[wt(Gn,{percentage:h(g)},null,8,["percentage"]),C[73]||(C[73]=T()),be((k(),D("div",uU,[T(vt(h(Pn)(i[h(_).EXCLUSIVE_LOCAL_READ_BLOCKS])),1)])),[[h(Ce),{content:h(u)(h(_).EXCLUSIVE_LOCAL_READ_BLOCKS),allowHTML:!0}]]),C[74]||(C[74]=T()),j.value?(k(),D("div",dU,vt(h(Jr)(i[h(_).EXCLUSIVE_LOCAL_READ_BLOCKS])),1)):it("",!0)])):it("",!0),C[95]||(C[95]=T()),J.columns.includes("local.dirtied")?(k(),D("td",fU,[wt(Gn,{percentage:h(L)},null,8,["percentage"]),C[75]||(C[75]=T()),be((k(),D("div",pU,[T(vt(h(Pn)(i[h(_).EXCLUSIVE_LOCAL_DIRTIED_BLOCKS])),1)])),[[h(Ce),{content:h(u)(h(_).EXCLUSIVE_LOCAL_DIRTIED_BLOCKS),allowHTML:!0}]]),C[76]||(C[76]=T()),j.value?(k(),D("div",hU,vt(h(Jr)(i[h(_).EXCLUSIVE_LOCAL_DIRTIED_BLOCKS])),1)):it("",!0)])):it("",!0),C[96]||(C[96]=T()),J.columns.includes("local.written")?(k(),D("td",mU,[wt(Gn,{percentage:h($)},null,8,["percentage"]),C[77]||(C[77]=T()),be((k(),D("div",_U,[T(vt(h(Pn)(i[h(_).EXCLUSIVE_LOCAL_WRITTEN_BLOCKS])),1)])),[[h(Ce),{content:h(u)(h(_).EXCLUSIVE_LOCAL_WRITTEN_BLOCKS),allowHTML:!0}]]),C[78]||(C[78]=T()),j.value?(k(),D("div",EU,vt(h(Jr)(i[h(_).EXCLUSIVE_LOCAL_WRITTEN_BLOCKS])),1)):it("",!0)])):it("",!0)]))}}),TU={class:"table table-sm table-hover"},vU={class:"table-secondary sticky-top",style:{"z-index":"2"}},SU={key:0},AU=["colspan"],RU=["colspan"],bU=["colspan"],LU=["colspan"],OU={key:0,class:"text-center"},yU={key:1,class:"text-center"},NU={key:2,class:"text-center"},CU={key:3,class:"text-center"},xU={key:4,class:"text-center"},wU={key:5,class:"text-center"},IU={key:6,class:"text-center"},kU={key:7,class:"text-center"},BU={key:8,class:"text-center"},PU={key:9,class:"text-center"},DU={key:10,class:"text-center"},MU={key:11,class:"text-center"},HU={key:12,class:"text-center"},WU={key:13,class:"text-center"},UU={key:14,class:"text-center"},$U={key:15,class:"text-center"},FU={key:16,class:"text-center"},VU={key:0},zU=["colspan"],GU=["colspan"],KU={class:"fst-italic text-reset"},XU=Xe({__name:"Grid",setup(t){const e=Le(ii),n=[[]];ks(()=>{r(n[0],0,e.value.content.Plan,!0,[]),Q.each(e.value.ctes,H=>{const b=[];r(b,0,H,!0,[]),n.push(b)})}),yo(()=>{localStorage.setItem("gridIsNotNew","true")});function r(H,b,K,ht,tt){H.push([b,K,ht,Q.concat([],tt)]),ht||tt.push(b),Q.each(K.Plans,ot=>{r(H,b+1,ot,ot===Q.last(K.Plans),tt)}),ht||tt.pop()}function i(H){return Q.startsWith(H[_.SUBPLAN_NAME],"CTE")}const o=Dt(()=>Q.some(n,H=>Q.some(H,b=>b[1][_.EXCLUSIVE_DURATION]||!1))),l=Dt(()=>Q.some(n,H=>Q.some(H,b=>b[1][_.ACTUAL_ROWS_REVISED]||!1))),c=Dt(()=>Q.some(n,H=>Q.some(H,b=>b[1][_.PLANNER_ESTIMATE_FACTOR]||!1))),u=Dt(()=>Q.some(n,H=>Q.some(H,b=>b[1][_.ACTUAL_LOOPS]>1))),p=Dt(()=>Q.some(n,H=>Q.some(H,b=>b[1][_.EXCLUSIVE_COST]>1))),f=Dt(()=>Q.some(n,H=>Q.some(H,b=>b[1][_.ROWS_REMOVED_BY_FILTER]))),E=Dt(()=>Q.some(n,H=>Q.some(H,b=>b[1][_.HEAP_FETCHES]))),A=Dt(()=>Q.filter([y.value,B.value,R.value,M.value],H=>H).length),y=Dt(()=>Q.some(n,H=>Q.some(H,b=>b[1][_.EXCLUSIVE_SHARED_HIT_BLOCKS]))),B=Dt(()=>Q.some(n,H=>Q.some(H,b=>b[1][_.EXCLUSIVE_SHARED_READ_BLOCKS]))),R=Dt(()=>Q.some(n,H=>Q.some(H,b=>b[1][_.EXCLUSIVE_SHARED_DIRTIED_BLOCKS]))),M=Dt(()=>Q.some(n,H=>Q.some(H,b=>b[1][_.EXCLUSIVE_SHARED_WRITTEN_BLOCKS]))),O=Dt(()=>Q.filter([L.value,G.value],H=>H).length),L=Dt(()=>Q.some(n,H=>Q.some(H,b=>b[1][_.EXCLUSIVE_TEMP_READ_BLOCKS]))),G=Dt(()=>Q.some(n,H=>Q.some(H,b=>b[1][_.EXCLUSIVE_TEMP_WRITTEN_BLOCKS]))),g=Dt(()=>Q.filter([$.value,I.value,P.value,dt.value],H=>H).length),$=Dt(()=>Q.some(n,H=>Q.some(H,b=>b[1][_.EXCLUSIVE_LOCAL_HIT_BLOCKS]))),I=Dt(()=>Q.some(n,H=>Q.some(H,b=>b[1][_.EXCLUSIVE_LOCAL_READ_BLOCKS]))),P=Dt(()=>Q.some(n,H=>Q.some(H,b=>b[1][_.EXCLUSIVE_LOCAL_DIRTIED_BLOCKS]))),dt=Dt(()=>Q.some(n,H=>Q.some(H,b=>b[1][_.EXCLUSIVE_LOCAL_WRITTEN_BLOCKS]))),X=Dt(()=>{const H=[];return o.value&&H.push("time"),l.value&&H.push("rows"),c.value&&H.push("estimation"),p.value&&H.push("cost"),u.value&&H.push("loops"),f.value&&H.push("filter"),E.value&&H.push("heapfetches"),H}),w=Dt(()=>{const H=[];return y.value&&H.push("shared.hit"),B.value&&H.push("shared.read"),R.value&&H.push("shared.dirtied"),M.value&&H.push("shared.written"),L.value&&H.push("temp.read"),G.value&&H.push("temp.written"),$.value&&H.push("local.hit"),I.value&&H.push("local.read"),P.value&&H.push("local.dirtied"),dt.value&&H.push("local.written"),H}),Z=Dt(()=>[].concat(X.value,w.value));return(H,b)=>(k(),D("div",null,[v("table",TU,[v("thead",vU,[w.value.length>0?(k(),D("tr",SU,[v("th",{colspan:2+X.value.length},null,8,AU),b[0]||(b[0]=T()),A.value>0?(k(),D("th",{key:0,class:"text-center",colspan:A.value},`
            shared
          `,8,RU)):it("",!0),b[1]||(b[1]=T()),O.value>0?(k(),D("th",{key:1,class:"text-center",colspan:O.value},`
            temp
          `,8,bU)):it("",!0),b[2]||(b[2]=T()),g.value>0?(k(),D("th",{key:2,class:"text-center",colspan:g.value},`
            local
          `,8,LU)):it("",!0)])):it("",!0),b[23]||(b[23]=T()),v("tr",null,[b[3]||(b[3]=v("th",{class:"text-center"},null,-1)),b[4]||(b[4]=T()),o.value?(k(),D("th",OU,"time")):it("",!0),b[5]||(b[5]=T()),l.value?(k(),D("th",yU,"rows")):it("",!0),b[6]||(b[6]=T()),c.value?(k(),D("th",NU,"estim")):it("",!0),b[7]||(b[7]=T()),p.value?(k(),D("th",CU,"cost")):it("",!0),b[8]||(b[8]=T()),u.value?(k(),D("th",xU,"loops")):it("",!0),b[9]||(b[9]=T()),f.value?(k(),D("th",wU,"filter")):it("",!0),b[10]||(b[10]=T()),E.value?(k(),D("th",IU,"heap")):it("",!0),b[11]||(b[11]=T()),b[12]||(b[12]=v("th",{style:{width:"100%"}},null,-1)),b[13]||(b[13]=T()),y.value?(k(),D("th",kU,"hit")):it("",!0),b[14]||(b[14]=T()),B.value?(k(),D("th",BU,"read")):it("",!0),b[15]||(b[15]=T()),R.value?(k(),D("th",PU,"dirt")):it("",!0),b[16]||(b[16]=T()),M.value?(k(),D("th",DU,"writ")):it("",!0),b[17]||(b[17]=T()),L.value?(k(),D("th",MU,"read")):it("",!0),b[18]||(b[18]=T()),G.value?(k(),D("th",HU,"writ")):it("",!0),b[19]||(b[19]=T()),$.value?(k(),D("th",WU,"hit")):it("",!0),b[20]||(b[20]=T()),I.value?(k(),D("th",UU,"read")):it("",!0),b[21]||(b[21]=T()),P.value?(k(),D("th",$U,"dirt")):it("",!0),b[22]||(b[22]=T()),dt.value?(k(),D("th",FU,"writ")):it("",!0)])]),b[27]||(b[27]=T()),(k(),D(Vt,null,je(n,(K,ht)=>v("tbody",{key:ht},[(k(!0),D(Vt,null,je(K,(tt,ot)=>(k(),D(Vt,{key:ot},[tt[1][h(_).SUBPLAN_NAME]?(k(),D("tr",VU,[v("td",{class:"bg-light",colspan:1+X.value.length},null,8,zU),b[25]||(b[25]=T()),v("td",{class:Pt(["plan pr-2 bg-light",{"font-weight-bold":i(tt[1])}]),colspan:Z.value.length+w.value.length},[wt(bm,{isSubplan:!!tt[1][h(_).SUBPLAN_NAME],isLastChild:!!tt[2],level:tt[0],branches:tt[3],index:ot},null,8,["isSubplan","isLastChild","level","branches","index"]),b[24]||(b[24]=T()),v("b",KU,vt(tt[1][h(_).SUBPLAN_NAME]),1)],10,GU)])):it("",!0),b[26]||(b[26]=T()),wt(gU,{node:tt[1],isSubplan:!!tt[1][h(_).SUBPLAN_NAME],isLastChild:!!tt[2],level:tt[0],branches:tt[3],index:ot,columns:Z.value},null,8,["node","isSubplan","isLastChild","level","branches","index","columns"])],64))),128))])),64))])]))}}),SR=(t,e)=>{const n=t.__vccOpts||t;for(const[r,i]of e)n[r]=i;return n},YU={},qU={src:"data:image/png;base64,iVBORw0KGgoAAAANSUhEUgAAADAAAAAwCAYAAABXAvmHAAAABHNCSVQICAgIfAhkiAAAAAlwSFlzAAAC1QAAAtUBwMJvJQAAABl0RVh0U29mdHdhcmUAd3d3Lmlua3NjYXBlLm9yZ5vuPBoAAAf5SURBVGiB7Zp7UFT3Fcc/v3vv8kaQgA8CEmtE8ZEYiVETjS+UkUcm09FM0rE2iRPttOOjY60WbLwNQoI6I9HONNo2rbZpxmo7RkBH8Z34qJpEx2cdoxHREZ8gu+yyu9xf/4BddoFdFlzTOu33r7vnd37nnO+9v9c5vxUEGfp4PcwWpb1pSDFTQBqAhPNCig3h9fYN+n7dFkx/IpjGFucsz0WKEuB7PlSqEOQXl+X9GYQMhs+gEPhFdkGaQFkNZAbkVHJAKur84rIlpx7W90MR+FmmHhdqClkmpfwpoLrkIWEhjJs2iuEThgLw1b7THNhyFLvN7tndEEJ+oihiUdG2/OquxtAlArPT15niet15S0IhEO82JmDIS2lkz5pEbEI3rz5198xU/PVzju88iZReo6dGwAcWI7pk7Y55DY+cwJLsggwDZbWAIZ7ypP69yZ09mZS0JL/9r1+6ybb1u7h6rqp100VDioUrt+eVdSaegAksyinor0i1EOR0T3m3uCgyfjCWEZnDECIwc1LCmUPn2f7xXu7fqm0d0m4U54Li0nfPBmKrQ4/6dD3KZjX9XEqWAKEuuaqpjMoazpQfjiM0PCSgwFvD0eDgwN+PcmDLERx2p1eTEOK3Ns2+rGSrXtMlArquK9YTphlIVgA9PdvSXuhP7uzJxPWK7VLgrVF7p46dG/fz9b7TeE8P7iF473J4/99s3vxaY3t92yWwKLtorIJcAwzzlPdIjifnnQxSh/ta5h8Ol89UUra+ghuX2yxKJw3EvJXleZ+3bmhDYHF20bsglwGKSxYRHc6kN8YwOud5FMX/qLOabVRfvY3R6lUqQtAzJYHwqDC//aWUfL3vLNs/3oO5xuLZZEjQV5TnF/gksDiraA5CfuT6rWoK6RnPkjlzHJHdIvw6djnf8cd91NdZ222PiA5n6lsTAprsVouN/ZuPcOizYzgdLaNHwJwPyvPXtyGg5+oRVsNUBXQHSElLYtr8bBKSnujQmQt2m51t6yr86rwyZzIhYYFP+ttVd9lcUkblhesuUU2jIyRp1a5FFvAYJjap5bqCj03oxqyC1zsV/KNCQtITzCp4g5h498YYq5kaslw/3ASkVAa4ngePHtCpt/SoERoewuDRqe7fBmKg61lpUTOiXU9hEaH8tyE8smXyC6T7cyjtaj9GCCoB1aShqL5NKqqCatKC6ZKgWlNVhRFTnuXquSoMQ3Lr2h2gaQNUFEHKoCRUPwS7guC+DiA5NZHk1EQMQ/KPtdsBGPPqCx1ugF3FYz8HuvwFzLX1OBocPtul0XKUqLlVi/DzBUJCTUTGdLzTt4cuEThRcYpv2yYkPrF306EOdfoOTiY945lOx9JpAubaer49V4WiKv4PZhIsD+oBms5RfqaA1WzjytlrDBzxdKe/RKcJOJoT86jYSKbMeNmnnuckzvzReL+TeNdfDvLgbh12m73TBP53JrGUEqvZhtXcVFgzGg0stfVoIVqblNJqseG0txyBm/RUr+MAwP1bNVhqrdQ/sNJgtXPz6m1sVjs9+8SjKIG924AIOB1O9m46zIO7dW6ZucbCjj/tA2DQqFQGjewPwOHSE20yqp0b9wPwZL9ejM5JB+DTFVs5dfCcl97pL84DEBkTwcKPfkxEtP/kBwIcQvdv1XoF3xquEomjwdleOujG9W9uupP3iycu+9Sz1NZz8ctLgYQWGAHPNb3d9ub0UUojAFtNOkYHuk5nuzl8Gzz2k/j/BP7TaCEgFXeNr3VVoaMlzbVJBbL0uXT85Q0Amua9QJpr6z2t3Hc/uR6EYrhrkacPXfAi0b1XLPGJcT6D7zfsqSanIRpPDU5ut2wihKDv4GS0kKbAnhk7yOcBL65nDGnNyzI0HUnOHvlXi4JsidVtYe7UNaERqrkSKXsA9OgTz7R52fQZ+KS7n9PubFOw0jS1zdtsdDbS2Oi9yqiqgqqpXjK7zYHV4n3jpGmq13Gi8sJ1tnxY7k6OgOrwCEcffbNu9yIAsCR7+XSJ+JubXXO9P+vtiXTvEcN3iQf3zOxue58gpRCvrSjL2+KOsXXH5urch3hUok2hJl7MfZ5Jr7/0yMstDruTw9uOs3fTIRqsXjc6DQgxt7gs73eewnYHYV524ZBGKAEmecpj4qPJnDmB5yYMIcCrgE7h/LFLlK7bxb3qNhX1PSosKCrPP9O6wW8YzbeOq4F+nvLkAYm8MnsKyQMSHzpogBuXqyldX8GVM5Vecim5JhSWFpflb/TVt8P3ODt9nal77zs/QfIe4C4oCSF4bsIQst6eSFRsZJcCr6+zsufTLzhSdgLD+7hiEYJVYWbHBx3dKwc8EPIyC3s7NXQBs2h1I/ny90cyfvqLaCbVj4UWNDoNjm7/kopPDmKzeN3rSRBbNM1YWPjZ0muB2OrCJd/76RKjBBjjKY9PjCNz5jiGjknz2//SySuUrt9NdeVt7wbJcUUR898vyzvSmXi6PBUX5yzPFVKslZDiKX96WF9y38mgZ0qCl/6d6/co/8Nuzh9rc0y+IeDXYSMcv9d1vePjbCs81Fqi5+oRNsM0V8JSIMolVzWFkVOHM3zi0OYblzP8c8dXNDq94rNKWIOqFa7Ytth3stEBgvNXg6nFSYrqKJJSzAjEphCyzCnkvFWlv7rysL6Dupr/MqtopKHIEiSjfKicNBSxYGVp3oFg+Qz6dqTrulJ/PORVIeWbCAYBIDknkBu+iUzd6uu6tKv4N+243iwIA9v6AAAAAElFTkSuQmCC",alt:"PEV2",style:{width:"20px",height:"20px"}};function jU(t,e){return k(),D("img",qU)}const _T=SR(YU,[["render",jU]]),JU={class:"card-header border-top"},QU={key:0,class:"node-description"},ZU={class:"node-type"},t$=["innerHTML"],e$={class:"nav nav-tabs card-header-tabs"},n$={class:"nav-item"},r$={class:"nav-item"},i$={class:"nav-item"},s$={class:"nav-item"},o$={class:"nav-item"},a$={class:"card-body tab-content"},l$={key:0},c$=["innerHTML"],u$={class:"px-1"},d$={key:0,class:"text-secondary"},f$={key:1},p$={key:0},h$={key:1},m$={key:2},_$=["innerHTML"],E$={key:1},g$={class:"px-1"},T$={key:2},v$=["innerHTML"],S$={key:3},A$={class:"text-secondary"},R$={key:4},b$={class:"px-1"},L$={key:0,class:"mb-2 list-inline"},O$={class:"list-inline-item"},y$={key:0,class:"ms-2"},N$={key:1,class:"ms-2"},C$={class:"table table-sm"},x$=["innerHTML"],w$=["innerHTML"],I$=["innerHTML"],k$=["innerHTML"],B$=["innerHTML"],P$=["innerHTML"],D$=["innerHTML"],M$=["innerHTML"],H$=["innerHTML"],W$=["innerHTML"],U$={key:1,class:"mb-2"},$$={class:"more-info"},F$={key:0},V$={class:"more-info"},z$=["innerHTML"],G$=Xe({__name:"PlanNodeDetail",props:{node:{}},setup(t){const e=Le(xo),n=t,r=Le("updateSize"),i=lr(n.node),o=Le(ii),l=se(),c=se("general"),u=new Ua,p=u.getNodeTypeDescription,f=u.getHelpMessage,{costClass:E,durationClass:A,estimationClass:y,executionTimePercent:B,filterDetailTooltip:R,heapFetchesClass:M,plannerRowEstimateDirection:O,plannerRowEstimateValue:L,rowsRemoved:G,rowsRemovedClass:g,rowsRemovedPercentString:$,rowsRemovedProp:I,tilde:P}=$a(o,i,e);ks(()=>{X()});const dt=Dt(()=>y.value&&O.value!==yn.none&&L.value);function X(){l.value=Q.chain(i).omit(_.PLANS).omit(_.WORKERS).map((H,b)=>({key:b,value:H})).value()}const w=Dt(()=>{const H=["EXCLUSIVE_SHARED_HIT_BLOCKS","EXCLUSIVE_SHARED_READ_BLOCKS","EXCLUSIVE_SHARED_DIRTIED_BLOCKS","EXCLUSIVE_SHARED_WRITTEN_BLOCKS","EXCLUSIVE_TEMP_READ_BLOCKS","EXCLUSIVE_TEMP_WRITTEN_BLOCKS","EXCLUSIVE_LOCAL_HIT_BLOCKS","EXCLUSIVE_LOCAL_READ_BLOCKS","EXCLUSIVE_LOCAL_DIRTIED_BLOCKS","EXCLUSIVE_LOCAL_WRITTEN_BLOCKS","EXCLUSIVE_IO_READ_TIME","EXCLUSIVE_IO_WRITE_TIME"],b=Q.map(H,ht=>{const tt=i[_[ht]];return Q.isNaN(tt)?0:tt});return Q.sum(b)>0});function Z(H){const b=_[H],K=i[b];return Ss(b,K)}return Hn(c,()=>{window.setTimeout(()=>r&&r(i),1)}),(H,b)=>(k(),D(Vt,null,[v("div",JU,[h(p)(i[h(_).NODE_TYPE])?(k(),D("div",QU,[v("span",ZU,vt(i[h(_).NODE_TYPE])+" Node",1),b[6]||(b[6]=T()),v("span",{innerHTML:h(p)(i[h(_).NODE_TYPE])},null,8,t$)])):it("",!0),b[11]||(b[11]=T()),v("ul",e$,[v("li",n$,[v("a",{class:Pt(["nav-link",{active:c.value==="general"}]),onClick:b[0]||(b[0]=Me(K=>c.value="general",["prevent","stop"])),href:""},"General",2)]),b[7]||(b[7]=T()),v("li",r$,[v("a",{class:Pt(["nav-link text-nowrap",{active:c.value==="iobuffer",disabled:!w.value}]),onClick:b[1]||(b[1]=Me(K=>c.value="iobuffer",["prevent","stop"])),href:""},"IO & Buffers",2)]),b[8]||(b[8]=T()),v("li",i$,[v("a",{class:Pt(["nav-link",{active:c.value==="output",disabled:!i[h(_).OUTPUT]}]),onClick:b[2]||(b[2]=Me(K=>c.value="output",["prevent","stop"])),href:""},"Output",2)]),b[9]||(b[9]=T()),v("li",s$,[v("a",{class:Pt(["nav-link",{active:c.value==="workers",disabled:!(i[h(_).WORKERS_PLANNED]||i[h(_).WORKERS_PLANNED_BY_GATHER])}]),onClick:b[3]||(b[3]=Me(K=>c.value="workers",["prevent","stop"])),href:""},"Workers",2)]),b[10]||(b[10]=T()),v("li",o$,[v("a",{class:Pt(["nav-link",{active:c.value==="misc"}]),onClick:b[4]||(b[4]=Me(K=>c.value="misc",["prevent","stop"])),href:""},"Misc",2)])])]),b[91]||(b[91]=T()),v("div",a$,[v("div",{class:Pt(["tab-pane",{"show active":c.value==="general"}])},[h(o).isAnalyze?(k(),D("div",l$,[wt(h(Se),{"fixed-width":"",icon:h(nR),class:"text-secondary"},null,8,["icon"]),b[14]||(b[14]=T()),b[15]||(b[15]=v("b",null,"Timing:",-1)),b[16]||(b[16]=T()),v("span",{class:Pt(["p-0 px-1 rounded alert",h(A)]),innerHTML:Z("EXCLUSIVE_DURATION")},null,10,c$),b[17]||(b[17]=T()),h(B)!==1/0?(k(),D(Vt,{key:0},[b[12]||(b[12]=T(`
          |
          `)),v("strong",null,vt(h(B)),1),b[13]||(b[13]=v("span",{class:"text-secondary"},"%",-1))],64)):it("",!0)])):it("",!0),b[44]||(b[44]=T()),v("div",null,[wt(h(Se),{"fixed-width":"",icon:h(NH),class:"text-secondary"},null,8,["icon"]),b[24]||(b[24]=T()),b[25]||(b[25]=v("b",null,"Rows:",-1)),b[26]||(b[26]=T()),v("span",u$,vt(h(P)+Z("ACTUAL_ROWS_REVISED")),1),b[27]||(b[27]=T()),i[h(_).PLAN_ROWS]?(k(),D("span",d$,"(Planned: "+vt(h(P)+Z("PLAN_ROWS_REVISED"))+")",1)):it("",!0),b[28]||(b[28]=T()),h(O)!==h(yn).none&&dt.value?(k(),D("span",f$,[b[21]||(b[21]=T(`
          |
          `)),h(O)===h(yn).over?(k(),D("span",p$,[wt(h(Se),{icon:h(sR)},null,8,["icon"]),b[18]||(b[18]=T(" over"))])):it("",!0),b[22]||(b[22]=T()),h(O)===h(yn).under?(k(),D("span",h$,[wt(h(Se),{icon:h(rR)},null,8,["icon"]),b[19]||(b[19]=T(" under"))])):it("",!0),b[23]||(b[23]=T(`
          estimated
          `)),h(L)!=1/0?(k(),D("span",m$,[b[20]||(b[20]=T(`
            by
            `)),v("span",{class:Pt(["p-0 px-1 alert",h(y)]),innerHTML:Z("PLANNER_ESTIMATE_FACTOR")},null,10,_$)])):it("",!0)])):it("",!0)]),b[45]||(b[45]=T()),h(G)?(k(),D("div",E$,[wt(h(Se),{"fixed-width":"",icon:h(n0),class:"text-secondary"},null,8,["icon"]),b[30]||(b[30]=T()),v("b",null,vt(h(_)[h(I)])+": ",1),b[31]||(b[31]=T()),v("span",null,[v("span",g$,vt(h(P)+Z(h(I))),1),b[29]||(b[29]=T(`|
          `)),v("span",{class:Pt(["p-0 px-1 alert",h(g)])},vt(h($))+"%",3)]),b[32]||(b[32]=T()),be(wt(h(Se),{"fixed-width":"",icon:h(_o),class:"text-muted"},null,8,["icon"]),[[h(Ce),{allowHTML:!0,content:h(R)}]])])):it("",!0),b[46]||(b[46]=T()),i[h(_).HEAP_FETCHES]?(k(),D("div",T$,[wt(h(Se),{"fixed-width":"",icon:h(oR),class:"text-secondary"},null,8,["icon"]),b[33]||(b[33]=T()),b[34]||(b[34]=v("b",null,"Heap Fetches:",-1)),b[35]||(b[35]=T()),v("span",{class:Pt(["p-0 px-1 rounded alert",h(M)]),innerHTML:Z("HEAP_FETCHES")},null,10,v$),b[36]||(b[36]=T()),h(M)?be((k(),Be(h(Se),{key:0,icon:h(_o),"fixed-width":"",class:"text-secondary"},null,8,["icon"])),[[h(Ce),{arrow:!0,content:"Visibility map may be out-of-date. Consider using VACUUM or change autovacuum settings."}]]):it("",!0)])):it("",!0),b[47]||(b[47]=T()),h(Q).isUndefined(i[h(_).EXCLUSIVE_COST])?it("",!0):(k(),D("div",S$,[wt(h(Se),{"fixed-width":"",icon:h(aR),class:"text-secondary"},null,8,["icon"]),b[37]||(b[37]=T()),b[38]||(b[38]=v("b",null,"Cost:",-1)),b[39]||(b[39]=T()),v("span",{class:Pt(["p-0 px-1 me-1 alert",h(E)])},vt(Z("EXCLUSIVE_COST")),3),b[40]||(b[40]=T()),v("span",A$,"(Total: "+vt(Z("TOTAL_COST"))+")",1)])),b[48]||(b[48]=T()),i[h(_).ACTUAL_LOOPS]>1?(k(),D("div",R$,[wt(h(Se),{"fixed-width":"",icon:h(BH),class:"text-secondary"},null,8,["icon"]),b[41]||(b[41]=T()),b[42]||(b[42]=v("b",null,"Loops:",-1)),b[43]||(b[43]=T()),v("span",b$,vt(Z("ACTUAL_LOOPS")),1)])):it("",!0)],2),b[87]||(b[87]=T()),v("div",{class:Pt(["tab-pane",{"show active":c.value==="iobuffer"}])},[i[h(_).EXCLUSIVE_IO_READ_TIME]||i[h(_).EXCLUSIVE_IO_WRITE_TIME]?(k(),D("dl",L$,[b[55]||(b[55]=v("dt",{class:"list-inline-item align-top"},[v("b",null," I/O Timings: ")],-1)),b[56]||(b[56]=T()),v("dd",O$,[i[h(_).EXCLUSIVE_IO_READ_TIME]?(k(),D("span",y$,[b[49]||(b[49]=v("b",null,"Read: ",-1)),T(" "+vt(Z("EXCLUSIVE_IO_READ_TIME"))+" ",1),v("small",null,"~"+vt(Z("AVERAGE_IO_READ_TIME")),1),b[50]||(b[50]=T()),i[h(_).WORKERS_PLANNED]||i[h(_).WORKERS_PLANNED_BY_GATHER]?be((k(),Be(h(Se),{key:0,icon:h(_o),class:"cursor-help d-inline-block text-secondary"},null,8,["icon"])),[[h(Ce),{content:h(f)("io timings parallel")}]]):it("",!0)])):it("",!0),b[52]||(b[52]=T()),b[53]||(b[53]=v("br",null,null,-1)),b[54]||(b[54]=T()),i[h(_).EXCLUSIVE_IO_WRITE_TIME]?(k(),D("span",N$,[b[51]||(b[51]=v("b",null,"Write: ",-1)),T(" "+vt(Z("EXCLUSIVE_IO_WRITE_TIME"))+" ",1),v("small",null,"~"+vt(Z("AVERAGE_IO_WRITE_TIME")),1)])):it("",!0)])])):it("",!0),b[83]||(b[83]=T()),b[84]||(b[84]=v("b",null," Blocks: ",-1)),b[85]||(b[85]=T()),v("table",C$,[v("tbody",null,[b[74]||(b[74]=v("tr",null,[v("td"),T(),v("th",{class:"text-end",width:"25%"},"Hit"),T(),v("th",{class:"text-end",width:"25%"},"Read"),T(),v("th",{class:"text-end",width:"25%"},"Dirtied"),T(),v("th",{class:"text-end",width:"25%"},"Written")],-1)),b[75]||(b[75]=T()),v("tr",null,[b[57]||(b[57]=v("th",null,"Shared",-1)),b[58]||(b[58]=T()),v("td",{class:"text-end",innerHTML:Z("EXCLUSIVE_SHARED_HIT_BLOCKS")||"-"},null,8,x$),b[59]||(b[59]=T()),v("td",{class:"text-end",innerHTML:Z("EXCLUSIVE_SHARED_READ_BLOCKS")||"-"},null,8,w$),b[60]||(b[60]=T()),v("td",{class:"text-end",innerHTML:Z("EXCLUSIVE_SHARED_DIRTIED_BLOCKS")||"-"},null,8,I$),b[61]||(b[61]=T()),v("td",{class:"text-end",innerHTML:Z("EXCLUSIVE_SHARED_WRITTEN_BLOCKS")||"-"},null,8,k$)]),b[76]||(b[76]=T()),v("tr",null,[b[62]||(b[62]=v("th",null,"Temp",-1)),b[63]||(b[63]=T()),b[64]||(b[64]=v("td",{class:"text-end bg-hatched"},null,-1)),b[65]||(b[65]=T()),v("td",{class:"text-end",innerHTML:Z("EXCLUSIVE_TEMP_READ_BLOCKS")||"-"},null,8,B$),b[66]||(b[66]=T()),b[67]||(b[67]=v("td",{class:"text-end bg-hatched"},null,-1)),b[68]||(b[68]=T()),v("td",{class:"text-end",innerHTML:Z("EXCLUSIVE_TEMP_WRITTEN_BLOCKS")||"-"},null,8,P$)]),b[77]||(b[77]=T()),v("tr",null,[b[69]||(b[69]=v("th",null,"Local",-1)),b[70]||(b[70]=T()),v("td",{class:"text-end",innerHTML:Z("EXCLUSIVE_LOCAL_HIT_BLOCKS")||"-"},null,8,D$),b[71]||(b[71]=T()),v("td",{class:"text-end",innerHTML:Z("EXCLUSIVE_LOCAL_READ_BLOCKS")||"-"},null,8,M$),b[72]||(b[72]=T()),v("td",{class:"text-end",innerHTML:Z("EXCLUSIVE_LOCAL_DIRTIED_BLOCKS")||"-"},null,8,H$),b[73]||(b[73]=T()),v("td",{class:"text-end",innerHTML:Z("EXCLUSIVE_LOCAL_WRITTEN_BLOCKS")||"-"},null,8,W$)])])]),b[86]||(b[86]=T()),i[h(_).WAL_RECORDS]||i[h(_).WAL_BYTES]?(k(),D("div",U$,[v("b",null,[be((k(),D("span",$$,b[78]||(b[78]=[T("WAL")]))),[[h(Ce),"Write-Ahead Logging"]]),b[79]||(b[79]=T(`:
        `))]),T(" "+vt(Z("WAL_RECORDS"))+` records
        `,1),v("small",null,"("+vt(Z("WAL_BYTES"))+")",1),b[82]||(b[82]=T()),i[h(_).WAL_FPI]?(k(),D("span",F$,[b[81]||(b[81]=T(`
          -
          `)),be((k(),D("span",V$,b[80]||(b[80]=[T("FPI")]))),[[h(Ce),"WAL Full Page Images"]]),T(`:
          `+vt(Z("WAL_FPI")),1)])):it("",!0)])):it("",!0)],2),b[88]||(b[88]=T()),v("div",{class:Pt(["tab-pane overflow-auto font-monospace",{"show active":c.value==="output"}]),innerHTML:Z("OUTPUT"),style:{"max-height":"200px"},onMousewheel:b[5]||(b[5]=Me(()=>{},["stop"]))},null,42,z$),b[89]||(b[89]=T()),i[h(_).WORKERS_PLANNED]||i[h(_).WORKERS_PLANNED_BY_GATHER]?(k(),D("div",{key:0,class:Pt(["tab-pane",{"show active":c.value==="workers"}])},[wt(TR,{node:i},null,8,["node"])],2)):it("",!0),b[90]||(b[90]=T()),v("div",{class:Pt(["tab-pane",{"show active":c.value==="misc"}])},[wt(vR,{node:i},null,8,["node"])],2)])],64))}}),K$={key:5,class:"p-0 d-inline-block mb-0 ms-1 text-nowrap"},X$=Xe({__name:"NodeBadges",props:{node:{}},setup(t){const n=lr(t.node),r=Le(ii),i=Le(xo),{rowsRemoved:o,costClass:l,durationClass:c,estimationClass:u,rowsRemovedClass:p,heapFetchesClass:f,filterTooltip:E}=$a(r,n,i);return(A,y)=>(k(),D(Vt,null,[h(c)?be((k(),D("span",{key:0,class:Pt("p-0  d-inline-block mb-0 ms-1 text-nowrap alert "+h(c))},[wt(h(Se),{"fixed-width":"",icon:h(nR)},null,8,["icon"])],2)),[[h(Ce),"Slow"]]):it("",!0),y[0]||(y[0]=T()),h(l)?be((k(),D("span",{key:1,class:Pt("p-0  d-inline-block mb-0 ms-1 text-nowrap alert "+h(l))},[wt(h(Se),{"fixed-width":"",icon:h(aR)},null,8,["icon"])],2)),[[h(Ce),"Cost is high"]]):it("",!0),y[1]||(y[1]=T()),h(u)?be((k(),D("span",{key:2,class:Pt("p-0  d-inline-block mb-0 ms-1 text-nowrap alert "+h(u))},[wt(h(Se),{"fixed-width":"",icon:h(DH)},null,8,["icon"])],2)),[[h(Ce),"Bad estimation for number of rows"]]):it("",!0),y[2]||(y[2]=T()),h(p)?be((k(),D("span",{key:3,class:Pt("p-0  d-inline-block mb-0 ms-1 text-nowrap alert "+h(p))},[wt(h(Se),{"fixed-width":"",icon:h(n0)},null,8,["icon"])],2)),[[h(Ce),h(E)]]):it("",!0),y[3]||(y[3]=T()),h(f)?be((k(),D("span",{key:4,class:Pt("p-0  d-inline-block mb-0 ms-1 text-nowrap alert "+h(f))},[wt(h(Se),{"fixed-width":"",icon:h(oR)},null,8,["icon"])],2)),[[h(Ce),{arrow:!0,content:"Heap Fetches number is high"}]]):it("",!0),y[4]||(y[4]=T()),h(o)&&!h(p)?be((k(),D("span",K$,[wt(h(Se),{"fixed-width":"",icon:h(n0),class:"text-secondary"},null,8,["icon"])])),[[h(Ce),h(E)]]):it("",!0)],64))}}),Y$={key:0,class:"fixed-bottom text-center"},q$={class:"subplan-name fst-italic px-1"},j$={key:1,class:"workers text-secondary py-0 px-1"},J$={class:"card-body header no-focus-outline"},Q$={class:"mb-0 d-flex justify-content-between"},Z$={class:"text-secondary"},t7={class:"text-nowrap"},e7={class:"text-start font-monospace"},n7={key:0},r7={key:1},i7=["innerHTML"],s7=["innerHTML"],o7=["innerHTML"],a7={key:4},l7=["innerHTML"],c7=["innerHTML"],u7={key:7},d7={key:0},f7={class:"progress node-bar-container",style:{height:"5px"}},p7={class:"node-bar-label"},h7={class:"text-secondary"},m7=["innerHTML"],ET=Xe({__name:"PlanNode",props:{node:{}},setup(t){const e=se(null),n=Le(id);if(!n)throw new Error(`Could not resolve ${id.description}`);const r=Le(Kd),i=Le(Ro);if(!i)throw new Error(`Could not resolve ${Ro.description}`);const o=Le(xo),l=t,c=se(!1),u=lr(l.node),p=Le(ii),f=Le("updateNodeSize"),{nodeName:E,barWidth:A,barColor:y,highlightValue:B,isNeverExecuted:R,workersLaunchedCount:M,workersPlannedCount:O,workersPlannedCountReversed:L}=$a(p,u,o);yo(async()=>{G(u)});function G($){const I=e.value?.getBoundingClientRect();I&&f?.($,[I.width,I.height])}Yn("updateSize",G),Hn(c,()=>{window.setTimeout(()=>G(u),1)}),Hn(o,()=>{Ml(()=>{G(u)})}),Hn(n,()=>{n.value==u.nodeId&&(c.value=!0)});function g(){const $=qH(p.value,u[_.CTE_NAME]);$&&i?.($.nodeId,!0)}return($,I)=>(k(),D("div",{ref_key:"outerEl",ref:e,onMousedown:I[4]||(I[4]=Me(()=>{},["stop"]))},[v("div",{class:Pt(["text-start plan-node",{detailed:c.value,"never-executed":h(R),parallel:h(O),selected:h(n)==u.nodeId,highlight:h(r)==u.nodeId}])},[u[h(_).SUBPLAN_NAME]?(k(),D("div",Y$,[v("b",q$,vt(u[h(_).SUBPLAN_NAME]),1)])):it("",!0),I[34]||(I[34]=T()),h(O)?(k(),D("div",j$,[(k(!0),D(Vt,null,je(h(L),P=>(k(),D("div",{key:P,style:Qe({top:1+P*2+"px",left:1+(P+1)*3+"px"}),class:Pt({"border-dashed":P>=h(M)})},vt(P),7))),128))])):it("",!0),I[35]||(I[35]=T()),v("div",{class:"plan-node-body card",onMouseenter:I[2]||(I[2]=P=>r.value=u.nodeId),onMouseleave:I[3]||(I[3]=P=>r.value=void 0)},[v("div",J$,[v("header",Q$,[v("h4",{class:"text-body overflow-hidden btn btn-light text-start py-0 px-1",onClick:I[0]||(I[0]=Me(P=>c.value=!c.value,["prevent","stop"]))},[v("span",Z$,[c.value?(k(),Be(h(Se),{key:0,"fixed-width":"",icon:h(yH)},null,8,["icon"])):(k(),Be(h(Se),{key:1,"fixed-width":"",icon:h(iR)},null,8,["icon"]))]),T(" "+vt(h(E)),1)]),I[6]||(I[6]=T()),v("div",t7,[wt(X$,{node:u},null,8,["node"]),I[5]||(I[5]=T()),v("a",{class:"fw-normal small ms-1",href:"",onClick:I[1]||(I[1]=Me(P=>h(i)(u.nodeId,!0),["prevent","stop"]))},`
                #`+vt(u.nodeId),1)])]),I[31]||(I[31]=T()),v("div",e7,[u[h(_).RELATION_NAME]||u[h(_).FUNCTION_NAME]?(k(),D("div",{key:0,class:Pt({"line-clamp-2":!c.value})},[I[8]||(I[8]=v("span",{class:"text-secondary"},"on",-1)),I[9]||(I[9]=T()),u[h(_).SCHEMA]?(k(),D("span",n7,vt(u[h(_).SCHEMA])+".",1)):it("",!0),T(vt(u[h(_).RELATION_NAME])+" "+vt(u[h(_).FUNCTION_NAME])+" ",1),u[h(_).ALIAS]?(k(),D("span",r7,[I[7]||(I[7]=v("span",{class:"text-secondary"},"as",-1)),T(" "+vt(u[h(_).ALIAS]),1)])):it("",!0)],2)):u[h(_).ALIAS]?(k(),D("div",{key:1,class:Pt({"line-clamp-2":!c.value})},[I[10]||(I[10]=v("span",{class:"text-secondary"},"on",-1)),I[11]||(I[11]=T()),v("span",{innerHTML:h(Yi)(u[h(_).ALIAS])},null,8,i7)],2)):it("",!0),I[23]||(I[23]=T()),u[h(_).GROUP_KEY]?(k(),D("div",{key:2,class:Pt({"line-clamp-2":!c.value})},[I[12]||(I[12]=v("span",{class:"text-secondary"},"by",-1)),I[13]||(I[13]=T()),v("span",{innerHTML:h(Yi)(u[h(_).GROUP_KEY])},null,8,s7)],2)):it("",!0),I[24]||(I[24]=T()),u[h(_).SORT_KEY]?(k(),D("div",{key:3,class:Pt({"line-clamp-2":!c.value})},[I[14]||(I[14]=v("span",{class:"text-secondary"},"by",-1)),I[15]||(I[15]=T()),v("span",{innerHTML:h(uR)(u[h(_).SORT_KEY],u[h(_).PRESORTED_KEY])},null,8,o7)],2)):it("",!0),I[25]||(I[25]=T()),u[h(_).JOIN_TYPE]?(k(),D("div",a7,[T(vt(u[h(_).JOIN_TYPE])+" ",1),I[16]||(I[16]=v("span",{class:"text-secondary"},"join",-1))])):it("",!0),I[26]||(I[26]=T()),u[h(_).INDEX_NAME]?(k(),D("div",{key:5,class:Pt({"line-clamp-2":!c.value})},[I[17]||(I[17]=v("span",{class:"text-secondary"},"using",-1)),I[18]||(I[18]=T()),v("span",{innerHTML:h(Yi)(u[h(_).INDEX_NAME])},null,8,l7)],2)):it("",!0),I[27]||(I[27]=T()),u[h(_).HASH_CONDITION]?(k(),D("div",{key:6,class:Pt({"line-clamp-2":!c.value})},[I[19]||(I[19]=v("span",{class:"text-secondary"},"on",-1)),I[20]||(I[20]=T()),v("span",{innerHTML:h(Yi)(u[h(_).HASH_CONDITION])},null,8,c7)],2)):it("",!0),I[28]||(I[28]=T()),u[h(_).CTE_NAME]?(k(),D("div",u7,[v("a",{class:"text-reset",href:"",onClick:Me(g,["prevent","stop"])},[wt(h(Se),{icon:h(HH),class:"text-secondary"},null,8,["icon"]),I[21]||(I[21]=T()),I[22]||(I[22]=v("span",{class:"text-secondary"},"CTE",-1)),T(" "+vt(u[h(_).CTE_NAME]),1)])])):it("",!0)]),I[32]||(I[32]=T()),h(o).highlightType!==h(Tr).NONE&&h(B)!==null?(k(),D("div",d7,[v("div",f7,[v("div",{class:"progress-bar",role:"progressbar",style:Qe({width:h(A)+"%","background-color":h(y)}),"aria-valuenow":"0","aria-valuemin":"0","aria-valuemax":"100"},null,4)]),I[30]||(I[30]=T()),v("span",p7,[v("span",h7,vt(h(o).highlightType)+":",1),I[29]||(I[29]=T()),v("span",{innerHTML:h(B)},null,8,m7)])])):it("",!0)]),I[33]||(I[33]=T()),c.value?(k(),Be(G$,{key:0,node:u},null,8,["node"])):it("",!0)],32)],2)],544))}}),_7={key:0,class:"plan-stats flex-shrink-0 d-flex border-bottom border-top align-items-center"},E7={class:"d-inline-block px-2"},g7={key:0,class:"text-secondary"},T7=["innerHTML"],v7={class:"d-inline-block border-start px-2"},S7={key:0,class:"text-secondary"},A7={key:1,class:"stat-value"},R7=["innerHTML"],b7={key:0,class:"d-inline-block border-start px-2 position-relative"},L7={class:"stat-value"},O7=["innerHTML"],y7={key:0,class:"stat-dropdown-container text-start"},N7={class:"d-inline-block border-start px-2 position-relative"},C7={class:"stat-value"},x7=["innerHTML"],w7={key:0,class:"stat-dropdown-container text-start"},I7={class:"float-end"},k7=["innerHTML"],B7={key:0,class:"text-secondary"},P7={key:1,class:"my-2"},D7={key:1,class:"text-secondary"},M7={key:1,class:"d-inline-block border-start px-2 position-relative"},H7={class:"stat-label"},W7={class:"badge bg-secondary"},U7={key:0,class:"stat-dropdown-container text-start"},$7={class:"table table-sm table-striped mb-0"},F7={key:2,class:"d-inline-block border-start px-2 position-relative"},V7=["innerHTML"],gT=Xe({__name:"PlanStats",setup(t){const n=new Ua().getHelpMessage,r=Le(ii),i=se(!1),o=se(!1),l=se(!1),c=Dt(()=>r.value&&r.value.content.Plan),u=B=>{let R=NaN;return B>90?R=4:B>40?R=3:B>10&&(R=2),R?"c-"+R:!1},p=Dt(()=>{const B=r.value.planStats.executionTime||0,R=E.value||0;return Q.round(R/B*100)});function f(B){const R=r.value.planStats.executionTime||0,M=B.Time;return Q.round(M/R*100)}const E=Dt(()=>Q.sumBy(r.value.planStats.triggers,B=>B.Time));function A(B){const R=B[_.IO_READ_TIME],M=B[_.AVERAGE_IO_READ_TIME],O=B[_.IO_WRITE_TIME],L=B[_.AVERAGE_IO_WRITE_TIME],G=[];return R&&G.push(`read=${Ss(_.IO_READ_TIME,R)} <small class="text-body-secondary">~${Ss(_.AVERAGE_IO_READ_TIME,M)}</small>`),O&&G.push(`write=${Ss(_.IO_WRITE_TIME,O)} <small class="text-body-secondary">~${Ss(_.AVERAGE_IO_WRITE_TIME,L)}</small>`),G.join(", ")}function y(B){return B.Plans.some(function R(M){return M[_.WORKERS_PLANNED]||M[_.WORKERS_PLANNED_BY_GATHER]?!0:Array.isArray(M.Plans)&&M.Plans.some(R)})}return(B,R)=>h(r)?(k(),D("div",_7,[v("div",E7,[R[6]||(R[6]=T(`
      Execution time:
      `)),h(r).planStats.executionTime?(k(),D("span",{key:1,class:"stat-value",innerHTML:h(ir)(h(r).planStats.executionTime)},null,8,T7)):(k(),D("span",g7,[R[5]||(R[5]=T(`
          N/A
          `)),be(wt(h(Se),{icon:h(_o),class:"cursor-help"},null,8,["icon"]),[[h(Ce),h(n)("missing execution time")]])]))]),R[41]||(R[41]=T()),v("div",v7,[R[8]||(R[8]=T(`
      Planning time:
      `)),h(r).planStats.planningTime?(k(),D("span",A7,[v("span",{class:Pt("mb-0 p-0 px-1 alert "+u(h(r).planStats.planningTime/h(r).planStats.executionTime*100)),innerHTML:h(ir)(h(r).planStats.planningTime)},null,10,R7)])):(k(),D("span",S7,[R[7]||(R[7]=T(`
          N/A
          `)),be(wt(h(Se),{icon:h(_o),class:"cursor-help"},null,8,["icon"]),[[h(Ce),h(n)("missing planning time")]])]))]),R[42]||(R[42]=T()),h(r).planStats.jitTime&&h(r).planStats.executionTime?(k(),D("div",b7,[R[11]||(R[11]=T(`
      JIT:
      `)),v("span",L7,[v("span",{class:Pt("mb-0 p-0 px-1 alert "+u(h(r).planStats.jitTime/h(r).planStats.executionTime*100)),innerHTML:h(ir)(h(r).planStats.jitTime)},null,10,O7),R[9]||(R[9]=T()),v("button",{onClick:R[0]||(R[0]=Me(M=>l.value=!l.value,["prevent"])),class:"bg-transparent border-0 p-0 m-0 ps-1"},[wt(h(Se),{icon:h(nh),class:"text-secondary"},null,8,["icon"])]),R[10]||(R[10]=T()),l.value?(k(),D("div",y7,[v("div",null,[h(r).content.JIT?(k(),Be(cR,{key:0,jit:h(r).content.JIT},null,8,["jit"])):it("",!0)])])):it("",!0)])])):it("",!0),R[43]||(R[43]=T()),v("div",N7,[R[28]||(R[28]=v("span",{class:"stat-label"},"Triggers: ",-1)),R[29]||(R[29]=T()),h(r).planStats.triggers&&h(r).planStats.triggers.length?(k(),D(Vt,{key:0},[v("span",C7,[v("span",{class:Pt("mb-0 p-0 px-1 alert "+h(o0)(p.value)),innerHTML:h(ir)(E.value)},null,10,x7)]),R[26]||(R[26]=T()),v("button",{onClick:R[1]||(R[1]=Me(M=>o.value=!o.value,["prevent"])),class:"bg-transparent border-0 p-0 m-0 ps-1"},[wt(h(Se),{icon:h(nh),class:"text-secondary"},null,8,["icon"])]),R[27]||(R[27]=T()),o.value?(k(),D("div",w7,[v("button",{class:"btn btn-xs btn-close float-end",onClick:R[2]||(R[2]=M=>o.value=!1)}),R[23]||(R[23]=T()),R[24]||(R[24]=v("h3",null,"Triggers",-1)),R[25]||(R[25]=T()),(k(!0),D(Vt,null,je(h(r).planStats.triggers,(M,O)=>(k(),D("div",{key:O},[T(vt(M["Trigger Name"])+" ",1),R[13]||(R[13]=v("br",null,null,-1)),R[14]||(R[14]=T()),R[15]||(R[15]=v("span",{class:"text-secondary"},"Called",-1)),T(" "+vt(M.Calls),1),R[16]||(R[16]=v("span",{class:"text-secondary"},"×",-1)),R[17]||(R[17]=T()),v("span",I7,[v("span",{class:Pt("p-0 px-1 alert "+h(o0)(f(M))),innerHTML:h(ir)(M.Time)},null,10,k7),T(`
              | `+vt(f(M)),1),R[12]||(R[12]=v("span",{class:"text-secondary"},"%",-1))]),R[18]||(R[18]=T()),R[19]||(R[19]=v("br",null,null,-1)),R[20]||(R[20]=T()),M.Relation?(k(),D("span",B7,"on")):it("",!0),T(" "+vt(M.Relation)+" ",1),R[21]||(R[21]=v("div",{class:"clearfix"},null,-1)),R[22]||(R[22]=T()),h(r).planStats.triggers&&O!=h(r).planStats.triggers.length-1?(k(),D("hr",P7)):it("",!0)]))),128))])):it("",!0)],64)):(k(),D("span",D7," N/A "))]),R[44]||(R[44]=T()),h(r).planStats.settings?(k(),D("div",M7,[v("span",H7,[R[30]||(R[30]=T(`Settings:
        `)),v("span",W7,vt(h(Q).keys(h(r).planStats.settings).length),1)]),R[37]||(R[37]=T()),v("button",{onClick:R[3]||(R[3]=Me(M=>i.value=!i.value,["prevent"])),class:"bg-transparent border-0 p-0 m-0 ps-1"},[wt(h(Se),{icon:h(nh),class:"text-secondary"},null,8,["icon"])]),R[38]||(R[38]=T()),i.value?(k(),D("div",U7,[v("button",{class:"btn btn-xs btn-close float-end",onClick:R[4]||(R[4]=M=>i.value=!1)}),R[32]||(R[32]=T()),R[33]||(R[33]=v("h3",null,"PG Settings",-1)),R[34]||(R[34]=T()),R[35]||(R[35]=v("em",{class:"text-secondary d-block pb-2"},`
          Configuration parameters affecting query planning with value different
          from the built-in default value.
        `,-1)),R[36]||(R[36]=T()),v("table",$7,[v("tbody",null,[(k(!0),D(Vt,null,je(h(r).planStats.settings,(M,O)=>(k(),D("tr",{key:O},[v("td",null,vt(O),1),R[31]||(R[31]=T()),v("td",null,vt(M),1)]))),128))])])])):it("",!0)])):it("",!0),R[45]||(R[45]=T()),c.value&&(c.value[h(_).AVERAGE_IO_READ_TIME]||c.value[h(_).AVERAGE_IO_WRITE_TIME])?(k(),D("div",F7,[R[39]||(R[39]=T(`
      IO: `)),v("span",{innerHTML:A(c.value)},null,8,V7),R[40]||(R[40]=T()),y(c.value)?be((k(),Be(h(Se),{key:0,icon:h(_o),class:"cursor-help d-inline-block text-secondary"},null,8,["icon"])),[[h(Ce),{content:h(n)("io timings parallel")}]]):it("",!0)])):it("",!0)])):it("",!0)}}),z7={class:"table"},Su=Xe({__name:"SortedTable",props:{values:{},sort:{},dir:{}},setup(t){const e=t,n=se(e.sort),r=se(e.dir);Yn("sort",n),Yn("dir",r),Yn("sortBy",o);const i=Dt(()=>Q.orderBy(e.values,n.value,r.value));function o(l){l===n.value&&(r.value=r.value===Si.asc?Si.desc:Si.asc),n.value=l}return(l,c)=>(k(),D("table",z7,[vs(l.$slots,"default"),c[0]||(c[0]=T()),vs(l.$slots,"head"),c[1]||(c[1]=T()),vs(l.$slots,"body",{values:i.value}),c[2]||(c[2]=T()),vs(l.$slots,"foot")]))}}),Br=Xe({__name:"SortLink",props:{name:{}},setup(t){const e=Le("dir"),n=Le("sort"),r=Le("sortBy");return(i,o)=>(k(),D("a",{href:"#",onClick:o[0]||(o[0]=Me(l=>h(r)&&h(r)(i.name),["prevent"]))},[vs(i.$slots,"default",{},()=>[T(vt(i.name),1)]),o[1]||(o[1]=T()),h(n)==i.name&&h(e)==h(Si).asc?(k(),Be(h(Se),{key:0,"fixed-width":"",icon:h(PH)},null,8,["icon"])):h(n)==i.name&&h(e)==h(Si).desc?(k(),Be(h(Se),{key:1,"fixed-width":"",icon:h(xH)},null,8,["icon"])):it("",!0)]))}}),G7={class:"thead-light"},K7={class:"text-end"},X7={class:"text-end"},Y7={class:"text-end"},q7={class:"ps-3"},j7=["href"],J7={class:"text-end"},Q7={class:"px-1"},Z7={class:"text-end"},Au=Xe({__name:"StatsTableItem",props:{value:{},executionTime:{}},setup(t){const e=t,n=se(!1);function r(i){return i[_.EXCLUSIVE_DURATION]/e.executionTime}return(i,o)=>(k(),D(Vt,null,[v("thead",G7,[v("tr",{onClick:o[0]||(o[0]=Me(l=>n.value=!n.value,["prevent"])),role:"button"},[v("th",null,[n.value?(k(),Be(h(Se),{key:0,"fixed-width":"",icon:h(iR)},null,8,["icon"])):(k(),Be(h(Se),{key:1,"fixed-width":"",icon:h(WH)},null,8,["icon"])),T(" "+vt(e.value.name),1)]),o[1]||(o[1]=T()),v("th",K7,vt(e.value.count),1),o[2]||(o[2]=T()),v("th",X7,[v("span",{class:Pt(["alert p-0 px-1",h(o0)(e.value.timePercent*100)])},vt(h(ir)(e.value.time)),3)]),o[3]||(o[3]=T()),v("th",Y7,vt(h(oT)(e.value.timePercent)),1)])]),o[8]||(o[8]=T()),v("tbody",{class:Pt(n.value?"":"d-none")},[(k(!0),D(Vt,null,je(h(Q).reverse(h(Q).sortBy(e.value.nodes,h(_).EXCLUSIVE_DURATION)),l=>(k(),D("tr",{key:l.nodeId,style:{"font-size":"smaller"}},[v("td",q7,[v("a",{href:`#plan/node/${l.nodeId}`,class:"me-1"},"#"+vt(l.nodeId),9,j7),T(" "+vt(l[h(_).NODE_TYPE]),1)]),o[4]||(o[4]=T()),o[5]||(o[5]=v("td",{class:"text-end"},null,-1)),o[6]||(o[6]=T()),v("td",J7,[v("span",Q7,vt(h(ir)(l[h(_).EXCLUSIVE_DURATION])),1)]),o[7]||(o[7]=T()),v("td",Z7,vt(h(oT)(r(l))),1)]))),128))],2)],64))}}),t9={class:"small stats container-fluid mt-2"},e9={class:"row row-cols-1 row-cols-lg-2 row-cols-xxl-3 g-4"},n9={class:"col"},r9={class:"card"},i9={class:"card-body"},s9={class:"table-secondary"},o9={scope:"col"},a9={scope:"col",class:"text-end"},l9={scope:"col",colspan:"2",class:"text-end"},c9={key:0},u9={class:"col"},d9={class:"card"},f9={class:"card-body"},p9={class:"table-secondary"},h9={scope:"col"},m9={scope:"col",class:"text-end"},_9={scope:"col",colspan:"2",class:"text-end"},E9={key:0},g9={class:"col"},T9={class:"card"},v9={class:"card-body"},S9={class:"table-secondary"},A9={scope:"col"},R9={scope:"col",class:"text-end"},b9={scope:"col",colspan:"2",class:"text-end"},L9={class:"col"},O9={class:"card"},y9={class:"card-body"},N9={class:"table-secondary"},C9={scope:"col"},x9={scope:"col",class:"text-end"},w9={scope:"col",colspan:"2",class:"text-end"},I9={key:0},k9=Xe({__name:"Stats",setup(t){const e=[],n=se(0),r=Le(ii);ks(()=>{n.value=r.value.planStats.executionTime||r.value.content.Plan?.[_.ACTUAL_TOTAL_TIME],r.value.content.Plan&&(i(e,r.value.content.Plan),Q.each(r.value.ctes,f=>{i(e,f)}))});function i(f,E){f.push(E),Q.each(E.Plans,A=>{i(f,A)})}function o(f){return Q.sumBy(f,_.EXCLUSIVE_DURATION)/n.value}const l=Dt(()=>{const f=Q.groupBy(Q.filter(e,A=>A[_.RELATION_NAME]!==void 0),_.RELATION_NAME),E=[];return Q.each(f,(A,y)=>{E.push({name:y,count:A.length,time:Q.sumBy(A,_.EXCLUSIVE_DURATION),timePercent:o(A),nodes:A})}),E}),c=Dt(()=>{const f=Q.groupBy(Q.filter(e,A=>A[_.FUNCTION_NAME]!==void 0),_.FUNCTION_NAME),E=[];return Q.each(f,(A,y)=>{E.push({name:y,count:A.length,time:Q.sumBy(A,_.EXCLUSIVE_DURATION),timePercent:o(A),nodes:A})}),E}),u=Dt(()=>{const f=Q.groupBy(e,_.NODE_TYPE),E=[];return Q.each(f,(A,y)=>{E.push({name:y,count:A.length,time:Q.sumBy(A,_.EXCLUSIVE_DURATION),timePercent:o(A),nodes:A})}),E}),p=Dt(()=>{const f=Q.groupBy(Q.filter(e,A=>A[_.INDEX_NAME]!==void 0),_.INDEX_NAME),E=[];return Q.each(f,(A,y)=>{E.push({name:y,count:A.length,time:Q.sumBy(A,_.EXCLUSIVE_DURATION),timePercent:o(A),nodes:A})}),E});return(f,E)=>(k(),D("div",t9,[v("div",e9,[v("div",n9,[v("div",r9,[v("div",i9,[wt(Su,{class:"table table-sm mb-0",values:l.value,sort:"time",dir:h(Si).desc},{body:ze(A=>[(k(!0),D(Vt,null,je(A.values,y=>(k(),Be(Au,{key:y,value:y,executionTime:n.value},null,8,["value","executionTime"]))),128))]),default:ze(()=>[v("thead",s9,[v("tr",null,[v("th",o9,[wt(Br,{name:"name"},{default:ze(()=>E[0]||(E[0]=[T("Table")])),_:1})]),E[3]||(E[3]=T()),v("th",a9,[wt(Br,{name:"count"},{default:ze(()=>E[1]||(E[1]=[T("Count")])),_:1})]),E[4]||(E[4]=T()),v("th",l9,[wt(Br,{name:"time"},{default:ze(()=>E[2]||(E[2]=[T("Time")])),_:1})])])]),E[6]||(E[6]=T()),E[7]||(E[7]=T()),l.value.length?it("",!0):(k(),D("tbody",c9,E[5]||(E[5]=[v("tr",null,[v("td",{colspan:"3",class:"text-center fst-italic"},`
                    No tables used
                  `)],-1)])))]),_:1},8,["values","dir"])])])]),E[30]||(E[30]=T()),v("div",u9,[v("div",d9,[v("div",f9,[wt(Su,{class:"table table-sm mb-0",values:c.value,sort:"time",dir:h(Si).desc},{body:ze(A=>[(k(!0),D(Vt,null,je(A.values,y=>(k(),Be(Au,{key:y,value:y,executionTime:n.value},null,8,["value","executionTime"]))),128))]),default:ze(()=>[v("thead",p9,[v("tr",null,[v("th",h9,[wt(Br,{name:"name"},{default:ze(()=>E[8]||(E[8]=[T("Function")])),_:1})]),E[11]||(E[11]=T()),v("th",m9,[wt(Br,{name:"count"},{default:ze(()=>E[9]||(E[9]=[T("Count")])),_:1})]),E[12]||(E[12]=T()),v("th",_9,[wt(Br,{name:"time"},{default:ze(()=>E[10]||(E[10]=[T("Time")])),_:1})])])]),E[14]||(E[14]=T()),E[15]||(E[15]=T()),c.value.length?it("",!0):(k(),D("tbody",E9,E[13]||(E[13]=[v("tr",null,[v("td",{colspan:"3",class:"text-center fst-italic"},`
                    No function used
                  `)],-1)])))]),_:1},8,["values","dir"])])])]),E[31]||(E[31]=T()),v("div",g9,[v("div",T9,[v("div",v9,[wt(Su,{class:"table table-sm mb-0",values:u.value,sort:"time",dir:h(Si).desc},{body:ze(A=>[(k(!0),D(Vt,null,je(A.values,y=>(k(),Be(Au,{key:y,value:y,executionTime:n.value},null,8,["value","executionTime"]))),128))]),default:ze(()=>[v("thead",S9,[v("tr",null,[v("th",A9,[wt(Br,{name:"name"},{default:ze(()=>E[16]||(E[16]=[T("Node Type")])),_:1})]),E[19]||(E[19]=T()),v("th",R9,[wt(Br,{name:"count"},{default:ze(()=>E[17]||(E[17]=[T("Count")])),_:1})]),E[20]||(E[20]=T()),v("th",b9,[wt(Br,{name:"time"},{default:ze(()=>E[18]||(E[18]=[T("Time")])),_:1})])])]),E[21]||(E[21]=T())]),_:1},8,["values","dir"])])])]),E[32]||(E[32]=T()),v("div",L9,[v("div",O9,[v("div",y9,[wt(Su,{class:"table table-sm mb-0",values:p.value,sort:"time",dir:h(Si).desc},{body:ze(A=>[(k(!0),D(Vt,null,je(A.values,y=>(k(),Be(Au,{key:y,value:y,executionTime:n.value},null,8,["value","executionTime"]))),128))]),default:ze(()=>[v("thead",N9,[v("tr",null,[v("th",C9,[wt(Br,{name:"name"},{default:ze(()=>E[22]||(E[22]=[T("Index")])),_:1})]),E[25]||(E[25]=T()),v("th",x9,[wt(Br,{name:"count"},{default:ze(()=>E[23]||(E[23]=[T("Count")])),_:1})]),E[26]||(E[26]=T()),v("th",w9,[wt(Br,{name:"time"},{default:ze(()=>E[24]||(E[24]=[T("Time")])),_:1})])])]),E[28]||(E[28]=T()),E[29]||(E[29]=T()),p.value.length?it("",!0):(k(),D("tbody",I9,E[27]||(E[27]=[v("tr",null,[v("td",{colspan:"3",class:"text-center fst-italic"},`
                    No index used
                  `)],-1)])))]),_:1},8,["values","dir"])])])])])]))}});let B9=class{nodeId;size;Options;Timing;Settings;[_.ACTUAL_LOOPS];[_.ACTUAL_ROWS];[_.ACTUAL_ROWS_REVISED];[_.ACTUAL_STARTUP_TIME];[_.ACTUAL_TOTAL_TIME];[_.EXCLUSIVE_COST];[_.EXCLUSIVE_DURATION];[_.EXCLUSIVE_LOCAL_DIRTIED_BLOCKS];[_.EXCLUSIVE_LOCAL_HIT_BLOCKS];[_.EXCLUSIVE_LOCAL_READ_BLOCKS];[_.EXCLUSIVE_LOCAL_WRITTEN_BLOCKS];[_.EXCLUSIVE_SHARED_DIRTIED_BLOCKS];[_.EXCLUSIVE_SHARED_HIT_BLOCKS];[_.EXCLUSIVE_SHARED_READ_BLOCKS];[_.EXCLUSIVE_SHARED_WRITTEN_BLOCKS];[_.EXCLUSIVE_TEMP_READ_BLOCKS];[_.EXCLUSIVE_TEMP_WRITTEN_BLOCKS];[_.FILTER];[_.PLANNER_ESTIMATE_DIRECTION];[_.PLANNER_ESTIMATE_FACTOR];[_.INDEX_NAME];[_.NODE_TYPE];[_.PARALLEL_AWARE];[_.PLANS];[_.PLAN_ROWS];[_.PLAN_ROWS_REVISED];[_.ROWS_REMOVED_BY_FILTER_REVISED];[_.ROWS_REMOVED_BY_JOIN_FILTER_REVISED];[_.SUBPLAN_NAME];[_.TOTAL_COST];[_.WORKERS];[_.WORKERS_LAUNCHED];[_.WORKERS_PLANNED];[_.WORKERS_PLANNED_BY_GATHER];[_.EXCLUSIVE_IO_READ_TIME];[_.EXCLUSIVE_IO_WRITE_TIME];[_.AVERAGE_IO_READ_TIME];[_.AVERAGE_IO_WRITE_TIME];constructor(e){if(!e)return;this[_.NODE_TYPE]=e;const n=/^((?:Parallel\s+)?(?:Seq\sScan|Tid.*Scan|Bitmap\s+Heap\s+Scan|(?:Async\s+)?Foreign\s+Scan|Update|Insert|Delete))\son\s(\S+)(?:\s+(\S+))?$/.exec(e),r=/^(Bitmap\s+Index\s+Scan)\son\s(\S+)$/.exec(e),i=/^((?:Parallel\s+)?Index(?:\sOnly)?\sScan(?:\sBackward)?)\susing\s(\S+)\son\s(\S+)(?:\s+(\S+))?$/.exec(e),o=/^(CTE\sScan)\son\s(\S+)(?:\s+(\S+))?$/.exec(e),l=/^(Function\sScan)\son\s(\S+)(?:\s+(\S+))?$/.exec(e),c=/^(Subquery\sScan)\son\s(.+)$/.exec(e);n?(this[_.NODE_TYPE]=n[1],this[_.RELATION_NAME]=n[2],n[3]&&(this[_.ALIAS]=n[3])):r?(this[_.NODE_TYPE]=r[1],this[_.INDEX_NAME]=r[2]):i?(this[_.NODE_TYPE]=i[1],this[_.INDEX_NAME]=i[2],this[_.RELATION_NAME]=i[3],i[4]&&(this[_.ALIAS]=i[4])):o?(this[_.NODE_TYPE]=o[1],this[_.CTE_NAME]=o[2],o[3]&&(this[_.ALIAS]=o[3])):l?(this[_.NODE_TYPE]=l[1],this[_.FUNCTION_NAME]=l[2],l[3]&&(this[_.ALIAS]=l[3])):c&&(this[_.NODE_TYPE]=c[1],this[_.ALIAS]=c[2]);const u=/^(Parallel\s+)(.*)/.exec(this[_.NODE_TYPE]);u&&(this[_.NODE_TYPE]=u[2],this[_.PARALLEL_AWARE]=!0);const p=/(.*)\sJoin$/.exec(this[_.NODE_TYPE]),f=/(.*)\s+(Full|Left|Right|Anti)/.exec(this[_.NODE_TYPE]);p&&(this[_.NODE_TYPE]=p[1],f&&(this[_.NODE_TYPE]=f[1],this[_.JOIN_TYPE]=f[2]),this[_.NODE_TYPE]+=" Join")}};class P9{constructor(e){this[qd.WORKER_NUMBER]=e}}var uh={},dh={exports:{}},TT;function D9(){return TT||(TT=1,function(t){function e(r){if(r)return n(r);this._callbacks=new Map}function n(r){return Object.assign(r,e.prototype),r._callbacks=new Map,r}e.prototype.on=function(r,i){const o=this._callbacks.get(r)??[];return o.push(i),this._callbacks.set(r,o),this},e.prototype.once=function(r,i){const o=(...l)=>{this.off(r,o),i.apply(this,l)};return o.fn=i,this.on(r,o),this},e.prototype.off=function(r,i){if(r===void 0&&i===void 0)return this._callbacks.clear(),this;if(i===void 0)return this._callbacks.delete(r),this;const o=this._callbacks.get(r);if(o){for(const[l,c]of o.entries())if(c===i||c.fn===i){o.splice(l,1);break}o.length===0?this._callbacks.delete(r):this._callbacks.set(r,o)}return this},e.prototype.emit=function(r,...i){const o=this._callbacks.get(r);if(o){const l=[...o];for(const c of l)c.apply(this,i)}return this},e.prototype.listeners=function(r){return this._callbacks.get(r)??[]},e.prototype.listenerCount=function(r){if(r)return this.listeners(r).length;let i=0;for(const o of this._callbacks.values())i+=o.length;return i},e.prototype.hasListeners=function(r){return this.listenerCount(r)>0},e.prototype.addEventListener=e.prototype.on,e.prototype.removeListener=e.prototype.off,e.prototype.removeEventListener=e.prototype.off,e.prototype.removeAllListeners=e.prototype.off,t.exports=e}(dh)),dh.exports}var fh,vT;function M9(){if(vT)return fh;vT=1;var t=D9();function e(){t.call(this)}return e.prototype=new t,fh=e,e.Stream=e,e.prototype.pipe=function(n,r){var i=this;function o(A){n.writable&&n.write(A)===!1&&i.pause&&i.pause()}i.on("data",o);function l(){i.readable&&i.resume&&i.resume()}n.on("drain",l),!n._isStdio&&(!r||r.end!==!1)&&(i.on("end",u),i.on("close",p));var c=!1;function u(){c||(c=!0,n.end())}function p(){c||(c=!0,typeof n.destroy=="function"&&n.destroy())}function f(A){if(E(),!this.hasListeners("error"))throw A}i.on("error",f),n.on("error",f);function E(){i.off("data",o),n.off("drain",l),i.off("end",u),i.off("close",p),i.off("error",f),n.off("error",f),i.off("end",E),i.off("close",E),n.off("end",E),n.off("close",E)}return i.on("end",E),i.on("close",E),n.on("end",E),n.on("close",E),n.emit("pipe",i),n},fh}var ST;function H9(){return ST||(ST=1,function(t){var e={};(function(n){var r=typeof process=="object"&&e?e:self;n.parser=function(X){return new y(X)},n.CParser=y,n.CStream=R,n.createStream=B,n.MAX_BUFFER_LENGTH=64*1024,n.DEBUG=r.CDEBUG==="debug",n.INFO=r.CDEBUG==="debug"||r.CDEBUG==="info",n.EVENTS=["value","string","key","openobject","closeobject","openarray","closearray","error","end","ready"];var i={textNode:void 0,numberNode:""},o=n.EVENTS.filter(function(X){return X!=="error"&&X!=="end"}),l=0,c;n.STATE={BEGIN:l++,VALUE:l++,OPEN_OBJECT:l++,CLOSE_OBJECT:l++,OPEN_ARRAY:l++,CLOSE_ARRAY:l++,TEXT_ESCAPE:l++,STRING:l++,BACKSLASH:l++,END:l++,OPEN_KEY:l++,CLOSE_KEY:l++,TRUE:l++,TRUE2:l++,TRUE3:l++,FALSE:l++,FALSE2:l++,FALSE3:l++,FALSE4:l++,NULL:l++,NULL2:l++,NULL3:l++,NUMBER_DECIMAL_POINT:l++,NUMBER_DIGIT:l++};for(var u in n.STATE)n.STATE[n.STATE[u]]=u;l=n.STATE;const p={tab:9,lineFeed:10,carriageReturn:13,space:32,doubleQuote:34,plus:43,comma:44,minus:45,period:46,_0:48,_9:57,colon:58,E:69,openBracket:91,backslash:92,closeBracket:93,a:97,b:98,e:101,f:102,l:108,n:110,r:114,s:115,t:116,u:117,openBrace:123,closeBrace:125};Object.create||(Object.create=function(X){function w(){this.__proto__=X}return w.prototype=X,new w}),Object.getPrototypeOf||(Object.getPrototypeOf=function(X){return X.__proto__}),Object.keys||(Object.keys=function(X){var w=[];for(var Z in X)X.hasOwnProperty(Z)&&w.push(Z);return w});function f(X){var w=Math.max(n.MAX_BUFFER_LENGTH,10),Z=0;for(var H in i){var b=X[H]===void 0?0:X[H].length;if(b>w)switch(H){case"text":closeText(X);break;default:$(X,"Max buffer length exceeded: "+H)}Z=Math.max(Z,b)}X.bufferCheckPosition=n.MAX_BUFFER_LENGTH-Z+X.position}function E(X){for(var w in i)X[w]=i[w]}var A=/[\\"\n]/g;function y(X){if(!(this instanceof y))return new y(X);var w=this;E(w),w.bufferCheckPosition=n.MAX_BUFFER_LENGTH,w.q=w.c=w.p="",w.opt=X||{},w.closed=w.closedRoot=w.sawRoot=!1,w.tag=w.error=null,w.state=l.BEGIN,w.stack=new Array,w.position=w.column=0,w.line=1,w.slashed=!1,w.unicodeI=0,w.unicodeS=null,w.depth=0,M(w,"onready")}y.prototype={end:function(){I(this)},write:dt,resume:function(){return this.error=null,this},close:function(){return this.write(null)}};try{c=M9().Stream}catch{c=function(){}}function B(X){return new R(X)}function R(X){if(!(this instanceof R))return new R(X);this._parser=new y(X),this.writable=!0,this.readable=!0,this.bytes_remaining=0,this.bytes_in_sequence=0,this.temp_buffs={2:new Buffer(2),3:new Buffer(3),4:new Buffer(4)},this.string="";var w=this;c.apply(w),this._parser.onend=function(){w.emit("end")},this._parser.onerror=function(Z){w.emit("error",Z),w._parser.error=null},o.forEach(function(Z){Object.defineProperty(w,"on"+Z,{get:function(){return w._parser["on"+Z]},set:function(H){if(!H)return w.removeAllListeners(Z),w._parser["on"+Z]=H,H;w.on(Z,H)},enumerable:!0,configurable:!1})})}R.prototype=Object.create(c.prototype,{constructor:{value:R}}),R.prototype.write=function(X){X=new Buffer(X);for(var w=0;w<X.length;w++){var Z=X[w];if(this.bytes_remaining>0){for(var H=0;H<this.bytes_remaining;H++)this.temp_buffs[this.bytes_in_sequence][this.bytes_in_sequence-this.bytes_remaining+H]=X[H];this.string=this.temp_buffs[this.bytes_in_sequence].toString(),this.bytes_in_sequence=this.bytes_remaining=0,w=w+H-1,this._parser.write(this.string),this.emit("data",this.string);continue}if(this.bytes_remaining===0&&Z>=128)if(Z>=194&&Z<=223&&(this.bytes_in_sequence=2),Z>=224&&Z<=239&&(this.bytes_in_sequence=3),Z>=240&&Z<=244&&(this.bytes_in_sequence=4),this.bytes_in_sequence+w>X.length){for(var b=0;b<=X.length-1-w;b++)this.temp_buffs[this.bytes_in_sequence][b]=X[w+b];return this.bytes_remaining=w+this.bytes_in_sequence-X.length,!0}else{this.string=X.slice(w,w+this.bytes_in_sequence).toString(),w=w+this.bytes_in_sequence-1,this._parser.write(this.string),this.emit("data",this.string);continue}for(var K=w;K<X.length&&!(X[K]>=128);K++);this.string=X.slice(w,K).toString(),this._parser.write(this.string),this.emit("data",this.string),w=K-1}},R.prototype.end=function(X){return X&&X.length&&this._parser.write(X.toString()),this._parser.end(),!0},R.prototype.on=function(X,w){var Z=this;return!Z._parser["on"+X]&&o.indexOf(X)!==-1&&(Z._parser["on"+X]=function(){var H=arguments.length===1?[arguments[0]]:Array.apply(null,arguments);H.splice(0,0,X),Z.emit.apply(Z,H)}),c.prototype.on.call(Z,X,w)},R.prototype.destroy=function(){E(this._parser),this.emit("close")};function M(X,w,Z){n.INFO&&console.log("-- emit",w,Z),X[w]&&X[w](Z)}function O(X,w,Z){L(X),M(X,w,Z)}function L(X,w){X.textNode=g(X.opt,X.textNode),X.textNode!==void 0&&M(X,w||"onvalue",X.textNode),X.textNode=void 0}function G(X){X.numberNode&&M(X,"onvalue",parseFloat(X.numberNode)),X.numberNode=""}function g(X,w){return w===void 0||(X.trim&&(w=w.trim()),X.normalize&&(w=w.replace(/\s+/g," "))),w}function $(X,w){return L(X),w+=`
Line: `+X.line+`
Column: `+X.column+`
Char: `+X.c,w=new Error(w),X.error=w,M(X,"onerror",w),X}function I(X){return(X.state!==l.VALUE||X.depth!==0)&&$(X,"Unexpected end"),L(X),X.c="",X.closed=!0,M(X,"onend"),y.call(X,X.opt),X}function P(X){return X===p.carriageReturn||X===p.lineFeed||X===p.space||X===p.tab}function dt(X){var w=this;if(this.error)throw this.error;if(w.closed)return $(w,"Cannot write after close. Assign an onready handler.");if(X===null)return I(w);var Z=0,H=X.charCodeAt(0),b=w.p,K=!1;for(n.DEBUG&&console.log("write -> ["+X+"]");H&&(b=H,w.c=H=X.charCodeAt(Z++),b!==H?w.p=b:b=w.p,!!H);)switch(n.DEBUG&&console.log(Z,H,n.STATE[w.state]),K?K=!1:(w.position++,H===p.lineFeed?(w.line++,w.column=0):w.column++),w.state){case l.BEGIN:H===p.openBrace?w.state=l.OPEN_OBJECT:H===p.openBracket?w.state=l.OPEN_ARRAY:P(H)||$(w,"Non-whitespace before {[.");continue;case l.OPEN_KEY:case l.OPEN_OBJECT:if(P(H))continue;if(w.state===l.OPEN_KEY)w.stack.push(l.CLOSE_KEY);else if(H===p.closeBrace){M(w,"onopenobject"),this.depth++,M(w,"oncloseobject"),this.depth--,w.state=w.stack.pop()||l.VALUE;continue}else w.stack.push(l.CLOSE_OBJECT);H===p.doubleQuote?w.state=l.STRING:$(w,'Malformed object key should start with "');continue;case l.CLOSE_KEY:case l.CLOSE_OBJECT:if(P(H))continue;w.state,l.CLOSE_KEY,H===p.colon?(w.state===l.CLOSE_OBJECT?(w.stack.push(l.CLOSE_OBJECT),L(w,"onopenobject"),this.depth++):L(w,"onkey"),w.state=l.VALUE):H===p.closeBrace?(O(w,"oncloseobject"),this.depth--,w.state=w.stack.pop()||l.VALUE):H===p.comma?(w.state===l.CLOSE_OBJECT&&w.stack.push(l.CLOSE_OBJECT),L(w),w.state=l.OPEN_KEY):$(w,"Bad object");continue;case l.OPEN_ARRAY:case l.VALUE:if(P(H))continue;if(w.state===l.OPEN_ARRAY)if(M(w,"onopenarray"),this.depth++,w.state=l.VALUE,H===p.closeBracket){M(w,"onclosearray"),this.depth--,w.state=w.stack.pop()||l.VALUE;continue}else w.stack.push(l.CLOSE_ARRAY);H===p.doubleQuote?w.state=l.STRING:H===p.openBrace?w.state=l.OPEN_OBJECT:H===p.openBracket?w.state=l.OPEN_ARRAY:H===p.t?w.state=l.TRUE:H===p.f?w.state=l.FALSE:H===p.n?w.state=l.NULL:H===p.minus?w.numberNode+="-":p._0<=H&&H<=p._9?(w.numberNode+=String.fromCharCode(H),w.state=l.NUMBER_DIGIT):$(w,"Bad value");continue;case l.CLOSE_ARRAY:if(H===p.comma)w.stack.push(l.CLOSE_ARRAY),L(w,"onvalue"),w.state=l.VALUE;else if(H===p.closeBracket)O(w,"onclosearray"),this.depth--,w.state=w.stack.pop()||l.VALUE;else{if(P(H))continue;$(w,"Bad array")}continue;case l.STRING:w.textNode===void 0&&(w.textNode="");var ht=Z-1,tt=w.slashed,ot=w.unicodeI;t:for(;;){for(n.DEBUG&&console.log(Z,H,n.STATE[w.state],tt);ot>0;)if(w.unicodeS+=String.fromCharCode(H),H=X.charCodeAt(Z++),w.position++,ot===4?(w.textNode+=String.fromCharCode(parseInt(w.unicodeS,16)),ot=0,ht=Z-1):ot++,!H)break t;if(H===p.doubleQuote&&!tt){w.state=w.stack.pop()||l.VALUE,w.textNode+=X.substring(ht,Z-1),w.position+=Z-1-ht;break}if(H===p.backslash&&!tt&&(tt=!0,w.textNode+=X.substring(ht,Z-1),w.position+=Z-1-ht,H=X.charCodeAt(Z++),w.position++,!H))break;if(tt){if(tt=!1,H===p.n?w.textNode+=`
`:H===p.r?w.textNode+="\r":H===p.t?w.textNode+="	":H===p.f?w.textNode+="\f":H===p.b?w.textNode+="\b":H===p.u?(ot=1,w.unicodeS=""):w.textNode+=String.fromCharCode(H),H=X.charCodeAt(Z++),w.position++,ht=Z-1,H)continue;break}A.lastIndex=Z;var ft=A.exec(X);if(ft===null){Z=X.length+1,w.textNode+=X.substring(ht,Z-1),w.position+=Z-1-ht;break}if(Z=ft.index+1,H=X.charCodeAt(ft.index),!H){w.textNode+=X.substring(ht,Z-1),w.position+=Z-1-ht;break}}w.slashed=tt,w.unicodeI=ot;continue;case l.TRUE:H===p.r?w.state=l.TRUE2:$(w,"Invalid true started with t"+H);continue;case l.TRUE2:H===p.u?w.state=l.TRUE3:$(w,"Invalid true started with tr"+H);continue;case l.TRUE3:H===p.e?(M(w,"onvalue",!0),w.state=w.stack.pop()||l.VALUE):$(w,"Invalid true started with tru"+H);continue;case l.FALSE:H===p.a?w.state=l.FALSE2:$(w,"Invalid false started with f"+H);continue;case l.FALSE2:H===p.l?w.state=l.FALSE3:$(w,"Invalid false started with fa"+H);continue;case l.FALSE3:H===p.s?w.state=l.FALSE4:$(w,"Invalid false started with fal"+H);continue;case l.FALSE4:H===p.e?(M(w,"onvalue",!1),w.state=w.stack.pop()||l.VALUE):$(w,"Invalid false started with fals"+H);continue;case l.NULL:H===p.u?w.state=l.NULL2:$(w,"Invalid null started with n"+H);continue;case l.NULL2:H===p.l?w.state=l.NULL3:$(w,"Invalid null started with nu"+H);continue;case l.NULL3:H===p.l?(M(w,"onvalue",null),w.state=w.stack.pop()||l.VALUE):$(w,"Invalid null started with nul"+H);continue;case l.NUMBER_DECIMAL_POINT:H===p.period?(w.numberNode+=".",w.state=l.NUMBER_DIGIT):$(w,"Leading zero not followed by .");continue;case l.NUMBER_DIGIT:p._0<=H&&H<=p._9?w.numberNode+=String.fromCharCode(H):H===p.period?(w.numberNode.indexOf(".")!==-1&&$(w,"Invalid number has two dots"),w.numberNode+="."):H===p.e||H===p.E?((w.numberNode.indexOf("e")!==-1||w.numberNode.indexOf("E")!==-1)&&$(w,"Invalid number has two exponential"),w.numberNode+="e"):H===p.plus||H===p.minus?(b===p.e||b===p.E||$(w,"Invalid symbol in number"),w.numberNode+=String.fromCharCode(H)):(G(w),Z--,K=!0,w.state=w.stack.pop()||l.VALUE);continue;default:$(w,"Unknown state: "+w.state)}return w.position>=w.bufferCheckPosition&&f(w),w}})(t)}(uh)),uh}var W9=H9();const U9=Gd(W9);class $9{static instance;nodeId=0;createPlan(e,n,r){if(r=r.replace(/(\S)(?!$)(\s{2,})/gm,"$1 "),!n.Plan)throw new Error("Invalid plan");const i={id:_.PEV_PLAN_TAG+new Date().getTime().toString(),name:e||"plan created on "+new Date().toDateString(),createdOn:new Date,content:n,query:r,planStats:{},ctes:[],isAnalyze:Q.has(n.Plan,_.ACTUAL_ROWS),isVerbose:this.findOutputProperty(n.Plan)};return this.nodeId=1,this.processNode(n.Plan,i),this.calculateMaximums(i),i}isCTE(e){return e[_.PARENT_RELATIONSHIP]==="InitPlan"&&Q.startsWith(e[_.SUBPLAN_NAME],"CTE")}processNode(e,n){e.nodeId=this.nodeId++,this.calculatePlannerEstimate(e),Q.each(e[_.PLANS],r=>{!this.isCTE(r)&&r[_.PARENT_RELATIONSHIP]!=="InitPlan"&&r[_.PARENT_RELATIONSHIP]!=="SubPlan"&&(r[_.WORKERS_PLANNED_BY_GATHER]=e[_.WORKERS_PLANNED]||e[_.WORKERS_PLANNED_BY_GATHER],r[_.WORKERS_LAUNCHED_BY_GATHER]=e[_.WORKERS_LAUNCHED]||e[_.WORKERS_LAUNCHED_BY_GATHER]),this.isCTE(r)&&n.ctes.push(r),this.processNode(r,n)}),Q.remove(e[_.PLANS],r=>this.isCTE(r)),this.calculateActuals(e),this.calculateExclusives(e),this.calculateIoTimingsAverage(e),this.convertNodeType(e)}calculateMaximums(e){function n(O){return Q.map(O,L=>[L,n(L[_.PLANS])])}let r=[];r=r.concat(Q.flattenDeep(n([e.content.Plan]))),Q.each(e.ctes,O=>{r=r.concat(Q.flattenDeep(n([O])))});const i=Q.maxBy(r,_.ACTUAL_ROWS_REVISED);i&&(e.content.maxRows=i[_.ACTUAL_ROWS_REVISED]);const o=Q.maxBy(r,_.EXCLUSIVE_COST);o&&(e.content.maxCost=o[_.EXCLUSIVE_COST]);const l=Q.maxBy(r,_.TOTAL_COST);l&&(e.content.maxTotalCost=l[_.TOTAL_COST]);const c=Q.maxBy(r,_.EXCLUSIVE_DURATION);c&&(e.content.maxDuration=c[_.EXCLUSIVE_DURATION]),e.content.maxBlocks||(e.content.maxBlocks={});function u(O){return O[_.EXCLUSIVE_SHARED_HIT_BLOCKS]+O[_.EXCLUSIVE_SHARED_READ_BLOCKS]+O[_.EXCLUSIVE_SHARED_DIRTIED_BLOCKS]+O[_.EXCLUSIVE_SHARED_WRITTEN_BLOCKS]}const p=Q.maxBy(r,O=>u(O));p&&u(p)&&(e.content.maxBlocks[de.shared]=u(p));function f(O){return O[_.EXCLUSIVE_TEMP_READ_BLOCKS]+O[_.EXCLUSIVE_TEMP_WRITTEN_BLOCKS]}const E=Q.maxBy(r,O=>f(O));E&&f(E)&&(e.content.maxBlocks[de.temp]=f(E));function A(O){return O[_.EXCLUSIVE_LOCAL_HIT_BLOCKS]+O[_.EXCLUSIVE_LOCAL_READ_BLOCKS]+O[_.EXCLUSIVE_LOCAL_DIRTIED_BLOCKS]+O[_.EXCLUSIVE_LOCAL_WRITTEN_BLOCKS]}const y=Q.maxBy(r,O=>A(O));y&&A(y)&&(e.content.maxBlocks[de.local]=A(y)),e.content.maxIo||(e.content.maxIo=0);function B(O){return O[_.EXCLUSIVE_IO_READ_TIME]+O[_.EXCLUSIVE_IO_WRITE_TIME]}const R=Q.maxBy(r,O=>B(O));R&&B(R)&&(e.content.maxIo=B(R));const M=Q.max(Q.map(r,O=>{const L=O[_.PLANNER_ESTIMATE_FACTOR];if(L!==1/0)return L}));e.content.maxEstimateFactor=M*2||1}calculateActuals(e){if(!Q.isUndefined(e[_.ACTUAL_TOTAL_TIME])){const n=(e[_.WORKERS_PLANNED_BY_GATHER]||0)+1;e[_.ACTUAL_TOTAL_TIME]=e[_.ACTUAL_TOTAL_TIME]*e[_.ACTUAL_LOOPS]/n,e[_.ACTUAL_STARTUP_TIME]=e[_.ACTUAL_STARTUP_TIME]*e[_.ACTUAL_LOOPS]/n,e[_.EXCLUSIVE_DURATION]=e[_.ACTUAL_TOTAL_TIME];const r=e[_.EXCLUSIVE_DURATION]-this.childrenDuration(e,0);e[_.EXCLUSIVE_DURATION]=r>0?r:0}Q.isUndefined(e[_.TOTAL_COST])||(e[_.EXCLUSIVE_COST]=e[_.TOTAL_COST]),Q.each(e[_.PLANS],n=>{n[_.PARENT_RELATIONSHIP]!=="InitPlan"&&n[_.TOTAL_COST]&&(e[_.EXCLUSIVE_COST]=e[_.EXCLUSIVE_COST]-n[_.TOTAL_COST])}),e[_.EXCLUSIVE_COST]<0&&(e[_.EXCLUSIVE_COST]=0),Q.each(["ACTUAL_ROWS","PLAN_ROWS","ROWS_REMOVED_BY_FILTER","ROWS_REMOVED_BY_JOIN_FILTER"],n=>{if(!Q.isUndefined(e[_[n]])){const r=n+"_REVISED",i=e[_.ACTUAL_LOOPS]||1,o=e[_[n]]*i;e[_[r]]=o}})}childrenDuration(e,n){return Q.each(e[_.PLANS],r=>{r[_.PARENT_RELATIONSHIP]!=="InitPlan"&&(n+=r[_.EXCLUSIVE_DURATION]||0,n=this.childrenDuration(r,n))}),n}calculatePlannerEstimate(e){e[_.ACTUAL_ROWS]!==void 0&&e[_.PLAN_ROWS]!==void 0&&(e[_.PLANNER_ESTIMATE_FACTOR]=e[_.ACTUAL_ROWS]/e[_.PLAN_ROWS],e[_.PLANNER_ESTIMATE_DIRECTION]=yn.none,e[_.ACTUAL_ROWS]>e[_.PLAN_ROWS]&&(e[_.PLANNER_ESTIMATE_DIRECTION]=yn.under),e[_.ACTUAL_ROWS]<e[_.PLAN_ROWS]&&(e[_.PLANNER_ESTIMATE_DIRECTION]=yn.over,e[_.PLANNER_ESTIMATE_FACTOR]=e[_.PLAN_ROWS]/e[_.ACTUAL_ROWS]))}cleanupSource(e){return e=e.replace(/^(\||║|│)(.*)\1\r?\n/gm,`$2
`),e=e.replace(/(.*)(\||║|│)$\r?\n/gm,`$1
`),e=e.replace(/^\+-+\+\r?\n/gm,""),e=e.replace(/^(-|─|═)\1+\r?\n/gm,""),e=e.replace(/^(├|╟|╠|╞)(─|═)\2*(┤|╢|╣|╡)\r?\n/gm,""),e=e.replace(/^\+-+\+\r?\n/gm,""),e=e.replace(/^└(─)+┘\r?\n/gm,""),e=e.replace(/^╚(═)+╝\r?\n/gm,""),e=e.replace(/^┌(─)+┐\r?\n/gm,""),e=e.replace(/^╔(═)+╗\r?\n/gm,""),e=e.replace(/^(["'])(.*)\1\r?/gm,"$2"),e=e.replace(/\s*\+\r?\n/g,`
`),e=e.replace(/↵\r?/gm,`
`),e=e.replace(/^\s*QUERY PLAN\s*\r?\n/m,""),e=e.replace(/^\(\d+\s+[a-z]*s?\)(\r?\n|$)/gm,`
`),e}fromSource(e){e=this.cleanupSource(e);let n=!1;try{n=JSON.parse(e)}catch{}return n?this.parseJson(e):/^(\s*)(\[|\{)\s*\n.*?\1(\]|\})\s*/gms.exec(e)?this.fromJson(e):this.fromText(e)}fromJson(e){const n=e.split(/[\r\n]+/);let r="",i=0;Q.each(n,(c,u)=>{const p=/^(\s*)(\[|\{)\s*$/.exec(c);if(p)return r=p[1],i=u,!1});let o=0;Q.each(n,(c,u)=>{if(new RegExp("^"+r+"(]|})s*$").exec(c))return o=u,!1});const l=n.slice(i,o+1).join(`
`).replace(/""/gm,'"');return this.parseJson(l)}parseJson(e){const n=U9.parser(),r=[];let i=null,o=null;return n.onvalue=l=>{const c=r[r.length-1];if(Q.isArray(c))c.push(l);else{const u=Object.keys(c),p=u[u.length-1];c[p]=l}},n.onopenobject=l=>{const c={};c[l]=null,r.push(c)},n.onkey=l=>{const c=r[r.length-1];Object.keys(c).indexOf(l)!==-1?o=[r.length-1,c[l]]:c[l]=null},n.onopenarray=()=>{r.push([])},n.oncloseobject=n.onclosearray=()=>{const l=r.pop();if(!r.length)i=l;else{const c=r[r.length-1];if(o&&o[0]===r.length-1)Q.merge(o[1],l),o=null;else if(Q.isArray(c))c.push(l);else{const u=Object.keys(c),p=u[u.length-1];c[p]=l}}},n.write(e).close(),Array.isArray(i)&&(i=i[0]),i}splitIntoLines(e){const n=[],r=e.split(/\r?\n/),i=(c,u)=>(c.match(u)||[]).length,o=c=>{const u=c.indexOf(")"),p=c.indexOf("(");return u!=-1&&u<p},l=(c,u)=>c.search(/\S/)==u.search(/\S/);return Q.each(r,c=>{i(c,/\)/g)>i(c,/\(/g)?n[n.length-1]+=c:c.match(/^(?:Total\s+runtime|Planning\s+time|Execution\s+time|Time|Filter|Output|JIT)/i)?n.push(c):c.match(/^\S/)||c.match(/^\s*\(/)||o(c)?0<n.length?n[n.length-1]+=c:n.push(c):0<n.length&&n[n.length-1].match(/^\s*Output/i)&&!l(n[n.length-1],c)?n[n.length-1]+=c:n.push(c)}),n}fromText(e){const n=this.splitIntoLines(e),r={},i=[];if(Q.each(n,o=>{o=o.replace(/"\s*$/,""),o=o.replace(/^\s*"/,""),o=o.replace(/\t/gm,"    ");const l=/^\s*/,c=o.match(l),u=c?c[0].length:0;o=o.replace(l,"");const p="^s*$",f="^\\s*(QUERY|---|#).*$",E="^(\\s*->\\s*|\\s*)",A="([^\\r\\n\\t\\f\\v\\:\\(]*?)",y="\\(cost=(\\d+\\.\\d+)\\.\\.(\\d+\\.\\d+)\\s+rows=(\\d+)\\s+width=(\\d+)\\)",B="(?:",R=")",M="\\(",O="\\)",L="(?:actual\\stime=(\\d+\\.\\d+)\\.\\.(\\d+\\.\\d+)\\srows=(\\d+(?:\\.\\d+)?)\\sloops=(\\d+)|actual\\srows=(\\d+(?:\\.\\d+)?)\\sloops=(\\d+)|(never\\s+executed))",G="?",g=new RegExp(p).exec(o),$=new RegExp(f).exec(o),P=new RegExp(E+A+"\\s*"+B+(B+y+"\\s+"+M+L+O+R)+"|"+B+y+R+"|"+B+M+L+O+R+R+"\\s*$","gm").exec(o),X=/^(\s*)((?:Sub|Init)Plan)\s*(?:\d+\s*)?\s*(?:\(returns.*\)\s*)?$/gm.exec(o),Z=/^(\s*)CTE\s+(\S+)\s*$/g.exec(o),b=/^(\s*)Trigger\s+(.*):\s+time=(\d+\.\d+)\s+calls=(\d+)\s*$/g.exec(o),ht=new RegExp(/^(\s*)Worker\s+(\d+):\s+/.source+B+L+R+G+"(.*)\\s*$","g").exec(o),ot=/^(\s*)JIT:\s*$/g.exec(o),yt=/^(\s*)(\S.*\S)\s*$/g.exec(o);if(!(g||$)){if(P&&!Z&&!X){const Lt=P[13],lt=new B9(P[2]);if((P[3]&&P[4]||P[14]&&P[15])&&(lt[_.STARTUP_COST]=parseFloat(P[3]||P[14]),lt[_.TOTAL_COST]=parseFloat(P[4]||P[15]),lt[_.PLAN_ROWS]=parseInt(P[5]||P[16],0),lt[_.PLAN_WIDTH]=parseInt(P[6]||P[17],0)),(P[7]&&P[8]||P[18]&&P[19])&&(lt[_.ACTUAL_STARTUP_TIME]=parseFloat(P[7]||P[18]),lt[_.ACTUAL_TOTAL_TIME]=parseFloat(P[8]||P[19])),P[9]&&P[10]||P[11]&&P[12]||P[20]&&P[21]){const J=P[9]||P[11]||P[20];J.indexOf(".")!=-1&&(lt[_.ACTUAL_ROWS_FRACTIONAL]=!0),lt[_.ACTUAL_ROWS]=parseFloat(J),lt[_.ACTUAL_LOOPS]=parseInt(P[10]||P[12]||P[21],0)}Lt&&(lt[_.ACTUAL_LOOPS]=0,lt[_.ACTUAL_ROWS]=0,lt[_.ACTUAL_TOTAL_TIME]=0);const j={node:lt,subelementType:"subnode"};if(i.length===0){i.push([u,j]),r.Plan=lt;return}Q.remove(i,J=>J[0]>=u);const U=Q.last(i)?.[1];if(!U)return;i.push([u,j]),U.node[_.PLANS]||(U.node[_.PLANS]=[]),U.subelementType==="initplan"?(lt[_.PARENT_RELATIONSHIP]="InitPlan",lt[_.SUBPLAN_NAME]=U.name):U.subelementType==="subplan"&&(lt[_.PARENT_RELATIONSHIP]="SubPlan",lt[_.SUBPLAN_NAME]=U.name),U.node.Plans?.push(lt)}else if(X){const Lt=X[2];Q.remove(i,U=>U[0]>=u);const j={node:Q.last(i)?.[1]?.node,subelementType:Lt.toLowerCase(),name:X[0]};i.push([u,j])}else if(Z){const Lt=Z[2];Q.remove(i,U=>U[0]>=u);const j={node:Q.last(i)?.[1]?.node,subelementType:"initplan",name:"CTE "+Lt};i.push([u,j])}else if(ht){const Lt=parseInt(ht[2],0),lt=Q.last(i)?.[1];if(!lt)return;lt.node[_.WORKERS]||(lt.node[_.WORKERS]=[]);let j=this.getWorker(lt.node,Lt);if(j||(j=new P9(Lt),lt.node[_.WORKERS]?.push(j)),ht[3]&&ht[4]&&(j[_.ACTUAL_STARTUP_TIME]=parseFloat(ht[3]),j[_.ACTUAL_TOTAL_TIME]=parseFloat(ht[4]),j[_.ACTUAL_ROWS]=parseInt(ht[5],0),j[_.ACTUAL_LOOPS]=parseInt(ht[6],0)),this.parseSort(ht[10],j))return;const U=ht[10].split(/: (.+)/).filter(J=>J);if(ht[10]){if(!U[1])return;const J=Q.startCase(U[0]);j[J]=U[1]}}else if(b)Q.remove(i,Lt=>Lt[0]>=u),r.Triggers=r.Triggers||[],r.Triggers.push({"Trigger Name":b[2],Time:this.parseTime(b[3]),Calls:b[4]});else if(ot){let Lt;if(i.length===0)r.JIT={},Lt={node:r.JIT},i.push([1,Lt]);else{const lt=Q.last(i)?.[1];if(!lt)return;if(Q.last(lt.node?.[_.WORKERS])){const j=Q.last(lt.node?.[_.WORKERS]);j.JIT={},Lt={node:j.JIT},i.push([u,Lt])}}}else if(yt){Q.remove(i,J=>J[0]>=u||u==1);let Lt;if(i.length===0?Lt=r:Lt=Q.last(i)?.[1].node,!Lt.Plan&&Lt["Query Text"]){Lt["Query Text"]+=`
`+o;return}const lt=yt[2].split(/: (.+)/).filter(J=>J);if(!lt[1]||!Lt||this.parseSort(yt[2],Lt)||this.parseBuffers(yt[2],Lt)||this.parseWAL(yt[2],Lt)||this.parseIOTimings(yt[2],Lt)||this.parseOptions(yt[2],Lt)||this.parseTiming(yt[2],Lt)||this.parseSettings(yt[2],Lt)||this.parseSortGroups(yt[2],Lt)||this.parseSortKey(yt[2],Lt))return;let j=lt[1].replace(/(\s*ms)$/,"");parseFloat(j)&&(j=parseFloat(j));let U=lt[0];(U.indexOf(" runtime")!==-1||U.indexOf(" time")!==-1)&&(U=Q.startCase(U)),Lt[U]=j}}}),r==null||!r.Plan)throw new Error("Unable to parse plan");return r}parseSortKey(e,n){const i=/^\s*((?:Sort|Presorted) Key):\s+(.*)/g.exec(e);return i?(n[i[1]]=Q.map(iT(i[2],","),Q.trim),!0):!1}parseSort(e,n){const i=/^(\s*)Sort Method:\s+(.*)\s+(Memory|Disk):\s+(?:(\S*)kB)\s*$/g.exec(e);return i?(n[_.SORT_METHOD]=i[2].trim(),n[_.SORT_SPACE_USED]=i[4],n[_.SORT_SPACE_TYPE]=i[3],!0):!1}parseBuffers(e,n){const i=/Buffers:\s+(.*)\s*$/g.exec(e);return i?(Q.each(i[1].split(/,\s+/),o=>{const c=/(shared|temp|local)\s+(.*)$/g.exec(o);if(c){const u=c[1];Q.each(["hit","read","written","dirtied"],p=>{n[Q.map([u,p,"blocks"],Q.capitalize).join(" ")]=0}),Q.each(c[2].split(/\s+/),p=>{this.parseBuffer(p,u,n)})}}),!0):!1}parseBuffer(e,n,r){const i=e.split(/=/),o=i[0],l=parseInt(i[1],0);r[Q.map([n,o,"blocks"],Q.capitalize).join(" ")]=l}getWorker(e,n){return Q.find(e[_.WORKERS],r=>r[qd.WORKER_NUMBER]===n)}parseWAL(e,n){const i=/WAL:\s+(.*)\s*$/g.exec(e);return i?(Q.each(["Records","Bytes","FPI"],o=>{n["WAL "+o]=0}),Q.each(i[1].split(/\s+/),o=>{const l=o.split(/=/),c=l[0],u=parseInt(l[1],0);let p;switch(c){case"fpi":p="FPI";break;default:p=Q.capitalize(c)}n["WAL "+p]=u}),!0):!1}parseIOTimings(e,n){const i=/I\/O Timings:\s+(.*)\s*$/g.exec(e);return i?(n[_.IO_READ_TIME]=0,n[_.IO_WRITE_TIME]=0,Q.each(i[1].split(/\s+/),o=>{const l=o.split(/=/),c=l[0],u=parseFloat(l[1]),p="IO_"+Q.upperCase(c)+"_TIME",f=_[p];n[f]=u}),!0):!1}parseOptions(e,n){const i=/^(\s*)Options:\s+(.*)$/g.exec(e);if(i){n.Options={};const o=i[2].split(/\s*,\s*/);let l;return Q.each(o,c=>{l=/^(\S*)\s+(.*)$/g.exec(c),l&&n.Options&&(n.Options[l[1]]=JSON.parse(l[2]))}),!0}return!1}parseTiming(e,n){const i=/^(\s*)Timing:\s+(.*)$/g.exec(e);if(i){n.Timing={};const o=i[2].split(/\s*,\s*/);let l;return Q.each(o,c=>{l=/^(\S*)\s+(.*)$/g.exec(c),l&&n.Timing&&(n.Timing[l[1]]=this.parseTime(l[2]))}),!0}return!1}parseTime(e){return parseFloat(e.replace(/(\s*ms)$/,""))}parseSettings(e,n){const i=/^(\s*)Settings:\s*(.*)$/g.exec(e);if(i){n.Settings={};const o=iT(i[2],",");let l;return Q.each(o,c=>{l=/^(\S*)\s+=\s+(.*)$/g.exec(Q.trim(c)),l&&n.Settings&&(n.Settings[l[1]]=l[2].replace(/'/g,""))}),!0}return!1}parseSortGroups(e,n){const i=/^\s*(Full-sort|Pre-sorted) Groups:\s+([0-9]*)\s+Sort Method[s]*:\s+(.*)\s+Average Memory:\s+(\S*)kB\s+Peak Memory:\s+(\S*)kB.*$/g.exec(e);if(i){const o={[Wu.GROUP_COUNT]:parseInt(i[2],0),[Wu.SORT_METHODS_USED]:Q.map(i[3].split(","),Q.trim),[Wu.SORT_SPACE_MEMORY]:{[r0.AVERAGE_SORT_SPACE_USED]:parseInt(i[4],0),[r0.PEAK_SORT_SPACE_USED]:parseInt(i[5],0)}};if(i[1]==="Full-sort")n[_.FULL_SORT_GROUPS]=o;else if(i[1]==="Pre-sorted")n[_.PRE_SORTED_GROUPS]=o;else throw new Error("Unsupported sort groups method");return!0}return!1}calculateExclusives(e){const n=["SHARED_HIT_BLOCKS","SHARED_READ_BLOCKS","SHARED_DIRTIED_BLOCKS","SHARED_WRITTEN_BLOCKS","TEMP_READ_BLOCKS","TEMP_WRITTEN_BLOCKS","LOCAL_HIT_BLOCKS","LOCAL_READ_BLOCKS","LOCAL_DIRTIED_BLOCKS","LOCAL_WRITTEN_BLOCKS","IO_READ_TIME","IO_WRITE_TIME"];Q.each(n,r=>{const i=Q.sumBy(e[_.PLANS],c=>c[_[r]]||0),o="EXCLUSIVE_"+r,l=_[o];e[l]=e[_[r]]-i})}calculateIoTimingsAverage(e){const n=e[_.IO_READ_TIME]||0;if(n){const i=e[_.SHARED_READ_BLOCKS]||0,o=e[_.LOCAL_READ_BLOCKS]||0;e[_.AVERAGE_IO_READ_TIME]=(i+o)/(n/1e3)}const r=e[_.IO_WRITE_TIME]||0;if(r){const i=e[_.SHARED_WRITTEN_BLOCKS]||0,o=e[_.LOCAL_WRITTEN_BLOCKS]||0;e[_.AVERAGE_IO_WRITE_TIME]=(i+o)/(r/1e3)}}findOutputProperty(e){const n=e.Plans;return n?Q.some(n,r=>Q.has(r,_.OUTPUT)||this.findOutputProperty(r)):!1}convertNodeType(e){if(e[_.NODE_TYPE]=="Aggregate"&&e[_.STRATEGY]){let n="";switch(e[_.STRATEGY]){case"Sorted":n="Group";break;case"Hashed":n="Hash";break;case"Plain":n="";break;default:console.error("Unsupported Aggregate Strategy")}e[_.NODE_TYPE]=n+"Aggregate"}}}function Uu(t,e){return t==null||e==null?NaN:t<e?-1:t>e?1:t>=e?0:NaN}function F9(t,e){return t==null||e==null?NaN:e<t?-1:e>t?1:e>=t?0:NaN}function AR(t){let e,n,r;t.length!==2?(e=Uu,n=(c,u)=>Uu(t(c),u),r=(c,u)=>t(c)-u):(e=t===Uu||t===F9?t:V9,n=t,r=t);function i(c,u,p=0,f=c.length){if(p<f){if(e(u,u)!==0)return f;do{const E=p+f>>>1;n(c[E],u)<0?p=E+1:f=E}while(p<f)}return p}function o(c,u,p=0,f=c.length){if(p<f){if(e(u,u)!==0)return f;do{const E=p+f>>>1;n(c[E],u)<=0?p=E+1:f=E}while(p<f)}return p}function l(c,u,p=0,f=c.length){const E=i(c,u,p,f-1);return E>p&&r(c[E-1],u)>-r(c[E],u)?E-1:E}return{left:i,center:l,right:o}}function V9(){return 0}function z9(t){return t===null?NaN:+t}const G9=AR(Uu),K9=G9.right;AR(z9).center;var c0=Math.sqrt(50),u0=Math.sqrt(10),d0=Math.sqrt(2);function X9(t,e,n){var r,i=-1,o,l,c;if(e=+e,t=+t,n=+n,t===e&&n>0)return[t];if((r=e<t)&&(o=t,t=e,e=o),(c=RR(t,e,n))===0||!isFinite(c))return[];if(c>0){let u=Math.round(t/c),p=Math.round(e/c);for(u*c<t&&++u,p*c>e&&--p,l=new Array(o=p-u+1);++i<o;)l[i]=(u+i)*c}else{c=-c;let u=Math.round(t*c),p=Math.round(e*c);for(u/c<t&&++u,p/c>e&&--p,l=new Array(o=p-u+1);++i<o;)l[i]=(u+i)/c}return r&&l.reverse(),l}function RR(t,e,n){var r=(e-t)/Math.max(0,n),i=Math.floor(Math.log(r)/Math.LN10),o=r/Math.pow(10,i);return i>=0?(o>=c0?10:o>=u0?5:o>=d0?2:1)*Math.pow(10,i):-Math.pow(10,-i)/(o>=c0?10:o>=u0?5:o>=d0?2:1)}function Y9(t,e,n){var r=Math.abs(e-t)/Math.max(0,n),i=Math.pow(10,Math.floor(Math.log(r)/Math.LN10)),o=r/i;return o>=c0?i*=10:o>=u0?i*=5:o>=d0&&(i*=2),e<t?-i:i}var q9={value:()=>{}};function Nm(){for(var t=0,e=arguments.length,n={},r;t<e;++t){if(!(r=arguments[t]+"")||r in n||/[\s.]/.test(r))throw new Error("illegal type: "+r);n[r]=[]}return new $u(n)}function $u(t){this._=t}function j9(t,e){return t.trim().split(/^|\s+/).map(function(n){var r="",i=n.indexOf(".");if(i>=0&&(r=n.slice(i+1),n=n.slice(0,i)),n&&!e.hasOwnProperty(n))throw new Error("unknown type: "+n);return{type:n,name:r}})}$u.prototype=Nm.prototype={constructor:$u,on:function(t,e){var n=this._,r=j9(t+"",n),i,o=-1,l=r.length;if(arguments.length<2){for(;++o<l;)if((i=(t=r[o]).type)&&(i=J9(n[i],t.name)))return i;return}if(e!=null&&typeof e!="function")throw new Error("invalid callback: "+e);for(;++o<l;)if(i=(t=r[o]).type)n[i]=AT(n[i],t.name,e);else if(e==null)for(i in n)n[i]=AT(n[i],t.name,null);return this},copy:function(){var t={},e=this._;for(var n in e)t[n]=e[n].slice();return new $u(t)},call:function(t,e){if((i=arguments.length-2)>0)for(var n=new Array(i),r=0,i,o;r<i;++r)n[r]=arguments[r+2];if(!this._.hasOwnProperty(t))throw new Error("unknown type: "+t);for(o=this._[t],r=0,i=o.length;r<i;++r)o[r].value.apply(e,n)},apply:function(t,e,n){if(!this._.hasOwnProperty(t))throw new Error("unknown type: "+t);for(var r=this._[t],i=0,o=r.length;i<o;++i)r[i].value.apply(e,n)}};function J9(t,e){for(var n=0,r=t.length,i;n<r;++n)if((i=t[n]).name===e)return i.value}function AT(t,e,n){for(var r=0,i=t.length;r<i;++r)if(t[r].name===e){t[r]=q9,t=t.slice(0,r).concat(t.slice(r+1));break}return n!=null&&t.push({name:e,value:n}),t}var f0="http://www.w3.org/1999/xhtml";const RT={svg:"http://www.w3.org/2000/svg",xhtml:f0,xlink:"http://www.w3.org/1999/xlink",xml:"http://www.w3.org/XML/1998/namespace",xmlns:"http://www.w3.org/2000/xmlns/"};function Zd(t){var e=t+="",n=e.indexOf(":");return n>=0&&(e=t.slice(0,n))!=="xmlns"&&(t=t.slice(n+1)),RT.hasOwnProperty(e)?{space:RT[e],local:t}:t}function Q9(t){return function(){var e=this.ownerDocument,n=this.namespaceURI;return n===f0&&e.documentElement.namespaceURI===f0?e.createElement(t):e.createElementNS(n,t)}}function Z9(t){return function(){return this.ownerDocument.createElementNS(t.space,t.local)}}function bR(t){var e=Zd(t);return(e.local?Z9:Q9)(e)}function tF(){}function Cm(t){return t==null?tF:function(){return this.querySelector(t)}}function eF(t){typeof t!="function"&&(t=Cm(t));for(var e=this._groups,n=e.length,r=new Array(n),i=0;i<n;++i)for(var o=e[i],l=o.length,c=r[i]=new Array(l),u,p,f=0;f<l;++f)(u=o[f])&&(p=t.call(u,u.__data__,f,o))&&("__data__"in u&&(p.__data__=u.__data__),c[f]=p);return new br(r,this._parents)}function nF(t){return t==null?[]:Array.isArray(t)?t:Array.from(t)}function rF(){return[]}function LR(t){return t==null?rF:function(){return this.querySelectorAll(t)}}function iF(t){return function(){return nF(t.apply(this,arguments))}}function sF(t){typeof t=="function"?t=iF(t):t=LR(t);for(var e=this._groups,n=e.length,r=[],i=[],o=0;o<n;++o)for(var l=e[o],c=l.length,u,p=0;p<c;++p)(u=l[p])&&(r.push(t.call(u,u.__data__,p,l)),i.push(u));return new br(r,i)}function OR(t){return function(){return this.matches(t)}}function yR(t){return function(e){return e.matches(t)}}var oF=Array.prototype.find;function aF(t){return function(){return oF.call(this.children,t)}}function lF(){return this.firstElementChild}function cF(t){return this.select(t==null?lF:aF(typeof t=="function"?t:yR(t)))}var uF=Array.prototype.filter;function dF(){return Array.from(this.children)}function fF(t){return function(){return uF.call(this.children,t)}}function pF(t){return this.selectAll(t==null?dF:fF(typeof t=="function"?t:yR(t)))}function hF(t){typeof t!="function"&&(t=OR(t));for(var e=this._groups,n=e.length,r=new Array(n),i=0;i<n;++i)for(var o=e[i],l=o.length,c=r[i]=[],u,p=0;p<l;++p)(u=o[p])&&t.call(u,u.__data__,p,o)&&c.push(u);return new br(r,this._parents)}function NR(t){return new Array(t.length)}function mF(){return new br(this._enter||this._groups.map(NR),this._parents)}function ld(t,e){this.ownerDocument=t.ownerDocument,this.namespaceURI=t.namespaceURI,this._next=null,this._parent=t,this.__data__=e}ld.prototype={constructor:ld,appendChild:function(t){return this._parent.insertBefore(t,this._next)},insertBefore:function(t,e){return this._parent.insertBefore(t,e)},querySelector:function(t){return this._parent.querySelector(t)},querySelectorAll:function(t){return this._parent.querySelectorAll(t)}};function _F(t){return function(){return t}}function EF(t,e,n,r,i,o){for(var l=0,c,u=e.length,p=o.length;l<p;++l)(c=e[l])?(c.__data__=o[l],r[l]=c):n[l]=new ld(t,o[l]);for(;l<u;++l)(c=e[l])&&(i[l]=c)}function gF(t,e,n,r,i,o,l){var c,u,p=new Map,f=e.length,E=o.length,A=new Array(f),y;for(c=0;c<f;++c)(u=e[c])&&(A[c]=y=l.call(u,u.__data__,c,e)+"",p.has(y)?i[c]=u:p.set(y,u));for(c=0;c<E;++c)y=l.call(t,o[c],c,o)+"",(u=p.get(y))?(r[c]=u,u.__data__=o[c],p.delete(y)):n[c]=new ld(t,o[c]);for(c=0;c<f;++c)(u=e[c])&&p.get(A[c])===u&&(i[c]=u)}function TF(t){return t.__data__}function vF(t,e){if(!arguments.length)return Array.from(this,TF);var n=e?gF:EF,r=this._parents,i=this._groups;typeof t!="function"&&(t=_F(t));for(var o=i.length,l=new Array(o),c=new Array(o),u=new Array(o),p=0;p<o;++p){var f=r[p],E=i[p],A=E.length,y=SF(t.call(f,f&&f.__data__,p,r)),B=y.length,R=c[p]=new Array(B),M=l[p]=new Array(B),O=u[p]=new Array(A);n(f,E,R,M,O,y,e);for(var L=0,G=0,g,$;L<B;++L)if(g=R[L]){for(L>=G&&(G=L+1);!($=M[G])&&++G<B;);g._next=$||null}}return l=new br(l,r),l._enter=c,l._exit=u,l}function SF(t){return typeof t=="object"&&"length"in t?t:Array.from(t)}function AF(){return new br(this._exit||this._groups.map(NR),this._parents)}function RF(t,e,n){var r=this.enter(),i=this,o=this.exit();return typeof t=="function"?(r=t(r),r&&(r=r.selection())):r=r.append(t+""),e!=null&&(i=e(i),i&&(i=i.selection())),n==null?o.remove():n(o),r&&i?r.merge(i).order():i}function bF(t){for(var e=t.selection?t.selection():t,n=this._groups,r=e._groups,i=n.length,o=r.length,l=Math.min(i,o),c=new Array(i),u=0;u<l;++u)for(var p=n[u],f=r[u],E=p.length,A=c[u]=new Array(E),y,B=0;B<E;++B)(y=p[B]||f[B])&&(A[B]=y);for(;u<i;++u)c[u]=n[u];return new br(c,this._parents)}function LF(){for(var t=this._groups,e=-1,n=t.length;++e<n;)for(var r=t[e],i=r.length-1,o=r[i],l;--i>=0;)(l=r[i])&&(o&&l.compareDocumentPosition(o)^4&&o.parentNode.insertBefore(l,o),o=l);return this}function OF(t){t||(t=yF);function e(E,A){return E&&A?t(E.__data__,A.__data__):!E-!A}for(var n=this._groups,r=n.length,i=new Array(r),o=0;o<r;++o){for(var l=n[o],c=l.length,u=i[o]=new Array(c),p,f=0;f<c;++f)(p=l[f])&&(u[f]=p);u.sort(e)}return new br(i,this._parents).order()}function yF(t,e){return t<e?-1:t>e?1:t>=e?0:NaN}function NF(){var t=arguments[0];return arguments[0]=this,t.apply(null,arguments),this}function CF(){return Array.from(this)}function xF(){for(var t=this._groups,e=0,n=t.length;e<n;++e)for(var r=t[e],i=0,o=r.length;i<o;++i){var l=r[i];if(l)return l}return null}function wF(){let t=0;for(const e of this)++t;return t}function IF(){return!this.node()}function kF(t){for(var e=this._groups,n=0,r=e.length;n<r;++n)for(var i=e[n],o=0,l=i.length,c;o<l;++o)(c=i[o])&&t.call(c,c.__data__,o,i);return this}function BF(t){return function(){this.removeAttribute(t)}}function PF(t){return function(){this.removeAttributeNS(t.space,t.local)}}function DF(t,e){return function(){this.setAttribute(t,e)}}function MF(t,e){return function(){this.setAttributeNS(t.space,t.local,e)}}function HF(t,e){return function(){var n=e.apply(this,arguments);n==null?this.removeAttribute(t):this.setAttribute(t,n)}}function WF(t,e){return function(){var n=e.apply(this,arguments);n==null?this.removeAttributeNS(t.space,t.local):this.setAttributeNS(t.space,t.local,n)}}function UF(t,e){var n=Zd(t);if(arguments.length<2){var r=this.node();return n.local?r.getAttributeNS(n.space,n.local):r.getAttribute(n)}return this.each((e==null?n.local?PF:BF:typeof e=="function"?n.local?WF:HF:n.local?MF:DF)(n,e))}function CR(t){return t.ownerDocument&&t.ownerDocument.defaultView||t.document&&t||t.defaultView}function $F(t){return function(){this.style.removeProperty(t)}}function FF(t,e,n){return function(){this.style.setProperty(t,e,n)}}function VF(t,e,n){return function(){var r=e.apply(this,arguments);r==null?this.style.removeProperty(t):this.style.setProperty(t,r,n)}}function zF(t,e,n){return arguments.length>1?this.each((e==null?$F:typeof e=="function"?VF:FF)(t,e,n??"")):Ia(this.node(),t)}function Ia(t,e){return t.style.getPropertyValue(e)||CR(t).getComputedStyle(t,null).getPropertyValue(e)}function GF(t){return function(){delete this[t]}}function KF(t,e){return function(){this[t]=e}}function XF(t,e){return function(){var n=e.apply(this,arguments);n==null?delete this[t]:this[t]=n}}function YF(t,e){return arguments.length>1?this.each((e==null?GF:typeof e=="function"?XF:KF)(t,e)):this.node()[t]}function xR(t){return t.trim().split(/^|\s+/)}function xm(t){return t.classList||new wR(t)}function wR(t){this._node=t,this._names=xR(t.getAttribute("class")||"")}wR.prototype={add:function(t){var e=this._names.indexOf(t);e<0&&(this._names.push(t),this._node.setAttribute("class",this._names.join(" ")))},remove:function(t){var e=this._names.indexOf(t);e>=0&&(this._names.splice(e,1),this._node.setAttribute("class",this._names.join(" ")))},contains:function(t){return this._names.indexOf(t)>=0}};function IR(t,e){for(var n=xm(t),r=-1,i=e.length;++r<i;)n.add(e[r])}function kR(t,e){for(var n=xm(t),r=-1,i=e.length;++r<i;)n.remove(e[r])}function qF(t){return function(){IR(this,t)}}function jF(t){return function(){kR(this,t)}}function JF(t,e){return function(){(e.apply(this,arguments)?IR:kR)(this,t)}}function QF(t,e){var n=xR(t+"");if(arguments.length<2){for(var r=xm(this.node()),i=-1,o=n.length;++i<o;)if(!r.contains(n[i]))return!1;return!0}return this.each((typeof e=="function"?JF:e?qF:jF)(n,e))}function ZF(){this.textContent=""}function tV(t){return function(){this.textContent=t}}function eV(t){return function(){var e=t.apply(this,arguments);this.textContent=e??""}}function nV(t){return arguments.length?this.each(t==null?ZF:(typeof t=="function"?eV:tV)(t)):this.node().textContent}function rV(){this.innerHTML=""}function iV(t){return function(){this.innerHTML=t}}function sV(t){return function(){var e=t.apply(this,arguments);this.innerHTML=e??""}}function oV(t){return arguments.length?this.each(t==null?rV:(typeof t=="function"?sV:iV)(t)):this.node().innerHTML}function aV(){this.nextSibling&&this.parentNode.appendChild(this)}function lV(){return this.each(aV)}function cV(){this.previousSibling&&this.parentNode.insertBefore(this,this.parentNode.firstChild)}function uV(){return this.each(cV)}function dV(t){var e=typeof t=="function"?t:bR(t);return this.select(function(){return this.appendChild(e.apply(this,arguments))})}function fV(){return null}function pV(t,e){var n=typeof t=="function"?t:bR(t),r=e==null?fV:typeof e=="function"?e:Cm(e);return this.select(function(){return this.insertBefore(n.apply(this,arguments),r.apply(this,arguments)||null)})}function hV(){var t=this.parentNode;t&&t.removeChild(this)}function mV(){return this.each(hV)}function _V(){var t=this.cloneNode(!1),e=this.parentNode;return e?e.insertBefore(t,this.nextSibling):t}function EV(){var t=this.cloneNode(!0),e=this.parentNode;return e?e.insertBefore(t,this.nextSibling):t}function gV(t){return this.select(t?EV:_V)}function TV(t){return arguments.length?this.property("__data__",t):this.node().__data__}function vV(t){return function(e){t.call(this,e,this.__data__)}}function SV(t){return t.trim().split(/^|\s+/).map(function(e){var n="",r=e.indexOf(".");return r>=0&&(n=e.slice(r+1),e=e.slice(0,r)),{type:e,name:n}})}function AV(t){return function(){var e=this.__on;if(e){for(var n=0,r=-1,i=e.length,o;n<i;++n)o=e[n],(!t.type||o.type===t.type)&&o.name===t.name?this.removeEventListener(o.type,o.listener,o.options):e[++r]=o;++r?e.length=r:delete this.__on}}}function RV(t,e,n){return function(){var r=this.__on,i,o=vV(e);if(r){for(var l=0,c=r.length;l<c;++l)if((i=r[l]).type===t.type&&i.name===t.name){this.removeEventListener(i.type,i.listener,i.options),this.addEventListener(i.type,i.listener=o,i.options=n),i.value=e;return}}this.addEventListener(t.type,o,n),i={type:t.type,name:t.name,value:e,listener:o,options:n},r?r.push(i):this.__on=[i]}}function bV(t,e,n){var r=SV(t+""),i,o=r.length,l;if(arguments.length<2){var c=this.node().__on;if(c){for(var u=0,p=c.length,f;u<p;++u)for(i=0,f=c[u];i<o;++i)if((l=r[i]).type===f.type&&l.name===f.name)return f.value}return}for(c=e?RV:AV,i=0;i<o;++i)this.each(c(r[i],e,n));return this}function BR(t,e,n){var r=CR(t),i=r.CustomEvent;typeof i=="function"?i=new i(e,n):(i=r.document.createEvent("Event"),n?(i.initEvent(e,n.bubbles,n.cancelable),i.detail=n.detail):i.initEvent(e,!1,!1)),t.dispatchEvent(i)}function LV(t,e){return function(){return BR(this,t,e)}}function OV(t,e){return function(){return BR(this,t,e.apply(this,arguments))}}function yV(t,e){return this.each((typeof e=="function"?OV:LV)(t,e))}function*NV(){for(var t=this._groups,e=0,n=t.length;e<n;++e)for(var r=t[e],i=0,o=r.length,l;i<o;++i)(l=r[i])&&(yield l)}var PR=[null];function br(t,e){this._groups=t,this._parents=e}function lc(){return new br([[document.documentElement]],PR)}function CV(){return this}br.prototype=lc.prototype={constructor:br,select:eF,selectAll:sF,selectChild:cF,selectChildren:pF,filter:hF,data:vF,enter:mF,exit:AF,join:RF,merge:bF,selection:CV,order:LF,sort:OF,call:NF,nodes:CF,node:xF,size:wF,empty:IF,each:kF,attr:UF,style:zF,property:YF,classed:QF,text:nV,html:oV,raise:lV,lower:uV,append:dV,insert:pV,remove:mV,clone:gV,datum:TV,on:bV,dispatch:yV,[Symbol.iterator]:NV};function gi(t){return typeof t=="string"?new br([[document.querySelector(t)]],[document.documentElement]):new br([[t]],PR)}function xV(t){let e;for(;e=t.sourceEvent;)t=e;return t}function eo(t,e){if(t=xV(t),e===void 0&&(e=t.currentTarget),e){var n=e.ownerSVGElement||e;if(n.createSVGPoint){var r=n.createSVGPoint();return r.x=t.clientX,r.y=t.clientY,r=r.matrixTransform(e.getScreenCTM().inverse()),[r.x,r.y]}if(e.getBoundingClientRect){var i=e.getBoundingClientRect();return[t.clientX-i.left-e.clientLeft,t.clientY-i.top-e.clientTop]}}return[t.pageX,t.pageY]}const p0={capture:!0,passive:!1};function h0(t){t.preventDefault(),t.stopImmediatePropagation()}function wV(t){var e=t.document.documentElement,n=gi(t).on("dragstart.drag",h0,p0);"onselectstart"in e?n.on("selectstart.drag",h0,p0):(e.__noselect=e.style.MozUserSelect,e.style.MozUserSelect="none")}function IV(t,e){var n=t.document.documentElement,r=gi(t).on("dragstart.drag",null);e&&(r.on("click.drag",h0,p0),setTimeout(function(){r.on("click.drag",null)},0)),"onselectstart"in n?r.on("selectstart.drag",null):(n.style.MozUserSelect=n.__noselect,delete n.__noselect)}function wm(t,e,n){t.prototype=e.prototype=n,n.constructor=t}function DR(t,e){var n=Object.create(t.prototype);for(var r in e)n[r]=e[r];return n}function cc(){}var Yl=.7,cd=1/Yl,ma="\\s*([+-]?\\d+)\\s*",ql="\\s*([+-]?(?:\\d*\\.)?\\d+(?:[eE][+-]?\\d+)?)\\s*",yi="\\s*([+-]?(?:\\d*\\.)?\\d+(?:[eE][+-]?\\d+)?)%\\s*",kV=/^#([0-9a-f]{3,8})$/,BV=new RegExp(`^rgb\\(${ma},${ma},${ma}\\)$`),PV=new RegExp(`^rgb\\(${yi},${yi},${yi}\\)$`),DV=new RegExp(`^rgba\\(${ma},${ma},${ma},${ql}\\)$`),MV=new RegExp(`^rgba\\(${yi},${yi},${yi},${ql}\\)$`),HV=new RegExp(`^hsl\\(${ql},${yi},${yi}\\)$`),WV=new RegExp(`^hsla\\(${ql},${yi},${yi},${ql}\\)$`),bT={aliceblue:15792383,antiquewhite:16444375,aqua:65535,aquamarine:8388564,azure:15794175,beige:16119260,bisque:16770244,black:0,blanchedalmond:16772045,blue:255,blueviolet:9055202,brown:10824234,burlywood:14596231,cadetblue:6266528,chartreuse:8388352,chocolate:13789470,coral:16744272,cornflowerblue:6591981,cornsilk:16775388,crimson:14423100,cyan:65535,darkblue:139,darkcyan:35723,darkgoldenrod:12092939,darkgray:11119017,darkgreen:25600,darkgrey:11119017,darkkhaki:12433259,darkmagenta:9109643,darkolivegreen:5597999,darkorange:16747520,darkorchid:10040012,darkred:9109504,darksalmon:15308410,darkseagreen:9419919,darkslateblue:4734347,darkslategray:3100495,darkslategrey:3100495,darkturquoise:52945,darkviolet:9699539,deeppink:16716947,deepskyblue:49151,dimgray:6908265,dimgrey:6908265,dodgerblue:2003199,firebrick:11674146,floralwhite:16775920,forestgreen:2263842,fuchsia:16711935,gainsboro:14474460,ghostwhite:16316671,gold:16766720,goldenrod:14329120,gray:8421504,green:32768,greenyellow:11403055,grey:8421504,honeydew:15794160,hotpink:16738740,indianred:13458524,indigo:4915330,ivory:16777200,khaki:15787660,lavender:15132410,lavenderblush:16773365,lawngreen:8190976,lemonchiffon:16775885,lightblue:11393254,lightcoral:15761536,lightcyan:14745599,lightgoldenrodyellow:16448210,lightgray:13882323,lightgreen:9498256,lightgrey:13882323,lightpink:16758465,lightsalmon:16752762,lightseagreen:2142890,lightskyblue:8900346,lightslategray:7833753,lightslategrey:7833753,lightsteelblue:11584734,lightyellow:16777184,lime:65280,limegreen:3329330,linen:16445670,magenta:16711935,maroon:8388608,mediumaquamarine:6737322,mediumblue:205,mediumorchid:12211667,mediumpurple:9662683,mediumseagreen:3978097,mediumslateblue:8087790,mediumspringgreen:64154,mediumturquoise:4772300,mediumvioletred:13047173,midnightblue:1644912,mintcream:16121850,mistyrose:16770273,moccasin:16770229,navajowhite:16768685,navy:128,oldlace:16643558,olive:8421376,olivedrab:7048739,orange:16753920,orangered:16729344,orchid:14315734,palegoldenrod:15657130,palegreen:10025880,paleturquoise:11529966,palevioletred:14381203,papayawhip:16773077,peachpuff:16767673,peru:13468991,pink:16761035,plum:14524637,powderblue:11591910,purple:8388736,rebeccapurple:6697881,red:16711680,rosybrown:12357519,royalblue:4286945,saddlebrown:9127187,salmon:16416882,sandybrown:16032864,seagreen:3050327,seashell:16774638,sienna:10506797,silver:12632256,skyblue:8900331,slateblue:6970061,slategray:7372944,slategrey:7372944,snow:16775930,springgreen:65407,steelblue:4620980,tan:13808780,teal:32896,thistle:14204888,tomato:16737095,turquoise:4251856,violet:15631086,wheat:16113331,white:16777215,whitesmoke:16119285,yellow:16776960,yellowgreen:10145074};wm(cc,bo,{copy(t){return Object.assign(new this.constructor,this,t)},displayable(){return this.rgb().displayable()},hex:LT,formatHex:LT,formatHex8:UV,formatHsl:$V,formatRgb:OT,toString:OT});function LT(){return this.rgb().formatHex()}function UV(){return this.rgb().formatHex8()}function $V(){return MR(this).formatHsl()}function OT(){return this.rgb().formatRgb()}function bo(t){var e,n;return t=(t+"").trim().toLowerCase(),(e=kV.exec(t))?(n=e[1].length,e=parseInt(e[1],16),n===6?yT(e):n===3?new sr(e>>8&15|e>>4&240,e>>4&15|e&240,(e&15)<<4|e&15,1):n===8?Ru(e>>24&255,e>>16&255,e>>8&255,(e&255)/255):n===4?Ru(e>>12&15|e>>8&240,e>>8&15|e>>4&240,e>>4&15|e&240,((e&15)<<4|e&15)/255):null):(e=BV.exec(t))?new sr(e[1],e[2],e[3],1):(e=PV.exec(t))?new sr(e[1]*255/100,e[2]*255/100,e[3]*255/100,1):(e=DV.exec(t))?Ru(e[1],e[2],e[3],e[4]):(e=MV.exec(t))?Ru(e[1]*255/100,e[2]*255/100,e[3]*255/100,e[4]):(e=HV.exec(t))?xT(e[1],e[2]/100,e[3]/100,1):(e=WV.exec(t))?xT(e[1],e[2]/100,e[3]/100,e[4]):bT.hasOwnProperty(t)?yT(bT[t]):t==="transparent"?new sr(NaN,NaN,NaN,0):null}function yT(t){return new sr(t>>16&255,t>>8&255,t&255,1)}function Ru(t,e,n,r){return r<=0&&(t=e=n=NaN),new sr(t,e,n,r)}function FV(t){return t instanceof cc||(t=bo(t)),t?(t=t.rgb(),new sr(t.r,t.g,t.b,t.opacity)):new sr}function m0(t,e,n,r){return arguments.length===1?FV(t):new sr(t,e,n,r??1)}function sr(t,e,n,r){this.r=+t,this.g=+e,this.b=+n,this.opacity=+r}wm(sr,m0,DR(cc,{brighter(t){return t=t==null?cd:Math.pow(cd,t),new sr(this.r*t,this.g*t,this.b*t,this.opacity)},darker(t){return t=t==null?Yl:Math.pow(Yl,t),new sr(this.r*t,this.g*t,this.b*t,this.opacity)},rgb(){return this},clamp(){return new sr(Eo(this.r),Eo(this.g),Eo(this.b),ud(this.opacity))},displayable(){return-.5<=this.r&&this.r<255.5&&-.5<=this.g&&this.g<255.5&&-.5<=this.b&&this.b<255.5&&0<=this.opacity&&this.opacity<=1},hex:NT,formatHex:NT,formatHex8:VV,formatRgb:CT,toString:CT}));function NT(){return`#${fo(this.r)}${fo(this.g)}${fo(this.b)}`}function VV(){return`#${fo(this.r)}${fo(this.g)}${fo(this.b)}${fo((isNaN(this.opacity)?1:this.opacity)*255)}`}function CT(){const t=ud(this.opacity);return`${t===1?"rgb(":"rgba("}${Eo(this.r)}, ${Eo(this.g)}, ${Eo(this.b)}${t===1?")":`, ${t})`}`}function ud(t){return isNaN(t)?1:Math.max(0,Math.min(1,t))}function Eo(t){return Math.max(0,Math.min(255,Math.round(t)||0))}function fo(t){return t=Eo(t),(t<16?"0":"")+t.toString(16)}function xT(t,e,n,r){return r<=0?t=e=n=NaN:n<=0||n>=1?t=e=NaN:e<=0&&(t=NaN),new Zr(t,e,n,r)}function MR(t){if(t instanceof Zr)return new Zr(t.h,t.s,t.l,t.opacity);if(t instanceof cc||(t=bo(t)),!t)return new Zr;if(t instanceof Zr)return t;t=t.rgb();var e=t.r/255,n=t.g/255,r=t.b/255,i=Math.min(e,n,r),o=Math.max(e,n,r),l=NaN,c=o-i,u=(o+i)/2;return c?(e===o?l=(n-r)/c+(n<r)*6:n===o?l=(r-e)/c+2:l=(e-n)/c+4,c/=u<.5?o+i:2-o-i,l*=60):c=u>0&&u<1?0:l,new Zr(l,c,u,t.opacity)}function zV(t,e,n,r){return arguments.length===1?MR(t):new Zr(t,e,n,r??1)}function Zr(t,e,n,r){this.h=+t,this.s=+e,this.l=+n,this.opacity=+r}wm(Zr,zV,DR(cc,{brighter(t){return t=t==null?cd:Math.pow(cd,t),new Zr(this.h,this.s,this.l*t,this.opacity)},darker(t){return t=t==null?Yl:Math.pow(Yl,t),new Zr(this.h,this.s,this.l*t,this.opacity)},rgb(){var t=this.h%360+(this.h<0)*360,e=isNaN(t)||isNaN(this.s)?0:this.s,n=this.l,r=n+(n<.5?n:1-n)*e,i=2*n-r;return new sr(ph(t>=240?t-240:t+120,i,r),ph(t,i,r),ph(t<120?t+240:t-120,i,r),this.opacity)},clamp(){return new Zr(wT(this.h),bu(this.s),bu(this.l),ud(this.opacity))},displayable(){return(0<=this.s&&this.s<=1||isNaN(this.s))&&0<=this.l&&this.l<=1&&0<=this.opacity&&this.opacity<=1},formatHsl(){const t=ud(this.opacity);return`${t===1?"hsl(":"hsla("}${wT(this.h)}, ${bu(this.s)*100}%, ${bu(this.l)*100}%${t===1?")":`, ${t})`}`}}));function wT(t){return t=(t||0)%360,t<0?t+360:t}function bu(t){return Math.max(0,Math.min(1,t||0))}function ph(t,e,n){return(t<60?e+(n-e)*t/60:t<180?n:t<240?e+(n-e)*(240-t)/60:e)*255}const Im=t=>()=>t;function GV(t,e){return function(n){return t+n*e}}function KV(t,e,n){return t=Math.pow(t,n),e=Math.pow(e,n)-t,n=1/n,function(r){return Math.pow(t+r*e,n)}}function XV(t){return(t=+t)==1?HR:function(e,n){return n-e?KV(e,n,t):Im(isNaN(e)?n:e)}}function HR(t,e){var n=e-t;return n?GV(t,n):Im(isNaN(t)?e:t)}const dd=function t(e){var n=XV(e);function r(i,o){var l=n((i=m0(i)).r,(o=m0(o)).r),c=n(i.g,o.g),u=n(i.b,o.b),p=HR(i.opacity,o.opacity);return function(f){return i.r=l(f),i.g=c(f),i.b=u(f),i.opacity=p(f),i+""}}return r.gamma=t,r}(1);function YV(t,e){e||(e=[]);var n=t?Math.min(e.length,t.length):0,r=e.slice(),i;return function(o){for(i=0;i<n;++i)r[i]=t[i]*(1-o)+e[i]*o;return r}}function qV(t){return ArrayBuffer.isView(t)&&!(t instanceof DataView)}function jV(t,e){var n=e?e.length:0,r=t?Math.min(n,t.length):0,i=new Array(r),o=new Array(n),l;for(l=0;l<r;++l)i[l]=km(t[l],e[l]);for(;l<n;++l)o[l]=e[l];return function(c){for(l=0;l<r;++l)o[l]=i[l](c);return o}}function JV(t,e){var n=new Date;return t=+t,e=+e,function(r){return n.setTime(t*(1-r)+e*r),n}}function Qr(t,e){return t=+t,e=+e,function(n){return t*(1-n)+e*n}}function QV(t,e){var n={},r={},i;(t===null||typeof t!="object")&&(t={}),(e===null||typeof e!="object")&&(e={});for(i in e)i in t?n[i]=km(t[i],e[i]):r[i]=e[i];return function(o){for(i in n)r[i]=n[i](o);return r}}var _0=/[-+]?(?:\d+\.?\d*|\.?\d+)(?:[eE][-+]?\d+)?/g,hh=new RegExp(_0.source,"g");function ZV(t){return function(){return t}}function tz(t){return function(e){return t(e)+""}}function WR(t,e){var n=_0.lastIndex=hh.lastIndex=0,r,i,o,l=-1,c=[],u=[];for(t=t+"",e=e+"";(r=_0.exec(t))&&(i=hh.exec(e));)(o=i.index)>n&&(o=e.slice(n,o),c[l]?c[l]+=o:c[++l]=o),(r=r[0])===(i=i[0])?c[l]?c[l]+=i:c[++l]=i:(c[++l]=null,u.push({i:l,x:Qr(r,i)})),n=hh.lastIndex;return n<e.length&&(o=e.slice(n),c[l]?c[l]+=o:c[++l]=o),c.length<2?u[0]?tz(u[0].x):ZV(e):(e=u.length,function(p){for(var f=0,E;f<e;++f)c[(E=u[f]).i]=E.x(p);return c.join("")})}function km(t,e){var n=typeof e,r;return e==null||n==="boolean"?Im(e):(n==="number"?Qr:n==="string"?(r=bo(e))?(e=r,dd):WR:e instanceof bo?dd:e instanceof Date?JV:qV(e)?YV:Array.isArray(e)?jV:typeof e.valueOf!="function"&&typeof e.toString!="function"||isNaN(e)?QV:Qr)(t,e)}function ez(t,e){return t=+t,e=+e,function(n){return Math.round(t*(1-n)+e*n)}}var IT=180/Math.PI,E0={translateX:0,translateY:0,rotate:0,skewX:0,scaleX:1,scaleY:1};function UR(t,e,n,r,i,o){var l,c,u;return(l=Math.sqrt(t*t+e*e))&&(t/=l,e/=l),(u=t*n+e*r)&&(n-=t*u,r-=e*u),(c=Math.sqrt(n*n+r*r))&&(n/=c,r/=c,u/=c),t*r<e*n&&(t=-t,e=-e,u=-u,l=-l),{translateX:i,translateY:o,rotate:Math.atan2(e,t)*IT,skewX:Math.atan(u)*IT,scaleX:l,scaleY:c}}var Lu;function nz(t){const e=new(typeof DOMMatrix=="function"?DOMMatrix:WebKitCSSMatrix)(t+"");return e.isIdentity?E0:UR(e.a,e.b,e.c,e.d,e.e,e.f)}function rz(t){return t==null||(Lu||(Lu=document.createElementNS("http://www.w3.org/2000/svg","g")),Lu.setAttribute("transform",t),!(t=Lu.transform.baseVal.consolidate()))?E0:(t=t.matrix,UR(t.a,t.b,t.c,t.d,t.e,t.f))}function $R(t,e,n,r){function i(p){return p.length?p.pop()+" ":""}function o(p,f,E,A,y,B){if(p!==E||f!==A){var R=y.push("translate(",null,e,null,n);B.push({i:R-4,x:Qr(p,E)},{i:R-2,x:Qr(f,A)})}else(E||A)&&y.push("translate("+E+e+A+n)}function l(p,f,E,A){p!==f?(p-f>180?f+=360:f-p>180&&(p+=360),A.push({i:E.push(i(E)+"rotate(",null,r)-2,x:Qr(p,f)})):f&&E.push(i(E)+"rotate("+f+r)}function c(p,f,E,A){p!==f?A.push({i:E.push(i(E)+"skewX(",null,r)-2,x:Qr(p,f)}):f&&E.push(i(E)+"skewX("+f+r)}function u(p,f,E,A,y,B){if(p!==E||f!==A){var R=y.push(i(y)+"scale(",null,",",null,")");B.push({i:R-4,x:Qr(p,E)},{i:R-2,x:Qr(f,A)})}else(E!==1||A!==1)&&y.push(i(y)+"scale("+E+","+A+")")}return function(p,f){var E=[],A=[];return p=t(p),f=t(f),o(p.translateX,p.translateY,f.translateX,f.translateY,E,A),l(p.rotate,f.rotate,E,A),c(p.skewX,f.skewX,E,A),u(p.scaleX,p.scaleY,f.scaleX,f.scaleY,E,A),p=f=null,function(y){for(var B=-1,R=A.length,M;++B<R;)E[(M=A[B]).i]=M.x(y);return E.join("")}}}var iz=$R(nz,"px, ","px)","deg)"),sz=$R(rz,", ",")",")"),oz=1e-12;function kT(t){return((t=Math.exp(t))+1/t)/2}function az(t){return((t=Math.exp(t))-1/t)/2}function lz(t){return((t=Math.exp(2*t))-1)/(t+1)}const cz=function t(e,n,r){function i(o,l){var c=o[0],u=o[1],p=o[2],f=l[0],E=l[1],A=l[2],y=f-c,B=E-u,R=y*y+B*B,M,O;if(R<oz)O=Math.log(A/p)/e,M=function(P){return[c+P*y,u+P*B,p*Math.exp(e*P*O)]};else{var L=Math.sqrt(R),G=(A*A-p*p+r*R)/(2*p*n*L),g=(A*A-p*p-r*R)/(2*A*n*L),$=Math.log(Math.sqrt(G*G+1)-G),I=Math.log(Math.sqrt(g*g+1)-g);O=(I-$)/e,M=function(P){var dt=P*O,X=kT($),w=p/(n*L)*(X*lz(e*dt+$)-az($));return[c+w*y,u+w*B,p*X/kT(e*dt+$)]}}return M.duration=O*1e3*e/Math.SQRT2,M}return i.rho=function(o){var l=Math.max(.001,+o),c=l*l,u=c*c;return t(l,c,u)},i}(Math.SQRT2,2,4);var ka=0,Al=0,_l=0,FR=1e3,fd,Rl,pd=0,Lo=0,tf=0,jl=typeof performance=="object"&&performance.now?performance:Date,VR=typeof window=="object"&&window.requestAnimationFrame?window.requestAnimationFrame.bind(window):function(t){setTimeout(t,17)};function Bm(){return Lo||(VR(uz),Lo=jl.now()+tf)}function uz(){Lo=0}function hd(){this._call=this._time=this._next=null}hd.prototype=zR.prototype={constructor:hd,restart:function(t,e,n){if(typeof t!="function")throw new TypeError("callback is not a function");n=(n==null?Bm():+n)+(e==null?0:+e),!this._next&&Rl!==this&&(Rl?Rl._next=this:fd=this,Rl=this),this._call=t,this._time=n,g0()},stop:function(){this._call&&(this._call=null,this._time=1/0,g0())}};function zR(t,e,n){var r=new hd;return r.restart(t,e,n),r}function dz(){Bm(),++ka;for(var t=fd,e;t;)(e=Lo-t._time)>=0&&t._call.call(void 0,e),t=t._next;--ka}function BT(){Lo=(pd=jl.now())+tf,ka=Al=0;try{dz()}finally{ka=0,pz(),Lo=0}}function fz(){var t=jl.now(),e=t-pd;e>FR&&(tf-=e,pd=t)}function pz(){for(var t,e=fd,n,r=1/0;e;)e._call?(r>e._time&&(r=e._time),t=e,e=e._next):(n=e._next,e._next=null,e=t?t._next=n:fd=n);Rl=t,g0(r)}function g0(t){if(!ka){Al&&(Al=clearTimeout(Al));var e=t-Lo;e>24?(t<1/0&&(Al=setTimeout(BT,t-jl.now()-tf)),_l&&(_l=clearInterval(_l))):(_l||(pd=jl.now(),_l=setInterval(fz,FR)),ka=1,VR(BT))}}function PT(t,e,n){var r=new hd;return e=e==null?0:+e,r.restart(i=>{r.stop(),t(i+e)},e,n),r}var hz=Nm("start","end","cancel","interrupt"),mz=[],GR=0,DT=1,T0=2,Fu=3,MT=4,v0=5,Vu=6;function ef(t,e,n,r,i,o){var l=t.__transition;if(!l)t.__transition={};else if(n in l)return;_z(t,n,{name:e,index:r,group:i,on:hz,tween:mz,time:o.time,delay:o.delay,duration:o.duration,ease:o.ease,timer:null,state:GR})}function Pm(t,e){var n=oi(t,e);if(n.state>GR)throw new Error("too late; already scheduled");return n}function Ii(t,e){var n=oi(t,e);if(n.state>Fu)throw new Error("too late; already running");return n}function oi(t,e){var n=t.__transition;if(!n||!(n=n[e]))throw new Error("transition not found");return n}function _z(t,e,n){var r=t.__transition,i;r[e]=n,n.timer=zR(o,0,n.time);function o(p){n.state=DT,n.timer.restart(l,n.delay,n.time),n.delay<=p&&l(p-n.delay)}function l(p){var f,E,A,y;if(n.state!==DT)return u();for(f in r)if(y=r[f],y.name===n.name){if(y.state===Fu)return PT(l);y.state===MT?(y.state=Vu,y.timer.stop(),y.on.call("interrupt",t,t.__data__,y.index,y.group),delete r[f]):+f<e&&(y.state=Vu,y.timer.stop(),y.on.call("cancel",t,t.__data__,y.index,y.group),delete r[f])}if(PT(function(){n.state===Fu&&(n.state=MT,n.timer.restart(c,n.delay,n.time),c(p))}),n.state=T0,n.on.call("start",t,t.__data__,n.index,n.group),n.state===T0){for(n.state=Fu,i=new Array(A=n.tween.length),f=0,E=-1;f<A;++f)(y=n.tween[f].value.call(t,t.__data__,n.index,n.group))&&(i[++E]=y);i.length=E+1}}function c(p){for(var f=p<n.duration?n.ease.call(null,p/n.duration):(n.timer.restart(u),n.state=v0,1),E=-1,A=i.length;++E<A;)i[E].call(t,f);n.state===v0&&(n.on.call("end",t,t.__data__,n.index,n.group),u())}function u(){n.state=Vu,n.timer.stop(),delete r[e];for(var p in r)return;delete t.__transition}}function zu(t,e){var n=t.__transition,r,i,o=!0,l;if(n){e=e==null?null:e+"";for(l in n){if((r=n[l]).name!==e){o=!1;continue}i=r.state>T0&&r.state<v0,r.state=Vu,r.timer.stop(),r.on.call(i?"interrupt":"cancel",t,t.__data__,r.index,r.group),delete n[l]}o&&delete t.__transition}}function Ez(t){return this.each(function(){zu(this,t)})}function gz(t,e){var n,r;return function(){var i=Ii(this,t),o=i.tween;if(o!==n){r=n=o;for(var l=0,c=r.length;l<c;++l)if(r[l].name===e){r=r.slice(),r.splice(l,1);break}}i.tween=r}}function Tz(t,e,n){var r,i;if(typeof n!="function")throw new Error;return function(){var o=Ii(this,t),l=o.tween;if(l!==r){i=(r=l).slice();for(var c={name:e,value:n},u=0,p=i.length;u<p;++u)if(i[u].name===e){i[u]=c;break}u===p&&i.push(c)}o.tween=i}}function vz(t,e){var n=this._id;if(t+="",arguments.length<2){for(var r=oi(this.node(),n).tween,i=0,o=r.length,l;i<o;++i)if((l=r[i]).name===t)return l.value;return null}return this.each((e==null?gz:Tz)(n,t,e))}function Dm(t,e,n){var r=t._id;return t.each(function(){var i=Ii(this,r);(i.value||(i.value={}))[e]=n.apply(this,arguments)}),function(i){return oi(i,r).value[e]}}function KR(t,e){var n;return(typeof e=="number"?Qr:e instanceof bo?dd:(n=bo(e))?(e=n,dd):WR)(t,e)}function Sz(t){return function(){this.removeAttribute(t)}}function Az(t){return function(){this.removeAttributeNS(t.space,t.local)}}function Rz(t,e,n){var r,i=n+"",o;return function(){var l=this.getAttribute(t);return l===i?null:l===r?o:o=e(r=l,n)}}function bz(t,e,n){var r,i=n+"",o;return function(){var l=this.getAttributeNS(t.space,t.local);return l===i?null:l===r?o:o=e(r=l,n)}}function Lz(t,e,n){var r,i,o;return function(){var l,c=n(this),u;return c==null?void this.removeAttribute(t):(l=this.getAttribute(t),u=c+"",l===u?null:l===r&&u===i?o:(i=u,o=e(r=l,c)))}}function Oz(t,e,n){var r,i,o;return function(){var l,c=n(this),u;return c==null?void this.removeAttributeNS(t.space,t.local):(l=this.getAttributeNS(t.space,t.local),u=c+"",l===u?null:l===r&&u===i?o:(i=u,o=e(r=l,c)))}}function yz(t,e){var n=Zd(t),r=n==="transform"?sz:KR;return this.attrTween(t,typeof e=="function"?(n.local?Oz:Lz)(n,r,Dm(this,"attr."+t,e)):e==null?(n.local?Az:Sz)(n):(n.local?bz:Rz)(n,r,e))}function Nz(t,e){return function(n){this.setAttribute(t,e.call(this,n))}}function Cz(t,e){return function(n){this.setAttributeNS(t.space,t.local,e.call(this,n))}}function xz(t,e){var n,r;function i(){var o=e.apply(this,arguments);return o!==r&&(n=(r=o)&&Cz(t,o)),n}return i._value=e,i}function wz(t,e){var n,r;function i(){var o=e.apply(this,arguments);return o!==r&&(n=(r=o)&&Nz(t,o)),n}return i._value=e,i}function Iz(t,e){var n="attr."+t;if(arguments.length<2)return(n=this.tween(n))&&n._value;if(e==null)return this.tween(n,null);if(typeof e!="function")throw new Error;var r=Zd(t);return this.tween(n,(r.local?xz:wz)(r,e))}function kz(t,e){return function(){Pm(this,t).delay=+e.apply(this,arguments)}}function Bz(t,e){return e=+e,function(){Pm(this,t).delay=e}}function Pz(t){var e=this._id;return arguments.length?this.each((typeof t=="function"?kz:Bz)(e,t)):oi(this.node(),e).delay}function Dz(t,e){return function(){Ii(this,t).duration=+e.apply(this,arguments)}}function Mz(t,e){return e=+e,function(){Ii(this,t).duration=e}}function Hz(t){var e=this._id;return arguments.length?this.each((typeof t=="function"?Dz:Mz)(e,t)):oi(this.node(),e).duration}function Wz(t,e){if(typeof e!="function")throw new Error;return function(){Ii(this,t).ease=e}}function Uz(t){var e=this._id;return arguments.length?this.each(Wz(e,t)):oi(this.node(),e).ease}function $z(t,e){return function(){var n=e.apply(this,arguments);if(typeof n!="function")throw new Error;Ii(this,t).ease=n}}function Fz(t){if(typeof t!="function")throw new Error;return this.each($z(this._id,t))}function Vz(t){typeof t!="function"&&(t=OR(t));for(var e=this._groups,n=e.length,r=new Array(n),i=0;i<n;++i)for(var o=e[i],l=o.length,c=r[i]=[],u,p=0;p<l;++p)(u=o[p])&&t.call(u,u.__data__,p,o)&&c.push(u);return new es(r,this._parents,this._name,this._id)}function zz(t){if(t._id!==this._id)throw new Error;for(var e=this._groups,n=t._groups,r=e.length,i=n.length,o=Math.min(r,i),l=new Array(r),c=0;c<o;++c)for(var u=e[c],p=n[c],f=u.length,E=l[c]=new Array(f),A,y=0;y<f;++y)(A=u[y]||p[y])&&(E[y]=A);for(;c<r;++c)l[c]=e[c];return new es(l,this._parents,this._name,this._id)}function Gz(t){return(t+"").trim().split(/^|\s+/).every(function(e){var n=e.indexOf(".");return n>=0&&(e=e.slice(0,n)),!e||e==="start"})}function Kz(t,e,n){var r,i,o=Gz(e)?Pm:Ii;return function(){var l=o(this,t),c=l.on;c!==r&&(i=(r=c).copy()).on(e,n),l.on=i}}function Xz(t,e){var n=this._id;return arguments.length<2?oi(this.node(),n).on.on(t):this.each(Kz(n,t,e))}function Yz(t){return function(){var e=this.parentNode;for(var n in this.__transition)if(+n!==t)return;e&&e.removeChild(this)}}function qz(){return this.on("end.remove",Yz(this._id))}function jz(t){var e=this._name,n=this._id;typeof t!="function"&&(t=Cm(t));for(var r=this._groups,i=r.length,o=new Array(i),l=0;l<i;++l)for(var c=r[l],u=c.length,p=o[l]=new Array(u),f,E,A=0;A<u;++A)(f=c[A])&&(E=t.call(f,f.__data__,A,c))&&("__data__"in f&&(E.__data__=f.__data__),p[A]=E,ef(p[A],e,n,A,p,oi(f,n)));return new es(o,this._parents,e,n)}function Jz(t){var e=this._name,n=this._id;typeof t!="function"&&(t=LR(t));for(var r=this._groups,i=r.length,o=[],l=[],c=0;c<i;++c)for(var u=r[c],p=u.length,f,E=0;E<p;++E)if(f=u[E]){for(var A=t.call(f,f.__data__,E,u),y,B=oi(f,n),R=0,M=A.length;R<M;++R)(y=A[R])&&ef(y,e,n,R,A,B);o.push(A),l.push(f)}return new es(o,l,e,n)}var Qz=lc.prototype.constructor;function Zz(){return new Qz(this._groups,this._parents)}function tG(t,e){var n,r,i;return function(){var o=Ia(this,t),l=(this.style.removeProperty(t),Ia(this,t));return o===l?null:o===n&&l===r?i:i=e(n=o,r=l)}}function XR(t){return function(){this.style.removeProperty(t)}}function eG(t,e,n){var r,i=n+"",o;return function(){var l=Ia(this,t);return l===i?null:l===r?o:o=e(r=l,n)}}function nG(t,e,n){var r,i,o;return function(){var l=Ia(this,t),c=n(this),u=c+"";return c==null&&(u=c=(this.style.removeProperty(t),Ia(this,t))),l===u?null:l===r&&u===i?o:(i=u,o=e(r=l,c))}}function rG(t,e){var n,r,i,o="style."+e,l="end."+o,c;return function(){var u=Ii(this,t),p=u.on,f=u.value[o]==null?c||(c=XR(e)):void 0;(p!==n||i!==f)&&(r=(n=p).copy()).on(l,i=f),u.on=r}}function iG(t,e,n){var r=(t+="")=="transform"?iz:KR;return e==null?this.styleTween(t,tG(t,r)).on("end.style."+t,XR(t)):typeof e=="function"?this.styleTween(t,nG(t,r,Dm(this,"style."+t,e))).each(rG(this._id,t)):this.styleTween(t,eG(t,r,e),n).on("end.style."+t,null)}function sG(t,e,n){return function(r){this.style.setProperty(t,e.call(this,r),n)}}function oG(t,e,n){var r,i;function o(){var l=e.apply(this,arguments);return l!==i&&(r=(i=l)&&sG(t,l,n)),r}return o._value=e,o}function aG(t,e,n){var r="style."+(t+="");if(arguments.length<2)return(r=this.tween(r))&&r._value;if(e==null)return this.tween(r,null);if(typeof e!="function")throw new Error;return this.tween(r,oG(t,e,n??""))}function lG(t){return function(){this.textContent=t}}function cG(t){return function(){var e=t(this);this.textContent=e??""}}function uG(t){return this.tween("text",typeof t=="function"?cG(Dm(this,"text",t)):lG(t==null?"":t+""))}function dG(t){return function(e){this.textContent=t.call(this,e)}}function fG(t){var e,n;function r(){var i=t.apply(this,arguments);return i!==n&&(e=(n=i)&&dG(i)),e}return r._value=t,r}function pG(t){var e="text";if(arguments.length<1)return(e=this.tween(e))&&e._value;if(t==null)return this.tween(e,null);if(typeof t!="function")throw new Error;return this.tween(e,fG(t))}function hG(){for(var t=this._name,e=this._id,n=YR(),r=this._groups,i=r.length,o=0;o<i;++o)for(var l=r[o],c=l.length,u,p=0;p<c;++p)if(u=l[p]){var f=oi(u,e);ef(u,t,n,p,l,{time:f.time+f.delay+f.duration,delay:0,duration:f.duration,ease:f.ease})}return new es(r,this._parents,t,n)}function mG(){var t,e,n=this,r=n._id,i=n.size();return new Promise(function(o,l){var c={value:l},u={value:function(){--i===0&&o()}};n.each(function(){var p=Ii(this,r),f=p.on;f!==t&&(e=(t=f).copy(),e._.cancel.push(c),e._.interrupt.push(c),e._.end.push(u)),p.on=e}),i===0&&o()})}var _G=0;function es(t,e,n,r){this._groups=t,this._parents=e,this._name=n,this._id=r}function YR(){return++_G}var Vi=lc.prototype;es.prototype={constructor:es,select:jz,selectAll:Jz,selectChild:Vi.selectChild,selectChildren:Vi.selectChildren,filter:Vz,merge:zz,selection:Zz,transition:hG,call:Vi.call,nodes:Vi.nodes,node:Vi.node,size:Vi.size,empty:Vi.empty,each:Vi.each,on:Xz,attr:yz,attrTween:Iz,style:iG,styleTween:aG,text:uG,textTween:pG,remove:qz,tween:vz,delay:Pz,duration:Hz,ease:Uz,easeVarying:Fz,end:mG,[Symbol.iterator]:Vi[Symbol.iterator]};function EG(t){return((t*=2)<=1?t*t*t:(t-=2)*t*t+2)/2}var gG={time:null,delay:0,duration:250,ease:EG};function TG(t,e){for(var n;!(n=t.__transition)||!(n=n[e]);)if(!(t=t.parentNode))throw new Error(`transition ${e} not found`);return n}function vG(t){var e,n;t instanceof es?(e=t._id,t=t._name):(e=YR(),(n=gG).time=Bm(),t=t==null?null:t+"");for(var r=this._groups,i=r.length,o=0;o<i;++o)for(var l=r[o],c=l.length,u,p=0;p<c;++p)(u=l[p])&&ef(u,t,e,p,l,n||TG(u,e));return new es(r,this._parents,t,e)}lc.prototype.interrupt=Ez;lc.prototype.transition=vG;const S0=Math.PI,A0=2*S0,oo=1e-6,SG=A0-oo;function R0(){this._x0=this._y0=this._x1=this._y1=null,this._=""}function qR(){return new R0}R0.prototype=qR.prototype={constructor:R0,moveTo:function(t,e){this._+="M"+(this._x0=this._x1=+t)+","+(this._y0=this._y1=+e)},closePath:function(){this._x1!==null&&(this._x1=this._x0,this._y1=this._y0,this._+="Z")},lineTo:function(t,e){this._+="L"+(this._x1=+t)+","+(this._y1=+e)},quadraticCurveTo:function(t,e,n,r){this._+="Q"+ +t+","+ +e+","+(this._x1=+n)+","+(this._y1=+r)},bezierCurveTo:function(t,e,n,r,i,o){this._+="C"+ +t+","+ +e+","+ +n+","+ +r+","+(this._x1=+i)+","+(this._y1=+o)},arcTo:function(t,e,n,r,i){t=+t,e=+e,n=+n,r=+r,i=+i;var o=this._x1,l=this._y1,c=n-t,u=r-e,p=o-t,f=l-e,E=p*p+f*f;if(i<0)throw new Error("negative radius: "+i);if(this._x1===null)this._+="M"+(this._x1=t)+","+(this._y1=e);else if(E>oo)if(!(Math.abs(f*c-u*p)>oo)||!i)this._+="L"+(this._x1=t)+","+(this._y1=e);else{var A=n-o,y=r-l,B=c*c+u*u,R=A*A+y*y,M=Math.sqrt(B),O=Math.sqrt(E),L=i*Math.tan((S0-Math.acos((B+E-R)/(2*M*O)))/2),G=L/O,g=L/M;Math.abs(G-1)>oo&&(this._+="L"+(t+G*p)+","+(e+G*f)),this._+="A"+i+","+i+",0,0,"+ +(f*A>p*y)+","+(this._x1=t+g*c)+","+(this._y1=e+g*u)}},arc:function(t,e,n,r,i,o){t=+t,e=+e,n=+n,o=!!o;var l=n*Math.cos(r),c=n*Math.sin(r),u=t+l,p=e+c,f=1^o,E=o?r-i:i-r;if(n<0)throw new Error("negative radius: "+n);this._x1===null?this._+="M"+u+","+p:(Math.abs(this._x1-u)>oo||Math.abs(this._y1-p)>oo)&&(this._+="L"+u+","+p),n&&(E<0&&(E=E%A0+A0),E>SG?this._+="A"+n+","+n+",0,1,"+f+","+(t-l)+","+(e-c)+"A"+n+","+n+",0,1,"+f+","+(this._x1=u)+","+(this._y1=p):E>oo&&(this._+="A"+n+","+n+",0,"+ +(E>=S0)+","+f+","+(this._x1=t+n*Math.cos(i))+","+(this._y1=e+n*Math.sin(i))))},rect:function(t,e,n,r){this._+="M"+(this._x0=this._x1=+t)+","+(this._y0=this._y1=+e)+"h"+ +n+"v"+ +r+"h"+-n+"Z"},toString:function(){return this._}};function AG(t){return Math.abs(t=Math.round(t))>=1e21?t.toLocaleString("en").replace(/,/g,""):t.toString(10)}function md(t,e){if((n=(t=e?t.toExponential(e-1):t.toExponential()).indexOf("e"))<0)return null;var n,r=t.slice(0,n);return[r.length>1?r[0]+r.slice(2):r,+t.slice(n+1)]}function Ba(t){return t=md(Math.abs(t)),t?t[1]:NaN}function RG(t,e){return function(n,r){for(var i=n.length,o=[],l=0,c=t[0],u=0;i>0&&c>0&&(u+c+1>r&&(c=Math.max(1,r-u)),o.push(n.substring(i-=c,i+c)),!((u+=c+1)>r));)c=t[l=(l+1)%t.length];return o.reverse().join(e)}}function bG(t){return function(e){return e.replace(/[0-9]/g,function(n){return t[+n]})}}var LG=/^(?:(.)?([<>=^]))?([+\-( ])?([$#])?(0)?(\d+)?(,)?(\.\d+)?(~)?([a-z%])?$/i;function _d(t){if(!(e=LG.exec(t)))throw new Error("invalid format: "+t);var e;return new Mm({fill:e[1],align:e[2],sign:e[3],symbol:e[4],zero:e[5],width:e[6],comma:e[7],precision:e[8]&&e[8].slice(1),trim:e[9],type:e[10]})}_d.prototype=Mm.prototype;function Mm(t){this.fill=t.fill===void 0?" ":t.fill+"",this.align=t.align===void 0?">":t.align+"",this.sign=t.sign===void 0?"-":t.sign+"",this.symbol=t.symbol===void 0?"":t.symbol+"",this.zero=!!t.zero,this.width=t.width===void 0?void 0:+t.width,this.comma=!!t.comma,this.precision=t.precision===void 0?void 0:+t.precision,this.trim=!!t.trim,this.type=t.type===void 0?"":t.type+""}Mm.prototype.toString=function(){return this.fill+this.align+this.sign+this.symbol+(this.zero?"0":"")+(this.width===void 0?"":Math.max(1,this.width|0))+(this.comma?",":"")+(this.precision===void 0?"":"."+Math.max(0,this.precision|0))+(this.trim?"~":"")+this.type};function OG(t){t:for(var e=t.length,n=1,r=-1,i;n<e;++n)switch(t[n]){case".":r=i=n;break;case"0":r===0&&(r=n),i=n;break;default:if(!+t[n])break t;r>0&&(r=0);break}return r>0?t.slice(0,r)+t.slice(i+1):t}var jR;function yG(t,e){var n=md(t,e);if(!n)return t+"";var r=n[0],i=n[1],o=i-(jR=Math.max(-8,Math.min(8,Math.floor(i/3)))*3)+1,l=r.length;return o===l?r:o>l?r+new Array(o-l+1).join("0"):o>0?r.slice(0,o)+"."+r.slice(o):"0."+new Array(1-o).join("0")+md(t,Math.max(0,e+o-1))[0]}function HT(t,e){var n=md(t,e);if(!n)return t+"";var r=n[0],i=n[1];return i<0?"0."+new Array(-i).join("0")+r:r.length>i+1?r.slice(0,i+1)+"."+r.slice(i+1):r+new Array(i-r.length+2).join("0")}const WT={"%":(t,e)=>(t*100).toFixed(e),b:t=>Math.round(t).toString(2),c:t=>t+"",d:AG,e:(t,e)=>t.toExponential(e),f:(t,e)=>t.toFixed(e),g:(t,e)=>t.toPrecision(e),o:t=>Math.round(t).toString(8),p:(t,e)=>HT(t*100,e),r:HT,s:yG,X:t=>Math.round(t).toString(16).toUpperCase(),x:t=>Math.round(t).toString(16)};function UT(t){return t}var $T=Array.prototype.map,FT=["y","z","a","f","p","n","µ","m","","k","M","G","T","P","E","Z","Y"];function NG(t){var e=t.grouping===void 0||t.thousands===void 0?UT:RG($T.call(t.grouping,Number),t.thousands+""),n=t.currency===void 0?"":t.currency[0]+"",r=t.currency===void 0?"":t.currency[1]+"",i=t.decimal===void 0?".":t.decimal+"",o=t.numerals===void 0?UT:bG($T.call(t.numerals,String)),l=t.percent===void 0?"%":t.percent+"",c=t.minus===void 0?"−":t.minus+"",u=t.nan===void 0?"NaN":t.nan+"";function p(E){E=_d(E);var A=E.fill,y=E.align,B=E.sign,R=E.symbol,M=E.zero,O=E.width,L=E.comma,G=E.precision,g=E.trim,$=E.type;$==="n"?(L=!0,$="g"):WT[$]||(G===void 0&&(G=12),g=!0,$="g"),(M||A==="0"&&y==="=")&&(M=!0,A="0",y="=");var I=R==="$"?n:R==="#"&&/[boxX]/.test($)?"0"+$.toLowerCase():"",P=R==="$"?r:/[%p]/.test($)?l:"",dt=WT[$],X=/[defgprs%]/.test($);G=G===void 0?6:/[gprs]/.test($)?Math.max(1,Math.min(21,G)):Math.max(0,Math.min(20,G));function w(Z){var H=I,b=P,K,ht,tt;if($==="c")b=dt(Z)+b,Z="";else{Z=+Z;var ot=Z<0||1/Z<0;if(Z=isNaN(Z)?u:dt(Math.abs(Z),G),g&&(Z=OG(Z)),ot&&+Z==0&&B!=="+"&&(ot=!1),H=(ot?B==="("?B:c:B==="-"||B==="("?"":B)+H,b=($==="s"?FT[8+jR/3]:"")+b+(ot&&B==="("?")":""),X){for(K=-1,ht=Z.length;++K<ht;)if(tt=Z.charCodeAt(K),48>tt||tt>57){b=(tt===46?i+Z.slice(K+1):Z.slice(K))+b,Z=Z.slice(0,K);break}}}L&&!M&&(Z=e(Z,1/0));var ft=H.length+Z.length+b.length,yt=ft<O?new Array(O-ft+1).join(A):"";switch(L&&M&&(Z=e(yt+Z,yt.length?O-b.length:1/0),yt=""),y){case"<":Z=H+Z+b+yt;break;case"=":Z=H+yt+Z+b;break;case"^":Z=yt.slice(0,ft=yt.length>>1)+H+Z+b+yt.slice(ft);break;default:Z=yt+H+Z+b;break}return o(Z)}return w.toString=function(){return E+""},w}function f(E,A){var y=p((E=_d(E),E.type="f",E)),B=Math.max(-8,Math.min(8,Math.floor(Ba(A)/3)))*3,R=Math.pow(10,-B),M=FT[8+B/3];return function(O){return y(R*O)+M}}return{format:p,formatPrefix:f}}var Ou,JR,QR;CG({thousands:",",grouping:[3],currency:["$",""]});function CG(t){return Ou=NG(t),JR=Ou.format,QR=Ou.formatPrefix,Ou}function xG(t){return Math.max(0,-Ba(Math.abs(t)))}function wG(t,e){return Math.max(0,Math.max(-8,Math.min(8,Math.floor(Ba(e)/3)))*3-Ba(Math.abs(t)))}function IG(t,e){return t=Math.abs(t),e=Math.abs(e)-t,Math.max(0,Ba(e)-Ba(t))+1}function kG(t,e){switch(arguments.length){case 0:break;case 1:this.range(t);break;default:this.range(e).domain(t);break}return this}function BG(t){return function(){return t}}function PG(t){return+t}var VT=[0,1];function oa(t){return t}function b0(t,e){return(e-=t=+t)?function(n){return(n-t)/e}:BG(isNaN(e)?NaN:.5)}function DG(t,e){var n;return t>e&&(n=t,t=e,e=n),function(r){return Math.max(t,Math.min(e,r))}}function MG(t,e,n){var r=t[0],i=t[1],o=e[0],l=e[1];return i<r?(r=b0(i,r),o=n(l,o)):(r=b0(r,i),o=n(o,l)),function(c){return o(r(c))}}function HG(t,e,n){var r=Math.min(t.length,e.length)-1,i=new Array(r),o=new Array(r),l=-1;for(t[r]<t[0]&&(t=t.slice().reverse(),e=e.slice().reverse());++l<r;)i[l]=b0(t[l],t[l+1]),o[l]=n(e[l],e[l+1]);return function(c){var u=K9(t,c,1,r)-1;return o[u](i[u](c))}}function WG(t,e){return e.domain(t.domain()).range(t.range()).interpolate(t.interpolate()).clamp(t.clamp()).unknown(t.unknown())}function UG(){var t=VT,e=VT,n=km,r,i,o,l=oa,c,u,p;function f(){var A=Math.min(t.length,e.length);return l!==oa&&(l=DG(t[0],t[A-1])),c=A>2?HG:MG,u=p=null,E}function E(A){return A==null||isNaN(A=+A)?o:(u||(u=c(t.map(r),e,n)))(r(l(A)))}return E.invert=function(A){return l(i((p||(p=c(e,t.map(r),Qr)))(A)))},E.domain=function(A){return arguments.length?(t=Array.from(A,PG),f()):t.slice()},E.range=function(A){return arguments.length?(e=Array.from(A),f()):e.slice()},E.rangeRound=function(A){return e=Array.from(A),n=ez,f()},E.clamp=function(A){return arguments.length?(l=A?!0:oa,f()):l!==oa},E.interpolate=function(A){return arguments.length?(n=A,f()):n},E.unknown=function(A){return arguments.length?(o=A,E):o},function(A,y){return r=A,i=y,f()}}function $G(){return UG()(oa,oa)}function FG(t,e,n,r){var i=Y9(t,e,n),o;switch(r=_d(r??",f"),r.type){case"s":{var l=Math.max(Math.abs(t),Math.abs(e));return r.precision==null&&!isNaN(o=wG(i,l))&&(r.precision=o),QR(r,l)}case"":case"e":case"g":case"p":case"r":{r.precision==null&&!isNaN(o=IG(i,Math.max(Math.abs(t),Math.abs(e))))&&(r.precision=o-(r.type==="e"));break}case"f":case"%":{r.precision==null&&!isNaN(o=xG(i))&&(r.precision=o-(r.type==="%")*2);break}}return JR(r)}function VG(t){var e=t.domain;return t.ticks=function(n){var r=e();return X9(r[0],r[r.length-1],n??10)},t.tickFormat=function(n,r){var i=e();return FG(i[0],i[i.length-1],n??10,r)},t.nice=function(n){n==null&&(n=10);var r=e(),i=0,o=r.length-1,l=r[i],c=r[o],u,p,f=10;for(c<l&&(p=l,l=c,c=p,p=i,i=o,o=p);f-- >0;){if(p=RR(l,c,n),p===u)return r[i]=l,r[o]=c,e(r);if(p>0)l=Math.floor(l/p)*p,c=Math.ceil(c/p)*p;else if(p<0)l=Math.ceil(l*p)/p,c=Math.floor(c*p)/p;else break;u=p}return t},t}function ZR(){var t=$G();return t.copy=function(){return WG(t,ZR())},kG.apply(t,arguments),VG(t)}const yu=t=>()=>t;function zG(t,{sourceEvent:e,target:n,transform:r,dispatch:i}){Object.defineProperties(this,{type:{value:t,enumerable:!0,configurable:!0},sourceEvent:{value:e,enumerable:!0,configurable:!0},target:{value:n,enumerable:!0,configurable:!0},transform:{value:r,enumerable:!0,configurable:!0},_:{value:i}})}function qi(t,e,n){this.k=t,this.x=e,this.y=n}qi.prototype={constructor:qi,scale:function(t){return t===1?this:new qi(this.k*t,this.x,this.y)},translate:function(t,e){return t===0&e===0?this:new qi(this.k,this.x+this.k*t,this.y+this.k*e)},apply:function(t){return[t[0]*this.k+this.x,t[1]*this.k+this.y]},applyX:function(t){return t*this.k+this.x},applyY:function(t){return t*this.k+this.y},invert:function(t){return[(t[0]-this.x)/this.k,(t[1]-this.y)/this.k]},invertX:function(t){return(t-this.x)/this.k},invertY:function(t){return(t-this.y)/this.k},rescaleX:function(t){return t.copy().domain(t.range().map(this.invertX,this).map(t.invert,t))},rescaleY:function(t){return t.copy().domain(t.range().map(this.invertY,this).map(t.invert,t))},toString:function(){return"translate("+this.x+","+this.y+") scale("+this.k+")"}};var Ed=new qi(1,0,0);qi.prototype;function mh(t){t.stopImmediatePropagation()}function El(t){t.preventDefault(),t.stopImmediatePropagation()}function GG(t){return(!t.ctrlKey||t.type==="wheel")&&!t.button}function KG(){var t=this;return t instanceof SVGElement?(t=t.ownerSVGElement||t,t.hasAttribute("viewBox")?(t=t.viewBox.baseVal,[[t.x,t.y],[t.x+t.width,t.y+t.height]]):[[0,0],[t.width.baseVal.value,t.height.baseVal.value]]):[[0,0],[t.clientWidth,t.clientHeight]]}function zT(){return this.__zoom||Ed}function XG(t){return-t.deltaY*(t.deltaMode===1?.05:t.deltaMode?1:.002)*(t.ctrlKey?10:1)}function YG(){return navigator.maxTouchPoints||"ontouchstart"in this}function qG(t,e,n){var r=t.invertX(e[0][0])-n[0][0],i=t.invertX(e[1][0])-n[1][0],o=t.invertY(e[0][1])-n[0][1],l=t.invertY(e[1][1])-n[1][1];return t.translate(i>r?(r+i)/2:Math.min(0,r)||Math.max(0,i),l>o?(o+l)/2:Math.min(0,o)||Math.max(0,l))}function jG(){var t=GG,e=KG,n=qG,r=XG,i=YG,o=[0,1/0],l=[[-1/0,-1/0],[1/0,1/0]],c=250,u=cz,p=Nm("start","zoom","end"),f,E,A,y=500,B=150,R=0,M=10;function O(K){K.property("__zoom",zT).on("wheel.zoom",dt,{passive:!1}).on("mousedown.zoom",X).on("dblclick.zoom",w).filter(i).on("touchstart.zoom",Z).on("touchmove.zoom",H).on("touchend.zoom touchcancel.zoom",b).style("-webkit-tap-highlight-color","rgba(0,0,0,0)")}O.transform=function(K,ht,tt,ot){var ft=K.selection?K.selection():K;ft.property("__zoom",zT),K!==ft?$(K,ht,tt,ot):ft.interrupt().each(function(){I(this,arguments).event(ot).start().zoom(null,typeof ht=="function"?ht.apply(this,arguments):ht).end()})},O.scaleBy=function(K,ht,tt,ot){O.scaleTo(K,function(){var ft=this.__zoom.k,yt=typeof ht=="function"?ht.apply(this,arguments):ht;return ft*yt},tt,ot)},O.scaleTo=function(K,ht,tt,ot){O.transform(K,function(){var ft=e.apply(this,arguments),yt=this.__zoom,Lt=tt==null?g(ft):typeof tt=="function"?tt.apply(this,arguments):tt,lt=yt.invert(Lt),j=typeof ht=="function"?ht.apply(this,arguments):ht;return n(G(L(yt,j),Lt,lt),ft,l)},tt,ot)},O.translateBy=function(K,ht,tt,ot){O.transform(K,function(){return n(this.__zoom.translate(typeof ht=="function"?ht.apply(this,arguments):ht,typeof tt=="function"?tt.apply(this,arguments):tt),e.apply(this,arguments),l)},null,ot)},O.translateTo=function(K,ht,tt,ot,ft){O.transform(K,function(){var yt=e.apply(this,arguments),Lt=this.__zoom,lt=ot==null?g(yt):typeof ot=="function"?ot.apply(this,arguments):ot;return n(Ed.translate(lt[0],lt[1]).scale(Lt.k).translate(typeof ht=="function"?-ht.apply(this,arguments):-ht,typeof tt=="function"?-tt.apply(this,arguments):-tt),yt,l)},ot,ft)};function L(K,ht){return ht=Math.max(o[0],Math.min(o[1],ht)),ht===K.k?K:new qi(ht,K.x,K.y)}function G(K,ht,tt){var ot=ht[0]-tt[0]*K.k,ft=ht[1]-tt[1]*K.k;return ot===K.x&&ft===K.y?K:new qi(K.k,ot,ft)}function g(K){return[(+K[0][0]+ +K[1][0])/2,(+K[0][1]+ +K[1][1])/2]}function $(K,ht,tt,ot){K.on("start.zoom",function(){I(this,arguments).event(ot).start()}).on("interrupt.zoom end.zoom",function(){I(this,arguments).event(ot).end()}).tween("zoom",function(){var ft=this,yt=arguments,Lt=I(ft,yt).event(ot),lt=e.apply(ft,yt),j=tt==null?g(lt):typeof tt=="function"?tt.apply(ft,yt):tt,U=Math.max(lt[1][0]-lt[0][0],lt[1][1]-lt[0][1]),J=ft.__zoom,C=typeof ht=="function"?ht.apply(ft,yt):ht,At=u(J.invert(j).concat(U/J.k),C.invert(j).concat(U/C.k));return function($t){if($t===1)$t=C;else{var ne=At($t),He=U/ne[2];$t=new qi(He,j[0]-ne[0]*He,j[1]-ne[1]*He)}Lt.zoom(null,$t)}})}function I(K,ht,tt){return!tt&&K.__zooming||new P(K,ht)}function P(K,ht){this.that=K,this.args=ht,this.active=0,this.sourceEvent=null,this.extent=e.apply(K,ht),this.taps=0}P.prototype={event:function(K){return K&&(this.sourceEvent=K),this},start:function(){return++this.active===1&&(this.that.__zooming=this,this.emit("start")),this},zoom:function(K,ht){return this.mouse&&K!=="mouse"&&(this.mouse[1]=ht.invert(this.mouse[0])),this.touch0&&K!=="touch"&&(this.touch0[1]=ht.invert(this.touch0[0])),this.touch1&&K!=="touch"&&(this.touch1[1]=ht.invert(this.touch1[0])),this.that.__zoom=ht,this.emit("zoom"),this},end:function(){return--this.active===0&&(delete this.that.__zooming,this.emit("end")),this},emit:function(K){var ht=gi(this.that).datum();p.call(K,this.that,new zG(K,{sourceEvent:this.sourceEvent,target:O,transform:this.that.__zoom,dispatch:p}),ht)}};function dt(K,...ht){if(!t.apply(this,arguments))return;var tt=I(this,ht).event(K),ot=this.__zoom,ft=Math.max(o[0],Math.min(o[1],ot.k*Math.pow(2,r.apply(this,arguments)))),yt=eo(K);if(tt.wheel)(tt.mouse[0][0]!==yt[0]||tt.mouse[0][1]!==yt[1])&&(tt.mouse[1]=ot.invert(tt.mouse[0]=yt)),clearTimeout(tt.wheel);else{if(ot.k===ft)return;tt.mouse=[yt,ot.invert(yt)],zu(this),tt.start()}El(K),tt.wheel=setTimeout(Lt,B),tt.zoom("mouse",n(G(L(ot,ft),tt.mouse[0],tt.mouse[1]),tt.extent,l));function Lt(){tt.wheel=null,tt.end()}}function X(K,...ht){if(A||!t.apply(this,arguments))return;var tt=K.currentTarget,ot=I(this,ht,!0).event(K),ft=gi(K.view).on("mousemove.zoom",j,!0).on("mouseup.zoom",U,!0),yt=eo(K,tt),Lt=K.clientX,lt=K.clientY;wV(K.view),mh(K),ot.mouse=[yt,this.__zoom.invert(yt)],zu(this),ot.start();function j(J){if(El(J),!ot.moved){var C=J.clientX-Lt,At=J.clientY-lt;ot.moved=C*C+At*At>R}ot.event(J).zoom("mouse",n(G(ot.that.__zoom,ot.mouse[0]=eo(J,tt),ot.mouse[1]),ot.extent,l))}function U(J){ft.on("mousemove.zoom mouseup.zoom",null),IV(J.view,ot.moved),El(J),ot.event(J).end()}}function w(K,...ht){if(t.apply(this,arguments)){var tt=this.__zoom,ot=eo(K.changedTouches?K.changedTouches[0]:K,this),ft=tt.invert(ot),yt=tt.k*(K.shiftKey?.5:2),Lt=n(G(L(tt,yt),ot,ft),e.apply(this,ht),l);El(K),c>0?gi(this).transition().duration(c).call($,Lt,ot,K):gi(this).call(O.transform,Lt,ot,K)}}function Z(K,...ht){if(t.apply(this,arguments)){var tt=K.touches,ot=tt.length,ft=I(this,ht,K.changedTouches.length===ot).event(K),yt,Lt,lt,j;for(mh(K),Lt=0;Lt<ot;++Lt)lt=tt[Lt],j=eo(lt,this),j=[j,this.__zoom.invert(j),lt.identifier],ft.touch0?!ft.touch1&&ft.touch0[2]!==j[2]&&(ft.touch1=j,ft.taps=0):(ft.touch0=j,yt=!0,ft.taps=1+!!f);f&&(f=clearTimeout(f)),yt&&(ft.taps<2&&(E=j[0],f=setTimeout(function(){f=null},y)),zu(this),ft.start())}}function H(K,...ht){if(this.__zooming){var tt=I(this,ht).event(K),ot=K.changedTouches,ft=ot.length,yt,Lt,lt,j;for(El(K),yt=0;yt<ft;++yt)Lt=ot[yt],lt=eo(Lt,this),tt.touch0&&tt.touch0[2]===Lt.identifier?tt.touch0[0]=lt:tt.touch1&&tt.touch1[2]===Lt.identifier&&(tt.touch1[0]=lt);if(Lt=tt.that.__zoom,tt.touch1){var U=tt.touch0[0],J=tt.touch0[1],C=tt.touch1[0],At=tt.touch1[1],$t=($t=C[0]-U[0])*$t+($t=C[1]-U[1])*$t,ne=(ne=At[0]-J[0])*ne+(ne=At[1]-J[1])*ne;Lt=L(Lt,Math.sqrt($t/ne)),lt=[(U[0]+C[0])/2,(U[1]+C[1])/2],j=[(J[0]+At[0])/2,(J[1]+At[1])/2]}else if(tt.touch0)lt=tt.touch0[0],j=tt.touch0[1];else return;tt.zoom("touch",n(G(Lt,lt,j),tt.extent,l))}}function b(K,...ht){if(this.__zooming){var tt=I(this,ht).event(K),ot=K.changedTouches,ft=ot.length,yt,Lt;for(mh(K),A&&clearTimeout(A),A=setTimeout(function(){A=null},y),yt=0;yt<ft;++yt)Lt=ot[yt],tt.touch0&&tt.touch0[2]===Lt.identifier?delete tt.touch0:tt.touch1&&tt.touch1[2]===Lt.identifier&&delete tt.touch1;if(tt.touch1&&!tt.touch0&&(tt.touch0=tt.touch1,delete tt.touch1),tt.touch0)tt.touch0[1]=this.__zoom.invert(tt.touch0[0]);else if(tt.end(),tt.taps===2&&(Lt=eo(Lt,this),Math.hypot(E[0]-Lt[0],E[1]-Lt[1])<M)){var lt=gi(this).on("dblclick.zoom");lt&&lt.apply(this,arguments)}}}return O.wheelDelta=function(K){return arguments.length?(r=typeof K=="function"?K:yu(+K),O):r},O.filter=function(K){return arguments.length?(t=typeof K=="function"?K:yu(!!K),O):t},O.touchable=function(K){return arguments.length?(i=typeof K=="function"?K:yu(!!K),O):i},O.extent=function(K){return arguments.length?(e=typeof K=="function"?K:yu([[+K[0][0],+K[0][1]],[+K[1][0],+K[1][1]]]),O):e},O.scaleExtent=function(K){return arguments.length?(o[0]=+K[0],o[1]=+K[1],O):[o[0],o[1]]},O.translateExtent=function(K){return arguments.length?(l[0][0]=+K[0][0],l[1][0]=+K[1][0],l[0][1]=+K[0][1],l[1][1]=+K[1][1],O):[[l[0][0],l[0][1]],[l[1][0],l[1][1]]]},O.constrain=function(K){return arguments.length?(n=K,O):n},O.duration=function(K){return arguments.length?(c=+K,O):c},O.interpolate=function(K){return arguments.length?(u=K,O):u},O.on=function(){var K=p.on.apply(p,arguments);return K===p?O:K},O.clickDistance=function(K){return arguments.length?(R=(K=+K)*K,O):Math.sqrt(R)},O.tapDistance=function(K){return arguments.length?(M=+K,O):M},O}function JG(t){var e=0,n=t.children,r=n&&n.length;if(!r)e=1;else for(;--r>=0;)e+=n[r].value;t.value=e}function QG(){return this.eachAfter(JG)}function ZG(t){var e=this,n,r=[e],i,o,l;do for(n=r.reverse(),r=[];e=n.pop();)if(t(e),i=e.children,i)for(o=0,l=i.length;o<l;++o)r.push(i[o]);while(r.length);return this}function tK(t){for(var e=this,n=[e],r,i;e=n.pop();)if(t(e),r=e.children,r)for(i=r.length-1;i>=0;--i)n.push(r[i]);return this}function eK(t){for(var e=this,n=[e],r=[],i,o,l;e=n.pop();)if(r.push(e),i=e.children,i)for(o=0,l=i.length;o<l;++o)n.push(i[o]);for(;e=r.pop();)t(e);return this}function nK(t){return this.eachAfter(function(e){for(var n=+t(e.data)||0,r=e.children,i=r&&r.length;--i>=0;)n+=r[i].value;e.value=n})}function rK(t){return this.eachBefore(function(e){e.children&&e.children.sort(t)})}function iK(t){for(var e=this,n=sK(e,t),r=[e];e!==n;)e=e.parent,r.push(e);for(var i=r.length;t!==n;)r.splice(i,0,t),t=t.parent;return r}function sK(t,e){if(t===e)return t;var n=t.ancestors(),r=e.ancestors(),i=null;for(t=n.pop(),e=r.pop();t===e;)i=t,t=n.pop(),e=r.pop();return i}function oK(){for(var t=this,e=[t];t=t.parent;)e.push(t);return e}function aK(){var t=[];return this.each(function(e){t.push(e)}),t}function lK(){var t=[];return this.eachBefore(function(e){e.children||t.push(e)}),t}function cK(){var t=this,e=[];return t.each(function(n){n!==t&&e.push({source:n.parent,target:n})}),e}function Hm(t,e){var n=new gd(t),r=+t.value&&(n.value=t.value),i,o=[n],l,c,u,p;for(e==null&&(e=dK);i=o.pop();)if(r&&(i.value=+i.data.value),(c=e(i.data))&&(p=c.length))for(i.children=new Array(p),u=p-1;u>=0;--u)o.push(l=i.children[u]=new gd(c[u])),l.parent=i,l.depth=i.depth+1;return n.eachBefore(pK)}function uK(){return Hm(this).eachBefore(fK)}function dK(t){return t.children}function fK(t){t.data=t.data.data}function pK(t){var e=0;do t.height=e;while((t=t.parent)&&t.height<++e)}function gd(t){this.data=t,this.depth=this.height=0,this.parent=null}gd.prototype=Hm.prototype={constructor:gd,count:QG,each:ZG,eachAfter:eK,eachBefore:tK,sum:nK,sort:rK,path:iK,ancestors:oK,descendants:aK,leaves:lK,links:cK,copy:uK};const hK="2.1.2",mK={version:hK},{version:_K}=mK,EK=Object.freeze({children:t=>t.children,nodeSize:t=>t.data.size,spacing:0});function eb(t){const e=Object.assign({},EK,t);function n(c){const u=e[c];return typeof u=="function"?u:()=>u}function r(c){const u=l(o(),c,p=>p.children);return u.update(),u.data}function i(){const c=n("nodeSize"),u=n("spacing");return class tb extends Hm.prototype.constructor{constructor(f){super(f)}copy(){const f=l(this.constructor,this,E=>E.children);return f.each(E=>E.data=E.data.data),f}get size(){return c(this)}spacing(f){return u(this,f)}get nodes(){return this.descendants()}get xSize(){return this.size[0]}get ySize(){return this.size[1]}get top(){return this.y}get bottom(){return this.y+this.ySize}get left(){return this.x-this.xSize/2}get right(){return this.x+this.xSize/2}get root(){const f=this.ancestors();return f[f.length-1]}get numChildren(){return this.hasChildren?this.children.length:0}get hasChildren(){return!this.noChildren}get noChildren(){return this.children===null}get firstChild(){return this.hasChildren?this.children[0]:null}get lastChild(){return this.hasChildren?this.children[this.numChildren-1]:null}get extents(){return(this.children||[]).reduce((f,E)=>tb.maxExtents(f,E.extents),this.nodeExtents)}get nodeExtents(){return{top:this.top,bottom:this.bottom,left:this.left,right:this.right}}static maxExtents(f,E){return{top:Math.min(f.top,E.top),bottom:Math.max(f.bottom,E.bottom),left:Math.min(f.left,E.left),right:Math.max(f.right,E.right)}}}}function o(){const c=i(),u=n("nodeSize"),p=n("spacing");return class extends c{constructor(f){super(f),Object.assign(this,{x:0,y:0,relX:0,prelim:0,shift:0,change:0,lExt:this,lExtRelX:0,lThr:null,rExt:this,rExtRelX:0,rThr:null})}get size(){return u(this.data)}spacing(f){return p(this.data,f.data)}get x(){return this.data.x}set x(f){this.data.x=f}get y(){return this.data.y}set y(f){this.data.y=f}update(){return nb(this),rb(this),this}}}function l(c,u,p){const f=(E,A)=>{const y=new c(E);Object.assign(y,{parent:A,depth:A===null?0:A.depth+1,height:0,length:1});const B=p(E)||[];return y.children=B.length===0?null:B.map(R=>f(R,y)),y.children&&Object.assign(y,y.children.reduce((R,M)=>({height:Math.max(R.height,M.height+1),length:R.length+M.length}),y)),y};return f(u,null)}return Object.assign(r,{nodeSize(c){return arguments.length?(e.nodeSize=c,r):e.nodeSize},spacing(c){return arguments.length?(e.spacing=c,r):e.spacing},children(c){return arguments.length?(e.children=c,r):e.children},hierarchy(c,u){const p=typeof u>"u"?e.children:u;return l(i(),c,p)},dump(c){const u=n("nodeSize"),p=f=>E=>{const A=f+"  ",y=f+"    ",{x:B,y:R}=E,M=u(E),O=E.children||[],L=O.length===0?" ":`,${A}children: [${y}${O.map(p(y)).join(y)}${A}],${f}`;return`{ size: [${M.join(", ")}],${A}x: ${B}, y: ${R}${L}},`};return p(`
`)(c)}}),r}eb.version=_K;const nb=(t,e=0)=>(t.y=e,(t.children||[]).reduce((n,r)=>{const[i,o]=n;nb(r,t.y+t.ySize);const l=(i===0?r.lExt:r.rExt).bottom;i!==0&&TK(t,i,o);const c=yK(l,i,o);return[i+1,c]},[0,null]),gK(t),OK(t),t),rb=(t,e,n)=>{typeof e>"u"&&(e=-t.relX-t.prelim,n=0);const r=e+t.relX;return t.relX=r+t.prelim-n,t.prelim=0,t.x=n+t.relX,(t.children||[]).forEach(i=>rb(i,r,t.x)),t},gK=t=>{(t.children||[]).reduce((e,n)=>{const[r,i]=e,o=r+n.shift,l=i+o+n.change;return n.relX+=l,[o,l]},[0,0])},TK=(t,e,n)=>{const r=t.children[e-1],i=t.children[e];let o=r,l=r.relX,c=i,u=i.relX,p=!0;for(;o&&c;){o.bottom>n.lowY&&(n=n.next);const f=l+o.prelim-(u+c.prelim)+o.xSize/2+c.xSize/2+o.spacing(c);(f>0||f<0&&p)&&(u+=f,vK(i,f),SK(t,e,n.index,f)),p=!1;const E=o.bottom,A=c.bottom;E<=A&&(o=RK(o),o&&(l+=o.relX)),E>=A&&(c=AK(c),c&&(u+=c.relX))}!o&&c?bK(t,e,c,u):o&&!c&&LK(t,e,o,l)},vK=(t,e)=>{t.relX+=e,t.lExtRelX+=e,t.rExtRelX+=e},SK=(t,e,n,r)=>{const i=t.children[e],o=e-n;if(o>1){const l=r/o;t.children[n+1].shift+=l,i.shift-=l,i.change-=r-l}},AK=t=>t.hasChildren?t.firstChild:t.lThr,RK=t=>t.hasChildren?t.lastChild:t.rThr,bK=(t,e,n,r)=>{const i=t.firstChild,o=i.lExt,l=t.children[e];o.lThr=n;const c=r-n.relX-i.lExtRelX;o.relX+=c,o.prelim-=c,i.lExt=l.lExt,i.lExtRelX=l.lExtRelX},LK=(t,e,n,r)=>{const i=t.children[e],o=i.rExt,l=t.children[e-1];o.rThr=n;const c=r-n.relX-i.rExtRelX;o.relX+=c,o.prelim-=c,i.rExt=l.rExt,i.rExtRelX=l.rExtRelX},OK=t=>{if(t.hasChildren){const e=t.firstChild,n=t.lastChild,r=(e.prelim+e.relX-e.xSize/2+n.relX+n.prelim+n.xSize/2)/2;Object.assign(t,{prelim:r,lExt:e.lExt,lExtRelX:e.lExtRelX,rExt:n.rExt,rExtRelX:n.rExtRelX})}},yK=(t,e,n)=>{for(;n!==null&&t>=n.lowY;)n=n.next;return{lowY:t,index:e,next:n}},NK={key:0,class:"flex-grow-1 d-flex justify-content-center"},CK={class:"card align-self-center border-danger w-50"},xK={class:"card-body"},wK={class:"overflow-hidden d-flex w-100 h-100 position-relative mb-3"},IK={class:"overflow-auto flex-grow-1"},kK={class:"small p-2 mb-0",style:{"max-height":"200px"}},BK=["innerHTML"],PK={class:"d-flex align-items-center"},DK={class:"text-secondary"},MK={class:"d-flex align-items-center"},HK={class:"nav nav-pills"},WK={class:"nav-item p-1"},UK={class:"nav-item p-1"},$K={key:0,class:"badge bg-info",style:{"font-size":"0.6em"}},FK={class:"nav-item p-1"},VK={class:"nav-item p-1"},zK={class:"nav-item p-1"},GK={class:"ms-auto me-2 small"},KK={href:"https://github.com/dalibo/pev2",target:"_blank"},XK={class:"tab-content flex-grow-1 d-flex overflow-hidden"},YK={class:"d-flex flex-column flex-grow-1 overflow-hidden"},qK={class:"flex-grow-1 d-flex overflow-hidden"},jK={class:"flex-grow-1 overflow-hidden"},JK={key:0,class:"position-absolute m-1 p-1 bottom-0 end-0 rounded bg-white d-flex"},QK={class:"btn-group btn-group-xs"},ZK=["disabled"],tX=["disabled"],eX={width:"100%",height:"100%"},nX=["transform"],rX=["d","stroke-width"],iX=["d","stroke-width"],sX=["x","y","width"],oX=["x","y","width","height"],aX=["d","stroke-width"],lX=["x","y","width"],cX={class:"overflow-hidden d-flex w-100 h-100 flex-column"},uX={class:"overflow-hidden d-flex w-100 h-100"},dX={class:"overflow-auto flex-grow-1"},fX={class:"small p-2 mb-0"},pX=["innerHTML"],hX={class:"overflow-hidden d-flex w-100 h-100"},mX={class:"overflow-auto flex-grow-1"},_X={class:"small p-2 mb-0"},EX=["innerHTML"],pi=40,GT=.2,gX=Xe({__name:"Plan",props:{planSource:{},planQuery:{}},setup(t){const e=t,n="1.14.0",r=se(null),i=se(""),o=se(""),l=se(!1),c=se(),u=se(),p=lr({}),f=Dt(()=>c.value&&c.value.content.Plan),E=se(NaN),A=se(void 0),y=se(NaN),B=localStorage.getItem("gridIsNotNew"),R=lr({showHighlightBar:!1,showPlanStats:!0,highlightType:Tr.NONE,diagramWidth:20}),M=new $9,O=se(""),L=se(1),G=Dt(()=>ZR().domain([0,p.maxRows]).range([1,pi/1.5])),g=jG().scaleExtent([GT,3]).on("zoom",function(j){O.value=j.transform,L.value=j.transform.k}),$=se(null),I=se([]),P=se([]),dt=eb({nodeSize:j=>j.data.size?[j.data.size[0],j.data.size[1]+pi]:[0,0],spacing:(j,U)=>Math.pow(j.path(U).length,1.5)}),X=se(dt.hierarchy({}));ks(()=>{const j=localStorage.getItem("viewOptions");j&&Q.assignIn(R,JSON.parse(j));let U;try{U=M.fromSource(e.planSource),l.value=!0,ft("plan")}catch{l.value=!1,c.value=void 0;return}o.value=U["Query Text"]||e.planQuery,c.value=M.createPlan("",U,o.value);const J=c.value.content;p.executionTime=J["Execution Time"]||J["Total Runtime"]||NaN,p.planningTime=J["Planning Time"]||NaN,p.maxRows=J.maxRows||NaN,p.maxCost=J.maxCost||NaN,p.maxDuration=J.maxDuration||NaN,p.maxBlocks=J.maxBlocks||{},p.maxIo=J.maxIo||NaN,p.maxEstimateFactor=J.maxEstimateFactor||NaN,p.triggers=J.Triggers||[],p.jitTime=J.JIT&&J.JIT.Timing&&J.JIT.Timing.Total||NaN,p.settings=J.Settings,c.value.planStats=p,Ml(()=>{K()}),window.addEventListener("hashchange",K),f.value&&(X.value=dt.hierarchy(f.value,C=>C.Plans)),I.value=[],Q.each(c.value?.ctes,C=>{const At=dt.hierarchy(C,$t=>$t.Plans);I.value.push(At)}),w()});function w(){$.value=dt(X.value);const j=yt($.value),U=[j[0],j[3]+pi];Q.each(I.value,J=>{const C=dt(J),At=yt(C),$t=At[1]-At[0];C.each(ne=>{ne.x+=U[0]-At[0],ne.y+=U[1]}),U[0]+=$t+pi*2}),P.value=[],Q.each($.value.descendants(),J=>{if(Q.has(J.data,_.CTE_NAME)){const C=Q.find(I.value,At=>At.data[_.SUBPLAN_NAME]=="CTE "+J.data[_.CTE_NAME]);C&&P.value.push({source:J,target:C})}}),Q.each(I.value,J=>{Q.each(J.descendants(),C=>{if(Q.has(C.data,_.CTE_NAME)){const At=Q.find(I.value,$t=>$t.data[_.SUBPLAN_NAME]=="CTE "+C.data[_.CTE_NAME]);At&&P.value.push({source:C,target:At})}})})}yo(()=>{u.value&&(gi(u.value.$el).call(g),Ml(()=>{if($.value){const j=yt($.value),U=j[0],J=j[2],C=j[1],At=j[3],$t=u.value.$el.getBoundingClientRect();gi(u.value.$el).transition().call(g.transform,Ed.translate($t.width/2,10).scale(Math.min(1,Math.max(GT,.8/Math.max((C-U)/$t.width,(At-J)/$t.height)))).translate(-(U+C)/2,10))}}))}),Ov(()=>{window.removeEventListener("hashchange",K)}),Hn(R,Z);function Z(){localStorage.setItem("viewOptions",JSON.stringify(R))}Hn(E,H);function H(j){window.location.hash=j?"plan/node/"+j:"",c.value&&j&&(A.value=YH(c.value,j))}const b=Dt(()=>function(j){const U=j.source,J=j.target,C=Math.abs(J.y-(U.y+U.ySize)-pi),At=qR();return At.moveTo(U.x,U.y),At.lineTo(U.x,U.y+U.ySize-pi),At.bezierCurveTo(U.x,U.y+U.ySize-pi+C/2,J.x,J.y-C/2,J.x,J.y),At.toString()});function K(){const U=/#([a-zA-Z]*)(\/node\/([0-9]*))*/.exec(window.location.hash);if(U){const J=U[1]||"plan";ft(J);const C=parseInt(U[3],0);J=="plan"&&C!==void 0&&C!=E.value&&setTimeout(()=>{ht(C,!0)},1)}}Yn(id,E),Yn(Kd,y),Yn("updateNodeSize",lt);function ht(j,U){U=!!U,E.value=j,U&&tt(j)}Yn(Ro,ht),Yn(xo,R),Yn(ii,c);function tt(j){const U=u.value.$el.getBoundingClientRect(),J=ot(j);if(!J)return;let C=-J.x,At=-J.y;const $t=L.value;C=C*$t+U.width/2,At=At*$t+U.height/2,gi(u.value.$el).transition().duration(500).call(g.transform,Ed.translate(C,At).scale($t))}function ot(j){const U=[$.value].concat(I.value);let J;return Q.each(U,C=>(J=Q.find(C?.descendants(),At=>At.data.nodeId==j),!J)),J}const ft=j=>{i.value=j};function yt(j){const U=Q.min(Q.map(j.descendants(),$t=>$t.x-$t.xSize/2))||0,J=Q.max(Q.map(j.descendants(),$t=>$t.x+$t.xSize/2))||0,C=Q.min(Q.map(j.descendants(),$t=>$t.y))||0,At=Q.max(Q.map(j.descendants(),$t=>$t.y+$t.ySize))||0;return[U,J,C,At]}function Lt(j){return!!p.executionTime&&!j[_.ACTUAL_LOOPS]}Hn(()=>{const j=[];return j.concat(X.value.descendants().map(U=>U.data.size)),Q.each(I.value,U=>{j.concat(U.descendants().map(J=>J.data.size))}),j},()=>{w()});function lt(j,U){j.size=[U[0]/L.value,U[1]/L.value]}return(j,U)=>l.value?(k(),D("div",{key:1,class:"plan-container d-flex flex-column overflow-hidden flex-grow-1 bg-light",ref_key:"rootEl",ref:r},[v("div",MK,[v("ul",HK,[v("li",WK,[v("a",{class:Pt(["nav-link px-2 py-0",{active:i.value==="plan"}]),href:"#plan"},"Plan",2)]),U[17]||(U[17]=T()),v("li",UK,[v("a",{class:Pt(["nav-link px-2 py-0 position-relative",{active:i.value==="grid"}]),href:"#grid"},[U[16]||(U[16]=T(`Grid
            `)),h(B)?it("",!0):(k(),D("span",$K,`
              new
            `))],2)]),U[18]||(U[18]=T()),v("li",FK,[v("a",{class:Pt(["nav-link px-2 py-0",{active:i.value==="raw"}]),href:"#raw"},"Raw",2)]),U[19]||(U[19]=T()),v("li",VK,[v("a",{class:Pt(["nav-link px-2 py-0",{active:i.value==="query",disabled:!o.value}]),href:"#query"},"Query",2)]),U[20]||(U[20]=T()),v("li",zK,[v("a",{class:Pt(["nav-link px-2 py-0",{active:i.value==="stats"}]),href:"#stats"},"Stats",2)])]),U[21]||(U[21]=T()),v("div",GK,[v("a",KK,[wt(_T),T(" "+vt(h(n)),1)])])]),U[40]||(U[40]=T()),v("div",XK,[v("div",{class:Pt(["tab-pane flex-grow-1 overflow-hidden",{"show active d-flex":i.value==="plan"}])},[v("div",YK,[wt(gT),U[32]||(U[32]=T()),v("div",qK,[v("div",jK,[wt(h(k6),{class:"default-theme",onResize:U[4]||(U[4]=J=>R.diagramWidth=J[0].size)},{default:ze(()=>[c.value?(k(),Be(h(P1),{key:0,size:R.diagramWidth,class:"d-flex flex-column"},{default:ze(()=>[wt(x5,{ref:"diagram",class:"d-flex flex-column flex-grow-1 overflow-hidden plan-diagram"},null,512)]),_:1},8,["size"])):it("",!0),U[31]||(U[31]=T()),wt(h(P1),{ref_key:"planEl",ref:u,class:"plan grab-bing position-relative"},{default:ze(()=>[c.value?(k(),D("div",JK,[v("div",QK,[v("button",{class:Pt(["btn btn-outline-secondary",{active:R.highlightType===h(Tr).NONE}]),onClick:U[0]||(U[0]=J=>R.highlightType=h(Tr).NONE)},`
                        none
                      `,2),U[22]||(U[22]=T()),v("button",{class:Pt(["btn btn-outline-secondary",{active:R.highlightType===h(Tr).DURATION}]),onClick:U[1]||(U[1]=J=>R.highlightType=h(Tr).DURATION),disabled:!c.value.isAnalyze},`
                        duration
                      `,10,ZK),U[23]||(U[23]=T()),v("button",{class:Pt(["btn btn-outline-secondary",{active:R.highlightType===h(Tr).ROWS}]),onClick:U[2]||(U[2]=J=>R.highlightType=h(Tr).ROWS),disabled:!f.value||f.value[h(_).ACTUAL_ROWS]===void 0},`
                        rows
                      `,10,tX),U[24]||(U[24]=T()),v("button",{class:Pt(["btn btn-outline-secondary",{active:R.highlightType===h(Tr).COST}]),onClick:U[3]||(U[3]=J=>R.highlightType=h(Tr).COST)},`
                        cost
                      `,2)])])):it("",!0),U[30]||(U[30]=T()),(k(),D("svg",eX,[v("g",{transform:O.value},[(k(!0),D(Vt,null,je(P.value,(J,C)=>(k(),D("path",{key:`linkcte${C}`,d:b.value(J),stroke:"#B3D7D7","stroke-width":G.value(J.target.data[h(_).ACTUAL_ROWS_REVISED]),fill:"none"},null,8,rX))),128)),U[27]||(U[27]=T()),(k(!0),D(Vt,null,je($.value?.links(),(J,C)=>(k(),D("path",{key:`link${C}`,d:b.value(J),class:Pt({"never-executed":Lt(J.target.data)}),stroke:"grey","stroke-width":G.value(J.target.data[h(_).ACTUAL_ROWS_REVISED]),"stroke-linecap":"square",fill:"none"},null,10,iX))),128)),U[28]||(U[28]=T()),(k(!0),D(Vt,null,je($.value?.descendants(),(J,C)=>(k(),D("foreignObject",{key:C,x:J.x-J.xSize/2,y:J.y,width:J.xSize,height:"1",ref_for:!0,ref:"root"},[wt(ET,{node:J.data,class:"d-flex justify-content-center position-fixed"},null,8,["node"])],8,sX))),128)),U[29]||(U[29]=T()),(k(!0),D(Vt,null,je(I.value,J=>(k(),D("g",{key:J.data.nodeId},[v("rect",{x:yt(J)[0]-pi/4,y:yt(J)[2]-pi/2,width:yt(J)[1]-yt(J)[0]+pi/2,height:yt(J)[3]-yt(J)[2],stroke:"#cfcfcf","stroke-width":"2",fill:"#cfcfcf","fill-opacity":"10%",rx:"5",ry:"5"},null,8,oX),U[25]||(U[25]=T()),(k(!0),D(Vt,null,je(J.links(),(C,At)=>(k(),D("path",{key:`link${At}`,d:b.value(C),stroke:"grey","stroke-width":G.value(C.target.data[h(_).ACTUAL_ROWS_REVISED]),"stroke-linecap":"square",fill:"none"},null,8,aX))),128)),U[26]||(U[26]=T()),(k(!0),D(Vt,null,je(J.descendants(),(C,At)=>(k(),D("foreignObject",{key:At,x:C.x-C.xSize/2,y:C.y,width:C.xSize,height:"1",ref_for:!0,ref:"root"},[wt(ET,{node:C.data,class:"d-flex justify-content-center position-fixed"},null,8,["node"])],8,lX))),128))]))),128))],8,nX)]))]),_:1},512)]),_:1})])])])],2),U[36]||(U[36]=T()),i.value==="grid"?(k(),D("div",{key:0,class:Pt(["tab-pane flex-grow-1 overflow-hidden position-relative",{"show active":i.value==="grid"}])},[v("div",cX,[wt(gT),U[33]||(U[33]=T()),wt(XU,{class:"flex-grow-1 overflow-auto plan-grid"})])],2)):it("",!0),U[37]||(U[37]=T()),v("div",{class:Pt(["tab-pane flex-grow-1 overflow-hidden position-relative",{"show active":i.value==="raw"}])},[v("div",uX,[v("div",dX,[v("pre",fX,[v("code",{innerHTML:h(gW)(j.planSource)},null,8,pX)])]),U[34]||(U[34]=T()),wt(rh,{content:j.planSource},null,8,["content"])])],2),U[38]||(U[38]=T()),o.value?(k(),D("div",{key:1,class:Pt(["tab-pane flex-grow-1 overflow-hidden position-relative",{"show active":i.value==="query"}])},[v("div",hX,[v("div",mX,[v("pre",_X,[v("code",{innerHTML:h(EW)(o.value)},null,8,EX)])])]),U[35]||(U[35]=T()),wt(rh,{content:o.value},null,8,["content"])],2)):it("",!0),U[39]||(U[39]=T()),v("div",{class:Pt(["tab-pane flex-grow-1 overflow-auto",{"show active":i.value==="stats"}])},[c.value?(k(),Be(k9,{key:0})):it("",!0)],2)])],512)):(k(),D("div",NK,[v("div",CK,[v("div",xK,[U[9]||(U[9]=v("h5",{class:"card-title text-danger"},"Couldn't parse plan",-1)),U[10]||(U[10]=T()),U[11]||(U[11]=v("h6",{class:"card-subtitle mb-2 text-body-secondary"},`
          An error occured while parsing the plan
        `,-1)),U[12]||(U[12]=T()),v("div",wK,[v("div",IK,[v("pre",kK,[v("code",{innerHTML:j.planSource},null,8,BK)])]),U[5]||(U[5]=T()),wt(rh,{content:j.planSource},null,8,["content"])]),U[13]||(U[13]=T()),U[14]||(U[14]=v("p",{class:"card-text text-body-dark"},`
          The plan you submited couldn't be parsed. This may be a bug. You can
          help us fix it by opening a new issue.
        `,-1)),U[15]||(U[15]=T()),v("div",PK,[v("span",DK,[wt(_T),U[6]||(U[6]=T(`
            PEV2 `)),v("i",null,"version "+vt(h(n)),1)]),U[7]||(U[7]=T()),U[8]||(U[8]=v("a",{href:"https://github.com/dalibo/pev2/issues/new?template=parsing_error.md&labels=parsing&title=Failed+to+parse+plan",target:"_blank",class:"btn btn-primary ms-auto"},"Open an issue on Github",-1))])])])]))}}),TX=`Nested Loop Left Join  (cost=11.95..28.52 rows=5 width=157) (actual time=0.010..0.010 rows=0 loops=1)
  Output: rel_users_exams.user_username, rel_users_exams.exam_id, rel_users_exams.started_at, rel_users_exams.finished_at, exam_1.id, exam_1.title, exam_1.date_from, exam_1.date_to, exam_1.created, exam_1.created_by_, exam_1.duration, exam_1.success_threshold, exam_1.published
  Inner Unique: true
  Join Filter: (exam_1.id = rel_users_exams.exam_id)
  Buffers: shared hit=1
  ->  Bitmap Heap Scan on public.rel_users_exams  (cost=11.80..20.27 rows=5 width=52) (actual time=0.009..0.009 rows=0 loops=1)
        Output: rel_users_exams.user_username, rel_users_exams.exam_id, rel_users_exams.started_at, rel_users_exams.finished_at
        Recheck Cond: (1 = rel_users_exams.exam_id)
        Buffers: shared hit=1
        ->  Bitmap Index Scan on rel_users_exams_pkey  (cost=0.00..11.80 rows=5 width=0) (actual time=0.005..0.005 rows=0 loops=1)
              Index Cond: (1 = rel_users_exams.exam_id)
              Buffers: shared hit=1
  ->  Materialize  (cost=0.15..8.17 rows=1 width=105) (never executed)
        Output: exam_1.id, exam_1.title, exam_1.date_from, exam_1.date_to, exam_1.created, exam_1.created_by_, exam_1.duration, exam_1.success_threshold, exam_1.published
        ->  Index Scan using exam_pkey on public.exam exam_1  (cost=0.15..8.17 rows=1 width=105) (never executed)
              Output: exam_1.id, exam_1.title, exam_1.date_from, exam_1.date_to, exam_1.created, exam_1.created_by_, exam_1.duration, exam_1.success_threshold, exam_1.published
              Index Cond: (exam_1.id = 1)
Planning Time: 1.110 ms
Execution Time: 0.170 ms
`,KT=`SELECT rel_users_exams.user_username AS rel_users_exams_user_username,
         rel_users_exams.exam_id AS rel_users_exams_exam_id,
         rel_users_exams.started_at AS rel_users_exams_started_at,
         rel_users_exams.finished_at AS rel_users_exams_finished_at,
         exam_1.id AS exam_1_id,
         exam_1.title AS exam_1_title,
         exam_1.date_from AS exam_1_date_from,
         exam_1.date_to AS exam_1_date_to,
         exam_1.created AS exam_1_created,
         exam_1.created_by_ AS exam_1_created_by_,
         exam_1.duration AS exam_1_duration,
         exam_1.success_threshold AS exam_1_success_threshold,
         exam_1.published AS exam_1_published
FROM rel_users_exams LEFT OUTER
JOIN exam AS exam_1
    ON exam_1.id = rel_users_exams.exam_id
WHERE 1 = rel_users_exams.exam_id;
`,vX=`[
  {
    "Plan": {
      "Node Type": "Nested Loop",
      "Parallel Aware": false,
      "Join Type": "Left",
      "Startup Cost": 11.95,
      "Total Cost": 28.52,
      "Plan Rows": 5,
      "Plan Width": 157,
      "Actual Startup Time": 0.007,
      "Actual Total Time": 0.007,
      "Actual Rows": 0,
      "Actual Loops": 1,
      "Output": ["rel_users_exams.user_username", "rel_users_exams.exam_id", "rel_users_exams.started_at", "rel_users_exams.finished_at", "exam_1.id", "exam_1.title", "exam_1.date_from", "exam_1.date_to", "exam_1.created", "exam_1.created_by_", "exam_1.duration", "exam_1.success_threshold", "exam_1.published"],
      "Inner Unique": true,
      "Join Filter": "(exam_1.id = rel_users_exams.exam_id)",
      "Rows Removed by Join Filter": 0,
      "Shared Hit Blocks": 1,
      "Shared Read Blocks": 0,
      "Shared Dirtied Blocks": 0,
      "Shared Written Blocks": 0,
      "Local Hit Blocks": 0,
      "Local Read Blocks": 0,
      "Local Dirtied Blocks": 0,
      "Local Written Blocks": 0,
      "Temp Read Blocks": 0,
      "Temp Written Blocks": 0,
      "Plans": [
        {
          "Node Type": "Bitmap Heap Scan",
          "Parent Relationship": "Outer",
          "Parallel Aware": false,
          "Relation Name": "rel_users_exams",
          "Schema": "public",
          "Alias": "rel_users_exams",
          "Startup Cost": 11.80,
          "Total Cost": 20.27,
          "Plan Rows": 5,
          "Plan Width": 52,
          "Actual Startup Time": 0.006,
          "Actual Total Time": 0.006,
          "Actual Rows": 0,
          "Actual Loops": 1,
          "Output": ["rel_users_exams.user_username", "rel_users_exams.exam_id", "rel_users_exams.started_at", "rel_users_exams.finished_at"],
          "Recheck Cond": "(1 = rel_users_exams.exam_id)",
          "Rows Removed by Index Recheck": 0,
          "Exact Heap Blocks": 0,
          "Lossy Heap Blocks": 0,
          "Shared Hit Blocks": 1,
          "Shared Read Blocks": 0,
          "Shared Dirtied Blocks": 0,
          "Shared Written Blocks": 0,
          "Local Hit Blocks": 0,
          "Local Read Blocks": 0,
          "Local Dirtied Blocks": 0,
          "Local Written Blocks": 0,
          "Temp Read Blocks": 0,
          "Temp Written Blocks": 0,
          "Plans": [
            {
              "Node Type": "Bitmap Index Scan",
              "Parent Relationship": "Outer",
              "Parallel Aware": false,
              "Index Name": "rel_users_exams_pkey",
              "Startup Cost": 0.00,
              "Total Cost": 11.80,
              "Plan Rows": 5,
              "Plan Width": 0,
              "Actual Startup Time": 0.003,
              "Actual Total Time": 0.004,
              "Actual Rows": 0,
              "Actual Loops": 1,
              "Index Cond": "(1 = rel_users_exams.exam_id)",
              "Shared Hit Blocks": 1,
              "Shared Read Blocks": 0,
              "Shared Dirtied Blocks": 0,
              "Shared Written Blocks": 0,
              "Local Hit Blocks": 0,
              "Local Read Blocks": 0,
              "Local Dirtied Blocks": 0,
              "Local Written Blocks": 0,
              "Temp Read Blocks": 0,
              "Temp Written Blocks": 0
            }
          ]
        },
        {
          "Node Type": "Materialize",
          "Parent Relationship": "Inner",
          "Parallel Aware": false,
          "Startup Cost": 0.15,
          "Total Cost": 8.17,
          "Plan Rows": 1,
          "Plan Width": 105,
          "Actual Startup Time": 0.000,
          "Actual Total Time": 0.000,
          "Actual Rows": 0,
          "Actual Loops": 0,
          "Output": ["exam_1.id", "exam_1.title", "exam_1.date_from", "exam_1.date_to", "exam_1.created", "exam_1.created_by_", "exam_1.duration", "exam_1.success_threshold", "exam_1.published"],
          "Shared Hit Blocks": 0,
          "Shared Read Blocks": 0,
          "Shared Dirtied Blocks": 0,
          "Shared Written Blocks": 0,
          "Local Hit Blocks": 0,
          "Local Read Blocks": 0,
          "Local Dirtied Blocks": 0,
          "Local Written Blocks": 0,
          "Temp Read Blocks": 0,
          "Temp Written Blocks": 0,
          "Plans": [
            {
              "Node Type": "Index Scan",
              "Parent Relationship": "Outer",
              "Parallel Aware": false,
              "Scan Direction": "Forward",
              "Index Name": "exam_pkey",
              "Relation Name": "exam",
              "Schema": "public",
              "Alias": "exam_1",
              "Startup Cost": 0.15,
              "Total Cost": 8.17,
              "Plan Rows": 1,
              "Plan Width": 105,
              "Actual Startup Time": 0.000,
              "Actual Total Time": 0.000,
              "Actual Rows": 0,
              "Actual Loops": 0,
              "Output": ["exam_1.id", "exam_1.title", "exam_1.date_from", "exam_1.date_to", "exam_1.created", "exam_1.created_by_", "exam_1.duration", "exam_1.success_threshold", "exam_1.published"],
              "Index Cond": "(exam_1.id = 1)",
              "Rows Removed by Index Recheck": 0,
              "Shared Hit Blocks": 0,
              "Shared Read Blocks": 0,
              "Shared Dirtied Blocks": 0,
              "Shared Written Blocks": 0,
              "Local Hit Blocks": 0,
              "Local Read Blocks": 0,
              "Local Dirtied Blocks": 0,
              "Local Written Blocks": 0,
              "Temp Read Blocks": 0,
              "Temp Written Blocks": 0
            }
          ]
        }
      ]
    },
    "Planning Time": 0.905,
    "Triggers": [
    ],
    "Execution Time": 0.134
  }
]`,SX=`[
  {
    "Plan": {
      "Node Type": "Sort",
      "Parallel Aware": false,
      "Startup Cost": 624.86,
      "Total Cost": 625.88,
      "Plan Rows": 410,
      "Plan Width": 726,
      "Actual Startup Time": 6.039,
      "Actual Total Time": 6.088,
      "Actual Rows": 339,
      "Actual Loops": 1,
      "Output": ["rel_users_exams.user_username", "rel_users_exams.exam_id", "rel_users_exams.started_at", "rel_users_exams.finished_at", "answer_1.id", "answer_1.text", "answer_1.correct", "answer_1.fraction", "answer_1.question_id", "question_1.id", "question_1.title", "question_1.text", "question_1.file", "question_1.type", "question_1.source", "question_1.exam_id", "exam_1.id", "exam_1.title", "exam_1.date_from", "exam_1.date_to", "exam_1.created", "exam_1.created_by_", "exam_1.duration", "exam_1.success_threshold", "exam_1.published"],
      "Sort Key": ["question_1.id"],
      "Sort Method": "quicksort",
      "Sort Space Used": 409,
      "Sort Space Type": "Memory",
      "Shared Hit Blocks": 363,
      "Shared Read Blocks": 0,
      "Shared Dirtied Blocks": 0,
      "Shared Written Blocks": 0,
      "Local Hit Blocks": 0,
      "Local Read Blocks": 0,
      "Local Dirtied Blocks": 0,
      "Local Written Blocks": 0,
      "Temp Read Blocks": 0,
      "Temp Written Blocks": 0,
      "Plans": [
        {
          "Node Type": "Nested Loop",
          "Parent Relationship": "Outer",
          "Parallel Aware": false,
          "Join Type": "Left",
          "Startup Cost": 228.60,
          "Total Cost": 607.06,
          "Plan Rows": 410,
          "Plan Width": 726,
          "Actual Startup Time": 1.074,
          "Actual Total Time": 5.576,
          "Actual Rows": 339,
          "Actual Loops": 1,
          "Output": ["rel_users_exams.user_username", "rel_users_exams.exam_id", "rel_users_exams.started_at", "rel_users_exams.finished_at", "answer_1.id", "answer_1.text", "answer_1.correct", "answer_1.fraction", "answer_1.question_id", "question_1.id", "question_1.title", "question_1.text", "question_1.file", "question_1.type", "question_1.source", "question_1.exam_id", "exam_1.id", "exam_1.title", "exam_1.date_from", "exam_1.date_to", "exam_1.created", "exam_1.created_by_", "exam_1.duration", "exam_1.success_threshold", "exam_1.published"],
          "Join Filter": "(exam_1.id = question_1.exam_id)",
          "Rows Removed by Join Filter": 0,
          "Shared Hit Blocks": 360,
          "Shared Read Blocks": 0,
          "Shared Dirtied Blocks": 0,
          "Shared Written Blocks": 0,
          "Local Hit Blocks": 0,
          "Local Read Blocks": 0,
          "Local Dirtied Blocks": 0,
          "Local Written Blocks": 0,
          "Temp Read Blocks": 0,
          "Temp Written Blocks": 0,
          "Plans": [
            {
              "Node Type": "Nested Loop",
              "Parent Relationship": "Outer",
              "Parallel Aware": false,
              "Join Type": "Left",
              "Startup Cost": 0.00,
              "Total Cost": 2.94,
              "Plan Rows": 1,
              "Plan Width": 99,
              "Actual Startup Time": 0.025,
              "Actual Total Time": 0.033,
              "Actual Rows": 1,
              "Actual Loops": 1,
              "Output": ["rel_users_exams.user_username", "rel_users_exams.exam_id", "rel_users_exams.started_at", "rel_users_exams.finished_at", "exam_1.id", "exam_1.title", "exam_1.date_from", "exam_1.date_to", "exam_1.created", "exam_1.created_by_", "exam_1.duration", "exam_1.success_threshold", "exam_1.published"],
              "Join Filter": "(exam_1.id = rel_users_exams.exam_id)",
              "Rows Removed by Join Filter": 0,
              "Shared Hit Blocks": 2,
              "Shared Read Blocks": 0,
              "Shared Dirtied Blocks": 0,
              "Shared Written Blocks": 0,
              "Local Hit Blocks": 0,
              "Local Read Blocks": 0,
              "Local Dirtied Blocks": 0,
              "Local Written Blocks": 0,
              "Temp Read Blocks": 0,
              "Temp Written Blocks": 0,
              "Plans": [
                {
                  "Node Type": "Seq Scan",
                  "Parent Relationship": "Outer",
                  "Parallel Aware": false,
                  "Relation Name": "rel_users_exams",
                  "Schema": "public",
                  "Alias": "rel_users_exams",
                  "Startup Cost": 0.00,
                  "Total Cost": 1.73,
                  "Plan Rows": 1,
                  "Plan Width": 27,
                  "Actual Startup Time": 0.016,
                  "Actual Total Time": 0.021,
                  "Actual Rows": 1,
                  "Actual Loops": 1,
                  "Output": ["rel_users_exams.user_username", "rel_users_exams.exam_id", "rel_users_exams.started_at", "rel_users_exams.finished_at"],
                  "Filter": "((rel_users_exams.exam_id = 1) AND ((rel_users_exams.user_username)::text = 'nicolas1'::text))",
                  "Rows Removed by Filter": 56,
                  "Shared Hit Blocks": 1,
                  "Shared Read Blocks": 0,
                  "Shared Dirtied Blocks": 0,
                  "Shared Written Blocks": 0,
                  "Local Hit Blocks": 0,
                  "Local Read Blocks": 0,
                  "Local Dirtied Blocks": 0,
                  "Local Written Blocks": 0,
                  "Temp Read Blocks": 0,
                  "Temp Written Blocks": 0
                },
                {
                  "Node Type": "Seq Scan",
                  "Parent Relationship": "Inner",
                  "Parallel Aware": false,
                  "Relation Name": "exam",
                  "Schema": "public",
                  "Alias": "exam_1",
                  "Startup Cost": 0.00,
                  "Total Cost": 1.19,
                  "Plan Rows": 1,
                  "Plan Width": 72,
                  "Actual Startup Time": 0.006,
                  "Actual Total Time": 0.009,
                  "Actual Rows": 1,
                  "Actual Loops": 1,
                  "Output": ["exam_1.id", "exam_1.title", "exam_1.date_from", "exam_1.date_to", "exam_1.created", "exam_1.created_by_", "exam_1.duration", "exam_1.success_threshold", "exam_1.published"],
                  "Filter": "(exam_1.id = 1)",
                  "Rows Removed by Filter": 35,
                  "Shared Hit Blocks": 1,
                  "Shared Read Blocks": 0,
                  "Shared Dirtied Blocks": 0,
                  "Shared Written Blocks": 0,
                  "Local Hit Blocks": 0,
                  "Local Read Blocks": 0,
                  "Local Dirtied Blocks": 0,
                  "Local Written Blocks": 0,
                  "Temp Read Blocks": 0,
                  "Temp Written Blocks": 0
                }
              ]
            },
            {
              "Node Type": "Hash Join",
              "Parent Relationship": "Inner",
              "Parallel Aware": false,
              "Join Type": "Right",
              "Startup Cost": 228.60,
              "Total Cost": 599.00,
              "Plan Rows": 410,
              "Plan Width": 627,
              "Actual Startup Time": 1.047,
              "Actual Total Time": 5.420,
              "Actual Rows": 339,
              "Actual Loops": 1,
              "Output": ["question_1.id", "question_1.title", "question_1.text", "question_1.file", "question_1.type", "question_1.source", "question_1.exam_id", "answer_1.id", "answer_1.text", "answer_1.correct", "answer_1.fraction", "answer_1.question_id"],
              "Hash Cond": "(answer_1.question_id = question_1.id)",
              "Shared Hit Blocks": 358,
              "Shared Read Blocks": 0,
              "Shared Dirtied Blocks": 0,
              "Shared Written Blocks": 0,
              "Local Hit Blocks": 0,
              "Local Read Blocks": 0,
              "Local Dirtied Blocks": 0,
              "Local Written Blocks": 0,
              "Temp Read Blocks": 0,
              "Temp Written Blocks": 0,
              "Plans": [
                {
                  "Node Type": "Seq Scan",
                  "Parent Relationship": "Outer",
                  "Parallel Aware": false,
                  "Relation Name": "answer",
                  "Schema": "public",
                  "Alias": "answer_1",
                  "Startup Cost": 0.00,
                  "Total Cost": 311.13,
                  "Plan Rows": 14713,
                  "Plan Width": 55,
                  "Actual Startup Time": 0.007,
                  "Actual Total Time": 1.962,
                  "Actual Rows": 14726,
                  "Actual Loops": 1,
                  "Output": ["answer_1.id", "answer_1.text", "answer_1.correct", "answer_1.fraction", "answer_1.question_id"],
                  "Shared Hit Blocks": 164,
                  "Shared Read Blocks": 0,
                  "Shared Dirtied Blocks": 0,
                  "Shared Written Blocks": 0,
                  "Local Hit Blocks": 0,
                  "Local Read Blocks": 0,
                  "Local Dirtied Blocks": 0,
                  "Local Written Blocks": 0,
                  "Temp Read Blocks": 0,
                  "Temp Written Blocks": 0
                },
                {
                  "Node Type": "Hash",
                  "Parent Relationship": "Inner",
                  "Parallel Aware": false,
                  "Startup Cost": 227.66,
                  "Total Cost": 227.66,
                  "Plan Rows": 75,
                  "Plan Width": 572,
                  "Actual Startup Time": 1.025,
                  "Actual Total Time": 1.025,
                  "Actual Rows": 63,
                  "Actual Loops": 1,
                  "Output": ["question_1.id", "question_1.title", "question_1.text", "question_1.file", "question_1.type", "question_1.source", "question_1.exam_id"],
                  "Hash Buckets": 1024,
                  "Original Hash Buckets": 1024,
                  "Hash Batches": 1,
                  "Original Hash Batches": 1,
                  "Peak Memory Usage": 46,
                  "Shared Hit Blocks": 194,
                  "Shared Read Blocks": 0,
                  "Shared Dirtied Blocks": 0,
                  "Shared Written Blocks": 0,
                  "Local Hit Blocks": 0,
                  "Local Read Blocks": 0,
                  "Local Dirtied Blocks": 0,
                  "Local Written Blocks": 0,
                  "Temp Read Blocks": 0,
                  "Temp Written Blocks": 0,
                  "Plans": [
                    {
                      "Node Type": "Seq Scan",
                      "Parent Relationship": "Outer",
                      "Parallel Aware": false,
                      "Relation Name": "question",
                      "Schema": "public",
                      "Alias": "question_1",
                      "Startup Cost": 0.00,
                      "Total Cost": 227.66,
                      "Plan Rows": 75,
                      "Plan Width": 572,
                      "Actual Startup Time": 0.004,
                      "Actual Total Time": 0.984,
                      "Actual Rows": 63,
                      "Actual Loops": 1,
                      "Output": ["question_1.id", "question_1.title", "question_1.text", "question_1.file", "question_1.type", "question_1.source", "question_1.exam_id"],
                      "Filter": "(question_1.exam_id = 1)",
                      "Rows Removed by Filter": 2637,
                      "Shared Hit Blocks": 194,
                      "Shared Read Blocks": 0,
                      "Shared Dirtied Blocks": 0,
                      "Shared Written Blocks": 0,
                      "Local Hit Blocks": 0,
                      "Local Read Blocks": 0,
                      "Local Dirtied Blocks": 0,
                      "Local Written Blocks": 0,
                      "Temp Read Blocks": 0,
                      "Temp Written Blocks": 0
                    }
                  ]
                }
              ]
            }
          ]
        }
      ]
    },
    "Planning Time": 1.206,
    "Triggers": [
    ],
    "Execution Time": 6.248
  }
]
`,AX=`SELECT rel_users_exams.user_username AS rel_users_exams_user_username,
         rel_users_exams.exam_id AS rel_users_exams_exam_id,
         rel_users_exams.started_at AS rel_users_exams_started_at,
         rel_users_exams.finished_at AS rel_users_exams_finished_at,
         answer_1.id AS answer_1_id,
         answer_1.text AS answer_1_text,
         answer_1.correct AS answer_1_correct,
         answer_1.fraction AS answer_1_fraction,
         answer_1.question_id AS answer_1_question_id,
         question_1.id AS question_1_id,
         question_1.title AS question_1_title,
         question_1.text AS question_1_text,
         question_1.file AS question_1_file,
         question_1.type AS question_1_type,
         question_1.source AS question_1_source,
         question_1.exam_id AS question_1_exam_id,
         exam_1.id AS exam_1_id,
         exam_1.title AS exam_1_title,
         exam_1.date_from AS exam_1_date_from,
         exam_1.date_to AS exam_1_date_to,
         exam_1.created AS exam_1_created,
         exam_1.created_by_ AS exam_1_created_by_,
         exam_1.duration AS exam_1_duration,
         exam_1.success_threshold AS exam_1_success_threshold,
         exam_1.published AS exam_1_published
FROM rel_users_exams LEFT OUTER
JOIN exam AS exam_1
    ON exam_1.id = rel_users_exams.exam_id LEFT OUTER
JOIN question AS question_1
    ON exam_1.id = question_1.exam_id LEFT OUTER
JOIN answer AS answer_1
    ON question_1.id = answer_1.question_id
WHERE rel_users_exams.user_username = %(param_1)s
        AND rel_users_exams.exam_id = %(param_2)s
ORDER BY  question_1.id;
SELECT rel_users_exams.user_username AS rel_users_exams_user_username,
           rel_users_exams.exam_id AS rel_users_exams_exam_id,
           rel_users_exams.started_at AS rel_users_exams_started_at,
           rel_users_exams.finished_at AS rel_users_exams_finished_at,
           answer_1.id AS answer_1_id,
           answer_1.text AS answer_1_text,
           answer_1.correct AS answer_1_correct,
           answer_1.fraction AS answer_1_fraction,
           answer_1.question_id AS answer_1_question_id,
           question_1.id AS question_1_id,
           question_1.title AS question_1_title,
           question_1.text AS question_1_text,
           question_1.file AS question_1_file,
           question_1.type AS question_1_type,
           question_1.source AS question_1_source,
           question_1.exam_id AS question_1_exam_id,
           exam_1.id AS exam_1_id,
           exam_1.title AS exam_1_title,
           exam_1.date_from AS exam_1_date_from,
           exam_1.date_to AS exam_1_date_to,
           exam_1.created AS exam_1_created,
           exam_1.created_by_ AS exam_1_created_by_,
           exam_1.duration AS exam_1_duration,
           exam_1.success_threshold AS exam_1_success_threshold,
           exam_1.published AS exam_1_published
FROM rel_users_exams LEFT OUTER
JOIN exam AS exam_1
    ON exam_1.id = rel_users_exams.exam_id LEFT OUTER
JOIN question AS question_1
    ON exam_1.id = question_1.exam_id LEFT OUTER
JOIN answer AS answer_1
    ON question_1.id = answer_1.question_id
WHERE rel_users_exams.user_username = %(param_1)s
        AND rel_users_exams.exam_id = %(param_2)s
ORDER BY  question_1.id;
`,RX=`[
  {
    "Plan": {
      "Node Type": "Result",
      "Startup Cost": 0.00,
      "Total Cost": 50.13,
      "Plan Rows": 7,
      "Plan Width": 405,
      "Actual Startup Time": 0.139,
      "Actual Total Time": 0.231,
      "Actual Rows": 4,
      "Actual Loops": 1,
      "Plans": [
        {
          "Node Type": "Append",
          "Parent Relationship": "Outer",
          "Startup Cost": 0.00,
          "Total Cost": 50.11,
          "Plan Rows": 7,
          "Plan Width": 405,
          "Actual Startup Time": 0.131,
          "Actual Total Time": 0.218,
          "Actual Rows": 4,
          "Actual Loops": 1,
          "Plans": [
            {
              "Node Type": "Index Scan",
              "Parent Relationship": "Member",
              "Scan Direction": "NoMovement",
              "Index Name": "idx_paris_tags",
              "Relation Name": "paris",
              "Alias": "paris",
              "Startup Cost": 0.00,
              "Total Cost": 8.27,
              "Plan Rows": 1,
              "Plan Width": 450,
              "Actual Startup Time": 0.009,
              "Actual Total Time": 0.009,
              "Actual Rows": 0,
              "Actual Loops": 1,
              "Index Cond": "(tags ? 'tourism'::text)",
              "Filter": "(ar_num = 8)"
            },
            {
              "Node Type": "Seq Scan",
              "Parent Relationship": "Member",
              "Relation Name": "paris_linestrings",
              "Alias": "paris",
              "Startup Cost": 0.00,
              "Total Cost": 11.80,
              "Plan Rows": 1,
              "Plan Width": 450,
              "Actual Startup Time": 0.001,
              "Actual Total Time": 0.001,
              "Actual Rows": 0,
              "Actual Loops": 1,
              "Filter": "((tags ? 'tourism'::text) AND (ar_num = 8))"
            },
            {
              "Node Type": "Index Scan",
              "Parent Relationship": "Member",
              "Scan Direction": "NoMovement",
              "Index Name": "idx_paris_points_tags",
              "Relation Name": "paris_points",
              "Alias": "paris",
              "Startup Cost": 0.00,
              "Total Cost": 8.27,
              "Plan Rows": 1,
              "Plan Width": 450,
              "Actual Startup Time": 0.003,
              "Actual Total Time": 0.003,
              "Actual Rows": 0,
              "Actual Loops": 1,
              "Index Cond": "(tags ? 'tourism'::text)",
              "Filter": "(ar_num = 8)"
            },
            {
              "Node Type": "Index Scan",
              "Parent Relationship": "Member",
              "Scan Direction": "NoMovement",
              "Index Name": "idx_paris_polygons_tags",
              "Relation Name": "paris_polygons",
              "Alias": "paris",
              "Startup Cost": 0.00,
              "Total Cost": 8.27,
              "Plan Rows": 1,
              "Plan Width": 450,
              "Actual Startup Time": 0.002,
              "Actual Total Time": 0.002,
              "Actual Rows": 0,
              "Actual Loops": 1,
              "Index Cond": "(tags ? 'tourism'::text)",
              "Filter": "(ar_num = 8)"
            },
            {
              "Node Type": "Seq Scan",
              "Parent Relationship": "Member",
              "Relation Name": "paris_linestrings_ar_08",
              "Alias": "paris",
              "Startup Cost": 0.00,
              "Total Cost": 7.27,
              "Plan Rows": 1,
              "Plan Width": 513,
              "Actual Startup Time": 0.103,
              "Actual Total Time": 0.103,
              "Actual Rows": 0,
              "Actual Loops": 1,
              "Filter": "((tags ? 'tourism'::text) AND (ar_num = 8))"
            },
            {
              "Node Type": "Seq Scan",
              "Parent Relationship": "Member",
              "Relation Name": "paris_points_ar_08",
              "Alias": "paris",
              "Startup Cost": 0.00,
              "Total Cost": 5.16,
              "Plan Rows": 1,
              "Plan Width": 72,
              "Actual Startup Time": 0.009,
              "Actual Total Time": 0.085,
              "Actual Rows": 4,
              "Actual Loops": 1,
              "Filter": "((tags ? 'tourism'::text) AND (ar_num = 8))"
            },
            {
              "Node Type": "Seq Scan",
              "Parent Relationship": "Member",
              "Relation Name": "paris_polygons_ar_08",
              "Alias": "paris",
              "Startup Cost": 0.00,
              "Total Cost": 1.08,
              "Plan Rows": 1,
              "Plan Width": 450,
              "Actual Startup Time": 0.007,
              "Actual Total Time": 0.007,
              "Actual Rows": 0,
              "Actual Loops": 1,
              "Filter": "((tags ? 'tourism'::text) AND (ar_num = 8))"
            }
          ]
        }
      ]
    },
    "Triggers": [
    ],
    "Total Runtime": 1.238
  }
]
`,bX=`SELECT feature_name, tags->'tourism' As tourism_type FROM ch03.paris
    WHERE ar_num = 8 AND tags?'tourism';
`,LX=`[
  {
    "Plan": {
      "Node Type": "Sort",
      "Startup Cost": 1460.74,
      "Total Cost": 1470.87,
      "Plan Rows": 4050,
      "Plan Width": 183,
      "Actual Startup Time": 13.766,
      "Actual Total Time": 13.793,
      "Actual Rows": 352,
      "Actual Loops": 1,
      "Output": ["sv.variant_id", "sv.sku", "sp.slug", "sp.name", "vc.color", "pr.min_price", "pcc.available_colors", "sv.product_id"],
      "Sort Key": ["sv.product_id"],
      "Sort Method": "quicksort",
      "Sort Space Used": 101,
      "Sort Space Type": "Memory",
      "Shared Hit Blocks": 2695,
      "Shared Read Blocks": 0,
      "Shared Dirtied Blocks": 0,
      "Shared Written Blocks": 0,
      "Local Hit Blocks": 0,
      "Local Read Blocks": 0,
      "Local Dirtied Blocks": 0,
      "Local Written Blocks": 0,
      "Temp Read Blocks": 0,
      "Temp Written Blocks": 0,
      "I/O Read Time": 0.000,
      "I/O Write Time": 0.000,
      "Plans": [
        {
          "Node Type": "Seq Scan",
          "Parent Relationship": "InitPlan",
          "Subplan Name": "CTE catalog_variants",
          "Relation Name": "spree_variants",
          "Schema": "public",
          "Alias": "spree_variants",
          "Startup Cost": 0.00,
          "Total Cost": 80.47,
          "Plan Rows": 352,
          "Plan Width": 19,
          "Actual Startup Time": 0.022,
          "Actual Total Time": 0.740,
          "Actual Rows": 352,
          "Actual Loops": 1,
          "Output": ["spree_variants.id", "spree_variants.product_id", "spree_variants.sku"],
          "Filter": "((spree_variants.deleted_at IS NULL) AND spree_variants.show_in_catalog)",
          "Rows Removed by Filter": 3595,
          "Shared Hit Blocks": 41,
          "Shared Read Blocks": 0,
          "Shared Dirtied Blocks": 0,
          "Shared Written Blocks": 0,
          "Local Hit Blocks": 0,
          "Local Read Blocks": 0,
          "Local Dirtied Blocks": 0,
          "Local Written Blocks": 0,
          "Temp Read Blocks": 0,
          "Temp Written Blocks": 0,
          "I/O Read Time": 0.000,
          "I/O Write Time": 0.000
        },
        {
          "Node Type": "Aggregate",
          "Strategy": "Sorted",
          "Parent Relationship": "InitPlan",
          "Subplan Name": "CTE product_color_classifications",
          "Startup Cost": 288.86,
          "Total Cost": 292.38,
          "Plan Rows": 176,
          "Plan Width": 12,
          "Actual Startup Time": 2.799,
          "Actual Total Time": 3.980,
          "Actual Rows": 311,
          "Actual Loops": 1,
          "Output": ["sv_1.product_id", "array_agg(DISTINCT sov.presentation)"],
          "Group Key": ["sv_1.product_id"],
          "Shared Hit Blocks": 1295,
          "Shared Read Blocks": 0,
          "Shared Dirtied Blocks": 0,
          "Shared Written Blocks": 0,
          "Local Hit Blocks": 0,
          "Local Read Blocks": 0,
          "Local Dirtied Blocks": 0,
          "Local Written Blocks": 0,
          "Temp Read Blocks": 0,
          "Temp Written Blocks": 0,
          "I/O Read Time": 0.000,
          "I/O Write Time": 0.000,
          "Plans": [
            {
              "Node Type": "Sort",
              "Parent Relationship": "Outer",
              "Startup Cost": 288.86,
              "Total Cost": 289.30,
              "Plan Rows": 176,
              "Plan Width": 12,
              "Actual Startup Time": 2.676,
              "Actual Total Time": 2.705,
              "Actual Rows": 352,
              "Actual Loops": 1,
              "Output": ["sv_1.product_id", "sov.presentation"],
              "Sort Key": ["sv_1.product_id"],
              "Sort Method": "quicksort",
              "Sort Space Used": 41,
              "Sort Space Type": "Memory",
              "Shared Hit Blocks": 1287,
              "Shared Read Blocks": 0,
              "Shared Dirtied Blocks": 0,
              "Shared Written Blocks": 0,
              "Local Hit Blocks": 0,
              "Local Read Blocks": 0,
              "Local Dirtied Blocks": 0,
              "Local Written Blocks": 0,
              "Temp Read Blocks": 0,
              "Temp Written Blocks": 0,
              "I/O Read Time": 0.000,
              "I/O Write Time": 0.000,
              "Plans": [
                {
                  "Node Type": "Hash Join",
                  "Parent Relationship": "Outer",
                  "Join Type": "Inner",
                  "Startup Cost": 20.28,
                  "Total Cost": 282.30,
                  "Plan Rows": 176,
                  "Plan Width": 12,
                  "Actual Startup Time": 0.312,
                  "Actual Total Time": 2.450,
                  "Actual Rows": 352,
                  "Actual Loops": 1,
                  "Output": ["sv_1.product_id", "sov.presentation"],
                  "Hash Cond": "(sov_sv.option_value_id = sov.id)",
                  "Shared Hit Blocks": 1287,
                  "Shared Read Blocks": 0,
                  "Shared Dirtied Blocks": 0,
                  "Shared Written Blocks": 0,
                  "Local Hit Blocks": 0,
                  "Local Read Blocks": 0,
                  "Local Dirtied Blocks": 0,
                  "Local Written Blocks": 0,
                  "Temp Read Blocks": 0,
                  "Temp Written Blocks": 0,
                  "I/O Read Time": 0.000,
                  "I/O Write Time": 0.000,
                  "Plans": [
                    {
                      "Node Type": "Nested Loop",
                      "Parent Relationship": "Outer",
                      "Join Type": "Inner",
                      "Startup Cost": 12.71,
                      "Total Cost": 270.98,
                      "Plan Rows": 528,
                      "Plan Width": 8,
                      "Actual Startup Time": 0.229,
                      "Actual Total Time": 2.086,
                      "Actual Rows": 1056,
                      "Actual Loops": 1,
                      "Output": ["sv_1.product_id", "sov_sv.option_value_id"],
                      "Shared Hit Blocks": 1284,
                      "Shared Read Blocks": 0,
                      "Shared Dirtied Blocks": 0,
                      "Shared Written Blocks": 0,
                      "Local Hit Blocks": 0,
                      "Local Read Blocks": 0,
                      "Local Dirtied Blocks": 0,
                      "Local Written Blocks": 0,
                      "Temp Read Blocks": 0,
                      "Temp Written Blocks": 0,
                      "I/O Read Time": 0.000,
                      "I/O Write Time": 0.000,
                      "Plans": [
                        {
                          "Node Type": "Hash Join",
                          "Parent Relationship": "Outer",
                          "Join Type": "Inner",
                          "Startup Cost": 12.42,
                          "Total Cost": 24.30,
                          "Plan Rows": 176,
                          "Plan Width": 12,
                          "Actual Startup Time": 0.221,
                          "Actual Total Time": 0.468,
                          "Actual Rows": 352,
                          "Actual Loops": 1,
                          "Output": ["sv_1.product_id", "sv_1.variant_id", "catalog_variants.variant_id"],
                          "Hash Cond": "(sv_1.variant_id = catalog_variants.variant_id)",
                          "Shared Hit Blocks": 0,
                          "Shared Read Blocks": 0,
                          "Shared Dirtied Blocks": 0,
                          "Shared Written Blocks": 0,
                          "Local Hit Blocks": 0,
                          "Local Read Blocks": 0,
                          "Local Dirtied Blocks": 0,
                          "Local Written Blocks": 0,
                          "Temp Read Blocks": 0,
                          "Temp Written Blocks": 0,
                          "I/O Read Time": 0.000,
                          "I/O Write Time": 0.000,
                          "Plans": [
                            {
                              "Node Type": "CTE Scan",
                              "Parent Relationship": "Outer",
                              "CTE Name": "catalog_variants",
                              "Alias": "sv_1",
                              "Startup Cost": 0.00,
                              "Total Cost": 7.04,
                              "Plan Rows": 352,
                              "Plan Width": 8,
                              "Actual Startup Time": 0.000,
                              "Actual Total Time": 0.086,
                              "Actual Rows": 352,
                              "Actual Loops": 1,
                              "Output": ["sv_1.variant_id", "sv_1.product_id", "sv_1.sku"],
                              "Shared Hit Blocks": 0,
                              "Shared Read Blocks": 0,
                              "Shared Dirtied Blocks": 0,
                              "Shared Written Blocks": 0,
                              "Local Hit Blocks": 0,
                              "Local Read Blocks": 0,
                              "Local Dirtied Blocks": 0,
                              "Local Written Blocks": 0,
                              "Temp Read Blocks": 0,
                              "Temp Written Blocks": 0,
                              "I/O Read Time": 0.000,
                              "I/O Write Time": 0.000
                            },
                            {
                              "Node Type": "Hash",
                              "Parent Relationship": "Inner",
                              "Startup Cost": 9.92,
                              "Total Cost": 9.92,
                              "Plan Rows": 200,
                              "Plan Width": 4,
                              "Actual Startup Time": 0.212,
                              "Actual Total Time": 0.212,
                              "Actual Rows": 352,
                              "Actual Loops": 1,
                              "Output": ["catalog_variants.variant_id"],
                              "Hash Buckets": 1024,
                              "Original Hash Buckets": 1024,
                              "Hash Batches": 1,
                              "Original Hash Batches": 1,
                              "Peak Memory Usage": 21,
                              "Shared Hit Blocks": 0,
                              "Shared Read Blocks": 0,
                              "Shared Dirtied Blocks": 0,
                              "Shared Written Blocks": 0,
                              "Local Hit Blocks": 0,
                              "Local Read Blocks": 0,
                              "Local Dirtied Blocks": 0,
                              "Local Written Blocks": 0,
                              "Temp Read Blocks": 0,
                              "Temp Written Blocks": 0,
                              "I/O Read Time": 0.000,
                              "I/O Write Time": 0.000,
                              "Plans": [
                                {
                                  "Node Type": "Aggregate",
                                  "Strategy": "Hashed",
                                  "Parent Relationship": "Outer",
                                  "Startup Cost": 7.92,
                                  "Total Cost": 9.92,
                                  "Plan Rows": 200,
                                  "Plan Width": 4,
                                  "Actual Startup Time": 0.112,
                                  "Actual Total Time": 0.158,
                                  "Actual Rows": 352,
                                  "Actual Loops": 1,
                                  "Output": ["catalog_variants.variant_id"],
                                  "Group Key": ["catalog_variants.variant_id"],
                                  "Shared Hit Blocks": 0,
                                  "Shared Read Blocks": 0,
                                  "Shared Dirtied Blocks": 0,
                                  "Shared Written Blocks": 0,
                                  "Local Hit Blocks": 0,
                                  "Local Read Blocks": 0,
                                  "Local Dirtied Blocks": 0,
                                  "Local Written Blocks": 0,
                                  "Temp Read Blocks": 0,
                                  "Temp Written Blocks": 0,
                                  "I/O Read Time": 0.000,
                                  "I/O Write Time": 0.000,
                                  "Plans": [
                                    {
                                      "Node Type": "CTE Scan",
                                      "Parent Relationship": "Outer",
                                      "CTE Name": "catalog_variants",
                                      "Alias": "catalog_variants",
                                      "Startup Cost": 0.00,
                                      "Total Cost": 7.04,
                                      "Plan Rows": 352,
                                      "Plan Width": 4,
                                      "Actual Startup Time": 0.001,
                                      "Actual Total Time": 0.029,
                                      "Actual Rows": 352,
                                      "Actual Loops": 1,
                                      "Output": ["catalog_variants.variant_id", "catalog_variants.product_id", "catalog_variants.sku"],
                                      "Shared Hit Blocks": 0,
                                      "Shared Read Blocks": 0,
                                      "Shared Dirtied Blocks": 0,
                                      "Shared Written Blocks": 0,
                                      "Local Hit Blocks": 0,
                                      "Local Read Blocks": 0,
                                      "Local Dirtied Blocks": 0,
                                      "Local Written Blocks": 0,
                                      "Temp Read Blocks": 0,
                                      "Temp Written Blocks": 0,
                                      "I/O Read Time": 0.000,
                                      "I/O Write Time": 0.000
                                    }
                                  ]
                                }
                              ]
                            }
                          ]
                        },
                        {
                          "Node Type": "Index Scan",
                          "Parent Relationship": "Inner",
                          "Scan Direction": "Forward",
                          "Index Name": "index_spree_option_values_variants_on_variant_id",
                          "Relation Name": "spree_option_values_variants",
                          "Schema": "public",
                          "Alias": "sov_sv",
                          "Startup Cost": 0.29,
                          "Total Cost": 1.37,
                          "Plan Rows": 3,
                          "Plan Width": 8,
                          "Actual Startup Time": 0.002,
                          "Actual Total Time": 0.003,
                          "Actual Rows": 3,
                          "Actual Loops": 352,
                          "Output": ["sov_sv.variant_id", "sov_sv.option_value_id", "sov_sv.id"],
                          "Index Cond": "(sov_sv.variant_id = sv_1.variant_id)",
                          "Rows Removed by Index Recheck": 0,
                          "Shared Hit Blocks": 1284,
                          "Shared Read Blocks": 0,
                          "Shared Dirtied Blocks": 0,
                          "Shared Written Blocks": 0,
                          "Local Hit Blocks": 0,
                          "Local Read Blocks": 0,
                          "Local Dirtied Blocks": 0,
                          "Local Written Blocks": 0,
                          "Temp Read Blocks": 0,
                          "Temp Written Blocks": 0,
                          "I/O Read Time": 0.000,
                          "I/O Write Time": 0.000
                        }
                      ]
                    },
                    {
                      "Node Type": "Hash",
                      "Parent Relationship": "Inner",
                      "Startup Cost": 6.69,
                      "Total Cost": 6.69,
                      "Plan Rows": 71,
                      "Plan Width": 12,
                      "Actual Startup Time": 0.064,
                      "Actual Total Time": 0.064,
                      "Actual Rows": 11,
                      "Actual Loops": 1,
                      "Output": ["sov.presentation", "sov.id"],
                      "Hash Buckets": 1024,
                      "Original Hash Buckets": 1024,
                      "Hash Batches": 1,
                      "Original Hash Batches": 1,
                      "Peak Memory Usage": 9,
                      "Shared Hit Blocks": 3,
                      "Shared Read Blocks": 0,
                      "Shared Dirtied Blocks": 0,
                      "Shared Written Blocks": 0,
                      "Local Hit Blocks": 0,
                      "Local Read Blocks": 0,
                      "Local Dirtied Blocks": 0,
                      "Local Written Blocks": 0,
                      "Temp Read Blocks": 0,
                      "Temp Written Blocks": 0,
                      "I/O Read Time": 0.000,
                      "I/O Write Time": 0.000,
                      "Plans": [
                        {
                          "Node Type": "Hash Join",
                          "Parent Relationship": "Outer",
                          "Join Type": "Inner",
                          "Startup Cost": 1.05,
                          "Total Cost": 6.69,
                          "Plan Rows": 71,
                          "Plan Width": 12,
                          "Actual Startup Time": 0.020,
                          "Actual Total Time": 0.062,
                          "Actual Rows": 11,
                          "Actual Loops": 1,
                          "Output": ["sov.presentation", "sov.id"],
                          "Hash Cond": "(sov.option_type_id = sot.id)",
                          "Shared Hit Blocks": 3,
                          "Shared Read Blocks": 0,
                          "Shared Dirtied Blocks": 0,
                          "Shared Written Blocks": 0,
                          "Local Hit Blocks": 0,
                          "Local Read Blocks": 0,
                          "Local Dirtied Blocks": 0,
                          "Local Written Blocks": 0,
                          "Temp Read Blocks": 0,
                          "Temp Written Blocks": 0,
                          "I/O Read Time": 0.000,
                          "I/O Write Time": 0.000,
                          "Plans": [
                            {
                              "Node Type": "Seq Scan",
                              "Parent Relationship": "Outer",
                              "Relation Name": "spree_option_values",
                              "Schema": "public",
                              "Alias": "sov",
                              "Startup Cost": 0.00,
                              "Total Cost": 4.13,
                              "Plan Rows": 213,
                              "Plan Width": 16,
                              "Actual Startup Time": 0.003,
                              "Actual Total Time": 0.017,
                              "Actual Rows": 213,
                              "Actual Loops": 1,
                              "Output": ["sov.id", "sov.position", "sov.name", "sov.presentation", "sov.option_type_id", "sov.created_at", "sov.updated_at"],
                              "Shared Hit Blocks": 2,
                              "Shared Read Blocks": 0,
                              "Shared Dirtied Blocks": 0,
                              "Shared Written Blocks": 0,
                              "Local Hit Blocks": 0,
                              "Local Read Blocks": 0,
                              "Local Dirtied Blocks": 0,
                              "Local Written Blocks": 0,
                              "Temp Read Blocks": 0,
                              "Temp Written Blocks": 0,
                              "I/O Read Time": 0.000,
                              "I/O Write Time": 0.000
                            },
                            {
                              "Node Type": "Hash",
                              "Parent Relationship": "Inner",
                              "Startup Cost": 1.04,
                              "Total Cost": 1.04,
                              "Plan Rows": 1,
                              "Plan Width": 4,
                              "Actual Startup Time": 0.007,
                              "Actual Total Time": 0.007,
                              "Actual Rows": 1,
                              "Actual Loops": 1,
                              "Output": ["sot.id"],
                              "Hash Buckets": 1024,
                              "Original Hash Buckets": 1024,
                              "Hash Batches": 1,
                              "Original Hash Batches": 1,
                              "Peak Memory Usage": 9,
                              "Shared Hit Blocks": 1,
                              "Shared Read Blocks": 0,
                              "Shared Dirtied Blocks": 0,
                              "Shared Written Blocks": 0,
                              "Local Hit Blocks": 0,
                              "Local Read Blocks": 0,
                              "Local Dirtied Blocks": 0,
                              "Local Written Blocks": 0,
                              "Temp Read Blocks": 0,
                              "Temp Written Blocks": 0,
                              "I/O Read Time": 0.000,
                              "I/O Write Time": 0.000,
                              "Plans": [
                                {
                                  "Node Type": "Seq Scan",
                                  "Parent Relationship": "Outer",
                                  "Relation Name": "spree_option_types",
                                  "Schema": "public",
                                  "Alias": "sot",
                                  "Startup Cost": 0.00,
                                  "Total Cost": 1.04,
                                  "Plan Rows": 1,
                                  "Plan Width": 4,
                                  "Actual Startup Time": 0.003,
                                  "Actual Total Time": 0.003,
                                  "Actual Rows": 1,
                                  "Actual Loops": 1,
                                  "Output": ["sot.id"],
                                  "Filter": "((sot.name)::text = 'color_classification'::text)",
                                  "Rows Removed by Filter": 2,
                                  "Shared Hit Blocks": 1,
                                  "Shared Read Blocks": 0,
                                  "Shared Dirtied Blocks": 0,
                                  "Shared Written Blocks": 0,
                                  "Local Hit Blocks": 0,
                                  "Local Read Blocks": 0,
                                  "Local Dirtied Blocks": 0,
                                  "Local Written Blocks": 0,
                                  "Temp Read Blocks": 0,
                                  "Temp Written Blocks": 0,
                                  "I/O Read Time": 0.000,
                                  "I/O Write Time": 0.000
                                }
                              ]
                            }
                          ]
                        }
                      ]
                    }
                  ]
                }
              ]
            }
          ]
        },
        {
          "Node Type": "Hash Join",
          "Parent Relationship": "InitPlan",
          "Subplan Name": "CTE variant_colors",
          "Join Type": "Inner",
          "Startup Cost": 20.28,
          "Total Cost": 282.30,
          "Plan Rows": 176,
          "Plan Width": 12,
          "Actual Startup Time": 0.357,
          "Actual Total Time": 1.844,
          "Actual Rows": 352,
          "Actual Loops": 1,
          "Output": ["sv_2.variant_id", "sov_1.presentation"],
          "Hash Cond": "(sov_sv_1.option_value_id = sov_1.id)",
          "Shared Hit Blocks": 1287,
          "Shared Read Blocks": 0,
          "Shared Dirtied Blocks": 0,
          "Shared Written Blocks": 0,
          "Local Hit Blocks": 0,
          "Local Read Blocks": 0,
          "Local Dirtied Blocks": 0,
          "Local Written Blocks": 0,
          "Temp Read Blocks": 0,
          "Temp Written Blocks": 0,
          "I/O Read Time": 0.000,
          "I/O Write Time": 0.000,
          "Plans": [
            {
              "Node Type": "Nested Loop",
              "Parent Relationship": "Outer",
              "Join Type": "Inner",
              "Startup Cost": 12.71,
              "Total Cost": 270.98,
              "Plan Rows": 528,
              "Plan Width": 8,
              "Actual Startup Time": 0.233,
              "Actual Total Time": 1.555,
              "Actual Rows": 1056,
              "Actual Loops": 1,
              "Output": ["sv_2.variant_id", "sov_sv_1.option_value_id"],
              "Shared Hit Blocks": 1284,
              "Shared Read Blocks": 0,
              "Shared Dirtied Blocks": 0,
              "Shared Written Blocks": 0,
              "Local Hit Blocks": 0,
              "Local Read Blocks": 0,
              "Local Dirtied Blocks": 0,
              "Local Written Blocks": 0,
              "Temp Read Blocks": 0,
              "Temp Written Blocks": 0,
              "I/O Read Time": 0.000,
              "I/O Write Time": 0.000,
              "Plans": [
                {
                  "Node Type": "Hash Join",
                  "Parent Relationship": "Outer",
                  "Join Type": "Inner",
                  "Startup Cost": 12.42,
                  "Total Cost": 24.30,
                  "Plan Rows": 176,
                  "Plan Width": 8,
                  "Actual Startup Time": 0.214,
                  "Actual Total Time": 0.350,
                  "Actual Rows": 352,
                  "Actual Loops": 1,
                  "Output": ["sv_2.variant_id", "catalog_variants_1.variant_id"],
                  "Hash Cond": "(sv_2.variant_id = catalog_variants_1.variant_id)",
                  "Shared Hit Blocks": 0,
                  "Shared Read Blocks": 0,
                  "Shared Dirtied Blocks": 0,
                  "Shared Written Blocks": 0,
                  "Local Hit Blocks": 0,
                  "Local Read Blocks": 0,
                  "Local Dirtied Blocks": 0,
                  "Local Written Blocks": 0,
                  "Temp Read Blocks": 0,
                  "Temp Written Blocks": 0,
                  "I/O Read Time": 0.000,
                  "I/O Write Time": 0.000,
                  "Plans": [
                    {
                      "Node Type": "CTE Scan",
                      "Parent Relationship": "Outer",
                      "CTE Name": "catalog_variants",
                      "Alias": "sv_2",
                      "Startup Cost": 0.00,
                      "Total Cost": 7.04,
                      "Plan Rows": 352,
                      "Plan Width": 4,
                      "Actual Startup Time": 0.000,
                      "Actual Total Time": 0.046,
                      "Actual Rows": 352,
                      "Actual Loops": 1,
                      "Output": ["sv_2.variant_id", "sv_2.product_id", "sv_2.sku"],
                      "Shared Hit Blocks": 0,
                      "Shared Read Blocks": 0,
                      "Shared Dirtied Blocks": 0,
                      "Shared Written Blocks": 0,
                      "Local Hit Blocks": 0,
                      "Local Read Blocks": 0,
                      "Local Dirtied Blocks": 0,
                      "Local Written Blocks": 0,
                      "Temp Read Blocks": 0,
                      "Temp Written Blocks": 0,
                      "I/O Read Time": 0.000,
                      "I/O Write Time": 0.000
                    },
                    {
                      "Node Type": "Hash",
                      "Parent Relationship": "Inner",
                      "Startup Cost": 9.92,
                      "Total Cost": 9.92,
                      "Plan Rows": 200,
                      "Plan Width": 4,
                      "Actual Startup Time": 0.204,
                      "Actual Total Time": 0.204,
                      "Actual Rows": 352,
                      "Actual Loops": 1,
                      "Output": ["catalog_variants_1.variant_id"],
                      "Hash Buckets": 1024,
                      "Original Hash Buckets": 1024,
                      "Hash Batches": 1,
                      "Original Hash Batches": 1,
                      "Peak Memory Usage": 21,
                      "Shared Hit Blocks": 0,
                      "Shared Read Blocks": 0,
                      "Shared Dirtied Blocks": 0,
                      "Shared Written Blocks": 0,
                      "Local Hit Blocks": 0,
                      "Local Read Blocks": 0,
                      "Local Dirtied Blocks": 0,
                      "Local Written Blocks": 0,
                      "Temp Read Blocks": 0,
                      "Temp Written Blocks": 0,
                      "I/O Read Time": 0.000,
                      "I/O Write Time": 0.000,
                      "Plans": [
                        {
                          "Node Type": "Aggregate",
                          "Strategy": "Hashed",
                          "Parent Relationship": "Outer",
                          "Startup Cost": 7.92,
                          "Total Cost": 9.92,
                          "Plan Rows": 200,
                          "Plan Width": 4,
                          "Actual Startup Time": 0.115,
                          "Actual Total Time": 0.150,
                          "Actual Rows": 352,
                          "Actual Loops": 1,
                          "Output": ["catalog_variants_1.variant_id"],
                          "Group Key": ["catalog_variants_1.variant_id"],
                          "Shared Hit Blocks": 0,
                          "Shared Read Blocks": 0,
                          "Shared Dirtied Blocks": 0,
                          "Shared Written Blocks": 0,
                          "Local Hit Blocks": 0,
                          "Local Read Blocks": 0,
                          "Local Dirtied Blocks": 0,
                          "Local Written Blocks": 0,
                          "Temp Read Blocks": 0,
                          "Temp Written Blocks": 0,
                          "I/O Read Time": 0.000,
                          "I/O Write Time": 0.000,
                          "Plans": [
                            {
                              "Node Type": "CTE Scan",
                              "Parent Relationship": "Outer",
                              "CTE Name": "catalog_variants",
                              "Alias": "catalog_variants_1",
                              "Startup Cost": 0.00,
                              "Total Cost": 7.04,
                              "Plan Rows": 352,
                              "Plan Width": 4,
                              "Actual Startup Time": 0.001,
                              "Actual Total Time": 0.027,
                              "Actual Rows": 352,
                              "Actual Loops": 1,
                              "Output": ["catalog_variants_1.variant_id", "catalog_variants_1.product_id", "catalog_variants_1.sku"],
                              "Shared Hit Blocks": 0,
                              "Shared Read Blocks": 0,
                              "Shared Dirtied Blocks": 0,
                              "Shared Written Blocks": 0,
                              "Local Hit Blocks": 0,
                              "Local Read Blocks": 0,
                              "Local Dirtied Blocks": 0,
                              "Local Written Blocks": 0,
                              "Temp Read Blocks": 0,
                              "Temp Written Blocks": 0,
                              "I/O Read Time": 0.000,
                              "I/O Write Time": 0.000
                            }
                          ]
                        }
                      ]
                    }
                  ]
                },
                {
                  "Node Type": "Index Scan",
                  "Parent Relationship": "Inner",
                  "Scan Direction": "Forward",
                  "Index Name": "index_spree_option_values_variants_on_variant_id",
                  "Relation Name": "spree_option_values_variants",
                  "Schema": "public",
                  "Alias": "sov_sv_1",
                  "Startup Cost": 0.29,
                  "Total Cost": 1.37,
                  "Plan Rows": 3,
                  "Plan Width": 8,
                  "Actual Startup Time": 0.002,
                  "Actual Total Time": 0.003,
                  "Actual Rows": 3,
                  "Actual Loops": 352,
                  "Output": ["sov_sv_1.variant_id", "sov_sv_1.option_value_id", "sov_sv_1.id"],
                  "Index Cond": "(sov_sv_1.variant_id = sv_2.variant_id)",
                  "Rows Removed by Index Recheck": 0,
                  "Shared Hit Blocks": 1284,
                  "Shared Read Blocks": 0,
                  "Shared Dirtied Blocks": 0,
                  "Shared Written Blocks": 0,
                  "Local Hit Blocks": 0,
                  "Local Read Blocks": 0,
                  "Local Dirtied Blocks": 0,
                  "Local Written Blocks": 0,
                  "Temp Read Blocks": 0,
                  "Temp Written Blocks": 0,
                  "I/O Read Time": 0.000,
                  "I/O Write Time": 0.000
                }
              ]
            },
            {
              "Node Type": "Hash",
              "Parent Relationship": "Inner",
              "Startup Cost": 6.69,
              "Total Cost": 6.69,
              "Plan Rows": 71,
              "Plan Width": 12,
              "Actual Startup Time": 0.109,
              "Actual Total Time": 0.109,
              "Actual Rows": 88,
              "Actual Loops": 1,
              "Output": ["sov_1.presentation", "sov_1.id"],
              "Hash Buckets": 1024,
              "Original Hash Buckets": 1024,
              "Hash Batches": 1,
              "Original Hash Batches": 1,
              "Peak Memory Usage": 13,
              "Shared Hit Blocks": 3,
              "Shared Read Blocks": 0,
              "Shared Dirtied Blocks": 0,
              "Shared Written Blocks": 0,
              "Local Hit Blocks": 0,
              "Local Read Blocks": 0,
              "Local Dirtied Blocks": 0,
              "Local Written Blocks": 0,
              "Temp Read Blocks": 0,
              "Temp Written Blocks": 0,
              "I/O Read Time": 0.000,
              "I/O Write Time": 0.000,
              "Plans": [
                {
                  "Node Type": "Hash Join",
                  "Parent Relationship": "Outer",
                  "Join Type": "Inner",
                  "Startup Cost": 1.05,
                  "Total Cost": 6.69,
                  "Plan Rows": 71,
                  "Plan Width": 12,
                  "Actual Startup Time": 0.034,
                  "Actual Total Time": 0.090,
                  "Actual Rows": 88,
                  "Actual Loops": 1,
                  "Output": ["sov_1.presentation", "sov_1.id"],
                  "Hash Cond": "(sov_1.option_type_id = sot_1.id)",
                  "Shared Hit Blocks": 3,
                  "Shared Read Blocks": 0,
                  "Shared Dirtied Blocks": 0,
                  "Shared Written Blocks": 0,
                  "Local Hit Blocks": 0,
                  "Local Read Blocks": 0,
                  "Local Dirtied Blocks": 0,
                  "Local Written Blocks": 0,
                  "Temp Read Blocks": 0,
                  "Temp Written Blocks": 0,
                  "I/O Read Time": 0.000,
                  "I/O Write Time": 0.000,
                  "Plans": [
                    {
                      "Node Type": "Seq Scan",
                      "Parent Relationship": "Outer",
                      "Relation Name": "spree_option_values",
                      "Schema": "public",
                      "Alias": "sov_1",
                      "Startup Cost": 0.00,
                      "Total Cost": 4.13,
                      "Plan Rows": 213,
                      "Plan Width": 16,
                      "Actual Startup Time": 0.007,
                      "Actual Total Time": 0.028,
                      "Actual Rows": 213,
                      "Actual Loops": 1,
                      "Output": ["sov_1.id", "sov_1.position", "sov_1.name", "sov_1.presentation", "sov_1.option_type_id", "sov_1.created_at", "sov_1.updated_at"],
                      "Shared Hit Blocks": 2,
                      "Shared Read Blocks": 0,
                      "Shared Dirtied Blocks": 0,
                      "Shared Written Blocks": 0,
                      "Local Hit Blocks": 0,
                      "Local Read Blocks": 0,
                      "Local Dirtied Blocks": 0,
                      "Local Written Blocks": 0,
                      "Temp Read Blocks": 0,
                      "Temp Written Blocks": 0,
                      "I/O Read Time": 0.000,
                      "I/O Write Time": 0.000
                    },
                    {
                      "Node Type": "Hash",
                      "Parent Relationship": "Inner",
                      "Startup Cost": 1.04,
                      "Total Cost": 1.04,
                      "Plan Rows": 1,
                      "Plan Width": 4,
                      "Actual Startup Time": 0.018,
                      "Actual Total Time": 0.018,
                      "Actual Rows": 1,
                      "Actual Loops": 1,
                      "Output": ["sot_1.id"],
                      "Hash Buckets": 1024,
                      "Original Hash Buckets": 1024,
                      "Hash Batches": 1,
                      "Original Hash Batches": 1,
                      "Peak Memory Usage": 9,
                      "Shared Hit Blocks": 1,
                      "Shared Read Blocks": 0,
                      "Shared Dirtied Blocks": 0,
                      "Shared Written Blocks": 0,
                      "Local Hit Blocks": 0,
                      "Local Read Blocks": 0,
                      "Local Dirtied Blocks": 0,
                      "Local Written Blocks": 0,
                      "Temp Read Blocks": 0,
                      "Temp Written Blocks": 0,
                      "I/O Read Time": 0.000,
                      "I/O Write Time": 0.000,
                      "Plans": [
                        {
                          "Node Type": "Seq Scan",
                          "Parent Relationship": "Outer",
                          "Relation Name": "spree_option_types",
                          "Schema": "public",
                          "Alias": "sot_1",
                          "Startup Cost": 0.00,
                          "Total Cost": 1.04,
                          "Plan Rows": 1,
                          "Plan Width": 4,
                          "Actual Startup Time": 0.014,
                          "Actual Total Time": 0.015,
                          "Actual Rows": 1,
                          "Actual Loops": 1,
                          "Output": ["sot_1.id"],
                          "Filter": "((sot_1.name)::text = 'color'::text)",
                          "Rows Removed by Filter": 2,
                          "Shared Hit Blocks": 1,
                          "Shared Read Blocks": 0,
                          "Shared Dirtied Blocks": 0,
                          "Shared Written Blocks": 0,
                          "Local Hit Blocks": 0,
                          "Local Read Blocks": 0,
                          "Local Dirtied Blocks": 0,
                          "Local Written Blocks": 0,
                          "Temp Read Blocks": 0,
                          "Temp Written Blocks": 0,
                          "I/O Read Time": 0.000,
                          "I/O Write Time": 0.000
                        }
                      ]
                    }
                  ]
                }
              ]
            }
          ]
        },
        {
          "Node Type": "Aggregate",
          "Strategy": "Hashed",
          "Parent Relationship": "InitPlan",
          "Subplan Name": "CTE variants_min_prices",
          "Startup Cost": 225.63,
          "Total Cost": 271.84,
          "Plan Rows": 4621,
          "Plan Width": 7,
          "Actual Startup Time": 5.936,
          "Actual Total Time": 6.037,
          "Actual Rows": 352,
          "Actual Loops": 1,
          "Output": ["spree_prices.variant_id", "COALESCE(min(spree_prices.amount), '0'::numeric)"],
          "Group Key": ["spree_prices.variant_id"],
          "Shared Hit Blocks": 102,
          "Shared Read Blocks": 0,
          "Shared Dirtied Blocks": 0,
          "Shared Written Blocks": 0,
          "Local Hit Blocks": 0,
          "Local Read Blocks": 0,
          "Local Dirtied Blocks": 0,
          "Local Written Blocks": 0,
          "Temp Read Blocks": 0,
          "Temp Written Blocks": 0,
          "I/O Read Time": 0.000,
          "I/O Write Time": 0.000,
          "Plans": [
            {
              "Node Type": "Hash Join",
              "Parent Relationship": "Outer",
              "Join Type": "Inner",
              "Startup Cost": 12.42,
              "Total Cost": 202.53,
              "Plan Rows": 4621,
              "Plan Width": 7,
              "Actual Startup Time": 2.415,
              "Actual Total Time": 5.785,
              "Actual Rows": 352,
              "Actual Loops": 1,
              "Output": ["spree_prices.variant_id", "spree_prices.amount"],
              "Hash Cond": "(spree_prices.variant_id = catalog_variants_2.variant_id)",
              "Shared Hit Blocks": 102,
              "Shared Read Blocks": 0,
              "Shared Dirtied Blocks": 0,
              "Shared Written Blocks": 0,
              "Local Hit Blocks": 0,
              "Local Read Blocks": 0,
              "Local Dirtied Blocks": 0,
              "Local Written Blocks": 0,
              "Temp Read Blocks": 0,
              "Temp Written Blocks": 0,
              "I/O Read Time": 0.000,
              "I/O Write Time": 0.000,
              "Plans": [
                {
                  "Node Type": "Seq Scan",
                  "Parent Relationship": "Outer",
                  "Relation Name": "spree_prices",
                  "Schema": "public",
                  "Alias": "spree_prices",
                  "Startup Cost": 0.00,
                  "Total Cost": 153.42,
                  "Plan Rows": 9242,
                  "Plan Width": 7,
                  "Actual Startup Time": 0.023,
                  "Actual Total Time": 2.548,
                  "Actual Rows": 9242,
                  "Actual Loops": 1,
                  "Output": ["spree_prices.id", "spree_prices.variant_id", "spree_prices.amount", "spree_prices.currency", "spree_prices.deleted_at", "spree_prices.is_default"],
                  "Shared Hit Blocks": 61,
                  "Shared Read Blocks": 0,
                  "Shared Dirtied Blocks": 0,
                  "Shared Written Blocks": 0,
                  "Local Hit Blocks": 0,
                  "Local Read Blocks": 0,
                  "Local Dirtied Blocks": 0,
                  "Local Written Blocks": 0,
                  "Temp Read Blocks": 0,
                  "Temp Written Blocks": 0,
                  "I/O Read Time": 0.000,
                  "I/O Write Time": 0.000
                },
                {
                  "Node Type": "Hash",
                  "Parent Relationship": "Inner",
                  "Startup Cost": 9.92,
                  "Total Cost": 9.92,
                  "Plan Rows": 200,
                  "Plan Width": 4,
                  "Actual Startup Time": 1.229,
                  "Actual Total Time": 1.229,
                  "Actual Rows": 352,
                  "Actual Loops": 1,
                  "Output": ["catalog_variants_2.variant_id"],
                  "Hash Buckets": 1024,
                  "Original Hash Buckets": 1024,
                  "Hash Batches": 1,
                  "Original Hash Batches": 1,
                  "Peak Memory Usage": 21,
                  "Shared Hit Blocks": 41,
                  "Shared Read Blocks": 0,
                  "Shared Dirtied Blocks": 0,
                  "Shared Written Blocks": 0,
                  "Local Hit Blocks": 0,
                  "Local Read Blocks": 0,
                  "Local Dirtied Blocks": 0,
                  "Local Written Blocks": 0,
                  "Temp Read Blocks": 0,
                  "Temp Written Blocks": 0,
                  "I/O Read Time": 0.000,
                  "I/O Write Time": 0.000,
                  "Plans": [
                    {
                      "Node Type": "Aggregate",
                      "Strategy": "Hashed",
                      "Parent Relationship": "Outer",
                      "Startup Cost": 7.92,
                      "Total Cost": 9.92,
                      "Plan Rows": 200,
                      "Plan Width": 4,
                      "Actual Startup Time": 1.075,
                      "Actual Total Time": 1.140,
                      "Actual Rows": 352,
                      "Actual Loops": 1,
                      "Output": ["catalog_variants_2.variant_id"],
                      "Group Key": ["catalog_variants_2.variant_id"],
                      "Shared Hit Blocks": 41,
                      "Shared Read Blocks": 0,
                      "Shared Dirtied Blocks": 0,
                      "Shared Written Blocks": 0,
                      "Local Hit Blocks": 0,
                      "Local Read Blocks": 0,
                      "Local Dirtied Blocks": 0,
                      "Local Written Blocks": 0,
                      "Temp Read Blocks": 0,
                      "Temp Written Blocks": 0,
                      "I/O Read Time": 0.000,
                      "I/O Write Time": 0.000,
                      "Plans": [
                        {
                          "Node Type": "CTE Scan",
                          "Parent Relationship": "Outer",
                          "CTE Name": "catalog_variants",
                          "Alias": "catalog_variants_2",
                          "Startup Cost": 0.00,
                          "Total Cost": 7.04,
                          "Plan Rows": 352,
                          "Plan Width": 4,
                          "Actual Startup Time": 0.024,
                          "Actual Total Time": 0.915,
                          "Actual Rows": 352,
                          "Actual Loops": 1,
                          "Output": ["catalog_variants_2.variant_id", "catalog_variants_2.product_id", "catalog_variants_2.sku"],
                          "Shared Hit Blocks": 41,
                          "Shared Read Blocks": 0,
                          "Shared Dirtied Blocks": 0,
                          "Shared Written Blocks": 0,
                          "Local Hit Blocks": 0,
                          "Local Read Blocks": 0,
                          "Local Dirtied Blocks": 0,
                          "Local Written Blocks": 0,
                          "Temp Read Blocks": 0,
                          "Temp Written Blocks": 0,
                          "I/O Read Time": 0.000,
                          "I/O Write Time": 0.000
                        }
                      ]
                    }
                  ]
                }
              ]
            }
          ]
        },
        {
          "Node Type": "Hash Join",
          "Parent Relationship": "Outer",
          "Join Type": "Inner",
          "Startup Cost": 42.71,
          "Total Cost": 291.08,
          "Plan Rows": 4050,
          "Plan Width": 183,
          "Actual Startup Time": 13.149,
          "Actual Total Time": 13.526,
          "Actual Rows": 352,
          "Actual Loops": 1,
          "Output": ["sv.variant_id", "sv.sku", "sp.slug", "sp.name", "vc.color", "pr.min_price", "pcc.available_colors", "sv.product_id"],
          "Hash Cond": "(pr.variant_id = sv.variant_id)",
          "Shared Hit Blocks": 2692,
          "Shared Read Blocks": 0,
          "Shared Dirtied Blocks": 0,
          "Shared Written Blocks": 0,
          "Local Hit Blocks": 0,
          "Local Read Blocks": 0,
          "Local Dirtied Blocks": 0,
          "Local Written Blocks": 0,
          "Temp Read Blocks": 0,
          "Temp Written Blocks": 0,
          "I/O Read Time": 0.000,
          "I/O Write Time": 0.000,
          "Plans": [
            {
              "Node Type": "CTE Scan",
              "Parent Relationship": "Outer",
              "CTE Name": "variants_min_prices",
              "Alias": "pr",
              "Startup Cost": 0.00,
              "Total Cost": 92.42,
              "Plan Rows": 4621,
              "Plan Width": 36,
              "Actual Startup Time": 5.939,
              "Actual Total Time": 6.157,
              "Actual Rows": 352,
              "Actual Loops": 1,
              "Output": ["pr.variant_id", "pr.min_price"],
              "Shared Hit Blocks": 102,
              "Shared Read Blocks": 0,
              "Shared Dirtied Blocks": 0,
              "Shared Written Blocks": 0,
              "Local Hit Blocks": 0,
              "Local Read Blocks": 0,
              "Local Dirtied Blocks": 0,
              "Local Written Blocks": 0,
              "Temp Read Blocks": 0,
              "Temp Written Blocks": 0,
              "I/O Read Time": 0.000,
              "I/O Write Time": 0.000
            },
            {
              "Node Type": "Hash",
              "Parent Relationship": "Inner",
              "Startup Cost": 40.52,
              "Total Cost": 40.52,
              "Plan Rows": 175,
              "Plan Width": 155,
              "Actual Startup Time": 7.189,
              "Actual Total Time": 7.189,
              "Actual Rows": 352,
              "Actual Loops": 1,
              "Output": ["sv.variant_id", "sv.sku", "sv.product_id", "sp.slug", "sp.name", "vc.color", "vc.variant_id", "pcc.available_colors"],
              "Hash Buckets": 1024,
              "Original Hash Buckets": 1024,
              "Hash Batches": 1,
              "Original Hash Batches": 1,
              "Peak Memory Usage": 63,
              "Shared Hit Blocks": 2590,
              "Shared Read Blocks": 0,
              "Shared Dirtied Blocks": 0,
              "Shared Written Blocks": 0,
              "Local Hit Blocks": 0,
              "Local Read Blocks": 0,
              "Local Dirtied Blocks": 0,
              "Local Written Blocks": 0,
              "Temp Read Blocks": 0,
              "Temp Written Blocks": 0,
              "I/O Read Time": 0.000,
              "I/O Write Time": 0.000,
              "Plans": [
                {
                  "Node Type": "Hash Join",
                  "Parent Relationship": "Outer",
                  "Join Type": "Inner",
                  "Startup Cost": 27.68,
                  "Total Cost": 40.52,
                  "Plan Rows": 175,
                  "Plan Width": 155,
                  "Actual Startup Time": 6.664,
                  "Actual Total Time": 7.024,
                  "Actual Rows": 352,
                  "Actual Loops": 1,
                  "Output": ["sv.variant_id", "sv.sku", "sv.product_id", "sp.slug", "sp.name", "vc.color", "vc.variant_id", "pcc.available_colors"],
                  "Hash Cond": "(sv.variant_id = vc.variant_id)",
                  "Shared Hit Blocks": 2590,
                  "Shared Read Blocks": 0,
                  "Shared Dirtied Blocks": 0,
                  "Shared Written Blocks": 0,
                  "Local Hit Blocks": 0,
                  "Local Read Blocks": 0,
                  "Local Dirtied Blocks": 0,
                  "Local Written Blocks": 0,
                  "Temp Read Blocks": 0,
                  "Temp Written Blocks": 0,
                  "I/O Read Time": 0.000,
                  "I/O Write Time": 0.000,
                  "Plans": [
                    {
                      "Node Type": "Hash Join",
                      "Parent Relationship": "Outer",
                      "Join Type": "Inner",
                      "Startup Cost": 21.96,
                      "Total Cost": 32.31,
                      "Plan Rows": 199,
                      "Plan Width": 119,
                      "Actual Startup Time": 4.636,
                      "Actual Total Time": 4.846,
                      "Actual Rows": 352,
                      "Actual Loops": 1,
                      "Output": ["sv.variant_id", "sv.sku", "sv.product_id", "sp.slug", "sp.name", "pcc.available_colors"],
                      "Hash Cond": "(sv.product_id = sp.id)",
                      "Shared Hit Blocks": 1303,
                      "Shared Read Blocks": 0,
                      "Shared Dirtied Blocks": 0,
                      "Shared Written Blocks": 0,
                      "Local Hit Blocks": 0,
                      "Local Read Blocks": 0,
                      "Local Dirtied Blocks": 0,
                      "Local Written Blocks": 0,
                      "Temp Read Blocks": 0,
                      "Temp Written Blocks": 0,
                      "I/O Read Time": 0.000,
                      "I/O Write Time": 0.000,
                      "Plans": [
                        {
                          "Node Type": "CTE Scan",
                          "Parent Relationship": "Outer",
                          "CTE Name": "catalog_variants",
                          "Alias": "sv",
                          "Startup Cost": 0.00,
                          "Total Cost": 7.04,
                          "Plan Rows": 352,
                          "Plan Width": 40,
                          "Actual Startup Time": 0.001,
                          "Actual Total Time": 0.059,
                          "Actual Rows": 352,
                          "Actual Loops": 1,
                          "Output": ["sv.variant_id", "sv.product_id", "sv.sku"],
                          "Shared Hit Blocks": 0,
                          "Shared Read Blocks": 0,
                          "Shared Dirtied Blocks": 0,
                          "Shared Written Blocks": 0,
                          "Local Hit Blocks": 0,
                          "Local Read Blocks": 0,
                          "Local Dirtied Blocks": 0,
                          "Local Written Blocks": 0,
                          "Temp Read Blocks": 0,
                          "Temp Written Blocks": 0,
                          "I/O Read Time": 0.000,
                          "I/O Write Time": 0.000
                        },
                        {
                          "Node Type": "Hash",
                          "Parent Relationship": "Inner",
                          "Startup Cost": 19.76,
                          "Total Cost": 19.76,
                          "Plan Rows": 176,
                          "Plan Width": 87,
                          "Actual Startup Time": 4.622,
                          "Actual Total Time": 4.622,
                          "Actual Rows": 311,
                          "Actual Loops": 1,
                          "Output": ["sp.slug", "sp.name", "sp.id", "pcc.available_colors", "pcc.product_id"],
                          "Hash Buckets": 1024,
                          "Original Hash Buckets": 1024,
                          "Hash Batches": 1,
                          "Original Hash Batches": 1,
                          "Peak Memory Usage": 47,
                          "Shared Hit Blocks": 1303,
                          "Shared Read Blocks": 0,
                          "Shared Dirtied Blocks": 0,
                          "Shared Written Blocks": 0,
                          "Local Hit Blocks": 0,
                          "Local Read Blocks": 0,
                          "Local Dirtied Blocks": 0,
                          "Local Written Blocks": 0,
                          "Temp Read Blocks": 0,
                          "Temp Written Blocks": 0,
                          "I/O Read Time": 0.000,
                          "I/O Write Time": 0.000,
                          "Plans": [
                            {
                              "Node Type": "Hash Join",
                              "Parent Relationship": "Outer",
                              "Join Type": "Inner",
                              "Startup Cost": 5.72,
                              "Total Cost": 19.76,
                              "Plan Rows": 176,
                              "Plan Width": 87,
                              "Actual Startup Time": 4.258,
                              "Actual Total Time": 4.510,
                              "Actual Rows": 311,
                              "Actual Loops": 1,
                              "Output": ["sp.slug", "sp.name", "sp.id", "pcc.available_colors", "pcc.product_id"],
                              "Hash Cond": "(sp.id = pcc.product_id)",
                              "Shared Hit Blocks": 1303,
                              "Shared Read Blocks": 0,
                              "Shared Dirtied Blocks": 0,
                              "Shared Written Blocks": 0,
                              "Local Hit Blocks": 0,
                              "Local Read Blocks": 0,
                              "Local Dirtied Blocks": 0,
                              "Local Written Blocks": 0,
                              "Temp Read Blocks": 0,
                              "Temp Written Blocks": 0,
                              "I/O Read Time": 0.000,
                              "I/O Write Time": 0.000,
                              "Plans": [
                                {
                                  "Node Type": "Seq Scan",
                                  "Parent Relationship": "Outer",
                                  "Relation Name": "spree_products",
                                  "Schema": "public",
                                  "Alias": "sp",
                                  "Startup Cost": 0.00,
                                  "Total Cost": 11.11,
                                  "Plan Rows": 311,
                                  "Plan Width": 51,
                                  "Actual Startup Time": 0.016,
                                  "Actual Total Time": 0.115,
                                  "Actual Rows": 311,
                                  "Actual Loops": 1,
                                  "Output": ["sp.id", "sp.name", "sp.description", "sp.available_on", "sp.deleted_at", "sp.slug", "sp.meta_description", "sp.meta_keywords", "sp.tax_category_id", "sp.shipping_category_id", "sp.created_at", "sp.updated_at", "sp.promotionable", "sp.meta_title", "sp.fashion_xl_id"],
                                  "Filter": "(sp.deleted_at IS NULL)",
                                  "Rows Removed by Filter": 0,
                                  "Shared Hit Blocks": 8,
                                  "Shared Read Blocks": 0,
                                  "Shared Dirtied Blocks": 0,
                                  "Shared Written Blocks": 0,
                                  "Local Hit Blocks": 0,
                                  "Local Read Blocks": 0,
                                  "Local Dirtied Blocks": 0,
                                  "Local Written Blocks": 0,
                                  "Temp Read Blocks": 0,
                                  "Temp Written Blocks": 0,
                                  "I/O Read Time": 0.000,
                                  "I/O Write Time": 0.000
                                },
                                {
                                  "Node Type": "Hash",
                                  "Parent Relationship": "Inner",
                                  "Startup Cost": 3.52,
                                  "Total Cost": 3.52,
                                  "Plan Rows": 176,
                                  "Plan Width": 36,
                                  "Actual Startup Time": 4.228,
                                  "Actual Total Time": 4.228,
                                  "Actual Rows": 311,
                                  "Actual Loops": 1,
                                  "Output": ["pcc.available_colors", "pcc.product_id"],
                                  "Hash Buckets": 1024,
                                  "Original Hash Buckets": 1024,
                                  "Hash Batches": 1,
                                  "Original Hash Batches": 1,
                                  "Peak Memory Usage": 31,
                                  "Shared Hit Blocks": 1295,
                                  "Shared Read Blocks": 0,
                                  "Shared Dirtied Blocks": 0,
                                  "Shared Written Blocks": 0,
                                  "Local Hit Blocks": 0,
                                  "Local Read Blocks": 0,
                                  "Local Dirtied Blocks": 0,
                                  "Local Written Blocks": 0,
                                  "Temp Read Blocks": 0,
                                  "Temp Written Blocks": 0,
                                  "I/O Read Time": 0.000,
                                  "I/O Write Time": 0.000,
                                  "Plans": [
                                    {
                                      "Node Type": "CTE Scan",
                                      "Parent Relationship": "Outer",
                                      "CTE Name": "product_color_classifications",
                                      "Alias": "pcc",
                                      "Startup Cost": 0.00,
                                      "Total Cost": 3.52,
                                      "Plan Rows": 176,
                                      "Plan Width": 36,
                                      "Actual Startup Time": 2.801,
                                      "Actual Total Time": 4.136,
                                      "Actual Rows": 311,
                                      "Actual Loops": 1,
                                      "Output": ["pcc.available_colors", "pcc.product_id"],
                                      "Shared Hit Blocks": 1295,
                                      "Shared Read Blocks": 0,
                                      "Shared Dirtied Blocks": 0,
                                      "Shared Written Blocks": 0,
                                      "Local Hit Blocks": 0,
                                      "Local Read Blocks": 0,
                                      "Local Dirtied Blocks": 0,
                                      "Local Written Blocks": 0,
                                      "Temp Read Blocks": 0,
                                      "Temp Written Blocks": 0,
                                      "I/O Read Time": 0.000,
                                      "I/O Write Time": 0.000
                                    }
                                  ]
                                }
                              ]
                            }
                          ]
                        }
                      ]
                    },
                    {
                      "Node Type": "Hash",
                      "Parent Relationship": "Inner",
                      "Startup Cost": 3.52,
                      "Total Cost": 3.52,
                      "Plan Rows": 176,
                      "Plan Width": 36,
                      "Actual Startup Time": 2.018,
                      "Actual Total Time": 2.018,
                      "Actual Rows": 352,
                      "Actual Loops": 1,
                      "Output": ["vc.color", "vc.variant_id"],
                      "Hash Buckets": 1024,
                      "Original Hash Buckets": 1024,
                      "Hash Batches": 1,
                      "Original Hash Batches": 1,
                      "Peak Memory Usage": 26,
                      "Shared Hit Blocks": 1287,
                      "Shared Read Blocks": 0,
                      "Shared Dirtied Blocks": 0,
                      "Shared Written Blocks": 0,
                      "Local Hit Blocks": 0,
                      "Local Read Blocks": 0,
                      "Local Dirtied Blocks": 0,
                      "Local Written Blocks": 0,
                      "Temp Read Blocks": 0,
                      "Temp Written Blocks": 0,
                      "I/O Read Time": 0.000,
                      "I/O Write Time": 0.000,
                      "Plans": [
                        {
                          "Node Type": "CTE Scan",
                          "Parent Relationship": "Outer",
                          "CTE Name": "variant_colors",
                          "Alias": "vc",
                          "Startup Cost": 0.00,
                          "Total Cost": 3.52,
                          "Plan Rows": 176,
                          "Plan Width": 36,
                          "Actual Startup Time": 0.358,
                          "Actual Total Time": 1.945,
                          "Actual Rows": 352,
                          "Actual Loops": 1,
                          "Output": ["vc.color", "vc.variant_id"],
                          "Shared Hit Blocks": 1287,
                          "Shared Read Blocks": 0,
                          "Shared Dirtied Blocks": 0,
                          "Shared Written Blocks": 0,
                          "Local Hit Blocks": 0,
                          "Local Read Blocks": 0,
                          "Local Dirtied Blocks": 0,
                          "Local Written Blocks": 0,
                          "Temp Read Blocks": 0,
                          "Temp Written Blocks": 0,
                          "I/O Read Time": 0.000,
                          "I/O Write Time": 0.000
                        }
                      ]
                    }
                  ]
                }
              ]
            }
          ]
        }
      ]
    },
    "Planning Time": 4.462,
    "Triggers": [
    ],
    "Execution Time": 14.391
  }
]
`,OX=`
[
  {
    "Plan": {
      "Node Type": "Limit",
      "Startup Cost": 17024.84,
      "Total Cost": 17024.87,
      "Plan Rows": 10,
      "Plan Width": 133,
      "Actual Startup Time": 725.773,
      "Actual Total Time": 725.775,
      "Actual Rows": 10,
      "Actual Loops": 1,
      "Output": ["c.state", "cat.categoryname", "(sum(o.netamount))", "(sum(o.totalamount))"],
      "Shared Hit Blocks": 23,
      "Shared Read Blocks": 1392,
      "Shared Dirtied Blocks": 0,
      "Shared Written Blocks": 0,
      "Local Hit Blocks": 0,
      "Local Read Blocks": 0,
      "Local Dirtied Blocks": 0,
      "Local Written Blocks": 0,
      "Temp Read Blocks": 0,
      "Temp Written Blocks": 0,
      "I/O Read Time": 0.000,
      "I/O Write Time": 0.000,
      "Plans": [
        {
          "Node Type": "Sort",
          "Parent Relationship": "Outer",
          "Startup Cost": 17024.84,
          "Total Cost": 17026.88,
          "Plan Rows": 816,
          "Plan Width": 133,
          "Actual Startup Time": 725.771,
          "Actual Total Time": 725.772,
          "Actual Rows": 11,
          "Actual Loops": 1,
          "Output": ["c.state", "cat.categoryname", "(sum(o.netamount))", "(sum(o.totalamount))"],
          "Sort Key": ["c.state", "(sum(o.totalamount))"],
          "Sort Method": "top-N heapsort",
          "Sort Space Used": 25,
          "Sort Space Type": "Memory",
          "Shared Hit Blocks": 23,
          "Shared Read Blocks": 1392,
          "Shared Dirtied Blocks": 0,
          "Shared Written Blocks": 0,
          "Local Hit Blocks": 0,
          "Local Read Blocks": 0,
          "Local Dirtied Blocks": 0,
          "Local Written Blocks": 0,
          "Temp Read Blocks": 0,
          "Temp Written Blocks": 0,
          "I/O Read Time": 0.000,
          "I/O Write Time": 0.000,
          "Plans": [
            {
              "Node Type": "Aggregate",
              "Strategy": "Hashed",
              "Parent Relationship": "Outer",
              "Startup Cost": 16994.41,
              "Total Cost": 17006.65,
              "Plan Rows": 816,
              "Plan Width": 133,
              "Actual Startup Time": 723.877,
              "Actual Total Time": 724.417,
              "Actual Rows": 832,
              "Actual Loops": 1,
              "Output": ["c.state", "cat.categoryname", "sum(o.netamount)", "sum(o.totalamount)"],
              "Group Key": ["c.state", "cat.categoryname"],
              "Shared Hit Blocks": 13,
              "Shared Read Blocks": 1392,
              "Shared Dirtied Blocks": 0,
              "Shared Written Blocks": 0,
              "Local Hit Blocks": 0,
              "Local Read Blocks": 0,
              "Local Dirtied Blocks": 0,
              "Local Written Blocks": 0,
              "Temp Read Blocks": 0,
              "Temp Written Blocks": 0,
              "I/O Read Time": 0.000,
              "I/O Write Time": 0.000,
              "Plans": [
                {
                  "Node Type": "Hash Join",
                  "Parent Relationship": "Outer",
                  "Join Type": "Inner",
                  "Startup Cost": 4966.48,
                  "Total Cost": 13742.65,
                  "Plan Rows": 325176,
                  "Plan Width": 133,
                  "Actual Startup Time": 118.314,
                  "Actual Total Time": 354.285,
                  "Actual Rows": 383270,
                  "Actual Loops": 1,
                  "Output": ["c.state", "o.netamount", "o.totalamount", "cat.categoryname"],
                  "Hash Cond": "(o.orderid = ch.orderid)",
                  "Shared Hit Blocks": 13,
                  "Shared Read Blocks": 1392,
                  "Shared Dirtied Blocks": 0,
                  "Shared Written Blocks": 0,
                  "Local Hit Blocks": 0,
                  "Local Read Blocks": 0,
                  "Local Dirtied Blocks": 0,
                  "Local Written Blocks": 0,
                  "Temp Read Blocks": 0,
                  "Temp Written Blocks": 0,
                  "I/O Read Time": 0.000,
                  "I/O Write Time": 0.000,
                  "Plans": [
                    {
                      "Node Type": "Hash Join",
                      "Parent Relationship": "Outer",
                      "Join Type": "Inner",
                      "Startup Cost": 834.86,
                      "Total Cost": 4539.11,
                      "Plan Rows": 60350,
                      "Plan Width": 138,
                      "Actual Startup Time": 22.651,
                      "Actual Total Time": 133.484,
                      "Actual Rows": 60350,
                      "Actual Loops": 1,
                      "Output": ["o.netamount", "o.totalamount", "o.orderid", "ol.orderid", "cat.categoryname"],
                      "Hash Cond": "(ol.orderid = o.orderid)",
                      "Shared Hit Blocks": 9,
                      "Shared Read Blocks": 581,
                      "Shared Dirtied Blocks": 0,
                      "Shared Written Blocks": 0,
                      "Local Hit Blocks": 0,
                      "Local Read Blocks": 0,
                      "Local Dirtied Blocks": 0,
                      "Local Written Blocks": 0,
                      "Temp Read Blocks": 0,
                      "Temp Written Blocks": 0,
                      "I/O Read Time": 0.000,
                      "I/O Write Time": 0.000,
                      "Plans": [
                        {
                          "Node Type": "Hash Join",
                          "Parent Relationship": "Outer",
                          "Join Type": "Inner",
                          "Startup Cost": 464.86,
                          "Total Cost": 2962.11,
                          "Plan Rows": 60350,
                          "Plan Width": 122,
                          "Actual Startup Time": 12.467,
                          "Actual Total Time": 85.647,
                          "Actual Rows": 60350,
                          "Actual Loops": 1,
                          "Output": ["ol.orderid", "cat.categoryname"],
                          "Hash Cond": "(ol.prod_id = p.prod_id)",
                          "Shared Hit Blocks": 4,
                          "Shared Read Blocks": 483,
                          "Shared Dirtied Blocks": 0,
                          "Shared Written Blocks": 0,
                          "Local Hit Blocks": 0,
                          "Local Read Blocks": 0,
                          "Local Dirtied Blocks": 0,
                          "Local Written Blocks": 0,
                          "Temp Read Blocks": 0,
                          "Temp Written Blocks": 0,
                          "I/O Read Time": 0.000,
                          "I/O Write Time": 0.000,
                          "Plans": [
                            {
                              "Node Type": "Seq Scan",
                              "Parent Relationship": "Outer",
                              "Relation Name": "orderlines",
                              "Schema": "public",
                              "Alias": "ol",
                              "Startup Cost": 0.00,
                              "Total Cost": 988.50,
                              "Plan Rows": 60350,
                              "Plan Width": 8,
                              "Actual Startup Time": 0.005,
                              "Actual Total Time": 14.054,
                              "Actual Rows": 60350,
                              "Actual Loops": 1,
                              "Output": ["ol.orderlineid", "ol.orderid", "ol.prod_id", "ol.quantity", "ol.orderdate"],
                              "Shared Hit Blocks": 2,
                              "Shared Read Blocks": 383,
                              "Shared Dirtied Blocks": 0,
                              "Shared Written Blocks": 0,
                              "Local Hit Blocks": 0,
                              "Local Read Blocks": 0,
                              "Local Dirtied Blocks": 0,
                              "Local Written Blocks": 0,
                              "Temp Read Blocks": 0,
                              "Temp Written Blocks": 0,
                              "I/O Read Time": 0.000,
                              "I/O Write Time": 0.000
                            },
                            {
                              "Node Type": "Hash",
                              "Parent Relationship": "Inner",
                              "Startup Cost": 339.86,
                              "Total Cost": 339.86,
                              "Plan Rows": 10000,
                              "Plan Width": 122,
                              "Actual Startup Time": 12.446,
                              "Actual Total Time": 12.446,
                              "Actual Rows": 10000,
                              "Actual Loops": 1,
                              "Output": ["p.prod_id", "cat.categoryname"],
                              "Hash Buckets": 1024,
                              "Hash Batches": 1,
                              "Original Hash Batches": 1,
                              "Peak Memory Usage": 425,
                              "Shared Hit Blocks": 2,
                              "Shared Read Blocks": 100,
                              "Shared Dirtied Blocks": 0,
                              "Shared Written Blocks": 0,
                              "Local Hit Blocks": 0,
                              "Local Read Blocks": 0,
                              "Local Dirtied Blocks": 0,
                              "Local Written Blocks": 0,
                              "Temp Read Blocks": 0,
                              "Temp Written Blocks": 0,
                              "I/O Read Time": 0.000,
                              "I/O Write Time": 0.000,
                              "Plans": [
                                {
                                  "Node Type": "Hash Join",
                                  "Parent Relationship": "Outer",
                                  "Join Type": "Inner",
                                  "Startup Cost": 1.36,
                                  "Total Cost": 339.86,
                                  "Plan Rows": 10000,
                                  "Plan Width": 122,
                                  "Actual Startup Time": 0.283,
                                  "Actual Total Time": 9.015,
                                  "Actual Rows": 10000,
                                  "Actual Loops": 1,
                                  "Output": ["p.prod_id", "cat.categoryname"],
                                  "Hash Cond": "(p.category = cat.category)",
                                  "Shared Hit Blocks": 2,
                                  "Shared Read Blocks": 100,
                                  "Shared Dirtied Blocks": 0,
                                  "Shared Written Blocks": 0,
                                  "Local Hit Blocks": 0,
                                  "Local Read Blocks": 0,
                                  "Local Dirtied Blocks": 0,
                                  "Local Written Blocks": 0,
                                  "Temp Read Blocks": 0,
                                  "Temp Written Blocks": 0,
                                  "I/O Read Time": 0.000,
                                  "I/O Write Time": 0.000,
                                  "Plans": [
                                    {
                                      "Node Type": "Seq Scan",
                                      "Parent Relationship": "Outer",
                                      "Relation Name": "products",
                                      "Schema": "public",
                                      "Alias": "p",
                                      "Startup Cost": 0.00,
                                      "Total Cost": 201.00,
                                      "Plan Rows": 10000,
                                      "Plan Width": 8,
                                      "Actual Startup Time": 0.003,
                                      "Actual Total Time": 4.330,
                                      "Actual Rows": 10000,
                                      "Actual Loops": 1,
                                      "Output": ["p.prod_id", "p.category", "p.title", "p.actor", "p.price", "p.special", "p.common_prod_id"],
                                      "Shared Hit Blocks": 2,
                                      "Shared Read Blocks": 99,
                                      "Shared Dirtied Blocks": 0,
                                      "Shared Written Blocks": 0,
                                      "Local Hit Blocks": 0,
                                      "Local Read Blocks": 0,
                                      "Local Dirtied Blocks": 0,
                                      "Local Written Blocks": 0,
                                      "Temp Read Blocks": 0,
                                      "Temp Written Blocks": 0,
                                      "I/O Read Time": 0.000,
                                      "I/O Write Time": 0.000
                                    },
                                    {
                                      "Node Type": "Hash",
                                      "Parent Relationship": "Inner",
                                      "Startup Cost": 1.16,
                                      "Total Cost": 1.16,
                                      "Plan Rows": 16,
                                      "Plan Width": 122,
                                      "Actual Startup Time": 0.265,
                                      "Actual Total Time": 0.265,
                                      "Actual Rows": 16,
                                      "Actual Loops": 1,
                                      "Output": ["cat.categoryname", "cat.category"],
                                      "Hash Buckets": 1024,
                                      "Hash Batches": 1,
                                      "Original Hash Batches": 1,
                                      "Peak Memory Usage": 1,
                                      "Shared Hit Blocks": 0,
                                      "Shared Read Blocks": 1,
                                      "Shared Dirtied Blocks": 0,
                                      "Shared Written Blocks": 0,
                                      "Local Hit Blocks": 0,
                                      "Local Read Blocks": 0,
                                      "Local Dirtied Blocks": 0,
                                      "Local Written Blocks": 0,
                                      "Temp Read Blocks": 0,
                                      "Temp Written Blocks": 0,
                                      "I/O Read Time": 0.000,
                                      "I/O Write Time": 0.000,
                                      "Plans": [
                                        {
                                          "Node Type": "Seq Scan",
                                          "Parent Relationship": "Outer",
                                          "Relation Name": "categories",
                                          "Schema": "public",
                                          "Alias": "cat",
                                          "Startup Cost": 0.00,
                                          "Total Cost": 1.16,
                                          "Plan Rows": 16,
                                          "Plan Width": 122,
                                          "Actual Startup Time": 0.250,
                                          "Actual Total Time": 0.252,
                                          "Actual Rows": 16,
                                          "Actual Loops": 1,
                                          "Output": ["cat.categoryname", "cat.category"],
                                          "Shared Hit Blocks": 0,
                                          "Shared Read Blocks": 1,
                                          "Shared Dirtied Blocks": 0,
                                          "Shared Written Blocks": 0,
                                          "Local Hit Blocks": 0,
                                          "Local Read Blocks": 0,
                                          "Local Dirtied Blocks": 0,
                                          "Local Written Blocks": 0,
                                          "Temp Read Blocks": 0,
                                          "Temp Written Blocks": 0,
                                          "I/O Read Time": 0.000,
                                          "I/O Write Time": 0.000
                                        }
                                      ]
                                    }
                                  ]
                                }
                              ]
                            }
                          ]
                        },
                        {
                          "Node Type": "Hash",
                          "Parent Relationship": "Inner",
                          "Startup Cost": 220.00,
                          "Total Cost": 220.00,
                          "Plan Rows": 12000,
                          "Plan Width": 16,
                          "Actual Startup Time": 10.159,
                          "Actual Total Time": 10.159,
                          "Actual Rows": 12000,
                          "Actual Loops": 1,
                          "Output": ["o.netamount", "o.totalamount", "o.orderid"],
                          "Hash Buckets": 2048,
                          "Hash Batches": 1,
                          "Original Hash Batches": 1,
                          "Peak Memory Usage": 609,
                          "Shared Hit Blocks": 2,
                          "Shared Read Blocks": 98,
                          "Shared Dirtied Blocks": 0,
                          "Shared Written Blocks": 0,
                          "Local Hit Blocks": 0,
                          "Local Read Blocks": 0,
                          "Local Dirtied Blocks": 0,
                          "Local Written Blocks": 0,
                          "Temp Read Blocks": 0,
                          "Temp Written Blocks": 0,
                          "I/O Read Time": 0.000,
                          "I/O Write Time": 0.000,
                          "Plans": [
                            {
                              "Node Type": "Seq Scan",
                              "Parent Relationship": "Outer",
                              "Relation Name": "orders",
                              "Schema": "public",
                              "Alias": "o",
                              "Startup Cost": 0.00,
                              "Total Cost": 220.00,
                              "Plan Rows": 12000,
                              "Plan Width": 16,
                              "Actual Startup Time": 0.008,
                              "Actual Total Time": 5.548,
                              "Actual Rows": 12000,
                              "Actual Loops": 1,
                              "Output": ["o.netamount", "o.totalamount", "o.orderid"],
                              "Shared Hit Blocks": 2,
                              "Shared Read Blocks": 98,
                              "Shared Dirtied Blocks": 0,
                              "Shared Written Blocks": 0,
                              "Local Hit Blocks": 0,
                              "Local Read Blocks": 0,
                              "Local Dirtied Blocks": 0,
                              "Local Written Blocks": 0,
                              "Temp Read Blocks": 0,
                              "Temp Written Blocks": 0,
                              "I/O Read Time": 0.000,
                              "I/O Write Time": 0.000
                            }
                          ]
                        }
                      ]
                    },
                    {
                      "Node Type": "Hash",
                      "Parent Relationship": "Inner",
                      "Startup Cost": 3377.25,
                      "Total Cost": 3377.25,
                      "Plan Rows": 60350,
                      "Plan Width": 7,
                      "Actual Startup Time": 95.610,
                      "Actual Total Time": 95.610,
                      "Actual Rows": 60350,
                      "Actual Loops": 1,
                      "Output": ["c.state", "ch.orderid"],
                      "Hash Buckets": 8192,
                      "Hash Batches": 1,
                      "Original Hash Batches": 1,
                      "Peak Memory Usage": 2239,
                      "Shared Hit Blocks": 4,
                      "Shared Read Blocks": 811,
                      "Shared Dirtied Blocks": 0,
                      "Shared Written Blocks": 0,
                      "Local Hit Blocks": 0,
                      "Local Read Blocks": 0,
                      "Local Dirtied Blocks": 0,
                      "Local Written Blocks": 0,
                      "Temp Read Blocks": 0,
                      "Temp Written Blocks": 0,
                      "I/O Read Time": 0.000,
                      "I/O Write Time": 0.000,
                      "Plans": [
                        {
                          "Node Type": "Hash Join",
                          "Parent Relationship": "Outer",
                          "Join Type": "Inner",
                          "Startup Cost": 938.00,
                          "Total Cost": 3377.25,
                          "Plan Rows": 60350,
                          "Plan Width": 7,
                          "Actual Startup Time": 24.115,
                          "Actual Total Time": 74.639,
                          "Actual Rows": 60350,
                          "Actual Loops": 1,
                          "Output": ["c.state", "ch.orderid"],
                          "Hash Cond": "(ch.customerid = c.customerid)",
                          "Shared Hit Blocks": 4,
                          "Shared Read Blocks": 811,
                          "Shared Dirtied Blocks": 0,
                          "Shared Written Blocks": 0,
                          "Local Hit Blocks": 0,
                          "Local Read Blocks": 0,
                          "Local Dirtied Blocks": 0,
                          "Local Written Blocks": 0,
                          "Temp Read Blocks": 0,
                          "Temp Written Blocks": 0,
                          "I/O Read Time": 0.000,
                          "I/O Write Time": 0.000,
                          "Plans": [
                            {
                              "Node Type": "Seq Scan",
                              "Parent Relationship": "Outer",
                              "Relation Name": "cust_hist",
                              "Schema": "public",
                              "Alias": "ch",
                              "Startup Cost": 0.00,
                              "Total Cost": 930.50,
                              "Plan Rows": 60350,
                              "Plan Width": 8,
                              "Actual Startup Time": 0.294,
                              "Actual Total Time": 11.812,
                              "Actual Rows": 60350,
                              "Actual Loops": 1,
                              "Output": ["ch.customerid", "ch.orderid", "ch.prod_id"],
                              "Shared Hit Blocks": 2,
                              "Shared Read Blocks": 325,
                              "Shared Dirtied Blocks": 0,
                              "Shared Written Blocks": 0,
                              "Local Hit Blocks": 0,
                              "Local Read Blocks": 0,
                              "Local Dirtied Blocks": 0,
                              "Local Written Blocks": 0,
                              "Temp Read Blocks": 0,
                              "Temp Written Blocks": 0,
                              "I/O Read Time": 0.000,
                              "I/O Write Time": 0.000
                            },
                            {
                              "Node Type": "Hash",
                              "Parent Relationship": "Inner",
                              "Startup Cost": 688.00,
                              "Total Cost": 688.00,
                              "Plan Rows": 20000,
                              "Plan Width": 7,
                              "Actual Startup Time": 23.786,
                              "Actual Total Time": 23.786,
                              "Actual Rows": 20000,
                              "Actual Loops": 1,
                              "Output": ["c.state", "c.customerid"],
                              "Hash Buckets": 2048,
                              "Hash Batches": 1,
                              "Original Hash Batches": 1,
                              "Peak Memory Usage": 743,
                              "Shared Hit Blocks": 2,
                              "Shared Read Blocks": 486,
                              "Shared Dirtied Blocks": 0,
                              "Shared Written Blocks": 0,
                              "Local Hit Blocks": 0,
                              "Local Read Blocks": 0,
                              "Local Dirtied Blocks": 0,
                              "Local Written Blocks": 0,
                              "Temp Read Blocks": 0,
                              "Temp Written Blocks": 0,
                              "I/O Read Time": 0.000,
                              "I/O Write Time": 0.000,
                              "Plans": [
                                {
                                  "Node Type": "Seq Scan",
                                  "Parent Relationship": "Outer",
                                  "Relation Name": "customers",
                                  "Schema": "public",
                                  "Alias": "c",
                                  "Startup Cost": 0.00,
                                  "Total Cost": 688.00,
                                  "Plan Rows": 20000,
                                  "Plan Width": 7,
                                  "Actual Startup Time": 0.005,
                                  "Actual Total Time": 16.771,
                                  "Actual Rows": 20000,
                                  "Actual Loops": 1,
                                  "Output": ["c.state", "c.customerid"],
                                  "Shared Hit Blocks": 2,
                                  "Shared Read Blocks": 486,
                                  "Shared Dirtied Blocks": 0,
                                  "Shared Written Blocks": 0,
                                  "Local Hit Blocks": 0,
                                  "Local Read Blocks": 0,
                                  "Local Dirtied Blocks": 0,
                                  "Local Written Blocks": 0,
                                  "Temp Read Blocks": 0,
                                  "Temp Written Blocks": 0,
                                  "I/O Read Time": 0.000,
                                  "I/O Write Time": 0.000
                                }
                              ]
                            }
                          ]
                        }
                      ]
                    }
                  ]
                }
              ]
            }
          ]
        }
      ]
    },
    "Planning Time": 26.171,
    "Triggers": [
    ],
    "Execution Time": 726.800
  }
]
`,yX=`SELECT c.state,
  cat.categoryname,
  sum(o.netamount),
  sum(o.totalamount)
FROM customers c
  INNER JOIN cust_hist ch ON c.customerid = ch.customerid
  INNER JOIN orders o ON ch.orderid = o.orderid
  INNER JOIN orderlines ol ON ol.orderid = o.orderid
  INNER JOIN products p ON ol.prod_id = p.prod_id
  INNER JOIN categories cat ON p.category = cat.category
GROUP BY c.state, cat.categoryname
ORDER BY c.state, sum(o.totalamount) DESC LIMIT 10 OFFSET 1;
`,NX=`"Limit  (cost=1.27..3878.21 rows=5 width=172) (actual time=0.245..2.544 rows=5 loops=1)"
"  ->  Nested Loop  (cost=1.27..48075.41 rows=62 width=172) (actual time=0.244..2.539 rows=5 loops=1)"
"        ->  Nested Loop  (cost=0.84..2420.02 rows=65 width=85) (actual time=0.137..0.151 rows=5 loops=1)"
"              ->  Nested Loop  (cost=0.42..2356.20 rows=5 width=85) (actual time=0.118..0.119 rows=1 loops=1)"
"                    ->  Seq Scan on top_challenge_list  (cost=0.00..30.26 rows=58 width=57) (actual time=0.036..0.043 rows=4 loops=1)"
"                          Filter: (is_active AND ((template_challenge)::text = 'top_turnover'::text))"
"                          Rows Removed by Filter: 26"
"                    ->  Index Scan using ref_people_xperf1 on ref_people  (cost=0.42..40.09 rows=1 width=28) (actual time=0.017..0.017 rows=0 loops=4)"
"                          Index Cond: (id_int = top_challenge_list.id_int_manager)"
"                          Filter: (is_active AND (id_statut <> 2) AND (COALESCE(id_qualification, 1) >= 1) AND (id_type = 5))"
"                          Rows Removed by Filter: 4"
"              ->  Index Scan using ref_genealogy_xperf5 on ref_genealogy  (cost=0.42..12.56 rows=20 width=8) (actual time=0.017..0.026 rows=5 loops=1)"
"                    Index Cond: (id_int = ref_people.id_int)"
"                    Filter: is_active"
"        ->  Index Scan using ref_people_xperf1 on ref_people filleuls  (cost=0.42..0.82 rows=1 width=47) (actual time=0.012..0.030 rows=1 loops=5)"
"              Index Cond: (id_int = ref_genealogy.id_int_level)"
"              Filter: (is_active AND (id_type = ANY ('{5,14}'::integer[])))"
"              Rows Removed by Filter: 7"
"        SubPlan 1"
"          ->  Aggregate  (cost=361.46..361.47 rows=1 width=8) (actual time=0.233..0.233 rows=1 loops=5)"
"                ->  Index Scan using ref_transaction_xperf4 on ref_transaction  (cost=0.42..361.46 rows=1 width=8) (actual time=0.155..0.229 rows=0 loops=5)"
"                      Index Cond: (id_int_agent_out = filleuls.id_int)"
"                      Filter: (is_active AND (date_acte IS NOT NULL) AND (date_acte >= top_challenge_list.date_deb_challenge) AND (date_acte <= top_challenge_list.date_fin_challenge) AND (id_type_transaction = 1))"
"                      Rows Removed by Filter: 100"
"        SubPlan 2"
"          ->  Aggregate  (cost=373.99..374.00 rows=1 width=8) (actual time=0.177..0.178 rows=1 loops=5)"
"                ->  Index Scan using ref_transaction_xperf3 on ref_transaction ref_transaction_1  (cost=0.42..373.99 rows=1 width=8) (actual time=0.117..0.174 rows=0 loops=5)"
"                      Index Cond: (id_int_agent_in = filleuls.id_int)"
"                      Filter: (is_active AND (date_acte IS NOT NULL) AND (date_acte >= top_challenge_list.date_deb_challenge) AND (date_acte <= top_challenge_list.date_fin_challenge) AND (id_type_transaction = 1))"
"                      Rows Removed by Filter: 102"
"Planning Time: 2.916 ms"
"Execution Time: 2.900 ms"`,CX=String.raw`
                                                                         QUERY PLAN
═══════════════════════════════════════════════════════════════════════════════════════════════════════════════════════════════════════════════════════════════
 Merge on public.t1  (cost=1824058.07..1336099696.57 rows=0 width=0) (actual time=16254.981..16254.984 rows=0 loops=1)
   Tuples: deleted=2499999
   Buffers: shared hit=5002762 read=51294 dirtied=13514 written=8006, local hit=7541658 read=25779 dirtied=46608 written=67441, temp read=98262 written=150446
   WAL: records=2500630 fpi=8047 bytes=200763653
   CTE t2bb
     ->  Update on pg_temp.t2  (cost=0.00..54898.62 rows=2912462 width=14) (actual time=244.180..2939.572 rows=2499999 loops=1)
           Output: t2.i, t2.x, t2.filler
           Buffers: local hit=7541658 read=25779 dirtied=46608 written=67441
           ->  Seq Scan on pg_temp.t2  (cost=0.00..54898.62 rows=2912462 width=14) (actual time=226.341..690.083 rows=2499999 loops=1)
                 Output: NULL::double precision, t2.ctid
                 Buffers: local read=25774 dirtied=25774 written=25771
   CTE t2b
     ->  Sort  (cost=650151.19..657432.35 rows=2912462 width=52) (actual time=5387.848..5800.321 rows=2499999 loops=1)
           Output: t2bb.i, t2bb.x, t2bb.filler, (random())
           Sort Key: (random())
           Sort Method: external merge  Disk: 141936kB
           Buffers: shared hit=3, local hit=7541658 read=25779 dirtied=46608 written=67441, temp read=35480 written=49892
           ->  CTE Scan on t2bb  (cost=0.00..65530.39 rows=2912462 width=52) (actual time=244.188..3856.231 rows=2499999 loops=1)
                 Output: t2bb.i, t2bb.x, t2bb.filler, random()
                 Buffers: local hit=7541658 read=25779 dirtied=46608 written=67441, temp written=14343
   ->  Merge Left Join  (cost=1111727.10..1335387365.61 rows=88949720377 width=42) (actual time=10989.361..12903.243 rows=2499999 loops=1)
         Output: t1.ctid, t2b.i, t2b.filler
         Merge Cond: (t2b.i = t1.i)
         Buffers: shared hit=15647 read=38411 dirtied=631, local hit=7541658 read=25779 dirtied=46608 written=67441, temp read=98262 written=150446
         WAL: records=631 fpi=631 bytes=5182403
         ->  Sort  (cost=530235.49..537516.64 rows=2912462 width=36) (actual time=7556.652..7928.837 rows=2499999 loops=1)
               Output: t2b.i, t2b.filler
               Sort Key: t2b.i
               Sort Method: external merge  Disk: 115072kB
               Buffers: shared hit=3, local hit=7541658 read=25779 dirtied=46608 written=67441, temp read=64238 written=96414
               ->  CTE Scan on t2b  (cost=0.00..58249.24 rows=2912462 width=36) (actual time=5387.869..6356.641 rows=2499999 loops=1)
                     Output: t2b.i, t2b.filler
                     Buffers: shared hit=3, local hit=7541658 read=25779 dirtied=46608 written=67441, temp read=35480 written=67592
         ->  Materialize  (cost=1012385.82..1042926.89 rows=6108215 width=10) (actual time=3432.664..4124.070 rows=2500000 loops=1)
               Output: t1.ctid, t1.i
               Buffers: shared hit=15644 read=38411 dirtied=631, temp read=34024 written=54032
               WAL: records=631 fpi=631 bytes=5182403
               ->  Sort  (cost=1012385.82..1027656.36 rows=6108215 width=10) (actual time=3432.659..3773.369 rows=2500000 loops=1)
                     Output: t1.ctid, t1.i
                     Sort Key: t1.i
                     Sort Method: external merge  Disk: 215352kB
                     Buffers: shared hit=15644 read=38411 dirtied=631, temp read=34024 written=54032
                     WAL: records=631 fpi=631 bytes=5182403
                     ->  Seq Scan on public.t1  (cost=0.00..115137.15 rows=6108215 width=10) (actual time=0.031..1073.371 rows=10000000 loops=1)
                           Output: t1.ctid, t1.i
                           Buffers: shared hit=15644 read=38411 dirtied=631
                           WAL: records=631 fpi=631 bytes=5182403
 Planning:
   Buffers: shared hit=21 read=7
 Planning Time: 0.237 ms
 JIT:
   Functions: 20
   Options: Inlining true, Optimization true, Expressions true, Deforming true
   Timing: Generation 0.948 ms, Inlining 76.071 ms, Optimization 97.998 ms, Emission 70.028 ms, Total 245.045 ms
 Execution Time: 16365.829 ms
(55 lignes)
`,xX=String.raw`
-- create a plan with all written/buffers/shared/local/temp at once

\timing off

\set NB 10000000
\set MINIMUM :NB/4


SET synchronous_commit TO off;

\set ON_ERROR_STOP 1

\set ECHO queries

DROP TABLE  IF EXISTS t1, t2 ;

CREATE TABLE t1 (i int GENERATED BY DEFAULT AS IDENTITY, x float DEFAULT random(), filler text DEFAULT NULL) ;

CREATE TEMP TABLE t2 (LIKE t1);
VACUUM (ANALYZE,VERBOSE) t1,t2;

\d+ t1
\d+ t2

INSERT INTO t1 SELECT FROM generate_series (1,:NB) i ;

INSERT INTO t2 SELECT i,x,md5(i::text) FROM t1 WHERE i < :MINIMUM ;

\dt+ t?

SET work_mem TO '4MB' ;

\echo "Update T1 from a modified version of T2"

EXPLAIN (ANALYZE,BUFFERS,VERBOSE,SETTINGS,WAL)
WITH t2bb AS ( UPDATE t2 SET x=null RETURNING * ),
t2b AS ( SELECT * FROM t2bb ORDER BY random())
MERGE INTO t1
USING t2b
ON (t1.i=t2b.i)
WHEN NOT MATCHED AND t2b.i >= :MINIMUM THEN
  INSERT VALUES (t2b.i, null, t2b.filler)
WHEN MATCHED AND t2b.i < :MINIMUM THEN
  DELETE
WHEN MATCHED THEN
  UPDATE SET filler=t2b.filler, x=null ;
`,wX=`Append (actual time=102.409..302.675 rows=3 loops=1)
  CTE init
    ->  Append (actual time=102.397..302.649 rows=2 loops=1)
          ->  Function Scan on pg_sleep pg_sleep_for (actual time=102.396..102.398 rows=1 loops=1)
          ->  Function Scan on pg_sleep pg_sleep_for_1 (actual time=200.243..200.245 rows=1 loops=1)
  ->  Limit (actual time=102.407..102.409 rows=1 loops=1)
        ->  CTE Scan on init init_1 (actual time=102.402..102.402 rows=1 loops=1)
  ->  CTE Scan on init (actual time=0.001..200.256 rows=2 loops=1)
Planning Time: 47.003 ms
Execution Time: 303.905 ms
`,IX=`WITH init AS (
 SELECT * FROM pg_sleep_for('100ms')
 UNION ALL
 SELECT * FROM pg_sleep_for('200ms')
)
(SELECT * FROM init LIMIT 1)
UNION ALL
(SELECT * FROM init);
`,kX=String.raw`{
  "Plan": {
    "Node Type": "Hash Join",
    "Parallel Aware": false,
    "Join Type": "Left",
    "Startup Cost": 394.93,
    "Total Cost": 417.11,
    "Plan Rows": 12,
    "Plan Width": 316,
    "Actual Startup Time": 226.103,
    "Actual Total Time": 232.217,
    "Actual Rows": 62,
    "Actual Loops": 1,
    "Output": [
      "c.relname",
      "(pg_total_relation_size((c.oid)::regclass))",
      "(pg_indexes_size((c.oid)::regclass))",
      "(COALESCE(pg_total_relation_size((c.reltoastrelid)::regclass), '0'::bigint))",
      "(((pg_total_relation_size((c.oid)::regclass)) - (pg_indexes_size((c.oid)::regclass))) - (COALESCE(pg_total_relation_size((c.reltoastrelid)::regclass), '0'::bigint)))",
      "COALESCE((count(*)), '0'::bigint)",
      "pg_size_pretty((pg_total_relation_size((c.oid)::regclass)))",
      "pg_size_pretty((pg_indexes_size((c.oid)::regclass)))",
      "pg_size_pretty((COALESCE(pg_total_relation_size((c.reltoastrelid)::regclass), '0'::bigint)))",
      "pg_size_pretty((((pg_total_relation_size((c.oid)::regclass)) - (pg_indexes_size((c.oid)::regclass))) - (COALESCE(pg_total_relation_size((c.reltoastrelid)::regclass), '0'::bigint))))",
      "CASE WHEN ((((s.heappages + s.toastpages))::double precision - (ceil((s.reltuples / ((((s.bs - (s.page_hdr)::numeric) * (s.fillfactor)::numeric))::double precision / (((((((4 + s.tpl_hdr_size))::double precision + s.tpl_data_size) + ((2 * s.ma))::double precision) - (CASE WHEN ((s.tpl_hdr_size % (s.ma)::bigint) = 0) THEN (s.ma)::bigint ELSE (s.tpl_hdr_size % (s.ma)::bigint) END)::double precision) - (CASE WHEN (((ceil(s.tpl_data_size))::integer % s.ma) = 0) THEN s.ma ELSE ((ceil(s.tpl_data_size))::integer % s.ma) END)::double precision) * '100'::double precision)))) + ceil((s.toasttuples / '4'::double precision)))) > '0'::double precision) THEN ((((s.heappages + s.toastpages))::double precision - (ceil((s.reltuples / ((((s.bs - (s.page_hdr)::numeric) * (s.fillfactor)::numeric))::double precision / (((((((4 + s.tpl_hdr_size))::double precision + s.tpl_data_size) + ((2 * s.ma))::double precision) - (CASE WHEN ((s.tpl_hdr_size % (s.ma)::bigint) = 0) THEN (s.ma)::bigint ELSE (s.tpl_hdr_size % (s.ma)::bigint) END)::double precision) - (CASE WHEN (((ceil(s.tpl_data_size))::integer % s.ma) = 0) THEN s.ma ELSE ((ceil(s.tpl_data_size))::integer % s.ma) END)::double precision) * '100'::double precision)))) + ceil((s.toasttuples / '4'::double precision)))) * (s.bs)::double precision) ELSE '0'::double precision END",
      "pg_size_pretty((CASE WHEN ((((s.heappages + s.toastpages))::double precision - (ceil((s.reltuples / ((((s.bs - (s.page_hdr)::numeric) * (s.fillfactor)::numeric))::double precision / (((((((4 + s.tpl_hdr_size))::double precision + s.tpl_data_size) + ((2 * s.ma))::double precision) - (CASE WHEN ((s.tpl_hdr_size % (s.ma)::bigint) = 0) THEN (s.ma)::bigint ELSE (s.tpl_hdr_size % (s.ma)::bigint) END)::double precision) - (CASE WHEN (((ceil(s.tpl_data_size))::integer % s.ma) = 0) THEN s.ma ELSE ((ceil(s.tpl_data_size))::integer % s.ma) END)::double precision) * '100'::double precision)))) + ceil((s.toasttuples / '4'::double precision)))) > '0'::double precision) THEN ((((s.heappages + s.toastpages))::double precision - (ceil((s.reltuples / ((((s.bs - (s.page_hdr)::numeric) * (s.fillfactor)::numeric))::double precision / (((((((4 + s.tpl_hdr_size))::double precision + s.tpl_data_size) + ((2 * s.ma))::double precision) - (CASE WHEN ((s.tpl_hdr_size % (s.ma)::bigint) = 0) THEN (s.ma)::bigint ELSE (s.tpl_hdr_size % (s.ma)::bigint) END)::double precision) - (CASE WHEN (((ceil(s.tpl_data_size))::integer % s.ma) = 0) THEN s.ma ELSE ((ceil(s.tpl_data_size))::integer % s.ma) END)::double precision) * '100'::double precision)))) + ceil((s.toasttuples / '4'::double precision)))) * (s.bs)::double precision) ELSE '0'::double precision END)::bigint)",
      "(sum((CASE WHEN ((q.relpages)::double precision > COALESCE(('1'::double precision + ceil((q.reltuples / floor((((((((current_setting('block_size'::text))::numeric) - ((16))::numeric) - ((24))::numeric) * (q.fillfactor)::numeric))::double precision / ('100'::double precision * (('4'::numeric + ((((((((CASE WHEN (max(COALESCE(s_3.stanullfrac, '0'::real)) = '0'::double precision) THEN 2 ELSE 6 END) + (CASE WHEN ((version() ~ 'mingw32'::text) OR (version() ~ '64-bit|x86_64|ppc64|ia64|amd64'::text)) THEN 8 ELSE 4 END)) - CASE WHEN (((CASE WHEN (max(COALESCE(s_3.stanullfrac, '0'::real)) = '0'::double precision) THEN 2 ELSE 6 END) % (CASE WHEN ((version() ~ 'mingw32'::text) OR (version() ~ '64-bit|x86_64|ppc64|ia64|amd64'::text)) THEN 8 ELSE 4 END)) = 0) THEN (CASE WHEN ((version() ~ 'mingw32'::text) OR (version() ~ '64-bit|x86_64|ppc64|ia64|amd64'::text)) THEN 8 ELSE 4 END) ELSE ((CASE WHEN (max(COALESCE(s_3.stanullfrac, '0'::real)) = '0'::double precision) THEN 2 ELSE 6 END) % (CASE WHEN ((version() ~ 'mingw32'::text) OR (version() ~ '64-bit|x86_64|ppc64|ia64|amd64'::text)) THEN 8 ELSE 4 END)) END))::double precision + (sum((('1'::double precision - COALESCE(s_3.stanullfrac, '0'::real)) * (COALESCE(s_3.stawidth, 1024))::double precision)))) + ((CASE WHEN ((version() ~ 'mingw32'::text) OR (version() ~ '64-bit|x86_64|ppc64|ia64|amd64'::text)) THEN 8 ELSE 4 END))::double precision) - (CASE WHEN ((sum((('1'::double precision - COALESCE(s_3.stanullfrac, '0'::real)) * (COALESCE(s_3.stawidth, 1024))::double precision))) = '0'::double precision) THEN 0 WHEN ((((sum((('1'::double precision - COALESCE(s_3.stanullfrac, '0'::real)) * (COALESCE(s_3.stawidth, 1024))::double precision))))::integer % (CASE WHEN ((version() ~ 'mingw32'::text) OR (version() ~ '64-bit|x86_64|ppc64|ia64|amd64'::text)) THEN 8 ELSE 4 END)) = 0) THEN (CASE WHEN ((version() ~ 'mingw32'::text) OR (version() ~ '64-bit|x86_64|ppc64|ia64|amd64'::text)) THEN 8 ELSE 4 END) ELSE (((sum((('1'::double precision - COALESCE(s_3.stanullfrac, '0'::real)) * (COALESCE(s_3.stawidth, 1024))::double precision))))::integer % (CASE WHEN ((version() ~ 'mingw32'::text) OR (version() ~ '64-bit|x86_64|ppc64|ia64|amd64'::text)) THEN 8 ELSE 4 END)) END)::double precision))::numeric))::double precision)))))), '0'::double precision)) THEN ((((current_setting('block_size'::text))::numeric))::double precision * ((q.relpages)::double precision - COALESCE(('1'::double precision + ceil((q.reltuples / floor((((((((current_setting('block_size'::text))::numeric) - ((16))::numeric) - ((24))::numeric) * (q.fillfactor)::numeric))::double precision / ('100'::double precision * (('4'::numeric + ((((((((CASE WHEN (max(COALESCE(s_3.stanullfrac, '0'::real)) = '0'::double precision) THEN 2 ELSE 6 END) + (CASE WHEN ((version() ~ 'mingw32'::text) OR (version() ~ '64-bit|x86_64|ppc64|ia64|amd64'::text)) THEN 8 ELSE 4 END)) - CASE WHEN (((CASE WHEN (max(COALESCE(s_3.stanullfrac, '0'::real)) = '0'::double precision) THEN 2 ELSE 6 END) % (CASE WHEN ((version() ~ 'mingw32'::text) OR (version() ~ '64-bit|x86_64|ppc64|ia64|amd64'::text)) THEN 8 ELSE 4 END)) = 0) THEN (CASE WHEN ((version() ~ 'mingw32'::text) OR (version() ~ '64-bit|x86_64|ppc64|ia64|amd64'::text)) THEN 8 ELSE 4 END) ELSE ((CASE WHEN (max(COALESCE(s_3.stanullfrac, '0'::real)) = '0'::double precision) THEN 2 ELSE 6 END) % (CASE WHEN ((version() ~ 'mingw32'::text) OR (version() ~ '64-bit|x86_64|ppc64|ia64|amd64'::text)) THEN 8 ELSE 4 END)) END))::double precision + (sum((('1'::double precision - COALESCE(s_3.stanullfrac, '0'::real)) * (COALESCE(s_3.stawidth, 1024))::double precision)))) + ((CASE WHEN ((version() ~ 'mingw32'::text) OR (version() ~ '64-bit|x86_64|ppc64|ia64|amd64'::text)) THEN 8 ELSE 4 END))::double precision) - (CASE WHEN ((sum((('1'::double precision - COALESCE(s_3.stanullfrac, '0'::real)) * (COALESCE(s_3.stawidth, 1024))::double precision))) = '0'::double precision) THEN 0 WHEN ((((sum((('1'::double precision - COALESCE(s_3.stanullfrac, '0'::real)) * (COALESCE(s_3.stawidth, 1024))::double precision))))::integer % (CASE WHEN ((version() ~ 'mingw32'::text) OR (version() ~ '64-bit|x86_64|ppc64|ia64|amd64'::text)) THEN 8 ELSE 4 END)) = 0) THEN (CASE WHEN ((version() ~ 'mingw32'::text) OR (version() ~ '64-bit|x86_64|ppc64|ia64|amd64'::text)) THEN 8 ELSE 4 END) ELSE (((sum((('1'::double precision - COALESCE(s_3.stanullfrac, '0'::real)) * (COALESCE(s_3.stawidth, 1024))::double precision))))::integer % (CASE WHEN ((version() ~ 'mingw32'::text) OR (version() ~ '64-bit|x86_64|ppc64|ia64|amd64'::text)) THEN 8 ELSE 4 END)) END)::double precision))::numeric))::double precision)))))), '0'::double precision))) ELSE '0'::double precision END)))",
      "pg_size_pretty(((sum((CASE WHEN ((q.relpages)::double precision > COALESCE(('1'::double precision + ceil((q.reltuples / floor((((((((current_setting('block_size'::text))::numeric) - ((16))::numeric) - ((24))::numeric) * (q.fillfactor)::numeric))::double precision / ('100'::double precision * (('4'::numeric + ((((((((CASE WHEN (max(COALESCE(s_3.stanullfrac, '0'::real)) = '0'::double precision) THEN 2 ELSE 6 END) + (CASE WHEN ((version() ~ 'mingw32'::text) OR (version() ~ '64-bit|x86_64|ppc64|ia64|amd64'::text)) THEN 8 ELSE 4 END)) - CASE WHEN (((CASE WHEN (max(COALESCE(s_3.stanullfrac, '0'::real)) = '0'::double precision) THEN 2 ELSE 6 END) % (CASE WHEN ((version() ~ 'mingw32'::text) OR (version() ~ '64-bit|x86_64|ppc64|ia64|amd64'::text)) THEN 8 ELSE 4 END)) = 0) THEN (CASE WHEN ((version() ~ 'mingw32'::text) OR (version() ~ '64-bit|x86_64|ppc64|ia64|amd64'::text)) THEN 8 ELSE 4 END) ELSE ((CASE WHEN (max(COALESCE(s_3.stanullfrac, '0'::real)) = '0'::double precision) THEN 2 ELSE 6 END) % (CASE WHEN ((version() ~ 'mingw32'::text) OR (version() ~ '64-bit|x86_64|ppc64|ia64|amd64'::text)) THEN 8 ELSE 4 END)) END))::double precision + (sum((('1'::double precision - COALESCE(s_3.stanullfrac, '0'::real)) * (COALESCE(s_3.stawidth, 1024))::double precision)))) + ((CASE WHEN ((version() ~ 'mingw32'::text) OR (version() ~ '64-bit|x86_64|ppc64|ia64|amd64'::text)) THEN 8 ELSE 4 END))::double precision) - (CASE WHEN ((sum((('1'::double precision - COALESCE(s_3.stanullfrac, '0'::real)) * (COALESCE(s_3.stawidth, 1024))::double precision))) = '0'::double precision) THEN 0 WHEN ((((sum((('1'::double precision - COALESCE(s_3.stanullfrac, '0'::real)) * (COALESCE(s_3.stawidth, 1024))::double precision))))::integer % (CASE WHEN ((version() ~ 'mingw32'::text) OR (version() ~ '64-bit|x86_64|ppc64|ia64|amd64'::text)) THEN 8 ELSE 4 END)) = 0) THEN (CASE WHEN ((version() ~ 'mingw32'::text) OR (version() ~ '64-bit|x86_64|ppc64|ia64|amd64'::text)) THEN 8 ELSE 4 END) ELSE (((sum((('1'::double precision - COALESCE(s_3.stanullfrac, '0'::real)) * (COALESCE(s_3.stawidth, 1024))::double precision))))::integer % (CASE WHEN ((version() ~ 'mingw32'::text) OR (version() ~ '64-bit|x86_64|ppc64|ia64|amd64'::text)) THEN 8 ELSE 4 END)) END)::double precision))::numeric))::double precision)))))), '0'::double precision)) THEN ((((current_setting('block_size'::text))::numeric))::double precision * ((q.relpages)::double precision - COALESCE(('1'::double precision + ceil((q.reltuples / floor((((((((current_setting('block_size'::text))::numeric) - ((16))::numeric) - ((24))::numeric) * (q.fillfactor)::numeric))::double precision / ('100'::double precision * (('4'::numeric + ((((((((CASE WHEN (max(COALESCE(s_3.stanullfrac, '0'::real)) = '0'::double precision) THEN 2 ELSE 6 END) + (CASE WHEN ((version() ~ 'mingw32'::text) OR (version() ~ '64-bit|x86_64|ppc64|ia64|amd64'::text)) THEN 8 ELSE 4 END)) - CASE WHEN (((CASE WHEN (max(COALESCE(s_3.stanullfrac, '0'::real)) = '0'::double precision) THEN 2 ELSE 6 END) % (CASE WHEN ((version() ~ 'mingw32'::text) OR (version() ~ '64-bit|x86_64|ppc64|ia64|amd64'::text)) THEN 8 ELSE 4 END)) = 0) THEN (CASE WHEN ((version() ~ 'mingw32'::text) OR (version() ~ '64-bit|x86_64|ppc64|ia64|amd64'::text)) THEN 8 ELSE 4 END) ELSE ((CASE WHEN (max(COALESCE(s_3.stanullfrac, '0'::real)) = '0'::double precision) THEN 2 ELSE 6 END) % (CASE WHEN ((version() ~ 'mingw32'::text) OR (version() ~ '64-bit|x86_64|ppc64|ia64|amd64'::text)) THEN 8 ELSE 4 END)) END))::double precision + (sum((('1'::double precision - COALESCE(s_3.stanullfrac, '0'::real)) * (COALESCE(s_3.stawidth, 1024))::double precision)))) + ((CASE WHEN ((version() ~ 'mingw32'::text) OR (version() ~ '64-bit|x86_64|ppc64|ia64|amd64'::text)) THEN 8 ELSE 4 END))::double precision) - (CASE WHEN ((sum((('1'::double precision - COALESCE(s_3.stanullfrac, '0'::real)) * (COALESCE(s_3.stawidth, 1024))::double precision))) = '0'::double precision) THEN 0 WHEN ((((sum((('1'::double precision - COALESCE(s_3.stanullfrac, '0'::real)) * (COALESCE(s_3.stawidth, 1024))::double precision))))::integer % (CASE WHEN ((version() ~ 'mingw32'::text) OR (version() ~ '64-bit|x86_64|ppc64|ia64|amd64'::text)) THEN 8 ELSE 4 END)) = 0) THEN (CASE WHEN ((version() ~ 'mingw32'::text) OR (version() ~ '64-bit|x86_64|ppc64|ia64|amd64'::text)) THEN 8 ELSE 4 END) ELSE (((sum((('1'::double precision - COALESCE(s_3.stanullfrac, '0'::real)) * (COALESCE(s_3.stawidth, 1024))::double precision))))::integer % (CASE WHEN ((version() ~ 'mingw32'::text) OR (version() ~ '64-bit|x86_64|ppc64|ia64|amd64'::text)) THEN 8 ELSE 4 END)) END)::double precision))::numeric))::double precision)))))), '0'::double precision))) ELSE '0'::double precision END))))::bigint)",
      "c.reltuples"
    ],
    "Inner Unique": true,
    "Hash Cond": "((n.nspname = q.nspname) AND (c.relname = q.tblname))",
    "Shared Hit Blocks": 218101,
    "Shared Read Blocks": 0,
    "Shared Dirtied Blocks": 0,
    "Shared Written Blocks": 0,
    "Local Hit Blocks": 0,
    "Local Read Blocks": 0,
    "Local Dirtied Blocks": 0,
    "Local Written Blocks": 0,
    "Temp Read Blocks": 0,
    "Temp Written Blocks": 0,
    "Plans": [
      {
        "Node Type": "Hash Join",
        "Parent Relationship": "Outer",
        "Parallel Aware": false,
        "Join Type": "Inner",
        "Startup Cost": 211.58,
        "Total Cost": 228.59,
        "Plan Rows": 12,
        "Plan Width": 240,
        "Actual Startup Time": 35.727,
        "Actual Total Time": 41.452,
        "Actual Rows": 62,
        "Actual Loops": 1,
        "Output": [
          "c.relname",
          "(pg_total_relation_size((c.oid)::regclass))",
          "(pg_indexes_size((c.oid)::regclass))",
          "(COALESCE(pg_total_relation_size((c.reltoastrelid)::regclass), '0'::bigint))",
          "c.reltuples",
          "n.nspname",
          "(count(*))",
          "s.heappages",
          "s.toastpages",
          "s.reltuples",
          "s.bs",
          "s.page_hdr",
          "s.fillfactor",
          "s.tpl_hdr_size",
          "s.tpl_data_size",
          "s.ma",
          "s.toasttuples"
        ],
        "Inner Unique": false,
        "Hash Cond": "(c.relname = s.tblname)",
        "Shared Hit Blocks": 2449,
        "Shared Read Blocks": 0,
        "Shared Dirtied Blocks": 0,
        "Shared Written Blocks": 0,
        "Local Hit Blocks": 0,
        "Local Read Blocks": 0,
        "Local Dirtied Blocks": 0,
        "Local Written Blocks": 0,
        "Temp Read Blocks": 0,
        "Temp Written Blocks": 0,
        "Plans": [
          {
            "Node Type": "Hash Join",
            "Parent Relationship": "Outer",
            "Parallel Aware": false,
            "Join Type": "Left",
            "Startup Cost": 42.71,
            "Total Cost": 59.55,
            "Plan Rows": 12,
            "Plan Width": 164,
            "Actual Startup Time": 0.697,
            "Actual Total Time": 6.325,
            "Actual Rows": 62,
            "Actual Loops": 1,
            "Output": [
              "c.relname",
              "(pg_total_relation_size((c.oid)::regclass))",
              "(pg_indexes_size((c.oid)::regclass))",
              "(COALESCE(pg_total_relation_size((c.reltoastrelid)::regclass), '0'::bigint))",
              "c.reltuples",
              "n.nspname",
              "(count(*))"
            ],
            "Inner Unique": true,
            "Hash Cond": "(c.relname = c_1.relname)",
            "Shared Hit Blocks": 694,
            "Shared Read Blocks": 0,
            "Shared Dirtied Blocks": 0,
            "Shared Written Blocks": 0,
            "Local Hit Blocks": 0,
            "Local Read Blocks": 0,
            "Local Dirtied Blocks": 0,
            "Local Written Blocks": 0,
            "Temp Read Blocks": 0,
            "Temp Written Blocks": 0,
            "Plans": [
              {
                "Node Type": "Hash Join",
                "Parent Relationship": "Outer",
                "Parallel Aware": false,
                "Join Type": "Inner",
                "Startup Cost": 1.09,
                "Total Cost": 17.77,
                "Plan Rows": 12,
                "Plan Width": 160,
                "Actual Startup Time": 0.151,
                "Actual Total Time": 5.685,
                "Actual Rows": 62,
                "Actual Loops": 1,
                "Output": [
                  "NULL::oid",
                  "n.nspname",
                  "c.relname",
                  "c.reltuples",
                  "pg_total_relation_size((c.oid)::regclass)",
                  "pg_indexes_size((c.oid)::regclass)",
                  "COALESCE(pg_total_relation_size((c.reltoastrelid)::regclass), '0'::bigint)"
                ],
                "Inner Unique": true,
                "Hash Cond": "(c.relnamespace = n.oid)",
                "Shared Hit Blocks": 663,
                "Shared Read Blocks": 0,
                "Shared Dirtied Blocks": 0,
                "Shared Written Blocks": 0,
                "Local Hit Blocks": 0,
                "Local Read Blocks": 0,
                "Local Dirtied Blocks": 0,
                "Local Written Blocks": 0,
                "Temp Read Blocks": 0,
                "Temp Written Blocks": 0,
                "Plans": [
                  {
                    "Node Type": "Seq Scan",
                    "Parent Relationship": "Outer",
                    "Parallel Aware": false,
                    "Relation Name": "pg_class",
                    "Schema": "pg_catalog",
                    "Alias": "c",
                    "Startup Cost": 0.0,
                    "Total Cost": 16.27,
                    "Plan Rows": 69,
                    "Plan Width": 80,
                    "Actual Startup Time": 0.014,
                    "Actual Total Time": 0.135,
                    "Actual Rows": 71,
                    "Actual Loops": 1,
                    "Output": [
                      "c.relname",
                      "c.reltuples",
                      "c.oid",
                      "c.reltoastrelid",
                      "c.relnamespace"
                    ],
                    "Filter": "(c.relkind = 'r'::\"char\")",
                    "Rows Removed by Filter": 277,
                    "Shared Hit Blocks": 12,
                    "Shared Read Blocks": 0,
                    "Shared Dirtied Blocks": 0,
                    "Shared Written Blocks": 0,
                    "Local Hit Blocks": 0,
                    "Local Read Blocks": 0,
                    "Local Dirtied Blocks": 0,
                    "Local Written Blocks": 0,
                    "Temp Read Blocks": 0,
                    "Temp Written Blocks": 0
                  },
                  {
                    "Node Type": "Hash",
                    "Parent Relationship": "Inner",
                    "Parallel Aware": false,
                    "Startup Cost": 1.07,
                    "Total Cost": 1.07,
                    "Plan Rows": 1,
                    "Plan Width": 68,
                    "Actual Startup Time": 0.014,
                    "Actual Total Time": 0.014,
                    "Actual Rows": 1,
                    "Actual Loops": 1,
                    "Output": ["n.nspname", "n.oid"],
                    "Hash Buckets": 1024,
                    "Original Hash Buckets": 1024,
                    "Hash Batches": 1,
                    "Original Hash Batches": 1,
                    "Peak Memory Usage": 9,
                    "Shared Hit Blocks": 1,
                    "Shared Read Blocks": 0,
                    "Shared Dirtied Blocks": 0,
                    "Shared Written Blocks": 0,
                    "Local Hit Blocks": 0,
                    "Local Read Blocks": 0,
                    "Local Dirtied Blocks": 0,
                    "Local Written Blocks": 0,
                    "Temp Read Blocks": 0,
                    "Temp Written Blocks": 0,
                    "Plans": [
                      {
                        "Node Type": "Seq Scan",
                        "Parent Relationship": "Outer",
                        "Parallel Aware": false,
                        "Relation Name": "pg_namespace",
                        "Schema": "pg_catalog",
                        "Alias": "n",
                        "Startup Cost": 0.0,
                        "Total Cost": 1.07,
                        "Plan Rows": 1,
                        "Plan Width": 68,
                        "Actual Startup Time": 0.006,
                        "Actual Total Time": 0.007,
                        "Actual Rows": 1,
                        "Actual Loops": 1,
                        "Output": ["n.nspname", "n.oid"],
                        "Filter": "(n.nspname = 'pg_catalog'::name)",
                        "Rows Removed by Filter": 6,
                        "Shared Hit Blocks": 1,
                        "Shared Read Blocks": 0,
                        "Shared Dirtied Blocks": 0,
                        "Shared Written Blocks": 0,
                        "Local Hit Blocks": 0,
                        "Local Read Blocks": 0,
                        "Local Dirtied Blocks": 0,
                        "Local Written Blocks": 0,
                        "Temp Read Blocks": 0,
                        "Temp Written Blocks": 0
                      }
                    ]
                  }
                ]
              },
              {
                "Node Type": "Hash",
                "Parent Relationship": "Inner",
                "Parallel Aware": false,
                "Startup Cost": 41.44,
                "Total Cost": 41.44,
                "Plan Rows": 14,
                "Plan Width": 72,
                "Actual Startup Time": 0.529,
                "Actual Total Time": 0.529,
                "Actual Rows": 62,
                "Actual Loops": 1,
                "Output": ["(count(*))", "c_1.relname"],
                "Hash Buckets": 1024,
                "Original Hash Buckets": 1024,
                "Hash Batches": 1,
                "Original Hash Batches": 1,
                "Peak Memory Usage": 15,
                "Shared Hit Blocks": 31,
                "Shared Read Blocks": 0,
                "Shared Dirtied Blocks": 0,
                "Shared Written Blocks": 0,
                "Local Hit Blocks": 0,
                "Local Read Blocks": 0,
                "Local Dirtied Blocks": 0,
                "Local Written Blocks": 0,
                "Temp Read Blocks": 0,
                "Temp Written Blocks": 0,
                "Plans": [
                  {
                    "Node Type": "Aggregate",
                    "Strategy": "Sorted",
                    "Partial Mode": "Simple",
                    "Parent Relationship": "Outer",
                    "Parallel Aware": false,
                    "Startup Cost": 41.06,
                    "Total Cost": 41.3,
                    "Plan Rows": 14,
                    "Plan Width": 72,
                    "Actual Startup Time": 0.474,
                    "Actual Total Time": 0.504,
                    "Actual Rows": 62,
                    "Actual Loops": 1,
                    "Output": ["count(*)", "c_1.relname"],
                    "Group Key": ["c_1.relname"],
                    "Shared Hit Blocks": 31,
                    "Shared Read Blocks": 0,
                    "Shared Dirtied Blocks": 0,
                    "Shared Written Blocks": 0,
                    "Local Hit Blocks": 0,
                    "Local Read Blocks": 0,
                    "Local Dirtied Blocks": 0,
                    "Local Written Blocks": 0,
                    "Temp Read Blocks": 0,
                    "Temp Written Blocks": 0,
                    "Plans": [
                      {
                        "Node Type": "Sort",
                        "Parent Relationship": "Outer",
                        "Parallel Aware": false,
                        "Startup Cost": 41.06,
                        "Total Cost": 41.09,
                        "Plan Rows": 14,
                        "Plan Width": 64,
                        "Actual Startup Time": 0.463,
                        "Actual Total Time": 0.469,
                        "Actual Rows": 116,
                        "Actual Loops": 1,
                        "Output": ["c_1.relname"],
                        "Sort Key": ["c_1.relname"],
                        "Sort Method": "quicksort",
                        "Sort Space Used": 41,
                        "Sort Space Type": "Memory",
                        "Shared Hit Blocks": 31,
                        "Shared Read Blocks": 0,
                        "Shared Dirtied Blocks": 0,
                        "Shared Written Blocks": 0,
                        "Local Hit Blocks": 0,
                        "Local Read Blocks": 0,
                        "Local Dirtied Blocks": 0,
                        "Local Written Blocks": 0,
                        "Temp Read Blocks": 0,
                        "Temp Written Blocks": 0,
                        "Plans": [
                          {
                            "Node Type": "Hash Join",
                            "Parent Relationship": "Outer",
                            "Parallel Aware": false,
                            "Join Type": "Inner",
                            "Startup Cost": 23.87,
                            "Total Cost": 40.79,
                            "Plan Rows": 14,
                            "Plan Width": 64,
                            "Actual Startup Time": 0.266,
                            "Actual Total Time": 0.366,
                            "Actual Rows": 116,
                            "Actual Loops": 1,
                            "Output": ["c_1.relname"],
                            "Inner Unique": false,
                            "Hash Cond": "(i.oid = x.indexrelid)",
                            "Shared Hit Blocks": 28,
                            "Shared Read Blocks": 0,
                            "Shared Dirtied Blocks": 0,
                            "Shared Written Blocks": 0,
                            "Local Hit Blocks": 0,
                            "Local Read Blocks": 0,
                            "Local Dirtied Blocks": 0,
                            "Local Written Blocks": 0,
                            "Temp Read Blocks": 0,
                            "Temp Written Blocks": 0,
                            "Plans": [
                              {
                                "Node Type": "Seq Scan",
                                "Parent Relationship": "Outer",
                                "Parallel Aware": false,
                                "Relation Name": "pg_class",
                                "Schema": "pg_catalog",
                                "Alias": "i",
                                "Startup Cost": 0.0,
                                "Total Cost": 16.27,
                                "Plan Rows": 135,
                                "Plan Width": 8,
                                "Actual Startup Time": 0.009,
                                "Actual Total Time": 0.09,
                                "Actual Rows": 137,
                                "Actual Loops": 1,
                                "Output": ["i.oid", "i.reltablespace"],
                                "Filter": "(i.relkind = 'i'::\"char\")",
                                "Rows Removed by Filter": 211,
                                "Shared Hit Blocks": 12,
                                "Shared Read Blocks": 0,
                                "Shared Dirtied Blocks": 0,
                                "Shared Written Blocks": 0,
                                "Local Hit Blocks": 0,
                                "Local Read Blocks": 0,
                                "Local Dirtied Blocks": 0,
                                "Local Written Blocks": 0,
                                "Temp Read Blocks": 0,
                                "Temp Written Blocks": 0
                              },
                              {
                                "Node Type": "Hash",
                                "Parent Relationship": "Inner",
                                "Parallel Aware": false,
                                "Startup Cost": 23.42,
                                "Total Cost": 23.42,
                                "Plan Rows": 36,
                                "Plan Width": 68,
                                "Actual Startup Time": 0.237,
                                "Actual Total Time": 0.237,
                                "Actual Rows": 116,
                                "Actual Loops": 1,
                                "Output": ["x.indexrelid", "c_1.relname"],
                                "Hash Buckets": 1024,
                                "Original Hash Buckets": 1024,
                                "Hash Batches": 1,
                                "Original Hash Batches": 1,
                                "Peak Memory Usage": 20,
                                "Shared Hit Blocks": 16,
                                "Shared Read Blocks": 0,
                                "Shared Dirtied Blocks": 0,
                                "Shared Written Blocks": 0,
                                "Local Hit Blocks": 0,
                                "Local Read Blocks": 0,
                                "Local Dirtied Blocks": 0,
                                "Local Written Blocks": 0,
                                "Temp Read Blocks": 0,
                                "Temp Written Blocks": 0,
                                "Plans": [
                                  {
                                    "Node Type": "Hash Join",
                                    "Parent Relationship": "Outer",
                                    "Parallel Aware": false,
                                    "Join Type": "Inner",
                                    "Startup Cost": 17.14,
                                    "Total Cost": 23.42,
                                    "Plan Rows": 36,
                                    "Plan Width": 68,
                                    "Actual Startup Time": 0.145,
                                    "Actual Total Time": 0.21,
                                    "Actual Rows": 116,
                                    "Actual Loops": 1,
                                    "Output": ["x.indexrelid", "c_1.relname"],
                                    "Inner Unique": true,
                                    "Hash Cond": "(x.indrelid = c_1.oid)",
                                    "Shared Hit Blocks": 16,
                                    "Shared Read Blocks": 0,
                                    "Shared Dirtied Blocks": 0,
                                    "Shared Written Blocks": 0,
                                    "Local Hit Blocks": 0,
                                    "Local Read Blocks": 0,
                                    "Local Dirtied Blocks": 0,
                                    "Local Written Blocks": 0,
                                    "Temp Read Blocks": 0,
                                    "Temp Written Blocks": 0,
                                    "Plans": [
                                      {
                                        "Node Type": "Seq Scan",
                                        "Parent Relationship": "Outer",
                                        "Parallel Aware": false,
                                        "Relation Name": "pg_index",
                                        "Schema": "pg_catalog",
                                        "Alias": "x",
                                        "Startup Cost": 0.0,
                                        "Total Cost": 5.8,
                                        "Plan Rows": 180,
                                        "Plan Width": 8,
                                        "Actual Startup Time": 0.005,
                                        "Actual Total Time": 0.018,
                                        "Actual Rows": 137,
                                        "Actual Loops": 1,
                                        "Output": [
                                          "x.indexrelid",
                                          "x.indrelid",
                                          "x.indnatts",
                                          "x.indnkeyatts",
                                          "x.indisunique",
                                          "x.indisprimary",
                                          "x.indisexclusion",
                                          "x.indimmediate",
                                          "x.indisclustered",
                                          "x.indisvalid",
                                          "x.indcheckxmin",
                                          "x.indisready",
                                          "x.indislive",
                                          "x.indisreplident",
                                          "x.indkey",
                                          "x.indcollation",
                                          "x.indclass",
                                          "x.indoption",
                                          "x.indexprs",
                                          "x.indpred"
                                        ],
                                        "Shared Hit Blocks": 4,
                                        "Shared Read Blocks": 0,
                                        "Shared Dirtied Blocks": 0,
                                        "Shared Written Blocks": 0,
                                        "Local Hit Blocks": 0,
                                        "Local Read Blocks": 0,
                                        "Local Dirtied Blocks": 0,
                                        "Local Written Blocks": 0,
                                        "Temp Read Blocks": 0,
                                        "Temp Written Blocks": 0
                                      },
                                      {
                                        "Node Type": "Hash",
                                        "Parent Relationship": "Inner",
                                        "Parallel Aware": false,
                                        "Startup Cost": 16.27,
                                        "Total Cost": 16.27,
                                        "Plan Rows": 69,
                                        "Plan Width": 72,
                                        "Actual Startup Time": 0.124,
                                        "Actual Total Time": 0.124,
                                        "Actual Rows": 71,
                                        "Actual Loops": 1,
                                        "Output": [
                                          "c_1.relname",
                                          "c_1.oid",
                                          "c_1.relnamespace"
                                        ],
                                        "Hash Buckets": 1024,
                                        "Original Hash Buckets": 1024,
                                        "Hash Batches": 1,
                                        "Original Hash Batches": 1,
                                        "Peak Memory Usage": 16,
                                        "Shared Hit Blocks": 12,
                                        "Shared Read Blocks": 0,
                                        "Shared Dirtied Blocks": 0,
                                        "Shared Written Blocks": 0,
                                        "Local Hit Blocks": 0,
                                        "Local Read Blocks": 0,
                                        "Local Dirtied Blocks": 0,
                                        "Local Written Blocks": 0,
                                        "Temp Read Blocks": 0,
                                        "Temp Written Blocks": 0,
                                        "Plans": [
                                          {
                                            "Node Type": "Seq Scan",
                                            "Parent Relationship": "Outer",
                                            "Parallel Aware": false,
                                            "Relation Name": "pg_class",
                                            "Schema": "pg_catalog",
                                            "Alias": "c_1",
                                            "Startup Cost": 0.0,
                                            "Total Cost": 16.27,
                                            "Plan Rows": 69,
                                            "Plan Width": 72,
                                            "Actual Startup Time": 0.005,
                                            "Actual Total Time": 0.11,
                                            "Actual Rows": 71,
                                            "Actual Loops": 1,
                                            "Output": [
                                              "c_1.relname",
                                              "c_1.oid",
                                              "c_1.relnamespace"
                                            ],
                                            "Filter": "(c_1.relkind = ANY ('{r,m}'::\"char\"[]))",
                                            "Rows Removed by Filter": 277,
                                            "Shared Hit Blocks": 12,
                                            "Shared Read Blocks": 0,
                                            "Shared Dirtied Blocks": 0,
                                            "Shared Written Blocks": 0,
                                            "Local Hit Blocks": 0,
                                            "Local Read Blocks": 0,
                                            "Local Dirtied Blocks": 0,
                                            "Local Written Blocks": 0,
                                            "Temp Read Blocks": 0,
                                            "Temp Written Blocks": 0
                                          }
                                        ]
                                      }
                                    ]
                                  }
                                ]
                              }
                            ]
                          }
                        ]
                      }
                    ]
                  }
                ]
              }
            ]
          },
          {
            "Node Type": "Hash",
            "Parent Relationship": "Inner",
            "Parallel Aware": false,
            "Startup Cost": 168.03,
            "Total Cost": 168.03,
            "Plan Rows": 68,
            "Plan Width": 204,
            "Actual Startup Time": 34.99,
            "Actual Total Time": 34.99,
            "Actual Rows": 62,
            "Actual Loops": 1,
            "Output": [
              "s.heappages",
              "s.toastpages",
              "s.reltuples",
              "s.bs",
              "s.page_hdr",
              "s.fillfactor",
              "s.tpl_hdr_size",
              "s.tpl_data_size",
              "s.ma",
              "s.toasttuples",
              "s.schemaname",
              "s.tblname"
            ],
            "Hash Buckets": 1024,
            "Original Hash Buckets": 1024,
            "Hash Batches": 1,
            "Original Hash Batches": 1,
            "Peak Memory Usage": 22,
            "Shared Hit Blocks": 1755,
            "Shared Read Blocks": 0,
            "Shared Dirtied Blocks": 0,
            "Shared Written Blocks": 0,
            "Local Hit Blocks": 0,
            "Local Read Blocks": 0,
            "Local Dirtied Blocks": 0,
            "Local Written Blocks": 0,
            "Temp Read Blocks": 0,
            "Temp Written Blocks": 0,
            "Plans": [
              {
                "Node Type": "Subquery Scan",
                "Parent Relationship": "Outer",
                "Parallel Aware": false,
                "Alias": "s",
                "Startup Cost": 160.72,
                "Total Cost": 168.03,
                "Plan Rows": 68,
                "Plan Width": 204,
                "Actual Startup Time": 34.381,
                "Actual Total Time": 34.907,
                "Actual Rows": 62,
                "Actual Loops": 1,
                "Output": [
                  "s.heappages",
                  "s.toastpages",
                  "s.reltuples",
                  "s.bs",
                  "s.page_hdr",
                  "s.fillfactor",
                  "s.tpl_hdr_size",
                  "s.tpl_data_size",
                  "s.ma",
                  "s.toasttuples",
                  "s.schemaname",
                  "s.tblname"
                ],
                "Shared Hit Blocks": 1755,
                "Shared Read Blocks": 0,
                "Shared Dirtied Blocks": 0,
                "Shared Written Blocks": 0,
                "Local Hit Blocks": 0,
                "Local Read Blocks": 0,
                "Local Dirtied Blocks": 0,
                "Local Written Blocks": 0,
                "Temp Read Blocks": 0,
                "Temp Written Blocks": 0,
                "Plans": [
                  {
                    "Node Type": "Aggregate",
                    "Strategy": "Sorted",
                    "Partial Mode": "Simple",
                    "Parent Relationship": "Subquery",
                    "Parallel Aware": false,
                    "Startup Cost": 160.72,
                    "Total Cost": 167.35,
                    "Plan Rows": 68,
                    "Plan Width": 210,
                    "Actual Startup Time": 34.375,
                    "Actual Total Time": 34.86,
                    "Actual Rows": 62,
                    "Actual Loops": 1,
                    "Output": [
                      "tbl.oid",
                      "ns.nspname",
                      "tbl.relname",
                      "tbl.reltuples",
                      "tbl.relpages",
                      "(COALESCE(toast.relpages, 0))",
                      "(COALESCE(toast.reltuples, '0'::real))",
                      "(COALESCE(((\"substring\"(array_to_string(tbl.reloptions, ' '::text), 'fillfactor=([0-9]+)'::text))::smallint)::integer, 100))",
                      "((current_setting('block_size'::text))::numeric)",
                      "(CASE WHEN ((version() ~ 'mingw32'::text) OR (version() ~ '64-bit|x86_64|ppc64|ia64|amd64'::text)) THEN 8 ELSE 4 END)",
                      "24",
                      "((23 + CASE WHEN (max(COALESCE(s_1.null_frac, '0'::real)) > '0'::double precision) THEN ((7 + count(*)) / 8) ELSE '0'::bigint END) + CASE WHEN tbl.relhasoids THEN 4 ELSE 0 END)",
                      "sum((('1'::double precision - COALESCE(s_1.null_frac, '0'::real)) * (COALESCE(s_1.avg_width, 1024))::double precision))",
                      "NULL::boolean",
                      "tbl.relhasoids"
                    ],
                    "Group Key": [
                      "ns.nspname",
                      "tbl.relname",
                      "tbl.oid",
                      "tbl.reltuples",
                      "tbl.relpages",
                      "(COALESCE(toast.relpages, 0))",
                      "(COALESCE(toast.reltuples, '0'::real))",
                      "(COALESCE(((\"substring\"(array_to_string(tbl.reloptions, ' '::text), 'fillfactor=([0-9]+)'::text))::smallint)::integer, 100))",
                      "((current_setting('block_size'::text))::numeric)",
                      "(CASE WHEN ((version() ~ 'mingw32'::text) OR (version() ~ '64-bit|x86_64|ppc64|ia64|amd64'::text)) THEN 8 ELSE 4 END)",
                      "tbl.relhasoids"
                    ],
                    "Shared Hit Blocks": 1755,
                    "Shared Read Blocks": 0,
                    "Shared Dirtied Blocks": 0,
                    "Shared Written Blocks": 0,
                    "Local Hit Blocks": 0,
                    "Local Read Blocks": 0,
                    "Local Dirtied Blocks": 0,
                    "Local Written Blocks": 0,
                    "Temp Read Blocks": 0,
                    "Temp Written Blocks": 0,
                    "Plans": [
                      {
                        "Node Type": "Sort",
                        "Parent Relationship": "Outer",
                        "Parallel Aware": false,
                        "Startup Cost": 160.72,
                        "Total Cost": 160.89,
                        "Plan Rows": 68,
                        "Plan Width": 197,
                        "Actual Startup Time": 34.295,
                        "Actual Total Time": 34.371,
                        "Actual Rows": 522,
                        "Actual Loops": 1,
                        "Output": [
                          "tbl.oid",
                          "ns.nspname",
                          "tbl.relname",
                          "tbl.reltuples",
                          "tbl.relpages",
                          "(COALESCE(toast.relpages, 0))",
                          "(COALESCE(toast.reltuples, '0'::real))",
                          "(COALESCE(((\"substring\"(array_to_string(tbl.reloptions, ' '::text), 'fillfactor=([0-9]+)'::text))::smallint)::integer, 100))",
                          "((current_setting('block_size'::text))::numeric)",
                          "(CASE WHEN ((version() ~ 'mingw32'::text) OR (version() ~ '64-bit|x86_64|ppc64|ia64|amd64'::text)) THEN 8 ELSE 4 END)",
                          "tbl.relhasoids",
                          "s_1.null_frac",
                          "s_1.avg_width"
                        ],
                        "Sort Key": [
                          "tbl.relname",
                          "tbl.oid",
                          "tbl.reltuples",
                          "tbl.relpages",
                          "(COALESCE(toast.relpages, 0))",
                          "(COALESCE(toast.reltuples, '0'::real))",
                          "(COALESCE(((\"substring\"(array_to_string(tbl.reloptions, ' '::text), 'fillfactor=([0-9]+)'::text))::smallint)::integer, 100))",
                          "tbl.relhasoids"
                        ],
                        "Sort Method": "quicksort",
                        "Sort Space Used": 163,
                        "Sort Space Type": "Memory",
                        "Shared Hit Blocks": 1755,
                        "Shared Read Blocks": 0,
                        "Shared Dirtied Blocks": 0,
                        "Shared Written Blocks": 0,
                        "Local Hit Blocks": 0,
                        "Local Read Blocks": 0,
                        "Local Dirtied Blocks": 0,
                        "Local Written Blocks": 0,
                        "Temp Read Blocks": 0,
                        "Temp Written Blocks": 0,
                        "Plans": [
                          {
                            "Node Type": "Nested Loop",
                            "Parent Relationship": "Outer",
                            "Parallel Aware": false,
                            "Join Type": "Left",
                            "Startup Cost": 21.53,
                            "Total Cost": 158.65,
                            "Plan Rows": 68,
                            "Plan Width": 197,
                            "Actual Startup Time": 4.752,
                            "Actual Total Time": 33.21,
                            "Actual Rows": 522,
                            "Actual Loops": 1,
                            "Output": [
                              "tbl.oid",
                              "ns.nspname",
                              "tbl.relname",
                              "tbl.reltuples",
                              "tbl.relpages",
                              "COALESCE(toast.relpages, 0)",
                              "COALESCE(toast.reltuples, '0'::real)",
                              "COALESCE(((\"substring\"(array_to_string(tbl.reloptions, ' '::text), 'fillfactor=([0-9]+)'::text))::smallint)::integer, 100)",
                              "(current_setting('block_size'::text))::numeric",
                              "CASE WHEN ((version() ~ 'mingw32'::text) OR (version() ~ '64-bit|x86_64|ppc64|ia64|amd64'::text)) THEN 8 ELSE 4 END",
                              "tbl.relhasoids",
                              "s_1.null_frac",
                              "s_1.avg_width"
                            ],
                            "Inner Unique": false,
                            "Join Filter": "((s_1.schemaname = ns.nspname) AND (s_1.tablename = tbl.relname) AND (s_1.attname = att.attname))",
                            "Rows Removed by Join Filter": 190165,
                            "Shared Hit Blocks": 1741,
                            "Shared Read Blocks": 0,
                            "Shared Dirtied Blocks": 0,
                            "Shared Written Blocks": 0,
                            "Local Hit Blocks": 0,
                            "Local Read Blocks": 0,
                            "Local Dirtied Blocks": 0,
                            "Local Written Blocks": 0,
                            "Temp Read Blocks": 0,
                            "Temp Written Blocks": 0,
                            "Plans": [
                              {
                                "Node Type": "Nested Loop",
                                "Parent Relationship": "Outer",
                                "Parallel Aware": false,
                                "Join Type": "Inner",
                                "Startup Cost": 1.64,
                                "Total Cost": 76.04,
                                "Plan Rows": 68,
                                "Plan Width": 262,
                                "Actual Startup Time": 0.083,
                                "Actual Total Time": 1.493,
                                "Actual Rows": 522,
                                "Actual Loops": 1,
                                "Output": [
                                  "att.attname",
                                  "tbl.oid",
                                  "tbl.relname",
                                  "tbl.reltuples",
                                  "tbl.relpages",
                                  "tbl.reloptions",
                                  "tbl.relhasoids",
                                  "ns.nspname",
                                  "toast.relpages",
                                  "toast.reltuples"
                                ],
                                "Inner Unique": false,
                                "Shared Hit Blocks": 351,
                                "Shared Read Blocks": 0,
                                "Shared Dirtied Blocks": 0,
                                "Shared Written Blocks": 0,
                                "Local Hit Blocks": 0,
                                "Local Read Blocks": 0,
                                "Local Dirtied Blocks": 0,
                                "Local Written Blocks": 0,
                                "Temp Read Blocks": 0,
                                "Temp Written Blocks": 0,
                                "Plans": [
                                  {
                                    "Node Type": "Nested Loop",
                                    "Parent Relationship": "Outer",
                                    "Parallel Aware": false,
                                    "Join Type": "Left",
                                    "Startup Cost": 1.36,
                                    "Total Cost": 32.29,
                                    "Plan Rows": 12,
                                    "Plan Width": 198,
                                    "Actual Startup Time": 0.033,
                                    "Actual Total Time": 0.576,
                                    "Actual Rows": 62,
                                    "Actual Loops": 1,
                                    "Output": [
                                      "tbl.oid",
                                      "tbl.relname",
                                      "tbl.reltuples",
                                      "tbl.relpages",
                                      "tbl.reloptions",
                                      "tbl.relhasoids",
                                      "ns.nspname",
                                      "toast.relpages",
                                      "toast.reltuples"
                                    ],
                                    "Inner Unique": true,
                                    "Shared Hit Blocks": 149,
                                    "Shared Read Blocks": 0,
                                    "Shared Dirtied Blocks": 0,
                                    "Shared Written Blocks": 0,
                                    "Local Hit Blocks": 0,
                                    "Local Read Blocks": 0,
                                    "Local Dirtied Blocks": 0,
                                    "Local Written Blocks": 0,
                                    "Temp Read Blocks": 0,
                                    "Temp Written Blocks": 0,
                                    "Plans": [
                                      {
                                        "Node Type": "Hash Join",
                                        "Parent Relationship": "Outer",
                                        "Parallel Aware": false,
                                        "Join Type": "Inner",
                                        "Startup Cost": 1.09,
                                        "Total Cost": 17.68,
                                        "Plan Rows": 12,
                                        "Plan Width": 194,
                                        "Actual Startup Time": 0.023,
                                        "Actual Total Time": 0.32,
                                        "Actual Rows": 62,
                                        "Actual Loops": 1,
                                        "Output": [
                                          "tbl.oid",
                                          "tbl.relname",
                                          "tbl.reltuples",
                                          "tbl.relpages",
                                          "tbl.reloptions",
                                          "tbl.relhasoids",
                                          "tbl.reltoastrelid",
                                          "ns.nspname"
                                        ],
                                        "Inner Unique": true,
                                        "Hash Cond": "(tbl.relnamespace = ns.oid)",
                                        "Shared Hit Blocks": 13,
                                        "Shared Read Blocks": 0,
                                        "Shared Dirtied Blocks": 0,
                                        "Shared Written Blocks": 0,
                                        "Local Hit Blocks": 0,
                                        "Local Read Blocks": 0,
                                        "Local Dirtied Blocks": 0,
                                        "Local Written Blocks": 0,
                                        "Temp Read Blocks": 0,
                                        "Temp Written Blocks": 0,
                                        "Plans": [
                                          {
                                            "Node Type": "Seq Scan",
                                            "Parent Relationship": "Outer",
                                            "Parallel Aware": false,
                                            "Relation Name": "pg_class",
                                            "Schema": "pg_catalog",
                                            "Alias": "tbl",
                                            "Startup Cost": 0.0,
                                            "Total Cost": 16.27,
                                            "Plan Rows": 69,
                                            "Plan Width": 134,
                                            "Actual Startup Time": 0.005,
                                            "Actual Total Time": 0.235,
                                            "Actual Rows": 71,
                                            "Actual Loops": 1,
                                            "Output": [
                                              "tbl.oid",
                                              "tbl.relname",
                                              "tbl.reltuples",
                                              "tbl.relpages",
                                              "tbl.reloptions",
                                              "tbl.relhasoids",
                                              "tbl.relnamespace",
                                              "tbl.reltoastrelid"
                                            ],
                                            "Filter": "(tbl.relkind = 'r'::\"char\")",
                                            "Rows Removed by Filter": 277,
                                            "Shared Hit Blocks": 12,
                                            "Shared Read Blocks": 0,
                                            "Shared Dirtied Blocks": 0,
                                            "Shared Written Blocks": 0,
                                            "Local Hit Blocks": 0,
                                            "Local Read Blocks": 0,
                                            "Local Dirtied Blocks": 0,
                                            "Local Written Blocks": 0,
                                            "Temp Read Blocks": 0,
                                            "Temp Written Blocks": 0
                                          },
                                          {
                                            "Node Type": "Hash",
                                            "Parent Relationship": "Inner",
                                            "Parallel Aware": false,
                                            "Startup Cost": 1.07,
                                            "Total Cost": 1.07,
                                            "Plan Rows": 1,
                                            "Plan Width": 68,
                                            "Actual Startup Time": 0.007,
                                            "Actual Total Time": 0.007,
                                            "Actual Rows": 1,
                                            "Actual Loops": 1,
                                            "Output": ["ns.nspname", "ns.oid"],
                                            "Hash Buckets": 1024,
                                            "Original Hash Buckets": 1024,
                                            "Hash Batches": 1,
                                            "Original Hash Batches": 1,
                                            "Peak Memory Usage": 9,
                                            "Shared Hit Blocks": 1,
                                            "Shared Read Blocks": 0,
                                            "Shared Dirtied Blocks": 0,
                                            "Shared Written Blocks": 0,
                                            "Local Hit Blocks": 0,
                                            "Local Read Blocks": 0,
                                            "Local Dirtied Blocks": 0,
                                            "Local Written Blocks": 0,
                                            "Temp Read Blocks": 0,
                                            "Temp Written Blocks": 0,
                                            "Plans": [
                                              {
                                                "Node Type": "Seq Scan",
                                                "Parent Relationship": "Outer",
                                                "Parallel Aware": false,
                                                "Relation Name": "pg_namespace",
                                                "Schema": "pg_catalog",
                                                "Alias": "ns",
                                                "Startup Cost": 0.0,
                                                "Total Cost": 1.07,
                                                "Plan Rows": 1,
                                                "Plan Width": 68,
                                                "Actual Startup Time": 0.003,
                                                "Actual Total Time": 0.003,
                                                "Actual Rows": 1,
                                                "Actual Loops": 1,
                                                "Output": [
                                                  "ns.nspname",
                                                  "ns.oid"
                                                ],
                                                "Filter": "(ns.nspname = 'pg_catalog'::name)",
                                                "Rows Removed by Filter": 6,
                                                "Shared Hit Blocks": 1,
                                                "Shared Read Blocks": 0,
                                                "Shared Dirtied Blocks": 0,
                                                "Shared Written Blocks": 0,
                                                "Local Hit Blocks": 0,
                                                "Local Read Blocks": 0,
                                                "Local Dirtied Blocks": 0,
                                                "Local Written Blocks": 0,
                                                "Temp Read Blocks": 0,
                                                "Temp Written Blocks": 0
                                              }
                                            ]
                                          }
                                        ]
                                      },
                                      {
                                        "Node Type": "Index Scan",
                                        "Parent Relationship": "Inner",
                                        "Parallel Aware": false,
                                        "Scan Direction": "Forward",
                                        "Index Name": "pg_class_oid_index",
                                        "Relation Name": "pg_class",
                                        "Schema": "pg_catalog",
                                        "Alias": "toast",
                                        "Startup Cost": 0.27,
                                        "Total Cost": 1.22,
                                        "Plan Rows": 1,
                                        "Plan Width": 12,
                                        "Actual Startup Time": 0.003,
                                        "Actual Total Time": 0.003,
                                        "Actual Rows": 0,
                                        "Actual Loops": 62,
                                        "Output": [
                                          "toast.relpages",
                                          "toast.reltuples",
                                          "toast.oid"
                                        ],
                                        "Index Cond": "(tbl.reltoastrelid = toast.oid)",
                                        "Rows Removed by Index Recheck": 0,
                                        "Shared Hit Blocks": 136,
                                        "Shared Read Blocks": 0,
                                        "Shared Dirtied Blocks": 0,
                                        "Shared Written Blocks": 0,
                                        "Local Hit Blocks": 0,
                                        "Local Read Blocks": 0,
                                        "Local Dirtied Blocks": 0,
                                        "Local Written Blocks": 0,
                                        "Temp Read Blocks": 0,
                                        "Temp Written Blocks": 0
                                      }
                                    ]
                                  },
                                  {
                                    "Node Type": "Index Scan",
                                    "Parent Relationship": "Inner",
                                    "Parallel Aware": false,
                                    "Scan Direction": "Forward",
                                    "Index Name": "pg_attribute_relid_attnum_index",
                                    "Relation Name": "pg_attribute",
                                    "Schema": "pg_catalog",
                                    "Alias": "att",
                                    "Startup Cost": 0.28,
                                    "Total Cost": 3.59,
                                    "Plan Rows": 6,
                                    "Plan Width": 68,
                                    "Actual Startup Time": 0.006,
                                    "Actual Total Time": 0.013,
                                    "Actual Rows": 8,
                                    "Actual Loops": 62,
                                    "Output": [
                                      "att.attrelid",
                                      "att.attname",
                                      "att.atttypid",
                                      "att.attstattarget",
                                      "att.attlen",
                                      "att.attnum",
                                      "att.attndims",
                                      "att.attcacheoff",
                                      "att.atttypmod",
                                      "att.attbyval",
                                      "att.attstorage",
                                      "att.attalign",
                                      "att.attnotnull",
                                      "att.atthasdef",
                                      "att.atthasmissing",
                                      "att.attidentity",
                                      "att.attisdropped",
                                      "att.attislocal",
                                      "att.attinhcount",
                                      "att.attcollation",
                                      "att.attacl",
                                      "att.attoptions",
                                      "att.attfdwoptions",
                                      "att.attmissingval"
                                    ],
                                    "Index Cond": "((att.attrelid = tbl.oid) AND (att.attnum > 0))",
                                    "Rows Removed by Index Recheck": 0,
                                    "Filter": "(NOT att.attisdropped)",
                                    "Rows Removed by Filter": 0,
                                    "Shared Hit Blocks": 202,
                                    "Shared Read Blocks": 0,
                                    "Shared Dirtied Blocks": 0,
                                    "Shared Written Blocks": 0,
                                    "Local Hit Blocks": 0,
                                    "Local Read Blocks": 0,
                                    "Local Dirtied Blocks": 0,
                                    "Local Written Blocks": 0,
                                    "Temp Read Blocks": 0,
                                    "Temp Written Blocks": 0
                                  }
                                ]
                              },
                              {
                                "Node Type": "Materialize",
                                "Parent Relationship": "Inner",
                                "Parallel Aware": false,
                                "Startup Cost": 19.89,
                                "Total Cost": 79.21,
                                "Plan Rows": 1,
                                "Plan Width": 200,
                                "Actual Startup Time": 0.001,
                                "Actual Total Time": 0.021,
                                "Actual Rows": 365,
                                "Actual Loops": 522,
                                "Output": [
                                  "s_1.null_frac",
                                  "s_1.avg_width",
                                  "s_1.schemaname",
                                  "s_1.tablename",
                                  "s_1.attname"
                                ],
                                "Shared Hit Blocks": 1390,
                                "Shared Read Blocks": 0,
                                "Shared Dirtied Blocks": 0,
                                "Shared Written Blocks": 0,
                                "Local Hit Blocks": 0,
                                "Local Read Blocks": 0,
                                "Local Dirtied Blocks": 0,
                                "Local Written Blocks": 0,
                                "Temp Read Blocks": 0,
                                "Temp Written Blocks": 0,
                                "Plans": [
                                  {
                                    "Node Type": "Subquery Scan",
                                    "Parent Relationship": "Outer",
                                    "Parallel Aware": false,
                                    "Alias": "s_1",
                                    "Startup Cost": 19.89,
                                    "Total Cost": 79.2,
                                    "Plan Rows": 1,
                                    "Plan Width": 200,
                                    "Actual Startup Time": 0.464,
                                    "Actual Total Time": 4.067,
                                    "Actual Rows": 365,
                                    "Actual Loops": 1,
                                    "Output": [
                                      "s_1.null_frac",
                                      "s_1.avg_width",
                                      "s_1.schemaname",
                                      "s_1.tablename",
                                      "s_1.attname"
                                    ],
                                    "Shared Hit Blocks": 1390,
                                    "Shared Read Blocks": 0,
                                    "Shared Dirtied Blocks": 0,
                                    "Shared Written Blocks": 0,
                                    "Local Hit Blocks": 0,
                                    "Local Read Blocks": 0,
                                    "Local Dirtied Blocks": 0,
                                    "Local Written Blocks": 0,
                                    "Temp Read Blocks": 0,
                                    "Temp Written Blocks": 0,
                                    "Plans": [
                                      {
                                        "Node Type": "Nested Loop",
                                        "Parent Relationship": "Subquery",
                                        "Parallel Aware": false,
                                        "Join Type": "Inner",
                                        "Startup Cost": 19.89,
                                        "Total Cost": 79.19,
                                        "Plan Rows": 1,
                                        "Plan Width": 401,
                                        "Actual Startup Time": 0.459,
                                        "Actual Total Time": 4.022,
                                        "Actual Rows": 365,
                                        "Actual Loops": 1,
                                        "Output": [
                                          "n_1.nspname",
                                          "c_2.relname",
                                          "a.attname",
                                          "NULL::boolean",
                                          "s_2.stanullfrac",
                                          "s_2.stawidth",
                                          "NULL::real",
                                          "NULL::anyarray",
                                          "NULL::real[]",
                                          "NULL::anyarray",
                                          "NULL::real",
                                          "NULL::anyarray",
                                          "NULL::real[]",
                                          "NULL::real[]"
                                        ],
                                        "Inner Unique": true,
                                        "Join Filter": "(s_2.staattnum = a.attnum)",
                                        "Rows Removed by Join Filter": 5375,
                                        "Shared Hit Blocks": 1390,
                                        "Shared Read Blocks": 0,
                                        "Shared Dirtied Blocks": 0,
                                        "Shared Written Blocks": 0,
                                        "Local Hit Blocks": 0,
                                        "Local Read Blocks": 0,
                                        "Local Dirtied Blocks": 0,
                                        "Local Written Blocks": 0,
                                        "Temp Read Blocks": 0,
                                        "Temp Written Blocks": 0,
                                        "Plans": [
                                          {
                                            "Node Type": "Hash Join",
                                            "Parent Relationship": "Outer",
                                            "Parallel Aware": false,
                                            "Join Type": "Inner",
                                            "Startup Cost": 19.61,
                                            "Total Cost": 40.66,
                                            "Plan Rows": 33,
                                            "Plan Width": 146,
                                            "Actual Startup Time": 0.365,
                                            "Actual Total Time": 0.749,
                                            "Actual Rows": 365,
                                            "Actual Loops": 1,
                                            "Output": [
                                              "s_2.stanullfrac",
                                              "s_2.stawidth",
                                              "s_2.starelid",
                                              "s_2.staattnum",
                                              "c_2.relname",
                                              "c_2.oid",
                                              "n_1.nspname"
                                            ],
                                            "Inner Unique": false,
                                            "Hash Cond": "(s_2.starelid = c_2.oid)",
                                            "Shared Hit Blocks": 29,
                                            "Shared Read Blocks": 0,
                                            "Shared Dirtied Blocks": 0,
                                            "Shared Written Blocks": 0,
                                            "Local Hit Blocks": 0,
                                            "Local Read Blocks": 0,
                                            "Local Dirtied Blocks": 0,
                                            "Local Written Blocks": 0,
                                            "Temp Read Blocks": 0,
                                            "Temp Written Blocks": 0,
                                            "Plans": [
                                              {
                                                "Node Type": "Seq Scan",
                                                "Parent Relationship": "Outer",
                                                "Parallel Aware": false,
                                                "Relation Name": "pg_statistic",
                                                "Schema": "pg_catalog",
                                                "Alias": "s_2",
                                                "Startup Cost": 0.0,
                                                "Total Cost": 19.98,
                                                "Plan Rows": 199,
                                                "Plan Width": 14,
                                                "Actual Startup Time": 0.011,
                                                "Actual Total Time": 0.294,
                                                "Actual Rows": 398,
                                                "Actual Loops": 1,
                                                "Output": [
                                                  "s_2.starelid",
                                                  "s_2.staattnum",
                                                  "s_2.stainherit",
                                                  "s_2.stanullfrac",
                                                  "s_2.stawidth",
                                                  "s_2.stadistinct",
                                                  "s_2.stakind1",
                                                  "s_2.stakind2",
                                                  "s_2.stakind3",
                                                  "s_2.stakind4",
                                                  "s_2.stakind5",
                                                  "s_2.staop1",
                                                  "s_2.staop2",
                                                  "s_2.staop3",
                                                  "s_2.staop4",
                                                  "s_2.staop5",
                                                  "s_2.stanumbers1",
                                                  "s_2.stanumbers2",
                                                  "s_2.stanumbers3",
                                                  "s_2.stanumbers4",
                                                  "s_2.stanumbers5",
                                                  "s_2.stavalues1",
                                                  "s_2.stavalues2",
                                                  "s_2.stavalues3",
                                                  "s_2.stavalues4",
                                                  "s_2.stavalues5"
                                                ],
                                                "Filter": "(NOT s_2.stainherit)",
                                                "Rows Removed by Filter": 0,
                                                "Shared Hit Blocks": 16,
                                                "Shared Read Blocks": 0,
                                                "Shared Dirtied Blocks": 0,
                                                "Shared Written Blocks": 0,
                                                "Local Hit Blocks": 0,
                                                "Local Read Blocks": 0,
                                                "Local Dirtied Blocks": 0,
                                                "Local Written Blocks": 0,
                                                "Temp Read Blocks": 0,
                                                "Temp Written Blocks": 0
                                              },
                                              {
                                                "Node Type": "Hash",
                                                "Parent Relationship": "Inner",
                                                "Parallel Aware": false,
                                                "Startup Cost": 18.89,
                                                "Total Cost": 18.89,
                                                "Plan Rows": 57,
                                                "Plan Width": 132,
                                                "Actual Startup Time": 0.313,
                                                "Actual Total Time": 0.313,
                                                "Actual Rows": 237,
                                                "Actual Loops": 1,
                                                "Output": [
                                                  "c_2.relname",
                                                  "c_2.oid",
                                                  "n_1.nspname"
                                                ],
                                                "Hash Buckets": 1024,
                                                "Original Hash Buckets": 1024,
                                                "Hash Batches": 1,
                                                "Original Hash Batches": 1,
                                                "Peak Memory Usage": 46,
                                                "Shared Hit Blocks": 13,
                                                "Shared Read Blocks": 0,
                                                "Shared Dirtied Blocks": 0,
                                                "Shared Written Blocks": 0,
                                                "Local Hit Blocks": 0,
                                                "Local Read Blocks": 0,
                                                "Local Dirtied Blocks": 0,
                                                "Local Written Blocks": 0,
                                                "Temp Read Blocks": 0,
                                                "Temp Written Blocks": 0,
                                                "Plans": [
                                                  {
                                                    "Node Type": "Hash Join",
                                                    "Parent Relationship": "Outer",
                                                    "Parallel Aware": false,
                                                    "Join Type": "Inner",
                                                    "Startup Cost": 1.09,
                                                    "Total Cost": 18.89,
                                                    "Plan Rows": 57,
                                                    "Plan Width": 132,
                                                    "Actual Startup Time": 0.074,
                                                    "Actual Total Time": 0.216,
                                                    "Actual Rows": 237,
                                                    "Actual Loops": 1,
                                                    "Output": [
                                                      "c_2.relname",
                                                      "c_2.oid",
                                                      "n_1.nspname"
                                                    ],
                                                    "Inner Unique": true,
                                                    "Hash Cond": "(c_2.relnamespace = n_1.oid)",
                                                    "Shared Hit Blocks": 13,
                                                    "Shared Read Blocks": 0,
                                                    "Shared Dirtied Blocks": 0,
                                                    "Shared Written Blocks": 0,
                                                    "Local Hit Blocks": 0,
                                                    "Local Read Blocks": 0,
                                                    "Local Dirtied Blocks": 0,
                                                    "Local Written Blocks": 0,
                                                    "Temp Read Blocks": 0,
                                                    "Temp Written Blocks": 0,
                                                    "Plans": [
                                                      {
                                                        "Node Type": "Seq Scan",
                                                        "Parent Relationship": "Outer",
                                                        "Parallel Aware": false,
                                                        "Relation Name": "pg_class",
                                                        "Schema": "pg_catalog",
                                                        "Alias": "c_2",
                                                        "Startup Cost": 0.0,
                                                        "Total Cost": 16.27,
                                                        "Plan Rows": 342,
                                                        "Plan Width": 72,
                                                        "Actual Startup Time": 0.006,
                                                        "Actual Total Time": 0.106,
                                                        "Actual Rows": 348,
                                                        "Actual Loops": 1,
                                                        "Output": [
                                                          "c_2.relname",
                                                          "c_2.oid",
                                                          "c_2.relnamespace"
                                                        ],
                                                        "Filter": "((NOT c_2.relrowsecurity) OR (NOT row_security_active(c_2.oid)))",
                                                        "Rows Removed by Filter": 0,
                                                        "Shared Hit Blocks": 12,
                                                        "Shared Read Blocks": 0,
                                                        "Shared Dirtied Blocks": 0,
                                                        "Shared Written Blocks": 0,
                                                        "Local Hit Blocks": 0,
                                                        "Local Read Blocks": 0,
                                                        "Local Dirtied Blocks": 0,
                                                        "Local Written Blocks": 0,
                                                        "Temp Read Blocks": 0,
                                                        "Temp Written Blocks": 0
                                                      },
                                                      {
                                                        "Node Type": "Hash",
                                                        "Parent Relationship": "Inner",
                                                        "Parallel Aware": false,
                                                        "Startup Cost": 1.07,
                                                        "Total Cost": 1.07,
                                                        "Plan Rows": 1,
                                                        "Plan Width": 68,
                                                        "Actual Startup Time": 0.018,
                                                        "Actual Total Time": 0.018,
                                                        "Actual Rows": 1,
                                                        "Actual Loops": 1,
                                                        "Output": [
                                                          "n_1.nspname",
                                                          "n_1.oid"
                                                        ],
                                                        "Hash Buckets": 1024,
                                                        "Original Hash Buckets": 1024,
                                                        "Hash Batches": 1,
                                                        "Original Hash Batches": 1,
                                                        "Peak Memory Usage": 9,
                                                        "Shared Hit Blocks": 1,
                                                        "Shared Read Blocks": 0,
                                                        "Shared Dirtied Blocks": 0,
                                                        "Shared Written Blocks": 0,
                                                        "Local Hit Blocks": 0,
                                                        "Local Read Blocks": 0,
                                                        "Local Dirtied Blocks": 0,
                                                        "Local Written Blocks": 0,
                                                        "Temp Read Blocks": 0,
                                                        "Temp Written Blocks": 0,
                                                        "Plans": [
                                                          {
                                                            "Node Type": "Seq Scan",
                                                            "Parent Relationship": "Outer",
                                                            "Parallel Aware": false,
                                                            "Relation Name": "pg_namespace",
                                                            "Schema": "pg_catalog",
                                                            "Alias": "n_1",
                                                            "Startup Cost": 0.0,
                                                            "Total Cost": 1.07,
                                                            "Plan Rows": 1,
                                                            "Plan Width": 68,
                                                            "Actual Startup Time": 0.007,
                                                            "Actual Total Time": 0.008,
                                                            "Actual Rows": 1,
                                                            "Actual Loops": 1,
                                                            "Output": [
                                                              "n_1.nspname",
                                                              "n_1.oid"
                                                            ],
                                                            "Filter": "(n_1.nspname = 'pg_catalog'::name)",
                                                            "Rows Removed by Filter": 6,
                                                            "Shared Hit Blocks": 1,
                                                            "Shared Read Blocks": 0,
                                                            "Shared Dirtied Blocks": 0,
                                                            "Shared Written Blocks": 0,
                                                            "Local Hit Blocks": 0,
                                                            "Local Read Blocks": 0,
                                                            "Local Dirtied Blocks": 0,
                                                            "Local Written Blocks": 0,
                                                            "Temp Read Blocks": 0,
                                                            "Temp Written Blocks": 0
                                                          }
                                                        ]
                                                      }
                                                    ]
                                                  }
                                                ]
                                              }
                                            ]
                                          },
                                          {
                                            "Node Type": "Index Scan",
                                            "Parent Relationship": "Inner",
                                            "Parallel Aware": false,
                                            "Scan Direction": "Forward",
                                            "Index Name": "pg_attribute_relid_attnum_index",
                                            "Relation Name": "pg_attribute",
                                            "Schema": "pg_catalog",
                                            "Alias": "a",
                                            "Startup Cost": 0.28,
                                            "Total Cost": 1.13,
                                            "Plan Rows": 3,
                                            "Plan Width": 70,
                                            "Actual Startup Time": 0.002,
                                            "Actual Total Time": 0.008,
                                            "Actual Rows": 16,
                                            "Actual Loops": 365,
                                            "Output": [
                                              "a.attrelid",
                                              "a.attname",
                                              "a.atttypid",
                                              "a.attstattarget",
                                              "a.attlen",
                                              "a.attnum",
                                              "a.attndims",
                                              "a.attcacheoff",
                                              "a.atttypmod",
                                              "a.attbyval",
                                              "a.attstorage",
                                              "a.attalign",
                                              "a.attnotnull",
                                              "a.atthasdef",
                                              "a.atthasmissing",
                                              "a.attidentity",
                                              "a.attisdropped",
                                              "a.attislocal",
                                              "a.attinhcount",
                                              "a.attcollation",
                                              "a.attacl",
                                              "a.attoptions",
                                              "a.attfdwoptions",
                                              "a.attmissingval"
                                            ],
                                            "Index Cond": "(a.attrelid = c_2.oid)",
                                            "Rows Removed by Index Recheck": 0,
                                            "Filter": "((NOT a.attisdropped) AND has_column_privilege(c_2.oid, a.attnum, 'select'::text))",
                                            "Rows Removed by Filter": 0,
                                            "Shared Hit Blocks": 1361,
                                            "Shared Read Blocks": 0,
                                            "Shared Dirtied Blocks": 0,
                                            "Shared Written Blocks": 0,
                                            "Local Hit Blocks": 0,
                                            "Local Read Blocks": 0,
                                            "Local Dirtied Blocks": 0,
                                            "Local Written Blocks": 0,
                                            "Temp Read Blocks": 0,
                                            "Temp Written Blocks": 0
                                          }
                                        ]
                                      }
                                    ]
                                  }
                                ]
                              }
                            ]
                          }
                        ]
                      }
                    ]
                  }
                ]
              }
            ]
          }
        ]
      },
      {
        "Node Type": "Hash",
        "Parent Relationship": "Inner",
        "Parallel Aware": false,
        "Startup Cost": 183.33,
        "Total Cost": 183.33,
        "Plan Rows": 1,
        "Plan Width": 136,
        "Actual Startup Time": 190.33,
        "Actual Total Time": 190.33,
        "Actual Rows": 36,
        "Actual Loops": 1,
        "Output": [
          "(sum((CASE WHEN ((q.relpages)::double precision > COALESCE(('1'::double precision + ceil((q.reltuples / floor((((((((current_setting('block_size'::text))::numeric) - ((16))::numeric) - ((24))::numeric) * (q.fillfactor)::numeric))::double precision / ('100'::double precision * (('4'::numeric + ((((((((CASE WHEN (max(COALESCE(s_3.stanullfrac, '0'::real)) = '0'::double precision) THEN 2 ELSE 6 END) + (CASE WHEN ((version() ~ 'mingw32'::text) OR (version() ~ '64-bit|x86_64|ppc64|ia64|amd64'::text)) THEN 8 ELSE 4 END)) - CASE WHEN (((CASE WHEN (max(COALESCE(s_3.stanullfrac, '0'::real)) = '0'::double precision) THEN 2 ELSE 6 END) % (CASE WHEN ((version() ~ 'mingw32'::text) OR (version() ~ '64-bit|x86_64|ppc64|ia64|amd64'::text)) THEN 8 ELSE 4 END)) = 0) THEN (CASE WHEN ((version() ~ 'mingw32'::text) OR (version() ~ '64-bit|x86_64|ppc64|ia64|amd64'::text)) THEN 8 ELSE 4 END) ELSE ((CASE WHEN (max(COALESCE(s_3.stanullfrac, '0'::real)) = '0'::double precision) THEN 2 ELSE 6 END) % (CASE WHEN ((version() ~ 'mingw32'::text) OR (version() ~ '64-bit|x86_64|ppc64|ia64|amd64'::text)) THEN 8 ELSE 4 END)) END))::double precision + (sum((('1'::double precision - COALESCE(s_3.stanullfrac, '0'::real)) * (COALESCE(s_3.stawidth, 1024))::double precision)))) + ((CASE WHEN ((version() ~ 'mingw32'::text) OR (version() ~ '64-bit|x86_64|ppc64|ia64|amd64'::text)) THEN 8 ELSE 4 END))::double precision) - (CASE WHEN ((sum((('1'::double precision - COALESCE(s_3.stanullfrac, '0'::real)) * (COALESCE(s_3.stawidth, 1024))::double precision))) = '0'::double precision) THEN 0 WHEN ((((sum((('1'::double precision - COALESCE(s_3.stanullfrac, '0'::real)) * (COALESCE(s_3.stawidth, 1024))::double precision))))::integer % (CASE WHEN ((version() ~ 'mingw32'::text) OR (version() ~ '64-bit|x86_64|ppc64|ia64|amd64'::text)) THEN 8 ELSE 4 END)) = 0) THEN (CASE WHEN ((version() ~ 'mingw32'::text) OR (version() ~ '64-bit|x86_64|ppc64|ia64|amd64'::text)) THEN 8 ELSE 4 END) ELSE (((sum((('1'::double precision - COALESCE(s_3.stanullfrac, '0'::real)) * (COALESCE(s_3.stawidth, 1024))::double precision))))::integer % (CASE WHEN ((version() ~ 'mingw32'::text) OR (version() ~ '64-bit|x86_64|ppc64|ia64|amd64'::text)) THEN 8 ELSE 4 END)) END)::double precision))::numeric))::double precision)))))), '0'::double precision)) THEN ((((current_setting('block_size'::text))::numeric))::double precision * ((q.relpages)::double precision - COALESCE(('1'::double precision + ceil((q.reltuples / floor((((((((current_setting('block_size'::text))::numeric) - ((16))::numeric) - ((24))::numeric) * (q.fillfactor)::numeric))::double precision / ('100'::double precision * (('4'::numeric + ((((((((CASE WHEN (max(COALESCE(s_3.stanullfrac, '0'::real)) = '0'::double precision) THEN 2 ELSE 6 END) + (CASE WHEN ((version() ~ 'mingw32'::text) OR (version() ~ '64-bit|x86_64|ppc64|ia64|amd64'::text)) THEN 8 ELSE 4 END)) - CASE WHEN (((CASE WHEN (max(COALESCE(s_3.stanullfrac, '0'::real)) = '0'::double precision) THEN 2 ELSE 6 END) % (CASE WHEN ((version() ~ 'mingw32'::text) OR (version() ~ '64-bit|x86_64|ppc64|ia64|amd64'::text)) THEN 8 ELSE 4 END)) = 0) THEN (CASE WHEN ((version() ~ 'mingw32'::text) OR (version() ~ '64-bit|x86_64|ppc64|ia64|amd64'::text)) THEN 8 ELSE 4 END) ELSE ((CASE WHEN (max(COALESCE(s_3.stanullfrac, '0'::real)) = '0'::double precision) THEN 2 ELSE 6 END) % (CASE WHEN ((version() ~ 'mingw32'::text) OR (version() ~ '64-bit|x86_64|ppc64|ia64|amd64'::text)) THEN 8 ELSE 4 END)) END))::double precision + (sum((('1'::double precision - COALESCE(s_3.stanullfrac, '0'::real)) * (COALESCE(s_3.stawidth, 1024))::double precision)))) + ((CASE WHEN ((version() ~ 'mingw32'::text) OR (version() ~ '64-bit|x86_64|ppc64|ia64|amd64'::text)) THEN 8 ELSE 4 END))::double precision) - (CASE WHEN ((sum((('1'::double precision - COALESCE(s_3.stanullfrac, '0'::real)) * (COALESCE(s_3.stawidth, 1024))::double precision))) = '0'::double precision) THEN 0 WHEN ((((sum((('1'::double precision - COALESCE(s_3.stanullfrac, '0'::real)) * (COALESCE(s_3.stawidth, 1024))::double precision))))::integer % (CASE WHEN ((version() ~ 'mingw32'::text) OR (version() ~ '64-bit|x86_64|ppc64|ia64|amd64'::text)) THEN 8 ELSE 4 END)) = 0) THEN (CASE WHEN ((version() ~ 'mingw32'::text) OR (version() ~ '64-bit|x86_64|ppc64|ia64|amd64'::text)) THEN 8 ELSE 4 END) ELSE (((sum((('1'::double precision - COALESCE(s_3.stanullfrac, '0'::real)) * (COALESCE(s_3.stawidth, 1024))::double precision))))::integer % (CASE WHEN ((version() ~ 'mingw32'::text) OR (version() ~ '64-bit|x86_64|ppc64|ia64|amd64'::text)) THEN 8 ELSE 4 END)) END)::double precision))::numeric))::double precision)))))), '0'::double precision))) ELSE '0'::double precision END)))",
          "q.nspname",
          "q.tblname"
        ],
        "Hash Buckets": 1024,
        "Original Hash Buckets": 1024,
        "Hash Batches": 1,
        "Original Hash Batches": 1,
        "Peak Memory Usage": 14,
        "Shared Hit Blocks": 215652,
        "Shared Read Blocks": 0,
        "Shared Dirtied Blocks": 0,
        "Shared Written Blocks": 0,
        "Local Hit Blocks": 0,
        "Local Read Blocks": 0,
        "Local Dirtied Blocks": 0,
        "Local Written Blocks": 0,
        "Temp Read Blocks": 0,
        "Temp Written Blocks": 0,
        "Plans": [
          {
            "Node Type": "Aggregate",
            "Strategy": "Sorted",
            "Partial Mode": "Simple",
            "Parent Relationship": "Outer",
            "Parallel Aware": false,
            "Startup Cost": 181.95,
            "Total Cost": 183.32,
            "Plan Rows": 1,
            "Plan Width": 136,
            "Actual Startup Time": 190.008,
            "Actual Total Time": 190.312,
            "Actual Rows": 36,
            "Actual Loops": 1,
            "Output": [
              "sum((CASE WHEN ((q.relpages)::double precision > COALESCE(('1'::double precision + ceil((q.reltuples / floor((((((((current_setting('block_size'::text))::numeric) - ((16))::numeric) - ((24))::numeric) * (q.fillfactor)::numeric))::double precision / ('100'::double precision * (('4'::numeric + ((((((((CASE WHEN (max(COALESCE(s_3.stanullfrac, '0'::real)) = '0'::double precision) THEN 2 ELSE 6 END) + (CASE WHEN ((version() ~ 'mingw32'::text) OR (version() ~ '64-bit|x86_64|ppc64|ia64|amd64'::text)) THEN 8 ELSE 4 END)) - CASE WHEN (((CASE WHEN (max(COALESCE(s_3.stanullfrac, '0'::real)) = '0'::double precision) THEN 2 ELSE 6 END) % (CASE WHEN ((version() ~ 'mingw32'::text) OR (version() ~ '64-bit|x86_64|ppc64|ia64|amd64'::text)) THEN 8 ELSE 4 END)) = 0) THEN (CASE WHEN ((version() ~ 'mingw32'::text) OR (version() ~ '64-bit|x86_64|ppc64|ia64|amd64'::text)) THEN 8 ELSE 4 END) ELSE ((CASE WHEN (max(COALESCE(s_3.stanullfrac, '0'::real)) = '0'::double precision) THEN 2 ELSE 6 END) % (CASE WHEN ((version() ~ 'mingw32'::text) OR (version() ~ '64-bit|x86_64|ppc64|ia64|amd64'::text)) THEN 8 ELSE 4 END)) END))::double precision + (sum((('1'::double precision - COALESCE(s_3.stanullfrac, '0'::real)) * (COALESCE(s_3.stawidth, 1024))::double precision)))) + ((CASE WHEN ((version() ~ 'mingw32'::text) OR (version() ~ '64-bit|x86_64|ppc64|ia64|amd64'::text)) THEN 8 ELSE 4 END))::double precision) - (CASE WHEN ((sum((('1'::double precision - COALESCE(s_3.stanullfrac, '0'::real)) * (COALESCE(s_3.stawidth, 1024))::double precision))) = '0'::double precision) THEN 0 WHEN ((((sum((('1'::double precision - COALESCE(s_3.stanullfrac, '0'::real)) * (COALESCE(s_3.stawidth, 1024))::double precision))))::integer % (CASE WHEN ((version() ~ 'mingw32'::text) OR (version() ~ '64-bit|x86_64|ppc64|ia64|amd64'::text)) THEN 8 ELSE 4 END)) = 0) THEN (CASE WHEN ((version() ~ 'mingw32'::text) OR (version() ~ '64-bit|x86_64|ppc64|ia64|amd64'::text)) THEN 8 ELSE 4 END) ELSE (((sum((('1'::double precision - COALESCE(s_3.stanullfrac, '0'::real)) * (COALESCE(s_3.stawidth, 1024))::double precision))))::integer % (CASE WHEN ((version() ~ 'mingw32'::text) OR (version() ~ '64-bit|x86_64|ppc64|ia64|amd64'::text)) THEN 8 ELSE 4 END)) END)::double precision))::numeric))::double precision)))))), '0'::double precision)) THEN ((((current_setting('block_size'::text))::numeric))::double precision * ((q.relpages)::double precision - COALESCE(('1'::double precision + ceil((q.reltuples / floor((((((((current_setting('block_size'::text))::numeric) - ((16))::numeric) - ((24))::numeric) * (q.fillfactor)::numeric))::double precision / ('100'::double precision * (('4'::numeric + ((((((((CASE WHEN (max(COALESCE(s_3.stanullfrac, '0'::real)) = '0'::double precision) THEN 2 ELSE 6 END) + (CASE WHEN ((version() ~ 'mingw32'::text) OR (version() ~ '64-bit|x86_64|ppc64|ia64|amd64'::text)) THEN 8 ELSE 4 END)) - CASE WHEN (((CASE WHEN (max(COALESCE(s_3.stanullfrac, '0'::real)) = '0'::double precision) THEN 2 ELSE 6 END) % (CASE WHEN ((version() ~ 'mingw32'::text) OR (version() ~ '64-bit|x86_64|ppc64|ia64|amd64'::text)) THEN 8 ELSE 4 END)) = 0) THEN (CASE WHEN ((version() ~ 'mingw32'::text) OR (version() ~ '64-bit|x86_64|ppc64|ia64|amd64'::text)) THEN 8 ELSE 4 END) ELSE ((CASE WHEN (max(COALESCE(s_3.stanullfrac, '0'::real)) = '0'::double precision) THEN 2 ELSE 6 END) % (CASE WHEN ((version() ~ 'mingw32'::text) OR (version() ~ '64-bit|x86_64|ppc64|ia64|amd64'::text)) THEN 8 ELSE 4 END)) END))::double precision + (sum((('1'::double precision - COALESCE(s_3.stanullfrac, '0'::real)) * (COALESCE(s_3.stawidth, 1024))::double precision)))) + ((CASE WHEN ((version() ~ 'mingw32'::text) OR (version() ~ '64-bit|x86_64|ppc64|ia64|amd64'::text)) THEN 8 ELSE 4 END))::double precision) - (CASE WHEN ((sum((('1'::double precision - COALESCE(s_3.stanullfrac, '0'::real)) * (COALESCE(s_3.stawidth, 1024))::double precision))) = '0'::double precision) THEN 0 WHEN ((((sum((('1'::double precision - COALESCE(s_3.stanullfrac, '0'::real)) * (COALESCE(s_3.stawidth, 1024))::double precision))))::integer % (CASE WHEN ((version() ~ 'mingw32'::text) OR (version() ~ '64-bit|x86_64|ppc64|ia64|amd64'::text)) THEN 8 ELSE 4 END)) = 0) THEN (CASE WHEN ((version() ~ 'mingw32'::text) OR (version() ~ '64-bit|x86_64|ppc64|ia64|amd64'::text)) THEN 8 ELSE 4 END) ELSE (((sum((('1'::double precision - COALESCE(s_3.stanullfrac, '0'::real)) * (COALESCE(s_3.stawidth, 1024))::double precision))))::integer % (CASE WHEN ((version() ~ 'mingw32'::text) OR (version() ~ '64-bit|x86_64|ppc64|ia64|amd64'::text)) THEN 8 ELSE 4 END)) END)::double precision))::numeric))::double precision)))))), '0'::double precision))) ELSE '0'::double precision END))",
              "q.nspname",
              "q.tblname"
            ],
            "Group Key": ["q.nspname", "q.tblname"],
            "Shared Hit Blocks": 215652,
            "Shared Read Blocks": 0,
            "Shared Dirtied Blocks": 0,
            "Shared Written Blocks": 0,
            "Local Hit Blocks": 0,
            "Local Read Blocks": 0,
            "Local Dirtied Blocks": 0,
            "Local Written Blocks": 0,
            "Temp Read Blocks": 0,
            "Temp Written Blocks": 0,
            "Plans": [
              {
                "Node Type": "Nested Loop",
                "Parent Relationship": "Outer",
                "Parallel Aware": false,
                "Join Type": "Inner",
                "Startup Cost": 181.95,
                "Total Cost": 183.3,
                "Plan Rows": 1,
                "Plan Width": 349,
                "Actual Startup Time": 189.991,
                "Actual Total Time": 190.29,
                "Actual Rows": 47,
                "Actual Loops": 1,
                "Output": [
                  "NULL::name",
                  "q.nspname",
                  "q.tblname",
                  "q.idxname",
                  "NULL::numeric",
                  "NULL::numeric",
                  "NULL::double precision",
                  "NULL::integer",
                  "CASE WHEN ((q.relpages)::double precision > COALESCE(('1'::double precision + ceil((q.reltuples / floor((((((((current_setting('block_size'::text))::numeric) - ((16))::numeric) - ((24))::numeric) * (q.fillfactor)::numeric))::double precision / ('100'::double precision * (('4'::numeric + ((((((((CASE WHEN (max(COALESCE(s_3.stanullfrac, '0'::real)) = '0'::double precision) THEN 2 ELSE 6 END) + (CASE WHEN ((version() ~ 'mingw32'::text) OR (version() ~ '64-bit|x86_64|ppc64|ia64|amd64'::text)) THEN 8 ELSE 4 END)) - CASE WHEN (((CASE WHEN (max(COALESCE(s_3.stanullfrac, '0'::real)) = '0'::double precision) THEN 2 ELSE 6 END) % (CASE WHEN ((version() ~ 'mingw32'::text) OR (version() ~ '64-bit|x86_64|ppc64|ia64|amd64'::text)) THEN 8 ELSE 4 END)) = 0) THEN (CASE WHEN ((version() ~ 'mingw32'::text) OR (version() ~ '64-bit|x86_64|ppc64|ia64|amd64'::text)) THEN 8 ELSE 4 END) ELSE ((CASE WHEN (max(COALESCE(s_3.stanullfrac, '0'::real)) = '0'::double precision) THEN 2 ELSE 6 END) % (CASE WHEN ((version() ~ 'mingw32'::text) OR (version() ~ '64-bit|x86_64|ppc64|ia64|amd64'::text)) THEN 8 ELSE 4 END)) END))::double precision + (sum((('1'::double precision - COALESCE(s_3.stanullfrac, '0'::real)) * (COALESCE(s_3.stawidth, 1024))::double precision)))) + ((CASE WHEN ((version() ~ 'mingw32'::text) OR (version() ~ '64-bit|x86_64|ppc64|ia64|amd64'::text)) THEN 8 ELSE 4 END))::double precision) - (CASE WHEN ((sum((('1'::double precision - COALESCE(s_3.stanullfrac, '0'::real)) * (COALESCE(s_3.stawidth, 1024))::double precision))) = '0'::double precision) THEN 0 WHEN ((((sum((('1'::double precision - COALESCE(s_3.stanullfrac, '0'::real)) * (COALESCE(s_3.stawidth, 1024))::double precision))))::integer % (CASE WHEN ((version() ~ 'mingw32'::text) OR (version() ~ '64-bit|x86_64|ppc64|ia64|amd64'::text)) THEN 8 ELSE 4 END)) = 0) THEN (CASE WHEN ((version() ~ 'mingw32'::text) OR (version() ~ '64-bit|x86_64|ppc64|ia64|amd64'::text)) THEN 8 ELSE 4 END) ELSE (((sum((('1'::double precision - COALESCE(s_3.stanullfrac, '0'::real)) * (COALESCE(s_3.stawidth, 1024))::double precision))))::integer % (CASE WHEN ((version() ~ 'mingw32'::text) OR (version() ~ '64-bit|x86_64|ppc64|ia64|amd64'::text)) THEN 8 ELSE 4 END)) END)::double precision))::numeric))::double precision)))))), '0'::double precision)) THEN ((((current_setting('block_size'::text))::numeric))::double precision * ((q.relpages)::double precision - COALESCE(('1'::double precision + ceil((q.reltuples / floor((((((((current_setting('block_size'::text))::numeric) - ((16))::numeric) - ((24))::numeric) * (q.fillfactor)::numeric))::double precision / ('100'::double precision * (('4'::numeric + ((((((((CASE WHEN (max(COALESCE(s_3.stanullfrac, '0'::real)) = '0'::double precision) THEN 2 ELSE 6 END) + (CASE WHEN ((version() ~ 'mingw32'::text) OR (version() ~ '64-bit|x86_64|ppc64|ia64|amd64'::text)) THEN 8 ELSE 4 END)) - CASE WHEN (((CASE WHEN (max(COALESCE(s_3.stanullfrac, '0'::real)) = '0'::double precision) THEN 2 ELSE 6 END) % (CASE WHEN ((version() ~ 'mingw32'::text) OR (version() ~ '64-bit|x86_64|ppc64|ia64|amd64'::text)) THEN 8 ELSE 4 END)) = 0) THEN (CASE WHEN ((version() ~ 'mingw32'::text) OR (version() ~ '64-bit|x86_64|ppc64|ia64|amd64'::text)) THEN 8 ELSE 4 END) ELSE ((CASE WHEN (max(COALESCE(s_3.stanullfrac, '0'::real)) = '0'::double precision) THEN 2 ELSE 6 END) % (CASE WHEN ((version() ~ 'mingw32'::text) OR (version() ~ '64-bit|x86_64|ppc64|ia64|amd64'::text)) THEN 8 ELSE 4 END)) END))::double precision + (sum((('1'::double precision - COALESCE(s_3.stanullfrac, '0'::real)) * (COALESCE(s_3.stawidth, 1024))::double precision)))) + ((CASE WHEN ((version() ~ 'mingw32'::text) OR (version() ~ '64-bit|x86_64|ppc64|ia64|amd64'::text)) THEN 8 ELSE 4 END))::double precision) - (CASE WHEN ((sum((('1'::double precision - COALESCE(s_3.stanullfrac, '0'::real)) * (COALESCE(s_3.stawidth, 1024))::double precision))) = '0'::double precision) THEN 0 WHEN ((((sum((('1'::double precision - COALESCE(s_3.stanullfrac, '0'::real)) * (COALESCE(s_3.stawidth, 1024))::double precision))))::integer % (CASE WHEN ((version() ~ 'mingw32'::text) OR (version() ~ '64-bit|x86_64|ppc64|ia64|amd64'::text)) THEN 8 ELSE 4 END)) = 0) THEN (CASE WHEN ((version() ~ 'mingw32'::text) OR (version() ~ '64-bit|x86_64|ppc64|ia64|amd64'::text)) THEN 8 ELSE 4 END) ELSE (((sum((('1'::double precision - COALESCE(s_3.stanullfrac, '0'::real)) * (COALESCE(s_3.stawidth, 1024))::double precision))))::integer % (CASE WHEN ((version() ~ 'mingw32'::text) OR (version() ~ '64-bit|x86_64|ppc64|ia64|amd64'::text)) THEN 8 ELSE 4 END)) END)::double precision))::numeric))::double precision)))))), '0'::double precision))) ELSE '0'::double precision END",
                  "NULL::double precision",
                  "NULL::boolean"
                ],
                "Inner Unique": true,
                "Join Filter": "(q.relam = am.oid)",
                "Rows Removed by Join Filter": 0,
                "Shared Hit Blocks": 215652,
                "Shared Read Blocks": 0,
                "Shared Dirtied Blocks": 0,
                "Shared Written Blocks": 0,
                "Local Hit Blocks": 0,
                "Local Read Blocks": 0,
                "Local Dirtied Blocks": 0,
                "Local Written Blocks": 0,
                "Temp Read Blocks": 0,
                "Temp Written Blocks": 0,
                "Plans": [
                  {
                    "Node Type": "Aggregate",
                    "Strategy": "Sorted",
                    "Partial Mode": "Simple",
                    "Parent Relationship": "Outer",
                    "Parallel Aware": false,
                    "Startup Cost": 181.95,
                    "Total Cost": 182.02,
                    "Plan Rows": 1,
                    "Plan Width": 269,
                    "Actual Startup Time": 189.969,
                    "Actual Total Time": 190.143,
                    "Actual Rows": 47,
                    "Actual Loops": 1,
                    "Output": [
                      "q.nspname",
                      "q.tblname",
                      "q.idxname",
                      "q.reltuples",
                      "q.relpages",
                      "q.relam",
                      "q.attrelid",
                      "((current_setting('block_size'::text))::numeric)",
                      "q.fillfactor",
                      "CASE WHEN ((version() ~ 'mingw32'::text) OR (version() ~ '64-bit|x86_64|ppc64|ia64|amd64'::text)) THEN 8 ELSE 4 END",
                      "24",
                      "16",
                      "CASE WHEN (max(COALESCE(s_3.stanullfrac, '0'::real)) = '0'::double precision) THEN 2 ELSE 6 END",
                      "sum((('1'::double precision - COALESCE(s_3.stanullfrac, '0'::real)) * (COALESCE(s_3.stawidth, 1024))::double precision))",
                      "NULL::boolean"
                    ],
                    "Group Key": [
                      "q.nspname",
                      "q.tblname",
                      "q.idxname",
                      "q.reltuples",
                      "q.relpages",
                      "q.relam",
                      "q.attrelid",
                      "((current_setting('block_size'::text))::numeric)",
                      "q.fillfactor"
                    ],
                    "Shared Hit Blocks": 215605,
                    "Shared Read Blocks": 0,
                    "Shared Dirtied Blocks": 0,
                    "Shared Written Blocks": 0,
                    "Local Hit Blocks": 0,
                    "Local Read Blocks": 0,
                    "Local Dirtied Blocks": 0,
                    "Local Written Blocks": 0,
                    "Temp Read Blocks": 0,
                    "Temp Written Blocks": 0,
                    "Plans": [
                      {
                        "Node Type": "Sort",
                        "Parent Relationship": "Outer",
                        "Parallel Aware": false,
                        "Startup Cost": 181.95,
                        "Total Cost": 181.95,
                        "Plan Rows": 1,
                        "Plan Width": 252,
                        "Actual Startup Time": 189.921,
                        "Actual Total Time": 189.926,
                        "Actual Rows": 100,
                        "Actual Loops": 1,
                        "Output": [
                          "q.nspname",
                          "q.tblname",
                          "q.idxname",
                          "q.reltuples",
                          "q.relpages",
                          "q.relam",
                          "q.attrelid",
                          "((current_setting('block_size'::text))::numeric)",
                          "q.fillfactor",
                          "s_3.stanullfrac",
                          "s_3.stawidth"
                        ],
                        "Sort Key": [
                          "q.tblname",
                          "q.idxname",
                          "q.reltuples",
                          "q.relpages",
                          "q.relam",
                          "q.attrelid",
                          "q.fillfactor"
                        ],
                        "Sort Method": "quicksort",
                        "Sort Space Used": 51,
                        "Sort Space Type": "Memory",
                        "Shared Hit Blocks": 215605,
                        "Shared Read Blocks": 0,
                        "Shared Dirtied Blocks": 0,
                        "Shared Written Blocks": 0,
                        "Local Hit Blocks": 0,
                        "Local Read Blocks": 0,
                        "Local Dirtied Blocks": 0,
                        "Local Written Blocks": 0,
                        "Temp Read Blocks": 0,
                        "Temp Written Blocks": 0,
                        "Plans": [
                          {
                            "Node Type": "Nested Loop",
                            "Parent Relationship": "Outer",
                            "Parallel Aware": false,
                            "Join Type": "Inner",
                            "Startup Cost": 93.79,
                            "Total Cost": 181.94,
                            "Plan Rows": 1,
                            "Plan Width": 252,
                            "Actual Startup Time": 2.371,
                            "Actual Total Time": 189.594,
                            "Actual Rows": 100,
                            "Actual Loops": 1,
                            "Output": [
                              "q.nspname",
                              "q.tblname",
                              "q.idxname",
                              "q.reltuples",
                              "q.relpages",
                              "q.relam",
                              "q.attrelid",
                              "(current_setting('block_size'::text))::numeric",
                              "q.fillfactor",
                              "s_3.stanullfrac",
                              "s_3.stawidth"
                            ],
                            "Inner Unique": true,
                            "Shared Hit Blocks": 215605,
                            "Shared Read Blocks": 0,
                            "Shared Dirtied Blocks": 0,
                            "Shared Written Blocks": 0,
                            "Local Hit Blocks": 0,
                            "Local Read Blocks": 0,
                            "Local Dirtied Blocks": 0,
                            "Local Written Blocks": 0,
                            "Temp Read Blocks": 0,
                            "Temp Written Blocks": 0,
                            "Plans": [
                              {
                                "Node Type": "Nested Loop",
                                "Parent Relationship": "Outer",
                                "Parallel Aware": false,
                                "Join Type": "Inner",
                                "Startup Cost": 93.65,
                                "Total Cost": 177.74,
                                "Plan Rows": 1,
                                "Plan Width": 224,
                                "Actual Startup Time": 2.26,
                                "Actual Total Time": 188.458,
                                "Actual Rows": 100,
                                "Actual Loops": 1,
                                "Output": [
                                  "q.nspname",
                                  "q.tblname",
                                  "q.idxname",
                                  "q.reltuples",
                                  "q.relpages",
                                  "q.relam",
                                  "q.attrelid",
                                  "q.fillfactor",
                                  "q.atttypid",
                                  "s_3.stanullfrac",
                                  "s_3.stawidth"
                                ],
                                "Inner Unique": false,
                                "Join Filter": "(((c_3.relname = q.tblname) AND ((a_1.attname)::text = pg_get_indexdef(q.attrelid, (q.attnum)::integer, true))) OR ((c_3.relname = q.idxname) AND (a_1.attname = q.attname)))",
                                "Rows Removed by Join Filter": 70345,
                                "Shared Hit Blocks": 215504,
                                "Shared Read Blocks": 0,
                                "Shared Dirtied Blocks": 0,
                                "Shared Written Blocks": 0,
                                "Local Hit Blocks": 0,
                                "Local Read Blocks": 0,
                                "Local Dirtied Blocks": 0,
                                "Local Written Blocks": 0,
                                "Temp Read Blocks": 0,
                                "Temp Written Blocks": 0,
                                "Plans": [
                                  {
                                    "Node Type": "CTE Scan",
                                    "Parent Relationship": "Outer",
                                    "Parallel Aware": false,
                                    "CTE Name": "q",
                                    "Alias": "q",
                                    "Startup Cost": 73.76,
                                    "Total Cost": 76.03,
                                    "Plan Rows": 1,
                                    "Plan Width": 453,
                                    "Actual Startup Time": 0.663,
                                    "Actual Total Time": 4.145,
                                    "Actual Rows": 193,
                                    "Actual Loops": 1,
                                    "Output": [
                                      "q.nspname",
                                      "q.tblname",
                                      "q.idxname",
                                      "q.reltuples",
                                      "q.relpages",
                                      "q.relam",
                                      "NULL::oid",
                                      "NULL::oid",
                                      "q.fillfactor",
                                      "q.attrelid",
                                      "q.attname",
                                      "q.atttypid",
                                      "NULL::integer",
                                      "NULL::smallint",
                                      "q.attnum",
                                      "NULL::integer",
                                      "NULL::integer",
                                      "NULL::integer",
                                      "NULL::boolean",
                                      "NULL::\"char\"",
                                      "NULL::\"char\"",
                                      "NULL::boolean",
                                      "NULL::boolean",
                                      "NULL::boolean",
                                      "NULL::\"char\"",
                                      "NULL::boolean",
                                      "NULL::boolean",
                                      "NULL::integer",
                                      "NULL::oid",
                                      "NULL::aclitem[]",
                                      "NULL::text[]",
                                      "NULL::text[]",
                                      "NULL::anyarray"
                                    ],
                                    "Filter": "(q.nspname = 'pg_catalog'::name)",
                                    "Rows Removed by Filter": 0,
                                    "Shared Hit Blocks": 380,
                                    "Shared Read Blocks": 0,
                                    "Shared Dirtied Blocks": 0,
                                    "Shared Written Blocks": 0,
                                    "Local Hit Blocks": 0,
                                    "Local Read Blocks": 0,
                                    "Local Dirtied Blocks": 0,
                                    "Local Written Blocks": 0,
                                    "Temp Read Blocks": 0,
                                    "Temp Written Blocks": 0,
                                    "Plans": [
                                      {
                                        "Node Type": "Nested Loop",
                                        "Parent Relationship": "InitPlan",
                                        "Subplan Name": "CTE q",
                                        "Parallel Aware": false,
                                        "Join Type": "Inner",
                                        "Startup Cost": 25.29,
                                        "Total Cost": 73.76,
                                        "Plan Rows": 101,
                                        "Plan Width": 454,
                                        "Actual Startup Time": 0.643,
                                        "Actual Total Time": 2.855,
                                        "Actual Rows": 193,
                                        "Actual Loops": 1,
                                        "Output": [
                                          "pg_namespace.nspname",
                                          "tbl_1.relname",
                                          "idx.relname",
                                          "idx.reltuples",
                                          "idx.relpages",
                                          "idx.relam",
                                          "pg_index.indrelid",
                                          "pg_index.indexrelid",
                                          "COALESCE(((\"substring\"(array_to_string(idx.reloptions, ' '::text), 'fillfactor=([0-9]+)'::text))::smallint)::integer, 90)",
                                          "a_2.attrelid",
                                          "a_2.attname",
                                          "a_2.atttypid",
                                          "a_2.attstattarget",
                                          "a_2.attlen",
                                          "a_2.attnum",
                                          "a_2.attndims",
                                          "a_2.attcacheoff",
                                          "a_2.atttypmod",
                                          "a_2.attbyval",
                                          "a_2.attstorage",
                                          "a_2.attalign",
                                          "a_2.attnotnull",
                                          "a_2.atthasdef",
                                          "a_2.atthasmissing",
                                          "a_2.attidentity",
                                          "a_2.attisdropped",
                                          "a_2.attislocal",
                                          "a_2.attinhcount",
                                          "a_2.attcollation",
                                          "a_2.attacl",
                                          "a_2.attoptions",
                                          "a_2.attfdwoptions",
                                          "a_2.attmissingval"
                                        ],
                                        "Inner Unique": false,
                                        "Join Filter": "(idx.oid = a_2.attrelid)",
                                        "Rows Removed by Join Filter": 0,
                                        "Shared Hit Blocks": 380,
                                        "Shared Read Blocks": 0,
                                        "Shared Dirtied Blocks": 0,
                                        "Shared Written Blocks": 0,
                                        "Local Hit Blocks": 0,
                                        "Local Read Blocks": 0,
                                        "Local Dirtied Blocks": 0,
                                        "Local Written Blocks": 0,
                                        "Temp Read Blocks": 0,
                                        "Temp Written Blocks": 0,
                                        "Plans": [
                                          {
                                            "Node Type": "Hash Join",
                                            "Parent Relationship": "Outer",
                                            "Parallel Aware": false,
                                            "Join Type": "Inner",
                                            "Startup Cost": 25.01,
                                            "Total Cost": 42.13,
                                            "Plan Rows": 17,
                                            "Plan Width": 265,
                                            "Actual Startup Time": 0.604,
                                            "Actual Total Time": 1.613,
                                            "Actual Rows": 116,
                                            "Actual Loops": 1,
                                            "Output": [
                                              "pg_index.indrelid",
                                              "pg_index.indexrelid",
                                              "idx.relname",
                                              "idx.reltuples",
                                              "idx.relpages",
                                              "idx.relam",
                                              "idx.reloptions",
                                              "idx.oid",
                                              "tbl_1.relname",
                                              "pg_namespace.nspname"
                                            ],
                                            "Inner Unique": true,
                                            "Hash Cond": "(idx.relnamespace = pg_namespace.oid)",
                                            "Shared Hit Blocks": 29,
                                            "Shared Read Blocks": 0,
                                            "Shared Dirtied Blocks": 0,
                                            "Shared Written Blocks": 0,
                                            "Local Hit Blocks": 0,
                                            "Local Read Blocks": 0,
                                            "Local Dirtied Blocks": 0,
                                            "Local Written Blocks": 0,
                                            "Temp Read Blocks": 0,
                                            "Temp Written Blocks": 0,
                                            "Plans": [
                                              {
                                                "Node Type": "Hash Join",
                                                "Parent Relationship": "Outer",
                                                "Parallel Aware": false,
                                                "Join Type": "Inner",
                                                "Startup Cost": 23.87,
                                                "Total Cost": 40.92,
                                                "Plan Rows": 17,
                                                "Plan Width": 205,
                                                "Actual Startup Time": 0.534,
                                                "Actual Total Time": 1.282,
                                                "Actual Rows": 116,
                                                "Actual Loops": 1,
                                                "Output": [
                                                  "pg_index.indrelid",
                                                  "pg_index.indexrelid",
                                                  "idx.relname",
                                                  "idx.reltuples",
                                                  "idx.relpages",
                                                  "idx.relam",
                                                  "idx.reloptions",
                                                  "idx.oid",
                                                  "idx.relnamespace",
                                                  "tbl_1.relname"
                                                ],
                                                "Inner Unique": false,
                                                "Hash Cond": "(idx.oid = pg_index.indexrelid)",
                                                "Shared Hit Blocks": 28,
                                                "Shared Read Blocks": 0,
                                                "Shared Dirtied Blocks": 0,
                                                "Shared Written Blocks": 0,
                                                "Local Hit Blocks": 0,
                                                "Local Read Blocks": 0,
                                                "Local Dirtied Blocks": 0,
                                                "Local Written Blocks": 0,
                                                "Temp Read Blocks": 0,
                                                "Temp Written Blocks": 0,
                                                "Plans": [
                                                  {
                                                    "Node Type": "Seq Scan",
                                                    "Parent Relationship": "Outer",
                                                    "Parallel Aware": false,
                                                    "Relation Name": "pg_class",
                                                    "Schema": "pg_catalog",
                                                    "Alias": "idx",
                                                    "Startup Cost": 0.0,
                                                    "Total Cost": 16.27,
                                                    "Plan Rows": 161,
                                                    "Plan Width": 133,
                                                    "Actual Startup Time": 0.013,
                                                    "Actual Total Time": 0.407,
                                                    "Actual Rows": 182,
                                                    "Actual Loops": 1,
                                                    "Output": [
                                                      "idx.relname",
                                                      "idx.reltuples",
                                                      "idx.relpages",
                                                      "idx.relam",
                                                      "idx.reloptions",
                                                      "idx.oid",
                                                      "idx.relnamespace"
                                                    ],
                                                    "Filter": "(idx.relpages > 0)",
                                                    "Rows Removed by Filter": 166,
                                                    "Shared Hit Blocks": 12,
                                                    "Shared Read Blocks": 0,
                                                    "Shared Dirtied Blocks": 0,
                                                    "Shared Written Blocks": 0,
                                                    "Local Hit Blocks": 0,
                                                    "Local Read Blocks": 0,
                                                    "Local Dirtied Blocks": 0,
                                                    "Local Written Blocks": 0,
                                                    "Temp Read Blocks": 0,
                                                    "Temp Written Blocks": 0
                                                  },
                                                  {
                                                    "Node Type": "Hash",
                                                    "Parent Relationship": "Inner",
                                                    "Parallel Aware": false,
                                                    "Startup Cost": 23.42,
                                                    "Total Cost": 23.42,
                                                    "Plan Rows": 36,
                                                    "Plan Width": 72,
                                                    "Actual Startup Time": 0.441,
                                                    "Actual Total Time": 0.442,
                                                    "Actual Rows": 116,
                                                    "Actual Loops": 1,
                                                    "Output": [
                                                      "pg_index.indrelid",
                                                      "pg_index.indexrelid",
                                                      "tbl_1.relname"
                                                    ],
                                                    "Hash Buckets": 1024,
                                                    "Original Hash Buckets": 1024,
                                                    "Hash Batches": 1,
                                                    "Original Hash Batches": 1,
                                                    "Peak Memory Usage": 20,
                                                    "Shared Hit Blocks": 16,
                                                    "Shared Read Blocks": 0,
                                                    "Shared Dirtied Blocks": 0,
                                                    "Shared Written Blocks": 0,
                                                    "Local Hit Blocks": 0,
                                                    "Local Read Blocks": 0,
                                                    "Local Dirtied Blocks": 0,
                                                    "Local Written Blocks": 0,
                                                    "Temp Read Blocks": 0,
                                                    "Temp Written Blocks": 0,
                                                    "Plans": [
                                                      {
                                                        "Node Type": "Hash Join",
                                                        "Parent Relationship": "Outer",
                                                        "Parallel Aware": false,
                                                        "Join Type": "Inner",
                                                        "Startup Cost": 17.14,
                                                        "Total Cost": 23.42,
                                                        "Plan Rows": 36,
                                                        "Plan Width": 72,
                                                        "Actual Startup Time": 0.266,
                                                        "Actual Total Time": 0.378,
                                                        "Actual Rows": 116,
                                                        "Actual Loops": 1,
                                                        "Output": [
                                                          "pg_index.indrelid",
                                                          "pg_index.indexrelid",
                                                          "tbl_1.relname"
                                                        ],
                                                        "Inner Unique": true,
                                                        "Hash Cond": "(pg_index.indrelid = tbl_1.oid)",
                                                        "Shared Hit Blocks": 16,
                                                        "Shared Read Blocks": 0,
                                                        "Shared Dirtied Blocks": 0,
                                                        "Shared Written Blocks": 0,
                                                        "Local Hit Blocks": 0,
                                                        "Local Read Blocks": 0,
                                                        "Local Dirtied Blocks": 0,
                                                        "Local Written Blocks": 0,
                                                        "Temp Read Blocks": 0,
                                                        "Temp Written Blocks": 0,
                                                        "Plans": [
                                                          {
                                                            "Node Type": "Seq Scan",
                                                            "Parent Relationship": "Outer",
                                                            "Parallel Aware": false,
                                                            "Relation Name": "pg_index",
                                                            "Schema": "pg_catalog",
                                                            "Alias": "pg_index",
                                                            "Startup Cost": 0.0,
                                                            "Total Cost": 5.8,
                                                            "Plan Rows": 180,
                                                            "Plan Width": 8,
                                                            "Actual Startup Time": 0.003,
                                                            "Actual Total Time": 0.073,
                                                            "Actual Rows": 137,
                                                            "Actual Loops": 1,
                                                            "Output": [
                                                              "pg_index.indexrelid",
                                                              "pg_index.indrelid",
                                                              "pg_index.indnatts",
                                                              "pg_index.indnkeyatts",
                                                              "pg_index.indisunique",
                                                              "pg_index.indisprimary",
                                                              "pg_index.indisexclusion",
                                                              "pg_index.indimmediate",
                                                              "pg_index.indisclustered",
                                                              "pg_index.indisvalid",
                                                              "pg_index.indcheckxmin",
                                                              "pg_index.indisready",
                                                              "pg_index.indislive",
                                                              "pg_index.indisreplident",
                                                              "pg_index.indkey",
                                                              "pg_index.indcollation",
                                                              "pg_index.indclass",
                                                              "pg_index.indoption",
                                                              "pg_index.indexprs",
                                                              "pg_index.indpred"
                                                            ],
                                                            "Filter": "pg_index.indisvalid",
                                                            "Rows Removed by Filter": 0,
                                                            "Shared Hit Blocks": 4,
                                                            "Shared Read Blocks": 0,
                                                            "Shared Dirtied Blocks": 0,
                                                            "Shared Written Blocks": 0,
                                                            "Local Hit Blocks": 0,
                                                            "Local Read Blocks": 0,
                                                            "Local Dirtied Blocks": 0,
                                                            "Local Written Blocks": 0,
                                                            "Temp Read Blocks": 0,
                                                            "Temp Written Blocks": 0
                                                          },
                                                          {
                                                            "Node Type": "Hash",
                                                            "Parent Relationship": "Inner",
                                                            "Parallel Aware": false,
                                                            "Startup Cost": 16.27,
                                                            "Total Cost": 16.27,
                                                            "Plan Rows": 69,
                                                            "Plan Width": 68,
                                                            "Actual Startup Time": 0.229,
                                                            "Actual Total Time": 0.229,
                                                            "Actual Rows": 71,
                                                            "Actual Loops": 1,
                                                            "Output": [
                                                              "tbl_1.relname",
                                                              "tbl_1.oid"
                                                            ],
                                                            "Hash Buckets": 1024,
                                                            "Original Hash Buckets": 1024,
                                                            "Hash Batches": 1,
                                                            "Original Hash Batches": 1,
                                                            "Peak Memory Usage": 15,
                                                            "Shared Hit Blocks": 12,
                                                            "Shared Read Blocks": 0,
                                                            "Shared Dirtied Blocks": 0,
                                                            "Shared Written Blocks": 0,
                                                            "Local Hit Blocks": 0,
                                                            "Local Read Blocks": 0,
                                                            "Local Dirtied Blocks": 0,
                                                            "Local Written Blocks": 0,
                                                            "Temp Read Blocks": 0,
                                                            "Temp Written Blocks": 0,
                                                            "Plans": [
                                                              {
                                                                "Node Type": "Seq Scan",
                                                                "Parent Relationship": "Outer",
                                                                "Parallel Aware": false,
                                                                "Relation Name": "pg_class",
                                                                "Schema": "pg_catalog",
                                                                "Alias": "tbl_1",
                                                                "Startup Cost": 0.0,
                                                                "Total Cost": 16.27,
                                                                "Plan Rows": 69,
                                                                "Plan Width": 68,
                                                                "Actual Startup Time": 0.01,
                                                                "Actual Total Time": 0.182,
                                                                "Actual Rows": 71,
                                                                "Actual Loops": 1,
                                                                "Output": [
                                                                  "tbl_1.relname",
                                                                  "tbl_1.oid"
                                                                ],
                                                                "Filter": "(tbl_1.relkind = 'r'::\"char\")",
                                                                "Rows Removed by Filter": 277,
                                                                "Shared Hit Blocks": 12,
                                                                "Shared Read Blocks": 0,
                                                                "Shared Dirtied Blocks": 0,
                                                                "Shared Written Blocks": 0,
                                                                "Local Hit Blocks": 0,
                                                                "Local Read Blocks": 0,
                                                                "Local Dirtied Blocks": 0,
                                                                "Local Written Blocks": 0,
                                                                "Temp Read Blocks": 0,
                                                                "Temp Written Blocks": 0
                                                              }
                                                            ]
                                                          }
                                                        ]
                                                      }
                                                    ]
                                                  }
                                                ]
                                              },
                                              {
                                                "Node Type": "Hash",
                                                "Parent Relationship": "Inner",
                                                "Parallel Aware": false,
                                                "Startup Cost": 1.06,
                                                "Total Cost": 1.06,
                                                "Plan Rows": 6,
                                                "Plan Width": 68,
                                                "Actual Startup Time": 0.037,
                                                "Actual Total Time": 0.037,
                                                "Actual Rows": 7,
                                                "Actual Loops": 1,
                                                "Output": [
                                                  "pg_namespace.nspname",
                                                  "pg_namespace.oid"
                                                ],
                                                "Hash Buckets": 1024,
                                                "Original Hash Buckets": 1024,
                                                "Hash Batches": 1,
                                                "Original Hash Batches": 1,
                                                "Peak Memory Usage": 9,
                                                "Shared Hit Blocks": 1,
                                                "Shared Read Blocks": 0,
                                                "Shared Dirtied Blocks": 0,
                                                "Shared Written Blocks": 0,
                                                "Local Hit Blocks": 0,
                                                "Local Read Blocks": 0,
                                                "Local Dirtied Blocks": 0,
                                                "Local Written Blocks": 0,
                                                "Temp Read Blocks": 0,
                                                "Temp Written Blocks": 0,
                                                "Plans": [
                                                  {
                                                    "Node Type": "Seq Scan",
                                                    "Parent Relationship": "Outer",
                                                    "Parallel Aware": false,
                                                    "Relation Name": "pg_namespace",
                                                    "Schema": "pg_catalog",
                                                    "Alias": "pg_namespace",
                                                    "Startup Cost": 0.0,
                                                    "Total Cost": 1.06,
                                                    "Plan Rows": 6,
                                                    "Plan Width": 68,
                                                    "Actual Startup Time": 0.022,
                                                    "Actual Total Time": 0.024,
                                                    "Actual Rows": 7,
                                                    "Actual Loops": 1,
                                                    "Output": [
                                                      "pg_namespace.nspname",
                                                      "pg_namespace.oid"
                                                    ],
                                                    "Shared Hit Blocks": 1,
                                                    "Shared Read Blocks": 0,
                                                    "Shared Dirtied Blocks": 0,
                                                    "Shared Written Blocks": 0,
                                                    "Local Hit Blocks": 0,
                                                    "Local Read Blocks": 0,
                                                    "Local Dirtied Blocks": 0,
                                                    "Local Written Blocks": 0,
                                                    "Temp Read Blocks": 0,
                                                    "Temp Written Blocks": 0
                                                  }
                                                ]
                                              }
                                            ]
                                          },
                                          {
                                            "Node Type": "Index Scan",
                                            "Parent Relationship": "Inner",
                                            "Parallel Aware": false,
                                            "Scan Direction": "Forward",
                                            "Index Name": "pg_attribute_relid_attnum_index",
                                            "Relation Name": "pg_attribute",
                                            "Schema": "pg_catalog",
                                            "Alias": "a_2",
                                            "Startup Cost": 0.28,
                                            "Total Cost": 1.71,
                                            "Plan Rows": 6,
                                            "Plan Width": 238,
                                            "Actual Startup Time": 0.004,
                                            "Actual Total Time": 0.005,
                                            "Actual Rows": 2,
                                            "Actual Loops": 116,
                                            "Output": [
                                              "a_2.attrelid",
                                              "a_2.attname",
                                              "a_2.atttypid",
                                              "a_2.attstattarget",
                                              "a_2.attlen",
                                              "a_2.attnum",
                                              "a_2.attndims",
                                              "a_2.attcacheoff",
                                              "a_2.atttypmod",
                                              "a_2.attbyval",
                                              "a_2.attstorage",
                                              "a_2.attalign",
                                              "a_2.attnotnull",
                                              "a_2.atthasdef",
                                              "a_2.atthasmissing",
                                              "a_2.attidentity",
                                              "a_2.attisdropped",
                                              "a_2.attislocal",
                                              "a_2.attinhcount",
                                              "a_2.attcollation",
                                              "a_2.attacl",
                                              "a_2.attoptions",
                                              "a_2.attfdwoptions",
                                              "a_2.attmissingval"
                                            ],
                                            "Index Cond": "((a_2.attrelid = pg_index.indexrelid) AND (a_2.attnum > 0))",
                                            "Rows Removed by Index Recheck": 0,
                                            "Shared Hit Blocks": 351,
                                            "Shared Read Blocks": 0,
                                            "Shared Dirtied Blocks": 0,
                                            "Shared Written Blocks": 0,
                                            "Local Hit Blocks": 0,
                                            "Local Read Blocks": 0,
                                            "Local Dirtied Blocks": 0,
                                            "Local Written Blocks": 0,
                                            "Temp Read Blocks": 0,
                                            "Temp Written Blocks": 0
                                          }
                                        ]
                                      }
                                    ]
                                  },
                                  {
                                    "Node Type": "Nested Loop",
                                    "Parent Relationship": "Inner",
                                    "Parallel Aware": false,
                                    "Join Type": "Inner",
                                    "Startup Cost": 19.89,
                                    "Total Cost": 101.67,
                                    "Plan Rows": 1,
                                    "Plan Width": 401,
                                    "Actual Startup Time": 0.008,
                                    "Actual Total Time": 0.857,
                                    "Actual Rows": 365,
                                    "Actual Loops": 193,
                                    "Output": [
                                      "n_2.nspname",
                                      "c_3.relname",
                                      "a_1.attname",
                                      "NULL::boolean",
                                      "s_3.stanullfrac",
                                      "s_3.stawidth",
                                      "NULL::real",
                                      "NULL::anyarray",
                                      "NULL::real[]",
                                      "NULL::anyarray",
                                      "NULL::real",
                                      "NULL::anyarray",
                                      "NULL::real[]",
                                      "NULL::real[]"
                                    ],
                                    "Inner Unique": true,
                                    "Join Filter": "(has_column_privilege(c_3.oid, a_1.attnum, 'select'::text) AND (c_3.oid = a_1.attrelid))",
                                    "Rows Removed by Join Filter": 0,
                                    "Shared Hit Blocks": 214436,
                                    "Shared Read Blocks": 0,
                                    "Shared Dirtied Blocks": 0,
                                    "Shared Written Blocks": 0,
                                    "Local Hit Blocks": 0,
                                    "Local Read Blocks": 0,
                                    "Local Dirtied Blocks": 0,
                                    "Local Written Blocks": 0,
                                    "Temp Read Blocks": 0,
                                    "Temp Written Blocks": 0,
                                    "Plans": [
                                      {
                                        "Node Type": "Hash Join",
                                        "Parent Relationship": "Outer",
                                        "Parallel Aware": false,
                                        "Join Type": "Inner",
                                        "Startup Cost": 19.61,
                                        "Total Cost": 41.74,
                                        "Plan Rows": 66,
                                        "Plan Width": 146,
                                        "Actual Startup Time": 0.004,
                                        "Actual Total Time": 0.157,
                                        "Actual Rows": 365,
                                        "Actual Loops": 193,
                                        "Output": [
                                          "s_3.stanullfrac",
                                          "s_3.stawidth",
                                          "s_3.starelid",
                                          "s_3.staattnum",
                                          "c_3.relname",
                                          "c_3.oid",
                                          "n_2.nspname"
                                        ],
                                        "Inner Unique": false,
                                        "Hash Cond": "(s_3.starelid = c_3.oid)",
                                        "Shared Hit Blocks": 3101,
                                        "Shared Read Blocks": 0,
                                        "Shared Dirtied Blocks": 0,
                                        "Shared Written Blocks": 0,
                                        "Local Hit Blocks": 0,
                                        "Local Read Blocks": 0,
                                        "Local Dirtied Blocks": 0,
                                        "Local Written Blocks": 0,
                                        "Temp Read Blocks": 0,
                                        "Temp Written Blocks": 0,
                                        "Plans": [
                                          {
                                            "Node Type": "Seq Scan",
                                            "Parent Relationship": "Outer",
                                            "Parallel Aware": false,
                                            "Relation Name": "pg_statistic",
                                            "Schema": "pg_catalog",
                                            "Alias": "s_3",
                                            "Startup Cost": 0.0,
                                            "Total Cost": 19.98,
                                            "Plan Rows": 398,
                                            "Plan Width": 14,
                                            "Actual Startup Time": 0.001,
                                            "Actual Total Time": 0.035,
                                            "Actual Rows": 398,
                                            "Actual Loops": 193,
                                            "Output": [
                                              "s_3.starelid",
                                              "s_3.staattnum",
                                              "s_3.stainherit",
                                              "s_3.stanullfrac",
                                              "s_3.stawidth",
                                              "s_3.stadistinct",
                                              "s_3.stakind1",
                                              "s_3.stakind2",
                                              "s_3.stakind3",
                                              "s_3.stakind4",
                                              "s_3.stakind5",
                                              "s_3.staop1",
                                              "s_3.staop2",
                                              "s_3.staop3",
                                              "s_3.staop4",
                                              "s_3.staop5",
                                              "s_3.stanumbers1",
                                              "s_3.stanumbers2",
                                              "s_3.stanumbers3",
                                              "s_3.stanumbers4",
                                              "s_3.stanumbers5",
                                              "s_3.stavalues1",
                                              "s_3.stavalues2",
                                              "s_3.stavalues3",
                                              "s_3.stavalues4",
                                              "s_3.stavalues5"
                                            ],
                                            "Shared Hit Blocks": 3088,
                                            "Shared Read Blocks": 0,
                                            "Shared Dirtied Blocks": 0,
                                            "Shared Written Blocks": 0,
                                            "Local Hit Blocks": 0,
                                            "Local Read Blocks": 0,
                                            "Local Dirtied Blocks": 0,
                                            "Local Written Blocks": 0,
                                            "Temp Read Blocks": 0,
                                            "Temp Written Blocks": 0
                                          },
                                          {
                                            "Node Type": "Hash",
                                            "Parent Relationship": "Inner",
                                            "Parallel Aware": false,
                                            "Startup Cost": 18.89,
                                            "Total Cost": 18.89,
                                            "Plan Rows": 57,
                                            "Plan Width": 132,
                                            "Actual Startup Time": 0.476,
                                            "Actual Total Time": 0.476,
                                            "Actual Rows": 237,
                                            "Actual Loops": 1,
                                            "Output": [
                                              "c_3.relname",
                                              "c_3.oid",
                                              "n_2.nspname"
                                            ],
                                            "Hash Buckets": 1024,
                                            "Original Hash Buckets": 1024,
                                            "Hash Batches": 1,
                                            "Original Hash Batches": 1,
                                            "Peak Memory Usage": 46,
                                            "Shared Hit Blocks": 13,
                                            "Shared Read Blocks": 0,
                                            "Shared Dirtied Blocks": 0,
                                            "Shared Written Blocks": 0,
                                            "Local Hit Blocks": 0,
                                            "Local Read Blocks": 0,
                                            "Local Dirtied Blocks": 0,
                                            "Local Written Blocks": 0,
                                            "Temp Read Blocks": 0,
                                            "Temp Written Blocks": 0,
                                            "Plans": [
                                              {
                                                "Node Type": "Hash Join",
                                                "Parent Relationship": "Outer",
                                                "Parallel Aware": false,
                                                "Join Type": "Inner",
                                                "Startup Cost": 1.09,
                                                "Total Cost": 18.89,
                                                "Plan Rows": 57,
                                                "Plan Width": 132,
                                                "Actual Startup Time": 0.098,
                                                "Actual Total Time": 0.355,
                                                "Actual Rows": 237,
                                                "Actual Loops": 1,
                                                "Output": [
                                                  "c_3.relname",
                                                  "c_3.oid",
                                                  "n_2.nspname"
                                                ],
                                                "Inner Unique": true,
                                                "Hash Cond": "(c_3.relnamespace = n_2.oid)",
                                                "Shared Hit Blocks": 13,
                                                "Shared Read Blocks": 0,
                                                "Shared Dirtied Blocks": 0,
                                                "Shared Written Blocks": 0,
                                                "Local Hit Blocks": 0,
                                                "Local Read Blocks": 0,
                                                "Local Dirtied Blocks": 0,
                                                "Local Written Blocks": 0,
                                                "Temp Read Blocks": 0,
                                                "Temp Written Blocks": 0,
                                                "Plans": [
                                                  {
                                                    "Node Type": "Seq Scan",
                                                    "Parent Relationship": "Outer",
                                                    "Parallel Aware": false,
                                                    "Relation Name": "pg_class",
                                                    "Schema": "pg_catalog",
                                                    "Alias": "c_3",
                                                    "Startup Cost": 0.0,
                                                    "Total Cost": 16.27,
                                                    "Plan Rows": 342,
                                                    "Plan Width": 72,
                                                    "Actual Startup Time": 0.012,
                                                    "Actual Total Time": 0.206,
                                                    "Actual Rows": 348,
                                                    "Actual Loops": 1,
                                                    "Output": [
                                                      "c_3.relname",
                                                      "c_3.oid",
                                                      "c_3.relnamespace"
                                                    ],
                                                    "Filter": "((NOT c_3.relrowsecurity) OR (NOT row_security_active(c_3.oid)))",
                                                    "Rows Removed by Filter": 0,
                                                    "Shared Hit Blocks": 12,
                                                    "Shared Read Blocks": 0,
                                                    "Shared Dirtied Blocks": 0,
                                                    "Shared Written Blocks": 0,
                                                    "Local Hit Blocks": 0,
                                                    "Local Read Blocks": 0,
                                                    "Local Dirtied Blocks": 0,
                                                    "Local Written Blocks": 0,
                                                    "Temp Read Blocks": 0,
                                                    "Temp Written Blocks": 0
                                                  },
                                                  {
                                                    "Node Type": "Hash",
                                                    "Parent Relationship": "Inner",
                                                    "Parallel Aware": false,
                                                    "Startup Cost": 1.07,
                                                    "Total Cost": 1.07,
                                                    "Plan Rows": 1,
                                                    "Plan Width": 68,
                                                    "Actual Startup Time": 0.027,
                                                    "Actual Total Time": 0.027,
                                                    "Actual Rows": 1,
                                                    "Actual Loops": 1,
                                                    "Output": [
                                                      "n_2.nspname",
                                                      "n_2.oid"
                                                    ],
                                                    "Hash Buckets": 1024,
                                                    "Original Hash Buckets": 1024,
                                                    "Hash Batches": 1,
                                                    "Original Hash Batches": 1,
                                                    "Peak Memory Usage": 9,
                                                    "Shared Hit Blocks": 1,
                                                    "Shared Read Blocks": 0,
                                                    "Shared Dirtied Blocks": 0,
                                                    "Shared Written Blocks": 0,
                                                    "Local Hit Blocks": 0,
                                                    "Local Read Blocks": 0,
                                                    "Local Dirtied Blocks": 0,
                                                    "Local Written Blocks": 0,
                                                    "Temp Read Blocks": 0,
                                                    "Temp Written Blocks": 0,
                                                    "Plans": [
                                                      {
                                                        "Node Type": "Seq Scan",
                                                        "Parent Relationship": "Outer",
                                                        "Parallel Aware": false,
                                                        "Relation Name": "pg_namespace",
                                                        "Schema": "pg_catalog",
                                                        "Alias": "n_2",
                                                        "Startup Cost": 0.0,
                                                        "Total Cost": 1.07,
                                                        "Plan Rows": 1,
                                                        "Plan Width": 68,
                                                        "Actual Startup Time": 0.021,
                                                        "Actual Total Time": 0.022,
                                                        "Actual Rows": 1,
                                                        "Actual Loops": 1,
                                                        "Output": [
                                                          "n_2.nspname",
                                                          "n_2.oid"
                                                        ],
                                                        "Filter": "(n_2.nspname = 'pg_catalog'::name)",
                                                        "Rows Removed by Filter": 6,
                                                        "Shared Hit Blocks": 1,
                                                        "Shared Read Blocks": 0,
                                                        "Shared Dirtied Blocks": 0,
                                                        "Shared Written Blocks": 0,
                                                        "Local Hit Blocks": 0,
                                                        "Local Read Blocks": 0,
                                                        "Local Dirtied Blocks": 0,
                                                        "Local Written Blocks": 0,
                                                        "Temp Read Blocks": 0,
                                                        "Temp Written Blocks": 0
                                                      }
                                                    ]
                                                  }
                                                ]
                                              }
                                            ]
                                          }
                                        ]
                                      },
                                      {
                                        "Node Type": "Index Scan",
                                        "Parent Relationship": "Inner",
                                        "Parallel Aware": false,
                                        "Scan Direction": "Forward",
                                        "Index Name": "pg_attribute_relid_attnum_index",
                                        "Relation Name": "pg_attribute",
                                        "Schema": "pg_catalog",
                                        "Alias": "a_1",
                                        "Startup Cost": 0.28,
                                        "Total Cost": 0.89,
                                        "Plan Rows": 1,
                                        "Plan Width": 70,
                                        "Actual Startup Time": 0.001,
                                        "Actual Total Time": 0.001,
                                        "Actual Rows": 1,
                                        "Actual Loops": 70445,
                                        "Output": [
                                          "a_1.attrelid",
                                          "a_1.attname",
                                          "a_1.atttypid",
                                          "a_1.attstattarget",
                                          "a_1.attlen",
                                          "a_1.attnum",
                                          "a_1.attndims",
                                          "a_1.attcacheoff",
                                          "a_1.atttypmod",
                                          "a_1.attbyval",
                                          "a_1.attstorage",
                                          "a_1.attalign",
                                          "a_1.attnotnull",
                                          "a_1.atthasdef",
                                          "a_1.atthasmissing",
                                          "a_1.attidentity",
                                          "a_1.attisdropped",
                                          "a_1.attislocal",
                                          "a_1.attinhcount",
                                          "a_1.attcollation",
                                          "a_1.attacl",
                                          "a_1.attoptions",
                                          "a_1.attfdwoptions",
                                          "a_1.attmissingval"
                                        ],
                                        "Index Cond": "((a_1.attrelid = s_3.starelid) AND (a_1.attnum = s_3.staattnum))",
                                        "Rows Removed by Index Recheck": 0,
                                        "Filter": "(NOT a_1.attisdropped)",
                                        "Rows Removed by Filter": 0,
                                        "Shared Hit Blocks": 211335,
                                        "Shared Read Blocks": 0,
                                        "Shared Dirtied Blocks": 0,
                                        "Shared Written Blocks": 0,
                                        "Local Hit Blocks": 0,
                                        "Local Read Blocks": 0,
                                        "Local Dirtied Blocks": 0,
                                        "Local Written Blocks": 0,
                                        "Temp Read Blocks": 0,
                                        "Temp Written Blocks": 0
                                      }
                                    ]
                                  }
                                ]
                              },
                              {
                                "Node Type": "Index Only Scan",
                                "Parent Relationship": "Inner",
                                "Parallel Aware": false,
                                "Scan Direction": "Forward",
                                "Index Name": "pg_type_oid_index",
                                "Relation Name": "pg_type",
                                "Schema": "pg_catalog",
                                "Alias": "t",
                                "Startup Cost": 0.15,
                                "Total Cost": 4.17,
                                "Plan Rows": 1,
                                "Plan Width": 4,
                                "Actual Startup Time": 0.005,
                                "Actual Total Time": 0.005,
                                "Actual Rows": 1,
                                "Actual Loops": 100,
                                "Output": ["t.oid"],
                                "Index Cond": "(t.oid = q.atttypid)",
                                "Rows Removed by Index Recheck": 0,
                                "Heap Fetches": 0,
                                "Shared Hit Blocks": 101,
                                "Shared Read Blocks": 0,
                                "Shared Dirtied Blocks": 0,
                                "Shared Written Blocks": 0,
                                "Local Hit Blocks": 0,
                                "Local Read Blocks": 0,
                                "Local Dirtied Blocks": 0,
                                "Local Written Blocks": 0,
                                "Temp Read Blocks": 0,
                                "Temp Written Blocks": 0
                              }
                            ]
                          }
                        ]
                      }
                    ]
                  },
                  {
                    "Node Type": "Seq Scan",
                    "Parent Relationship": "Inner",
                    "Parallel Aware": false,
                    "Relation Name": "pg_am",
                    "Schema": "pg_catalog",
                    "Alias": "am",
                    "Startup Cost": 0.0,
                    "Total Cost": 1.07,
                    "Plan Rows": 1,
                    "Plan Width": 4,
                    "Actual Startup Time": 0.0,
                    "Actual Total Time": 0.0,
                    "Actual Rows": 1,
                    "Actual Loops": 47,
                    "Output": ["am.oid"],
                    "Filter": "(am.amname = 'btree'::name)",
                    "Rows Removed by Filter": 0,
                    "Shared Hit Blocks": 47,
                    "Shared Read Blocks": 0,
                    "Shared Dirtied Blocks": 0,
                    "Shared Written Blocks": 0,
                    "Local Hit Blocks": 0,
                    "Local Read Blocks": 0,
                    "Local Dirtied Blocks": 0,
                    "Local Written Blocks": 0,
                    "Temp Read Blocks": 0,
                    "Temp Written Blocks": 0
                  }
                ]
              }
            ]
          }
        ]
      }
    ]
  }
}
`,BX=`[
  {
    "Plan": {
      "Node Type": "Aggregate",
      "Strategy": "Plain",
      "Partial Mode": "Finalize",
      "Parallel Aware": false,
      "Startup Cost": 144975.01,
      "Total Cost": 144975.02,
      "Plan Rows": 1,
      "Plan Width": 32,
      "Actual Startup Time": 484.97,
      "Actual Total Time": 484.97,
      "Actual Rows": 1,
      "Actual Loops": 1,
      "Output": ["sum(l_quantity)"],
      "Plans": [
        {
          "Node Type": "Gather",
          "Parent Relationship": "Outer",
          "Parallel Aware": false,
          "Startup Cost": 144974.57,
          "Total Cost": 144974.98,
          "Plan Rows": 4,
          "Plan Width": 32,
          "Actual Startup Time": 484.868,
          "Actual Total Time": 486.428,
          "Actual Rows": 3,
          "Actual Loops": 1,
          "Output": ["(PARTIAL sum(l_quantity))"],
          "Workers Planned": 4,
          "Workers Launched": 2,
          "Single Copy": false,
          "Plans": [
            {
              "Node Type": "Aggregate",
              "Strategy": "Plain",
              "Partial Mode": "Partial",
              "Parent Relationship": "Outer",
              "Parallel Aware": false,
              "Startup Cost": 143974.57,
              "Total Cost": 143974.58,
              "Plan Rows": 1,
              "Plan Width": 32,
              "Actual Startup Time": 482.39,
              "Actual Total Time": 482.39,
              "Actual Rows": 1,
              "Actual Loops": 3,
              "Output": ["PARTIAL sum(l_quantity)"],
              "Workers": [
                {
                  "Worker Number": 0,
                  "Actual Startup Time": 481.485,
                  "Actual Total Time": 481.485,
                  "Actual Rows": 1,
                  "Actual Loops": 1
                },
                {
                  "Worker Number": 1,
                  "Actual Startup Time": 481.56,
                  "Actual Total Time": 481.56,
                  "Actual Rows": 1,
                  "Actual Loops": 1
                }
              ],
              "Plans": [
                {
                  "Node Type": "Seq Scan",
                  "Parent Relationship": "Outer",
                  "Parallel Aware": true,
                  "Relation Name": "lineitem",
                  "Schema": "public",
                  "Alias": "lineitem",
                  "Startup Cost": 0.0,
                  "Total Cost": 140298.89,
                  "Plan Rows": 1470273,
                  "Plan Width": 5,
                  "Actual Startup Time": 0.652,
                  "Actual Total Time": 344.447,
                  "Actual Rows": 1962085,
                  "Actual Loops": 3,
                  "Output": [
                    "l_orderkey",
                    "l_partkey",
                    "l_suppkey",
                    "l_linenumber",
                    "l_quantity",
                    "l_extendedprice",
                    "l_discount",
                    "l_tax",
                    "l_returnflag",
                    "l_linestatus",
                    "l_shipdate",
                    "l_commitdate",
                    "l_receiptdate",
                    "l_shipinstruct",
                    "l_shipmode",
                    "l_comment"
                  ],
                  "Filter": "(lineitem.l_shipdate <= '1998-08-18 00:00:00'::timestamp without time zone)",
                  "Rows Removed by Filter": 38320,
                  "Workers": [
                    {
                      "Worker Number": 0,
                      "Actual Startup Time": 0.414,
                      "Actual Total Time": 344.435,
                      "Actual Rows": 1962858,
                      "Actual Loops": 1
                    },
                    {
                      "Worker Number": 1,
                      "Actual Startup Time": 0.441,
                      "Actual Total Time": 344.431,
                      "Actual Rows": 1971199,
                      "Actual Loops": 1
                    }
                  ]
                }
              ]
            }
          ]
        }
      ]
    },
    "Planning Time": 0.591,
    "Triggers": [],
    "Execution Time": 486.495
  }
]`,PX=`select
        l_shipmode,
        sum(case
                when o_orderpriority = '1-URGENT'
                        or o_orderpriority = '2-HIGH'
                        then 1
                else 0
        end) as high_line_count,
        sum(case
                when o_orderpriority <> '1-URGENT'
                        and o_orderpriority <> '2-HIGH'
                        then 1
                else 0
        end) as low_line_count
from
        orders,
        lineitem
where
        o_orderkey = l_orderkey
        and l_shipmode in ('MAIL', 'AIR')
        and l_commitdate < l_receiptdate
        and l_shipdate < l_commitdate
        and l_receiptdate >= date '1996-01-01'
        and l_receiptdate < date '1996-01-01' + interval '1' year
group by
        l_shipmode
order by
        l_shipmode
LIMIT 1;
`,DX=` Limit  (cost=1964755.66..1964961.44 rows=1 width=27) (actual time=7579.592..7922.997 rows=1 loops=1)
   ->  Finalize GroupAggregate  (cost=1964755.66..1966196.11 rows=7 width=27) (actual time=7579.590..7579.591 rows=1 loops=1)
         Group Key: lineitem.l_shipmode
         ->  Gather Merge  (cost=1964755.66..1966195.83 rows=28 width=27) (actual time=7559.593..7922.319 rows=6 loops=1)
               Workers Planned: 4
               Workers Launched: 4
               ->  Partial GroupAggregate  (cost=1963755.61..1965192.44 rows=7 width=27) (actual time=7548.103..7564.592 rows=2 loops=5)
                     Group Key: lineitem.l_shipmode
                     ->  Sort  (cost=1963755.61..1963935.20 rows=71838 width=27) (actual time=7530.280..7539.688 rows=62519 loops=5)
                           Sort Key: lineitem.l_shipmode
                           Sort Method: external merge  Disk: 2304kB
                           Worker 0:  Sort Method: external merge  Disk: 2064kB
                           Worker 1:  Sort Method: external merge  Disk: 2384kB
                           Worker 2:  Sort Method: external merge  Disk: 2264kB
                           Worker 3:  Sort Method: external merge  Disk: 2336kB
                           ->  Parallel Hash Join  (cost=382571.01..1957960.99 rows=71838 width=27) (actual time=7036.917..7499.692 rows=62519 loops=5)
                                 Hash Cond: (lineitem.l_orderkey = orders.o_orderkey)
                                 ->  Parallel Seq Scan on lineitem  (cost=0.00..1552386.40 rows=71838 width=19) (actual time=0.583..4901.063 rows=62519 loops=5)
                                       Filter: ((l_shipmode = ANY ('{MAIL,AIR}'::bpchar[])) AND (l_commitdate < l_receiptdate) AND (l_shipdate < l_commitdate) AND (l_receiptdate >= '1996-01-01'::date) AND (l_receiptdate < '1997-01-01 00:00:00'::timestamp without time zone))
                                       Rows Removed by Filter: 11934691
                                 ->  Parallel Hash  (cost=313722.45..313722.45 rows=3750045 width=20) (actual time=2011.518..2011.518 rows=3000000 loops=5)
                                       Buckets: 65536  Batches: 256  Memory Usage: 3840kB
                                       ->  Parallel Seq Scan on orders  (cost=0.00..313722.45 rows=3750045 width=20) (actual time=0.029..995.948 rows=3000000 loops=5)
 Planning Time: 0.977 ms
 Execution Time: 7923.770 ms`,MX=`                                                                                            QUERY PLAN
--------------------------------------------------------------------------------------------------------------------------------------------------------------------------------------------------
 Delete on emailmessages  (cost=224.85..38989.92 rows=5000 width=34) (actual time=217158.570..217158.570 rows=0 loops=1)
   Buffers: shared hit=2579331 read=506594 dirtied=503671
   ->  Nested Loop  (cost=224.85..38989.92 rows=5000 width=34) (actual time=7.105..4576.019 rows=5000 loops=1)
         Buffers: shared hit=20223 read=395
         ->  HashAggregate  (cost=224.42..274.42 rows=5000 width=32) (actual time=7.072..23.891 rows=5000 loops=1)
               Group Key: "ANY_subquery".emailmessageid
               Buffers: shared hit=583
               ->  Subquery Scan on "ANY_subquery"  (cost=0.43..211.92 rows=5000 width=32) (actual time=0.064..3.892 rows=5000 loops=1)
                     Buffers: shared hit=583
                     ->  Limit  (cost=0.43..161.92 rows=5000 width=4) (actual time=0.053..2.808 rows=5000 loops=1)
                           Buffers: shared hit=583
                           ->  Index Only Scan using emailmessages_pkey on emailmessages emailmessages_1  (cost=0.43..89834.20 rows=2781465 width=4) (actual time=0.051..2.260 rows=5000 loops=1)
                                 Heap Fetches: 609
                                 Buffers: shared hit=583
         ->  Index Scan using emailmessages_pkey on emailmessages  (cost=0.43..7.73 rows=1 width=10) (actual time=0.903..0.905 rows=1 loops=5000)
               Index Cond: (emailmessageid = "ANY_subquery".emailmessageid)
               Buffers: shared hit=19640 read=395
 Planning time: 2.482 ms
 Trigger for constraint headeremessageref: time=4038.247 calls=5000
 Trigger for constraint formdataemessageref: time=81.415 calls=5000
 Trigger for constraint attachemessageref: time=158945.774 calls=5000
 Trigger for constraint outgoingemessageref: time=332.316 calls=5000
 Trigger for constraint incomingemessageref: time=125.492 calls=5000
 Trigger for constraint eventemessageref: time=251.365 calls=5000
 Trigger for constraint filteredemessageref: time=125.894 calls=5000
 Execution time: 381072.164 ms
(26 rows)`,HX="DELETE FROM emailmessages where emailmessageid in ( select emailmessageid from emailmessages limit 5000 );",WX=`[
  {
    "Plan": {
      "Node Type": "ModifyTable",
      "Operation": "Insert",
      "Parallel Aware": false,
      "Relation Name": "emp",
      "Schema": "brut",
      "Alias": "emp",
      "Startup Cost": 0.0,
      "Total Cost": 0.01,
      "Plan Rows": 1,
      "Plan Width": 44,
      "Actual Startup Time": 0.401,
      "Actual Total Time": 0.401,
      "Actual Rows": 0,
      "Actual Loops": 1,
      "Shared Hit Blocks": 1,
      "Shared Read Blocks": 0,
      "Shared Dirtied Blocks": 0,
      "Shared Written Blocks": 0,
      "Local Hit Blocks": 0,
      "Local Read Blocks": 0,
      "Local Dirtied Blocks": 0,
      "Local Written Blocks": 0,
      "Temp Read Blocks": 0,
      "Temp Written Blocks": 0,
      "Plans": [
        {
          "Node Type": "Result",
          "Parent Relationship": "Member",
          "Parallel Aware": false,
          "Startup Cost": 0.0,
          "Total Cost": 0.01,
          "Plan Rows": 1,
          "Plan Width": 44,
          "Actual Startup Time": 0.004,
          "Actual Total Time": 0.004,
          "Actual Rows": 1,
          "Actual Loops": 1,
          "Output": ["10000", "now()", "'pouet'::text"],
          "Shared Hit Blocks": 0,
          "Shared Read Blocks": 0,
          "Shared Dirtied Blocks": 0,
          "Shared Written Blocks": 0,
          "Local Hit Blocks": 0,
          "Local Read Blocks": 0,
          "Local Dirtied Blocks": 0,
          "Local Written Blocks": 0,
          "Temp Read Blocks": 0,
          "Temp Written Blocks": 0
        }
      ]
    },
    "Planning Time": 0.049,
    "Triggers": [
      {
        "Trigger Name": "emp_stamp",
        "Relation": "emp",
        "Time": 1.565,
        "Calls": 1
      },
      {
        "Trigger Name": "emp_stamp2",
        "Relation": "emp",
        "Time": 0.106,
        "Calls": 1
      }
    ],
    "Execution Time": 2.121
  }
]`,UX="INSERT INTO brut.emp VALUES (10000, NOW(), 'pouet');",$X="pev2",FX=1;let gl;const _h={async getDb(){return new Promise((t,e)=>{if(gl)return t(gl);console.log("OPENING DB",gl);const n=window.indexedDB.open($X,FX);n.onerror=r=>{console.log("Error opening db",r),e("Error")},n.onsuccess=()=>{gl=n.result,t(gl)},n.onupgradeneeded=()=>{console.log("onupgradeneeded"),n.result.createObjectStore("plans",{autoIncrement:!0,keyPath:"id"})}})},async deletePlan(t){const e=await this.getDb();return new Promise(n=>{const r=e.transaction(["plans"],"readwrite");r.oncomplete=()=>{n()},r.objectStore("plans").delete(t.id)})},async getPlans(){const t=await this.getDb();return new Promise(e=>{const n=t.transaction(["plans"],"readonly");n.oncomplete=()=>{e(i)};const r=n.objectStore("plans"),i=[];r.openCursor().onsuccess=o=>{const l=o.target.result;l&&(i.push(l.value),l.continue())}})},async savePlan(t){const e=await this.getDb();return new Promise(n=>{const r=e.transaction(["plans"],"readwrite");r.oncomplete=()=>{n()},r.objectStore("plans").put(t)})}},VX={class:"container"},zX={class:"row mb-3"},GX={class:"col d-flex"},KX={class:"dropdown ms-auto"},XX={class:"dropdown-menu","aria-labelledby":"dropdownMenuButton"},YX=["onClick"],qX={class:"row"},jX={class:"col-sm-7"},JX={class:"mb-3"},QX={class:"mb-3"},ZX={class:"mb-3"},tY={class:"col-sm-5 mb-4 mt-4 mt-md-0"},eY={class:"list-group"},nY={class:"row"},rY={class:"col"},iY=["onClick"],sY=["onClick"],oY=["onClick"],aY={class:"row"},lY={class:"col"},cY={class:"text-secondary"},uY=["title"],dY={key:0,class:"text-secondary text-center"},fY=Xe({__name:"HomeView",setup(t){const e=Le("setPlanData"),n=se(""),r=se(""),i=se(""),o=se(!1),l=se(!1),c=se(),u=se([["Example 1 TEXT",TX,KT],["Example 1 JSON",vX,KT],["Example 2",SX,AX],["Example 3",RX,bX],["Example 5",OX,yX],["With subplan",NX,""],["With Buffers",CX,xX],["With CTE",wX,IX],["With CTEs",LX,""],["Very large plan",kX,""],["With trigger",WX,UX],["With trigger (plain text)",MX,HX],["Parallel (verbose)",BX,""],["Parallel (4 workers)",DX,PX]]);function p(){const O=["","",""];O[0]=i.value||"New Plan - "+new Date().toLocaleString("en-US",{dateStyle:"medium",timeStyle:"medium"}),O[1]=n.value,O[2]=r.value,O[3]=new Date().toISOString(),f(O),e(...O)}async function f(O){await _h.savePlan(O)}yo(()=>{const O=document.getElementsByTagName("textarea");Array.prototype.forEach.call(O,G=>{G.placeholder=G.placeholder.replace(/\\n/g,`
`)});const L=window.location.href.replace(/#.*$/,"");window.history.replaceState("",document.title,L),E()});async function E(){const O=await _h.getPlans();c.value=O.slice().reverse()}function A(O){O&&(i.value=O[0],n.value=O[1],r.value=O[2])}function y(O){e(O[0],O[1],O[2])}function B(O){A(O)}async function R(O){await _h.deletePlan(O),E()}function M(O){const L=O.srcElement;if(!(L instanceof HTMLTextAreaElement)||(o.value=!1,l.value=!1,!O.dataTransfer))return;const G=O.dataTransfer.files[0],g=new FileReader;g.onload=()=>{g.result instanceof ArrayBuffer||(L.value=g.result||"",L.dispatchEvent(new Event("input")))},g.readAsText(G)}return(O,L)=>(k(),Be(im,null,{default:ze(()=>[v("div",VX,[L[32]||(L[32]=v("div",{class:"alert alert-warning"},[T(`
        This is the demo application for
        `),v("a",{href:"https://github.com/dalibo/pev2"},"PEV2"),T(`. It is serverless and
        doesn't store your plans.
        `),v("br"),T(`
        Please consider using
        `),v("a",{href:"https://explain.dalibo.com"},"explain.dalibo.com"),T(` instead if
        you want to save or share your plans.
      `)],-1)),L[33]||(L[33]=T()),v("div",zX,[v("div",GX,[L[9]||(L[9]=v("div",{class:"text-secondary"},[T(`
            For best results, use
            `),v("code",null,`
              EXPLAIN (ANALYZE, COSTS, VERBOSE, BUFFERS, FORMAT JSON)
            `),T(),v("br"),T(),v("em",null,"psql"),T(` users can export the plan to a file using
            `),v("code",null,"psql -XqAt -f explain.sql > analyze.json")],-1)),L[10]||(L[10]=T()),v("div",KX,[L[7]||(L[7]=v("button",{class:"btn btn-secondary dropdown-toggle",type:"button",id:"dropdownMenuButton","data-bs-toggle":"dropdown","aria-haspopup":"true","aria-expanded":"false"},`
              Sample Plans
            `,-1)),L[8]||(L[8]=T()),v("div",XX,[(k(!0),D(Vt,null,je(u.value,(G,g)=>(k(),D("a",{key:g,class:"dropdown-item",onClick:Me($=>A(G),["prevent"]),href:""},vt(G[0]),9,YX))),128))])])])]),L[34]||(L[34]=T()),v("div",qX,[v("div",jX,[v("form",{onSubmit:Me(p,["prevent"])},[v("div",JX,[L[11]||(L[11]=v("label",{for:"planInput",class:"form-label"},[T(`
                Plan `),v("span",{class:"small text-secondary"},"(text or JSON)")],-1)),L[12]||(L[12]=T()),be(v("textarea",{class:Pt(["form-control",o.value?"dropzone-over":""]),id:"planInput",rows:"8","onUpdate:modelValue":L[0]||(L[0]=G=>n.value=G),onDragenter:L[1]||(L[1]=G=>o.value=!0),onDragleave:L[2]||(L[2]=G=>o.value=!1),onDrop:Me(M,["prevent"]),placeholder:"Paste execution plan\\nOr drop a file"},"              ",34),[[xp,n.value]])]),L[17]||(L[17]=T()),v("div",QX,[L[13]||(L[13]=v("label",{for:"queryInput",class:"form-label"},[T(`
                Query `),v("span",{class:"small text-secondary"},"(optional)")],-1)),L[14]||(L[14]=T()),be(v("textarea",{class:Pt(["form-control",l.value?"dropzone-over":""]),id:"queryInput",rows:"8","onUpdate:modelValue":L[3]||(L[3]=G=>r.value=G),onDragenter:L[4]||(L[4]=G=>l.value=!0),onDragleave:L[5]||(L[5]=G=>l.value=!1),onDrop:Me(M,["prevent"]),placeholder:"Paste corresponding SQL query\\nOr drop a file"},"              ",34),[[xp,r.value]])]),L[18]||(L[18]=T()),v("div",ZX,[L[15]||(L[15]=v("label",{for:"queryName",class:"form-label"},[T(`
                Plan Name `),v("span",{class:"small text-secondary"},"(optional)")],-1)),L[16]||(L[16]=T()),be(v("input",{type:"text",class:"form-control",id:"queryName","onUpdate:modelValue":L[6]||(L[6]=G=>i.value=G),placeholder:"Name for the plan"},null,512),[[xp,i.value]])]),L[19]||(L[19]=T()),L[20]||(L[20]=v("button",{type:"submit",class:"btn btn-primary"},"Submit",-1))],32)]),L[31]||(L[31]=T()),v("div",tY,[L[28]||(L[28]=v("div",{class:"mb-2"},"Saved Plans",-1)),L[29]||(L[29]=T()),v("ul",eY,[(k(!0),D(Vt,null,je(c.value,G=>(k(),D("li",{class:"list-group-item px-2 py-1",key:G.id},[v("div",nY,[v("div",rY,[v("button",{class:"btn btn-sm btn-outline-secondary py-0 ms-1 float-end",title:"Remove plan from list",onClick:Me(g=>R(G),["prevent"])},[wt(h(Se),{icon:h(wH)},null,8,["icon"])],8,iY),L[21]||(L[21]=T()),v("button",{class:"btn btn-sm btn-outline-secondary py-0 float-end",title:"Edit plan details",onClick:Me(g=>B(G),["prevent"])},[wt(h(Se),{icon:h(OH)},null,8,["icon"])],8,sY),L[22]||(L[22]=T()),v("a",{onClick:Me(g=>y(G),["prevent"]),href:"",title:"Open the plan details"},vt(G[0]),9,oY)])]),L[26]||(L[26]=T()),v("div",aY,[v("div",lY,[v("small",cY,[L[23]||(L[23]=T(`
                    created
                    `)),v("span",{title:G[3]?.toString()},vt(h(C6)(G[3])),9,uY)])]),L[24]||(L[24]=T()),L[25]||(L[25]=v("div",{class:"col-6 text-end"},null,-1))])]))),128))]),L[30]||(L[30]=T()),c.value?.length?it("",!0):(k(),D("p",dY,L[27]||(L[27]=[v("em",null," You haven't saved any plan yet.",-1)])))])])])]),_:1}))}}),pY={};function hY(t,e){return"not found"}const mY=SR(pY,[["render",hY]]),_Y=Xe({__name:"PlanView",setup(t){const e=Le("planData");return(n,r)=>(k(),Be(im,{title:h(e)[2]},{default:ze(()=>[h(e)[0]?(k(),Be(gX,{key:0,"plan-source":h(e)[0],"plan-query":h(e)[1]},null,8,["plan-source","plan-query"])):it("",!0)]),_:1},8,["title"]))}}),EY=Xe({__name:"App",setup(t){const e={"/":fY,"/about":_3,"/plan":_Y},n=se("/");Yn("currentPath",n);const r=Dt(()=>e[n.value]||mY),i=["","",""];Yn("planData",i);function o(l,c,u){i[0]=c,i[1]=u,i[2]=l,n.value="/plan"}return Yn("setPlanData",o),window.setPlanData=o,(l,c)=>(k(),Be(Yw(r.value)))}});$l(EY).mount("#app");</script>
    <style rel="stylesheet" crossorigin>/*!
 * Bootstrap  v5.3.3 (https://getbootstrap.com/)
 * Copyright 2011-2024 The Bootstrap Authors
 * Licensed under MIT (https://github.com/twbs/bootstrap/blob/main/LICENSE)
 */:root,[data-bs-theme=light]{--bs-blue: #0d6efd;--bs-indigo: #6610f2;--bs-purple: #6f42c1;--bs-pink: #d63384;--bs-red: #dc3545;--bs-orange: #fd7e14;--bs-yellow: #ffc107;--bs-green: #198754;--bs-teal: #20c997;--bs-cyan: #0dcaf0;--bs-black: #000;--bs-white: #fff;--bs-gray: #6c757d;--bs-gray-dark: #343a40;--bs-gray-100: #f8f9fa;--bs-gray-200: #e9ecef;--bs-gray-300: #dee2e6;--bs-gray-400: #ced4da;--bs-gray-500: #adb5bd;--bs-gray-600: #6c757d;--bs-gray-700: #495057;--bs-gray-800: #343a40;--bs-gray-900: #212529;--bs-primary: #0d6efd;--bs-secondary: #6c757d;--bs-success: #198754;--bs-info: #0dcaf0;--bs-warning: #ffc107;--bs-danger: #dc3545;--bs-light: #f8f9fa;--bs-dark: #212529;--bs-primary-rgb: 13, 110, 253;--bs-secondary-rgb: 108, 117, 125;--bs-success-rgb: 25, 135, 84;--bs-info-rgb: 13, 202, 240;--bs-warning-rgb: 255, 193, 7;--bs-danger-rgb: 220, 53, 69;--bs-light-rgb: 248, 249, 250;--bs-dark-rgb: 33, 37, 41;--bs-primary-text-emphasis: #052c65;--bs-secondary-text-emphasis: #2b2f32;--bs-success-text-emphasis: #0a3622;--bs-info-text-emphasis: #055160;--bs-warning-text-emphasis: #664d03;--bs-danger-text-emphasis: #58151c;--bs-light-text-emphasis: #495057;--bs-dark-text-emphasis: #495057;--bs-primary-bg-subtle: #cfe2ff;--bs-secondary-bg-subtle: #e2e3e5;--bs-success-bg-subtle: #d1e7dd;--bs-info-bg-subtle: #cff4fc;--bs-warning-bg-subtle: #fff3cd;--bs-danger-bg-subtle: #f8d7da;--bs-light-bg-subtle: #fcfcfd;--bs-dark-bg-subtle: #ced4da;--bs-primary-border-subtle: #9ec5fe;--bs-secondary-border-subtle: #c4c8cb;--bs-success-border-subtle: #a3cfbb;--bs-info-border-subtle: #9eeaf9;--bs-warning-border-subtle: #ffe69c;--bs-danger-border-subtle: #f1aeb5;--bs-light-border-subtle: #e9ecef;--bs-dark-border-subtle: #adb5bd;--bs-white-rgb: 255, 255, 255;--bs-black-rgb: 0, 0, 0;--bs-font-sans-serif: system-ui, -apple-system, "Segoe UI", Roboto, "Helvetica Neue", "Noto Sans", "Liberation Sans", Arial, sans-serif, "Apple Color Emoji", "Segoe UI Emoji", "Segoe UI Symbol", "Noto Color Emoji";--bs-font-monospace: SFMono-Regular, Menlo, Monaco, Consolas, "Liberation Mono", "Courier New", monospace;--bs-gradient: linear-gradient(180deg, rgba(255, 255, 255, .15), rgba(255, 255, 255, 0));--bs-body-font-family: var(--bs-font-sans-serif);--bs-body-font-size: 1rem;--bs-body-font-weight: 400;--bs-body-line-height: 1.5;--bs-body-color: #212529;--bs-body-color-rgb: 33, 37, 41;--bs-body-bg: #fff;--bs-body-bg-rgb: 255, 255, 255;--bs-emphasis-color: #000;--bs-emphasis-color-rgb: 0, 0, 0;--bs-secondary-color: rgba(33, 37, 41, .75);--bs-secondary-color-rgb: 33, 37, 41;--bs-secondary-bg: #e9ecef;--bs-secondary-bg-rgb: 233, 236, 239;--bs-tertiary-color: rgba(33, 37, 41, .5);--bs-tertiary-color-rgb: 33, 37, 41;--bs-tertiary-bg: #f8f9fa;--bs-tertiary-bg-rgb: 248, 249, 250;--bs-heading-color: inherit;--bs-link-color: #0d6efd;--bs-link-color-rgb: 13, 110, 253;--bs-link-decoration: underline;--bs-link-hover-color: #0a58ca;--bs-link-hover-color-rgb: 10, 88, 202;--bs-code-color: #d63384;--bs-highlight-color: #212529;--bs-highlight-bg: #fff3cd;--bs-border-width: 1px;--bs-border-style: solid;--bs-border-color: #dee2e6;--bs-border-color-translucent: rgba(0, 0, 0, .175);--bs-border-radius: .375rem;--bs-border-radius-sm: .25rem;--bs-border-radius-lg: .5rem;--bs-border-radius-xl: 1rem;--bs-border-radius-xxl: 2rem;--bs-border-radius-2xl: var(--bs-border-radius-xxl);--bs-border-radius-pill: 50rem;--bs-box-shadow: 0 .5rem 1rem rgba(0, 0, 0, .15);--bs-box-shadow-sm: 0 .125rem .25rem rgba(0, 0, 0, .075);--bs-box-shadow-lg: 0 1rem 3rem rgba(0, 0, 0, .175);--bs-box-shadow-inset: inset 0 1px 2px rgba(0, 0, 0, .075);--bs-focus-ring-width: .25rem;--bs-focus-ring-opacity: .25;--bs-focus-ring-color: rgba(13, 110, 253, .25);--bs-form-valid-color: #198754;--bs-form-valid-border-color: #198754;--bs-form-invalid-color: #dc3545;--bs-form-invalid-border-color: #dc3545}[data-bs-theme=dark]{color-scheme:dark;--bs-body-color: #dee2e6;--bs-body-color-rgb: 222, 226, 230;--bs-body-bg: #212529;--bs-body-bg-rgb: 33, 37, 41;--bs-emphasis-color: #fff;--bs-emphasis-color-rgb: 255, 255, 255;--bs-secondary-color: rgba(222, 226, 230, .75);--bs-secondary-color-rgb: 222, 226, 230;--bs-secondary-bg: #343a40;--bs-secondary-bg-rgb: 52, 58, 64;--bs-tertiary-color: rgba(222, 226, 230, .5);--bs-tertiary-color-rgb: 222, 226, 230;--bs-tertiary-bg: #2b3035;--bs-tertiary-bg-rgb: 43, 48, 53;--bs-primary-text-emphasis: #6ea8fe;--bs-secondary-text-emphasis: #a7acb1;--bs-success-text-emphasis: #75b798;--bs-info-text-emphasis: #6edff6;--bs-warning-text-emphasis: #ffda6a;--bs-danger-text-emphasis: #ea868f;--bs-light-text-emphasis: #f8f9fa;--bs-dark-text-emphasis: #dee2e6;--bs-primary-bg-subtle: #031633;--bs-secondary-bg-subtle: #161719;--bs-success-bg-subtle: #051b11;--bs-info-bg-subtle: #032830;--bs-warning-bg-subtle: #332701;--bs-danger-bg-subtle: #2c0b0e;--bs-light-bg-subtle: #343a40;--bs-dark-bg-subtle: #1a1d20;--bs-primary-border-subtle: #084298;--bs-secondary-border-subtle: #41464b;--bs-success-border-subtle: #0f5132;--bs-info-border-subtle: #087990;--bs-warning-border-subtle: #997404;--bs-danger-border-subtle: #842029;--bs-light-border-subtle: #495057;--bs-dark-border-subtle: #343a40;--bs-heading-color: inherit;--bs-link-color: #6ea8fe;--bs-link-hover-color: #8bb9fe;--bs-link-color-rgb: 110, 168, 254;--bs-link-hover-color-rgb: 139, 185, 254;--bs-code-color: #e685b5;--bs-highlight-color: #dee2e6;--bs-highlight-bg: #664d03;--bs-border-color: #495057;--bs-border-color-translucent: rgba(255, 255, 255, .15);--bs-form-valid-color: #75b798;--bs-form-valid-border-color: #75b798;--bs-form-invalid-color: #ea868f;--bs-form-invalid-border-color: #ea868f}*,*:before,*:after{box-sizing:border-box}@media (prefers-reduced-motion: no-preference){:root{scroll-behavior:smooth}}body{margin:0;font-family:var(--bs-body-font-family);font-size:var(--bs-body-font-size);font-weight:var(--bs-body-font-weight);line-height:var(--bs-body-line-height);color:var(--bs-body-color);text-align:var(--bs-body-text-align);background-color:var(--bs-body-bg);-webkit-text-size-adjust:100%;-webkit-tap-highlight-color:rgba(0,0,0,0)}hr{margin:1rem 0;color:inherit;border:0;border-top:var(--bs-border-width) solid;opacity:.25}h6,.h6,h5,.h5,h4,.h4,h3,.h3,h2,.h2,h1,.h1{margin-top:0;margin-bottom:.5rem;font-weight:500;line-height:1.2;color:var(--bs-heading-color)}h1,.h1{font-size:calc(1.375rem + 1.5vw)}@media (min-width: 1200px){h1,.h1{font-size:2.5rem}}h2,.h2{font-size:calc(1.325rem + .9vw)}@media (min-width: 1200px){h2,.h2{font-size:2rem}}h3,.h3{font-size:calc(1.3rem + .6vw)}@media (min-width: 1200px){h3,.h3{font-size:1.75rem}}h4,.h4{font-size:calc(1.275rem + .3vw)}@media (min-width: 1200px){h4,.h4{font-size:1.5rem}}h5,.h5{font-size:1.25rem}h6,.h6{font-size:1rem}p{margin-top:0;margin-bottom:1rem}abbr[title]{-webkit-text-decoration:underline dotted;text-decoration:underline dotted;cursor:help;-webkit-text-decoration-skip-ink:none;text-decoration-skip-ink:none}address{margin-bottom:1rem;font-style:normal;line-height:inherit}ol,ul{padding-left:2rem}ol,ul,dl{margin-top:0;margin-bottom:1rem}ol ol,ul ul,ol ul,ul ol{margin-bottom:0}dt{font-weight:700}dd{margin-bottom:.5rem;margin-left:0}blockquote{margin:0 0 1rem}b,strong{font-weight:bolder}small,.small{font-size:.875em}mark,.mark{padding:.1875em;color:var(--bs-highlight-color);background-color:var(--bs-highlight-bg)}sub,sup{position:relative;font-size:.75em;line-height:0;vertical-align:baseline}sub{bottom:-.25em}sup{top:-.5em}a{color:rgba(var(--bs-link-color-rgb),var(--bs-link-opacity, 1));text-decoration:underline}a:hover{--bs-link-color-rgb: var(--bs-link-hover-color-rgb)}a:not([href]):not([class]),a:not([href]):not([class]):hover{color:inherit;text-decoration:none}pre,code,kbd,samp{font-family:var(--bs-font-monospace);font-size:1em}pre{display:block;margin-top:0;margin-bottom:1rem;overflow:auto;font-size:.875em}pre code{font-size:inherit;color:inherit;word-break:normal}code{font-size:.875em;color:var(--bs-code-color);word-wrap:break-word}a>code{color:inherit}kbd{padding:.1875rem .375rem;font-size:.875em;color:var(--bs-body-bg);background-color:var(--bs-body-color);border-radius:.25rem}kbd kbd{padding:0;font-size:1em}figure{margin:0 0 1rem}img,svg{vertical-align:middle}table{caption-side:bottom;border-collapse:collapse}caption{padding-top:.5rem;padding-bottom:.5rem;color:var(--bs-secondary-color);text-align:left}th{text-align:inherit;text-align:-webkit-match-parent}thead,tbody,tfoot,tr,td,th{border-color:inherit;border-style:solid;border-width:0}label{display:inline-block}button{border-radius:0}button:focus:not(:focus-visible){outline:0}input,button,select,optgroup,textarea{margin:0;font-family:inherit;font-size:inherit;line-height:inherit}button,select{text-transform:none}[role=button]{cursor:pointer}select{word-wrap:normal}select:disabled{opacity:1}[list]:not([type=date]):not([type=datetime-local]):not([type=month]):not([type=week]):not([type=time])::-webkit-calendar-picker-indicator{display:none!important}button,[type=button],[type=reset],[type=submit]{-webkit-appearance:button}button:not(:disabled),[type=button]:not(:disabled),[type=reset]:not(:disabled),[type=submit]:not(:disabled){cursor:pointer}::-moz-focus-inner{padding:0;border-style:none}textarea{resize:vertical}fieldset{min-width:0;padding:0;margin:0;border:0}legend{float:left;width:100%;padding:0;margin-bottom:.5rem;font-size:calc(1.275rem + .3vw);line-height:inherit}@media (min-width: 1200px){legend{font-size:1.5rem}}legend+*{clear:left}::-webkit-datetime-edit-fields-wrapper,::-webkit-datetime-edit-text,::-webkit-datetime-edit-minute,::-webkit-datetime-edit-hour-field,::-webkit-datetime-edit-day-field,::-webkit-datetime-edit-month-field,::-webkit-datetime-edit-year-field{padding:0}::-webkit-inner-spin-button{height:auto}[type=search]{-webkit-appearance:textfield;outline-offset:-2px}::-webkit-search-decoration{-webkit-appearance:none}::-webkit-color-swatch-wrapper{padding:0}::-webkit-file-upload-button{font:inherit;-webkit-appearance:button}::file-selector-button{font:inherit;-webkit-appearance:button}output{display:inline-block}iframe{border:0}summary{display:list-item;cursor:pointer}progress{vertical-align:baseline}[hidden]{display:none!important}.lead{font-size:1.25rem;font-weight:300}.display-1{font-size:calc(1.625rem + 4.5vw);font-weight:300;line-height:1.2}@media (min-width: 1200px){.display-1{font-size:5rem}}.display-2{font-size:calc(1.575rem + 3.9vw);font-weight:300;line-height:1.2}@media (min-width: 1200px){.display-2{font-size:4.5rem}}.display-3{font-size:calc(1.525rem + 3.3vw);font-weight:300;line-height:1.2}@media (min-width: 1200px){.display-3{font-size:4rem}}.display-4{font-size:calc(1.475rem + 2.7vw);font-weight:300;line-height:1.2}@media (min-width: 1200px){.display-4{font-size:3.5rem}}.display-5{font-size:calc(1.425rem + 2.1vw);font-weight:300;line-height:1.2}@media (min-width: 1200px){.display-5{font-size:3rem}}.display-6{font-size:calc(1.375rem + 1.5vw);font-weight:300;line-height:1.2}@media (min-width: 1200px){.display-6{font-size:2.5rem}}.list-unstyled,.list-inline{padding-left:0;list-style:none}.list-inline-item{display:inline-block}.list-inline-item:not(:last-child){margin-right:.5rem}.initialism{font-size:.875em;text-transform:uppercase}.blockquote{margin-bottom:1rem;font-size:1.25rem}.blockquote>:last-child{margin-bottom:0}.blockquote-footer{margin-top:-1rem;margin-bottom:1rem;font-size:.875em;color:#6c757d}.blockquote-footer:before{content:"— "}.img-fluid{max-width:100%;height:auto}.img-thumbnail{padding:.25rem;background-color:var(--bs-body-bg);border:var(--bs-border-width) solid var(--bs-border-color);border-radius:var(--bs-border-radius);max-width:100%;height:auto}.figure{display:inline-block}.figure-img{margin-bottom:.5rem;line-height:1}.figure-caption{font-size:.875em;color:var(--bs-secondary-color)}.container,.container-fluid,.container-xxl,.container-xl,.container-lg,.container-md,.container-sm{--bs-gutter-x: 1.5rem;--bs-gutter-y: 0;width:100%;padding-right:calc(var(--bs-gutter-x) * .5);padding-left:calc(var(--bs-gutter-x) * .5);margin-right:auto;margin-left:auto}@media (min-width: 576px){.container-sm,.container{max-width:540px}}@media (min-width: 768px){.container-md,.container-sm,.container{max-width:720px}}@media (min-width: 992px){.container-lg,.container-md,.container-sm,.container{max-width:960px}}@media (min-width: 1200px){.container-xl,.container-lg,.container-md,.container-sm,.container{max-width:1140px}}@media (min-width: 1400px){.container-xxl,.container-xl,.container-lg,.container-md,.container-sm,.container{max-width:1320px}}:root{--bs-breakpoint-xs: 0;--bs-breakpoint-sm: 576px;--bs-breakpoint-md: 768px;--bs-breakpoint-lg: 992px;--bs-breakpoint-xl: 1200px;--bs-breakpoint-xxl: 1400px}.row{--bs-gutter-x: 1.5rem;--bs-gutter-y: 0;display:flex;flex-wrap:wrap;margin-top:calc(-1 * var(--bs-gutter-y));margin-right:calc(-.5 * var(--bs-gutter-x));margin-left:calc(-.5 * var(--bs-gutter-x))}.row>*{flex-shrink:0;width:100%;max-width:100%;padding-right:calc(var(--bs-gutter-x) * .5);padding-left:calc(var(--bs-gutter-x) * .5);margin-top:var(--bs-gutter-y)}.col{flex:1 0 0%}.row-cols-auto>*{flex:0 0 auto;width:auto}.row-cols-1>*{flex:0 0 auto;width:100%}.row-cols-2>*{flex:0 0 auto;width:50%}.row-cols-3>*{flex:0 0 auto;width:33.33333333%}.row-cols-4>*{flex:0 0 auto;width:25%}.row-cols-5>*{flex:0 0 auto;width:20%}.row-cols-6>*{flex:0 0 auto;width:16.66666667%}.col-auto{flex:0 0 auto;width:auto}.col-1{flex:0 0 auto;width:8.33333333%}.col-2{flex:0 0 auto;width:16.66666667%}.col-3{flex:0 0 auto;width:25%}.col-4{flex:0 0 auto;width:33.33333333%}.col-5{flex:0 0 auto;width:41.66666667%}.col-6{flex:0 0 auto;width:50%}.col-7{flex:0 0 auto;width:58.33333333%}.col-8{flex:0 0 auto;width:66.66666667%}.col-9{flex:0 0 auto;width:75%}.col-10{flex:0 0 auto;width:83.33333333%}.col-11{flex:0 0 auto;width:91.66666667%}.col-12{flex:0 0 auto;width:100%}.offset-1{margin-left:8.33333333%}.offset-2{margin-left:16.66666667%}.offset-3{margin-left:25%}.offset-4{margin-left:33.33333333%}.offset-5{margin-left:41.66666667%}.offset-6{margin-left:50%}.offset-7{margin-left:58.33333333%}.offset-8{margin-left:66.66666667%}.offset-9{margin-left:75%}.offset-10{margin-left:83.33333333%}.offset-11{margin-left:91.66666667%}.g-0,.gx-0{--bs-gutter-x: 0}.g-0,.gy-0{--bs-gutter-y: 0}.g-1,.gx-1{--bs-gutter-x: .25rem}.g-1,.gy-1{--bs-gutter-y: .25rem}.g-2,.gx-2{--bs-gutter-x: .5rem}.g-2,.gy-2{--bs-gutter-y: .5rem}.g-3,.gx-3{--bs-gutter-x: 1rem}.g-3,.gy-3{--bs-gutter-y: 1rem}.g-4,.gx-4{--bs-gutter-x: 1.5rem}.g-4,.gy-4{--bs-gutter-y: 1.5rem}.g-5,.gx-5{--bs-gutter-x: 3rem}.g-5,.gy-5{--bs-gutter-y: 3rem}@media (min-width: 576px){.col-sm{flex:1 0 0%}.row-cols-sm-auto>*{flex:0 0 auto;width:auto}.row-cols-sm-1>*{flex:0 0 auto;width:100%}.row-cols-sm-2>*{flex:0 0 auto;width:50%}.row-cols-sm-3>*{flex:0 0 auto;width:33.33333333%}.row-cols-sm-4>*{flex:0 0 auto;width:25%}.row-cols-sm-5>*{flex:0 0 auto;width:20%}.row-cols-sm-6>*{flex:0 0 auto;width:16.66666667%}.col-sm-auto{flex:0 0 auto;width:auto}.col-sm-1{flex:0 0 auto;width:8.33333333%}.col-sm-2{flex:0 0 auto;width:16.66666667%}.col-sm-3{flex:0 0 auto;width:25%}.col-sm-4{flex:0 0 auto;width:33.33333333%}.col-sm-5{flex:0 0 auto;width:41.66666667%}.col-sm-6{flex:0 0 auto;width:50%}.col-sm-7{flex:0 0 auto;width:58.33333333%}.col-sm-8{flex:0 0 auto;width:66.66666667%}.col-sm-9{flex:0 0 auto;width:75%}.col-sm-10{flex:0 0 auto;width:83.33333333%}.col-sm-11{flex:0 0 auto;width:91.66666667%}.col-sm-12{flex:0 0 auto;width:100%}.offset-sm-0{margin-left:0}.offset-sm-1{margin-left:8.33333333%}.offset-sm-2{margin-left:16.66666667%}.offset-sm-3{margin-left:25%}.offset-sm-4{margin-left:33.33333333%}.offset-sm-5{margin-left:41.66666667%}.offset-sm-6{margin-left:50%}.offset-sm-7{margin-left:58.33333333%}.offset-sm-8{margin-left:66.66666667%}.offset-sm-9{margin-left:75%}.offset-sm-10{margin-left:83.33333333%}.offset-sm-11{margin-left:91.66666667%}.g-sm-0,.gx-sm-0{--bs-gutter-x: 0}.g-sm-0,.gy-sm-0{--bs-gutter-y: 0}.g-sm-1,.gx-sm-1{--bs-gutter-x: .25rem}.g-sm-1,.gy-sm-1{--bs-gutter-y: .25rem}.g-sm-2,.gx-sm-2{--bs-gutter-x: .5rem}.g-sm-2,.gy-sm-2{--bs-gutter-y: .5rem}.g-sm-3,.gx-sm-3{--bs-gutter-x: 1rem}.g-sm-3,.gy-sm-3{--bs-gutter-y: 1rem}.g-sm-4,.gx-sm-4{--bs-gutter-x: 1.5rem}.g-sm-4,.gy-sm-4{--bs-gutter-y: 1.5rem}.g-sm-5,.gx-sm-5{--bs-gutter-x: 3rem}.g-sm-5,.gy-sm-5{--bs-gutter-y: 3rem}}@media (min-width: 768px){.col-md{flex:1 0 0%}.row-cols-md-auto>*{flex:0 0 auto;width:auto}.row-cols-md-1>*{flex:0 0 auto;width:100%}.row-cols-md-2>*{flex:0 0 auto;width:50%}.row-cols-md-3>*{flex:0 0 auto;width:33.33333333%}.row-cols-md-4>*{flex:0 0 auto;width:25%}.row-cols-md-5>*{flex:0 0 auto;width:20%}.row-cols-md-6>*{flex:0 0 auto;width:16.66666667%}.col-md-auto{flex:0 0 auto;width:auto}.col-md-1{flex:0 0 auto;width:8.33333333%}.col-md-2{flex:0 0 auto;width:16.66666667%}.col-md-3{flex:0 0 auto;width:25%}.col-md-4{flex:0 0 auto;width:33.33333333%}.col-md-5{flex:0 0 auto;width:41.66666667%}.col-md-6{flex:0 0 auto;width:50%}.col-md-7{flex:0 0 auto;width:58.33333333%}.col-md-8{flex:0 0 auto;width:66.66666667%}.col-md-9{flex:0 0 auto;width:75%}.col-md-10{flex:0 0 auto;width:83.33333333%}.col-md-11{flex:0 0 auto;width:91.66666667%}.col-md-12{flex:0 0 auto;width:100%}.offset-md-0{margin-left:0}.offset-md-1{margin-left:8.33333333%}.offset-md-2{margin-left:16.66666667%}.offset-md-3{margin-left:25%}.offset-md-4{margin-left:33.33333333%}.offset-md-5{margin-left:41.66666667%}.offset-md-6{margin-left:50%}.offset-md-7{margin-left:58.33333333%}.offset-md-8{margin-left:66.66666667%}.offset-md-9{margin-left:75%}.offset-md-10{margin-left:83.33333333%}.offset-md-11{margin-left:91.66666667%}.g-md-0,.gx-md-0{--bs-gutter-x: 0}.g-md-0,.gy-md-0{--bs-gutter-y: 0}.g-md-1,.gx-md-1{--bs-gutter-x: .25rem}.g-md-1,.gy-md-1{--bs-gutter-y: .25rem}.g-md-2,.gx-md-2{--bs-gutter-x: .5rem}.g-md-2,.gy-md-2{--bs-gutter-y: .5rem}.g-md-3,.gx-md-3{--bs-gutter-x: 1rem}.g-md-3,.gy-md-3{--bs-gutter-y: 1rem}.g-md-4,.gx-md-4{--bs-gutter-x: 1.5rem}.g-md-4,.gy-md-4{--bs-gutter-y: 1.5rem}.g-md-5,.gx-md-5{--bs-gutter-x: 3rem}.g-md-5,.gy-md-5{--bs-gutter-y: 3rem}}@media (min-width: 992px){.col-lg{flex:1 0 0%}.row-cols-lg-auto>*{flex:0 0 auto;width:auto}.row-cols-lg-1>*{flex:0 0 auto;width:100%}.row-cols-lg-2>*{flex:0 0 auto;width:50%}.row-cols-lg-3>*{flex:0 0 auto;width:33.33333333%}.row-cols-lg-4>*{flex:0 0 auto;width:25%}.row-cols-lg-5>*{flex:0 0 auto;width:20%}.row-cols-lg-6>*{flex:0 0 auto;width:16.66666667%}.col-lg-auto{flex:0 0 auto;width:auto}.col-lg-1{flex:0 0 auto;width:8.33333333%}.col-lg-2{flex:0 0 auto;width:16.66666667%}.col-lg-3{flex:0 0 auto;width:25%}.col-lg-4{flex:0 0 auto;width:33.33333333%}.col-lg-5{flex:0 0 auto;width:41.66666667%}.col-lg-6{flex:0 0 auto;width:50%}.col-lg-7{flex:0 0 auto;width:58.33333333%}.col-lg-8{flex:0 0 auto;width:66.66666667%}.col-lg-9{flex:0 0 auto;width:75%}.col-lg-10{flex:0 0 auto;width:83.33333333%}.col-lg-11{flex:0 0 auto;width:91.66666667%}.col-lg-12{flex:0 0 auto;width:100%}.offset-lg-0{margin-left:0}.offset-lg-1{margin-left:8.33333333%}.offset-lg-2{margin-left:16.66666667%}.offset-lg-3{margin-left:25%}.offset-lg-4{margin-left:33.33333333%}.offset-lg-5{margin-left:41.66666667%}.offset-lg-6{margin-left:50%}.offset-lg-7{margin-left:58.33333333%}.offset-lg-8{margin-left:66.66666667%}.offset-lg-9{margin-left:75%}.offset-lg-10{margin-left:83.33333333%}.offset-lg-11{margin-left:91.66666667%}.g-lg-0,.gx-lg-0{--bs-gutter-x: 0}.g-lg-0,.gy-lg-0{--bs-gutter-y: 0}.g-lg-1,.gx-lg-1{--bs-gutter-x: .25rem}.g-lg-1,.gy-lg-1{--bs-gutter-y: .25rem}.g-lg-2,.gx-lg-2{--bs-gutter-x: .5rem}.g-lg-2,.gy-lg-2{--bs-gutter-y: .5rem}.g-lg-3,.gx-lg-3{--bs-gutter-x: 1rem}.g-lg-3,.gy-lg-3{--bs-gutter-y: 1rem}.g-lg-4,.gx-lg-4{--bs-gutter-x: 1.5rem}.g-lg-4,.gy-lg-4{--bs-gutter-y: 1.5rem}.g-lg-5,.gx-lg-5{--bs-gutter-x: 3rem}.g-lg-5,.gy-lg-5{--bs-gutter-y: 3rem}}@media (min-width: 1200px){.col-xl{flex:1 0 0%}.row-cols-xl-auto>*{flex:0 0 auto;width:auto}.row-cols-xl-1>*{flex:0 0 auto;width:100%}.row-cols-xl-2>*{flex:0 0 auto;width:50%}.row-cols-xl-3>*{flex:0 0 auto;width:33.33333333%}.row-cols-xl-4>*{flex:0 0 auto;width:25%}.row-cols-xl-5>*{flex:0 0 auto;width:20%}.row-cols-xl-6>*{flex:0 0 auto;width:16.66666667%}.col-xl-auto{flex:0 0 auto;width:auto}.col-xl-1{flex:0 0 auto;width:8.33333333%}.col-xl-2{flex:0 0 auto;width:16.66666667%}.col-xl-3{flex:0 0 auto;width:25%}.col-xl-4{flex:0 0 auto;width:33.33333333%}.col-xl-5{flex:0 0 auto;width:41.66666667%}.col-xl-6{flex:0 0 auto;width:50%}.col-xl-7{flex:0 0 auto;width:58.33333333%}.col-xl-8{flex:0 0 auto;width:66.66666667%}.col-xl-9{flex:0 0 auto;width:75%}.col-xl-10{flex:0 0 auto;width:83.33333333%}.col-xl-11{flex:0 0 auto;width:91.66666667%}.col-xl-12{flex:0 0 auto;width:100%}.offset-xl-0{margin-left:0}.offset-xl-1{margin-left:8.33333333%}.offset-xl-2{margin-left:16.66666667%}.offset-xl-3{margin-left:25%}.offset-xl-4{margin-left:33.33333333%}.offset-xl-5{margin-left:41.66666667%}.offset-xl-6{margin-left:50%}.offset-xl-7{margin-left:58.33333333%}.offset-xl-8{margin-left:66.66666667%}.offset-xl-9{margin-left:75%}.offset-xl-10{margin-left:83.33333333%}.offset-xl-11{margin-left:91.66666667%}.g-xl-0,.gx-xl-0{--bs-gutter-x: 0}.g-xl-0,.gy-xl-0{--bs-gutter-y: 0}.g-xl-1,.gx-xl-1{--bs-gutter-x: .25rem}.g-xl-1,.gy-xl-1{--bs-gutter-y: .25rem}.g-xl-2,.gx-xl-2{--bs-gutter-x: .5rem}.g-xl-2,.gy-xl-2{--bs-gutter-y: .5rem}.g-xl-3,.gx-xl-3{--bs-gutter-x: 1rem}.g-xl-3,.gy-xl-3{--bs-gutter-y: 1rem}.g-xl-4,.gx-xl-4{--bs-gutter-x: 1.5rem}.g-xl-4,.gy-xl-4{--bs-gutter-y: 1.5rem}.g-xl-5,.gx-xl-5{--bs-gutter-x: 3rem}.g-xl-5,.gy-xl-5{--bs-gutter-y: 3rem}}@media (min-width: 1400px){.col-xxl{flex:1 0 0%}.row-cols-xxl-auto>*{flex:0 0 auto;width:auto}.row-cols-xxl-1>*{flex:0 0 auto;width:100%}.row-cols-xxl-2>*{flex:0 0 auto;width:50%}.row-cols-xxl-3>*{flex:0 0 auto;width:33.33333333%}.row-cols-xxl-4>*{flex:0 0 auto;width:25%}.row-cols-xxl-5>*{flex:0 0 auto;width:20%}.row-cols-xxl-6>*{flex:0 0 auto;width:16.66666667%}.col-xxl-auto{flex:0 0 auto;width:auto}.col-xxl-1{flex:0 0 auto;width:8.33333333%}.col-xxl-2{flex:0 0 auto;width:16.66666667%}.col-xxl-3{flex:0 0 auto;width:25%}.col-xxl-4{flex:0 0 auto;width:33.33333333%}.col-xxl-5{flex:0 0 auto;width:41.66666667%}.col-xxl-6{flex:0 0 auto;width:50%}.col-xxl-7{flex:0 0 auto;width:58.33333333%}.col-xxl-8{flex:0 0 auto;width:66.66666667%}.col-xxl-9{flex:0 0 auto;width:75%}.col-xxl-10{flex:0 0 auto;width:83.33333333%}.col-xxl-11{flex:0 0 auto;width:91.66666667%}.col-xxl-12{flex:0 0 auto;width:100%}.offset-xxl-0{margin-left:0}.offset-xxl-1{margin-left:8.33333333%}.offset-xxl-2{margin-left:16.66666667%}.offset-xxl-3{margin-left:25%}.offset-xxl-4{margin-left:33.33333333%}.offset-xxl-5{margin-left:41.66666667%}.offset-xxl-6{margin-left:50%}.offset-xxl-7{margin-left:58.33333333%}.offset-xxl-8{margin-left:66.66666667%}.offset-xxl-9{margin-left:75%}.offset-xxl-10{margin-left:83.33333333%}.offset-xxl-11{margin-left:91.66666667%}.g-xxl-0,.gx-xxl-0{--bs-gutter-x: 0}.g-xxl-0,.gy-xxl-0{--bs-gutter-y: 0}.g-xxl-1,.gx-xxl-1{--bs-gutter-x: .25rem}.g-xxl-1,.gy-xxl-1{--bs-gutter-y: .25rem}.g-xxl-2,.gx-xxl-2{--bs-gutter-x: .5rem}.g-xxl-2,.gy-xxl-2{--bs-gutter-y: .5rem}.g-xxl-3,.gx-xxl-3{--bs-gutter-x: 1rem}.g-xxl-3,.gy-xxl-3{--bs-gutter-y: 1rem}.g-xxl-4,.gx-xxl-4{--bs-gutter-x: 1.5rem}.g-xxl-4,.gy-xxl-4{--bs-gutter-y: 1.5rem}.g-xxl-5,.gx-xxl-5{--bs-gutter-x: 3rem}.g-xxl-5,.gy-xxl-5{--bs-gutter-y: 3rem}}.table{--bs-table-color-type: initial;--bs-table-bg-type: initial;--bs-table-color-state: initial;--bs-table-bg-state: initial;--bs-table-color: var(--bs-emphasis-color);--bs-table-bg: var(--bs-body-bg);--bs-table-border-color: var(--bs-border-color);--bs-table-accent-bg: transparent;--bs-table-striped-color: var(--bs-emphasis-color);--bs-table-striped-bg: rgba(var(--bs-emphasis-color-rgb), .05);--bs-table-active-color: var(--bs-emphasis-color);--bs-table-active-bg: rgba(var(--bs-emphasis-color-rgb), .1);--bs-table-hover-color: var(--bs-emphasis-color);--bs-table-hover-bg: rgba(var(--bs-emphasis-color-rgb), .075);width:100%;margin-bottom:1rem;vertical-align:top;border-color:var(--bs-table-border-color)}.table>:not(caption)>*>*{padding:.5rem;color:var(--bs-table-color-state, var(--bs-table-color-type, var(--bs-table-color)));background-color:var(--bs-table-bg);border-bottom-width:var(--bs-border-width);box-shadow:inset 0 0 0 9999px var(--bs-table-bg-state, var(--bs-table-bg-type, var(--bs-table-accent-bg)))}.table>tbody{vertical-align:inherit}.table>thead{vertical-align:bottom}.table-group-divider{border-top:calc(var(--bs-border-width) * 2) solid currentcolor}.caption-top{caption-side:top}.table-sm>:not(caption)>*>*{padding:.25rem}.table-bordered>:not(caption)>*{border-width:var(--bs-border-width) 0}.table-bordered>:not(caption)>*>*{border-width:0 var(--bs-border-width)}.table-borderless>:not(caption)>*>*{border-bottom-width:0}.table-borderless>:not(:first-child){border-top-width:0}.table-striped>tbody>tr:nth-of-type(odd)>*{--bs-table-color-type: var(--bs-table-striped-color);--bs-table-bg-type: var(--bs-table-striped-bg)}.table-striped-columns>:not(caption)>tr>:nth-child(2n){--bs-table-color-type: var(--bs-table-striped-color);--bs-table-bg-type: var(--bs-table-striped-bg)}.table-active{--bs-table-color-state: var(--bs-table-active-color);--bs-table-bg-state: var(--bs-table-active-bg)}.table-hover>tbody>tr:hover>*{--bs-table-color-state: var(--bs-table-hover-color);--bs-table-bg-state: var(--bs-table-hover-bg)}.table-primary{--bs-table-color: #000;--bs-table-bg: #cfe2ff;--bs-table-border-color: #a6b5cc;--bs-table-striped-bg: #c5d7f2;--bs-table-striped-color: #000;--bs-table-active-bg: #bacbe6;--bs-table-active-color: #000;--bs-table-hover-bg: #bfd1ec;--bs-table-hover-color: #000;color:var(--bs-table-color);border-color:var(--bs-table-border-color)}.table-secondary{--bs-table-color: #000;--bs-table-bg: #e2e3e5;--bs-table-border-color: #b5b6b7;--bs-table-striped-bg: #d7d8da;--bs-table-striped-color: #000;--bs-table-active-bg: #cbccce;--bs-table-active-color: #000;--bs-table-hover-bg: #d1d2d4;--bs-table-hover-color: #000;color:var(--bs-table-color);border-color:var(--bs-table-border-color)}.table-success{--bs-table-color: #000;--bs-table-bg: #d1e7dd;--bs-table-border-color: #a7b9b1;--bs-table-striped-bg: #c7dbd2;--bs-table-striped-color: #000;--bs-table-active-bg: #bcd0c7;--bs-table-active-color: #000;--bs-table-hover-bg: #c1d6cc;--bs-table-hover-color: #000;color:var(--bs-table-color);border-color:var(--bs-table-border-color)}.table-info{--bs-table-color: #000;--bs-table-bg: #cff4fc;--bs-table-border-color: #a6c3ca;--bs-table-striped-bg: #c5e8ef;--bs-table-striped-color: #000;--bs-table-active-bg: #badce3;--bs-table-active-color: #000;--bs-table-hover-bg: #bfe2e9;--bs-table-hover-color: #000;color:var(--bs-table-color);border-color:var(--bs-table-border-color)}.table-warning{--bs-table-color: #000;--bs-table-bg: #fff3cd;--bs-table-border-color: #ccc2a4;--bs-table-striped-bg: #f2e7c3;--bs-table-striped-color: #000;--bs-table-active-bg: #e6dbb9;--bs-table-active-color: #000;--bs-table-hover-bg: #ece1be;--bs-table-hover-color: #000;color:var(--bs-table-color);border-color:var(--bs-table-border-color)}.table-danger{--bs-table-color: #000;--bs-table-bg: #f8d7da;--bs-table-border-color: #c6acae;--bs-table-striped-bg: #eccccf;--bs-table-striped-color: #000;--bs-table-active-bg: #dfc2c4;--bs-table-active-color: #000;--bs-table-hover-bg: #e5c7ca;--bs-table-hover-color: #000;color:var(--bs-table-color);border-color:var(--bs-table-border-color)}.table-light{--bs-table-color: #000;--bs-table-bg: #f8f9fa;--bs-table-border-color: #c6c7c8;--bs-table-striped-bg: #ecedee;--bs-table-striped-color: #000;--bs-table-active-bg: #dfe0e1;--bs-table-active-color: #000;--bs-table-hover-bg: #e5e6e7;--bs-table-hover-color: #000;color:var(--bs-table-color);border-color:var(--bs-table-border-color)}.table-dark{--bs-table-color: #fff;--bs-table-bg: #212529;--bs-table-border-color: #4d5154;--bs-table-striped-bg: #2c3034;--bs-table-striped-color: #fff;--bs-table-active-bg: #373b3e;--bs-table-active-color: #fff;--bs-table-hover-bg: #323539;--bs-table-hover-color: #fff;color:var(--bs-table-color);border-color:var(--bs-table-border-color)}.table-responsive{overflow-x:auto;-webkit-overflow-scrolling:touch}@media (max-width: 575.98px){.table-responsive-sm{overflow-x:auto;-webkit-overflow-scrolling:touch}}@media (max-width: 767.98px){.table-responsive-md{overflow-x:auto;-webkit-overflow-scrolling:touch}}@media (max-width: 991.98px){.table-responsive-lg{overflow-x:auto;-webkit-overflow-scrolling:touch}}@media (max-width: 1199.98px){.table-responsive-xl{overflow-x:auto;-webkit-overflow-scrolling:touch}}@media (max-width: 1399.98px){.table-responsive-xxl{overflow-x:auto;-webkit-overflow-scrolling:touch}}.form-label{margin-bottom:.5rem}.col-form-label{padding-top:calc(.375rem + var(--bs-border-width));padding-bottom:calc(.375rem + var(--bs-border-width));margin-bottom:0;font-size:inherit;line-height:1.5}.col-form-label-lg{padding-top:calc(.5rem + var(--bs-border-width));padding-bottom:calc(.5rem + var(--bs-border-width));font-size:1.25rem}.col-form-label-sm{padding-top:calc(.25rem + var(--bs-border-width));padding-bottom:calc(.25rem + var(--bs-border-width));font-size:.875rem}.form-text{margin-top:.25rem;font-size:.875em;color:var(--bs-secondary-color)}.form-control{display:block;width:100%;padding:.375rem .75rem;font-size:1rem;font-weight:400;line-height:1.5;color:var(--bs-body-color);-webkit-appearance:none;-moz-appearance:none;appearance:none;background-color:var(--bs-body-bg);background-clip:padding-box;border:var(--bs-border-width) solid var(--bs-border-color);border-radius:var(--bs-border-radius);transition:border-color .15s ease-in-out,box-shadow .15s ease-in-out}@media (prefers-reduced-motion: reduce){.form-control{transition:none}}.form-control[type=file]{overflow:hidden}.form-control[type=file]:not(:disabled):not([readonly]){cursor:pointer}.form-control:focus{color:var(--bs-body-color);background-color:var(--bs-body-bg);border-color:#86b7fe;outline:0;box-shadow:0 0 0 .25rem #0d6efd40}.form-control::-webkit-date-and-time-value{min-width:85px;height:1.5em;margin:0}.form-control::-webkit-datetime-edit{display:block;padding:0}.form-control::-moz-placeholder{color:var(--bs-secondary-color);opacity:1}.form-control::placeholder{color:var(--bs-secondary-color);opacity:1}.form-control:disabled{background-color:var(--bs-secondary-bg);opacity:1}.form-control::-webkit-file-upload-button{padding:.375rem .75rem;margin:-.375rem -.75rem;-webkit-margin-end:.75rem;margin-inline-end:.75rem;color:var(--bs-body-color);background-color:var(--bs-tertiary-bg);pointer-events:none;border-color:inherit;border-style:solid;border-width:0;border-inline-end-width:var(--bs-border-width);border-radius:0;-webkit-transition:color .15s ease-in-out,background-color .15s ease-in-out,border-color .15s ease-in-out,box-shadow .15s ease-in-out;transition:color .15s ease-in-out,background-color .15s ease-in-out,border-color .15s ease-in-out,box-shadow .15s ease-in-out}.form-control::file-selector-button{padding:.375rem .75rem;margin:-.375rem -.75rem;-webkit-margin-end:.75rem;margin-inline-end:.75rem;color:var(--bs-body-color);background-color:var(--bs-tertiary-bg);pointer-events:none;border-color:inherit;border-style:solid;border-width:0;border-inline-end-width:var(--bs-border-width);border-radius:0;transition:color .15s ease-in-out,background-color .15s ease-in-out,border-color .15s ease-in-out,box-shadow .15s ease-in-out}@media (prefers-reduced-motion: reduce){.form-control::-webkit-file-upload-button{-webkit-transition:none;transition:none}.form-control::file-selector-button{transition:none}}.form-control:hover:not(:disabled):not([readonly])::-webkit-file-upload-button{background-color:var(--bs-secondary-bg)}.form-control:hover:not(:disabled):not([readonly])::file-selector-button{background-color:var(--bs-secondary-bg)}.form-control-plaintext{display:block;width:100%;padding:.375rem 0;margin-bottom:0;line-height:1.5;color:var(--bs-body-color);background-color:transparent;border:solid transparent;border-width:var(--bs-border-width) 0}.form-control-plaintext:focus{outline:0}.form-control-plaintext.form-control-sm,.form-control-plaintext.form-control-lg{padding-right:0;padding-left:0}.form-control-sm{min-height:calc(1.5em + .5rem + calc(var(--bs-border-width) * 2));padding:.25rem .5rem;font-size:.875rem;border-radius:var(--bs-border-radius-sm)}.form-control-sm::-webkit-file-upload-button{padding:.25rem .5rem;margin:-.25rem -.5rem;-webkit-margin-end:.5rem;margin-inline-end:.5rem}.form-control-sm::file-selector-button{padding:.25rem .5rem;margin:-.25rem -.5rem;-webkit-margin-end:.5rem;margin-inline-end:.5rem}.form-control-lg{min-height:calc(1.5em + 1rem + calc(var(--bs-border-width) * 2));padding:.5rem 1rem;font-size:1.25rem;border-radius:var(--bs-border-radius-lg)}.form-control-lg::-webkit-file-upload-button{padding:.5rem 1rem;margin:-.5rem -1rem;-webkit-margin-end:1rem;margin-inline-end:1rem}.form-control-lg::file-selector-button{padding:.5rem 1rem;margin:-.5rem -1rem;-webkit-margin-end:1rem;margin-inline-end:1rem}textarea.form-control{min-height:calc(1.5em + .75rem + calc(var(--bs-border-width) * 2))}textarea.form-control-sm{min-height:calc(1.5em + .5rem + calc(var(--bs-border-width) * 2))}textarea.form-control-lg{min-height:calc(1.5em + 1rem + calc(var(--bs-border-width) * 2))}.form-control-color{width:3rem;height:calc(1.5em + .75rem + calc(var(--bs-border-width) * 2));padding:.375rem}.form-control-color:not(:disabled):not([readonly]){cursor:pointer}.form-control-color::-moz-color-swatch{border:0!important;border-radius:var(--bs-border-radius)}.form-control-color::-webkit-color-swatch{border:0!important;border-radius:var(--bs-border-radius)}.form-control-color.form-control-sm{height:calc(1.5em + .5rem + calc(var(--bs-border-width) * 2))}.form-control-color.form-control-lg{height:calc(1.5em + 1rem + calc(var(--bs-border-width) * 2))}.form-select{--bs-form-select-bg-img: url("data:image/svg+xml,%3csvg xmlns='http://www.w3.org/2000/svg' viewBox='0 0 16 16'%3e%3cpath fill='none' stroke='%23343a40' stroke-linecap='round' stroke-linejoin='round' stroke-width='2' d='m2 5 6 6 6-6'/%3e%3c/svg%3e");display:block;width:100%;padding:.375rem 2.25rem .375rem .75rem;font-size:1rem;font-weight:400;line-height:1.5;color:var(--bs-body-color);-webkit-appearance:none;-moz-appearance:none;appearance:none;background-color:var(--bs-body-bg);background-image:var(--bs-form-select-bg-img),var(--bs-form-select-bg-icon, none);background-repeat:no-repeat;background-position:right .75rem center;background-size:16px 12px;border:var(--bs-border-width) solid var(--bs-border-color);border-radius:var(--bs-border-radius);transition:border-color .15s ease-in-out,box-shadow .15s ease-in-out}@media (prefers-reduced-motion: reduce){.form-select{transition:none}}.form-select:focus{border-color:#86b7fe;outline:0;box-shadow:0 0 0 .25rem #0d6efd40}.form-select[multiple],.form-select[size]:not([size="1"]){padding-right:.75rem;background-image:none}.form-select:disabled{background-color:var(--bs-secondary-bg)}.form-select:-moz-focusring{color:transparent;text-shadow:0 0 0 var(--bs-body-color)}.form-select-sm{padding-top:.25rem;padding-bottom:.25rem;padding-left:.5rem;font-size:.875rem;border-radius:var(--bs-border-radius-sm)}.form-select-lg{padding-top:.5rem;padding-bottom:.5rem;padding-left:1rem;font-size:1.25rem;border-radius:var(--bs-border-radius-lg)}[data-bs-theme=dark] .form-select{--bs-form-select-bg-img: url("data:image/svg+xml,%3csvg xmlns='http://www.w3.org/2000/svg' viewBox='0 0 16 16'%3e%3cpath fill='none' stroke='%23dee2e6' stroke-linecap='round' stroke-linejoin='round' stroke-width='2' d='m2 5 6 6 6-6'/%3e%3c/svg%3e")}.form-check{display:block;min-height:1.5rem;padding-left:1.5em;margin-bottom:.125rem}.form-check .form-check-input{float:left;margin-left:-1.5em}.form-check-reverse{padding-right:1.5em;padding-left:0;text-align:right}.form-check-reverse .form-check-input{float:right;margin-right:-1.5em;margin-left:0}.form-check-input{--bs-form-check-bg: var(--bs-body-bg);flex-shrink:0;width:1em;height:1em;margin-top:.25em;vertical-align:top;-webkit-appearance:none;-moz-appearance:none;appearance:none;background-color:var(--bs-form-check-bg);background-image:var(--bs-form-check-bg-image);background-repeat:no-repeat;background-position:center;background-size:contain;border:var(--bs-border-width) solid var(--bs-border-color);-webkit-print-color-adjust:exact;color-adjust:exact;print-color-adjust:exact}.form-check-input[type=checkbox]{border-radius:.25em}.form-check-input[type=radio]{border-radius:50%}.form-check-input:active{filter:brightness(90%)}.form-check-input:focus{border-color:#86b7fe;outline:0;box-shadow:0 0 0 .25rem #0d6efd40}.form-check-input:checked{background-color:#0d6efd;border-color:#0d6efd}.form-check-input:checked[type=checkbox]{--bs-form-check-bg-image: url("data:image/svg+xml,%3csvg xmlns='http://www.w3.org/2000/svg' viewBox='0 0 20 20'%3e%3cpath fill='none' stroke='%23fff' stroke-linecap='round' stroke-linejoin='round' stroke-width='3' d='m6 10 3 3 6-6'/%3e%3c/svg%3e")}.form-check-input:checked[type=radio]{--bs-form-check-bg-image: url("data:image/svg+xml,%3csvg xmlns='http://www.w3.org/2000/svg' viewBox='-4 -4 8 8'%3e%3ccircle r='2' fill='%23fff'/%3e%3c/svg%3e")}.form-check-input[type=checkbox]:indeterminate{background-color:#0d6efd;border-color:#0d6efd;--bs-form-check-bg-image: url("data:image/svg+xml,%3csvg xmlns='http://www.w3.org/2000/svg' viewBox='0 0 20 20'%3e%3cpath fill='none' stroke='%23fff' stroke-linecap='round' stroke-linejoin='round' stroke-width='3' d='M6 10h8'/%3e%3c/svg%3e")}.form-check-input:disabled{pointer-events:none;filter:none;opacity:.5}.form-check-input[disabled]~.form-check-label,.form-check-input:disabled~.form-check-label{cursor:default;opacity:.5}.form-switch{padding-left:2.5em}.form-switch .form-check-input{--bs-form-switch-bg: url("data:image/svg+xml,%3csvg xmlns='http://www.w3.org/2000/svg' viewBox='-4 -4 8 8'%3e%3ccircle r='3' fill='rgba%280, 0, 0, 0.25%29'/%3e%3c/svg%3e");width:2em;margin-left:-2.5em;background-image:var(--bs-form-switch-bg);background-position:left center;border-radius:2em;transition:background-position .15s ease-in-out}@media (prefers-reduced-motion: reduce){.form-switch .form-check-input{transition:none}}.form-switch .form-check-input:focus{--bs-form-switch-bg: url("data:image/svg+xml,%3csvg xmlns='http://www.w3.org/2000/svg' viewBox='-4 -4 8 8'%3e%3ccircle r='3' fill='%2386b7fe'/%3e%3c/svg%3e")}.form-switch .form-check-input:checked{background-position:right center;--bs-form-switch-bg: url("data:image/svg+xml,%3csvg xmlns='http://www.w3.org/2000/svg' viewBox='-4 -4 8 8'%3e%3ccircle r='3' fill='%23fff'/%3e%3c/svg%3e")}.form-switch.form-check-reverse{padding-right:2.5em;padding-left:0}.form-switch.form-check-reverse .form-check-input{margin-right:-2.5em;margin-left:0}.form-check-inline{display:inline-block;margin-right:1rem}.btn-check{position:absolute;clip:rect(0,0,0,0);pointer-events:none}.btn-check[disabled]+.btn,.btn-check:disabled+.btn{pointer-events:none;filter:none;opacity:.65}[data-bs-theme=dark] .form-switch .form-check-input:not(:checked):not(:focus){--bs-form-switch-bg: url("data:image/svg+xml,%3csvg xmlns='http://www.w3.org/2000/svg' viewBox='-4 -4 8 8'%3e%3ccircle r='3' fill='rgba%28255, 255, 255, 0.25%29'/%3e%3c/svg%3e")}.form-range{width:100%;height:1.5rem;padding:0;-webkit-appearance:none;-moz-appearance:none;appearance:none;background-color:transparent}.form-range:focus{outline:0}.form-range:focus::-webkit-slider-thumb{box-shadow:0 0 0 1px #fff,0 0 0 .25rem #0d6efd40}.form-range:focus::-moz-range-thumb{box-shadow:0 0 0 1px #fff,0 0 0 .25rem #0d6efd40}.form-range::-moz-focus-outer{border:0}.form-range::-webkit-slider-thumb{width:1rem;height:1rem;margin-top:-.25rem;-webkit-appearance:none;appearance:none;background-color:#0d6efd;border:0;border-radius:1rem;-webkit-transition:background-color .15s ease-in-out,border-color .15s ease-in-out,box-shadow .15s ease-in-out;transition:background-color .15s ease-in-out,border-color .15s ease-in-out,box-shadow .15s ease-in-out}@media (prefers-reduced-motion: reduce){.form-range::-webkit-slider-thumb{-webkit-transition:none;transition:none}}.form-range::-webkit-slider-thumb:active{background-color:#b6d4fe}.form-range::-webkit-slider-runnable-track{width:100%;height:.5rem;color:transparent;cursor:pointer;background-color:var(--bs-secondary-bg);border-color:transparent;border-radius:1rem}.form-range::-moz-range-thumb{width:1rem;height:1rem;-moz-appearance:none;appearance:none;background-color:#0d6efd;border:0;border-radius:1rem;-moz-transition:background-color .15s ease-in-out,border-color .15s ease-in-out,box-shadow .15s ease-in-out;transition:background-color .15s ease-in-out,border-color .15s ease-in-out,box-shadow .15s ease-in-out}@media (prefers-reduced-motion: reduce){.form-range::-moz-range-thumb{-moz-transition:none;transition:none}}.form-range::-moz-range-thumb:active{background-color:#b6d4fe}.form-range::-moz-range-track{width:100%;height:.5rem;color:transparent;cursor:pointer;background-color:var(--bs-secondary-bg);border-color:transparent;border-radius:1rem}.form-range:disabled{pointer-events:none}.form-range:disabled::-webkit-slider-thumb{background-color:var(--bs-secondary-color)}.form-range:disabled::-moz-range-thumb{background-color:var(--bs-secondary-color)}.form-floating{position:relative}.form-floating>.form-control,.form-floating>.form-control-plaintext,.form-floating>.form-select{height:calc(3.5rem + calc(var(--bs-border-width) * 2));min-height:calc(3.5rem + calc(var(--bs-border-width) * 2));line-height:1.25}.form-floating>label{position:absolute;top:0;left:0;z-index:2;height:100%;padding:1rem .75rem;overflow:hidden;text-align:start;text-overflow:ellipsis;white-space:nowrap;pointer-events:none;border:var(--bs-border-width) solid transparent;transform-origin:0 0;transition:opacity .1s ease-in-out,transform .1s ease-in-out}@media (prefers-reduced-motion: reduce){.form-floating>label{transition:none}}.form-floating>.form-control,.form-floating>.form-control-plaintext{padding:1rem .75rem}.form-floating>.form-control::-moz-placeholder,.form-floating>.form-control-plaintext::-moz-placeholder{color:transparent}.form-floating>.form-control::placeholder,.form-floating>.form-control-plaintext::placeholder{color:transparent}.form-floating>.form-control:not(:-moz-placeholder-shown),.form-floating>.form-control-plaintext:not(:-moz-placeholder-shown){padding-top:1.625rem;padding-bottom:.625rem}.form-floating>.form-control:focus,.form-floating>.form-control:not(:placeholder-shown),.form-floating>.form-control-plaintext:focus,.form-floating>.form-control-plaintext:not(:placeholder-shown){padding-top:1.625rem;padding-bottom:.625rem}.form-floating>.form-control:-webkit-autofill,.form-floating>.form-control-plaintext:-webkit-autofill{padding-top:1.625rem;padding-bottom:.625rem}.form-floating>.form-select{padding-top:1.625rem;padding-bottom:.625rem}.form-floating>.form-control:not(:-moz-placeholder-shown)~label{color:rgba(var(--bs-body-color-rgb),.65);transform:scale(.85) translateY(-.5rem) translate(.15rem)}.form-floating>.form-control:focus~label,.form-floating>.form-control:not(:placeholder-shown)~label,.form-floating>.form-control-plaintext~label,.form-floating>.form-select~label{color:rgba(var(--bs-body-color-rgb),.65);transform:scale(.85) translateY(-.5rem) translate(.15rem)}.form-floating>.form-control:not(:-moz-placeholder-shown)~label:after{position:absolute;inset:1rem .375rem;z-index:-1;height:1.5em;content:"";background-color:var(--bs-body-bg);border-radius:var(--bs-border-radius)}.form-floating>.form-control:focus~label:after,.form-floating>.form-control:not(:placeholder-shown)~label:after,.form-floating>.form-control-plaintext~label:after,.form-floating>.form-select~label:after{position:absolute;inset:1rem .375rem;z-index:-1;height:1.5em;content:"";background-color:var(--bs-body-bg);border-radius:var(--bs-border-radius)}.form-floating>.form-control:-webkit-autofill~label{color:rgba(var(--bs-body-color-rgb),.65);transform:scale(.85) translateY(-.5rem) translate(.15rem)}.form-floating>.form-control-plaintext~label{border-width:var(--bs-border-width) 0}.form-floating>:disabled~label,.form-floating>.form-control:disabled~label{color:#6c757d}.form-floating>:disabled~label:after,.form-floating>.form-control:disabled~label:after{background-color:var(--bs-secondary-bg)}.input-group{position:relative;display:flex;flex-wrap:wrap;align-items:stretch;width:100%}.input-group>.form-control,.input-group>.form-select,.input-group>.form-floating{position:relative;flex:1 1 auto;width:1%;min-width:0}.input-group>.form-control:focus,.input-group>.form-select:focus,.input-group>.form-floating:focus-within{z-index:5}.input-group .btn{position:relative;z-index:2}.input-group .btn:focus{z-index:5}.input-group-text{display:flex;align-items:center;padding:.375rem .75rem;font-size:1rem;font-weight:400;line-height:1.5;color:var(--bs-body-color);text-align:center;white-space:nowrap;background-color:var(--bs-tertiary-bg);border:var(--bs-border-width) solid var(--bs-border-color);border-radius:var(--bs-border-radius)}.input-group-lg>.form-control,.input-group-lg>.form-select,.input-group-lg>.input-group-text,.input-group-lg>.btn{padding:.5rem 1rem;font-size:1.25rem;border-radius:var(--bs-border-radius-lg)}.input-group-sm>.form-control,.input-group-sm>.form-select,.input-group-sm>.input-group-text,.input-group-sm>.btn{padding:.25rem .5rem;font-size:.875rem;border-radius:var(--bs-border-radius-sm)}.input-group-lg>.form-select,.input-group-sm>.form-select{padding-right:3rem}.input-group:not(.has-validation)>:not(:last-child):not(.dropdown-toggle):not(.dropdown-menu):not(.form-floating),.input-group:not(.has-validation)>.dropdown-toggle:nth-last-child(n+3),.input-group:not(.has-validation)>.form-floating:not(:last-child)>.form-control,.input-group:not(.has-validation)>.form-floating:not(:last-child)>.form-select{border-top-right-radius:0;border-bottom-right-radius:0}.input-group.has-validation>:nth-last-child(n+3):not(.dropdown-toggle):not(.dropdown-menu):not(.form-floating),.input-group.has-validation>.dropdown-toggle:nth-last-child(n+4),.input-group.has-validation>.form-floating:nth-last-child(n+3)>.form-control,.input-group.has-validation>.form-floating:nth-last-child(n+3)>.form-select{border-top-right-radius:0;border-bottom-right-radius:0}.input-group>:not(:first-child):not(.dropdown-menu):not(.valid-tooltip):not(.valid-feedback):not(.invalid-tooltip):not(.invalid-feedback){margin-left:calc(var(--bs-border-width) * -1);border-top-left-radius:0;border-bottom-left-radius:0}.input-group>.form-floating:not(:first-child)>.form-control,.input-group>.form-floating:not(:first-child)>.form-select{border-top-left-radius:0;border-bottom-left-radius:0}.valid-feedback{display:none;width:100%;margin-top:.25rem;font-size:.875em;color:var(--bs-form-valid-color)}.valid-tooltip{position:absolute;top:100%;z-index:5;display:none;max-width:100%;padding:.25rem .5rem;margin-top:.1rem;font-size:.875rem;color:#fff;background-color:var(--bs-success);border-radius:var(--bs-border-radius)}.was-validated :valid~.valid-feedback,.was-validated :valid~.valid-tooltip,.is-valid~.valid-feedback,.is-valid~.valid-tooltip{display:block}.was-validated .form-control:valid,.form-control.is-valid{border-color:var(--bs-form-valid-border-color);padding-right:calc(1.5em + .75rem);background-image:url("data:image/svg+xml,%3csvg xmlns='http://www.w3.org/2000/svg' viewBox='0 0 8 8'%3e%3cpath fill='%23198754' d='M2.3 6.73.6 4.53c-.4-1.04.46-1.4 1.1-.8l1.1 1.4 3.4-3.8c.6-.63 1.6-.27 1.2.7l-4 4.6c-.43.5-.8.4-1.1.1z'/%3e%3c/svg%3e");background-repeat:no-repeat;background-position:right calc(.375em + .1875rem) center;background-size:calc(.75em + .375rem) calc(.75em + .375rem)}.was-validated .form-control:valid:focus,.form-control.is-valid:focus{border-color:var(--bs-form-valid-border-color);box-shadow:0 0 0 .25rem rgba(var(--bs-success-rgb),.25)}.was-validated textarea.form-control:valid,textarea.form-control.is-valid{padding-right:calc(1.5em + .75rem);background-position:top calc(.375em + .1875rem) right calc(.375em + .1875rem)}.was-validated .form-select:valid,.form-select.is-valid{border-color:var(--bs-form-valid-border-color)}.was-validated .form-select:valid:not([multiple]):not([size]),.was-validated .form-select:valid:not([multiple])[size="1"],.form-select.is-valid:not([multiple]):not([size]),.form-select.is-valid:not([multiple])[size="1"]{--bs-form-select-bg-icon: url("data:image/svg+xml,%3csvg xmlns='http://www.w3.org/2000/svg' viewBox='0 0 8 8'%3e%3cpath fill='%23198754' d='M2.3 6.73.6 4.53c-.4-1.04.46-1.4 1.1-.8l1.1 1.4 3.4-3.8c.6-.63 1.6-.27 1.2.7l-4 4.6c-.43.5-.8.4-1.1.1z'/%3e%3c/svg%3e");padding-right:4.125rem;background-position:right .75rem center,center right 2.25rem;background-size:16px 12px,calc(.75em + .375rem) calc(.75em + .375rem)}.was-validated .form-select:valid:focus,.form-select.is-valid:focus{border-color:var(--bs-form-valid-border-color);box-shadow:0 0 0 .25rem rgba(var(--bs-success-rgb),.25)}.was-validated .form-control-color:valid,.form-control-color.is-valid{width:calc(3.75rem + 1.5em)}.was-validated .form-check-input:valid,.form-check-input.is-valid{border-color:var(--bs-form-valid-border-color)}.was-validated .form-check-input:valid:checked,.form-check-input.is-valid:checked{background-color:var(--bs-form-valid-color)}.was-validated .form-check-input:valid:focus,.form-check-input.is-valid:focus{box-shadow:0 0 0 .25rem rgba(var(--bs-success-rgb),.25)}.was-validated .form-check-input:valid~.form-check-label,.form-check-input.is-valid~.form-check-label{color:var(--bs-form-valid-color)}.form-check-inline .form-check-input~.valid-feedback{margin-left:.5em}.was-validated .input-group>.form-control:not(:focus):valid,.input-group>.form-control:not(:focus).is-valid,.was-validated .input-group>.form-select:not(:focus):valid,.input-group>.form-select:not(:focus).is-valid,.was-validated .input-group>.form-floating:not(:focus-within):valid,.input-group>.form-floating:not(:focus-within).is-valid{z-index:3}.invalid-feedback{display:none;width:100%;margin-top:.25rem;font-size:.875em;color:var(--bs-form-invalid-color)}.invalid-tooltip{position:absolute;top:100%;z-index:5;display:none;max-width:100%;padding:.25rem .5rem;margin-top:.1rem;font-size:.875rem;color:#fff;background-color:var(--bs-danger);border-radius:var(--bs-border-radius)}.was-validated :invalid~.invalid-feedback,.was-validated :invalid~.invalid-tooltip,.is-invalid~.invalid-feedback,.is-invalid~.invalid-tooltip{display:block}.was-validated .form-control:invalid,.form-control.is-invalid{border-color:var(--bs-form-invalid-border-color);padding-right:calc(1.5em + .75rem);background-image:url("data:image/svg+xml,%3csvg xmlns='http://www.w3.org/2000/svg' viewBox='0 0 12 12' width='12' height='12' fill='none' stroke='%23dc3545'%3e%3ccircle cx='6' cy='6' r='4.5'/%3e%3cpath stroke-linejoin='round' d='M5.8 3.6h.4L6 6.5z'/%3e%3ccircle cx='6' cy='8.2' r='.6' fill='%23dc3545' stroke='none'/%3e%3c/svg%3e");background-repeat:no-repeat;background-position:right calc(.375em + .1875rem) center;background-size:calc(.75em + .375rem) calc(.75em + .375rem)}.was-validated .form-control:invalid:focus,.form-control.is-invalid:focus{border-color:var(--bs-form-invalid-border-color);box-shadow:0 0 0 .25rem rgba(var(--bs-danger-rgb),.25)}.was-validated textarea.form-control:invalid,textarea.form-control.is-invalid{padding-right:calc(1.5em + .75rem);background-position:top calc(.375em + .1875rem) right calc(.375em + .1875rem)}.was-validated .form-select:invalid,.form-select.is-invalid{border-color:var(--bs-form-invalid-border-color)}.was-validated .form-select:invalid:not([multiple]):not([size]),.was-validated .form-select:invalid:not([multiple])[size="1"],.form-select.is-invalid:not([multiple]):not([size]),.form-select.is-invalid:not([multiple])[size="1"]{--bs-form-select-bg-icon: url("data:image/svg+xml,%3csvg xmlns='http://www.w3.org/2000/svg' viewBox='0 0 12 12' width='12' height='12' fill='none' stroke='%23dc3545'%3e%3ccircle cx='6' cy='6' r='4.5'/%3e%3cpath stroke-linejoin='round' d='M5.8 3.6h.4L6 6.5z'/%3e%3ccircle cx='6' cy='8.2' r='.6' fill='%23dc3545' stroke='none'/%3e%3c/svg%3e");padding-right:4.125rem;background-position:right .75rem center,center right 2.25rem;background-size:16px 12px,calc(.75em + .375rem) calc(.75em + .375rem)}.was-validated .form-select:invalid:focus,.form-select.is-invalid:focus{border-color:var(--bs-form-invalid-border-color);box-shadow:0 0 0 .25rem rgba(var(--bs-danger-rgb),.25)}.was-validated .form-control-color:invalid,.form-control-color.is-invalid{width:calc(3.75rem + 1.5em)}.was-validated .form-check-input:invalid,.form-check-input.is-invalid{border-color:var(--bs-form-invalid-border-color)}.was-validated .form-check-input:invalid:checked,.form-check-input.is-invalid:checked{background-color:var(--bs-form-invalid-color)}.was-validated .form-check-input:invalid:focus,.form-check-input.is-invalid:focus{box-shadow:0 0 0 .25rem rgba(var(--bs-danger-rgb),.25)}.was-validated .form-check-input:invalid~.form-check-label,.form-check-input.is-invalid~.form-check-label{color:var(--bs-form-invalid-color)}.form-check-inline .form-check-input~.invalid-feedback{margin-left:.5em}.was-validated .input-group>.form-control:not(:focus):invalid,.input-group>.form-control:not(:focus).is-invalid,.was-validated .input-group>.form-select:not(:focus):invalid,.input-group>.form-select:not(:focus).is-invalid,.was-validated .input-group>.form-floating:not(:focus-within):invalid,.input-group>.form-floating:not(:focus-within).is-invalid{z-index:4}.btn{--bs-btn-padding-x: .75rem;--bs-btn-padding-y: .375rem;--bs-btn-font-family: ;--bs-btn-font-size: 1rem;--bs-btn-font-weight: 400;--bs-btn-line-height: 1.5;--bs-btn-color: var(--bs-body-color);--bs-btn-bg: transparent;--bs-btn-border-width: var(--bs-border-width);--bs-btn-border-color: transparent;--bs-btn-border-radius: var(--bs-border-radius);--bs-btn-hover-border-color: transparent;--bs-btn-box-shadow: inset 0 1px 0 rgba(255, 255, 255, .15), 0 1px 1px rgba(0, 0, 0, .075);--bs-btn-disabled-opacity: .65;--bs-btn-focus-box-shadow: 0 0 0 .25rem rgba(var(--bs-btn-focus-shadow-rgb), .5);display:inline-block;padding:var(--bs-btn-padding-y) var(--bs-btn-padding-x);font-family:var(--bs-btn-font-family);font-size:var(--bs-btn-font-size);font-weight:var(--bs-btn-font-weight);line-height:var(--bs-btn-line-height);color:var(--bs-btn-color);text-align:center;text-decoration:none;vertical-align:middle;cursor:pointer;-webkit-user-select:none;-moz-user-select:none;user-select:none;border:var(--bs-btn-border-width) solid var(--bs-btn-border-color);border-radius:var(--bs-btn-border-radius);background-color:var(--bs-btn-bg);transition:color .15s ease-in-out,background-color .15s ease-in-out,border-color .15s ease-in-out,box-shadow .15s ease-in-out}@media (prefers-reduced-motion: reduce){.btn{transition:none}}.btn:hover{color:var(--bs-btn-hover-color);background-color:var(--bs-btn-hover-bg);border-color:var(--bs-btn-hover-border-color)}.btn-check+.btn:hover{color:var(--bs-btn-color);background-color:var(--bs-btn-bg);border-color:var(--bs-btn-border-color)}.btn:focus-visible{color:var(--bs-btn-hover-color);background-color:var(--bs-btn-hover-bg);border-color:var(--bs-btn-hover-border-color);outline:0;box-shadow:var(--bs-btn-focus-box-shadow)}.btn-check:focus-visible+.btn{border-color:var(--bs-btn-hover-border-color);outline:0;box-shadow:var(--bs-btn-focus-box-shadow)}.btn-check:checked+.btn,:not(.btn-check)+.btn:active,.btn:first-child:active,.btn.active,.btn.show{color:var(--bs-btn-active-color);background-color:var(--bs-btn-active-bg);border-color:var(--bs-btn-active-border-color)}.btn-check:checked+.btn:focus-visible,:not(.btn-check)+.btn:active:focus-visible,.btn:first-child:active:focus-visible,.btn.active:focus-visible,.btn.show:focus-visible{box-shadow:var(--bs-btn-focus-box-shadow)}.btn-check:checked:focus-visible+.btn{box-shadow:var(--bs-btn-focus-box-shadow)}.btn:disabled,.btn.disabled,fieldset:disabled .btn{color:var(--bs-btn-disabled-color);pointer-events:none;background-color:var(--bs-btn-disabled-bg);border-color:var(--bs-btn-disabled-border-color);opacity:var(--bs-btn-disabled-opacity)}.btn-primary{--bs-btn-color: #fff;--bs-btn-bg: #0d6efd;--bs-btn-border-color: #0d6efd;--bs-btn-hover-color: #fff;--bs-btn-hover-bg: #0b5ed7;--bs-btn-hover-border-color: #0a58ca;--bs-btn-focus-shadow-rgb: 49, 132, 253;--bs-btn-active-color: #fff;--bs-btn-active-bg: #0a58ca;--bs-btn-active-border-color: #0a53be;--bs-btn-active-shadow: inset 0 3px 5px rgba(0, 0, 0, .125);--bs-btn-disabled-color: #fff;--bs-btn-disabled-bg: #0d6efd;--bs-btn-disabled-border-color: #0d6efd}.btn-secondary{--bs-btn-color: #fff;--bs-btn-bg: #6c757d;--bs-btn-border-color: #6c757d;--bs-btn-hover-color: #fff;--bs-btn-hover-bg: #5c636a;--bs-btn-hover-border-color: #565e64;--bs-btn-focus-shadow-rgb: 130, 138, 145;--bs-btn-active-color: #fff;--bs-btn-active-bg: #565e64;--bs-btn-active-border-color: #51585e;--bs-btn-active-shadow: inset 0 3px 5px rgba(0, 0, 0, .125);--bs-btn-disabled-color: #fff;--bs-btn-disabled-bg: #6c757d;--bs-btn-disabled-border-color: #6c757d}.btn-success{--bs-btn-color: #fff;--bs-btn-bg: #198754;--bs-btn-border-color: #198754;--bs-btn-hover-color: #fff;--bs-btn-hover-bg: #157347;--bs-btn-hover-border-color: #146c43;--bs-btn-focus-shadow-rgb: 60, 153, 110;--bs-btn-active-color: #fff;--bs-btn-active-bg: #146c43;--bs-btn-active-border-color: #13653f;--bs-btn-active-shadow: inset 0 3px 5px rgba(0, 0, 0, .125);--bs-btn-disabled-color: #fff;--bs-btn-disabled-bg: #198754;--bs-btn-disabled-border-color: #198754}.btn-info{--bs-btn-color: #000;--bs-btn-bg: #0dcaf0;--bs-btn-border-color: #0dcaf0;--bs-btn-hover-color: #000;--bs-btn-hover-bg: #31d2f2;--bs-btn-hover-border-color: #25cff2;--bs-btn-focus-shadow-rgb: 11, 172, 204;--bs-btn-active-color: #000;--bs-btn-active-bg: #3dd5f3;--bs-btn-active-border-color: #25cff2;--bs-btn-active-shadow: inset 0 3px 5px rgba(0, 0, 0, .125);--bs-btn-disabled-color: #000;--bs-btn-disabled-bg: #0dcaf0;--bs-btn-disabled-border-color: #0dcaf0}.btn-warning{--bs-btn-color: #000;--bs-btn-bg: #ffc107;--bs-btn-border-color: #ffc107;--bs-btn-hover-color: #000;--bs-btn-hover-bg: #ffca2c;--bs-btn-hover-border-color: #ffc720;--bs-btn-focus-shadow-rgb: 217, 164, 6;--bs-btn-active-color: #000;--bs-btn-active-bg: #ffcd39;--bs-btn-active-border-color: #ffc720;--bs-btn-active-shadow: inset 0 3px 5px rgba(0, 0, 0, .125);--bs-btn-disabled-color: #000;--bs-btn-disabled-bg: #ffc107;--bs-btn-disabled-border-color: #ffc107}.btn-danger{--bs-btn-color: #fff;--bs-btn-bg: #dc3545;--bs-btn-border-color: #dc3545;--bs-btn-hover-color: #fff;--bs-btn-hover-bg: #bb2d3b;--bs-btn-hover-border-color: #b02a37;--bs-btn-focus-shadow-rgb: 225, 83, 97;--bs-btn-active-color: #fff;--bs-btn-active-bg: #b02a37;--bs-btn-active-border-color: #a52834;--bs-btn-active-shadow: inset 0 3px 5px rgba(0, 0, 0, .125);--bs-btn-disabled-color: #fff;--bs-btn-disabled-bg: #dc3545;--bs-btn-disabled-border-color: #dc3545}.btn-light{--bs-btn-color: #000;--bs-btn-bg: #f8f9fa;--bs-btn-border-color: #f8f9fa;--bs-btn-hover-color: #000;--bs-btn-hover-bg: #d3d4d5;--bs-btn-hover-border-color: #c6c7c8;--bs-btn-focus-shadow-rgb: 211, 212, 213;--bs-btn-active-color: #000;--bs-btn-active-bg: #c6c7c8;--bs-btn-active-border-color: #babbbc;--bs-btn-active-shadow: inset 0 3px 5px rgba(0, 0, 0, .125);--bs-btn-disabled-color: #000;--bs-btn-disabled-bg: #f8f9fa;--bs-btn-disabled-border-color: #f8f9fa}.btn-dark{--bs-btn-color: #fff;--bs-btn-bg: #212529;--bs-btn-border-color: #212529;--bs-btn-hover-color: #fff;--bs-btn-hover-bg: #424649;--bs-btn-hover-border-color: #373b3e;--bs-btn-focus-shadow-rgb: 66, 70, 73;--bs-btn-active-color: #fff;--bs-btn-active-bg: #4d5154;--bs-btn-active-border-color: #373b3e;--bs-btn-active-shadow: inset 0 3px 5px rgba(0, 0, 0, .125);--bs-btn-disabled-color: #fff;--bs-btn-disabled-bg: #212529;--bs-btn-disabled-border-color: #212529}.btn-outline-primary{--bs-btn-color: #0d6efd;--bs-btn-border-color: #0d6efd;--bs-btn-hover-color: #fff;--bs-btn-hover-bg: #0d6efd;--bs-btn-hover-border-color: #0d6efd;--bs-btn-focus-shadow-rgb: 13, 110, 253;--bs-btn-active-color: #fff;--bs-btn-active-bg: #0d6efd;--bs-btn-active-border-color: #0d6efd;--bs-btn-active-shadow: inset 0 3px 5px rgba(0, 0, 0, .125);--bs-btn-disabled-color: #0d6efd;--bs-btn-disabled-bg: transparent;--bs-btn-disabled-border-color: #0d6efd;--bs-gradient: none}.btn-outline-secondary{--bs-btn-color: #6c757d;--bs-btn-border-color: #6c757d;--bs-btn-hover-color: #fff;--bs-btn-hover-bg: #6c757d;--bs-btn-hover-border-color: #6c757d;--bs-btn-focus-shadow-rgb: 108, 117, 125;--bs-btn-active-color: #fff;--bs-btn-active-bg: #6c757d;--bs-btn-active-border-color: #6c757d;--bs-btn-active-shadow: inset 0 3px 5px rgba(0, 0, 0, .125);--bs-btn-disabled-color: #6c757d;--bs-btn-disabled-bg: transparent;--bs-btn-disabled-border-color: #6c757d;--bs-gradient: none}.btn-outline-success{--bs-btn-color: #198754;--bs-btn-border-color: #198754;--bs-btn-hover-color: #fff;--bs-btn-hover-bg: #198754;--bs-btn-hover-border-color: #198754;--bs-btn-focus-shadow-rgb: 25, 135, 84;--bs-btn-active-color: #fff;--bs-btn-active-bg: #198754;--bs-btn-active-border-color: #198754;--bs-btn-active-shadow: inset 0 3px 5px rgba(0, 0, 0, .125);--bs-btn-disabled-color: #198754;--bs-btn-disabled-bg: transparent;--bs-btn-disabled-border-color: #198754;--bs-gradient: none}.btn-outline-info{--bs-btn-color: #0dcaf0;--bs-btn-border-color: #0dcaf0;--bs-btn-hover-color: #000;--bs-btn-hover-bg: #0dcaf0;--bs-btn-hover-border-color: #0dcaf0;--bs-btn-focus-shadow-rgb: 13, 202, 240;--bs-btn-active-color: #000;--bs-btn-active-bg: #0dcaf0;--bs-btn-active-border-color: #0dcaf0;--bs-btn-active-shadow: inset 0 3px 5px rgba(0, 0, 0, .125);--bs-btn-disabled-color: #0dcaf0;--bs-btn-disabled-bg: transparent;--bs-btn-disabled-border-color: #0dcaf0;--bs-gradient: none}.btn-outline-warning{--bs-btn-color: #ffc107;--bs-btn-border-color: #ffc107;--bs-btn-hover-color: #000;--bs-btn-hover-bg: #ffc107;--bs-btn-hover-border-color: #ffc107;--bs-btn-focus-shadow-rgb: 255, 193, 7;--bs-btn-active-color: #000;--bs-btn-active-bg: #ffc107;--bs-btn-active-border-color: #ffc107;--bs-btn-active-shadow: inset 0 3px 5px rgba(0, 0, 0, .125);--bs-btn-disabled-color: #ffc107;--bs-btn-disabled-bg: transparent;--bs-btn-disabled-border-color: #ffc107;--bs-gradient: none}.btn-outline-danger{--bs-btn-color: #dc3545;--bs-btn-border-color: #dc3545;--bs-btn-hover-color: #fff;--bs-btn-hover-bg: #dc3545;--bs-btn-hover-border-color: #dc3545;--bs-btn-focus-shadow-rgb: 220, 53, 69;--bs-btn-active-color: #fff;--bs-btn-active-bg: #dc3545;--bs-btn-active-border-color: #dc3545;--bs-btn-active-shadow: inset 0 3px 5px rgba(0, 0, 0, .125);--bs-btn-disabled-color: #dc3545;--bs-btn-disabled-bg: transparent;--bs-btn-disabled-border-color: #dc3545;--bs-gradient: none}.btn-outline-light{--bs-btn-color: #f8f9fa;--bs-btn-border-color: #f8f9fa;--bs-btn-hover-color: #000;--bs-btn-hover-bg: #f8f9fa;--bs-btn-hover-border-color: #f8f9fa;--bs-btn-focus-shadow-rgb: 248, 249, 250;--bs-btn-active-color: #000;--bs-btn-active-bg: #f8f9fa;--bs-btn-active-border-color: #f8f9fa;--bs-btn-active-shadow: inset 0 3px 5px rgba(0, 0, 0, .125);--bs-btn-disabled-color: #f8f9fa;--bs-btn-disabled-bg: transparent;--bs-btn-disabled-border-color: #f8f9fa;--bs-gradient: none}.btn-outline-dark{--bs-btn-color: #212529;--bs-btn-border-color: #212529;--bs-btn-hover-color: #fff;--bs-btn-hover-bg: #212529;--bs-btn-hover-border-color: #212529;--bs-btn-focus-shadow-rgb: 33, 37, 41;--bs-btn-active-color: #fff;--bs-btn-active-bg: #212529;--bs-btn-active-border-color: #212529;--bs-btn-active-shadow: inset 0 3px 5px rgba(0, 0, 0, .125);--bs-btn-disabled-color: #212529;--bs-btn-disabled-bg: transparent;--bs-btn-disabled-border-color: #212529;--bs-gradient: none}.btn-link{--bs-btn-font-weight: 400;--bs-btn-color: var(--bs-link-color);--bs-btn-bg: transparent;--bs-btn-border-color: transparent;--bs-btn-hover-color: var(--bs-link-hover-color);--bs-btn-hover-border-color: transparent;--bs-btn-active-color: var(--bs-link-hover-color);--bs-btn-active-border-color: transparent;--bs-btn-disabled-color: #6c757d;--bs-btn-disabled-border-color: transparent;--bs-btn-box-shadow: 0 0 0 #000;--bs-btn-focus-shadow-rgb: 49, 132, 253;text-decoration:underline}.btn-link:focus-visible{color:var(--bs-btn-color)}.btn-link:hover{color:var(--bs-btn-hover-color)}.btn-lg,.btn-group-lg>.btn{--bs-btn-padding-y: .5rem;--bs-btn-padding-x: 1rem;--bs-btn-font-size: 1.25rem;--bs-btn-border-radius: var(--bs-border-radius-lg)}.btn-sm,.btn-group-sm>.btn{--bs-btn-padding-y: .25rem;--bs-btn-padding-x: .5rem;--bs-btn-font-size: .875rem;--bs-btn-border-radius: var(--bs-border-radius-sm)}.fade{transition:opacity .15s linear}@media (prefers-reduced-motion: reduce){.fade{transition:none}}.fade:not(.show){opacity:0}.collapse:not(.show){display:none}.collapsing{height:0;overflow:hidden;transition:height .35s ease}@media (prefers-reduced-motion: reduce){.collapsing{transition:none}}.collapsing.collapse-horizontal{width:0;height:auto;transition:width .35s ease}@media (prefers-reduced-motion: reduce){.collapsing.collapse-horizontal{transition:none}}.dropup,.dropend,.dropdown,.dropstart,.dropup-center,.dropdown-center{position:relative}.dropdown-toggle{white-space:nowrap}.dropdown-toggle:after{display:inline-block;margin-left:.255em;vertical-align:.255em;content:"";border-top:.3em solid;border-right:.3em solid transparent;border-bottom:0;border-left:.3em solid transparent}.dropdown-toggle:empty:after{margin-left:0}.dropdown-menu{--bs-dropdown-zindex: 1000;--bs-dropdown-min-width: 10rem;--bs-dropdown-padding-x: 0;--bs-dropdown-padding-y: .5rem;--bs-dropdown-spacer: .125rem;--bs-dropdown-font-size: 1rem;--bs-dropdown-color: var(--bs-body-color);--bs-dropdown-bg: var(--bs-body-bg);--bs-dropdown-border-color: var(--bs-border-color-translucent);--bs-dropdown-border-radius: var(--bs-border-radius);--bs-dropdown-border-width: var(--bs-border-width);--bs-dropdown-inner-border-radius: calc(var(--bs-border-radius) - var(--bs-border-width));--bs-dropdown-divider-bg: var(--bs-border-color-translucent);--bs-dropdown-divider-margin-y: .5rem;--bs-dropdown-box-shadow: var(--bs-box-shadow);--bs-dropdown-link-color: var(--bs-body-color);--bs-dropdown-link-hover-color: var(--bs-body-color);--bs-dropdown-link-hover-bg: var(--bs-tertiary-bg);--bs-dropdown-link-active-color: #fff;--bs-dropdown-link-active-bg: #0d6efd;--bs-dropdown-link-disabled-color: var(--bs-tertiary-color);--bs-dropdown-item-padding-x: 1rem;--bs-dropdown-item-padding-y: .25rem;--bs-dropdown-header-color: #6c757d;--bs-dropdown-header-padding-x: 1rem;--bs-dropdown-header-padding-y: .5rem;position:absolute;z-index:var(--bs-dropdown-zindex);display:none;min-width:var(--bs-dropdown-min-width);padding:var(--bs-dropdown-padding-y) var(--bs-dropdown-padding-x);margin:0;font-size:var(--bs-dropdown-font-size);color:var(--bs-dropdown-color);text-align:left;list-style:none;background-color:var(--bs-dropdown-bg);background-clip:padding-box;border:var(--bs-dropdown-border-width) solid var(--bs-dropdown-border-color);border-radius:var(--bs-dropdown-border-radius)}.dropdown-menu[data-bs-popper]{top:100%;left:0;margin-top:var(--bs-dropdown-spacer)}.dropdown-menu-start{--bs-position: start}.dropdown-menu-start[data-bs-popper]{right:auto;left:0}.dropdown-menu-end{--bs-position: end}.dropdown-menu-end[data-bs-popper]{right:0;left:auto}@media (min-width: 576px){.dropdown-menu-sm-start{--bs-position: start}.dropdown-menu-sm-start[data-bs-popper]{right:auto;left:0}.dropdown-menu-sm-end{--bs-position: end}.dropdown-menu-sm-end[data-bs-popper]{right:0;left:auto}}@media (min-width: 768px){.dropdown-menu-md-start{--bs-position: start}.dropdown-menu-md-start[data-bs-popper]{right:auto;left:0}.dropdown-menu-md-end{--bs-position: end}.dropdown-menu-md-end[data-bs-popper]{right:0;left:auto}}@media (min-width: 992px){.dropdown-menu-lg-start{--bs-position: start}.dropdown-menu-lg-start[data-bs-popper]{right:auto;left:0}.dropdown-menu-lg-end{--bs-position: end}.dropdown-menu-lg-end[data-bs-popper]{right:0;left:auto}}@media (min-width: 1200px){.dropdown-menu-xl-start{--bs-position: start}.dropdown-menu-xl-start[data-bs-popper]{right:auto;left:0}.dropdown-menu-xl-end{--bs-position: end}.dropdown-menu-xl-end[data-bs-popper]{right:0;left:auto}}@media (min-width: 1400px){.dropdown-menu-xxl-start{--bs-position: start}.dropdown-menu-xxl-start[data-bs-popper]{right:auto;left:0}.dropdown-menu-xxl-end{--bs-position: end}.dropdown-menu-xxl-end[data-bs-popper]{right:0;left:auto}}.dropup .dropdown-menu[data-bs-popper]{top:auto;bottom:100%;margin-top:0;margin-bottom:var(--bs-dropdown-spacer)}.dropup .dropdown-toggle:after{display:inline-block;margin-left:.255em;vertical-align:.255em;content:"";border-top:0;border-right:.3em solid transparent;border-bottom:.3em solid;border-left:.3em solid transparent}.dropup .dropdown-toggle:empty:after{margin-left:0}.dropend .dropdown-menu[data-bs-popper]{top:0;right:auto;left:100%;margin-top:0;margin-left:var(--bs-dropdown-spacer)}.dropend .dropdown-toggle:after{display:inline-block;margin-left:.255em;vertical-align:.255em;content:"";border-top:.3em solid transparent;border-right:0;border-bottom:.3em solid transparent;border-left:.3em solid}.dropend .dropdown-toggle:empty:after{margin-left:0}.dropend .dropdown-toggle:after{vertical-align:0}.dropstart .dropdown-menu[data-bs-popper]{top:0;right:100%;left:auto;margin-top:0;margin-right:var(--bs-dropdown-spacer)}.dropstart .dropdown-toggle:after{display:inline-block;margin-left:.255em;vertical-align:.255em;content:""}.dropstart .dropdown-toggle:after{display:none}.dropstart .dropdown-toggle:before{display:inline-block;margin-right:.255em;vertical-align:.255em;content:"";border-top:.3em solid transparent;border-right:.3em solid;border-bottom:.3em solid transparent}.dropstart .dropdown-toggle:empty:after{margin-left:0}.dropstart .dropdown-toggle:before{vertical-align:0}.dropdown-divider{height:0;margin:var(--bs-dropdown-divider-margin-y) 0;overflow:hidden;border-top:1px solid var(--bs-dropdown-divider-bg);opacity:1}.dropdown-item{display:block;width:100%;padding:var(--bs-dropdown-item-padding-y) var(--bs-dropdown-item-padding-x);clear:both;font-weight:400;color:var(--bs-dropdown-link-color);text-align:inherit;text-decoration:none;white-space:nowrap;background-color:transparent;border:0;border-radius:var(--bs-dropdown-item-border-radius, 0)}.dropdown-item:hover,.dropdown-item:focus{color:var(--bs-dropdown-link-hover-color);background-color:var(--bs-dropdown-link-hover-bg)}.dropdown-item.active,.dropdown-item:active{color:var(--bs-dropdown-link-active-color);text-decoration:none;background-color:var(--bs-dropdown-link-active-bg)}.dropdown-item.disabled,.dropdown-item:disabled{color:var(--bs-dropdown-link-disabled-color);pointer-events:none;background-color:transparent}.dropdown-menu.show{display:block}.dropdown-header{display:block;padding:var(--bs-dropdown-header-padding-y) var(--bs-dropdown-header-padding-x);margin-bottom:0;font-size:.875rem;color:var(--bs-dropdown-header-color);white-space:nowrap}.dropdown-item-text{display:block;padding:var(--bs-dropdown-item-padding-y) var(--bs-dropdown-item-padding-x);color:var(--bs-dropdown-link-color)}.dropdown-menu-dark{--bs-dropdown-color: #dee2e6;--bs-dropdown-bg: #343a40;--bs-dropdown-border-color: var(--bs-border-color-translucent);--bs-dropdown-box-shadow: ;--bs-dropdown-link-color: #dee2e6;--bs-dropdown-link-hover-color: #fff;--bs-dropdown-divider-bg: var(--bs-border-color-translucent);--bs-dropdown-link-hover-bg: rgba(255, 255, 255, .15);--bs-dropdown-link-active-color: #fff;--bs-dropdown-link-active-bg: #0d6efd;--bs-dropdown-link-disabled-color: #adb5bd;--bs-dropdown-header-color: #adb5bd}.btn-group,.btn-group-vertical{position:relative;display:inline-flex;vertical-align:middle}.btn-group>.btn,.btn-group-vertical>.btn{position:relative;flex:1 1 auto}.btn-group>.btn-check:checked+.btn,.btn-group>.btn-check:focus+.btn,.btn-group>.btn:hover,.btn-group>.btn:focus,.btn-group>.btn:active,.btn-group>.btn.active,.btn-group-vertical>.btn-check:checked+.btn,.btn-group-vertical>.btn-check:focus+.btn,.btn-group-vertical>.btn:hover,.btn-group-vertical>.btn:focus,.btn-group-vertical>.btn:active,.btn-group-vertical>.btn.active{z-index:1}.btn-toolbar{display:flex;flex-wrap:wrap;justify-content:flex-start}.btn-toolbar .input-group{width:auto}.btn-group{border-radius:var(--bs-border-radius)}.btn-group>:not(.btn-check:first-child)+.btn,.btn-group>.btn-group:not(:first-child){margin-left:calc(var(--bs-border-width) * -1)}.btn-group>.btn:not(:last-child):not(.dropdown-toggle),.btn-group>.btn.dropdown-toggle-split:first-child,.btn-group>.btn-group:not(:last-child)>.btn{border-top-right-radius:0;border-bottom-right-radius:0}.btn-group>.btn:nth-child(n+3),.btn-group>:not(.btn-check)+.btn,.btn-group>.btn-group:not(:first-child)>.btn{border-top-left-radius:0;border-bottom-left-radius:0}.dropdown-toggle-split{padding-right:.5625rem;padding-left:.5625rem}.dropdown-toggle-split:after,.dropup .dropdown-toggle-split:after,.dropend .dropdown-toggle-split:after{margin-left:0}.dropstart .dropdown-toggle-split:before{margin-right:0}.btn-sm+.dropdown-toggle-split,.btn-group-sm>.btn+.dropdown-toggle-split{padding-right:.375rem;padding-left:.375rem}.btn-lg+.dropdown-toggle-split,.btn-group-lg>.btn+.dropdown-toggle-split{padding-right:.75rem;padding-left:.75rem}.btn-group-vertical{flex-direction:column;align-items:flex-start;justify-content:center}.btn-group-vertical>.btn,.btn-group-vertical>.btn-group{width:100%}.btn-group-vertical>.btn:not(:first-child),.btn-group-vertical>.btn-group:not(:first-child){margin-top:calc(var(--bs-border-width) * -1)}.btn-group-vertical>.btn:not(:last-child):not(.dropdown-toggle),.btn-group-vertical>.btn-group:not(:last-child)>.btn{border-bottom-right-radius:0;border-bottom-left-radius:0}.btn-group-vertical>.btn~.btn,.btn-group-vertical>.btn-group:not(:first-child)>.btn{border-top-left-radius:0;border-top-right-radius:0}.nav{--bs-nav-link-padding-x: 1rem;--bs-nav-link-padding-y: .5rem;--bs-nav-link-font-weight: ;--bs-nav-link-color: var(--bs-link-color);--bs-nav-link-hover-color: var(--bs-link-hover-color);--bs-nav-link-disabled-color: var(--bs-secondary-color);display:flex;flex-wrap:wrap;padding-left:0;margin-bottom:0;list-style:none}.nav-link{display:block;padding:var(--bs-nav-link-padding-y) var(--bs-nav-link-padding-x);font-size:var(--bs-nav-link-font-size);font-weight:var(--bs-nav-link-font-weight);color:var(--bs-nav-link-color);text-decoration:none;background:none;border:0;transition:color .15s ease-in-out,background-color .15s ease-in-out,border-color .15s ease-in-out}@media (prefers-reduced-motion: reduce){.nav-link{transition:none}}.nav-link:hover,.nav-link:focus{color:var(--bs-nav-link-hover-color)}.nav-link:focus-visible{outline:0;box-shadow:0 0 0 .25rem #0d6efd40}.nav-link.disabled,.nav-link:disabled{color:var(--bs-nav-link-disabled-color);pointer-events:none;cursor:default}.nav-tabs{--bs-nav-tabs-border-width: var(--bs-border-width);--bs-nav-tabs-border-color: var(--bs-border-color);--bs-nav-tabs-border-radius: var(--bs-border-radius);--bs-nav-tabs-link-hover-border-color: var(--bs-secondary-bg) var(--bs-secondary-bg) var(--bs-border-color);--bs-nav-tabs-link-active-color: var(--bs-emphasis-color);--bs-nav-tabs-link-active-bg: var(--bs-body-bg);--bs-nav-tabs-link-active-border-color: var(--bs-border-color) var(--bs-border-color) var(--bs-body-bg);border-bottom:var(--bs-nav-tabs-border-width) solid var(--bs-nav-tabs-border-color)}.nav-tabs .nav-link{margin-bottom:calc(-1 * var(--bs-nav-tabs-border-width));border:var(--bs-nav-tabs-border-width) solid transparent;border-top-left-radius:var(--bs-nav-tabs-border-radius);border-top-right-radius:var(--bs-nav-tabs-border-radius)}.nav-tabs .nav-link:hover,.nav-tabs .nav-link:focus{isolation:isolate;border-color:var(--bs-nav-tabs-link-hover-border-color)}.nav-tabs .nav-link.active,.nav-tabs .nav-item.show .nav-link{color:var(--bs-nav-tabs-link-active-color);background-color:var(--bs-nav-tabs-link-active-bg);border-color:var(--bs-nav-tabs-link-active-border-color)}.nav-tabs .dropdown-menu{margin-top:calc(-1 * var(--bs-nav-tabs-border-width));border-top-left-radius:0;border-top-right-radius:0}.nav-pills{--bs-nav-pills-border-radius: var(--bs-border-radius);--bs-nav-pills-link-active-color: #fff;--bs-nav-pills-link-active-bg: #0d6efd}.nav-pills .nav-link{border-radius:var(--bs-nav-pills-border-radius)}.nav-pills .nav-link.active,.nav-pills .show>.nav-link{color:var(--bs-nav-pills-link-active-color);background-color:var(--bs-nav-pills-link-active-bg)}.nav-underline{--bs-nav-underline-gap: 1rem;--bs-nav-underline-border-width: .125rem;--bs-nav-underline-link-active-color: var(--bs-emphasis-color);gap:var(--bs-nav-underline-gap)}.nav-underline .nav-link{padding-right:0;padding-left:0;border-bottom:var(--bs-nav-underline-border-width) solid transparent}.nav-underline .nav-link:hover,.nav-underline .nav-link:focus{border-bottom-color:currentcolor}.nav-underline .nav-link.active,.nav-underline .show>.nav-link{font-weight:700;color:var(--bs-nav-underline-link-active-color);border-bottom-color:currentcolor}.nav-fill>.nav-link,.nav-fill .nav-item{flex:1 1 auto;text-align:center}.nav-justified>.nav-link,.nav-justified .nav-item{flex-basis:0;flex-grow:1;text-align:center}.nav-fill .nav-item .nav-link,.nav-justified .nav-item .nav-link{width:100%}.tab-content>.tab-pane{display:none}.tab-content>.active{display:block}.navbar{--bs-navbar-padding-x: 0;--bs-navbar-padding-y: .5rem;--bs-navbar-color: rgba(var(--bs-emphasis-color-rgb), .65);--bs-navbar-hover-color: rgba(var(--bs-emphasis-color-rgb), .8);--bs-navbar-disabled-color: rgba(var(--bs-emphasis-color-rgb), .3);--bs-navbar-active-color: rgba(var(--bs-emphasis-color-rgb), 1);--bs-navbar-brand-padding-y: .3125rem;--bs-navbar-brand-margin-end: 1rem;--bs-navbar-brand-font-size: 1.25rem;--bs-navbar-brand-color: rgba(var(--bs-emphasis-color-rgb), 1);--bs-navbar-brand-hover-color: rgba(var(--bs-emphasis-color-rgb), 1);--bs-navbar-nav-link-padding-x: .5rem;--bs-navbar-toggler-padding-y: .25rem;--bs-navbar-toggler-padding-x: .75rem;--bs-navbar-toggler-font-size: 1.25rem;--bs-navbar-toggler-icon-bg: url("data:image/svg+xml,%3csvg xmlns='http://www.w3.org/2000/svg' viewBox='0 0 30 30'%3e%3cpath stroke='rgba%2833, 37, 41, 0.75%29' stroke-linecap='round' stroke-miterlimit='10' stroke-width='2' d='M4 7h22M4 15h22M4 23h22'/%3e%3c/svg%3e");--bs-navbar-toggler-border-color: rgba(var(--bs-emphasis-color-rgb), .15);--bs-navbar-toggler-border-radius: var(--bs-border-radius);--bs-navbar-toggler-focus-width: .25rem;--bs-navbar-toggler-transition: box-shadow .15s ease-in-out;position:relative;display:flex;flex-wrap:wrap;align-items:center;justify-content:space-between;padding:var(--bs-navbar-padding-y) var(--bs-navbar-padding-x)}.navbar>.container,.navbar>.container-fluid,.navbar>.container-sm,.navbar>.container-md,.navbar>.container-lg,.navbar>.container-xl,.navbar>.container-xxl{display:flex;flex-wrap:inherit;align-items:center;justify-content:space-between}.navbar-brand{padding-top:var(--bs-navbar-brand-padding-y);padding-bottom:var(--bs-navbar-brand-padding-y);margin-right:var(--bs-navbar-brand-margin-end);font-size:var(--bs-navbar-brand-font-size);color:var(--bs-navbar-brand-color);text-decoration:none;white-space:nowrap}.navbar-brand:hover,.navbar-brand:focus{color:var(--bs-navbar-brand-hover-color)}.navbar-nav{--bs-nav-link-padding-x: 0;--bs-nav-link-padding-y: .5rem;--bs-nav-link-font-weight: ;--bs-nav-link-color: var(--bs-navbar-color);--bs-nav-link-hover-color: var(--bs-navbar-hover-color);--bs-nav-link-disabled-color: var(--bs-navbar-disabled-color);display:flex;flex-direction:column;padding-left:0;margin-bottom:0;list-style:none}.navbar-nav .nav-link.active,.navbar-nav .nav-link.show{color:var(--bs-navbar-active-color)}.navbar-nav .dropdown-menu{position:static}.navbar-text{padding-top:.5rem;padding-bottom:.5rem;color:var(--bs-navbar-color)}.navbar-text a,.navbar-text a:hover,.navbar-text a:focus{color:var(--bs-navbar-active-color)}.navbar-collapse{flex-basis:100%;flex-grow:1;align-items:center}.navbar-toggler{padding:var(--bs-navbar-toggler-padding-y) var(--bs-navbar-toggler-padding-x);font-size:var(--bs-navbar-toggler-font-size);line-height:1;color:var(--bs-navbar-color);background-color:transparent;border:var(--bs-border-width) solid var(--bs-navbar-toggler-border-color);border-radius:var(--bs-navbar-toggler-border-radius);transition:var(--bs-navbar-toggler-transition)}@media (prefers-reduced-motion: reduce){.navbar-toggler{transition:none}}.navbar-toggler:hover{text-decoration:none}.navbar-toggler:focus{text-decoration:none;outline:0;box-shadow:0 0 0 var(--bs-navbar-toggler-focus-width)}.navbar-toggler-icon{display:inline-block;width:1.5em;height:1.5em;vertical-align:middle;background-image:var(--bs-navbar-toggler-icon-bg);background-repeat:no-repeat;background-position:center;background-size:100%}.navbar-nav-scroll{max-height:var(--bs-scroll-height, 75vh);overflow-y:auto}@media (min-width: 576px){.navbar-expand-sm{flex-wrap:nowrap;justify-content:flex-start}.navbar-expand-sm .navbar-nav{flex-direction:row}.navbar-expand-sm .navbar-nav .dropdown-menu{position:absolute}.navbar-expand-sm .navbar-nav .nav-link{padding-right:var(--bs-navbar-nav-link-padding-x);padding-left:var(--bs-navbar-nav-link-padding-x)}.navbar-expand-sm .navbar-nav-scroll{overflow:visible}.navbar-expand-sm .navbar-collapse{display:flex!important;flex-basis:auto}.navbar-expand-sm .navbar-toggler{display:none}.navbar-expand-sm .offcanvas{position:static;z-index:auto;flex-grow:1;width:auto!important;height:auto!important;visibility:visible!important;background-color:transparent!important;border:0!important;transform:none!important;transition:none}.navbar-expand-sm .offcanvas .offcanvas-header{display:none}.navbar-expand-sm .offcanvas .offcanvas-body{display:flex;flex-grow:0;padding:0;overflow-y:visible}}@media (min-width: 768px){.navbar-expand-md{flex-wrap:nowrap;justify-content:flex-start}.navbar-expand-md .navbar-nav{flex-direction:row}.navbar-expand-md .navbar-nav .dropdown-menu{position:absolute}.navbar-expand-md .navbar-nav .nav-link{padding-right:var(--bs-navbar-nav-link-padding-x);padding-left:var(--bs-navbar-nav-link-padding-x)}.navbar-expand-md .navbar-nav-scroll{overflow:visible}.navbar-expand-md .navbar-collapse{display:flex!important;flex-basis:auto}.navbar-expand-md .navbar-toggler{display:none}.navbar-expand-md .offcanvas{position:static;z-index:auto;flex-grow:1;width:auto!important;height:auto!important;visibility:visible!important;background-color:transparent!important;border:0!important;transform:none!important;transition:none}.navbar-expand-md .offcanvas .offcanvas-header{display:none}.navbar-expand-md .offcanvas .offcanvas-body{display:flex;flex-grow:0;padding:0;overflow-y:visible}}@media (min-width: 992px){.navbar-expand-lg{flex-wrap:nowrap;justify-content:flex-start}.navbar-expand-lg .navbar-nav{flex-direction:row}.navbar-expand-lg .navbar-nav .dropdown-menu{position:absolute}.navbar-expand-lg .navbar-nav .nav-link{padding-right:var(--bs-navbar-nav-link-padding-x);padding-left:var(--bs-navbar-nav-link-padding-x)}.navbar-expand-lg .navbar-nav-scroll{overflow:visible}.navbar-expand-lg .navbar-collapse{display:flex!important;flex-basis:auto}.navbar-expand-lg .navbar-toggler{display:none}.navbar-expand-lg .offcanvas{position:static;z-index:auto;flex-grow:1;width:auto!important;height:auto!important;visibility:visible!important;background-color:transparent!important;border:0!important;transform:none!important;transition:none}.navbar-expand-lg .offcanvas .offcanvas-header{display:none}.navbar-expand-lg .offcanvas .offcanvas-body{display:flex;flex-grow:0;padding:0;overflow-y:visible}}@media (min-width: 1200px){.navbar-expand-xl{flex-wrap:nowrap;justify-content:flex-start}.navbar-expand-xl .navbar-nav{flex-direction:row}.navbar-expand-xl .navbar-nav .dropdown-menu{position:absolute}.navbar-expand-xl .navbar-nav .nav-link{padding-right:var(--bs-navbar-nav-link-padding-x);padding-left:var(--bs-navbar-nav-link-padding-x)}.navbar-expand-xl .navbar-nav-scroll{overflow:visible}.navbar-expand-xl .navbar-collapse{display:flex!important;flex-basis:auto}.navbar-expand-xl .navbar-toggler{display:none}.navbar-expand-xl .offcanvas{position:static;z-index:auto;flex-grow:1;width:auto!important;height:auto!important;visibility:visible!important;background-color:transparent!important;border:0!important;transform:none!important;transition:none}.navbar-expand-xl .offcanvas .offcanvas-header{display:none}.navbar-expand-xl .offcanvas .offcanvas-body{display:flex;flex-grow:0;padding:0;overflow-y:visible}}@media (min-width: 1400px){.navbar-expand-xxl{flex-wrap:nowrap;justify-content:flex-start}.navbar-expand-xxl .navbar-nav{flex-direction:row}.navbar-expand-xxl .navbar-nav .dropdown-menu{position:absolute}.navbar-expand-xxl .navbar-nav .nav-link{padding-right:var(--bs-navbar-nav-link-padding-x);padding-left:var(--bs-navbar-nav-link-padding-x)}.navbar-expand-xxl .navbar-nav-scroll{overflow:visible}.navbar-expand-xxl .navbar-collapse{display:flex!important;flex-basis:auto}.navbar-expand-xxl .navbar-toggler{display:none}.navbar-expand-xxl .offcanvas{position:static;z-index:auto;flex-grow:1;width:auto!important;height:auto!important;visibility:visible!important;background-color:transparent!important;border:0!important;transform:none!important;transition:none}.navbar-expand-xxl .offcanvas .offcanvas-header{display:none}.navbar-expand-xxl .offcanvas .offcanvas-body{display:flex;flex-grow:0;padding:0;overflow-y:visible}}.navbar-expand{flex-wrap:nowrap;justify-content:flex-start}.navbar-expand .navbar-nav{flex-direction:row}.navbar-expand .navbar-nav .dropdown-menu{position:absolute}.navbar-expand .navbar-nav .nav-link{padding-right:var(--bs-navbar-nav-link-padding-x);padding-left:var(--bs-navbar-nav-link-padding-x)}.navbar-expand .navbar-nav-scroll{overflow:visible}.navbar-expand .navbar-collapse{display:flex!important;flex-basis:auto}.navbar-expand .navbar-toggler{display:none}.navbar-expand .offcanvas{position:static;z-index:auto;flex-grow:1;width:auto!important;height:auto!important;visibility:visible!important;background-color:transparent!important;border:0!important;transform:none!important;transition:none}.navbar-expand .offcanvas .offcanvas-header{display:none}.navbar-expand .offcanvas .offcanvas-body{display:flex;flex-grow:0;padding:0;overflow-y:visible}.navbar-dark,.navbar[data-bs-theme=dark]{--bs-navbar-color: rgba(255, 255, 255, .55);--bs-navbar-hover-color: rgba(255, 255, 255, .75);--bs-navbar-disabled-color: rgba(255, 255, 255, .25);--bs-navbar-active-color: #fff;--bs-navbar-brand-color: #fff;--bs-navbar-brand-hover-color: #fff;--bs-navbar-toggler-border-color: rgba(255, 255, 255, .1);--bs-navbar-toggler-icon-bg: url("data:image/svg+xml,%3csvg xmlns='http://www.w3.org/2000/svg' viewBox='0 0 30 30'%3e%3cpath stroke='rgba%28255, 255, 255, 0.55%29' stroke-linecap='round' stroke-miterlimit='10' stroke-width='2' d='M4 7h22M4 15h22M4 23h22'/%3e%3c/svg%3e")}[data-bs-theme=dark] .navbar-toggler-icon{--bs-navbar-toggler-icon-bg: url("data:image/svg+xml,%3csvg xmlns='http://www.w3.org/2000/svg' viewBox='0 0 30 30'%3e%3cpath stroke='rgba%28255, 255, 255, 0.55%29' stroke-linecap='round' stroke-miterlimit='10' stroke-width='2' d='M4 7h22M4 15h22M4 23h22'/%3e%3c/svg%3e")}.card{--bs-card-spacer-y: 1rem;--bs-card-spacer-x: 1rem;--bs-card-title-spacer-y: .5rem;--bs-card-title-color: ;--bs-card-subtitle-color: ;--bs-card-border-width: var(--bs-border-width);--bs-card-border-color: var(--bs-border-color-translucent);--bs-card-border-radius: var(--bs-border-radius);--bs-card-box-shadow: ;--bs-card-inner-border-radius: calc(var(--bs-border-radius) - (var(--bs-border-width)));--bs-card-cap-padding-y: .5rem;--bs-card-cap-padding-x: 1rem;--bs-card-cap-bg: rgba(var(--bs-body-color-rgb), .03);--bs-card-cap-color: ;--bs-card-height: ;--bs-card-color: ;--bs-card-bg: var(--bs-body-bg);--bs-card-img-overlay-padding: 1rem;--bs-card-group-margin: .75rem;position:relative;display:flex;flex-direction:column;min-width:0;height:var(--bs-card-height);color:var(--bs-body-color);word-wrap:break-word;background-color:var(--bs-card-bg);background-clip:border-box;border:var(--bs-card-border-width) solid var(--bs-card-border-color);border-radius:var(--bs-card-border-radius)}.card>hr{margin-right:0;margin-left:0}.card>.list-group{border-top:inherit;border-bottom:inherit}.card>.list-group:first-child{border-top-width:0;border-top-left-radius:var(--bs-card-inner-border-radius);border-top-right-radius:var(--bs-card-inner-border-radius)}.card>.list-group:last-child{border-bottom-width:0;border-bottom-right-radius:var(--bs-card-inner-border-radius);border-bottom-left-radius:var(--bs-card-inner-border-radius)}.card>.card-header+.list-group,.card>.list-group+.card-footer{border-top:0}.card-body{flex:1 1 auto;padding:var(--bs-card-spacer-y) var(--bs-card-spacer-x);color:var(--bs-card-color)}.card-title{margin-bottom:var(--bs-card-title-spacer-y);color:var(--bs-card-title-color)}.card-subtitle{margin-top:calc(-.5 * var(--bs-card-title-spacer-y));margin-bottom:0;color:var(--bs-card-subtitle-color)}.card-text:last-child{margin-bottom:0}.card-link+.card-link{margin-left:var(--bs-card-spacer-x)}.card-header{padding:var(--bs-card-cap-padding-y) var(--bs-card-cap-padding-x);margin-bottom:0;color:var(--bs-card-cap-color);background-color:var(--bs-card-cap-bg);border-bottom:var(--bs-card-border-width) solid var(--bs-card-border-color)}.card-header:first-child{border-radius:var(--bs-card-inner-border-radius) var(--bs-card-inner-border-radius) 0 0}.card-footer{padding:var(--bs-card-cap-padding-y) var(--bs-card-cap-padding-x);color:var(--bs-card-cap-color);background-color:var(--bs-card-cap-bg);border-top:var(--bs-card-border-width) solid var(--bs-card-border-color)}.card-footer:last-child{border-radius:0 0 var(--bs-card-inner-border-radius) var(--bs-card-inner-border-radius)}.card-header-tabs{margin-right:calc(-.5 * var(--bs-card-cap-padding-x));margin-bottom:calc(-1 * var(--bs-card-cap-padding-y));margin-left:calc(-.5 * var(--bs-card-cap-padding-x));border-bottom:0}.card-header-tabs .nav-link.active{background-color:var(--bs-card-bg);border-bottom-color:var(--bs-card-bg)}.card-header-pills{margin-right:calc(-.5 * var(--bs-card-cap-padding-x));margin-left:calc(-.5 * var(--bs-card-cap-padding-x))}.card-img-overlay{position:absolute;inset:0;padding:var(--bs-card-img-overlay-padding);border-radius:var(--bs-card-inner-border-radius)}.card-img,.card-img-top,.card-img-bottom{width:100%}.card-img,.card-img-top{border-top-left-radius:var(--bs-card-inner-border-radius);border-top-right-radius:var(--bs-card-inner-border-radius)}.card-img,.card-img-bottom{border-bottom-right-radius:var(--bs-card-inner-border-radius);border-bottom-left-radius:var(--bs-card-inner-border-radius)}.card-group>.card{margin-bottom:var(--bs-card-group-margin)}@media (min-width: 576px){.card-group{display:flex;flex-flow:row wrap}.card-group>.card{flex:1 0 0%;margin-bottom:0}.card-group>.card+.card{margin-left:0;border-left:0}.card-group>.card:not(:last-child){border-top-right-radius:0;border-bottom-right-radius:0}.card-group>.card:not(:last-child) .card-img-top,.card-group>.card:not(:last-child) .card-header{border-top-right-radius:0}.card-group>.card:not(:last-child) .card-img-bottom,.card-group>.card:not(:last-child) .card-footer{border-bottom-right-radius:0}.card-group>.card:not(:first-child){border-top-left-radius:0;border-bottom-left-radius:0}.card-group>.card:not(:first-child) .card-img-top,.card-group>.card:not(:first-child) .card-header{border-top-left-radius:0}.card-group>.card:not(:first-child) .card-img-bottom,.card-group>.card:not(:first-child) .card-footer{border-bottom-left-radius:0}}.accordion{--bs-accordion-color: var(--bs-body-color);--bs-accordion-bg: var(--bs-body-bg);--bs-accordion-transition: color .15s ease-in-out, background-color .15s ease-in-out, border-color .15s ease-in-out, box-shadow .15s ease-in-out, border-radius .15s ease;--bs-accordion-border-color: var(--bs-border-color);--bs-accordion-border-width: var(--bs-border-width);--bs-accordion-border-radius: var(--bs-border-radius);--bs-accordion-inner-border-radius: calc(var(--bs-border-radius) - (var(--bs-border-width)));--bs-accordion-btn-padding-x: 1.25rem;--bs-accordion-btn-padding-y: 1rem;--bs-accordion-btn-color: var(--bs-body-color);--bs-accordion-btn-bg: var(--bs-accordion-bg);--bs-accordion-btn-icon: url("data:image/svg+xml,%3csvg xmlns='http://www.w3.org/2000/svg' viewBox='0 0 16 16' fill='none' stroke='%23212529' stroke-linecap='round' stroke-linejoin='round'%3e%3cpath d='M2 5L8 11L14 5'/%3e%3c/svg%3e");--bs-accordion-btn-icon-width: 1.25rem;--bs-accordion-btn-icon-transform: rotate(-180deg);--bs-accordion-btn-icon-transition: transform .2s ease-in-out;--bs-accordion-btn-active-icon: url("data:image/svg+xml,%3csvg xmlns='http://www.w3.org/2000/svg' viewBox='0 0 16 16' fill='none' stroke='%23052c65' stroke-linecap='round' stroke-linejoin='round'%3e%3cpath d='M2 5L8 11L14 5'/%3e%3c/svg%3e");--bs-accordion-btn-focus-box-shadow: 0 0 0 .25rem rgba(13, 110, 253, .25);--bs-accordion-body-padding-x: 1.25rem;--bs-accordion-body-padding-y: 1rem;--bs-accordion-active-color: var(--bs-primary-text-emphasis);--bs-accordion-active-bg: var(--bs-primary-bg-subtle)}.accordion-button{position:relative;display:flex;align-items:center;width:100%;padding:var(--bs-accordion-btn-padding-y) var(--bs-accordion-btn-padding-x);font-size:1rem;color:var(--bs-accordion-btn-color);text-align:left;background-color:var(--bs-accordion-btn-bg);border:0;border-radius:0;overflow-anchor:none;transition:var(--bs-accordion-transition)}@media (prefers-reduced-motion: reduce){.accordion-button{transition:none}}.accordion-button:not(.collapsed){color:var(--bs-accordion-active-color);background-color:var(--bs-accordion-active-bg);box-shadow:inset 0 calc(-1 * var(--bs-accordion-border-width)) 0 var(--bs-accordion-border-color)}.accordion-button:not(.collapsed):after{background-image:var(--bs-accordion-btn-active-icon);transform:var(--bs-accordion-btn-icon-transform)}.accordion-button:after{flex-shrink:0;width:var(--bs-accordion-btn-icon-width);height:var(--bs-accordion-btn-icon-width);margin-left:auto;content:"";background-image:var(--bs-accordion-btn-icon);background-repeat:no-repeat;background-size:var(--bs-accordion-btn-icon-width);transition:var(--bs-accordion-btn-icon-transition)}@media (prefers-reduced-motion: reduce){.accordion-button:after{transition:none}}.accordion-button:hover{z-index:2}.accordion-button:focus{z-index:3;outline:0;box-shadow:var(--bs-accordion-btn-focus-box-shadow)}.accordion-header{margin-bottom:0}.accordion-item{color:var(--bs-accordion-color);background-color:var(--bs-accordion-bg);border:var(--bs-accordion-border-width) solid var(--bs-accordion-border-color)}.accordion-item:first-of-type{border-top-left-radius:var(--bs-accordion-border-radius);border-top-right-radius:var(--bs-accordion-border-radius)}.accordion-item:first-of-type>.accordion-header .accordion-button{border-top-left-radius:var(--bs-accordion-inner-border-radius);border-top-right-radius:var(--bs-accordion-inner-border-radius)}.accordion-item:not(:first-of-type){border-top:0}.accordion-item:last-of-type{border-bottom-right-radius:var(--bs-accordion-border-radius);border-bottom-left-radius:var(--bs-accordion-border-radius)}.accordion-item:last-of-type>.accordion-header .accordion-button.collapsed{border-bottom-right-radius:var(--bs-accordion-inner-border-radius);border-bottom-left-radius:var(--bs-accordion-inner-border-radius)}.accordion-item:last-of-type>.accordion-collapse{border-bottom-right-radius:var(--bs-accordion-border-radius);border-bottom-left-radius:var(--bs-accordion-border-radius)}.accordion-body{padding:var(--bs-accordion-body-padding-y) var(--bs-accordion-body-padding-x)}.accordion-flush>.accordion-item{border-right:0;border-left:0;border-radius:0}.accordion-flush>.accordion-item:first-child{border-top:0}.accordion-flush>.accordion-item:last-child{border-bottom:0}.accordion-flush>.accordion-item>.accordion-header .accordion-button,.accordion-flush>.accordion-item>.accordion-header .accordion-button.collapsed{border-radius:0}.accordion-flush>.accordion-item>.accordion-collapse{border-radius:0}[data-bs-theme=dark] .accordion-button:after{--bs-accordion-btn-icon: url("data:image/svg+xml,%3csvg xmlns='http://www.w3.org/2000/svg' viewBox='0 0 16 16' fill='%236ea8fe'%3e%3cpath fill-rule='evenodd' d='M1.646 4.646a.5.5 0 0 1 .708 0L8 10.293l5.646-5.647a.5.5 0 0 1 .708.708l-6 6a.5.5 0 0 1-.708 0l-6-6a.5.5 0 0 1 0-.708z'/%3e%3c/svg%3e");--bs-accordion-btn-active-icon: url("data:image/svg+xml,%3csvg xmlns='http://www.w3.org/2000/svg' viewBox='0 0 16 16' fill='%236ea8fe'%3e%3cpath fill-rule='evenodd' d='M1.646 4.646a.5.5 0 0 1 .708 0L8 10.293l5.646-5.647a.5.5 0 0 1 .708.708l-6 6a.5.5 0 0 1-.708 0l-6-6a.5.5 0 0 1 0-.708z'/%3e%3c/svg%3e")}.breadcrumb{--bs-breadcrumb-padding-x: 0;--bs-breadcrumb-padding-y: 0;--bs-breadcrumb-margin-bottom: 1rem;--bs-breadcrumb-bg: ;--bs-breadcrumb-border-radius: ;--bs-breadcrumb-divider-color: var(--bs-secondary-color);--bs-breadcrumb-item-padding-x: .5rem;--bs-breadcrumb-item-active-color: var(--bs-secondary-color);display:flex;flex-wrap:wrap;padding:var(--bs-breadcrumb-padding-y) var(--bs-breadcrumb-padding-x);margin-bottom:var(--bs-breadcrumb-margin-bottom);font-size:var(--bs-breadcrumb-font-size);list-style:none;background-color:var(--bs-breadcrumb-bg);border-radius:var(--bs-breadcrumb-border-radius)}.breadcrumb-item+.breadcrumb-item{padding-left:var(--bs-breadcrumb-item-padding-x)}.breadcrumb-item+.breadcrumb-item:before{float:left;padding-right:var(--bs-breadcrumb-item-padding-x);color:var(--bs-breadcrumb-divider-color);content:var(--bs-breadcrumb-divider, "/")}.breadcrumb-item.active{color:var(--bs-breadcrumb-item-active-color)}.pagination{--bs-pagination-padding-x: .75rem;--bs-pagination-padding-y: .375rem;--bs-pagination-font-size: 1rem;--bs-pagination-color: var(--bs-link-color);--bs-pagination-bg: var(--bs-body-bg);--bs-pagination-border-width: var(--bs-border-width);--bs-pagination-border-color: var(--bs-border-color);--bs-pagination-border-radius: var(--bs-border-radius);--bs-pagination-hover-color: var(--bs-link-hover-color);--bs-pagination-hover-bg: var(--bs-tertiary-bg);--bs-pagination-hover-border-color: var(--bs-border-color);--bs-pagination-focus-color: var(--bs-link-hover-color);--bs-pagination-focus-bg: var(--bs-secondary-bg);--bs-pagination-focus-box-shadow: 0 0 0 .25rem rgba(13, 110, 253, .25);--bs-pagination-active-color: #fff;--bs-pagination-active-bg: #0d6efd;--bs-pagination-active-border-color: #0d6efd;--bs-pagination-disabled-color: var(--bs-secondary-color);--bs-pagination-disabled-bg: var(--bs-secondary-bg);--bs-pagination-disabled-border-color: var(--bs-border-color);display:flex;padding-left:0;list-style:none}.page-link{position:relative;display:block;padding:var(--bs-pagination-padding-y) var(--bs-pagination-padding-x);font-size:var(--bs-pagination-font-size);color:var(--bs-pagination-color);text-decoration:none;background-color:var(--bs-pagination-bg);border:var(--bs-pagination-border-width) solid var(--bs-pagination-border-color);transition:color .15s ease-in-out,background-color .15s ease-in-out,border-color .15s ease-in-out,box-shadow .15s ease-in-out}@media (prefers-reduced-motion: reduce){.page-link{transition:none}}.page-link:hover{z-index:2;color:var(--bs-pagination-hover-color);background-color:var(--bs-pagination-hover-bg);border-color:var(--bs-pagination-hover-border-color)}.page-link:focus{z-index:3;color:var(--bs-pagination-focus-color);background-color:var(--bs-pagination-focus-bg);outline:0;box-shadow:var(--bs-pagination-focus-box-shadow)}.page-link.active,.active>.page-link{z-index:3;color:var(--bs-pagination-active-color);background-color:var(--bs-pagination-active-bg);border-color:var(--bs-pagination-active-border-color)}.page-link.disabled,.disabled>.page-link{color:var(--bs-pagination-disabled-color);pointer-events:none;background-color:var(--bs-pagination-disabled-bg);border-color:var(--bs-pagination-disabled-border-color)}.page-item:not(:first-child) .page-link{margin-left:calc(var(--bs-border-width) * -1)}.page-item:first-child .page-link{border-top-left-radius:var(--bs-pagination-border-radius);border-bottom-left-radius:var(--bs-pagination-border-radius)}.page-item:last-child .page-link{border-top-right-radius:var(--bs-pagination-border-radius);border-bottom-right-radius:var(--bs-pagination-border-radius)}.pagination-lg{--bs-pagination-padding-x: 1.5rem;--bs-pagination-padding-y: .75rem;--bs-pagination-font-size: 1.25rem;--bs-pagination-border-radius: var(--bs-border-radius-lg)}.pagination-sm{--bs-pagination-padding-x: .5rem;--bs-pagination-padding-y: .25rem;--bs-pagination-font-size: .875rem;--bs-pagination-border-radius: var(--bs-border-radius-sm)}.badge{--bs-badge-padding-x: .65em;--bs-badge-padding-y: .35em;--bs-badge-font-size: .75em;--bs-badge-font-weight: 700;--bs-badge-color: #fff;--bs-badge-border-radius: var(--bs-border-radius);display:inline-block;padding:var(--bs-badge-padding-y) var(--bs-badge-padding-x);font-size:var(--bs-badge-font-size);font-weight:var(--bs-badge-font-weight);line-height:1;color:var(--bs-badge-color);text-align:center;white-space:nowrap;vertical-align:baseline;border-radius:var(--bs-badge-border-radius)}.badge:empty{display:none}.btn .badge{position:relative;top:-1px}.alert{--bs-alert-bg: transparent;--bs-alert-padding-x: 1rem;--bs-alert-padding-y: 1rem;--bs-alert-margin-bottom: 1rem;--bs-alert-color: inherit;--bs-alert-border-color: transparent;--bs-alert-border: var(--bs-border-width) solid var(--bs-alert-border-color);--bs-alert-border-radius: var(--bs-border-radius);--bs-alert-link-color: inherit;position:relative;padding:var(--bs-alert-padding-y) var(--bs-alert-padding-x);margin-bottom:var(--bs-alert-margin-bottom);color:var(--bs-alert-color);background-color:var(--bs-alert-bg);border:var(--bs-alert-border);border-radius:var(--bs-alert-border-radius)}.alert-heading{color:inherit}.alert-link{font-weight:700;color:var(--bs-alert-link-color)}.alert-dismissible{padding-right:3rem}.alert-dismissible .btn-close{position:absolute;top:0;right:0;z-index:2;padding:1.25rem 1rem}.alert-primary{--bs-alert-color: var(--bs-primary-text-emphasis);--bs-alert-bg: var(--bs-primary-bg-subtle);--bs-alert-border-color: var(--bs-primary-border-subtle);--bs-alert-link-color: var(--bs-primary-text-emphasis)}.alert-secondary{--bs-alert-color: var(--bs-secondary-text-emphasis);--bs-alert-bg: var(--bs-secondary-bg-subtle);--bs-alert-border-color: var(--bs-secondary-border-subtle);--bs-alert-link-color: var(--bs-secondary-text-emphasis)}.alert-success{--bs-alert-color: var(--bs-success-text-emphasis);--bs-alert-bg: var(--bs-success-bg-subtle);--bs-alert-border-color: var(--bs-success-border-subtle);--bs-alert-link-color: var(--bs-success-text-emphasis)}.alert-info{--bs-alert-color: var(--bs-info-text-emphasis);--bs-alert-bg: var(--bs-info-bg-subtle);--bs-alert-border-color: var(--bs-info-border-subtle);--bs-alert-link-color: var(--bs-info-text-emphasis)}.alert-warning{--bs-alert-color: var(--bs-warning-text-emphasis);--bs-alert-bg: var(--bs-warning-bg-subtle);--bs-alert-border-color: var(--bs-warning-border-subtle);--bs-alert-link-color: var(--bs-warning-text-emphasis)}.alert-danger{--bs-alert-color: var(--bs-danger-text-emphasis);--bs-alert-bg: var(--bs-danger-bg-subtle);--bs-alert-border-color: var(--bs-danger-border-subtle);--bs-alert-link-color: var(--bs-danger-text-emphasis)}.alert-light{--bs-alert-color: var(--bs-light-text-emphasis);--bs-alert-bg: var(--bs-light-bg-subtle);--bs-alert-border-color: var(--bs-light-border-subtle);--bs-alert-link-color: var(--bs-light-text-emphasis)}.alert-dark{--bs-alert-color: var(--bs-dark-text-emphasis);--bs-alert-bg: var(--bs-dark-bg-subtle);--bs-alert-border-color: var(--bs-dark-border-subtle);--bs-alert-link-color: var(--bs-dark-text-emphasis)}@keyframes progress-bar-stripes{0%{background-position-x:1rem}}.progress,.progress-stacked{--bs-progress-height: 1rem;--bs-progress-font-size: .75rem;--bs-progress-bg: var(--bs-secondary-bg);--bs-progress-border-radius: var(--bs-border-radius);--bs-progress-box-shadow: var(--bs-box-shadow-inset);--bs-progress-bar-color: #fff;--bs-progress-bar-bg: #0d6efd;--bs-progress-bar-transition: width .6s ease;display:flex;height:var(--bs-progress-height);overflow:hidden;font-size:var(--bs-progress-font-size);background-color:var(--bs-progress-bg);border-radius:var(--bs-progress-border-radius)}.progress-bar{display:flex;flex-direction:column;justify-content:center;overflow:hidden;color:var(--bs-progress-bar-color);text-align:center;white-space:nowrap;background-color:var(--bs-progress-bar-bg);transition:var(--bs-progress-bar-transition)}@media (prefers-reduced-motion: reduce){.progress-bar{transition:none}}.progress-bar-striped{background-image:linear-gradient(45deg,rgba(255,255,255,.15) 25%,transparent 25%,transparent 50%,rgba(255,255,255,.15) 50%,rgba(255,255,255,.15) 75%,transparent 75%,transparent);background-size:var(--bs-progress-height) var(--bs-progress-height)}.progress-stacked>.progress{overflow:visible}.progress-stacked>.progress>.progress-bar{width:100%}.progress-bar-animated{animation:1s linear infinite progress-bar-stripes}@media (prefers-reduced-motion: reduce){.progress-bar-animated{animation:none}}.list-group{--bs-list-group-color: var(--bs-body-color);--bs-list-group-bg: var(--bs-body-bg);--bs-list-group-border-color: var(--bs-border-color);--bs-list-group-border-width: var(--bs-border-width);--bs-list-group-border-radius: var(--bs-border-radius);--bs-list-group-item-padding-x: 1rem;--bs-list-group-item-padding-y: .5rem;--bs-list-group-action-color: var(--bs-secondary-color);--bs-list-group-action-hover-color: var(--bs-emphasis-color);--bs-list-group-action-hover-bg: var(--bs-tertiary-bg);--bs-list-group-action-active-color: var(--bs-body-color);--bs-list-group-action-active-bg: var(--bs-secondary-bg);--bs-list-group-disabled-color: var(--bs-secondary-color);--bs-list-group-disabled-bg: var(--bs-body-bg);--bs-list-group-active-color: #fff;--bs-list-group-active-bg: #0d6efd;--bs-list-group-active-border-color: #0d6efd;display:flex;flex-direction:column;padding-left:0;margin-bottom:0;border-radius:var(--bs-list-group-border-radius)}.list-group-numbered{list-style-type:none;counter-reset:section}.list-group-numbered>.list-group-item:before{content:counters(section,".") ". ";counter-increment:section}.list-group-item-action{width:100%;color:var(--bs-list-group-action-color);text-align:inherit}.list-group-item-action:hover,.list-group-item-action:focus{z-index:1;color:var(--bs-list-group-action-hover-color);text-decoration:none;background-color:var(--bs-list-group-action-hover-bg)}.list-group-item-action:active{color:var(--bs-list-group-action-active-color);background-color:var(--bs-list-group-action-active-bg)}.list-group-item{position:relative;display:block;padding:var(--bs-list-group-item-padding-y) var(--bs-list-group-item-padding-x);color:var(--bs-list-group-color);text-decoration:none;background-color:var(--bs-list-group-bg);border:var(--bs-list-group-border-width) solid var(--bs-list-group-border-color)}.list-group-item:first-child{border-top-left-radius:inherit;border-top-right-radius:inherit}.list-group-item:last-child{border-bottom-right-radius:inherit;border-bottom-left-radius:inherit}.list-group-item.disabled,.list-group-item:disabled{color:var(--bs-list-group-disabled-color);pointer-events:none;background-color:var(--bs-list-group-disabled-bg)}.list-group-item.active{z-index:2;color:var(--bs-list-group-active-color);background-color:var(--bs-list-group-active-bg);border-color:var(--bs-list-group-active-border-color)}.list-group-item+.list-group-item{border-top-width:0}.list-group-item+.list-group-item.active{margin-top:calc(-1 * var(--bs-list-group-border-width));border-top-width:var(--bs-list-group-border-width)}.list-group-horizontal{flex-direction:row}.list-group-horizontal>.list-group-item:first-child:not(:last-child){border-bottom-left-radius:var(--bs-list-group-border-radius);border-top-right-radius:0}.list-group-horizontal>.list-group-item:last-child:not(:first-child){border-top-right-radius:var(--bs-list-group-border-radius);border-bottom-left-radius:0}.list-group-horizontal>.list-group-item.active{margin-top:0}.list-group-horizontal>.list-group-item+.list-group-item{border-top-width:var(--bs-list-group-border-width);border-left-width:0}.list-group-horizontal>.list-group-item+.list-group-item.active{margin-left:calc(-1 * var(--bs-list-group-border-width));border-left-width:var(--bs-list-group-border-width)}@media (min-width: 576px){.list-group-horizontal-sm{flex-direction:row}.list-group-horizontal-sm>.list-group-item:first-child:not(:last-child){border-bottom-left-radius:var(--bs-list-group-border-radius);border-top-right-radius:0}.list-group-horizontal-sm>.list-group-item:last-child:not(:first-child){border-top-right-radius:var(--bs-list-group-border-radius);border-bottom-left-radius:0}.list-group-horizontal-sm>.list-group-item.active{margin-top:0}.list-group-horizontal-sm>.list-group-item+.list-group-item{border-top-width:var(--bs-list-group-border-width);border-left-width:0}.list-group-horizontal-sm>.list-group-item+.list-group-item.active{margin-left:calc(-1 * var(--bs-list-group-border-width));border-left-width:var(--bs-list-group-border-width)}}@media (min-width: 768px){.list-group-horizontal-md{flex-direction:row}.list-group-horizontal-md>.list-group-item:first-child:not(:last-child){border-bottom-left-radius:var(--bs-list-group-border-radius);border-top-right-radius:0}.list-group-horizontal-md>.list-group-item:last-child:not(:first-child){border-top-right-radius:var(--bs-list-group-border-radius);border-bottom-left-radius:0}.list-group-horizontal-md>.list-group-item.active{margin-top:0}.list-group-horizontal-md>.list-group-item+.list-group-item{border-top-width:var(--bs-list-group-border-width);border-left-width:0}.list-group-horizontal-md>.list-group-item+.list-group-item.active{margin-left:calc(-1 * var(--bs-list-group-border-width));border-left-width:var(--bs-list-group-border-width)}}@media (min-width: 992px){.list-group-horizontal-lg{flex-direction:row}.list-group-horizontal-lg>.list-group-item:first-child:not(:last-child){border-bottom-left-radius:var(--bs-list-group-border-radius);border-top-right-radius:0}.list-group-horizontal-lg>.list-group-item:last-child:not(:first-child){border-top-right-radius:var(--bs-list-group-border-radius);border-bottom-left-radius:0}.list-group-horizontal-lg>.list-group-item.active{margin-top:0}.list-group-horizontal-lg>.list-group-item+.list-group-item{border-top-width:var(--bs-list-group-border-width);border-left-width:0}.list-group-horizontal-lg>.list-group-item+.list-group-item.active{margin-left:calc(-1 * var(--bs-list-group-border-width));border-left-width:var(--bs-list-group-border-width)}}@media (min-width: 1200px){.list-group-horizontal-xl{flex-direction:row}.list-group-horizontal-xl>.list-group-item:first-child:not(:last-child){border-bottom-left-radius:var(--bs-list-group-border-radius);border-top-right-radius:0}.list-group-horizontal-xl>.list-group-item:last-child:not(:first-child){border-top-right-radius:var(--bs-list-group-border-radius);border-bottom-left-radius:0}.list-group-horizontal-xl>.list-group-item.active{margin-top:0}.list-group-horizontal-xl>.list-group-item+.list-group-item{border-top-width:var(--bs-list-group-border-width);border-left-width:0}.list-group-horizontal-xl>.list-group-item+.list-group-item.active{margin-left:calc(-1 * var(--bs-list-group-border-width));border-left-width:var(--bs-list-group-border-width)}}@media (min-width: 1400px){.list-group-horizontal-xxl{flex-direction:row}.list-group-horizontal-xxl>.list-group-item:first-child:not(:last-child){border-bottom-left-radius:var(--bs-list-group-border-radius);border-top-right-radius:0}.list-group-horizontal-xxl>.list-group-item:last-child:not(:first-child){border-top-right-radius:var(--bs-list-group-border-radius);border-bottom-left-radius:0}.list-group-horizontal-xxl>.list-group-item.active{margin-top:0}.list-group-horizontal-xxl>.list-group-item+.list-group-item{border-top-width:var(--bs-list-group-border-width);border-left-width:0}.list-group-horizontal-xxl>.list-group-item+.list-group-item.active{margin-left:calc(-1 * var(--bs-list-group-border-width));border-left-width:var(--bs-list-group-border-width)}}.list-group-flush{border-radius:0}.list-group-flush>.list-group-item{border-width:0 0 var(--bs-list-group-border-width)}.list-group-flush>.list-group-item:last-child{border-bottom-width:0}.list-group-item-primary{--bs-list-group-color: var(--bs-primary-text-emphasis);--bs-list-group-bg: var(--bs-primary-bg-subtle);--bs-list-group-border-color: var(--bs-primary-border-subtle);--bs-list-group-action-hover-color: var(--bs-emphasis-color);--bs-list-group-action-hover-bg: var(--bs-primary-border-subtle);--bs-list-group-action-active-color: var(--bs-emphasis-color);--bs-list-group-action-active-bg: var(--bs-primary-border-subtle);--bs-list-group-active-color: var(--bs-primary-bg-subtle);--bs-list-group-active-bg: var(--bs-primary-text-emphasis);--bs-list-group-active-border-color: var(--bs-primary-text-emphasis)}.list-group-item-secondary{--bs-list-group-color: var(--bs-secondary-text-emphasis);--bs-list-group-bg: var(--bs-secondary-bg-subtle);--bs-list-group-border-color: var(--bs-secondary-border-subtle);--bs-list-group-action-hover-color: var(--bs-emphasis-color);--bs-list-group-action-hover-bg: var(--bs-secondary-border-subtle);--bs-list-group-action-active-color: var(--bs-emphasis-color);--bs-list-group-action-active-bg: var(--bs-secondary-border-subtle);--bs-list-group-active-color: var(--bs-secondary-bg-subtle);--bs-list-group-active-bg: var(--bs-secondary-text-emphasis);--bs-list-group-active-border-color: var(--bs-secondary-text-emphasis)}.list-group-item-success{--bs-list-group-color: var(--bs-success-text-emphasis);--bs-list-group-bg: var(--bs-success-bg-subtle);--bs-list-group-border-color: var(--bs-success-border-subtle);--bs-list-group-action-hover-color: var(--bs-emphasis-color);--bs-list-group-action-hover-bg: var(--bs-success-border-subtle);--bs-list-group-action-active-color: var(--bs-emphasis-color);--bs-list-group-action-active-bg: var(--bs-success-border-subtle);--bs-list-group-active-color: var(--bs-success-bg-subtle);--bs-list-group-active-bg: var(--bs-success-text-emphasis);--bs-list-group-active-border-color: var(--bs-success-text-emphasis)}.list-group-item-info{--bs-list-group-color: var(--bs-info-text-emphasis);--bs-list-group-bg: var(--bs-info-bg-subtle);--bs-list-group-border-color: var(--bs-info-border-subtle);--bs-list-group-action-hover-color: var(--bs-emphasis-color);--bs-list-group-action-hover-bg: var(--bs-info-border-subtle);--bs-list-group-action-active-color: var(--bs-emphasis-color);--bs-list-group-action-active-bg: var(--bs-info-border-subtle);--bs-list-group-active-color: var(--bs-info-bg-subtle);--bs-list-group-active-bg: var(--bs-info-text-emphasis);--bs-list-group-active-border-color: var(--bs-info-text-emphasis)}.list-group-item-warning{--bs-list-group-color: var(--bs-warning-text-emphasis);--bs-list-group-bg: var(--bs-warning-bg-subtle);--bs-list-group-border-color: var(--bs-warning-border-subtle);--bs-list-group-action-hover-color: var(--bs-emphasis-color);--bs-list-group-action-hover-bg: var(--bs-warning-border-subtle);--bs-list-group-action-active-color: var(--bs-emphasis-color);--bs-list-group-action-active-bg: var(--bs-warning-border-subtle);--bs-list-group-active-color: var(--bs-warning-bg-subtle);--bs-list-group-active-bg: var(--bs-warning-text-emphasis);--bs-list-group-active-border-color: var(--bs-warning-text-emphasis)}.list-group-item-danger{--bs-list-group-color: var(--bs-danger-text-emphasis);--bs-list-group-bg: var(--bs-danger-bg-subtle);--bs-list-group-border-color: var(--bs-danger-border-subtle);--bs-list-group-action-hover-color: var(--bs-emphasis-color);--bs-list-group-action-hover-bg: var(--bs-danger-border-subtle);--bs-list-group-action-active-color: var(--bs-emphasis-color);--bs-list-group-action-active-bg: var(--bs-danger-border-subtle);--bs-list-group-active-color: var(--bs-danger-bg-subtle);--bs-list-group-active-bg: var(--bs-danger-text-emphasis);--bs-list-group-active-border-color: var(--bs-danger-text-emphasis)}.list-group-item-light{--bs-list-group-color: var(--bs-light-text-emphasis);--bs-list-group-bg: var(--bs-light-bg-subtle);--bs-list-group-border-color: var(--bs-light-border-subtle);--bs-list-group-action-hover-color: var(--bs-emphasis-color);--bs-list-group-action-hover-bg: var(--bs-light-border-subtle);--bs-list-group-action-active-color: var(--bs-emphasis-color);--bs-list-group-action-active-bg: var(--bs-light-border-subtle);--bs-list-group-active-color: var(--bs-light-bg-subtle);--bs-list-group-active-bg: var(--bs-light-text-emphasis);--bs-list-group-active-border-color: var(--bs-light-text-emphasis)}.list-group-item-dark{--bs-list-group-color: var(--bs-dark-text-emphasis);--bs-list-group-bg: var(--bs-dark-bg-subtle);--bs-list-group-border-color: var(--bs-dark-border-subtle);--bs-list-group-action-hover-color: var(--bs-emphasis-color);--bs-list-group-action-hover-bg: var(--bs-dark-border-subtle);--bs-list-group-action-active-color: var(--bs-emphasis-color);--bs-list-group-action-active-bg: var(--bs-dark-border-subtle);--bs-list-group-active-color: var(--bs-dark-bg-subtle);--bs-list-group-active-bg: var(--bs-dark-text-emphasis);--bs-list-group-active-border-color: var(--bs-dark-text-emphasis)}.btn-close{--bs-btn-close-color: #000;--bs-btn-close-bg: url("data:image/svg+xml,%3csvg xmlns='http://www.w3.org/2000/svg' viewBox='0 0 16 16' fill='%23000'%3e%3cpath d='M.293.293a1 1 0 0 1 1.414 0L8 6.586 14.293.293a1 1 0 1 1 1.414 1.414L9.414 8l6.293 6.293a1 1 0 0 1-1.414 1.414L8 9.414l-6.293 6.293a1 1 0 0 1-1.414-1.414L6.586 8 .293 1.707a1 1 0 0 1 0-1.414z'/%3e%3c/svg%3e");--bs-btn-close-opacity: .5;--bs-btn-close-hover-opacity: .75;--bs-btn-close-focus-shadow: 0 0 0 .25rem rgba(13, 110, 253, .25);--bs-btn-close-focus-opacity: 1;--bs-btn-close-disabled-opacity: .25;--bs-btn-close-white-filter: invert(1) grayscale(100%) brightness(200%);box-sizing:content-box;width:1em;height:1em;padding:.25em;color:var(--bs-btn-close-color);background:transparent var(--bs-btn-close-bg) center/1em auto no-repeat;border:0;border-radius:.375rem;opacity:var(--bs-btn-close-opacity)}.btn-close:hover{color:var(--bs-btn-close-color);text-decoration:none;opacity:var(--bs-btn-close-hover-opacity)}.btn-close:focus{outline:0;box-shadow:var(--bs-btn-close-focus-shadow);opacity:var(--bs-btn-close-focus-opacity)}.btn-close:disabled,.btn-close.disabled{pointer-events:none;-webkit-user-select:none;-moz-user-select:none;user-select:none;opacity:var(--bs-btn-close-disabled-opacity)}.btn-close-white,[data-bs-theme=dark] .btn-close{filter:var(--bs-btn-close-white-filter)}.toast{--bs-toast-zindex: 1090;--bs-toast-padding-x: .75rem;--bs-toast-padding-y: .5rem;--bs-toast-spacing: 1.5rem;--bs-toast-max-width: 350px;--bs-toast-font-size: .875rem;--bs-toast-color: ;--bs-toast-bg: rgba(var(--bs-body-bg-rgb), .85);--bs-toast-border-width: var(--bs-border-width);--bs-toast-border-color: var(--bs-border-color-translucent);--bs-toast-border-radius: var(--bs-border-radius);--bs-toast-box-shadow: var(--bs-box-shadow);--bs-toast-header-color: var(--bs-secondary-color);--bs-toast-header-bg: rgba(var(--bs-body-bg-rgb), .85);--bs-toast-header-border-color: var(--bs-border-color-translucent);width:var(--bs-toast-max-width);max-width:100%;font-size:var(--bs-toast-font-size);color:var(--bs-toast-color);pointer-events:auto;background-color:var(--bs-toast-bg);background-clip:padding-box;border:var(--bs-toast-border-width) solid var(--bs-toast-border-color);box-shadow:var(--bs-toast-box-shadow);border-radius:var(--bs-toast-border-radius)}.toast.showing{opacity:0}.toast:not(.show){display:none}.toast-container{--bs-toast-zindex: 1090;position:absolute;z-index:var(--bs-toast-zindex);width:-webkit-max-content;width:-moz-max-content;width:max-content;max-width:100%;pointer-events:none}.toast-container>:not(:last-child){margin-bottom:var(--bs-toast-spacing)}.toast-header{display:flex;align-items:center;padding:var(--bs-toast-padding-y) var(--bs-toast-padding-x);color:var(--bs-toast-header-color);background-color:var(--bs-toast-header-bg);background-clip:padding-box;border-bottom:var(--bs-toast-border-width) solid var(--bs-toast-header-border-color);border-top-left-radius:calc(var(--bs-toast-border-radius) - var(--bs-toast-border-width));border-top-right-radius:calc(var(--bs-toast-border-radius) - var(--bs-toast-border-width))}.toast-header .btn-close{margin-right:calc(-.5 * var(--bs-toast-padding-x));margin-left:var(--bs-toast-padding-x)}.toast-body{padding:var(--bs-toast-padding-x);word-wrap:break-word}.modal{--bs-modal-zindex: 1055;--bs-modal-width: 500px;--bs-modal-padding: 1rem;--bs-modal-margin: .5rem;--bs-modal-color: ;--bs-modal-bg: var(--bs-body-bg);--bs-modal-border-color: var(--bs-border-color-translucent);--bs-modal-border-width: var(--bs-border-width);--bs-modal-border-radius: var(--bs-border-radius-lg);--bs-modal-box-shadow: var(--bs-box-shadow-sm);--bs-modal-inner-border-radius: calc(var(--bs-border-radius-lg) - (var(--bs-border-width)));--bs-modal-header-padding-x: 1rem;--bs-modal-header-padding-y: 1rem;--bs-modal-header-padding: 1rem 1rem;--bs-modal-header-border-color: var(--bs-border-color);--bs-modal-header-border-width: var(--bs-border-width);--bs-modal-title-line-height: 1.5;--bs-modal-footer-gap: .5rem;--bs-modal-footer-bg: ;--bs-modal-footer-border-color: var(--bs-border-color);--bs-modal-footer-border-width: var(--bs-border-width);position:fixed;top:0;left:0;z-index:var(--bs-modal-zindex);display:none;width:100%;height:100%;overflow-x:hidden;overflow-y:auto;outline:0}.modal-dialog{position:relative;width:auto;margin:var(--bs-modal-margin);pointer-events:none}.modal.fade .modal-dialog{transition:transform .3s ease-out;transform:translateY(-50px)}@media (prefers-reduced-motion: reduce){.modal.fade .modal-dialog{transition:none}}.modal.show .modal-dialog{transform:none}.modal.modal-static .modal-dialog{transform:scale(1.02)}.modal-dialog-scrollable{height:calc(100% - var(--bs-modal-margin) * 2)}.modal-dialog-scrollable .modal-content{max-height:100%;overflow:hidden}.modal-dialog-scrollable .modal-body{overflow-y:auto}.modal-dialog-centered{display:flex;align-items:center;min-height:calc(100% - var(--bs-modal-margin) * 2)}.modal-content{position:relative;display:flex;flex-direction:column;width:100%;color:var(--bs-modal-color);pointer-events:auto;background-color:var(--bs-modal-bg);background-clip:padding-box;border:var(--bs-modal-border-width) solid var(--bs-modal-border-color);border-radius:var(--bs-modal-border-radius);outline:0}.modal-backdrop{--bs-backdrop-zindex: 1050;--bs-backdrop-bg: #000;--bs-backdrop-opacity: .5;position:fixed;top:0;left:0;z-index:var(--bs-backdrop-zindex);width:100vw;height:100vh;background-color:var(--bs-backdrop-bg)}.modal-backdrop.fade{opacity:0}.modal-backdrop.show{opacity:var(--bs-backdrop-opacity)}.modal-header{display:flex;flex-shrink:0;align-items:center;padding:var(--bs-modal-header-padding);border-bottom:var(--bs-modal-header-border-width) solid var(--bs-modal-header-border-color);border-top-left-radius:var(--bs-modal-inner-border-radius);border-top-right-radius:var(--bs-modal-inner-border-radius)}.modal-header .btn-close{padding:calc(var(--bs-modal-header-padding-y) * .5) calc(var(--bs-modal-header-padding-x) * .5);margin:calc(-.5 * var(--bs-modal-header-padding-y)) calc(-.5 * var(--bs-modal-header-padding-x)) calc(-.5 * var(--bs-modal-header-padding-y)) auto}.modal-title{margin-bottom:0;line-height:var(--bs-modal-title-line-height)}.modal-body{position:relative;flex:1 1 auto;padding:var(--bs-modal-padding)}.modal-footer{display:flex;flex-shrink:0;flex-wrap:wrap;align-items:center;justify-content:flex-end;padding:calc(var(--bs-modal-padding) - var(--bs-modal-footer-gap) * .5);background-color:var(--bs-modal-footer-bg);border-top:var(--bs-modal-footer-border-width) solid var(--bs-modal-footer-border-color);border-bottom-right-radius:var(--bs-modal-inner-border-radius);border-bottom-left-radius:var(--bs-modal-inner-border-radius)}.modal-footer>*{margin:calc(var(--bs-modal-footer-gap) * .5)}@media (min-width: 576px){.modal{--bs-modal-margin: 1.75rem;--bs-modal-box-shadow: var(--bs-box-shadow)}.modal-dialog{max-width:var(--bs-modal-width);margin-right:auto;margin-left:auto}.modal-sm{--bs-modal-width: 300px}}@media (min-width: 992px){.modal-lg,.modal-xl{--bs-modal-width: 800px}}@media (min-width: 1200px){.modal-xl{--bs-modal-width: 1140px}}.modal-fullscreen{width:100vw;max-width:none;height:100%;margin:0}.modal-fullscreen .modal-content{height:100%;border:0;border-radius:0}.modal-fullscreen .modal-header,.modal-fullscreen .modal-footer{border-radius:0}.modal-fullscreen .modal-body{overflow-y:auto}@media (max-width: 575.98px){.modal-fullscreen-sm-down{width:100vw;max-width:none;height:100%;margin:0}.modal-fullscreen-sm-down .modal-content{height:100%;border:0;border-radius:0}.modal-fullscreen-sm-down .modal-header,.modal-fullscreen-sm-down .modal-footer{border-radius:0}.modal-fullscreen-sm-down .modal-body{overflow-y:auto}}@media (max-width: 767.98px){.modal-fullscreen-md-down{width:100vw;max-width:none;height:100%;margin:0}.modal-fullscreen-md-down .modal-content{height:100%;border:0;border-radius:0}.modal-fullscreen-md-down .modal-header,.modal-fullscreen-md-down .modal-footer{border-radius:0}.modal-fullscreen-md-down .modal-body{overflow-y:auto}}@media (max-width: 991.98px){.modal-fullscreen-lg-down{width:100vw;max-width:none;height:100%;margin:0}.modal-fullscreen-lg-down .modal-content{height:100%;border:0;border-radius:0}.modal-fullscreen-lg-down .modal-header,.modal-fullscreen-lg-down .modal-footer{border-radius:0}.modal-fullscreen-lg-down .modal-body{overflow-y:auto}}@media (max-width: 1199.98px){.modal-fullscreen-xl-down{width:100vw;max-width:none;height:100%;margin:0}.modal-fullscreen-xl-down .modal-content{height:100%;border:0;border-radius:0}.modal-fullscreen-xl-down .modal-header,.modal-fullscreen-xl-down .modal-footer{border-radius:0}.modal-fullscreen-xl-down .modal-body{overflow-y:auto}}@media (max-width: 1399.98px){.modal-fullscreen-xxl-down{width:100vw;max-width:none;height:100%;margin:0}.modal-fullscreen-xxl-down .modal-content{height:100%;border:0;border-radius:0}.modal-fullscreen-xxl-down .modal-header,.modal-fullscreen-xxl-down .modal-footer{border-radius:0}.modal-fullscreen-xxl-down .modal-body{overflow-y:auto}}.tooltip{--bs-tooltip-zindex: 1080;--bs-tooltip-max-width: 200px;--bs-tooltip-padding-x: .5rem;--bs-tooltip-padding-y: .25rem;--bs-tooltip-margin: ;--bs-tooltip-font-size: .875rem;--bs-tooltip-color: var(--bs-body-bg);--bs-tooltip-bg: var(--bs-emphasis-color);--bs-tooltip-border-radius: var(--bs-border-radius);--bs-tooltip-opacity: .9;--bs-tooltip-arrow-width: .8rem;--bs-tooltip-arrow-height: .4rem;z-index:var(--bs-tooltip-zindex);display:block;margin:var(--bs-tooltip-margin);font-family:var(--bs-font-sans-serif);font-style:normal;font-weight:400;line-height:1.5;text-align:left;text-align:start;text-decoration:none;text-shadow:none;text-transform:none;letter-spacing:normal;word-break:normal;white-space:normal;word-spacing:normal;line-break:auto;font-size:var(--bs-tooltip-font-size);word-wrap:break-word;opacity:0}.tooltip.show{opacity:var(--bs-tooltip-opacity)}.tooltip .tooltip-arrow{display:block;width:var(--bs-tooltip-arrow-width);height:var(--bs-tooltip-arrow-height)}.tooltip .tooltip-arrow:before{position:absolute;content:"";border-color:transparent;border-style:solid}.bs-tooltip-top .tooltip-arrow,.bs-tooltip-auto[data-popper-placement^=top] .tooltip-arrow{bottom:calc(-1 * var(--bs-tooltip-arrow-height))}.bs-tooltip-top .tooltip-arrow:before,.bs-tooltip-auto[data-popper-placement^=top] .tooltip-arrow:before{top:-1px;border-width:var(--bs-tooltip-arrow-height) calc(var(--bs-tooltip-arrow-width) * .5) 0;border-top-color:var(--bs-tooltip-bg)}.bs-tooltip-end .tooltip-arrow,.bs-tooltip-auto[data-popper-placement^=right] .tooltip-arrow{left:calc(-1 * var(--bs-tooltip-arrow-height));width:var(--bs-tooltip-arrow-height);height:var(--bs-tooltip-arrow-width)}.bs-tooltip-end .tooltip-arrow:before,.bs-tooltip-auto[data-popper-placement^=right] .tooltip-arrow:before{right:-1px;border-width:calc(var(--bs-tooltip-arrow-width) * .5) var(--bs-tooltip-arrow-height) calc(var(--bs-tooltip-arrow-width) * .5) 0;border-right-color:var(--bs-tooltip-bg)}.bs-tooltip-bottom .tooltip-arrow,.bs-tooltip-auto[data-popper-placement^=bottom] .tooltip-arrow{top:calc(-1 * var(--bs-tooltip-arrow-height))}.bs-tooltip-bottom .tooltip-arrow:before,.bs-tooltip-auto[data-popper-placement^=bottom] .tooltip-arrow:before{bottom:-1px;border-width:0 calc(var(--bs-tooltip-arrow-width) * .5) var(--bs-tooltip-arrow-height);border-bottom-color:var(--bs-tooltip-bg)}.bs-tooltip-start .tooltip-arrow,.bs-tooltip-auto[data-popper-placement^=left] .tooltip-arrow{right:calc(-1 * var(--bs-tooltip-arrow-height));width:var(--bs-tooltip-arrow-height);height:var(--bs-tooltip-arrow-width)}.bs-tooltip-start .tooltip-arrow:before,.bs-tooltip-auto[data-popper-placement^=left] .tooltip-arrow:before{left:-1px;border-width:calc(var(--bs-tooltip-arrow-width) * .5) 0 calc(var(--bs-tooltip-arrow-width) * .5) var(--bs-tooltip-arrow-height);border-left-color:var(--bs-tooltip-bg)}.tooltip-inner{max-width:var(--bs-tooltip-max-width);padding:var(--bs-tooltip-padding-y) var(--bs-tooltip-padding-x);color:var(--bs-tooltip-color);text-align:center;background-color:var(--bs-tooltip-bg);border-radius:var(--bs-tooltip-border-radius)}.popover{--bs-popover-zindex: 1070;--bs-popover-max-width: 276px;--bs-popover-font-size: .875rem;--bs-popover-bg: var(--bs-body-bg);--bs-popover-border-width: var(--bs-border-width);--bs-popover-border-color: var(--bs-border-color-translucent);--bs-popover-border-radius: var(--bs-border-radius-lg);--bs-popover-inner-border-radius: calc(var(--bs-border-radius-lg) - var(--bs-border-width));--bs-popover-box-shadow: var(--bs-box-shadow);--bs-popover-header-padding-x: 1rem;--bs-popover-header-padding-y: .5rem;--bs-popover-header-font-size: 1rem;--bs-popover-header-color: inherit;--bs-popover-header-bg: var(--bs-secondary-bg);--bs-popover-body-padding-x: 1rem;--bs-popover-body-padding-y: 1rem;--bs-popover-body-color: var(--bs-body-color);--bs-popover-arrow-width: 1rem;--bs-popover-arrow-height: .5rem;--bs-popover-arrow-border: var(--bs-popover-border-color);z-index:var(--bs-popover-zindex);display:block;max-width:var(--bs-popover-max-width);font-family:var(--bs-font-sans-serif);font-style:normal;font-weight:400;line-height:1.5;text-align:left;text-align:start;text-decoration:none;text-shadow:none;text-transform:none;letter-spacing:normal;word-break:normal;white-space:normal;word-spacing:normal;line-break:auto;font-size:var(--bs-popover-font-size);word-wrap:break-word;background-color:var(--bs-popover-bg);background-clip:padding-box;border:var(--bs-popover-border-width) solid var(--bs-popover-border-color);border-radius:var(--bs-popover-border-radius)}.popover .popover-arrow{display:block;width:var(--bs-popover-arrow-width);height:var(--bs-popover-arrow-height)}.popover .popover-arrow:before,.popover .popover-arrow:after{position:absolute;display:block;content:"";border-color:transparent;border-style:solid;border-width:0}.bs-popover-top>.popover-arrow,.bs-popover-auto[data-popper-placement^=top]>.popover-arrow{bottom:calc(-1 * (var(--bs-popover-arrow-height)) - var(--bs-popover-border-width))}.bs-popover-top>.popover-arrow:before,.bs-popover-auto[data-popper-placement^=top]>.popover-arrow:before,.bs-popover-top>.popover-arrow:after,.bs-popover-auto[data-popper-placement^=top]>.popover-arrow:after{border-width:var(--bs-popover-arrow-height) calc(var(--bs-popover-arrow-width) * .5) 0}.bs-popover-top>.popover-arrow:before,.bs-popover-auto[data-popper-placement^=top]>.popover-arrow:before{bottom:0;border-top-color:var(--bs-popover-arrow-border)}.bs-popover-top>.popover-arrow:after,.bs-popover-auto[data-popper-placement^=top]>.popover-arrow:after{bottom:var(--bs-popover-border-width);border-top-color:var(--bs-popover-bg)}.bs-popover-end>.popover-arrow,.bs-popover-auto[data-popper-placement^=right]>.popover-arrow{left:calc(-1 * (var(--bs-popover-arrow-height)) - var(--bs-popover-border-width));width:var(--bs-popover-arrow-height);height:var(--bs-popover-arrow-width)}.bs-popover-end>.popover-arrow:before,.bs-popover-auto[data-popper-placement^=right]>.popover-arrow:before,.bs-popover-end>.popover-arrow:after,.bs-popover-auto[data-popper-placement^=right]>.popover-arrow:after{border-width:calc(var(--bs-popover-arrow-width) * .5) var(--bs-popover-arrow-height) calc(var(--bs-popover-arrow-width) * .5) 0}.bs-popover-end>.popover-arrow:before,.bs-popover-auto[data-popper-placement^=right]>.popover-arrow:before{left:0;border-right-color:var(--bs-popover-arrow-border)}.bs-popover-end>.popover-arrow:after,.bs-popover-auto[data-popper-placement^=right]>.popover-arrow:after{left:var(--bs-popover-border-width);border-right-color:var(--bs-popover-bg)}.bs-popover-bottom>.popover-arrow,.bs-popover-auto[data-popper-placement^=bottom]>.popover-arrow{top:calc(-1 * (var(--bs-popover-arrow-height)) - var(--bs-popover-border-width))}.bs-popover-bottom>.popover-arrow:before,.bs-popover-auto[data-popper-placement^=bottom]>.popover-arrow:before,.bs-popover-bottom>.popover-arrow:after,.bs-popover-auto[data-popper-placement^=bottom]>.popover-arrow:after{border-width:0 calc(var(--bs-popover-arrow-width) * .5) var(--bs-popover-arrow-height)}.bs-popover-bottom>.popover-arrow:before,.bs-popover-auto[data-popper-placement^=bottom]>.popover-arrow:before{top:0;border-bottom-color:var(--bs-popover-arrow-border)}.bs-popover-bottom>.popover-arrow:after,.bs-popover-auto[data-popper-placement^=bottom]>.popover-arrow:after{top:var(--bs-popover-border-width);border-bottom-color:var(--bs-popover-bg)}.bs-popover-bottom .popover-header:before,.bs-popover-auto[data-popper-placement^=bottom] .popover-header:before{position:absolute;top:0;left:50%;display:block;width:var(--bs-popover-arrow-width);margin-left:calc(-.5 * var(--bs-popover-arrow-width));content:"";border-bottom:var(--bs-popover-border-width) solid var(--bs-popover-header-bg)}.bs-popover-start>.popover-arrow,.bs-popover-auto[data-popper-placement^=left]>.popover-arrow{right:calc(-1 * (var(--bs-popover-arrow-height)) - var(--bs-popover-border-width));width:var(--bs-popover-arrow-height);height:var(--bs-popover-arrow-width)}.bs-popover-start>.popover-arrow:before,.bs-popover-auto[data-popper-placement^=left]>.popover-arrow:before,.bs-popover-start>.popover-arrow:after,.bs-popover-auto[data-popper-placement^=left]>.popover-arrow:after{border-width:calc(var(--bs-popover-arrow-width) * .5) 0 calc(var(--bs-popover-arrow-width) * .5) var(--bs-popover-arrow-height)}.bs-popover-start>.popover-arrow:before,.bs-popover-auto[data-popper-placement^=left]>.popover-arrow:before{right:0;border-left-color:var(--bs-popover-arrow-border)}.bs-popover-start>.popover-arrow:after,.bs-popover-auto[data-popper-placement^=left]>.popover-arrow:after{right:var(--bs-popover-border-width);border-left-color:var(--bs-popover-bg)}.popover-header{padding:var(--bs-popover-header-padding-y) var(--bs-popover-header-padding-x);margin-bottom:0;font-size:var(--bs-popover-header-font-size);color:var(--bs-popover-header-color);background-color:var(--bs-popover-header-bg);border-bottom:var(--bs-popover-border-width) solid var(--bs-popover-border-color);border-top-left-radius:var(--bs-popover-inner-border-radius);border-top-right-radius:var(--bs-popover-inner-border-radius)}.popover-header:empty{display:none}.popover-body{padding:var(--bs-popover-body-padding-y) var(--bs-popover-body-padding-x);color:var(--bs-popover-body-color)}.carousel{position:relative}.carousel.pointer-event{touch-action:pan-y}.carousel-inner{position:relative;width:100%;overflow:hidden}.carousel-inner:after{display:block;clear:both;content:""}.carousel-item{position:relative;display:none;float:left;width:100%;margin-right:-100%;-webkit-backface-visibility:hidden;backface-visibility:hidden;transition:transform .6s ease-in-out}@media (prefers-reduced-motion: reduce){.carousel-item{transition:none}}.carousel-item.active,.carousel-item-next,.carousel-item-prev{display:block}.carousel-item-next:not(.carousel-item-start),.active.carousel-item-end{transform:translate(100%)}.carousel-item-prev:not(.carousel-item-end),.active.carousel-item-start{transform:translate(-100%)}.carousel-fade .carousel-item{opacity:0;transition-property:opacity;transform:none}.carousel-fade .carousel-item.active,.carousel-fade .carousel-item-next.carousel-item-start,.carousel-fade .carousel-item-prev.carousel-item-end{z-index:1;opacity:1}.carousel-fade .active.carousel-item-start,.carousel-fade .active.carousel-item-end{z-index:0;opacity:0;transition:opacity 0s .6s}@media (prefers-reduced-motion: reduce){.carousel-fade .active.carousel-item-start,.carousel-fade .active.carousel-item-end{transition:none}}.carousel-control-prev,.carousel-control-next{position:absolute;top:0;bottom:0;z-index:1;display:flex;align-items:center;justify-content:center;width:15%;padding:0;color:#fff;text-align:center;background:none;border:0;opacity:.5;transition:opacity .15s ease}@media (prefers-reduced-motion: reduce){.carousel-control-prev,.carousel-control-next{transition:none}}.carousel-control-prev:hover,.carousel-control-prev:focus,.carousel-control-next:hover,.carousel-control-next:focus{color:#fff;text-decoration:none;outline:0;opacity:.9}.carousel-control-prev{left:0}.carousel-control-next{right:0}.carousel-control-prev-icon,.carousel-control-next-icon{display:inline-block;width:2rem;height:2rem;background-repeat:no-repeat;background-position:50%;background-size:100% 100%}.carousel-control-prev-icon{background-image:url("data:image/svg+xml,%3csvg xmlns='http://www.w3.org/2000/svg' viewBox='0 0 16 16' fill='%23fff'%3e%3cpath d='M11.354 1.646a.5.5 0 0 1 0 .708L5.707 8l5.647 5.646a.5.5 0 0 1-.708.708l-6-6a.5.5 0 0 1 0-.708l6-6a.5.5 0 0 1 .708 0z'/%3e%3c/svg%3e")}.carousel-control-next-icon{background-image:url("data:image/svg+xml,%3csvg xmlns='http://www.w3.org/2000/svg' viewBox='0 0 16 16' fill='%23fff'%3e%3cpath d='M4.646 1.646a.5.5 0 0 1 .708 0l6 6a.5.5 0 0 1 0 .708l-6 6a.5.5 0 0 1-.708-.708L10.293 8 4.646 2.354a.5.5 0 0 1 0-.708z'/%3e%3c/svg%3e")}.carousel-indicators{position:absolute;right:0;bottom:0;left:0;z-index:2;display:flex;justify-content:center;padding:0;margin-right:15%;margin-bottom:1rem;margin-left:15%}.carousel-indicators [data-bs-target]{box-sizing:content-box;flex:0 1 auto;width:30px;height:3px;padding:0;margin-right:3px;margin-left:3px;text-indent:-999px;cursor:pointer;background-color:#fff;background-clip:padding-box;border:0;border-top:10px solid transparent;border-bottom:10px solid transparent;opacity:.5;transition:opacity .6s ease}@media (prefers-reduced-motion: reduce){.carousel-indicators [data-bs-target]{transition:none}}.carousel-indicators .active{opacity:1}.carousel-caption{position:absolute;right:15%;bottom:1.25rem;left:15%;padding-top:1.25rem;padding-bottom:1.25rem;color:#fff;text-align:center}.carousel-dark .carousel-control-prev-icon,.carousel-dark .carousel-control-next-icon{filter:invert(1) grayscale(100)}.carousel-dark .carousel-indicators [data-bs-target]{background-color:#000}.carousel-dark .carousel-caption{color:#000}[data-bs-theme=dark] .carousel .carousel-control-prev-icon,[data-bs-theme=dark] .carousel .carousel-control-next-icon,[data-bs-theme=dark].carousel .carousel-control-prev-icon,[data-bs-theme=dark].carousel .carousel-control-next-icon{filter:invert(1) grayscale(100)}[data-bs-theme=dark] .carousel .carousel-indicators [data-bs-target],[data-bs-theme=dark].carousel .carousel-indicators [data-bs-target]{background-color:#000}[data-bs-theme=dark] .carousel .carousel-caption,[data-bs-theme=dark].carousel .carousel-caption{color:#000}.spinner-grow,.spinner-border{display:inline-block;width:var(--bs-spinner-width);height:var(--bs-spinner-height);vertical-align:var(--bs-spinner-vertical-align);border-radius:50%;animation:var(--bs-spinner-animation-speed) linear infinite var(--bs-spinner-animation-name)}@keyframes spinner-border{to{transform:rotate(360deg)}}.spinner-border{--bs-spinner-width: 2rem;--bs-spinner-height: 2rem;--bs-spinner-vertical-align: -.125em;--bs-spinner-border-width: .25em;--bs-spinner-animation-speed: .75s;--bs-spinner-animation-name: spinner-border;border:var(--bs-spinner-border-width) solid currentcolor;border-right-color:transparent}.spinner-border-sm{--bs-spinner-width: 1rem;--bs-spinner-height: 1rem;--bs-spinner-border-width: .2em}@keyframes spinner-grow{0%{transform:scale(0)}50%{opacity:1;transform:none}}.spinner-grow{--bs-spinner-width: 2rem;--bs-spinner-height: 2rem;--bs-spinner-vertical-align: -.125em;--bs-spinner-animation-speed: .75s;--bs-spinner-animation-name: spinner-grow;background-color:currentcolor;opacity:0}.spinner-grow-sm{--bs-spinner-width: 1rem;--bs-spinner-height: 1rem}@media (prefers-reduced-motion: reduce){.spinner-border,.spinner-grow{--bs-spinner-animation-speed: 1.5s}}.offcanvas,.offcanvas-xxl,.offcanvas-xl,.offcanvas-lg,.offcanvas-md,.offcanvas-sm{--bs-offcanvas-zindex: 1045;--bs-offcanvas-width: 400px;--bs-offcanvas-height: 30vh;--bs-offcanvas-padding-x: 1rem;--bs-offcanvas-padding-y: 1rem;--bs-offcanvas-color: var(--bs-body-color);--bs-offcanvas-bg: var(--bs-body-bg);--bs-offcanvas-border-width: var(--bs-border-width);--bs-offcanvas-border-color: var(--bs-border-color-translucent);--bs-offcanvas-box-shadow: var(--bs-box-shadow-sm);--bs-offcanvas-transition: transform .3s ease-in-out;--bs-offcanvas-title-line-height: 1.5}@media (max-width: 575.98px){.offcanvas-sm{position:fixed;bottom:0;z-index:var(--bs-offcanvas-zindex);display:flex;flex-direction:column;max-width:100%;color:var(--bs-offcanvas-color);visibility:hidden;background-color:var(--bs-offcanvas-bg);background-clip:padding-box;outline:0;transition:var(--bs-offcanvas-transition)}}@media (max-width: 575.98px) and (prefers-reduced-motion: reduce){.offcanvas-sm{transition:none}}@media (max-width: 575.98px){.offcanvas-sm.offcanvas-start{top:0;left:0;width:var(--bs-offcanvas-width);border-right:var(--bs-offcanvas-border-width) solid var(--bs-offcanvas-border-color);transform:translate(-100%)}.offcanvas-sm.offcanvas-end{top:0;right:0;width:var(--bs-offcanvas-width);border-left:var(--bs-offcanvas-border-width) solid var(--bs-offcanvas-border-color);transform:translate(100%)}.offcanvas-sm.offcanvas-top{top:0;right:0;left:0;height:var(--bs-offcanvas-height);max-height:100%;border-bottom:var(--bs-offcanvas-border-width) solid var(--bs-offcanvas-border-color);transform:translateY(-100%)}.offcanvas-sm.offcanvas-bottom{right:0;left:0;height:var(--bs-offcanvas-height);max-height:100%;border-top:var(--bs-offcanvas-border-width) solid var(--bs-offcanvas-border-color);transform:translateY(100%)}.offcanvas-sm.showing,.offcanvas-sm.show:not(.hiding){transform:none}.offcanvas-sm.showing,.offcanvas-sm.hiding,.offcanvas-sm.show{visibility:visible}}@media (min-width: 576px){.offcanvas-sm{--bs-offcanvas-height: auto;--bs-offcanvas-border-width: 0;background-color:transparent!important}.offcanvas-sm .offcanvas-header{display:none}.offcanvas-sm .offcanvas-body{display:flex;flex-grow:0;padding:0;overflow-y:visible;background-color:transparent!important}}@media (max-width: 767.98px){.offcanvas-md{position:fixed;bottom:0;z-index:var(--bs-offcanvas-zindex);display:flex;flex-direction:column;max-width:100%;color:var(--bs-offcanvas-color);visibility:hidden;background-color:var(--bs-offcanvas-bg);background-clip:padding-box;outline:0;transition:var(--bs-offcanvas-transition)}}@media (max-width: 767.98px) and (prefers-reduced-motion: reduce){.offcanvas-md{transition:none}}@media (max-width: 767.98px){.offcanvas-md.offcanvas-start{top:0;left:0;width:var(--bs-offcanvas-width);border-right:var(--bs-offcanvas-border-width) solid var(--bs-offcanvas-border-color);transform:translate(-100%)}.offcanvas-md.offcanvas-end{top:0;right:0;width:var(--bs-offcanvas-width);border-left:var(--bs-offcanvas-border-width) solid var(--bs-offcanvas-border-color);transform:translate(100%)}.offcanvas-md.offcanvas-top{top:0;right:0;left:0;height:var(--bs-offcanvas-height);max-height:100%;border-bottom:var(--bs-offcanvas-border-width) solid var(--bs-offcanvas-border-color);transform:translateY(-100%)}.offcanvas-md.offcanvas-bottom{right:0;left:0;height:var(--bs-offcanvas-height);max-height:100%;border-top:var(--bs-offcanvas-border-width) solid var(--bs-offcanvas-border-color);transform:translateY(100%)}.offcanvas-md.showing,.offcanvas-md.show:not(.hiding){transform:none}.offcanvas-md.showing,.offcanvas-md.hiding,.offcanvas-md.show{visibility:visible}}@media (min-width: 768px){.offcanvas-md{--bs-offcanvas-height: auto;--bs-offcanvas-border-width: 0;background-color:transparent!important}.offcanvas-md .offcanvas-header{display:none}.offcanvas-md .offcanvas-body{display:flex;flex-grow:0;padding:0;overflow-y:visible;background-color:transparent!important}}@media (max-width: 991.98px){.offcanvas-lg{position:fixed;bottom:0;z-index:var(--bs-offcanvas-zindex);display:flex;flex-direction:column;max-width:100%;color:var(--bs-offcanvas-color);visibility:hidden;background-color:var(--bs-offcanvas-bg);background-clip:padding-box;outline:0;transition:var(--bs-offcanvas-transition)}}@media (max-width: 991.98px) and (prefers-reduced-motion: reduce){.offcanvas-lg{transition:none}}@media (max-width: 991.98px){.offcanvas-lg.offcanvas-start{top:0;left:0;width:var(--bs-offcanvas-width);border-right:var(--bs-offcanvas-border-width) solid var(--bs-offcanvas-border-color);transform:translate(-100%)}.offcanvas-lg.offcanvas-end{top:0;right:0;width:var(--bs-offcanvas-width);border-left:var(--bs-offcanvas-border-width) solid var(--bs-offcanvas-border-color);transform:translate(100%)}.offcanvas-lg.offcanvas-top{top:0;right:0;left:0;height:var(--bs-offcanvas-height);max-height:100%;border-bottom:var(--bs-offcanvas-border-width) solid var(--bs-offcanvas-border-color);transform:translateY(-100%)}.offcanvas-lg.offcanvas-bottom{right:0;left:0;height:var(--bs-offcanvas-height);max-height:100%;border-top:var(--bs-offcanvas-border-width) solid var(--bs-offcanvas-border-color);transform:translateY(100%)}.offcanvas-lg.showing,.offcanvas-lg.show:not(.hiding){transform:none}.offcanvas-lg.showing,.offcanvas-lg.hiding,.offcanvas-lg.show{visibility:visible}}@media (min-width: 992px){.offcanvas-lg{--bs-offcanvas-height: auto;--bs-offcanvas-border-width: 0;background-color:transparent!important}.offcanvas-lg .offcanvas-header{display:none}.offcanvas-lg .offcanvas-body{display:flex;flex-grow:0;padding:0;overflow-y:visible;background-color:transparent!important}}@media (max-width: 1199.98px){.offcanvas-xl{position:fixed;bottom:0;z-index:var(--bs-offcanvas-zindex);display:flex;flex-direction:column;max-width:100%;color:var(--bs-offcanvas-color);visibility:hidden;background-color:var(--bs-offcanvas-bg);background-clip:padding-box;outline:0;transition:var(--bs-offcanvas-transition)}}@media (max-width: 1199.98px) and (prefers-reduced-motion: reduce){.offcanvas-xl{transition:none}}@media (max-width: 1199.98px){.offcanvas-xl.offcanvas-start{top:0;left:0;width:var(--bs-offcanvas-width);border-right:var(--bs-offcanvas-border-width) solid var(--bs-offcanvas-border-color);transform:translate(-100%)}.offcanvas-xl.offcanvas-end{top:0;right:0;width:var(--bs-offcanvas-width);border-left:var(--bs-offcanvas-border-width) solid var(--bs-offcanvas-border-color);transform:translate(100%)}.offcanvas-xl.offcanvas-top{top:0;right:0;left:0;height:var(--bs-offcanvas-height);max-height:100%;border-bottom:var(--bs-offcanvas-border-width) solid var(--bs-offcanvas-border-color);transform:translateY(-100%)}.offcanvas-xl.offcanvas-bottom{right:0;left:0;height:var(--bs-offcanvas-height);max-height:100%;border-top:var(--bs-offcanvas-border-width) solid var(--bs-offcanvas-border-color);transform:translateY(100%)}.offcanvas-xl.showing,.offcanvas-xl.show:not(.hiding){transform:none}.offcanvas-xl.showing,.offcanvas-xl.hiding,.offcanvas-xl.show{visibility:visible}}@media (min-width: 1200px){.offcanvas-xl{--bs-offcanvas-height: auto;--bs-offcanvas-border-width: 0;background-color:transparent!important}.offcanvas-xl .offcanvas-header{display:none}.offcanvas-xl .offcanvas-body{display:flex;flex-grow:0;padding:0;overflow-y:visible;background-color:transparent!important}}@media (max-width: 1399.98px){.offcanvas-xxl{position:fixed;bottom:0;z-index:var(--bs-offcanvas-zindex);display:flex;flex-direction:column;max-width:100%;color:var(--bs-offcanvas-color);visibility:hidden;background-color:var(--bs-offcanvas-bg);background-clip:padding-box;outline:0;transition:var(--bs-offcanvas-transition)}}@media (max-width: 1399.98px) and (prefers-reduced-motion: reduce){.offcanvas-xxl{transition:none}}@media (max-width: 1399.98px){.offcanvas-xxl.offcanvas-start{top:0;left:0;width:var(--bs-offcanvas-width);border-right:var(--bs-offcanvas-border-width) solid var(--bs-offcanvas-border-color);transform:translate(-100%)}.offcanvas-xxl.offcanvas-end{top:0;right:0;width:var(--bs-offcanvas-width);border-left:var(--bs-offcanvas-border-width) solid var(--bs-offcanvas-border-color);transform:translate(100%)}.offcanvas-xxl.offcanvas-top{top:0;right:0;left:0;height:var(--bs-offcanvas-height);max-height:100%;border-bottom:var(--bs-offcanvas-border-width) solid var(--bs-offcanvas-border-color);transform:translateY(-100%)}.offcanvas-xxl.offcanvas-bottom{right:0;left:0;height:var(--bs-offcanvas-height);max-height:100%;border-top:var(--bs-offcanvas-border-width) solid var(--bs-offcanvas-border-color);transform:translateY(100%)}.offcanvas-xxl.showing,.offcanvas-xxl.show:not(.hiding){transform:none}.offcanvas-xxl.showing,.offcanvas-xxl.hiding,.offcanvas-xxl.show{visibility:visible}}@media (min-width: 1400px){.offcanvas-xxl{--bs-offcanvas-height: auto;--bs-offcanvas-border-width: 0;background-color:transparent!important}.offcanvas-xxl .offcanvas-header{display:none}.offcanvas-xxl .offcanvas-body{display:flex;flex-grow:0;padding:0;overflow-y:visible;background-color:transparent!important}}.offcanvas{position:fixed;bottom:0;z-index:var(--bs-offcanvas-zindex);display:flex;flex-direction:column;max-width:100%;color:var(--bs-offcanvas-color);visibility:hidden;background-color:var(--bs-offcanvas-bg);background-clip:padding-box;outline:0;transition:var(--bs-offcanvas-transition)}@media (prefers-reduced-motion: reduce){.offcanvas{transition:none}}.offcanvas.offcanvas-start{top:0;left:0;width:var(--bs-offcanvas-width);border-right:var(--bs-offcanvas-border-width) solid var(--bs-offcanvas-border-color);transform:translate(-100%)}.offcanvas.offcanvas-end{top:0;right:0;width:var(--bs-offcanvas-width);border-left:var(--bs-offcanvas-border-width) solid var(--bs-offcanvas-border-color);transform:translate(100%)}.offcanvas.offcanvas-top{top:0;right:0;left:0;height:var(--bs-offcanvas-height);max-height:100%;border-bottom:var(--bs-offcanvas-border-width) solid var(--bs-offcanvas-border-color);transform:translateY(-100%)}.offcanvas.offcanvas-bottom{right:0;left:0;height:var(--bs-offcanvas-height);max-height:100%;border-top:var(--bs-offcanvas-border-width) solid var(--bs-offcanvas-border-color);transform:translateY(100%)}.offcanvas.showing,.offcanvas.show:not(.hiding){transform:none}.offcanvas.showing,.offcanvas.hiding,.offcanvas.show{visibility:visible}.offcanvas-backdrop{position:fixed;top:0;left:0;z-index:1040;width:100vw;height:100vh;background-color:#000}.offcanvas-backdrop.fade{opacity:0}.offcanvas-backdrop.show{opacity:.5}.offcanvas-header{display:flex;align-items:center;padding:var(--bs-offcanvas-padding-y) var(--bs-offcanvas-padding-x)}.offcanvas-header .btn-close{padding:calc(var(--bs-offcanvas-padding-y) * .5) calc(var(--bs-offcanvas-padding-x) * .5);margin:calc(-.5 * var(--bs-offcanvas-padding-y)) calc(-.5 * var(--bs-offcanvas-padding-x)) calc(-.5 * var(--bs-offcanvas-padding-y)) auto}.offcanvas-title{margin-bottom:0;line-height:var(--bs-offcanvas-title-line-height)}.offcanvas-body{flex-grow:1;padding:var(--bs-offcanvas-padding-y) var(--bs-offcanvas-padding-x);overflow-y:auto}.placeholder{display:inline-block;min-height:1em;vertical-align:middle;cursor:wait;background-color:currentcolor;opacity:.5}.placeholder.btn:before{display:inline-block;content:""}.placeholder-xs{min-height:.6em}.placeholder-sm{min-height:.8em}.placeholder-lg{min-height:1.2em}.placeholder-glow .placeholder{animation:placeholder-glow 2s ease-in-out infinite}@keyframes placeholder-glow{50%{opacity:.2}}.placeholder-wave{-webkit-mask-image:linear-gradient(130deg,#000 55%,rgba(0,0,0,.8) 75%,#000 95%);mask-image:linear-gradient(130deg,#000 55%,#000c,#000 95%);-webkit-mask-size:200% 100%;mask-size:200% 100%;animation:placeholder-wave 2s linear infinite}@keyframes placeholder-wave{to{-webkit-mask-position:-200% 0%;mask-position:-200% 0%}}.clearfix:after{display:block;clear:both;content:""}.text-bg-primary{color:#fff!important;background-color:RGBA(var(--bs-primary-rgb),var(--bs-bg-opacity, 1))!important}.text-bg-secondary{color:#fff!important;background-color:RGBA(var(--bs-secondary-rgb),var(--bs-bg-opacity, 1))!important}.text-bg-success{color:#fff!important;background-color:RGBA(var(--bs-success-rgb),var(--bs-bg-opacity, 1))!important}.text-bg-info{color:#000!important;background-color:RGBA(var(--bs-info-rgb),var(--bs-bg-opacity, 1))!important}.text-bg-warning{color:#000!important;background-color:RGBA(var(--bs-warning-rgb),var(--bs-bg-opacity, 1))!important}.text-bg-danger{color:#fff!important;background-color:RGBA(var(--bs-danger-rgb),var(--bs-bg-opacity, 1))!important}.text-bg-light{color:#000!important;background-color:RGBA(var(--bs-light-rgb),var(--bs-bg-opacity, 1))!important}.text-bg-dark{color:#fff!important;background-color:RGBA(var(--bs-dark-rgb),var(--bs-bg-opacity, 1))!important}.link-primary{color:RGBA(var(--bs-primary-rgb),var(--bs-link-opacity, 1))!important;-webkit-text-decoration-color:RGBA(var(--bs-primary-rgb),var(--bs-link-underline-opacity, 1))!important;text-decoration-color:RGBA(var(--bs-primary-rgb),var(--bs-link-underline-opacity, 1))!important}.link-primary:hover,.link-primary:focus{color:RGBA(10,88,202,var(--bs-link-opacity, 1))!important;-webkit-text-decoration-color:RGBA(10,88,202,var(--bs-link-underline-opacity, 1))!important;text-decoration-color:RGBA(10,88,202,var(--bs-link-underline-opacity, 1))!important}.link-secondary{color:RGBA(var(--bs-secondary-rgb),var(--bs-link-opacity, 1))!important;-webkit-text-decoration-color:RGBA(var(--bs-secondary-rgb),var(--bs-link-underline-opacity, 1))!important;text-decoration-color:RGBA(var(--bs-secondary-rgb),var(--bs-link-underline-opacity, 1))!important}.link-secondary:hover,.link-secondary:focus{color:RGBA(86,94,100,var(--bs-link-opacity, 1))!important;-webkit-text-decoration-color:RGBA(86,94,100,var(--bs-link-underline-opacity, 1))!important;text-decoration-color:RGBA(86,94,100,var(--bs-link-underline-opacity, 1))!important}.link-success{color:RGBA(var(--bs-success-rgb),var(--bs-link-opacity, 1))!important;-webkit-text-decoration-color:RGBA(var(--bs-success-rgb),var(--bs-link-underline-opacity, 1))!important;text-decoration-color:RGBA(var(--bs-success-rgb),var(--bs-link-underline-opacity, 1))!important}.link-success:hover,.link-success:focus{color:RGBA(20,108,67,var(--bs-link-opacity, 1))!important;-webkit-text-decoration-color:RGBA(20,108,67,var(--bs-link-underline-opacity, 1))!important;text-decoration-color:RGBA(20,108,67,var(--bs-link-underline-opacity, 1))!important}.link-info{color:RGBA(var(--bs-info-rgb),var(--bs-link-opacity, 1))!important;-webkit-text-decoration-color:RGBA(var(--bs-info-rgb),var(--bs-link-underline-opacity, 1))!important;text-decoration-color:RGBA(var(--bs-info-rgb),var(--bs-link-underline-opacity, 1))!important}.link-info:hover,.link-info:focus{color:RGBA(61,213,243,var(--bs-link-opacity, 1))!important;-webkit-text-decoration-color:RGBA(61,213,243,var(--bs-link-underline-opacity, 1))!important;text-decoration-color:RGBA(61,213,243,var(--bs-link-underline-opacity, 1))!important}.link-warning{color:RGBA(var(--bs-warning-rgb),var(--bs-link-opacity, 1))!important;-webkit-text-decoration-color:RGBA(var(--bs-warning-rgb),var(--bs-link-underline-opacity, 1))!important;text-decoration-color:RGBA(var(--bs-warning-rgb),var(--bs-link-underline-opacity, 1))!important}.link-warning:hover,.link-warning:focus{color:RGBA(255,205,57,var(--bs-link-opacity, 1))!important;-webkit-text-decoration-color:RGBA(255,205,57,var(--bs-link-underline-opacity, 1))!important;text-decoration-color:RGBA(255,205,57,var(--bs-link-underline-opacity, 1))!important}.link-danger{color:RGBA(var(--bs-danger-rgb),var(--bs-link-opacity, 1))!important;-webkit-text-decoration-color:RGBA(var(--bs-danger-rgb),var(--bs-link-underline-opacity, 1))!important;text-decoration-color:RGBA(var(--bs-danger-rgb),var(--bs-link-underline-opacity, 1))!important}.link-danger:hover,.link-danger:focus{color:RGBA(176,42,55,var(--bs-link-opacity, 1))!important;-webkit-text-decoration-color:RGBA(176,42,55,var(--bs-link-underline-opacity, 1))!important;text-decoration-color:RGBA(176,42,55,var(--bs-link-underline-opacity, 1))!important}.link-light{color:RGBA(var(--bs-light-rgb),var(--bs-link-opacity, 1))!important;-webkit-text-decoration-color:RGBA(var(--bs-light-rgb),var(--bs-link-underline-opacity, 1))!important;text-decoration-color:RGBA(var(--bs-light-rgb),var(--bs-link-underline-opacity, 1))!important}.link-light:hover,.link-light:focus{color:RGBA(249,250,251,var(--bs-link-opacity, 1))!important;-webkit-text-decoration-color:RGBA(249,250,251,var(--bs-link-underline-opacity, 1))!important;text-decoration-color:RGBA(249,250,251,var(--bs-link-underline-opacity, 1))!important}.link-dark{color:RGBA(var(--bs-dark-rgb),var(--bs-link-opacity, 1))!important;-webkit-text-decoration-color:RGBA(var(--bs-dark-rgb),var(--bs-link-underline-opacity, 1))!important;text-decoration-color:RGBA(var(--bs-dark-rgb),var(--bs-link-underline-opacity, 1))!important}.link-dark:hover,.link-dark:focus{color:RGBA(26,30,33,var(--bs-link-opacity, 1))!important;-webkit-text-decoration-color:RGBA(26,30,33,var(--bs-link-underline-opacity, 1))!important;text-decoration-color:RGBA(26,30,33,var(--bs-link-underline-opacity, 1))!important}.link-body-emphasis{color:RGBA(var(--bs-emphasis-color-rgb),var(--bs-link-opacity, 1))!important;-webkit-text-decoration-color:RGBA(var(--bs-emphasis-color-rgb),var(--bs-link-underline-opacity, 1))!important;text-decoration-color:RGBA(var(--bs-emphasis-color-rgb),var(--bs-link-underline-opacity, 1))!important}.link-body-emphasis:hover,.link-body-emphasis:focus{color:RGBA(var(--bs-emphasis-color-rgb),var(--bs-link-opacity, .75))!important;-webkit-text-decoration-color:RGBA(var(--bs-emphasis-color-rgb),var(--bs-link-underline-opacity, .75))!important;text-decoration-color:RGBA(var(--bs-emphasis-color-rgb),var(--bs-link-underline-opacity, .75))!important}.focus-ring:focus{outline:0;box-shadow:var(--bs-focus-ring-x, 0) var(--bs-focus-ring-y, 0) var(--bs-focus-ring-blur, 0) var(--bs-focus-ring-width) var(--bs-focus-ring-color)}.icon-link{display:inline-flex;gap:.375rem;align-items:center;-webkit-text-decoration-color:rgba(var(--bs-link-color-rgb),var(--bs-link-opacity, .5));text-decoration-color:rgba(var(--bs-link-color-rgb),var(--bs-link-opacity, .5));text-underline-offset:.25em;-webkit-backface-visibility:hidden;backface-visibility:hidden}.icon-link>.bi{flex-shrink:0;width:1em;height:1em;fill:currentcolor;transition:.2s ease-in-out transform}@media (prefers-reduced-motion: reduce){.icon-link>.bi{transition:none}}.icon-link-hover:hover>.bi,.icon-link-hover:focus-visible>.bi{transform:var(--bs-icon-link-transform, translate3d(.25em, 0, 0))}.ratio{position:relative;width:100%}.ratio:before{display:block;padding-top:var(--bs-aspect-ratio);content:""}.ratio>*{position:absolute;top:0;left:0;width:100%;height:100%}.ratio-1x1{--bs-aspect-ratio: 100%}.ratio-4x3{--bs-aspect-ratio: 75%}.ratio-16x9{--bs-aspect-ratio: 56.25%}.ratio-21x9{--bs-aspect-ratio: 42.8571428571%}.fixed-top{position:fixed;top:0;right:0;left:0;z-index:1030}.fixed-bottom{position:fixed;right:0;bottom:0;left:0;z-index:1030}.sticky-top{position:-webkit-sticky;position:sticky;top:0;z-index:1020}.sticky-bottom{position:-webkit-sticky;position:sticky;bottom:0;z-index:1020}@media (min-width: 576px){.sticky-sm-top{position:-webkit-sticky;position:sticky;top:0;z-index:1020}.sticky-sm-bottom{position:-webkit-sticky;position:sticky;bottom:0;z-index:1020}}@media (min-width: 768px){.sticky-md-top{position:-webkit-sticky;position:sticky;top:0;z-index:1020}.sticky-md-bottom{position:-webkit-sticky;position:sticky;bottom:0;z-index:1020}}@media (min-width: 992px){.sticky-lg-top{position:-webkit-sticky;position:sticky;top:0;z-index:1020}.sticky-lg-bottom{position:-webkit-sticky;position:sticky;bottom:0;z-index:1020}}@media (min-width: 1200px){.sticky-xl-top{position:-webkit-sticky;position:sticky;top:0;z-index:1020}.sticky-xl-bottom{position:-webkit-sticky;position:sticky;bottom:0;z-index:1020}}@media (min-width: 1400px){.sticky-xxl-top{position:-webkit-sticky;position:sticky;top:0;z-index:1020}.sticky-xxl-bottom{position:-webkit-sticky;position:sticky;bottom:0;z-index:1020}}.hstack{display:flex;flex-direction:row;align-items:center;align-self:stretch}.vstack{display:flex;flex:1 1 auto;flex-direction:column;align-self:stretch}.visually-hidden,.visually-hidden-focusable:not(:focus):not(:focus-within){width:1px!important;height:1px!important;padding:0!important;margin:-1px!important;overflow:hidden!important;clip:rect(0,0,0,0)!important;white-space:nowrap!important;border:0!important}.visually-hidden:not(caption),.visually-hidden-focusable:not(:focus):not(:focus-within):not(caption){position:absolute!important}.stretched-link:after{position:absolute;inset:0;z-index:1;content:""}.text-truncate{overflow:hidden;text-overflow:ellipsis;white-space:nowrap}.vr{display:inline-block;align-self:stretch;width:var(--bs-border-width);min-height:1em;background-color:currentcolor;opacity:.25}.align-baseline{vertical-align:baseline!important}.align-top{vertical-align:top!important}.align-middle{vertical-align:middle!important}.align-bottom{vertical-align:bottom!important}.align-text-bottom{vertical-align:text-bottom!important}.align-text-top{vertical-align:text-top!important}.float-start{float:left!important}.float-end{float:right!important}.float-none{float:none!important}.object-fit-contain{-o-object-fit:contain!important;object-fit:contain!important}.object-fit-cover{-o-object-fit:cover!important;object-fit:cover!important}.object-fit-fill{-o-object-fit:fill!important;object-fit:fill!important}.object-fit-scale{-o-object-fit:scale-down!important;object-fit:scale-down!important}.object-fit-none{-o-object-fit:none!important;object-fit:none!important}.opacity-0{opacity:0!important}.opacity-25{opacity:.25!important}.opacity-50{opacity:.5!important}.opacity-75{opacity:.75!important}.opacity-100{opacity:1!important}.overflow-auto{overflow:auto!important}.overflow-hidden{overflow:hidden!important}.overflow-visible{overflow:visible!important}.overflow-scroll{overflow:scroll!important}.overflow-x-auto{overflow-x:auto!important}.overflow-x-hidden{overflow-x:hidden!important}.overflow-x-visible{overflow-x:visible!important}.overflow-x-scroll{overflow-x:scroll!important}.overflow-y-auto{overflow-y:auto!important}.overflow-y-hidden{overflow-y:hidden!important}.overflow-y-visible{overflow-y:visible!important}.overflow-y-scroll{overflow-y:scroll!important}.d-inline{display:inline!important}.d-inline-block{display:inline-block!important}.d-block{display:block!important}.d-grid{display:grid!important}.d-inline-grid{display:inline-grid!important}.d-table{display:table!important}.d-table-row{display:table-row!important}.d-table-cell{display:table-cell!important}.d-flex{display:flex!important}.d-inline-flex{display:inline-flex!important}.d-none{display:none!important}.shadow{box-shadow:var(--bs-box-shadow)!important}.shadow-sm{box-shadow:var(--bs-box-shadow-sm)!important}.shadow-lg{box-shadow:var(--bs-box-shadow-lg)!important}.shadow-none{box-shadow:none!important}.focus-ring-primary{--bs-focus-ring-color: rgba(var(--bs-primary-rgb), var(--bs-focus-ring-opacity))}.focus-ring-secondary{--bs-focus-ring-color: rgba(var(--bs-secondary-rgb), var(--bs-focus-ring-opacity))}.focus-ring-success{--bs-focus-ring-color: rgba(var(--bs-success-rgb), var(--bs-focus-ring-opacity))}.focus-ring-info{--bs-focus-ring-color: rgba(var(--bs-info-rgb), var(--bs-focus-ring-opacity))}.focus-ring-warning{--bs-focus-ring-color: rgba(var(--bs-warning-rgb), var(--bs-focus-ring-opacity))}.focus-ring-danger{--bs-focus-ring-color: rgba(var(--bs-danger-rgb), var(--bs-focus-ring-opacity))}.focus-ring-light{--bs-focus-ring-color: rgba(var(--bs-light-rgb), var(--bs-focus-ring-opacity))}.focus-ring-dark{--bs-focus-ring-color: rgba(var(--bs-dark-rgb), var(--bs-focus-ring-opacity))}.position-static{position:static!important}.position-relative{position:relative!important}.position-absolute{position:absolute!important}.position-fixed{position:fixed!important}.position-sticky{position:-webkit-sticky!important;position:sticky!important}.top-0{top:0!important}.top-50{top:50%!important}.top-100{top:100%!important}.bottom-0{bottom:0!important}.bottom-50{bottom:50%!important}.bottom-100{bottom:100%!important}.start-0{left:0!important}.start-50{left:50%!important}.start-100{left:100%!important}.end-0{right:0!important}.end-50{right:50%!important}.end-100{right:100%!important}.translate-middle{transform:translate(-50%,-50%)!important}.translate-middle-x{transform:translate(-50%)!important}.translate-middle-y{transform:translateY(-50%)!important}.border{border:var(--bs-border-width) var(--bs-border-style) var(--bs-border-color)!important}.border-0{border:0!important}.border-top{border-top:var(--bs-border-width) var(--bs-border-style) var(--bs-border-color)!important}.border-top-0{border-top:0!important}.border-end{border-right:var(--bs-border-width) var(--bs-border-style) var(--bs-border-color)!important}.border-end-0{border-right:0!important}.border-bottom{border-bottom:var(--bs-border-width) var(--bs-border-style) var(--bs-border-color)!important}.border-bottom-0{border-bottom:0!important}.border-start{border-left:var(--bs-border-width) var(--bs-border-style) var(--bs-border-color)!important}.border-start-0{border-left:0!important}.border-primary{--bs-border-opacity: 1;border-color:rgba(var(--bs-primary-rgb),var(--bs-border-opacity))!important}.border-secondary{--bs-border-opacity: 1;border-color:rgba(var(--bs-secondary-rgb),var(--bs-border-opacity))!important}.border-success{--bs-border-opacity: 1;border-color:rgba(var(--bs-success-rgb),var(--bs-border-opacity))!important}.border-info{--bs-border-opacity: 1;border-color:rgba(var(--bs-info-rgb),var(--bs-border-opacity))!important}.border-warning{--bs-border-opacity: 1;border-color:rgba(var(--bs-warning-rgb),var(--bs-border-opacity))!important}.border-danger{--bs-border-opacity: 1;border-color:rgba(var(--bs-danger-rgb),var(--bs-border-opacity))!important}.border-light{--bs-border-opacity: 1;border-color:rgba(var(--bs-light-rgb),var(--bs-border-opacity))!important}.border-dark{--bs-border-opacity: 1;border-color:rgba(var(--bs-dark-rgb),var(--bs-border-opacity))!important}.border-black{--bs-border-opacity: 1;border-color:rgba(var(--bs-black-rgb),var(--bs-border-opacity))!important}.border-white{--bs-border-opacity: 1;border-color:rgba(var(--bs-white-rgb),var(--bs-border-opacity))!important}.border-primary-subtle{border-color:var(--bs-primary-border-subtle)!important}.border-secondary-subtle{border-color:var(--bs-secondary-border-subtle)!important}.border-success-subtle{border-color:var(--bs-success-border-subtle)!important}.border-info-subtle{border-color:var(--bs-info-border-subtle)!important}.border-warning-subtle{border-color:var(--bs-warning-border-subtle)!important}.border-danger-subtle{border-color:var(--bs-danger-border-subtle)!important}.border-light-subtle{border-color:var(--bs-light-border-subtle)!important}.border-dark-subtle{border-color:var(--bs-dark-border-subtle)!important}.border-1{border-width:1px!important}.border-2{border-width:2px!important}.border-3{border-width:3px!important}.border-4{border-width:4px!important}.border-5{border-width:5px!important}.border-opacity-10{--bs-border-opacity: .1}.border-opacity-25{--bs-border-opacity: .25}.border-opacity-50{--bs-border-opacity: .5}.border-opacity-75{--bs-border-opacity: .75}.border-opacity-100{--bs-border-opacity: 1}.w-25{width:25%!important}.w-50{width:50%!important}.w-75{width:75%!important}.w-100{width:100%!important}.w-auto{width:auto!important}.mw-100{max-width:100%!important}.vw-100{width:100vw!important}.min-vw-100{min-width:100vw!important}.h-25{height:25%!important}.h-50{height:50%!important}.h-75{height:75%!important}.h-100{height:100%!important}.h-auto{height:auto!important}.mh-100{max-height:100%!important}.vh-100{height:100vh!important}.min-vh-100{min-height:100vh!important}.flex-fill{flex:1 1 auto!important}.flex-row{flex-direction:row!important}.flex-column{flex-direction:column!important}.flex-row-reverse{flex-direction:row-reverse!important}.flex-column-reverse{flex-direction:column-reverse!important}.flex-grow-0{flex-grow:0!important}.flex-grow-1{flex-grow:1!important}.flex-shrink-0{flex-shrink:0!important}.flex-shrink-1{flex-shrink:1!important}.flex-wrap{flex-wrap:wrap!important}.flex-nowrap{flex-wrap:nowrap!important}.flex-wrap-reverse{flex-wrap:wrap-reverse!important}.justify-content-start{justify-content:flex-start!important}.justify-content-end{justify-content:flex-end!important}.justify-content-center{justify-content:center!important}.justify-content-between{justify-content:space-between!important}.justify-content-around{justify-content:space-around!important}.justify-content-evenly{justify-content:space-evenly!important}.align-items-start{align-items:flex-start!important}.align-items-end{align-items:flex-end!important}.align-items-center{align-items:center!important}.align-items-baseline{align-items:baseline!important}.align-items-stretch{align-items:stretch!important}.align-content-start{align-content:flex-start!important}.align-content-end{align-content:flex-end!important}.align-content-center{align-content:center!important}.align-content-between{align-content:space-between!important}.align-content-around{align-content:space-around!important}.align-content-stretch{align-content:stretch!important}.align-self-auto{align-self:auto!important}.align-self-start{align-self:flex-start!important}.align-self-end{align-self:flex-end!important}.align-self-center{align-self:center!important}.align-self-baseline{align-self:baseline!important}.align-self-stretch{align-self:stretch!important}.order-first{order:-1!important}.order-0{order:0!important}.order-1{order:1!important}.order-2{order:2!important}.order-3{order:3!important}.order-4{order:4!important}.order-5{order:5!important}.order-last{order:6!important}.m-0{margin:0!important}.m-1{margin:.25rem!important}.m-2{margin:.5rem!important}.m-3{margin:1rem!important}.m-4{margin:1.5rem!important}.m-5{margin:3rem!important}.m-auto{margin:auto!important}.mx-0{margin-right:0!important;margin-left:0!important}.mx-1{margin-right:.25rem!important;margin-left:.25rem!important}.mx-2{margin-right:.5rem!important;margin-left:.5rem!important}.mx-3{margin-right:1rem!important;margin-left:1rem!important}.mx-4{margin-right:1.5rem!important;margin-left:1.5rem!important}.mx-5{margin-right:3rem!important;margin-left:3rem!important}.mx-auto{margin-right:auto!important;margin-left:auto!important}.my-0{margin-top:0!important;margin-bottom:0!important}.my-1{margin-top:.25rem!important;margin-bottom:.25rem!important}.my-2{margin-top:.5rem!important;margin-bottom:.5rem!important}.my-3{margin-top:1rem!important;margin-bottom:1rem!important}.my-4{margin-top:1.5rem!important;margin-bottom:1.5rem!important}.my-5{margin-top:3rem!important;margin-bottom:3rem!important}.my-auto{margin-top:auto!important;margin-bottom:auto!important}.mt-0{margin-top:0!important}.mt-1{margin-top:.25rem!important}.mt-2{margin-top:.5rem!important}.mt-3{margin-top:1rem!important}.mt-4{margin-top:1.5rem!important}.mt-5{margin-top:3rem!important}.mt-auto{margin-top:auto!important}.me-0{margin-right:0!important}.me-1{margin-right:.25rem!important}.me-2{margin-right:.5rem!important}.me-3{margin-right:1rem!important}.me-4{margin-right:1.5rem!important}.me-5{margin-right:3rem!important}.me-auto{margin-right:auto!important}.mb-0{margin-bottom:0!important}.mb-1{margin-bottom:.25rem!important}.mb-2{margin-bottom:.5rem!important}.mb-3{margin-bottom:1rem!important}.mb-4{margin-bottom:1.5rem!important}.mb-5{margin-bottom:3rem!important}.mb-auto{margin-bottom:auto!important}.ms-0{margin-left:0!important}.ms-1{margin-left:.25rem!important}.ms-2{margin-left:.5rem!important}.ms-3{margin-left:1rem!important}.ms-4{margin-left:1.5rem!important}.ms-5{margin-left:3rem!important}.ms-auto{margin-left:auto!important}.p-0{padding:0!important}.p-1{padding:.25rem!important}.p-2{padding:.5rem!important}.p-3{padding:1rem!important}.p-4{padding:1.5rem!important}.p-5{padding:3rem!important}.px-0{padding-right:0!important;padding-left:0!important}.px-1{padding-right:.25rem!important;padding-left:.25rem!important}.px-2{padding-right:.5rem!important;padding-left:.5rem!important}.px-3{padding-right:1rem!important;padding-left:1rem!important}.px-4{padding-right:1.5rem!important;padding-left:1.5rem!important}.px-5{padding-right:3rem!important;padding-left:3rem!important}.py-0{padding-top:0!important;padding-bottom:0!important}.py-1{padding-top:.25rem!important;padding-bottom:.25rem!important}.py-2{padding-top:.5rem!important;padding-bottom:.5rem!important}.py-3{padding-top:1rem!important;padding-bottom:1rem!important}.py-4{padding-top:1.5rem!important;padding-bottom:1.5rem!important}.py-5{padding-top:3rem!important;padding-bottom:3rem!important}.pt-0{padding-top:0!important}.pt-1{padding-top:.25rem!important}.pt-2{padding-top:.5rem!important}.pt-3{padding-top:1rem!important}.pt-4{padding-top:1.5rem!important}.pt-5{padding-top:3rem!important}.pe-0{padding-right:0!important}.pe-1{padding-right:.25rem!important}.pe-2{padding-right:.5rem!important}.pe-3{padding-right:1rem!important}.pe-4{padding-right:1.5rem!important}.pe-5{padding-right:3rem!important}.pb-0{padding-bottom:0!important}.pb-1{padding-bottom:.25rem!important}.pb-2{padding-bottom:.5rem!important}.pb-3{padding-bottom:1rem!important}.pb-4{padding-bottom:1.5rem!important}.pb-5{padding-bottom:3rem!important}.ps-0{padding-left:0!important}.ps-1{padding-left:.25rem!important}.ps-2{padding-left:.5rem!important}.ps-3{padding-left:1rem!important}.ps-4{padding-left:1.5rem!important}.ps-5{padding-left:3rem!important}.gap-0{gap:0!important}.gap-1{gap:.25rem!important}.gap-2{gap:.5rem!important}.gap-3{gap:1rem!important}.gap-4{gap:1.5rem!important}.gap-5{gap:3rem!important}.row-gap-0{row-gap:0!important}.row-gap-1{row-gap:.25rem!important}.row-gap-2{row-gap:.5rem!important}.row-gap-3{row-gap:1rem!important}.row-gap-4{row-gap:1.5rem!important}.row-gap-5{row-gap:3rem!important}.column-gap-0{-moz-column-gap:0!important;column-gap:0!important}.column-gap-1{-moz-column-gap:.25rem!important;column-gap:.25rem!important}.column-gap-2{-moz-column-gap:.5rem!important;column-gap:.5rem!important}.column-gap-3{-moz-column-gap:1rem!important;column-gap:1rem!important}.column-gap-4{-moz-column-gap:1.5rem!important;column-gap:1.5rem!important}.column-gap-5{-moz-column-gap:3rem!important;column-gap:3rem!important}.font-monospace{font-family:var(--bs-font-monospace)!important}.fs-1{font-size:calc(1.375rem + 1.5vw)!important}.fs-2{font-size:calc(1.325rem + .9vw)!important}.fs-3{font-size:calc(1.3rem + .6vw)!important}.fs-4{font-size:calc(1.275rem + .3vw)!important}.fs-5{font-size:1.25rem!important}.fs-6{font-size:1rem!important}.fst-italic{font-style:italic!important}.fst-normal{font-style:normal!important}.fw-lighter{font-weight:lighter!important}.fw-light{font-weight:300!important}.fw-normal{font-weight:400!important}.fw-medium{font-weight:500!important}.fw-semibold{font-weight:600!important}.fw-bold{font-weight:700!important}.fw-bolder{font-weight:bolder!important}.lh-1{line-height:1!important}.lh-sm{line-height:1.25!important}.lh-base{line-height:1.5!important}.lh-lg{line-height:2!important}.text-start{text-align:left!important}.text-end{text-align:right!important}.text-center{text-align:center!important}.text-decoration-none{text-decoration:none!important}.text-decoration-underline{text-decoration:underline!important}.text-decoration-line-through{text-decoration:line-through!important}.text-lowercase{text-transform:lowercase!important}.text-uppercase{text-transform:uppercase!important}.text-capitalize{text-transform:capitalize!important}.text-wrap{white-space:normal!important}.text-nowrap{white-space:nowrap!important}.text-break{word-wrap:break-word!important;word-break:break-word!important}.text-primary{--bs-text-opacity: 1;color:rgba(var(--bs-primary-rgb),var(--bs-text-opacity))!important}.text-secondary{--bs-text-opacity: 1;color:rgba(var(--bs-secondary-rgb),var(--bs-text-opacity))!important}.text-success{--bs-text-opacity: 1;color:rgba(var(--bs-success-rgb),var(--bs-text-opacity))!important}.text-info{--bs-text-opacity: 1;color:rgba(var(--bs-info-rgb),var(--bs-text-opacity))!important}.text-warning{--bs-text-opacity: 1;color:rgba(var(--bs-warning-rgb),var(--bs-text-opacity))!important}.text-danger{--bs-text-opacity: 1;color:rgba(var(--bs-danger-rgb),var(--bs-text-opacity))!important}.text-light{--bs-text-opacity: 1;color:rgba(var(--bs-light-rgb),var(--bs-text-opacity))!important}.text-dark{--bs-text-opacity: 1;color:rgba(var(--bs-dark-rgb),var(--bs-text-opacity))!important}.text-black{--bs-text-opacity: 1;color:rgba(var(--bs-black-rgb),var(--bs-text-opacity))!important}.text-white{--bs-text-opacity: 1;color:rgba(var(--bs-white-rgb),var(--bs-text-opacity))!important}.text-body{--bs-text-opacity: 1;color:rgba(var(--bs-body-color-rgb),var(--bs-text-opacity))!important}.text-muted{--bs-text-opacity: 1;color:var(--bs-secondary-color)!important}.text-black-50{--bs-text-opacity: 1;color:#00000080!important}.text-white-50{--bs-text-opacity: 1;color:#ffffff80!important}.text-body-secondary{--bs-text-opacity: 1;color:var(--bs-secondary-color)!important}.text-body-tertiary{--bs-text-opacity: 1;color:var(--bs-tertiary-color)!important}.text-body-emphasis{--bs-text-opacity: 1;color:var(--bs-emphasis-color)!important}.text-reset{--bs-text-opacity: 1;color:inherit!important}.text-opacity-25{--bs-text-opacity: .25}.text-opacity-50{--bs-text-opacity: .5}.text-opacity-75{--bs-text-opacity: .75}.text-opacity-100{--bs-text-opacity: 1}.text-primary-emphasis{color:var(--bs-primary-text-emphasis)!important}.text-secondary-emphasis{color:var(--bs-secondary-text-emphasis)!important}.text-success-emphasis{color:var(--bs-success-text-emphasis)!important}.text-info-emphasis{color:var(--bs-info-text-emphasis)!important}.text-warning-emphasis{color:var(--bs-warning-text-emphasis)!important}.text-danger-emphasis{color:var(--bs-danger-text-emphasis)!important}.text-light-emphasis{color:var(--bs-light-text-emphasis)!important}.text-dark-emphasis{color:var(--bs-dark-text-emphasis)!important}.link-opacity-10,.link-opacity-10-hover:hover{--bs-link-opacity: .1}.link-opacity-25,.link-opacity-25-hover:hover{--bs-link-opacity: .25}.link-opacity-50,.link-opacity-50-hover:hover{--bs-link-opacity: .5}.link-opacity-75,.link-opacity-75-hover:hover{--bs-link-opacity: .75}.link-opacity-100,.link-opacity-100-hover:hover{--bs-link-opacity: 1}.link-offset-1,.link-offset-1-hover:hover{text-underline-offset:.125em!important}.link-offset-2,.link-offset-2-hover:hover{text-underline-offset:.25em!important}.link-offset-3,.link-offset-3-hover:hover{text-underline-offset:.375em!important}.link-underline-primary{--bs-link-underline-opacity: 1;-webkit-text-decoration-color:rgba(var(--bs-primary-rgb),var(--bs-link-underline-opacity))!important;text-decoration-color:rgba(var(--bs-primary-rgb),var(--bs-link-underline-opacity))!important}.link-underline-secondary{--bs-link-underline-opacity: 1;-webkit-text-decoration-color:rgba(var(--bs-secondary-rgb),var(--bs-link-underline-opacity))!important;text-decoration-color:rgba(var(--bs-secondary-rgb),var(--bs-link-underline-opacity))!important}.link-underline-success{--bs-link-underline-opacity: 1;-webkit-text-decoration-color:rgba(var(--bs-success-rgb),var(--bs-link-underline-opacity))!important;text-decoration-color:rgba(var(--bs-success-rgb),var(--bs-link-underline-opacity))!important}.link-underline-info{--bs-link-underline-opacity: 1;-webkit-text-decoration-color:rgba(var(--bs-info-rgb),var(--bs-link-underline-opacity))!important;text-decoration-color:rgba(var(--bs-info-rgb),var(--bs-link-underline-opacity))!important}.link-underline-warning{--bs-link-underline-opacity: 1;-webkit-text-decoration-color:rgba(var(--bs-warning-rgb),var(--bs-link-underline-opacity))!important;text-decoration-color:rgba(var(--bs-warning-rgb),var(--bs-link-underline-opacity))!important}.link-underline-danger{--bs-link-underline-opacity: 1;-webkit-text-decoration-color:rgba(var(--bs-danger-rgb),var(--bs-link-underline-opacity))!important;text-decoration-color:rgba(var(--bs-danger-rgb),var(--bs-link-underline-opacity))!important}.link-underline-light{--bs-link-underline-opacity: 1;-webkit-text-decoration-color:rgba(var(--bs-light-rgb),var(--bs-link-underline-opacity))!important;text-decoration-color:rgba(var(--bs-light-rgb),var(--bs-link-underline-opacity))!important}.link-underline-dark{--bs-link-underline-opacity: 1;-webkit-text-decoration-color:rgba(var(--bs-dark-rgb),var(--bs-link-underline-opacity))!important;text-decoration-color:rgba(var(--bs-dark-rgb),var(--bs-link-underline-opacity))!important}.link-underline{--bs-link-underline-opacity: 1;-webkit-text-decoration-color:rgba(var(--bs-link-color-rgb),var(--bs-link-underline-opacity, 1))!important;text-decoration-color:rgba(var(--bs-link-color-rgb),var(--bs-link-underline-opacity, 1))!important}.link-underline-opacity-0,.link-underline-opacity-0-hover:hover{--bs-link-underline-opacity: 0}.link-underline-opacity-10,.link-underline-opacity-10-hover:hover{--bs-link-underline-opacity: .1}.link-underline-opacity-25,.link-underline-opacity-25-hover:hover{--bs-link-underline-opacity: .25}.link-underline-opacity-50,.link-underline-opacity-50-hover:hover{--bs-link-underline-opacity: .5}.link-underline-opacity-75,.link-underline-opacity-75-hover:hover{--bs-link-underline-opacity: .75}.link-underline-opacity-100,.link-underline-opacity-100-hover:hover{--bs-link-underline-opacity: 1}.bg-primary{--bs-bg-opacity: 1;background-color:rgba(var(--bs-primary-rgb),var(--bs-bg-opacity))!important}.bg-secondary{--bs-bg-opacity: 1;background-color:rgba(var(--bs-secondary-rgb),var(--bs-bg-opacity))!important}.bg-success{--bs-bg-opacity: 1;background-color:rgba(var(--bs-success-rgb),var(--bs-bg-opacity))!important}.bg-info{--bs-bg-opacity: 1;background-color:rgba(var(--bs-info-rgb),var(--bs-bg-opacity))!important}.bg-warning{--bs-bg-opacity: 1;background-color:rgba(var(--bs-warning-rgb),var(--bs-bg-opacity))!important}.bg-danger{--bs-bg-opacity: 1;background-color:rgba(var(--bs-danger-rgb),var(--bs-bg-opacity))!important}.bg-light{--bs-bg-opacity: 1;background-color:rgba(var(--bs-light-rgb),var(--bs-bg-opacity))!important}.bg-dark{--bs-bg-opacity: 1;background-color:rgba(var(--bs-dark-rgb),var(--bs-bg-opacity))!important}.bg-black{--bs-bg-opacity: 1;background-color:rgba(var(--bs-black-rgb),var(--bs-bg-opacity))!important}.bg-white{--bs-bg-opacity: 1;background-color:rgba(var(--bs-white-rgb),var(--bs-bg-opacity))!important}.bg-body{--bs-bg-opacity: 1;background-color:rgba(var(--bs-body-bg-rgb),var(--bs-bg-opacity))!important}.bg-transparent{--bs-bg-opacity: 1;background-color:transparent!important}.bg-body-secondary{--bs-bg-opacity: 1;background-color:rgba(var(--bs-secondary-bg-rgb),var(--bs-bg-opacity))!important}.bg-body-tertiary{--bs-bg-opacity: 1;background-color:rgba(var(--bs-tertiary-bg-rgb),var(--bs-bg-opacity))!important}.bg-opacity-10{--bs-bg-opacity: .1}.bg-opacity-25{--bs-bg-opacity: .25}.bg-opacity-50{--bs-bg-opacity: .5}.bg-opacity-75{--bs-bg-opacity: .75}.bg-opacity-100{--bs-bg-opacity: 1}.bg-primary-subtle{background-color:var(--bs-primary-bg-subtle)!important}.bg-secondary-subtle{background-color:var(--bs-secondary-bg-subtle)!important}.bg-success-subtle{background-color:var(--bs-success-bg-subtle)!important}.bg-info-subtle{background-color:var(--bs-info-bg-subtle)!important}.bg-warning-subtle{background-color:var(--bs-warning-bg-subtle)!important}.bg-danger-subtle{background-color:var(--bs-danger-bg-subtle)!important}.bg-light-subtle{background-color:var(--bs-light-bg-subtle)!important}.bg-dark-subtle{background-color:var(--bs-dark-bg-subtle)!important}.bg-gradient{background-image:var(--bs-gradient)!important}.user-select-all{-webkit-user-select:all!important;-moz-user-select:all!important;user-select:all!important}.user-select-auto{-webkit-user-select:auto!important;-moz-user-select:auto!important;user-select:auto!important}.user-select-none{-webkit-user-select:none!important;-moz-user-select:none!important;user-select:none!important}.pe-none{pointer-events:none!important}.pe-auto{pointer-events:auto!important}.rounded{border-radius:var(--bs-border-radius)!important}.rounded-0{border-radius:0!important}.rounded-1{border-radius:var(--bs-border-radius-sm)!important}.rounded-2{border-radius:var(--bs-border-radius)!important}.rounded-3{border-radius:var(--bs-border-radius-lg)!important}.rounded-4{border-radius:var(--bs-border-radius-xl)!important}.rounded-5{border-radius:var(--bs-border-radius-xxl)!important}.rounded-circle{border-radius:50%!important}.rounded-pill{border-radius:var(--bs-border-radius-pill)!important}.rounded-top{border-top-left-radius:var(--bs-border-radius)!important;border-top-right-radius:var(--bs-border-radius)!important}.rounded-top-0{border-top-left-radius:0!important;border-top-right-radius:0!important}.rounded-top-1{border-top-left-radius:var(--bs-border-radius-sm)!important;border-top-right-radius:var(--bs-border-radius-sm)!important}.rounded-top-2{border-top-left-radius:var(--bs-border-radius)!important;border-top-right-radius:var(--bs-border-radius)!important}.rounded-top-3{border-top-left-radius:var(--bs-border-radius-lg)!important;border-top-right-radius:var(--bs-border-radius-lg)!important}.rounded-top-4{border-top-left-radius:var(--bs-border-radius-xl)!important;border-top-right-radius:var(--bs-border-radius-xl)!important}.rounded-top-5{border-top-left-radius:var(--bs-border-radius-xxl)!important;border-top-right-radius:var(--bs-border-radius-xxl)!important}.rounded-top-circle{border-top-left-radius:50%!important;border-top-right-radius:50%!important}.rounded-top-pill{border-top-left-radius:var(--bs-border-radius-pill)!important;border-top-right-radius:var(--bs-border-radius-pill)!important}.rounded-end{border-top-right-radius:var(--bs-border-radius)!important;border-bottom-right-radius:var(--bs-border-radius)!important}.rounded-end-0{border-top-right-radius:0!important;border-bottom-right-radius:0!important}.rounded-end-1{border-top-right-radius:var(--bs-border-radius-sm)!important;border-bottom-right-radius:var(--bs-border-radius-sm)!important}.rounded-end-2{border-top-right-radius:var(--bs-border-radius)!important;border-bottom-right-radius:var(--bs-border-radius)!important}.rounded-end-3{border-top-right-radius:var(--bs-border-radius-lg)!important;border-bottom-right-radius:var(--bs-border-radius-lg)!important}.rounded-end-4{border-top-right-radius:var(--bs-border-radius-xl)!important;border-bottom-right-radius:var(--bs-border-radius-xl)!important}.rounded-end-5{border-top-right-radius:var(--bs-border-radius-xxl)!important;border-bottom-right-radius:var(--bs-border-radius-xxl)!important}.rounded-end-circle{border-top-right-radius:50%!important;border-bottom-right-radius:50%!important}.rounded-end-pill{border-top-right-radius:var(--bs-border-radius-pill)!important;border-bottom-right-radius:var(--bs-border-radius-pill)!important}.rounded-bottom{border-bottom-right-radius:var(--bs-border-radius)!important;border-bottom-left-radius:var(--bs-border-radius)!important}.rounded-bottom-0{border-bottom-right-radius:0!important;border-bottom-left-radius:0!important}.rounded-bottom-1{border-bottom-right-radius:var(--bs-border-radius-sm)!important;border-bottom-left-radius:var(--bs-border-radius-sm)!important}.rounded-bottom-2{border-bottom-right-radius:var(--bs-border-radius)!important;border-bottom-left-radius:var(--bs-border-radius)!important}.rounded-bottom-3{border-bottom-right-radius:var(--bs-border-radius-lg)!important;border-bottom-left-radius:var(--bs-border-radius-lg)!important}.rounded-bottom-4{border-bottom-right-radius:var(--bs-border-radius-xl)!important;border-bottom-left-radius:var(--bs-border-radius-xl)!important}.rounded-bottom-5{border-bottom-right-radius:var(--bs-border-radius-xxl)!important;border-bottom-left-radius:var(--bs-border-radius-xxl)!important}.rounded-bottom-circle{border-bottom-right-radius:50%!important;border-bottom-left-radius:50%!important}.rounded-bottom-pill{border-bottom-right-radius:var(--bs-border-radius-pill)!important;border-bottom-left-radius:var(--bs-border-radius-pill)!important}.rounded-start{border-bottom-left-radius:var(--bs-border-radius)!important;border-top-left-radius:var(--bs-border-radius)!important}.rounded-start-0{border-bottom-left-radius:0!important;border-top-left-radius:0!important}.rounded-start-1{border-bottom-left-radius:var(--bs-border-radius-sm)!important;border-top-left-radius:var(--bs-border-radius-sm)!important}.rounded-start-2{border-bottom-left-radius:var(--bs-border-radius)!important;border-top-left-radius:var(--bs-border-radius)!important}.rounded-start-3{border-bottom-left-radius:var(--bs-border-radius-lg)!important;border-top-left-radius:var(--bs-border-radius-lg)!important}.rounded-start-4{border-bottom-left-radius:var(--bs-border-radius-xl)!important;border-top-left-radius:var(--bs-border-radius-xl)!important}.rounded-start-5{border-bottom-left-radius:var(--bs-border-radius-xxl)!important;border-top-left-radius:var(--bs-border-radius-xxl)!important}.rounded-start-circle{border-bottom-left-radius:50%!important;border-top-left-radius:50%!important}.rounded-start-pill{border-bottom-left-radius:var(--bs-border-radius-pill)!important;border-top-left-radius:var(--bs-border-radius-pill)!important}.visible{visibility:visible!important}.invisible{visibility:hidden!important}.z-n1{z-index:-1!important}.z-0{z-index:0!important}.z-1{z-index:1!important}.z-2{z-index:2!important}.z-3{z-index:3!important}@media (min-width: 576px){.float-sm-start{float:left!important}.float-sm-end{float:right!important}.float-sm-none{float:none!important}.object-fit-sm-contain{-o-object-fit:contain!important;object-fit:contain!important}.object-fit-sm-cover{-o-object-fit:cover!important;object-fit:cover!important}.object-fit-sm-fill{-o-object-fit:fill!important;object-fit:fill!important}.object-fit-sm-scale{-o-object-fit:scale-down!important;object-fit:scale-down!important}.object-fit-sm-none{-o-object-fit:none!important;object-fit:none!important}.d-sm-inline{display:inline!important}.d-sm-inline-block{display:inline-block!important}.d-sm-block{display:block!important}.d-sm-grid{display:grid!important}.d-sm-inline-grid{display:inline-grid!important}.d-sm-table{display:table!important}.d-sm-table-row{display:table-row!important}.d-sm-table-cell{display:table-cell!important}.d-sm-flex{display:flex!important}.d-sm-inline-flex{display:inline-flex!important}.d-sm-none{display:none!important}.flex-sm-fill{flex:1 1 auto!important}.flex-sm-row{flex-direction:row!important}.flex-sm-column{flex-direction:column!important}.flex-sm-row-reverse{flex-direction:row-reverse!important}.flex-sm-column-reverse{flex-direction:column-reverse!important}.flex-sm-grow-0{flex-grow:0!important}.flex-sm-grow-1{flex-grow:1!important}.flex-sm-shrink-0{flex-shrink:0!important}.flex-sm-shrink-1{flex-shrink:1!important}.flex-sm-wrap{flex-wrap:wrap!important}.flex-sm-nowrap{flex-wrap:nowrap!important}.flex-sm-wrap-reverse{flex-wrap:wrap-reverse!important}.justify-content-sm-start{justify-content:flex-start!important}.justify-content-sm-end{justify-content:flex-end!important}.justify-content-sm-center{justify-content:center!important}.justify-content-sm-between{justify-content:space-between!important}.justify-content-sm-around{justify-content:space-around!important}.justify-content-sm-evenly{justify-content:space-evenly!important}.align-items-sm-start{align-items:flex-start!important}.align-items-sm-end{align-items:flex-end!important}.align-items-sm-center{align-items:center!important}.align-items-sm-baseline{align-items:baseline!important}.align-items-sm-stretch{align-items:stretch!important}.align-content-sm-start{align-content:flex-start!important}.align-content-sm-end{align-content:flex-end!important}.align-content-sm-center{align-content:center!important}.align-content-sm-between{align-content:space-between!important}.align-content-sm-around{align-content:space-around!important}.align-content-sm-stretch{align-content:stretch!important}.align-self-sm-auto{align-self:auto!important}.align-self-sm-start{align-self:flex-start!important}.align-self-sm-end{align-self:flex-end!important}.align-self-sm-center{align-self:center!important}.align-self-sm-baseline{align-self:baseline!important}.align-self-sm-stretch{align-self:stretch!important}.order-sm-first{order:-1!important}.order-sm-0{order:0!important}.order-sm-1{order:1!important}.order-sm-2{order:2!important}.order-sm-3{order:3!important}.order-sm-4{order:4!important}.order-sm-5{order:5!important}.order-sm-last{order:6!important}.m-sm-0{margin:0!important}.m-sm-1{margin:.25rem!important}.m-sm-2{margin:.5rem!important}.m-sm-3{margin:1rem!important}.m-sm-4{margin:1.5rem!important}.m-sm-5{margin:3rem!important}.m-sm-auto{margin:auto!important}.mx-sm-0{margin-right:0!important;margin-left:0!important}.mx-sm-1{margin-right:.25rem!important;margin-left:.25rem!important}.mx-sm-2{margin-right:.5rem!important;margin-left:.5rem!important}.mx-sm-3{margin-right:1rem!important;margin-left:1rem!important}.mx-sm-4{margin-right:1.5rem!important;margin-left:1.5rem!important}.mx-sm-5{margin-right:3rem!important;margin-left:3rem!important}.mx-sm-auto{margin-right:auto!important;margin-left:auto!important}.my-sm-0{margin-top:0!important;margin-bottom:0!important}.my-sm-1{margin-top:.25rem!important;margin-bottom:.25rem!important}.my-sm-2{margin-top:.5rem!important;margin-bottom:.5rem!important}.my-sm-3{margin-top:1rem!important;margin-bottom:1rem!important}.my-sm-4{margin-top:1.5rem!important;margin-bottom:1.5rem!important}.my-sm-5{margin-top:3rem!important;margin-bottom:3rem!important}.my-sm-auto{margin-top:auto!important;margin-bottom:auto!important}.mt-sm-0{margin-top:0!important}.mt-sm-1{margin-top:.25rem!important}.mt-sm-2{margin-top:.5rem!important}.mt-sm-3{margin-top:1rem!important}.mt-sm-4{margin-top:1.5rem!important}.mt-sm-5{margin-top:3rem!important}.mt-sm-auto{margin-top:auto!important}.me-sm-0{margin-right:0!important}.me-sm-1{margin-right:.25rem!important}.me-sm-2{margin-right:.5rem!important}.me-sm-3{margin-right:1rem!important}.me-sm-4{margin-right:1.5rem!important}.me-sm-5{margin-right:3rem!important}.me-sm-auto{margin-right:auto!important}.mb-sm-0{margin-bottom:0!important}.mb-sm-1{margin-bottom:.25rem!important}.mb-sm-2{margin-bottom:.5rem!important}.mb-sm-3{margin-bottom:1rem!important}.mb-sm-4{margin-bottom:1.5rem!important}.mb-sm-5{margin-bottom:3rem!important}.mb-sm-auto{margin-bottom:auto!important}.ms-sm-0{margin-left:0!important}.ms-sm-1{margin-left:.25rem!important}.ms-sm-2{margin-left:.5rem!important}.ms-sm-3{margin-left:1rem!important}.ms-sm-4{margin-left:1.5rem!important}.ms-sm-5{margin-left:3rem!important}.ms-sm-auto{margin-left:auto!important}.p-sm-0{padding:0!important}.p-sm-1{padding:.25rem!important}.p-sm-2{padding:.5rem!important}.p-sm-3{padding:1rem!important}.p-sm-4{padding:1.5rem!important}.p-sm-5{padding:3rem!important}.px-sm-0{padding-right:0!important;padding-left:0!important}.px-sm-1{padding-right:.25rem!important;padding-left:.25rem!important}.px-sm-2{padding-right:.5rem!important;padding-left:.5rem!important}.px-sm-3{padding-right:1rem!important;padding-left:1rem!important}.px-sm-4{padding-right:1.5rem!important;padding-left:1.5rem!important}.px-sm-5{padding-right:3rem!important;padding-left:3rem!important}.py-sm-0{padding-top:0!important;padding-bottom:0!important}.py-sm-1{padding-top:.25rem!important;padding-bottom:.25rem!important}.py-sm-2{padding-top:.5rem!important;padding-bottom:.5rem!important}.py-sm-3{padding-top:1rem!important;padding-bottom:1rem!important}.py-sm-4{padding-top:1.5rem!important;padding-bottom:1.5rem!important}.py-sm-5{padding-top:3rem!important;padding-bottom:3rem!important}.pt-sm-0{padding-top:0!important}.pt-sm-1{padding-top:.25rem!important}.pt-sm-2{padding-top:.5rem!important}.pt-sm-3{padding-top:1rem!important}.pt-sm-4{padding-top:1.5rem!important}.pt-sm-5{padding-top:3rem!important}.pe-sm-0{padding-right:0!important}.pe-sm-1{padding-right:.25rem!important}.pe-sm-2{padding-right:.5rem!important}.pe-sm-3{padding-right:1rem!important}.pe-sm-4{padding-right:1.5rem!important}.pe-sm-5{padding-right:3rem!important}.pb-sm-0{padding-bottom:0!important}.pb-sm-1{padding-bottom:.25rem!important}.pb-sm-2{padding-bottom:.5rem!important}.pb-sm-3{padding-bottom:1rem!important}.pb-sm-4{padding-bottom:1.5rem!important}.pb-sm-5{padding-bottom:3rem!important}.ps-sm-0{padding-left:0!important}.ps-sm-1{padding-left:.25rem!important}.ps-sm-2{padding-left:.5rem!important}.ps-sm-3{padding-left:1rem!important}.ps-sm-4{padding-left:1.5rem!important}.ps-sm-5{padding-left:3rem!important}.gap-sm-0{gap:0!important}.gap-sm-1{gap:.25rem!important}.gap-sm-2{gap:.5rem!important}.gap-sm-3{gap:1rem!important}.gap-sm-4{gap:1.5rem!important}.gap-sm-5{gap:3rem!important}.row-gap-sm-0{row-gap:0!important}.row-gap-sm-1{row-gap:.25rem!important}.row-gap-sm-2{row-gap:.5rem!important}.row-gap-sm-3{row-gap:1rem!important}.row-gap-sm-4{row-gap:1.5rem!important}.row-gap-sm-5{row-gap:3rem!important}.column-gap-sm-0{-moz-column-gap:0!important;column-gap:0!important}.column-gap-sm-1{-moz-column-gap:.25rem!important;column-gap:.25rem!important}.column-gap-sm-2{-moz-column-gap:.5rem!important;column-gap:.5rem!important}.column-gap-sm-3{-moz-column-gap:1rem!important;column-gap:1rem!important}.column-gap-sm-4{-moz-column-gap:1.5rem!important;column-gap:1.5rem!important}.column-gap-sm-5{-moz-column-gap:3rem!important;column-gap:3rem!important}.text-sm-start{text-align:left!important}.text-sm-end{text-align:right!important}.text-sm-center{text-align:center!important}}@media (min-width: 768px){.float-md-start{float:left!important}.float-md-end{float:right!important}.float-md-none{float:none!important}.object-fit-md-contain{-o-object-fit:contain!important;object-fit:contain!important}.object-fit-md-cover{-o-object-fit:cover!important;object-fit:cover!important}.object-fit-md-fill{-o-object-fit:fill!important;object-fit:fill!important}.object-fit-md-scale{-o-object-fit:scale-down!important;object-fit:scale-down!important}.object-fit-md-none{-o-object-fit:none!important;object-fit:none!important}.d-md-inline{display:inline!important}.d-md-inline-block{display:inline-block!important}.d-md-block{display:block!important}.d-md-grid{display:grid!important}.d-md-inline-grid{display:inline-grid!important}.d-md-table{display:table!important}.d-md-table-row{display:table-row!important}.d-md-table-cell{display:table-cell!important}.d-md-flex{display:flex!important}.d-md-inline-flex{display:inline-flex!important}.d-md-none{display:none!important}.flex-md-fill{flex:1 1 auto!important}.flex-md-row{flex-direction:row!important}.flex-md-column{flex-direction:column!important}.flex-md-row-reverse{flex-direction:row-reverse!important}.flex-md-column-reverse{flex-direction:column-reverse!important}.flex-md-grow-0{flex-grow:0!important}.flex-md-grow-1{flex-grow:1!important}.flex-md-shrink-0{flex-shrink:0!important}.flex-md-shrink-1{flex-shrink:1!important}.flex-md-wrap{flex-wrap:wrap!important}.flex-md-nowrap{flex-wrap:nowrap!important}.flex-md-wrap-reverse{flex-wrap:wrap-reverse!important}.justify-content-md-start{justify-content:flex-start!important}.justify-content-md-end{justify-content:flex-end!important}.justify-content-md-center{justify-content:center!important}.justify-content-md-between{justify-content:space-between!important}.justify-content-md-around{justify-content:space-around!important}.justify-content-md-evenly{justify-content:space-evenly!important}.align-items-md-start{align-items:flex-start!important}.align-items-md-end{align-items:flex-end!important}.align-items-md-center{align-items:center!important}.align-items-md-baseline{align-items:baseline!important}.align-items-md-stretch{align-items:stretch!important}.align-content-md-start{align-content:flex-start!important}.align-content-md-end{align-content:flex-end!important}.align-content-md-center{align-content:center!important}.align-content-md-between{align-content:space-between!important}.align-content-md-around{align-content:space-around!important}.align-content-md-stretch{align-content:stretch!important}.align-self-md-auto{align-self:auto!important}.align-self-md-start{align-self:flex-start!important}.align-self-md-end{align-self:flex-end!important}.align-self-md-center{align-self:center!important}.align-self-md-baseline{align-self:baseline!important}.align-self-md-stretch{align-self:stretch!important}.order-md-first{order:-1!important}.order-md-0{order:0!important}.order-md-1{order:1!important}.order-md-2{order:2!important}.order-md-3{order:3!important}.order-md-4{order:4!important}.order-md-5{order:5!important}.order-md-last{order:6!important}.m-md-0{margin:0!important}.m-md-1{margin:.25rem!important}.m-md-2{margin:.5rem!important}.m-md-3{margin:1rem!important}.m-md-4{margin:1.5rem!important}.m-md-5{margin:3rem!important}.m-md-auto{margin:auto!important}.mx-md-0{margin-right:0!important;margin-left:0!important}.mx-md-1{margin-right:.25rem!important;margin-left:.25rem!important}.mx-md-2{margin-right:.5rem!important;margin-left:.5rem!important}.mx-md-3{margin-right:1rem!important;margin-left:1rem!important}.mx-md-4{margin-right:1.5rem!important;margin-left:1.5rem!important}.mx-md-5{margin-right:3rem!important;margin-left:3rem!important}.mx-md-auto{margin-right:auto!important;margin-left:auto!important}.my-md-0{margin-top:0!important;margin-bottom:0!important}.my-md-1{margin-top:.25rem!important;margin-bottom:.25rem!important}.my-md-2{margin-top:.5rem!important;margin-bottom:.5rem!important}.my-md-3{margin-top:1rem!important;margin-bottom:1rem!important}.my-md-4{margin-top:1.5rem!important;margin-bottom:1.5rem!important}.my-md-5{margin-top:3rem!important;margin-bottom:3rem!important}.my-md-auto{margin-top:auto!important;margin-bottom:auto!important}.mt-md-0{margin-top:0!important}.mt-md-1{margin-top:.25rem!important}.mt-md-2{margin-top:.5rem!important}.mt-md-3{margin-top:1rem!important}.mt-md-4{margin-top:1.5rem!important}.mt-md-5{margin-top:3rem!important}.mt-md-auto{margin-top:auto!important}.me-md-0{margin-right:0!important}.me-md-1{margin-right:.25rem!important}.me-md-2{margin-right:.5rem!important}.me-md-3{margin-right:1rem!important}.me-md-4{margin-right:1.5rem!important}.me-md-5{margin-right:3rem!important}.me-md-auto{margin-right:auto!important}.mb-md-0{margin-bottom:0!important}.mb-md-1{margin-bottom:.25rem!important}.mb-md-2{margin-bottom:.5rem!important}.mb-md-3{margin-bottom:1rem!important}.mb-md-4{margin-bottom:1.5rem!important}.mb-md-5{margin-bottom:3rem!important}.mb-md-auto{margin-bottom:auto!important}.ms-md-0{margin-left:0!important}.ms-md-1{margin-left:.25rem!important}.ms-md-2{margin-left:.5rem!important}.ms-md-3{margin-left:1rem!important}.ms-md-4{margin-left:1.5rem!important}.ms-md-5{margin-left:3rem!important}.ms-md-auto{margin-left:auto!important}.p-md-0{padding:0!important}.p-md-1{padding:.25rem!important}.p-md-2{padding:.5rem!important}.p-md-3{padding:1rem!important}.p-md-4{padding:1.5rem!important}.p-md-5{padding:3rem!important}.px-md-0{padding-right:0!important;padding-left:0!important}.px-md-1{padding-right:.25rem!important;padding-left:.25rem!important}.px-md-2{padding-right:.5rem!important;padding-left:.5rem!important}.px-md-3{padding-right:1rem!important;padding-left:1rem!important}.px-md-4{padding-right:1.5rem!important;padding-left:1.5rem!important}.px-md-5{padding-right:3rem!important;padding-left:3rem!important}.py-md-0{padding-top:0!important;padding-bottom:0!important}.py-md-1{padding-top:.25rem!important;padding-bottom:.25rem!important}.py-md-2{padding-top:.5rem!important;padding-bottom:.5rem!important}.py-md-3{padding-top:1rem!important;padding-bottom:1rem!important}.py-md-4{padding-top:1.5rem!important;padding-bottom:1.5rem!important}.py-md-5{padding-top:3rem!important;padding-bottom:3rem!important}.pt-md-0{padding-top:0!important}.pt-md-1{padding-top:.25rem!important}.pt-md-2{padding-top:.5rem!important}.pt-md-3{padding-top:1rem!important}.pt-md-4{padding-top:1.5rem!important}.pt-md-5{padding-top:3rem!important}.pe-md-0{padding-right:0!important}.pe-md-1{padding-right:.25rem!important}.pe-md-2{padding-right:.5rem!important}.pe-md-3{padding-right:1rem!important}.pe-md-4{padding-right:1.5rem!important}.pe-md-5{padding-right:3rem!important}.pb-md-0{padding-bottom:0!important}.pb-md-1{padding-bottom:.25rem!important}.pb-md-2{padding-bottom:.5rem!important}.pb-md-3{padding-bottom:1rem!important}.pb-md-4{padding-bottom:1.5rem!important}.pb-md-5{padding-bottom:3rem!important}.ps-md-0{padding-left:0!important}.ps-md-1{padding-left:.25rem!important}.ps-md-2{padding-left:.5rem!important}.ps-md-3{padding-left:1rem!important}.ps-md-4{padding-left:1.5rem!important}.ps-md-5{padding-left:3rem!important}.gap-md-0{gap:0!important}.gap-md-1{gap:.25rem!important}.gap-md-2{gap:.5rem!important}.gap-md-3{gap:1rem!important}.gap-md-4{gap:1.5rem!important}.gap-md-5{gap:3rem!important}.row-gap-md-0{row-gap:0!important}.row-gap-md-1{row-gap:.25rem!important}.row-gap-md-2{row-gap:.5rem!important}.row-gap-md-3{row-gap:1rem!important}.row-gap-md-4{row-gap:1.5rem!important}.row-gap-md-5{row-gap:3rem!important}.column-gap-md-0{-moz-column-gap:0!important;column-gap:0!important}.column-gap-md-1{-moz-column-gap:.25rem!important;column-gap:.25rem!important}.column-gap-md-2{-moz-column-gap:.5rem!important;column-gap:.5rem!important}.column-gap-md-3{-moz-column-gap:1rem!important;column-gap:1rem!important}.column-gap-md-4{-moz-column-gap:1.5rem!important;column-gap:1.5rem!important}.column-gap-md-5{-moz-column-gap:3rem!important;column-gap:3rem!important}.text-md-start{text-align:left!important}.text-md-end{text-align:right!important}.text-md-center{text-align:center!important}}@media (min-width: 992px){.float-lg-start{float:left!important}.float-lg-end{float:right!important}.float-lg-none{float:none!important}.object-fit-lg-contain{-o-object-fit:contain!important;object-fit:contain!important}.object-fit-lg-cover{-o-object-fit:cover!important;object-fit:cover!important}.object-fit-lg-fill{-o-object-fit:fill!important;object-fit:fill!important}.object-fit-lg-scale{-o-object-fit:scale-down!important;object-fit:scale-down!important}.object-fit-lg-none{-o-object-fit:none!important;object-fit:none!important}.d-lg-inline{display:inline!important}.d-lg-inline-block{display:inline-block!important}.d-lg-block{display:block!important}.d-lg-grid{display:grid!important}.d-lg-inline-grid{display:inline-grid!important}.d-lg-table{display:table!important}.d-lg-table-row{display:table-row!important}.d-lg-table-cell{display:table-cell!important}.d-lg-flex{display:flex!important}.d-lg-inline-flex{display:inline-flex!important}.d-lg-none{display:none!important}.flex-lg-fill{flex:1 1 auto!important}.flex-lg-row{flex-direction:row!important}.flex-lg-column{flex-direction:column!important}.flex-lg-row-reverse{flex-direction:row-reverse!important}.flex-lg-column-reverse{flex-direction:column-reverse!important}.flex-lg-grow-0{flex-grow:0!important}.flex-lg-grow-1{flex-grow:1!important}.flex-lg-shrink-0{flex-shrink:0!important}.flex-lg-shrink-1{flex-shrink:1!important}.flex-lg-wrap{flex-wrap:wrap!important}.flex-lg-nowrap{flex-wrap:nowrap!important}.flex-lg-wrap-reverse{flex-wrap:wrap-reverse!important}.justify-content-lg-start{justify-content:flex-start!important}.justify-content-lg-end{justify-content:flex-end!important}.justify-content-lg-center{justify-content:center!important}.justify-content-lg-between{justify-content:space-between!important}.justify-content-lg-around{justify-content:space-around!important}.justify-content-lg-evenly{justify-content:space-evenly!important}.align-items-lg-start{align-items:flex-start!important}.align-items-lg-end{align-items:flex-end!important}.align-items-lg-center{align-items:center!important}.align-items-lg-baseline{align-items:baseline!important}.align-items-lg-stretch{align-items:stretch!important}.align-content-lg-start{align-content:flex-start!important}.align-content-lg-end{align-content:flex-end!important}.align-content-lg-center{align-content:center!important}.align-content-lg-between{align-content:space-between!important}.align-content-lg-around{align-content:space-around!important}.align-content-lg-stretch{align-content:stretch!important}.align-self-lg-auto{align-self:auto!important}.align-self-lg-start{align-self:flex-start!important}.align-self-lg-end{align-self:flex-end!important}.align-self-lg-center{align-self:center!important}.align-self-lg-baseline{align-self:baseline!important}.align-self-lg-stretch{align-self:stretch!important}.order-lg-first{order:-1!important}.order-lg-0{order:0!important}.order-lg-1{order:1!important}.order-lg-2{order:2!important}.order-lg-3{order:3!important}.order-lg-4{order:4!important}.order-lg-5{order:5!important}.order-lg-last{order:6!important}.m-lg-0{margin:0!important}.m-lg-1{margin:.25rem!important}.m-lg-2{margin:.5rem!important}.m-lg-3{margin:1rem!important}.m-lg-4{margin:1.5rem!important}.m-lg-5{margin:3rem!important}.m-lg-auto{margin:auto!important}.mx-lg-0{margin-right:0!important;margin-left:0!important}.mx-lg-1{margin-right:.25rem!important;margin-left:.25rem!important}.mx-lg-2{margin-right:.5rem!important;margin-left:.5rem!important}.mx-lg-3{margin-right:1rem!important;margin-left:1rem!important}.mx-lg-4{margin-right:1.5rem!important;margin-left:1.5rem!important}.mx-lg-5{margin-right:3rem!important;margin-left:3rem!important}.mx-lg-auto{margin-right:auto!important;margin-left:auto!important}.my-lg-0{margin-top:0!important;margin-bottom:0!important}.my-lg-1{margin-top:.25rem!important;margin-bottom:.25rem!important}.my-lg-2{margin-top:.5rem!important;margin-bottom:.5rem!important}.my-lg-3{margin-top:1rem!important;margin-bottom:1rem!important}.my-lg-4{margin-top:1.5rem!important;margin-bottom:1.5rem!important}.my-lg-5{margin-top:3rem!important;margin-bottom:3rem!important}.my-lg-auto{margin-top:auto!important;margin-bottom:auto!important}.mt-lg-0{margin-top:0!important}.mt-lg-1{margin-top:.25rem!important}.mt-lg-2{margin-top:.5rem!important}.mt-lg-3{margin-top:1rem!important}.mt-lg-4{margin-top:1.5rem!important}.mt-lg-5{margin-top:3rem!important}.mt-lg-auto{margin-top:auto!important}.me-lg-0{margin-right:0!important}.me-lg-1{margin-right:.25rem!important}.me-lg-2{margin-right:.5rem!important}.me-lg-3{margin-right:1rem!important}.me-lg-4{margin-right:1.5rem!important}.me-lg-5{margin-right:3rem!important}.me-lg-auto{margin-right:auto!important}.mb-lg-0{margin-bottom:0!important}.mb-lg-1{margin-bottom:.25rem!important}.mb-lg-2{margin-bottom:.5rem!important}.mb-lg-3{margin-bottom:1rem!important}.mb-lg-4{margin-bottom:1.5rem!important}.mb-lg-5{margin-bottom:3rem!important}.mb-lg-auto{margin-bottom:auto!important}.ms-lg-0{margin-left:0!important}.ms-lg-1{margin-left:.25rem!important}.ms-lg-2{margin-left:.5rem!important}.ms-lg-3{margin-left:1rem!important}.ms-lg-4{margin-left:1.5rem!important}.ms-lg-5{margin-left:3rem!important}.ms-lg-auto{margin-left:auto!important}.p-lg-0{padding:0!important}.p-lg-1{padding:.25rem!important}.p-lg-2{padding:.5rem!important}.p-lg-3{padding:1rem!important}.p-lg-4{padding:1.5rem!important}.p-lg-5{padding:3rem!important}.px-lg-0{padding-right:0!important;padding-left:0!important}.px-lg-1{padding-right:.25rem!important;padding-left:.25rem!important}.px-lg-2{padding-right:.5rem!important;padding-left:.5rem!important}.px-lg-3{padding-right:1rem!important;padding-left:1rem!important}.px-lg-4{padding-right:1.5rem!important;padding-left:1.5rem!important}.px-lg-5{padding-right:3rem!important;padding-left:3rem!important}.py-lg-0{padding-top:0!important;padding-bottom:0!important}.py-lg-1{padding-top:.25rem!important;padding-bottom:.25rem!important}.py-lg-2{padding-top:.5rem!important;padding-bottom:.5rem!important}.py-lg-3{padding-top:1rem!important;padding-bottom:1rem!important}.py-lg-4{padding-top:1.5rem!important;padding-bottom:1.5rem!important}.py-lg-5{padding-top:3rem!important;padding-bottom:3rem!important}.pt-lg-0{padding-top:0!important}.pt-lg-1{padding-top:.25rem!important}.pt-lg-2{padding-top:.5rem!important}.pt-lg-3{padding-top:1rem!important}.pt-lg-4{padding-top:1.5rem!important}.pt-lg-5{padding-top:3rem!important}.pe-lg-0{padding-right:0!important}.pe-lg-1{padding-right:.25rem!important}.pe-lg-2{padding-right:.5rem!important}.pe-lg-3{padding-right:1rem!important}.pe-lg-4{padding-right:1.5rem!important}.pe-lg-5{padding-right:3rem!important}.pb-lg-0{padding-bottom:0!important}.pb-lg-1{padding-bottom:.25rem!important}.pb-lg-2{padding-bottom:.5rem!important}.pb-lg-3{padding-bottom:1rem!important}.pb-lg-4{padding-bottom:1.5rem!important}.pb-lg-5{padding-bottom:3rem!important}.ps-lg-0{padding-left:0!important}.ps-lg-1{padding-left:.25rem!important}.ps-lg-2{padding-left:.5rem!important}.ps-lg-3{padding-left:1rem!important}.ps-lg-4{padding-left:1.5rem!important}.ps-lg-5{padding-left:3rem!important}.gap-lg-0{gap:0!important}.gap-lg-1{gap:.25rem!important}.gap-lg-2{gap:.5rem!important}.gap-lg-3{gap:1rem!important}.gap-lg-4{gap:1.5rem!important}.gap-lg-5{gap:3rem!important}.row-gap-lg-0{row-gap:0!important}.row-gap-lg-1{row-gap:.25rem!important}.row-gap-lg-2{row-gap:.5rem!important}.row-gap-lg-3{row-gap:1rem!important}.row-gap-lg-4{row-gap:1.5rem!important}.row-gap-lg-5{row-gap:3rem!important}.column-gap-lg-0{-moz-column-gap:0!important;column-gap:0!important}.column-gap-lg-1{-moz-column-gap:.25rem!important;column-gap:.25rem!important}.column-gap-lg-2{-moz-column-gap:.5rem!important;column-gap:.5rem!important}.column-gap-lg-3{-moz-column-gap:1rem!important;column-gap:1rem!important}.column-gap-lg-4{-moz-column-gap:1.5rem!important;column-gap:1.5rem!important}.column-gap-lg-5{-moz-column-gap:3rem!important;column-gap:3rem!important}.text-lg-start{text-align:left!important}.text-lg-end{text-align:right!important}.text-lg-center{text-align:center!important}}@media (min-width: 1200px){.float-xl-start{float:left!important}.float-xl-end{float:right!important}.float-xl-none{float:none!important}.object-fit-xl-contain{-o-object-fit:contain!important;object-fit:contain!important}.object-fit-xl-cover{-o-object-fit:cover!important;object-fit:cover!important}.object-fit-xl-fill{-o-object-fit:fill!important;object-fit:fill!important}.object-fit-xl-scale{-o-object-fit:scale-down!important;object-fit:scale-down!important}.object-fit-xl-none{-o-object-fit:none!important;object-fit:none!important}.d-xl-inline{display:inline!important}.d-xl-inline-block{display:inline-block!important}.d-xl-block{display:block!important}.d-xl-grid{display:grid!important}.d-xl-inline-grid{display:inline-grid!important}.d-xl-table{display:table!important}.d-xl-table-row{display:table-row!important}.d-xl-table-cell{display:table-cell!important}.d-xl-flex{display:flex!important}.d-xl-inline-flex{display:inline-flex!important}.d-xl-none{display:none!important}.flex-xl-fill{flex:1 1 auto!important}.flex-xl-row{flex-direction:row!important}.flex-xl-column{flex-direction:column!important}.flex-xl-row-reverse{flex-direction:row-reverse!important}.flex-xl-column-reverse{flex-direction:column-reverse!important}.flex-xl-grow-0{flex-grow:0!important}.flex-xl-grow-1{flex-grow:1!important}.flex-xl-shrink-0{flex-shrink:0!important}.flex-xl-shrink-1{flex-shrink:1!important}.flex-xl-wrap{flex-wrap:wrap!important}.flex-xl-nowrap{flex-wrap:nowrap!important}.flex-xl-wrap-reverse{flex-wrap:wrap-reverse!important}.justify-content-xl-start{justify-content:flex-start!important}.justify-content-xl-end{justify-content:flex-end!important}.justify-content-xl-center{justify-content:center!important}.justify-content-xl-between{justify-content:space-between!important}.justify-content-xl-around{justify-content:space-around!important}.justify-content-xl-evenly{justify-content:space-evenly!important}.align-items-xl-start{align-items:flex-start!important}.align-items-xl-end{align-items:flex-end!important}.align-items-xl-center{align-items:center!important}.align-items-xl-baseline{align-items:baseline!important}.align-items-xl-stretch{align-items:stretch!important}.align-content-xl-start{align-content:flex-start!important}.align-content-xl-end{align-content:flex-end!important}.align-content-xl-center{align-content:center!important}.align-content-xl-between{align-content:space-between!important}.align-content-xl-around{align-content:space-around!important}.align-content-xl-stretch{align-content:stretch!important}.align-self-xl-auto{align-self:auto!important}.align-self-xl-start{align-self:flex-start!important}.align-self-xl-end{align-self:flex-end!important}.align-self-xl-center{align-self:center!important}.align-self-xl-baseline{align-self:baseline!important}.align-self-xl-stretch{align-self:stretch!important}.order-xl-first{order:-1!important}.order-xl-0{order:0!important}.order-xl-1{order:1!important}.order-xl-2{order:2!important}.order-xl-3{order:3!important}.order-xl-4{order:4!important}.order-xl-5{order:5!important}.order-xl-last{order:6!important}.m-xl-0{margin:0!important}.m-xl-1{margin:.25rem!important}.m-xl-2{margin:.5rem!important}.m-xl-3{margin:1rem!important}.m-xl-4{margin:1.5rem!important}.m-xl-5{margin:3rem!important}.m-xl-auto{margin:auto!important}.mx-xl-0{margin-right:0!important;margin-left:0!important}.mx-xl-1{margin-right:.25rem!important;margin-left:.25rem!important}.mx-xl-2{margin-right:.5rem!important;margin-left:.5rem!important}.mx-xl-3{margin-right:1rem!important;margin-left:1rem!important}.mx-xl-4{margin-right:1.5rem!important;margin-left:1.5rem!important}.mx-xl-5{margin-right:3rem!important;margin-left:3rem!important}.mx-xl-auto{margin-right:auto!important;margin-left:auto!important}.my-xl-0{margin-top:0!important;margin-bottom:0!important}.my-xl-1{margin-top:.25rem!important;margin-bottom:.25rem!important}.my-xl-2{margin-top:.5rem!important;margin-bottom:.5rem!important}.my-xl-3{margin-top:1rem!important;margin-bottom:1rem!important}.my-xl-4{margin-top:1.5rem!important;margin-bottom:1.5rem!important}.my-xl-5{margin-top:3rem!important;margin-bottom:3rem!important}.my-xl-auto{margin-top:auto!important;margin-bottom:auto!important}.mt-xl-0{margin-top:0!important}.mt-xl-1{margin-top:.25rem!important}.mt-xl-2{margin-top:.5rem!important}.mt-xl-3{margin-top:1rem!important}.mt-xl-4{margin-top:1.5rem!important}.mt-xl-5{margin-top:3rem!important}.mt-xl-auto{margin-top:auto!important}.me-xl-0{margin-right:0!important}.me-xl-1{margin-right:.25rem!important}.me-xl-2{margin-right:.5rem!important}.me-xl-3{margin-right:1rem!important}.me-xl-4{margin-right:1.5rem!important}.me-xl-5{margin-right:3rem!important}.me-xl-auto{margin-right:auto!important}.mb-xl-0{margin-bottom:0!important}.mb-xl-1{margin-bottom:.25rem!important}.mb-xl-2{margin-bottom:.5rem!important}.mb-xl-3{margin-bottom:1rem!important}.mb-xl-4{margin-bottom:1.5rem!important}.mb-xl-5{margin-bottom:3rem!important}.mb-xl-auto{margin-bottom:auto!important}.ms-xl-0{margin-left:0!important}.ms-xl-1{margin-left:.25rem!important}.ms-xl-2{margin-left:.5rem!important}.ms-xl-3{margin-left:1rem!important}.ms-xl-4{margin-left:1.5rem!important}.ms-xl-5{margin-left:3rem!important}.ms-xl-auto{margin-left:auto!important}.p-xl-0{padding:0!important}.p-xl-1{padding:.25rem!important}.p-xl-2{padding:.5rem!important}.p-xl-3{padding:1rem!important}.p-xl-4{padding:1.5rem!important}.p-xl-5{padding:3rem!important}.px-xl-0{padding-right:0!important;padding-left:0!important}.px-xl-1{padding-right:.25rem!important;padding-left:.25rem!important}.px-xl-2{padding-right:.5rem!important;padding-left:.5rem!important}.px-xl-3{padding-right:1rem!important;padding-left:1rem!important}.px-xl-4{padding-right:1.5rem!important;padding-left:1.5rem!important}.px-xl-5{padding-right:3rem!important;padding-left:3rem!important}.py-xl-0{padding-top:0!important;padding-bottom:0!important}.py-xl-1{padding-top:.25rem!important;padding-bottom:.25rem!important}.py-xl-2{padding-top:.5rem!important;padding-bottom:.5rem!important}.py-xl-3{padding-top:1rem!important;padding-bottom:1rem!important}.py-xl-4{padding-top:1.5rem!important;padding-bottom:1.5rem!important}.py-xl-5{padding-top:3rem!important;padding-bottom:3rem!important}.pt-xl-0{padding-top:0!important}.pt-xl-1{padding-top:.25rem!important}.pt-xl-2{padding-top:.5rem!important}.pt-xl-3{padding-top:1rem!important}.pt-xl-4{padding-top:1.5rem!important}.pt-xl-5{padding-top:3rem!important}.pe-xl-0{padding-right:0!important}.pe-xl-1{padding-right:.25rem!important}.pe-xl-2{padding-right:.5rem!important}.pe-xl-3{padding-right:1rem!important}.pe-xl-4{padding-right:1.5rem!important}.pe-xl-5{padding-right:3rem!important}.pb-xl-0{padding-bottom:0!important}.pb-xl-1{padding-bottom:.25rem!important}.pb-xl-2{padding-bottom:.5rem!important}.pb-xl-3{padding-bottom:1rem!important}.pb-xl-4{padding-bottom:1.5rem!important}.pb-xl-5{padding-bottom:3rem!important}.ps-xl-0{padding-left:0!important}.ps-xl-1{padding-left:.25rem!important}.ps-xl-2{padding-left:.5rem!important}.ps-xl-3{padding-left:1rem!important}.ps-xl-4{padding-left:1.5rem!important}.ps-xl-5{padding-left:3rem!important}.gap-xl-0{gap:0!important}.gap-xl-1{gap:.25rem!important}.gap-xl-2{gap:.5rem!important}.gap-xl-3{gap:1rem!important}.gap-xl-4{gap:1.5rem!important}.gap-xl-5{gap:3rem!important}.row-gap-xl-0{row-gap:0!important}.row-gap-xl-1{row-gap:.25rem!important}.row-gap-xl-2{row-gap:.5rem!important}.row-gap-xl-3{row-gap:1rem!important}.row-gap-xl-4{row-gap:1.5rem!important}.row-gap-xl-5{row-gap:3rem!important}.column-gap-xl-0{-moz-column-gap:0!important;column-gap:0!important}.column-gap-xl-1{-moz-column-gap:.25rem!important;column-gap:.25rem!important}.column-gap-xl-2{-moz-column-gap:.5rem!important;column-gap:.5rem!important}.column-gap-xl-3{-moz-column-gap:1rem!important;column-gap:1rem!important}.column-gap-xl-4{-moz-column-gap:1.5rem!important;column-gap:1.5rem!important}.column-gap-xl-5{-moz-column-gap:3rem!important;column-gap:3rem!important}.text-xl-start{text-align:left!important}.text-xl-end{text-align:right!important}.text-xl-center{text-align:center!important}}@media (min-width: 1400px){.float-xxl-start{float:left!important}.float-xxl-end{float:right!important}.float-xxl-none{float:none!important}.object-fit-xxl-contain{-o-object-fit:contain!important;object-fit:contain!important}.object-fit-xxl-cover{-o-object-fit:cover!important;object-fit:cover!important}.object-fit-xxl-fill{-o-object-fit:fill!important;object-fit:fill!important}.object-fit-xxl-scale{-o-object-fit:scale-down!important;object-fit:scale-down!important}.object-fit-xxl-none{-o-object-fit:none!important;object-fit:none!important}.d-xxl-inline{display:inline!important}.d-xxl-inline-block{display:inline-block!important}.d-xxl-block{display:block!important}.d-xxl-grid{display:grid!important}.d-xxl-inline-grid{display:inline-grid!important}.d-xxl-table{display:table!important}.d-xxl-table-row{display:table-row!important}.d-xxl-table-cell{display:table-cell!important}.d-xxl-flex{display:flex!important}.d-xxl-inline-flex{display:inline-flex!important}.d-xxl-none{display:none!important}.flex-xxl-fill{flex:1 1 auto!important}.flex-xxl-row{flex-direction:row!important}.flex-xxl-column{flex-direction:column!important}.flex-xxl-row-reverse{flex-direction:row-reverse!important}.flex-xxl-column-reverse{flex-direction:column-reverse!important}.flex-xxl-grow-0{flex-grow:0!important}.flex-xxl-grow-1{flex-grow:1!important}.flex-xxl-shrink-0{flex-shrink:0!important}.flex-xxl-shrink-1{flex-shrink:1!important}.flex-xxl-wrap{flex-wrap:wrap!important}.flex-xxl-nowrap{flex-wrap:nowrap!important}.flex-xxl-wrap-reverse{flex-wrap:wrap-reverse!important}.justify-content-xxl-start{justify-content:flex-start!important}.justify-content-xxl-end{justify-content:flex-end!important}.justify-content-xxl-center{justify-content:center!important}.justify-content-xxl-between{justify-content:space-between!important}.justify-content-xxl-around{justify-content:space-around!important}.justify-content-xxl-evenly{justify-content:space-evenly!important}.align-items-xxl-start{align-items:flex-start!important}.align-items-xxl-end{align-items:flex-end!important}.align-items-xxl-center{align-items:center!important}.align-items-xxl-baseline{align-items:baseline!important}.align-items-xxl-stretch{align-items:stretch!important}.align-content-xxl-start{align-content:flex-start!important}.align-content-xxl-end{align-content:flex-end!important}.align-content-xxl-center{align-content:center!important}.align-content-xxl-between{align-content:space-between!important}.align-content-xxl-around{align-content:space-around!important}.align-content-xxl-stretch{align-content:stretch!important}.align-self-xxl-auto{align-self:auto!important}.align-self-xxl-start{align-self:flex-start!important}.align-self-xxl-end{align-self:flex-end!important}.align-self-xxl-center{align-self:center!important}.align-self-xxl-baseline{align-self:baseline!important}.align-self-xxl-stretch{align-self:stretch!important}.order-xxl-first{order:-1!important}.order-xxl-0{order:0!important}.order-xxl-1{order:1!important}.order-xxl-2{order:2!important}.order-xxl-3{order:3!important}.order-xxl-4{order:4!important}.order-xxl-5{order:5!important}.order-xxl-last{order:6!important}.m-xxl-0{margin:0!important}.m-xxl-1{margin:.25rem!important}.m-xxl-2{margin:.5rem!important}.m-xxl-3{margin:1rem!important}.m-xxl-4{margin:1.5rem!important}.m-xxl-5{margin:3rem!important}.m-xxl-auto{margin:auto!important}.mx-xxl-0{margin-right:0!important;margin-left:0!important}.mx-xxl-1{margin-right:.25rem!important;margin-left:.25rem!important}.mx-xxl-2{margin-right:.5rem!important;margin-left:.5rem!important}.mx-xxl-3{margin-right:1rem!important;margin-left:1rem!important}.mx-xxl-4{margin-right:1.5rem!important;margin-left:1.5rem!important}.mx-xxl-5{margin-right:3rem!important;margin-left:3rem!important}.mx-xxl-auto{margin-right:auto!important;margin-left:auto!important}.my-xxl-0{margin-top:0!important;margin-bottom:0!important}.my-xxl-1{margin-top:.25rem!important;margin-bottom:.25rem!important}.my-xxl-2{margin-top:.5rem!important;margin-bottom:.5rem!important}.my-xxl-3{margin-top:1rem!important;margin-bottom:1rem!important}.my-xxl-4{margin-top:1.5rem!important;margin-bottom:1.5rem!important}.my-xxl-5{margin-top:3rem!important;margin-bottom:3rem!important}.my-xxl-auto{margin-top:auto!important;margin-bottom:auto!important}.mt-xxl-0{margin-top:0!important}.mt-xxl-1{margin-top:.25rem!important}.mt-xxl-2{margin-top:.5rem!important}.mt-xxl-3{margin-top:1rem!important}.mt-xxl-4{margin-top:1.5rem!important}.mt-xxl-5{margin-top:3rem!important}.mt-xxl-auto{margin-top:auto!important}.me-xxl-0{margin-right:0!important}.me-xxl-1{margin-right:.25rem!important}.me-xxl-2{margin-right:.5rem!important}.me-xxl-3{margin-right:1rem!important}.me-xxl-4{margin-right:1.5rem!important}.me-xxl-5{margin-right:3rem!important}.me-xxl-auto{margin-right:auto!important}.mb-xxl-0{margin-bottom:0!important}.mb-xxl-1{margin-bottom:.25rem!important}.mb-xxl-2{margin-bottom:.5rem!important}.mb-xxl-3{margin-bottom:1rem!important}.mb-xxl-4{margin-bottom:1.5rem!important}.mb-xxl-5{margin-bottom:3rem!important}.mb-xxl-auto{margin-bottom:auto!important}.ms-xxl-0{margin-left:0!important}.ms-xxl-1{margin-left:.25rem!important}.ms-xxl-2{margin-left:.5rem!important}.ms-xxl-3{margin-left:1rem!important}.ms-xxl-4{margin-left:1.5rem!important}.ms-xxl-5{margin-left:3rem!important}.ms-xxl-auto{margin-left:auto!important}.p-xxl-0{padding:0!important}.p-xxl-1{padding:.25rem!important}.p-xxl-2{padding:.5rem!important}.p-xxl-3{padding:1rem!important}.p-xxl-4{padding:1.5rem!important}.p-xxl-5{padding:3rem!important}.px-xxl-0{padding-right:0!important;padding-left:0!important}.px-xxl-1{padding-right:.25rem!important;padding-left:.25rem!important}.px-xxl-2{padding-right:.5rem!important;padding-left:.5rem!important}.px-xxl-3{padding-right:1rem!important;padding-left:1rem!important}.px-xxl-4{padding-right:1.5rem!important;padding-left:1.5rem!important}.px-xxl-5{padding-right:3rem!important;padding-left:3rem!important}.py-xxl-0{padding-top:0!important;padding-bottom:0!important}.py-xxl-1{padding-top:.25rem!important;padding-bottom:.25rem!important}.py-xxl-2{padding-top:.5rem!important;padding-bottom:.5rem!important}.py-xxl-3{padding-top:1rem!important;padding-bottom:1rem!important}.py-xxl-4{padding-top:1.5rem!important;padding-bottom:1.5rem!important}.py-xxl-5{padding-top:3rem!important;padding-bottom:3rem!important}.pt-xxl-0{padding-top:0!important}.pt-xxl-1{padding-top:.25rem!important}.pt-xxl-2{padding-top:.5rem!important}.pt-xxl-3{padding-top:1rem!important}.pt-xxl-4{padding-top:1.5rem!important}.pt-xxl-5{padding-top:3rem!important}.pe-xxl-0{padding-right:0!important}.pe-xxl-1{padding-right:.25rem!important}.pe-xxl-2{padding-right:.5rem!important}.pe-xxl-3{padding-right:1rem!important}.pe-xxl-4{padding-right:1.5rem!important}.pe-xxl-5{padding-right:3rem!important}.pb-xxl-0{padding-bottom:0!important}.pb-xxl-1{padding-bottom:.25rem!important}.pb-xxl-2{padding-bottom:.5rem!important}.pb-xxl-3{padding-bottom:1rem!important}.pb-xxl-4{padding-bottom:1.5rem!important}.pb-xxl-5{padding-bottom:3rem!important}.ps-xxl-0{padding-left:0!important}.ps-xxl-1{padding-left:.25rem!important}.ps-xxl-2{padding-left:.5rem!important}.ps-xxl-3{padding-left:1rem!important}.ps-xxl-4{padding-left:1.5rem!important}.ps-xxl-5{padding-left:3rem!important}.gap-xxl-0{gap:0!important}.gap-xxl-1{gap:.25rem!important}.gap-xxl-2{gap:.5rem!important}.gap-xxl-3{gap:1rem!important}.gap-xxl-4{gap:1.5rem!important}.gap-xxl-5{gap:3rem!important}.row-gap-xxl-0{row-gap:0!important}.row-gap-xxl-1{row-gap:.25rem!important}.row-gap-xxl-2{row-gap:.5rem!important}.row-gap-xxl-3{row-gap:1rem!important}.row-gap-xxl-4{row-gap:1.5rem!important}.row-gap-xxl-5{row-gap:3rem!important}.column-gap-xxl-0{-moz-column-gap:0!important;column-gap:0!important}.column-gap-xxl-1{-moz-column-gap:.25rem!important;column-gap:.25rem!important}.column-gap-xxl-2{-moz-column-gap:.5rem!important;column-gap:.5rem!important}.column-gap-xxl-3{-moz-column-gap:1rem!important;column-gap:1rem!important}.column-gap-xxl-4{-moz-column-gap:1.5rem!important;column-gap:1.5rem!important}.column-gap-xxl-5{-moz-column-gap:3rem!important;column-gap:3rem!important}.text-xxl-start{text-align:left!important}.text-xxl-end{text-align:right!important}.text-xxl-center{text-align:center!important}}@media (min-width: 1200px){.fs-1{font-size:2.5rem!important}.fs-2{font-size:2rem!important}.fs-3{font-size:1.75rem!important}.fs-4{font-size:1.5rem!important}}@media print{.d-print-inline{display:inline!important}.d-print-inline-block{display:inline-block!important}.d-print-block{display:block!important}.d-print-grid{display:grid!important}.d-print-inline-grid{display:inline-grid!important}.d-print-table{display:table!important}.d-print-table-row{display:table-row!important}.d-print-table-cell{display:table-cell!important}.d-print-flex{display:flex!important}.d-print-inline-flex{display:inline-flex!important}.d-print-none{display:none!important}}.tippy-box[data-animation=fade][data-state=hidden]{opacity:0}[data-tippy-root]{max-width:calc(100vw - 10px)}.tippy-box{position:relative;background-color:#333;color:#fff;border-radius:4px;font-size:14px;line-height:1.4;white-space:normal;outline:0;transition-property:transform,visibility,opacity}.tippy-box[data-placement^=top]>.tippy-arrow{bottom:0}.tippy-box[data-placement^=top]>.tippy-arrow:before{bottom:-7px;left:0;border-width:8px 8px 0;border-top-color:initial;transform-origin:center top}.tippy-box[data-placement^=bottom]>.tippy-arrow{top:0}.tippy-box[data-placement^=bottom]>.tippy-arrow:before{top:-7px;left:0;border-width:0 8px 8px;border-bottom-color:initial;transform-origin:center bottom}.tippy-box[data-placement^=left]>.tippy-arrow{right:0}.tippy-box[data-placement^=left]>.tippy-arrow:before{border-width:8px 0 8px 8px;border-left-color:initial;right:-7px;transform-origin:center left}.tippy-box[data-placement^=right]>.tippy-arrow{left:0}.tippy-box[data-placement^=right]>.tippy-arrow:before{left:-7px;border-width:8px 8px 8px 0;border-right-color:initial;transform-origin:center right}.tippy-box[data-inertia][data-state=visible]{transition-timing-function:cubic-bezier(.54,1.5,.38,1.11)}.tippy-arrow{width:16px;height:16px;color:#333}.tippy-arrow:before{content:"";position:absolute;border-color:transparent;border-style:solid}.tippy-content{position:relative;padding:5px 9px;z-index:1}.splitpanes{display:flex;width:100%;height:100%}.splitpanes--vertical{flex-direction:row}.splitpanes--horizontal{flex-direction:column}.splitpanes--dragging *{-webkit-user-select:none;user-select:none}.splitpanes__pane{width:100%;height:100%;overflow:hidden}.splitpanes--vertical .splitpanes__pane{transition:width .2s ease-out}.splitpanes--horizontal .splitpanes__pane{transition:height .2s ease-out}.splitpanes--dragging .splitpanes__pane{transition:none}.splitpanes__splitter{touch-action:none}.splitpanes--vertical>.splitpanes__splitter{min-width:1px;cursor:col-resize}.splitpanes--horizontal>.splitpanes__splitter{min-height:1px;cursor:row-resize}.splitpanes.default-theme .splitpanes__pane{background-color:#f2f2f2}.splitpanes.default-theme .splitpanes__splitter{background-color:#fff;box-sizing:border-box;position:relative;flex-shrink:0}.splitpanes.default-theme .splitpanes__splitter:before,.splitpanes.default-theme .splitpanes__splitter:after{content:"";position:absolute;top:50%;left:50%;background-color:#00000026;transition:background-color .3s}.splitpanes.default-theme .splitpanes__splitter:hover:before,.splitpanes.default-theme .splitpanes__splitter:hover:after{background-color:#00000040}.splitpanes.default-theme .splitpanes__splitter:first-child{cursor:auto}.default-theme.splitpanes .splitpanes .splitpanes__splitter{z-index:1}.default-theme.splitpanes--vertical>.splitpanes__splitter,.default-theme .splitpanes--vertical>.splitpanes__splitter{width:7px;border-left:1px solid #eee;margin-left:-1px}.default-theme.splitpanes--vertical>.splitpanes__splitter:before,.default-theme.splitpanes--vertical>.splitpanes__splitter:after,.default-theme .splitpanes--vertical>.splitpanes__splitter:before,.default-theme .splitpanes--vertical>.splitpanes__splitter:after{transform:translateY(-50%);width:1px;height:30px}.default-theme.splitpanes--vertical>.splitpanes__splitter:before,.default-theme .splitpanes--vertical>.splitpanes__splitter:before{margin-left:-2px}.default-theme.splitpanes--vertical>.splitpanes__splitter:after,.default-theme .splitpanes--vertical>.splitpanes__splitter:after{margin-left:1px}.default-theme.splitpanes--horizontal>.splitpanes__splitter,.default-theme .splitpanes--horizontal>.splitpanes__splitter{height:7px;border-top:1px solid #eee;margin-top:-1px}.default-theme.splitpanes--horizontal>.splitpanes__splitter:before,.default-theme.splitpanes--horizontal>.splitpanes__splitter:after,.default-theme .splitpanes--horizontal>.splitpanes__splitter:before,.default-theme .splitpanes--horizontal>.splitpanes__splitter:after{transform:translate(-50%);width:30px;height:1px}.default-theme.splitpanes--horizontal>.splitpanes__splitter:before,.default-theme .splitpanes--horizontal>.splitpanes__splitter:before{margin-top:-2px}.default-theme.splitpanes--horizontal>.splitpanes__splitter:after,.default-theme .splitpanes--horizontal>.splitpanes__splitter:after{margin-top:1px}.alert.c-1{background-color:#ccc;color:#454545;font-weight:700}.alert.c-1 .text-secondary{color:#454545!important;font-weight:400}.progress-bar.c-1{background-color:#ccc;border-color:#ccc!important}.text-c-1{color:#ccc}svg circle.c-1{fill:#ccc}.alert.c-2{background-color:#fddb61;color:#454545;font-weight:700}.alert.c-2 .text-secondary{color:#454545!important;font-weight:400}.progress-bar.c-2{background-color:#fddb61;border-color:#fddb61!important}.text-c-2{color:#fddb61}svg circle.c-2{fill:#fddb61}.alert.c-3{background-color:#e80;color:#454545;font-weight:700}.alert.c-3 .text-secondary{color:#454545!important;font-weight:400}.progress-bar.c-3{background-color:#e80;border-color:#e80!important}.text-c-3{color:#e80}svg circle.c-3{fill:#e80}.alert.c-4{background-color:#800;color:#fff;font-weight:700}.alert.c-4 .text-secondary{color:#fff!important;font-weight:400}.progress-bar.c-4{background-color:#800;border-color:#800!important}.text-c-4{color:#800}svg circle.c-4{fill:#800}.bg-hit{background-color:#ccc}.border-hit{border-color:#ccc!important}.bg-read{background-color:#fddb61}.border-read{border-color:#fddb61!important}.bg-dirtied{background-color:#e80}.border-dirtied{border-color:#e80!important}.bg-written{background-color:#800}.border-written{border-color:#800!important}.btn-group-xs>.btn,.btn-xs{padding:.25rem .4rem;font-size:12px;border-radius:.2rem}.btn-group-xs>.btn,.btn-group-xs>.btn .fa,.btn-xs,.btn-xs .fa{line-height:.5}.plan-node.never-executed .plan-node-body,.bg-hatched{background-image:linear-gradient(45deg,#f7f7f7 25%,transparent 25%,transparent 50%,#f7f7f7 50%,#f7f7f7 75%,transparent 75%,transparent);background-size:1rem 1rem}.border-dashed{border-style:dashed!important;background-color:transparent!important}.line-clamp-2{display:-webkit-box;-webkit-line-clamp:2;-webkit-box-orient:vertical;text-overflow:ellipsis;overflow:hidden}.opacity-20{opacity:.2!important}.bg-secondary-light{background-color:#dedede!important}.plan-container{font-family:Noto Sans,sans-serif;-webkit-font-smoothing:antialiased;-moz-osx-font-smoothing:grayscale}.plan-container .menu{position:absolute;z-index:1;right:0}.plan-container .menu-hidden ul,.plan-container .menu-hidden h3{display:none}.plan-container .grab-bing{cursor:-webkit-grab;cursor:-moz-grab;cursor:-o-grab;cursor:grab}.plan-container .grab-bing:active{cursor:-webkit-grabbing;cursor:-moz-grabbing;cursor:-o-grabbing;cursor:grabbing}.plan-container .text-secondary{color:#ababab!important}.plan-container .cursor-help{cursor:help}.plan-container pre{overflow:initial}.plan-stats{font-size:13px}.plan-stats .stat-dropdown-container{border:1px solid #dedede;padding:10px;background-color:#fff;position:absolute;box-shadow:0 0 10px 2px #0000004d;border-radius:3px;margin-bottom:18px;z-index:6;right:0;width:300px;max-height:70vh;overflow:auto}.plan-stats .stat-dropdown-container h3{font-size:17px;width:93%;text-align:left;border-bottom:1px solid #dedede;padding-bottom:6px;margin-bottom:10px}.tippy-popper .tippy-tooltip{text-align:left}.tippy-popper .text-secondary{color:inherit!important}.splitpanes__pane{transition:none!important}.no-focus-outline:focus{outline:none}.table-nonfluid{width:auto!important}.more-info[title]{text-decoration-line:underline;text-decoration-style:dotted;text-decoration-color:#ababab;cursor:help}foreignObject{overflow:visible}.plan-diagram{line-height:.85em;font-family:Noto Sans,sans-serif}.plan-diagram.plan-diagram-top{max-height:30%}.plan-diagram table tr td:nth-child(3){width:50%}.plan-diagram table tr td:nth-child(2){max-width:0;width:60%;overflow:hidden;text-overflow:ellipsis;white-space:nowrap}.plan-diagram .legend ul li{font-size:13px}.plan-diagram .legend ul li span{display:inline-block;width:8px;height:8px;border-radius:50%}.plan-diagram tbody:after{content:"";display:block;height:10px}.plan-diagram th,.plan-diagram td{margin:0;color:#4d525a;white-space:nowrap}.plan-diagram th.node-index,.plan-diagram th.node-type,.plan-diagram th.subplan,.plan-diagram td.node-index,.plan-diagram td.node-type,.plan-diagram td.subplan{font-size:13px}.plan-diagram th.node-type,.plan-diagram td.node-type{font-weight:700}.plan-diagram th{font-size:13px}.plan-diagram tr.node{cursor:pointer}.plan-diagram tr.selected{outline:1px solid #00B5E2;box-shadow:0 0 5px 2px #00b5e266}.plan-diagram tr.highlight,.plan-diagram tr.selected{background-color:#fff}.plan-diagram table.highlight tr{opacity:50%}.plan-diagram table.highlight tr.highlight{opacity:100%}.plan-diagram .tree-lines{font-family:"monospace"}.plan-grid{background-color:#fff;line-height:.85em}.plan-grid>table{border-collapse:separate;border-spacing:0}.plan-grid>table>tbody>tr>th,.plan-grid>table>tbody>tr>td,.plan-grid>table>thead>tr>th,.plan-grid>table>thead>tr>td,.plan-grid>table>tr>th,.plan-grid>table>tr>td{font-size:13px;min-width:20px;padding-left:.5rem;padding-right:.5rem}.plan-grid .detailed{line-height:initial;margin:5px;width:calc(100% - 10px)!important;max-width:700px}.plan-grid .tree-lines{font-family:"monospace"}.plan-grid tr.node{cursor:pointer}.plan-grid .grid-progress-cell{position:relative;background-color:transparent}.plan-grid .grid-progress-cell .grid-progress{margin-top:1px}.plan-grid .grid-progress{position:absolute;width:100%;height:initial;left:calc(.5rem - 2px);top:calc(-3px + .25rem);height:calc(1em + 4px);width:calc(100% - 1rem + 4px);z-index:0;font-size:inherit}.plan-node{cursor:default;text-decoration:none;color:#4d525a;display:inline-block;position:relative;font-size:12px;margin-bottom:4px;overflow-wrap:break-word;word-wrap:break-word;width:240px}.plan-node .plan-node-body{position:relative;border:1px solid #dedede;border-radius:3px;background-color:#fff;box-shadow:1px 1px 3px #0000001a}.plan-node .plan-node-body.card .card-body,.plan-node .plan-node-body.card .card-header{padding:6px 10px}.plan-node .plan-node-body.card .card-header .card-header-tabs{margin:6px 0 -6px}.plan-node .plan-node-body.card .card-header .card-header-tabs .nav-link{padding:3px 10px}.plan-node.parallel .plan-node-body{box-shadow:none}.plan-node header{margin-bottom:6px;overflow:hidden}.plan-node header h4{font-size:13px;font-weight:600;margin:0;line-height:inherit;color:#000!important}.plan-node header .node-duration{float:right;margin-left:10px;font-size:13px}.plan-node .prop-list{color:inherit;table-layout:fixed}.plan-node:hover .plan-node-body,.plan-node.highlight .plan-node-body{box-shadow:1px 1px 5px #0006}.plan-node:hover .workers>div,.plan-node.highlight .workers>div{border-color:#0003}.plan-node.selected .plan-node-body{border-color:#00b5e2;box-shadow:0 0 5px 2px #00b5e266}.plan-node.selected .workers>div{border-color:#00b5e233}.plan-node .node-description{text-align:left;font-style:italic;word-break:normal}.plan-node .node-description .node-type{font-weight:600;background-color:#00b5e2;color:#fff;padding:0 6px}.plan-node .btn-default{border:0}.plan-node .text-secondary{color:#999ea7}.plan-node .plan-query-container{border:1px solid #dedede;padding:18px;background-color:#fff;position:absolute;box-shadow:0 0 10px 2px #0000004d;border-radius:3px;margin-bottom:18px;z-index:1;left:0}.plan-node .plan-query-container h3{font-size:17px;width:93%;text-align:left;border-bottom:1px solid #dedede;padding-bottom:6px;margin-bottom:10px}.plan-node .workers{position:absolute;left:-1px;top:1px;width:100%;height:100%;cursor:pointer}.plan-node .workers>div{border:1px solid #dedede;border-radius:3px;background-color:#fff;width:100%;height:100%;position:absolute}.plan-node .workers-handle{cursor:pointer;position:absolute;top:0;right:-5px}.plan-node .workers-handle>div{position:absolute;top:0;background-color:#fff;border:1px solid #efefef;border-radius:3px}.plan-node .workers-handle>div:hover{background-color:#f7f7f7;border-color:#dedede}.plan-node .subplan-name{background-color:#b3d7d7;border-radius:3px}.plan-node button .fa-chevron-right{display:inline-block}.plan-node button .fa-chevron-down{display:none}.plan-node button[aria-expanded=true] .fa-chevron-right{display:none!important}.plan-node button[aria-expanded=true] .fa-chevron-down{display:inline-block!important}.plan-node.plan-node-detail .text-truncate{overflow:initial;white-space:initial;text-overflow:initial}.node-bar-container{height:5px;margin-top:10px;margin-bottom:3px;border-radius:6px;background-color:#dedede;position:relative}.node-bar-container .node-bar{border-radius:6px;height:100%;text-align:left;position:absolute;left:0;top:0}.node-bar-label{text-align:left;display:block}.detailed{width:400px!important}*>.copy{display:none}*:hover>.copy{display:block}pre code.hljs{display:block;overflow-x:auto;padding:1em}code.hljs{padding:3px 5px}/*!
  Theme: StackOverflow Light
  Description: Light theme as used on stackoverflow.com
  Author: stackoverflow.com
  Maintainer: @Hirse
  Website: https://github.com/StackExchange/Stacks
  License: MIT
  Updated: 2021-05-15

  Updated for @stackoverflow/stacks v0.64.0
  Code Blocks: /blob/v0.64.0/lib/css/components/_stacks-code-blocks.less
  Colors: /blob/v0.64.0/lib/css/exports/_stacks-constants-colors.less
*/.hljs{color:#2f3337;background:#f6f6f6}.hljs-subst{color:#2f3337}.hljs-comment{color:#656e77}.hljs-keyword,.hljs-selector-tag,.hljs-meta .hljs-keyword,.hljs-doctag,.hljs-section,.hljs-attr{color:#015692}.hljs-attribute{color:#803378}.hljs-name,.hljs-type,.hljs-number,.hljs-selector-id,.hljs-quote,.hljs-template-tag{color:#b75501}.hljs-selector-class{color:#015692}.hljs-string,.hljs-regexp,.hljs-symbol,.hljs-variable,.hljs-template-variable,.hljs-link,.hljs-selector-attr{color:#54790d}.hljs-meta,.hljs-selector-pseudo{color:#015692}.hljs-built_in,.hljs-title,.hljs-literal{color:#b75501}.hljs-bullet,.hljs-code{color:#535a60}.hljs-meta .hljs-string{color:#54790d}.hljs-deletion{color:#c02d2e}.hljs-addition{color:#2f6f44}.hljs-emphasis{font-style:italic}.hljs-strong{font-weight:700}path{stroke-linecap:butt}path.never-executed{stroke-dasharray:.5em;stroke-opacity:.5}</style>
  </head>
  <body>
    <div id="app"></div>
  </body>
</html>
